Creating directory: out/n035w4_2_9-2-2-6

-----------------------------------------------------------
Instance	n035w4_2_9-2-2-6
algorithm	=	vns
maxIter	=	10
eliteSet	=	10
shakePerc	=	0.9
bestKnow	=	1705.0
minColsIter	=	0.35
minRoundDown	=	-1.0
minRoundUp	=	0.67
seed	=	0
onlyRelax	=	false
nThreads	=	20
alpha	=	0.6
timeOut	=	14600
-----------------------------------------------------------
Parallels mode has been selected.
i = 0	Master Time = 0	Lamb = 0	Total time = 2	Obj = 197280.00	Pricing Time = 0
i = 1	Master Time = 0	Lamb = 219	Total time = 2	Obj = 71470.00	Pricing Time = 0
i = 2	Master Time = 1	Lamb = 432	Total time = 3	Obj = 29750.63	Pricing Time = 0
i = 3	Master Time = 1	Lamb = 626	Total time = 4	Obj = 24793.71	Pricing Time = 0
i = 4	Master Time = 0	Lamb = 860	Total time = 4	Obj = 16561.93	Pricing Time = 1
i = 5	Master Time = 0	Lamb = 1075	Total time = 5	Obj = 12514.87	Pricing Time = 1
i = 6	Master Time = 1	Lamb = 1302	Total time = 7	Obj = 8620.15	Pricing Time = 0
i = 7	Master Time = 1	Lamb = 1521	Total time = 8	Obj = 7205.68	Pricing Time = 0
i = 8	Master Time = 1	Lamb = 1739	Total time = 9	Obj = 6232.80	Pricing Time = 0
i = 9	Master Time = 1	Lamb = 1933	Total time = 10	Obj = 5567.85	Pricing Time = 0
i = 10	Master Time = 1	Lamb = 2146	Total time = 11	Obj = 4994.00	Pricing Time = 0
i = 11	Master Time = 1	Lamb = 2344	Total time = 12	Obj = 4657.44	Pricing Time = 0
i = 12	Master Time = 1	Lamb = 2549	Total time = 13	Obj = 4092.24	Pricing Time = 0
i = 13	Master Time = 1	Lamb = 2741	Total time = 14	Obj = 3719.47	Pricing Time = 0
i = 14	Master Time = 1	Lamb = 2921	Total time = 15	Obj = 3422.05	Pricing Time = 0
i = 15	Master Time = 1	Lamb = 3106	Total time = 16	Obj = 3194.76	Pricing Time = 1
i = 16	Master Time = 1	Lamb = 3271	Total time = 18	Obj = 2974.33	Pricing Time = 0
i = 17	Master Time = 1	Lamb = 3436	Total time = 19	Obj = 2852.27	Pricing Time = 0
i = 18	Master Time = 1	Lamb = 3593	Total time = 21	Obj = 2735.87	Pricing Time = 0
i = 19	Master Time = 1	Lamb = 3751	Total time = 22	Obj = 2626.68	Pricing Time = 0
i = 20	Master Time = 1	Lamb = 3906	Total time = 23	Obj = 2497.14	Pricing Time = 0
i = 21	Master Time = 1	Lamb = 4053	Total time = 24	Obj = 2406.31	Pricing Time = 1
i = 22	Master Time = 1	Lamb = 4200	Total time = 26	Obj = 2323.65	Pricing Time = 0
i = 23	Master Time = 1	Lamb = 4322	Total time = 27	Obj = 2264.02	Pricing Time = 0
i = 24	Master Time = 2	Lamb = 4454	Total time = 29	Obj = 2195.88	Pricing Time = 0
i = 25	Master Time = 1	Lamb = 4570	Total time = 30	Obj = 2155.43	Pricing Time = 0
i = 26	Master Time = 1	Lamb = 4703	Total time = 31	Obj = 2120.07	Pricing Time = 0
i = 27	Master Time = 1	Lamb = 4820	Total time = 32	Obj = 2093.17	Pricing Time = 0
i = 28	Master Time = 1	Lamb = 4935	Total time = 33	Obj = 2072.79	Pricing Time = 0
i = 29	Master Time = 1	Lamb = 5043	Total time = 34	Obj = 2064.04	Pricing Time = 0
i = 30	Master Time = 0	Lamb = 5157	Total time = 34	Obj = 2047.66	Pricing Time = 1
i = 31	Master Time = 0	Lamb = 5271	Total time = 35	Obj = 2029.84	Pricing Time = 0
i = 32	Master Time = 1	Lamb = 5373	Total time = 36	Obj = 2002.94	Pricing Time = 1
i = 33	Master Time = 0	Lamb = 5480	Total time = 37	Obj = 1985.25	Pricing Time = 0
i = 34	Master Time = 1	Lamb = 5580	Total time = 38	Obj = 1968.78	Pricing Time = 0
i = 35	Master Time = 1	Lamb = 5683	Total time = 39	Obj = 1952.16	Pricing Time = 0
i = 36	Master Time = 1	Lamb = 5767	Total time = 40	Obj = 1934.85	Pricing Time = 0
i = 37	Master Time = 1	Lamb = 5854	Total time = 41	Obj = 1911.97	Pricing Time = 0
i = 38	Master Time = 1	Lamb = 5956	Total time = 42	Obj = 1889.41	Pricing Time = 0
i = 39	Master Time = 0	Lamb = 6039	Total time = 42	Obj = 1883.62	Pricing Time = 1
i = 40	Master Time = 1	Lamb = 6103	Total time = 44	Obj = 1871.90	Pricing Time = 0
i = 41	Master Time = 1	Lamb = 6169	Total time = 45	Obj = 1858.86	Pricing Time = 0
i = 42	Master Time = 1	Lamb = 6235	Total time = 46	Obj = 1849.78	Pricing Time = 0
i = 43	Master Time = 1	Lamb = 6307	Total time = 47	Obj = 1843.06	Pricing Time = 0
i = 44	Master Time = 1	Lamb = 6358	Total time = 48	Obj = 1835.29	Pricing Time = 0
i = 45	Master Time = 1	Lamb = 6429	Total time = 49	Obj = 1825.47	Pricing Time = 0
i = 46	Master Time = 0	Lamb = 6490	Total time = 50	Obj = 1821.87	Pricing Time = 1
i = 47	Master Time = 1	Lamb = 6542	Total time = 51	Obj = 1815.99	Pricing Time = 0
i = 48	Master Time = 0	Lamb = 6582	Total time = 51	Obj = 1812.06	Pricing Time = 1
i = 49	Master Time = 0	Lamb = 6620	Total time = 52	Obj = 1810.29	Pricing Time = 1
i = 50	Master Time = 0	Lamb = 6660	Total time = 53	Obj = 1808.08	Pricing Time = 1
i = 51	Master Time = 0	Lamb = 6698	Total time = 54	Obj = 1805.80	Pricing Time = 1
i = 52	Master Time = 0	Lamb = 6728	Total time = 55	Obj = 1803.99	Pricing Time = 1
i = 53	Master Time = 0	Lamb = 6762	Total time = 56	Obj = 1801.84	Pricing Time = 1
i = 54	Master Time = 0	Lamb = 6798	Total time = 57	Obj = 1798.36	Pricing Time = 0
i = 55	Master Time = 1	Lamb = 6833	Total time = 58	Obj = 1797.36	Pricing Time = 0
i = 56	Master Time = 0	Lamb = 6861	Total time = 59	Obj = 1795.50	Pricing Time = 1
i = 57	Master Time = 0	Lamb = 6892	Total time = 59	Obj = 1794.05	Pricing Time = 1
i = 58	Master Time = 0	Lamb = 6920	Total time = 60	Obj = 1793.03	Pricing Time = 1
i = 59	Master Time = 1	Lamb = 6943	Total time = 62	Obj = 1786.30	Pricing Time = 0
i = 60	Master Time = 1	Lamb = 6971	Total time = 63	Obj = 1785.56	Pricing Time = 7
i = 61	Master Time = 1	Lamb = 7033	Total time = 71	Obj = 1751.27	Pricing Time = 0
i = 62	Master Time = 1	Lamb = 7095	Total time = 72	Obj = 1739.37	Pricing Time = 1
i = 63	Master Time = 0	Lamb = 7154	Total time = 73	Obj = 1734.53	Pricing Time = 1
i = 64	Master Time = 0	Lamb = 7206	Total time = 74	Obj = 1728.57	Pricing Time = 0
i = 65	Master Time = 1	Lamb = 7243	Total time = 75	Obj = 1726.73	Pricing Time = 0
i = 66	Master Time = 1	Lamb = 7277	Total time = 76	Obj = 1725.41	Pricing Time = 0
i = 67	Master Time = 1	Lamb = 7313	Total time = 77	Obj = 1721.05	Pricing Time = 0
i = 68	Master Time = 1	Lamb = 7345	Total time = 78	Obj = 1717.02	Pricing Time = 0
i = 69	Master Time = 1	Lamb = 7380	Total time = 79	Obj = 1715.77	Pricing Time = 0
i = 70	Master Time = 1	Lamb = 7408	Total time = 80	Obj = 1712.27	Pricing Time = 0
i = 71	Master Time = 1	Lamb = 7435	Total time = 81	Obj = 1707.65	Pricing Time = 1
i = 72	Master Time = 0	Lamb = 7459	Total time = 82	Obj = 1705.45	Pricing Time = 1
i = 73	Master Time = 1	Lamb = 7493	Total time = 84	Obj = 1699.18	Pricing Time = 0
i = 74	Master Time = 0	Lamb = 7519	Total time = 84	Obj = 1698.75	Pricing Time = 1
i = 75	Master Time = 0	Lamb = 7548	Total time = 85	Obj = 1697.00	Pricing Time = 0
i = 76	Master Time = 1	Lamb = 7574	Total time = 86	Obj = 1696.11	Pricing Time = 0
i = 77	Master Time = 1	Lamb = 7608	Total time = 87	Obj = 1694.48	Pricing Time = 8
i = 78	Master Time = 1	Lamb = 7674	Total time = 96	Obj = 1673.50	Pricing Time = 1
i = 79	Master Time = 0	Lamb = 7706	Total time = 97	Obj = 1671.37	Pricing Time = 1
i = 80	Master Time = 0	Lamb = 7725	Total time = 98	Obj = 1669.84	Pricing Time = 1
i = 81	Master Time = 0	Lamb = 7745	Total time = 99	Obj = 1667.25	Pricing Time = 10
i = 82	Master Time = 1	Lamb = 7825	Total time = 110	Obj = 1637.39	Pricing Time = 0
i = 83	Master Time = 1	Lamb = 7908	Total time = 111	Obj = 1635.76	Pricing Time = 0
i = 84	Master Time = 1	Lamb = 7967	Total time = 112	Obj = 1633.42	Pricing Time = 0
i = 85	Master Time = 1	Lamb = 8005	Total time = 113	Obj = 1631.75	Pricing Time = 0
i = 86	Master Time = 1	Lamb = 8052	Total time = 114	Obj = 1628.56	Pricing Time = 0
i = 87	Master Time = 1	Lamb = 8088	Total time = 115	Obj = 1627.81	Pricing Time = 0
i = 88	Master Time = 0	Lamb = 8124	Total time = 115	Obj = 1627.39	Pricing Time = 1
i = 89	Master Time = 1	Lamb = 8168	Total time = 117	Obj = 1625.49	Pricing Time = 0
i = 90	Master Time = 1	Lamb = 8208	Total time = 118	Obj = 1624.40	Pricing Time = 0
i = 91	Master Time = 0	Lamb = 8243	Total time = 118	Obj = 1623.25	Pricing Time = 1
i = 92	Master Time = 0	Lamb = 8281	Total time = 119	Obj = 1620.88	Pricing Time = 1
i = 93	Master Time = 0	Lamb = 8318	Total time = 120	Obj = 1620.62	Pricing Time = 0
i = 94	Master Time = 1	Lamb = 8354	Total time = 121	Obj = 1619.90	Pricing Time = 1
i = 95	Master Time = 0	Lamb = 8381	Total time = 122	Obj = 1619.27	Pricing Time = 1
i = 96	Master Time = 0	Lamb = 8412	Total time = 123	Obj = 1618.90	Pricing Time = 11
i = 97	Master Time = 1	Lamb = 8486	Total time = 135	Obj = 1603.60	Pricing Time = 9
i = 98	Master Time = 2	Lamb = 8569	Total time = 146	Obj = 1582.24	Pricing Time = 0
i = 99	Master Time = 1	Lamb = 8605	Total time = 147	Obj = 1580.39	Pricing Time = 0
i = 100	Master Time = 1	Lamb = 8641	Total time = 148	Obj = 1579.38	Pricing Time = 0
i = 101	Master Time = 1	Lamb = 8670	Total time = 149	Obj = 1578.72	Pricing Time = 0
i = 102	Master Time = 1	Lamb = 8698	Total time = 150	Obj = 1577.83	Pricing Time = 0
i = 103	Master Time = 1	Lamb = 8722	Total time = 151	Obj = 1576.64	Pricing Time = 0
i = 104	Master Time = 0	Lamb = 8745	Total time = 151	Obj = 1576.20	Pricing Time = 1
i = 105	Master Time = 0	Lamb = 8770	Total time = 153	Obj = 1573.69	Pricing Time = 1
i = 106	Master Time = 0	Lamb = 8799	Total time = 153	Obj = 1573.23	Pricing Time = 1
i = 107	Master Time = 0	Lamb = 8829	Total time = 154	Obj = 1572.95	Pricing Time = 1
i = 108	Master Time = 0	Lamb = 8855	Total time = 155	Obj = 1572.15	Pricing Time = 1
i = 109	Master Time = 0	Lamb = 8877	Total time = 156	Obj = 1571.72	Pricing Time = 7
i = 110	Master Time = 2	Lamb = 8946	Total time = 165	Obj = 1561.49	Pricing Time = 0
i = 111	Master Time = 0	Lamb = 8968	Total time = 165	Obj = 1561.29	Pricing Time = 1
i = 112	Master Time = 0	Lamb = 8990	Total time = 166	Obj = 1560.83	Pricing Time = 1
i = 113	Master Time = 0	Lamb = 9012	Total time = 167	Obj = 1560.63	Pricing Time = 1
i = 114	Master Time = 0	Lamb = 9039	Total time = 168	Obj = 1560.01	Pricing Time = 1
i = 115	Master Time = 0	Lamb = 9061	Total time = 169	Obj = 1559.95	Pricing Time = 1
i = 116	Master Time = 0	Lamb = 9080	Total time = 170	Obj = 1559.92	Pricing Time = 0
i = 117	Master Time = 1	Lamb = 9100	Total time = 171	Obj = 1559.68	Pricing Time = 12
i = 118	Master Time = 2	Lamb = 9170	Total time = 185	Obj = 1548.90	Pricing Time = 0
i = 119	Master Time = 0	Lamb = 9193	Total time = 185	Obj = 1548.24	Pricing Time = 8
i = 120	Master Time = 1	Lamb = 9265	Total time = 194	Obj = 1536.18	Pricing Time = 7
i = 121	Master Time = 2	Lamb = 9337	Total time = 203	Obj = 1530.43	Pricing Time = 0
i = 122	Master Time = 1	Lamb = 9361	Total time = 204	Obj = 1529.78	Pricing Time = 0
i = 123	Master Time = 1	Lamb = 9384	Total time = 205	Obj = 1529.47	Pricing Time = 8
i = 124	Master Time = 2	Lamb = 9444	Total time = 215	Obj = 1523.46	Pricing Time = 0
i = 125	Master Time = 0	Lamb = 9474	Total time = 215	Obj = 1523.23	Pricing Time = 1
i = 126	Master Time = 0	Lamb = 9498	Total time = 216	Obj = 1523.08	Pricing Time = 8
i = 127	Master Time = 1	Lamb = 9573	Total time = 225	Obj = 1519.84	Pricing Time = 16
i = 128	Master Time = 1	Lamb = 9642	Total time = 242	Obj = 1514.80	Pricing Time = 9
i = 129	Master Time = 1	Lamb = 9703	Total time = 252	Obj = 1510.39	Pricing Time = 1
i = 130	Master Time = 0	Lamb = 9731	Total time = 253	Obj = 1510.05	Pricing Time = 8
i = 131	Master Time = 1	Lamb = 9752	Total time = 262	Obj = 1508.86	Pricing Time = 14
i = 132	Master Time = 1	Lamb = 9809	Total time = 277	Obj = 1507.43	Pricing Time = 9
i = 133	Master Time = 1	Lamb = 9820	Total time = 287	Obj = 1506.07	Pricing Time = 9
i = 134	Master Time = 0	Lamb = 9828	Total time = 296	Obj = 1505.31	Pricing Time = 8
i = 135	Master Time = 0	Lamb = 9838	Total time = 304	Obj = 1504.57	Pricing Time = 12
i = 136	Master Time = 1	Lamb = 9850	Total time = 317	Obj = 1504.53	Pricing Time = 6
i = 137	Master Time = 1	Lamb = 9863	Total time = 324	Obj = 1504.13	Pricing Time = 10
i = 138	Master Time = 0	Lamb = 9869	Total time = 334	Obj = 1503.80	Pricing Time = 8
i = 139	Master Time = 1	Lamb = 9883	Total time = 343	Obj = 1503.36	Pricing Time = 6
i = 140	Master Time = 1	Lamb = 9894	Total time = 350	Obj = 1503.19	Pricing Time = 7
i = 141	Master Time = 0	Lamb = 9903	Total time = 357	Obj = 1502.86	Pricing Time = 11
i = 142	Master Time = 0	Lamb = 9914	Total time = 368	Obj = 1502.50	Pricing Time = 8
i = 143	Master Time = 0	Lamb = 9923	Total time = 376	Obj = 1502.41	Pricing Time = 11
i = 144	Master Time = 0	Lamb = 9933	Total time = 387	Obj = 1501.88	Pricing Time = 7
i = 145	Master Time = 1	Lamb = 9945	Total time = 395	Obj = 1500.13	Pricing Time = 17
i = 146	Master Time = 0	Lamb = 9955	Total time = 412	Obj = 1499.98	Pricing Time = 9
i = 147	Master Time = 0	Lamb = 9965	Total time = 421	Obj = 1499.49	Pricing Time = 9
i = 148	Master Time = 0	Lamb = 9973	Total time = 430	Obj = 1499.43	Pricing Time = 9
i = 149	Master Time = 0	Lamb = 9981	Total time = 439	Obj = 1499.38	Pricing Time = 8
i = 150	Master Time = 0	Lamb = 9988	Total time = 447	Obj = 1499.37	Pricing Time = 7
i = 151	Master Time = 0	Lamb = 10005	Total time = 454	Obj = 1498.46	Pricing Time = 10
i = 152	Master Time = 0	Lamb = 10018	Total time = 464	Obj = 1498.17	Pricing Time = 7
i = 153	Master Time = 1	Lamb = 10029	Total time = 472	Obj = 1497.97	Pricing Time = 9
i = 154	Master Time = 1	Lamb = 10038	Total time = 482	Obj = 1497.78	Pricing Time = 8
i = 155	Master Time = 0	Lamb = 10050	Total time = 490	Obj = 1497.32	Pricing Time = 7
i = 156	Master Time = 0	Lamb = 10062	Total time = 497	Obj = 1497.17	Pricing Time = 8
i = 157	Master Time = 0	Lamb = 10074	Total time = 505	Obj = 1496.14	Pricing Time = 10
i = 158	Master Time = 0	Lamb = 10084	Total time = 515	Obj = 1496.10	Pricing Time = 11
i = 159	Master Time = 0	Lamb = 10097	Total time = 526	Obj = 1495.84	Pricing Time = 7
i = 160	Master Time = 0	Lamb = 10109	Total time = 533	Obj = 1495.59	Pricing Time = 7
i = 161	Master Time = 0	Lamb = 10118	Total time = 540	Obj = 1495.50	Pricing Time = 8
i = 162	Master Time = 1	Lamb = 10130	Total time = 549	Obj = 1494.93	Pricing Time = 6
i = 163	Master Time = 1	Lamb = 10143	Total time = 556	Obj = 1494.62	Pricing Time = 10
i = 164	Master Time = 0	Lamb = 10153	Total time = 566	Obj = 1494.51	Pricing Time = 7
i = 165	Master Time = 1	Lamb = 10163	Total time = 574	Obj = 1494.22	Pricing Time = 10
i = 166	Master Time = 1	Lamb = 10175	Total time = 585	Obj = 1494.00	Pricing Time = 10
i = 167	Master Time = 0	Lamb = 10185	Total time = 595	Obj = 1493.95	Pricing Time = 10
i = 168	Master Time = 0	Lamb = 10192	Total time = 605	Obj = 1493.86	Pricing Time = 10
i = 169	Master Time = 0	Lamb = 10201	Total time = 615	Obj = 1493.81	Pricing Time = 10
i = 170	Master Time = 0	Lamb = 10207	Total time = 625	Obj = 1493.80	Pricing Time = 10
i = 171	Master Time = 0	Lamb = 10213	Total time = 635	Obj = 1493.78	Pricing Time = 10
i = 172	Master Time = 0	Lamb = 10215	Total time = 645	Obj = 1493.78	Pricing Time = 6
i = 173	Master Time = 1	Lamb = 10216	Total time = 652	Obj = 1493.78	Pricing Time = 10
i = 174	Master Time = 0	Lamb = 10217	Total time = 662	Obj = 1493.78	Pricing Time = 7
i = 175	Master Time = 0	Lamb = 10218	Total time = 669	Obj = 1493.78	Pricing Time = 9
i = 176	Master Time = 1	Lamb = 10220	Total time = 679	Obj = 1493.77	Pricing Time = 10

Optimal of relaxation found.
Fractional X Variables: 1913 (min: 3.4736052691662633E-4 max: 0.96991662937483)
--------------------------------------
n035w4_2_9-2-2-6
X fix to 1: 139
X fix to 0: 0
Fractional X remaining: 1913 | min(3.4736052691662633E-4, 0.96991662937483)
--------------------------------------
i = 177	Master Time = 2	Lamb = 10220	Total time = 691	Obj = 3360.00	Pricing Time = 0
i = 178	Master Time = 2	Lamb = 10387	Total time = 693	Obj = 2301.45	Pricing Time = 0
i = 179	Master Time = 1	Lamb = 10564	Total time = 694	Obj = 2051.01	Pricing Time = 1
i = 180	Master Time = 1	Lamb = 10706	Total time = 696	Obj = 1932.15	Pricing Time = 0
i = 181	Master Time = 1	Lamb = 10871	Total time = 697	Obj = 1868.15	Pricing Time = 0
i = 182	Master Time = 2	Lamb = 10986	Total time = 699	Obj = 1814.32	Pricing Time = 0
i = 183	Master Time = 1	Lamb = 11106	Total time = 700	Obj = 1753.07	Pricing Time = 0
i = 184	Master Time = 1	Lamb = 11196	Total time = 702	Obj = 1709.91	Pricing Time = 1
i = 185	Master Time = 1	Lamb = 11278	Total time = 703	Obj = 1682.01	Pricing Time = 0
i = 186	Master Time = 2	Lamb = 11365	Total time = 705	Obj = 1650.71	Pricing Time = 0
i = 187	Master Time = 1	Lamb = 11447	Total time = 706	Obj = 1630.65	Pricing Time = 1
i = 188	Master Time = 0	Lamb = 11496	Total time = 707	Obj = 1623.92	Pricing Time = 1
i = 189	Master Time = 1	Lamb = 11550	Total time = 709	Obj = 1617.79	Pricing Time = 0
i = 190	Master Time = 1	Lamb = 11582	Total time = 710	Obj = 1613.07	Pricing Time = 0
i = 191	Master Time = 1	Lamb = 11627	Total time = 711	Obj = 1608.18	Pricing Time = 0
i = 192	Master Time = 2	Lamb = 11659	Total time = 713	Obj = 1603.09	Pricing Time = 0
i = 193	Master Time = 0	Lamb = 11689	Total time = 713	Obj = 1600.03	Pricing Time = 1
i = 194	Master Time = 0	Lamb = 11725	Total time = 714	Obj = 1591.90	Pricing Time = 0
i = 195	Master Time = 1	Lamb = 11750	Total time = 715	Obj = 1591.19	Pricing Time = 3
i = 196	Master Time = 1	Lamb = 11799	Total time = 719	Obj = 1565.99	Pricing Time = 1
i = 197	Master Time = 1	Lamb = 11859	Total time = 721	Obj = 1562.82	Pricing Time = 0
i = 198	Master Time = 0	Lamb = 11918	Total time = 721	Obj = 1562.32	Pricing Time = 1
i = 199	Master Time = 0	Lamb = 11951	Total time = 722	Obj = 1561.16	Pricing Time = 1
i = 200	Master Time = 0	Lamb = 11992	Total time = 723	Obj = 1560.49	Pricing Time = 1
i = 201	Master Time = 0	Lamb = 12020	Total time = 725	Obj = 1559.89	Pricing Time = 1
i = 202	Master Time = 0	Lamb = 12040	Total time = 725	Obj = 1559.60	Pricing Time = 1
i = 203	Master Time = 0	Lamb = 12061	Total time = 726	Obj = 1559.56	Pricing Time = 4
i = 204	Master Time = 2	Lamb = 12109	Total time = 732	Obj = 1553.46	Pricing Time = 0
i = 205	Master Time = 1	Lamb = 12183	Total time = 733	Obj = 1550.79	Pricing Time = 0
i = 206	Master Time = 1	Lamb = 12229	Total time = 734	Obj = 1547.64	Pricing Time = 0
i = 207	Master Time = 0	Lamb = 12266	Total time = 734	Obj = 1546.89	Pricing Time = 0
i = 208	Master Time = 1	Lamb = 12290	Total time = 735	Obj = 1546.82	Pricing Time = 0
i = 209	Master Time = 1	Lamb = 12309	Total time = 736	Obj = 1546.79	Pricing Time = 0
i = 210	Master Time = 1	Lamb = 12333	Total time = 737	Obj = 1546.69	Pricing Time = 6
i = 211	Master Time = 1	Lamb = 12375	Total time = 744	Obj = 1529.54	Pricing Time = 0
i = 212	Master Time = 1	Lamb = 12406	Total time = 745	Obj = 1529.28	Pricing Time = 0
i = 213	Master Time = 1	Lamb = 12430	Total time = 746	Obj = 1529.16	Pricing Time = 3
i = 214	Master Time = 1	Lamb = 12475	Total time = 750	Obj = 1528.77	Pricing Time = 3
i = 215	Master Time = 1	Lamb = 12516	Total time = 754	Obj = 1528.47	Pricing Time = 1
i = 216	Master Time = 0	Lamb = 12538	Total time = 755	Obj = 1528.38	Pricing Time = 0
i = 217	Master Time = 1	Lamb = 12562	Total time = 756	Obj = 1528.32	Pricing Time = 4
i = 218	Master Time = 0	Lamb = 12603	Total time = 760	Obj = 1528.00	Pricing Time = 4
i = 219	Master Time = 1	Lamb = 12609	Total time = 765	Obj = 1528.00	Pricing Time = 3
i = 220	Master Time = 1	Lamb = 12613	Total time = 769	Obj = 1528.00	Pricing Time = 3
i = 221	Master Time = 0	Lamb = 12615	Total time = 773	Obj = 1528.00	Pricing Time = 3
i = 222	Master Time = 0	Lamb = 12616	Total time = 776	Obj = 1528.00	Pricing Time = 3
i = 223	Master Time = 0	Lamb = 12617	Total time = 779	Obj = 1528.00	Pricing Time = 3
--------------------------------------
n035w4_2_9-2-2-6
X fix to 1: 213
X fix to 0: 0
Fractional X remaining: 1282 | min(3.9830711434779564E-4, 0.9801909428349377)
--------------------------------------
i = 224	Master Time = 2	Lamb = 12617	Total time = 784	Obj = 1790.57	Pricing Time = 0
i = 225	Master Time = 1	Lamb = 12759	Total time = 785	Obj = 1710.51	Pricing Time = 0
i = 226	Master Time = 2	Lamb = 12896	Total time = 787	Obj = 1681.70	Pricing Time = 0
i = 227	Master Time = 1	Lamb = 13009	Total time = 788	Obj = 1659.17	Pricing Time = 0
i = 228	Master Time = 2	Lamb = 13125	Total time = 790	Obj = 1630.97	Pricing Time = 0
i = 229	Master Time = 1	Lamb = 13255	Total time = 792	Obj = 1611.51	Pricing Time = 1
i = 230	Master Time = 1	Lamb = 13369	Total time = 793	Obj = 1598.33	Pricing Time = 0
i = 231	Master Time = 1	Lamb = 13470	Total time = 794	Obj = 1595.30	Pricing Time = 0
i = 232	Master Time = 2	Lamb = 13547	Total time = 796	Obj = 1588.87	Pricing Time = 0
i = 233	Master Time = 1	Lamb = 13617	Total time = 797	Obj = 1582.28	Pricing Time = 0
i = 234	Master Time = 2	Lamb = 13663	Total time = 799	Obj = 1573.27	Pricing Time = 0
i = 235	Master Time = 1	Lamb = 13711	Total time = 800	Obj = 1563.77	Pricing Time = 0
i = 236	Master Time = 1	Lamb = 13755	Total time = 801	Obj = 1560.38	Pricing Time = 0
i = 237	Master Time = 1	Lamb = 13791	Total time = 802	Obj = 1559.03	Pricing Time = 0
i = 238	Master Time = 1	Lamb = 13826	Total time = 803	Obj = 1557.68	Pricing Time = 0
i = 239	Master Time = 1	Lamb = 13854	Total time = 804	Obj = 1557.01	Pricing Time = 0
i = 240	Master Time = 1	Lamb = 13884	Total time = 805	Obj = 1555.88	Pricing Time = 0
i = 241	Master Time = 1	Lamb = 13907	Total time = 806	Obj = 1554.96	Pricing Time = 0
i = 242	Master Time = 1	Lamb = 13933	Total time = 807	Obj = 1554.15	Pricing Time = 0
i = 243	Master Time = 0	Lamb = 13952	Total time = 807	Obj = 1553.40	Pricing Time = 3
i = 244	Master Time = 2	Lamb = 13989	Total time = 812	Obj = 1547.95	Pricing Time = 0
i = 245	Master Time = 1	Lamb = 14047	Total time = 813	Obj = 1547.51	Pricing Time = 0
i = 246	Master Time = 0	Lamb = 14090	Total time = 813	Obj = 1547.46	Pricing Time = 2
i = 247	Master Time = 2	Lamb = 14136	Total time = 817	Obj = 1544.25	Pricing Time = 0
i = 248	Master Time = 1	Lamb = 14186	Total time = 818	Obj = 1543.89	Pricing Time = 0
i = 249	Master Time = 0	Lamb = 14217	Total time = 818	Obj = 1543.67	Pricing Time = 1
i = 250	Master Time = 1	Lamb = 14240	Total time = 820	Obj = 1542.46	Pricing Time = 2
i = 251	Master Time = 1	Lamb = 14282	Total time = 823	Obj = 1539.04	Pricing Time = 2
i = 252	Master Time = 1	Lamb = 14313	Total time = 826	Obj = 1537.70	Pricing Time = 2
i = 253	Master Time = 2	Lamb = 14337	Total time = 830	Obj = 1535.88	Pricing Time = 0
i = 254	Master Time = 1	Lamb = 14391	Total time = 831	Obj = 1535.38	Pricing Time = 1
i = 255	Master Time = 1	Lamb = 14433	Total time = 833	Obj = 1534.57	Pricing Time = 0
i = 256	Master Time = 0	Lamb = 14464	Total time = 833	Obj = 1534.32	Pricing Time = 3
i = 257	Master Time = 0	Lamb = 14499	Total time = 836	Obj = 1533.87	Pricing Time = 3
i = 258	Master Time = 1	Lamb = 14530	Total time = 840	Obj = 1532.80	Pricing Time = 2
i = 259	Master Time = 1	Lamb = 14556	Total time = 843	Obj = 1531.43	Pricing Time = 3
i = 260	Master Time = 0	Lamb = 14585	Total time = 846	Obj = 1531.24	Pricing Time = 3
i = 261	Master Time = 1	Lamb = 14608	Total time = 850	Obj = 1530.80	Pricing Time = 2
i = 262	Master Time = 1	Lamb = 14636	Total time = 853	Obj = 1530.11	Pricing Time = 2
i = 263	Master Time = 1	Lamb = 14677	Total time = 856	Obj = 1530.00	Pricing Time = 2
i = 264	Master Time = 2	Lamb = 14720	Total time = 860	Obj = 1530.00	Pricing Time = 2
i = 265	Master Time = 1	Lamb = 14742	Total time = 863	Obj = 1530.00	Pricing Time = 2
i = 266	Master Time = 0	Lamb = 14757	Total time = 865	Obj = 1530.00	Pricing Time = 2
i = 267	Master Time = 1	Lamb = 14766	Total time = 868	Obj = 1530.00	Pricing Time = 2
i = 268	Master Time = 0	Lamb = 14769	Total time = 870	Obj = 1530.00	Pricing Time = 3
i = 269	Master Time = 0	Lamb = 14770	Total time = 873	Obj = 1530.00	Pricing Time = 2
i = 270	Master Time = 0	Lamb = 14772	Total time = 875	Obj = 1530.00	Pricing Time = 3
--------------------------------------
n035w4_2_9-2-2-6
X fix to 1: 298
X fix to 0: 0
Fractional X remaining: 933 | min(0.005318563678549659, 0.9846783344053771)
--------------------------------------
i = 271	Master Time = 1	Lamb = 14772	Total time = 879	Obj = 1914.27	Pricing Time = 0
i = 272	Master Time = 1	Lamb = 14899	Total time = 880	Obj = 1803.42	Pricing Time = 0
i = 273	Master Time = 1	Lamb = 15024	Total time = 881	Obj = 1735.56	Pricing Time = 0
i = 274	Master Time = 1	Lamb = 15130	Total time = 882	Obj = 1660.43	Pricing Time = 0
i = 275	Master Time = 0	Lamb = 15206	Total time = 883	Obj = 1636.25	Pricing Time = 1
i = 276	Master Time = 0	Lamb = 15251	Total time = 883	Obj = 1615.18	Pricing Time = 0
i = 277	Master Time = 1	Lamb = 15298	Total time = 884	Obj = 1595.70	Pricing Time = 0
i = 278	Master Time = 1	Lamb = 15333	Total time = 885	Obj = 1585.30	Pricing Time = 0
i = 279	Master Time = 1	Lamb = 15384	Total time = 886	Obj = 1577.38	Pricing Time = 0
i = 280	Master Time = 1	Lamb = 15414	Total time = 887	Obj = 1572.27	Pricing Time = 0
i = 281	Master Time = 1	Lamb = 15451	Total time = 888	Obj = 1564.64	Pricing Time = 0
i = 282	Master Time = 1	Lamb = 15483	Total time = 889	Obj = 1561.23	Pricing Time = 0
i = 283	Master Time = 1	Lamb = 15508	Total time = 890	Obj = 1559.23	Pricing Time = 0
i = 284	Master Time = 1	Lamb = 15534	Total time = 891	Obj = 1556.62	Pricing Time = 0
i = 285	Master Time = 0	Lamb = 15557	Total time = 892	Obj = 1555.41	Pricing Time = 1
i = 286	Master Time = 1	Lamb = 15581	Total time = 893	Obj = 1551.20	Pricing Time = 0
i = 287	Master Time = 0	Lamb = 15603	Total time = 893	Obj = 1550.77	Pricing Time = 2
i = 288	Master Time = 1	Lamb = 15631	Total time = 896	Obj = 1546.00	Pricing Time = 2
i = 289	Master Time = 0	Lamb = 15655	Total time = 899	Obj = 1543.27	Pricing Time = 3
i = 290	Master Time = 0	Lamb = 15681	Total time = 901	Obj = 1543.09	Pricing Time = 2
i = 291	Master Time = 1	Lamb = 15701	Total time = 904	Obj = 1540.00	Pricing Time = 2
i = 292	Master Time = 1	Lamb = 15714	Total time = 907	Obj = 1539.19	Pricing Time = 2
i = 293	Master Time = 0	Lamb = 15741	Total time = 909	Obj = 1537.42	Pricing Time = 3
i = 294	Master Time = 1	Lamb = 15756	Total time = 913	Obj = 1536.22	Pricing Time = 2
i = 295	Master Time = 0	Lamb = 15779	Total time = 915	Obj = 1535.58	Pricing Time = 3
i = 296	Master Time = 0	Lamb = 15789	Total time = 918	Obj = 1535.17	Pricing Time = 3
i = 297	Master Time = 1	Lamb = 15804	Total time = 922	Obj = 1533.28	Pricing Time = 2
i = 298	Master Time = 0	Lamb = 15825	Total time = 924	Obj = 1532.30	Pricing Time = 3
i = 299	Master Time = 1	Lamb = 15847	Total time = 928	Obj = 1530.69	Pricing Time = 2
i = 300	Master Time = 0	Lamb = 15867	Total time = 930	Obj = 1530.43	Pricing Time = 2
i = 301	Master Time = 0	Lamb = 15886	Total time = 933	Obj = 1530.00	Pricing Time = 3
i = 302	Master Time = 0	Lamb = 15890	Total time = 935	Obj = 1530.00	Pricing Time = 3
i = 303	Master Time = 0	Lamb = 15895	Total time = 938	Obj = 1530.00	Pricing Time = 3
i = 304	Master Time = 0	Lamb = 15901	Total time = 941	Obj = 1530.00	Pricing Time = 2
--------------------------------------
n035w4_2_9-2-2-6
X fix to 1: 380
X fix to 0: 0
Fractional X remaining: 430 | min(0.002465660679803028, 0.9841054570025081)
--------------------------------------
i = 305	Master Time = 1	Lamb = 15901	Total time = 944	Obj = 2600.50	Pricing Time = 0
i = 306	Master Time = 1	Lamb = 16010	Total time = 945	Obj = 2202.50	Pricing Time = 0
i = 307	Master Time = 1	Lamb = 16094	Total time = 946	Obj = 2003.33	Pricing Time = 0
i = 308	Master Time = 0	Lamb = 16185	Total time = 946	Obj = 1831.82	Pricing Time = 0
i = 309	Master Time = 1	Lamb = 16269	Total time = 947	Obj = 1750.21	Pricing Time = 0
i = 310	Master Time = 0	Lamb = 16329	Total time = 947	Obj = 1662.50	Pricing Time = 0
i = 311	Master Time = 0	Lamb = 16394	Total time = 947	Obj = 1657.50	Pricing Time = 0
i = 312	Master Time = 1	Lamb = 16466	Total time = 948	Obj = 1641.17	Pricing Time = 0
i = 313	Master Time = 0	Lamb = 16517	Total time = 948	Obj = 1593.98	Pricing Time = 1
i = 314	Master Time = 0	Lamb = 16581	Total time = 949	Obj = 1585.01	Pricing Time = 0
i = 315	Master Time = 1	Lamb = 16615	Total time = 950	Obj = 1573.02	Pricing Time = 0
i = 316	Master Time = 0	Lamb = 16655	Total time = 950	Obj = 1569.12	Pricing Time = 2
i = 317	Master Time = 0	Lamb = 16675	Total time = 952	Obj = 1562.11	Pricing Time = 0
i = 318	Master Time = 1	Lamb = 16691	Total time = 953	Obj = 1553.72	Pricing Time = 0
i = 319	Master Time = 0	Lamb = 16741	Total time = 953	Obj = 1546.74	Pricing Time = 0
i = 320	Master Time = 1	Lamb = 16768	Total time = 954	Obj = 1538.57	Pricing Time = 1
i = 321	Master Time = 1	Lamb = 16790	Total time = 956	Obj = 1530.00	Pricing Time = 1
i = 322	Master Time = 0	Lamb = 16803	Total time = 957	Obj = 1530.00	Pricing Time = 2
i = 323	Master Time = 0	Lamb = 16825	Total time = 959	Obj = 1530.00	Pricing Time = 2
i = 324	Master Time = 0	Lamb = 16843	Total time = 961	Obj = 1530.00	Pricing Time = 2
i = 325	Master Time = 0	Lamb = 16848	Total time = 963	Obj = 1530.00	Pricing Time = 2
i = 326	Master Time = 0	Lamb = 16855	Total time = 965	Obj = 1530.00	Pricing Time = 2
i = 327	Master Time = 0	Lamb = 16858	Total time = 967	Obj = 1530.00	Pricing Time = 2
i = 328	Master Time = 0	Lamb = 16863	Total time = 969	Obj = 1530.00	Pricing Time = 2
i = 329	Master Time = 0	Lamb = 16867	Total time = 971	Obj = 1530.00	Pricing Time = 2
i = 330	Master Time = 0	Lamb = 16875	Total time = 973	Obj = 1530.00	Pricing Time = 2
i = 331	Master Time = 0	Lamb = 16880	Total time = 975	Obj = 1530.00	Pricing Time = 2
i = 332	Master Time = 0	Lamb = 16881	Total time = 977	Obj = 1530.00	Pricing Time = 1
i = 333	Master Time = 1	Lamb = 16883	Total time = 979	Obj = 1530.00	Pricing Time = 1
i = 334	Master Time = 1	Lamb = 16884	Total time = 981	Obj = 1530.00	Pricing Time = 1
i = 335	Master Time = 1	Lamb = 16886	Total time = 983	Obj = 1530.00	Pricing Time = 1
--------------------------------------
n035w4_2_9-2-2-6
X fix to 1: 381
X fix to 0: 0
Fractional X remaining: 30 | min(0.5, 0.5)
--------------------------------------
i = 336	Master Time = 0	Lamb = 16886	Total time = 984	Obj = 1530.00	Pricing Time = 2
i = 337	Master Time = 1	Lamb = 16890	Total time = 987	Obj = 1530.00	Pricing Time = 1
i = 338	Master Time = 0	Lamb = 16901	Total time = 988	Obj = 1530.00	Pricing Time = 2
i = 339	Master Time = 0	Lamb = 16905	Total time = 990	Obj = 1530.00	Pricing Time = 2
i = 340	Master Time = 0	Lamb = 16908	Total time = 992	Obj = 1530.00	Pricing Time = 2
i = 341	Master Time = 0	Lamb = 16909	Total time = 994	Obj = 1530.00	Pricing Time = 1
i = 342	Master Time = 1	Lamb = 16912	Total time = 996	Obj = 1530.00	Pricing Time = 1
--------------------------------------
n035w4_2_9-2-2-6
X fix to 1: 382
X fix to 0: 1
Fractional X remaining: 18 | min(0.4999999999999999, 0.5000000000000002)
--------------------------------------
i = 343	Master Time = 0	Lamb = 16912	Total time = 997	Obj = 1530.00	Pricing Time = 2

n035w4_2_9-2-2-6
Integer solution found

Printing SHIFT allocations
HN_0   |-|-|L|L|L|-|-| |-|-|L|L|L|-|-| |-|-|L|L|L|-|-| |-|N|N|N|N|-|-|
HN_1   |N|N|N|N|N|-|-| |-|-|-|E|E|E|D| |D|-|-|-|D|D|D| |L|L|-|-|-|-|-|
HN_2   |L|L|-|-|-|-|-| |D|D|D|D|D|-|-| |-|-|-|D|D|E|E| |E|-|-|-|L|L|L|
HN_3   |D|-|-|-|-|N|N| |N|N|N|-|-|N|N| |N|N|N|-|-|-|-| |N|N|N|N|-|-|-|
HN_4   |E|E|E|E|-|-|-| |D|D|D|-|-|-|-| |-|E|E|E|E|-|-| |-|-|E|E|E|-|-|
HN_5   |-|-|-|D|D|D|D| |-|-|-|-|D|D|D| |D|D|-|-|-|-|-| |D|D|D|-|-|-|-|
NU_6   |-|L|L|L|L|-|-| |-|N|N|N|N|-|-| |-|-|N|N|N|N|N| |-|-|-|-|-|D|D|
NU_7   |N|N|-|-|-|-|-| |D|D|L|L|L|-|-| |-|-|-|D|D|E|E| |E|-|-|-|E|E|E|
NU_8   |L|-|-|D|D|E|E| |-|-|L|L|L|-|-| |D|D|D|D|D|-|-| |D|D|L|L|L|-|-|
NU_9   |E|E|D|D|D|-|-| |E|E|D|D|D|-|-| |D|D|D|L|L|-|-| |D|D|D|L|L|-|-|
NU_10  |N|N|N|N|N|-|-| |-|-|-|E|E|E|E| |E|-|-|-|D|D|D| |L|L|-|-|-|-|-|
NU_11  |-|N|N|N|N|-|-| |-|N|N|N|-|-|-| |-|N|N|N|N|-|-| |-|-|-|N|N|N|N|
NU_12  |D|D|D|D|-|-|-| |-|L|L|L|-|-|-| |-|N|N|N|N|-|-| |-|-|-|E|E|L|L|
NU_13  |E|-|-|-|L|L|L| |L|L|-|-|-|-|-| |L|L|L|-|-|-|-| |L|L|L|-|-|-|-|
NU_14  |-|-|E|E|E|-|-| |-|E|E|E|-|-|-| |-|E|E|E|-|-|-| |E|E|E|-|-|-|-|
NU_15  |L|L|L|L|L|-|-| |-|-|-|E|E|L|L| |L|-|-|-|L|L|L| |L|L|-|-|-|-|-|
NU_16  |-|-|-|D|D|D|D| |D|-|-|-|-|N|N| |N|N|N|-|-|-|-| |E|E|D|D|D|-|-|
CT_17  |-|-|L|L|L|-|-| |D|D|D|D|D|-|-| |D|D|D|-|-|N|N| |N|N|N|-|-|D|D|
CT_18  |E|E|E|E|E|-|-| |D|D|L|L|L|-|-| |D|D|D|-|-|N|N| |N|N|N|-|-|E|E|
CT_19  |D|D|D|D|-|-|-| |N|N|N|N|-|-|-| |-|N|N|N|-|-|-| |-|N|N|N|N|-|-|
CT_20  |D|D|-|-|L|L|L| |L|L|-|-|L|L|L| |L|L|-|-|E|E|E| |E|-|-|N|N|N|N|
CT_21  |-|N|N|N|N|-|-| |-|N|N|N|N|-|-| |-|-|-|E|E|L|L| |-|-|-|-|L|L|L|
CT_22  |-|L|L|L|-|-|-| |E|E|E|-|-|-|-| |-|L|L|L|-|-|-| |-|D|D|D|-|-|-|
CT_23  |N|-|-|-|-|E|E| |E|E|-|-|-|-|-| |N|N|N|N|-|-|-| |L|L|L|-|-|-|-|
CT_24  |-|-|-|-|E|E|L| |L|L|-|-|D|D|D| |E|E|-|-|-|-|-| |E|E|E|D|D|-|-|
CT_25  |D|-|-|E|E|D|D| |-|-|N|N|N|N|N| |-|-|L|L|L|-|-| |D|D|L|L|L|-|-|
CT_26  |-|-|-|N|N|N|N| |-|-|-|-|-|E|E| |E|E|-|-|-|-|-| |E|E|E|-|-|-|-|
CT_27  |L|L|L|-|-|-|-| |N|N|N|-|-|-|-| |-|L|L|L|L|-|-| |-|-|-|D|D|D|D|
CT_28  |E|E|E|-|-|-|-| |E|E|E|-|-|-|-| |E|E|E|E|-|-|-| |-|-|E|E|E|-|-|
TR_29  |-|-|-|-|E|E|D| |D|D|-|-|-|-|-| |D|D|D|-|-|-|-| |D|D|L|L|L|-|-|
TR_30  |-|-|E|L|L|-|-| |D|D|D|-|E|E|L| |L|L|-|-|E|E|N| |N|N|-|-|E|E|D|
TR_31  |D|-|-|-|E|E|E| |E|-|-|-|D|D|D| |-|-|N|N|N|-|-| |N|N|N|N|-|-|-|
TR_32  |N|N|N|N|N|-|-| |L|L|N|N|N|-|-| |E|E|E|-|D|D|L| |L|-|-|D|D|D|E|
TR_33  |-|D|D|D|D|-|-| |-|-|E|L|L|N|N| |N|-|-|-|-|D|D| |E|E|E|-|-|-|-|
TR_34  |L|L|L|-|-|L|N| |N|N|N|-|-|-|-| |D|D|L|L|L|-|-| |-|-|-|N|N|N|N|
Total assignment constraints: 620
Consecutive constraints: 210
Non working days constraints: 60
Preferences: 130
Max working weekend: 150
Complete weekends: 0
Optimal coverage constraints: 360
TOTAL = 1530
