Creating directory: out/n110w4_2_9-8-4-9

-----------------------------------------------------------
Instance	n110w4_2_9-8-4-9
algorithm	=	vns
maxIter	=	10
eliteSet	=	10
shakePerc	=	0.9
bestKnow	=	2829.53
minColsIter	=	0.35
minRoundDown	=	-1.0
minRoundUp	=	0.67
seed	=	0
onlyRelax	=	false
nThreads	=	20
alpha	=	0.6
timeOut	=	14600
-----------------------------------------------------------
Parallels mode has been selected.
i = 0	Master Time = 0	Lamb = 0	Total time = 5	Obj = 533560.00	Pricing Time = 1
i = 1	Master Time = 2	Lamb = 690	Total time = 7	Obj = 151975.00	Pricing Time = 0
i = 2	Master Time = 1	Lamb = 1296	Total time = 9	Obj = 79952.14	Pricing Time = 0
i = 3	Master Time = 1	Lamb = 1925	Total time = 10	Obj = 54510.99	Pricing Time = 0
i = 4	Master Time = 2	Lamb = 2574	Total time = 12	Obj = 30977.36	Pricing Time = 0
i = 5	Master Time = 2	Lamb = 3205	Total time = 13	Obj = 21722.54	Pricing Time = 0
i = 6	Master Time = 2	Lamb = 3829	Total time = 15	Obj = 16697.29	Pricing Time = 0
i = 7	Master Time = 2	Lamb = 4459	Total time = 18	Obj = 13164.70	Pricing Time = 0
i = 8	Master Time = 2	Lamb = 5052	Total time = 19	Obj = 10363.42	Pricing Time = 1
i = 9	Master Time = 2	Lamb = 5632	Total time = 22	Obj = 8765.44	Pricing Time = 0
i = 10	Master Time = 2	Lamb = 6214	Total time = 24	Obj = 7027.28	Pricing Time = 0
i = 11	Master Time = 2	Lamb = 6735	Total time = 27	Obj = 6071.12	Pricing Time = 0
i = 12	Master Time = 3	Lamb = 7235	Total time = 29	Obj = 5212.89	Pricing Time = 0
i = 13	Master Time = 3	Lamb = 7684	Total time = 32	Obj = 4570.00	Pricing Time = 0
i = 14	Master Time = 2	Lamb = 8091	Total time = 35	Obj = 4212.87	Pricing Time = 1
i = 15	Master Time = 2	Lamb = 8479	Total time = 38	Obj = 3903.03	Pricing Time = 0
i = 16	Master Time = 3	Lamb = 8851	Total time = 41	Obj = 3671.74	Pricing Time = 0
i = 17	Master Time = 2	Lamb = 9191	Total time = 44	Obj = 3536.01	Pricing Time = 0
i = 18	Master Time = 3	Lamb = 9509	Total time = 47	Obj = 3443.52	Pricing Time = 0
i = 19	Master Time = 3	Lamb = 9836	Total time = 50	Obj = 3353.77	Pricing Time = 1
i = 20	Master Time = 2	Lamb = 10184	Total time = 52	Obj = 3269.07	Pricing Time = 0
i = 21	Master Time = 3	Lamb = 10423	Total time = 55	Obj = 3207.97	Pricing Time = 0
i = 22	Master Time = 3	Lamb = 10658	Total time = 58	Obj = 3143.17	Pricing Time = 0
i = 23	Master Time = 2	Lamb = 10857	Total time = 61	Obj = 3109.27	Pricing Time = 1
i = 24	Master Time = 2	Lamb = 11083	Total time = 64	Obj = 3090.51	Pricing Time = 1
i = 25	Master Time = 2	Lamb = 11253	Total time = 67	Obj = 3064.34	Pricing Time = 1
i = 26	Master Time = 2	Lamb = 11430	Total time = 69	Obj = 3039.46	Pricing Time = 0
i = 27	Master Time = 2	Lamb = 11600	Total time = 72	Obj = 3020.53	Pricing Time = 1
i = 28	Master Time = 2	Lamb = 11768	Total time = 74	Obj = 2991.81	Pricing Time = 0
i = 29	Master Time = 2	Lamb = 11922	Total time = 77	Obj = 2972.64	Pricing Time = 1
i = 30	Master Time = 1	Lamb = 12044	Total time = 79	Obj = 2963.53	Pricing Time = 1
i = 31	Master Time = 2	Lamb = 12173	Total time = 81	Obj = 2943.29	Pricing Time = 1
i = 32	Master Time = 2	Lamb = 12281	Total time = 85	Obj = 2934.59	Pricing Time = 1
i = 33	Master Time = 1	Lamb = 12368	Total time = 86	Obj = 2926.30	Pricing Time = 0
i = 34	Master Time = 2	Lamb = 12485	Total time = 88	Obj = 2912.87	Pricing Time = 0
i = 35	Master Time = 1	Lamb = 12587	Total time = 90	Obj = 2906.80	Pricing Time = 1
i = 36	Master Time = 1	Lamb = 12669	Total time = 92	Obj = 2902.28	Pricing Time = 1
i = 37	Master Time = 1	Lamb = 12748	Total time = 94	Obj = 2896.83	Pricing Time = 1
i = 38	Master Time = 1	Lamb = 12826	Total time = 96	Obj = 2893.55	Pricing Time = 1
i = 39	Master Time = 2	Lamb = 12906	Total time = 98	Obj = 2890.60	Pricing Time = 20
i = 40	Master Time = 3	Lamb = 13100	Total time = 122	Obj = 2830.82	Pricing Time = 0
i = 41	Master Time = 2	Lamb = 13296	Total time = 124	Obj = 2823.18	Pricing Time = 1
i = 42	Master Time = 1	Lamb = 13432	Total time = 126	Obj = 2817.76	Pricing Time = 1
i = 43	Master Time = 2	Lamb = 13529	Total time = 128	Obj = 2814.88	Pricing Time = 0
i = 44	Master Time = 1	Lamb = 13607	Total time = 130	Obj = 2813.03	Pricing Time = 18
i = 45	Master Time = 3	Lamb = 13816	Total time = 151	Obj = 2770.16	Pricing Time = 1
i = 46	Master Time = 2	Lamb = 13962	Total time = 153	Obj = 2766.63	Pricing Time = 0
i = 47	Master Time = 2	Lamb = 14053	Total time = 156	Obj = 2764.94	Pricing Time = 1
i = 48	Master Time = 1	Lamb = 14116	Total time = 158	Obj = 2764.32	Pricing Time = 17
i = 49	Master Time = 3	Lamb = 14319	Total time = 177	Obj = 2741.14	Pricing Time = 0
i = 50	Master Time = 3	Lamb = 14494	Total time = 181	Obj = 2738.92	Pricing Time = 1
i = 51	Master Time = 2	Lamb = 14595	Total time = 183	Obj = 2737.59	Pricing Time = 0
i = 52	Master Time = 2	Lamb = 14661	Total time = 185	Obj = 2736.74	Pricing Time = 20
i = 53	Master Time = 4	Lamb = 14877	Total time = 209	Obj = 2714.19	Pricing Time = 0
i = 54	Master Time = 3	Lamb = 15035	Total time = 213	Obj = 2712.87	Pricing Time = 0
i = 55	Master Time = 4	Lamb = 15140	Total time = 216	Obj = 2711.64	Pricing Time = 0
i = 56	Master Time = 1	Lamb = 15219	Total time = 218	Obj = 2711.33	Pricing Time = 13
i = 57	Master Time = 1	Lamb = 15315	Total time = 231	Obj = 2702.85	Pricing Time = 11
i = 58	Master Time = 1	Lamb = 15378	Total time = 244	Obj = 2697.03	Pricing Time = 10
i = 59	Master Time = 1	Lamb = 15445	Total time = 254	Obj = 2693.65	Pricing Time = 10
i = 60	Master Time = 1	Lamb = 15501	Total time = 266	Obj = 2691.61	Pricing Time = 10
i = 61	Master Time = 0	Lamb = 15555	Total time = 276	Obj = 2690.87	Pricing Time = 11
i = 62	Master Time = 0	Lamb = 15611	Total time = 287	Obj = 2690.83	Pricing Time = 11

Optimal of relaxation found.
Fractional X Variables: 4330 (min: 3.677711985566323E-4 max: 0.9983897405514348)
--------------------------------------
n110w4_2_9-8-4-9
X fix to 1: 460
X fix to 0: 0
Fractional X remaining: 4330 | min(3.677711985566323E-4, 0.9983897405514348)
--------------------------------------
i = 63	Master Time = 3	Lamb = 15611	Total time = 302	Obj = 3511.32	Pricing Time = 1
i = 64	Master Time = 3	Lamb = 16090	Total time = 305	Obj = 3390.11	Pricing Time = 0
i = 65	Master Time = 3	Lamb = 16518	Total time = 309	Obj = 3341.30	Pricing Time = 0
i = 66	Master Time = 3	Lamb = 16867	Total time = 312	Obj = 3256.38	Pricing Time = 0
i = 67	Master Time = 4	Lamb = 17173	Total time = 316	Obj = 3119.09	Pricing Time = 0
i = 68	Master Time = 3	Lamb = 17432	Total time = 320	Obj = 2898.09	Pricing Time = 1
i = 69	Master Time = 2	Lamb = 17657	Total time = 323	Obj = 2825.33	Pricing Time = 1
i = 70	Master Time = 3	Lamb = 17851	Total time = 326	Obj = 2800.77	Pricing Time = 0
i = 71	Master Time = 3	Lamb = 18040	Total time = 330	Obj = 2768.74	Pricing Time = 0
i = 72	Master Time = 4	Lamb = 18178	Total time = 333	Obj = 2737.01	Pricing Time = 0
i = 73	Master Time = 3	Lamb = 18382	Total time = 337	Obj = 2726.63	Pricing Time = 1
i = 74	Master Time = 2	Lamb = 18505	Total time = 339	Obj = 2720.52	Pricing Time = 0
i = 75	Master Time = 2	Lamb = 18595	Total time = 342	Obj = 2718.33	Pricing Time = 0
i = 76	Master Time = 3	Lamb = 18687	Total time = 345	Obj = 2714.05	Pricing Time = 1
i = 77	Master Time = 2	Lamb = 18753	Total time = 347	Obj = 2713.81	Pricing Time = 0
i = 78	Master Time = 2	Lamb = 18815	Total time = 350	Obj = 2712.02	Pricing Time = 4
i = 79	Master Time = 4	Lamb = 18954	Total time = 358	Obj = 2703.82	Pricing Time = 6
i = 80	Master Time = 2	Lamb = 19093	Total time = 366	Obj = 2695.76	Pricing Time = 5
i = 81	Master Time = 1	Lamb = 19150	Total time = 372	Obj = 2694.02	Pricing Time = 6
i = 82	Master Time = 0	Lamb = 19188	Total time = 378	Obj = 2693.33	Pricing Time = 5
i = 83	Master Time = 1	Lamb = 19193	Total time = 383	Obj = 2692.86	Pricing Time = 5
i = 84	Master Time = 0	Lamb = 19225	Total time = 389	Obj = 2692.50	Pricing Time = 5
i = 85	Master Time = 1	Lamb = 19226	Total time = 394	Obj = 2692.50	Pricing Time = 4
--------------------------------------
n110w4_2_9-8-4-9
X fix to 1: 703
X fix to 0: 0
Fractional X remaining: 3258 | min(3.94317916395201E-4, 0.9991178889141615)
--------------------------------------
i = 86	Master Time = 3	Lamb = 19226	Total time = 402	Obj = 2896.10	Pricing Time = 1
i = 87	Master Time = 2	Lamb = 19633	Total time = 405	Obj = 2813.78	Pricing Time = 1
i = 88	Master Time = 3	Lamb = 19986	Total time = 408	Obj = 2788.61	Pricing Time = 0
i = 89	Master Time = 3	Lamb = 20224	Total time = 411	Obj = 2770.45	Pricing Time = 0
i = 90	Master Time = 3	Lamb = 20379	Total time = 415	Obj = 2754.40	Pricing Time = 1
i = 91	Master Time = 2	Lamb = 20519	Total time = 418	Obj = 2738.78	Pricing Time = 0
i = 92	Master Time = 3	Lamb = 20624	Total time = 420	Obj = 2727.73	Pricing Time = 0
i = 93	Master Time = 3	Lamb = 20710	Total time = 424	Obj = 2720.16	Pricing Time = 1
i = 94	Master Time = 2	Lamb = 20782	Total time = 427	Obj = 2717.25	Pricing Time = 3
i = 95	Master Time = 3	Lamb = 20887	Total time = 433	Obj = 2704.85	Pricing Time = 4
i = 96	Master Time = 4	Lamb = 20974	Total time = 440	Obj = 2698.96	Pricing Time = 0
i = 97	Master Time = 2	Lamb = 21224	Total time = 443	Obj = 2698.39	Pricing Time = 1
i = 98	Master Time = 1	Lamb = 21372	Total time = 445	Obj = 2697.48	Pricing Time = 4
i = 99	Master Time = 1	Lamb = 21492	Total time = 450	Obj = 2696.68	Pricing Time = 4
i = 100	Master Time = 1	Lamb = 21530	Total time = 455	Obj = 2695.87	Pricing Time = 4
i = 101	Master Time = 1	Lamb = 21548	Total time = 459	Obj = 2695.22	Pricing Time = 4
i = 102	Master Time = 1	Lamb = 21561	Total time = 464	Obj = 2693.75	Pricing Time = 4
i = 103	Master Time = 0	Lamb = 21564	Total time = 469	Obj = 2693.60	Pricing Time = 4
i = 104	Master Time = 1	Lamb = 21568	Total time = 473	Obj = 2693.12	Pricing Time = 3
i = 105	Master Time = 1	Lamb = 21571	Total time = 477	Obj = 2693.12	Pricing Time = 4
--------------------------------------
n110w4_2_9-8-4-9
X fix to 1: 895
X fix to 0: 0
Fractional X remaining: 2516 | min(2.0842932013348525E-4, 0.9899876834267496)
--------------------------------------
i = 106	Master Time = 2	Lamb = 21571	Total time = 484	Obj = 2984.08	Pricing Time = 1
i = 107	Master Time = 2	Lamb = 21941	Total time = 486	Obj = 2885.80	Pricing Time = 0
i = 108	Master Time = 2	Lamb = 22204	Total time = 488	Obj = 2819.21	Pricing Time = 0
i = 109	Master Time = 2	Lamb = 22378	Total time = 490	Obj = 2774.95	Pricing Time = 0
i = 110	Master Time = 1	Lamb = 22513	Total time = 492	Obj = 2755.48	Pricing Time = 1
i = 111	Master Time = 1	Lamb = 22595	Total time = 494	Obj = 2740.70	Pricing Time = 0
i = 112	Master Time = 2	Lamb = 22669	Total time = 495	Obj = 2732.14	Pricing Time = 0
i = 113	Master Time = 1	Lamb = 22754	Total time = 497	Obj = 2726.01	Pricing Time = 2
i = 114	Master Time = 2	Lamb = 22861	Total time = 501	Obj = 2713.90	Pricing Time = 4
i = 115	Master Time = 2	Lamb = 22944	Total time = 507	Obj = 2708.86	Pricing Time = 3
i = 116	Master Time = 4	Lamb = 23013	Total time = 513	Obj = 2704.71	Pricing Time = 0
i = 117	Master Time = 3	Lamb = 23284	Total time = 517	Obj = 2704.55	Pricing Time = 1
i = 118	Master Time = 1	Lamb = 23548	Total time = 519	Obj = 2704.00	Pricing Time = 2
i = 119	Master Time = 1	Lamb = 23697	Total time = 521	Obj = 2702.22	Pricing Time = 3
i = 120	Master Time = 1	Lamb = 23787	Total time = 526	Obj = 2701.67	Pricing Time = 3
i = 121	Master Time = 1	Lamb = 23824	Total time = 529	Obj = 2701.54	Pricing Time = 3
i = 122	Master Time = 1	Lamb = 23841	Total time = 534	Obj = 2700.74	Pricing Time = 4
i = 123	Master Time = 0	Lamb = 23859	Total time = 538	Obj = 2700.00	Pricing Time = 3
i = 124	Master Time = 1	Lamb = 23865	Total time = 542	Obj = 2700.00	Pricing Time = 4
i = 125	Master Time = 0	Lamb = 23868	Total time = 546	Obj = 2700.00	Pricing Time = 4
i = 126	Master Time = 0	Lamb = 23871	Total time = 550	Obj = 2700.00	Pricing Time = 4
i = 127	Master Time = 0	Lamb = 23873	Total time = 553	Obj = 2700.00	Pricing Time = 3
--------------------------------------
n110w4_2_9-8-4-9
X fix to 1: 986
X fix to 0: 0
Fractional X remaining: 1488 | min(1.8246617752282202E-4, 0.9972290542210204)
--------------------------------------
i = 128	Master Time = 2	Lamb = 23873	Total time = 559	Obj = 2961.74	Pricing Time = 1
i = 129	Master Time = 2	Lamb = 24188	Total time = 562	Obj = 2869.06	Pricing Time = 0
i = 130	Master Time = 2	Lamb = 24475	Total time = 565	Obj = 2842.61	Pricing Time = 1
i = 131	Master Time = 2	Lamb = 24732	Total time = 568	Obj = 2792.43	Pricing Time = 1
i = 132	Master Time = 3	Lamb = 24910	Total time = 572	Obj = 2764.71	Pricing Time = 0
i = 133	Master Time = 3	Lamb = 25017	Total time = 574	Obj = 2737.35	Pricing Time = 3
i = 134	Master Time = 3	Lamb = 25145	Total time = 580	Obj = 2721.73	Pricing Time = 0
i = 135	Master Time = 3	Lamb = 25253	Total time = 584	Obj = 2714.66	Pricing Time = 0
i = 136	Master Time = 4	Lamb = 25388	Total time = 587	Obj = 2713.39	Pricing Time = 2
i = 137	Master Time = 3	Lamb = 25482	Total time = 593	Obj = 2708.81	Pricing Time = 3
i = 138	Master Time = 3	Lamb = 25588	Total time = 600	Obj = 2702.75	Pricing Time = 0
i = 139	Master Time = 3	Lamb = 25686	Total time = 603	Obj = 2700.65	Pricing Time = 3
i = 140	Master Time = 3	Lamb = 25796	Total time = 608	Obj = 2700.36	Pricing Time = 0
i = 141	Master Time = 3	Lamb = 26013	Total time = 611	Obj = 2700.36	Pricing Time = 2
i = 142	Master Time = 3	Lamb = 26098	Total time = 617	Obj = 2700.00	Pricing Time = 1
i = 143	Master Time = 2	Lamb = 26269	Total time = 620	Obj = 2700.00	Pricing Time = 3
i = 144	Master Time = 3	Lamb = 26329	Total time = 625	Obj = 2700.00	Pricing Time = 0
i = 145	Master Time = 3	Lamb = 26480	Total time = 629	Obj = 2700.00	Pricing Time = 3
i = 146	Master Time = 2	Lamb = 26554	Total time = 634	Obj = 2700.00	Pricing Time = 3
i = 147	Master Time = 3	Lamb = 26667	Total time = 640	Obj = 2700.00	Pricing Time = 0
i = 148	Master Time = 3	Lamb = 26783	Total time = 643	Obj = 2700.00	Pricing Time = 3
i = 149	Master Time = 3	Lamb = 26872	Total time = 649	Obj = 2700.00	Pricing Time = 3
i = 150	Master Time = 3	Lamb = 26974	Total time = 654	Obj = 2700.00	Pricing Time = 3
i = 151	Master Time = 3	Lamb = 27069	Total time = 660	Obj = 2700.00	Pricing Time = 2
i = 152	Master Time = 3	Lamb = 27155	Total time = 666	Obj = 2700.00	Pricing Time = 3
i = 153	Master Time = 3	Lamb = 27219	Total time = 672	Obj = 2700.00	Pricing Time = 3
i = 154	Master Time = 3	Lamb = 27279	Total time = 678	Obj = 2700.00	Pricing Time = 3
i = 155	Master Time = 3	Lamb = 27358	Total time = 684	Obj = 2700.00	Pricing Time = 3
i = 156	Master Time = 0	Lamb = 27360	Total time = 687	Obj = 2700.00	Pricing Time = 4
--------------------------------------
n110w4_2_9-8-4-9
X fix to 1: 1068
X fix to 0: 0
Fractional X remaining: 1284 | min(0.008332503735855978, 0.9916674962641439)
--------------------------------------
i = 157	Master Time = 2	Lamb = 27360	Total time = 693	Obj = 2859.22	Pricing Time = 1
i = 158	Master Time = 2	Lamb = 27600	Total time = 696	Obj = 2824.14	Pricing Time = 0
i = 159	Master Time = 2	Lamb = 27808	Total time = 697	Obj = 2803.38	Pricing Time = 0
i = 160	Master Time = 2	Lamb = 27938	Total time = 700	Obj = 2773.81	Pricing Time = 3
i = 161	Master Time = 2	Lamb = 28049	Total time = 704	Obj = 2756.59	Pricing Time = 3
i = 162	Master Time = 2	Lamb = 28123	Total time = 709	Obj = 2732.73	Pricing Time = 2
i = 163	Master Time = 1	Lamb = 28192	Total time = 713	Obj = 2725.18	Pricing Time = 3
i = 164	Master Time = 2	Lamb = 28262	Total time = 718	Obj = 2716.68	Pricing Time = 3
i = 165	Master Time = 2	Lamb = 28312	Total time = 722	Obj = 2706.26	Pricing Time = 2
i = 166	Master Time = 1	Lamb = 28363	Total time = 726	Obj = 2705.19	Pricing Time = 2
i = 167	Master Time = 1	Lamb = 28402	Total time = 729	Obj = 2703.79	Pricing Time = 3
i = 168	Master Time = 1	Lamb = 28444	Total time = 733	Obj = 2701.79	Pricing Time = 3
i = 169	Master Time = 1	Lamb = 28482	Total time = 737	Obj = 2700.00	Pricing Time = 4
i = 170	Master Time = 0	Lamb = 28485	Total time = 741	Obj = 2700.00	Pricing Time = 3
--------------------------------------
n110w4_2_9-8-4-9
X fix to 1: 1131
X fix to 0: 0
Fractional X remaining: 793 | min(0.0013706611017072212, 0.9878390933643095)
--------------------------------------
i = 171	Master Time = 3	Lamb = 28485	Total time = 746	Obj = 2815.30	Pricing Time = 0
i = 172	Master Time = 2	Lamb = 28721	Total time = 749	Obj = 2799.69	Pricing Time = 0
i = 173	Master Time = 3	Lamb = 28887	Total time = 751	Obj = 2784.57	Pricing Time = 0
i = 174	Master Time = 3	Lamb = 29063	Total time = 754	Obj = 2767.56	Pricing Time = 0
i = 175	Master Time = 2	Lamb = 29230	Total time = 757	Obj = 2749.30	Pricing Time = 3
i = 176	Master Time = 2	Lamb = 29357	Total time = 762	Obj = 2744.26	Pricing Time = 0
i = 177	Master Time = 3	Lamb = 29493	Total time = 765	Obj = 2722.30	Pricing Time = 0
i = 178	Master Time = 3	Lamb = 29633	Total time = 767	Obj = 2718.02	Pricing Time = 2
i = 179	Master Time = 3	Lamb = 29737	Total time = 772	Obj = 2715.66	Pricing Time = 2
i = 180	Master Time = 3	Lamb = 29821	Total time = 777	Obj = 2713.47	Pricing Time = 0
i = 181	Master Time = 2	Lamb = 29929	Total time = 780	Obj = 2710.30	Pricing Time = 2
i = 182	Master Time = 3	Lamb = 30022	Total time = 785	Obj = 2706.68	Pricing Time = 2
i = 183	Master Time = 2	Lamb = 30110	Total time = 789	Obj = 2705.44	Pricing Time = 2
i = 184	Master Time = 3	Lamb = 30194	Total time = 794	Obj = 2701.64	Pricing Time = 2
i = 185	Master Time = 3	Lamb = 30259	Total time = 799	Obj = 2700.00	Pricing Time = 3
i = 186	Master Time = 2	Lamb = 30323	Total time = 805	Obj = 2700.00	Pricing Time = 3
i = 187	Master Time = 3	Lamb = 30350	Total time = 811	Obj = 2700.00	Pricing Time = 3
i = 188	Master Time = 2	Lamb = 30373	Total time = 816	Obj = 2700.00	Pricing Time = 3
i = 189	Master Time = 1	Lamb = 30377	Total time = 820	Obj = 2700.00	Pricing Time = 3
i = 190	Master Time = 0	Lamb = 30383	Total time = 823	Obj = 2700.00	Pricing Time = 4
i = 191	Master Time = 0	Lamb = 30387	Total time = 827	Obj = 2700.00	Pricing Time = 4
i = 192	Master Time = 0	Lamb = 30388	Total time = 831	Obj = 2700.00	Pricing Time = 4
i = 193	Master Time = 0	Lamb = 30389	Total time = 835	Obj = 2700.00	Pricing Time = 3
--------------------------------------
n110w4_2_9-8-4-9
X fix to 1: 1176
X fix to 0: 0
Fractional X remaining: 535 | min(4.143394462592237E-4, 0.9991193417615287)
--------------------------------------
i = 194	Master Time = 2	Lamb = 30389	Total time = 840	Obj = 2797.81	Pricing Time = 0
i = 195	Master Time = 2	Lamb = 30532	Total time = 843	Obj = 2768.51	Pricing Time = 2
i = 196	Master Time = 3	Lamb = 30625	Total time = 847	Obj = 2756.21	Pricing Time = 2
i = 197	Master Time = 2	Lamb = 30756	Total time = 851	Obj = 2754.21	Pricing Time = 2
i = 198	Master Time = 2	Lamb = 30831	Total time = 856	Obj = 2746.33	Pricing Time = 3
i = 199	Master Time = 2	Lamb = 30909	Total time = 861	Obj = 2735.96	Pricing Time = 3
i = 200	Master Time = 2	Lamb = 31024	Total time = 865	Obj = 2723.53	Pricing Time = 2
i = 201	Master Time = 2	Lamb = 31097	Total time = 870	Obj = 2720.42	Pricing Time = 3
i = 202	Master Time = 1	Lamb = 31161	Total time = 874	Obj = 2715.14	Pricing Time = 3
i = 203	Master Time = 2	Lamb = 31202	Total time = 879	Obj = 2712.22	Pricing Time = 3
i = 204	Master Time = 1	Lamb = 31246	Total time = 882	Obj = 2711.45	Pricing Time = 3
i = 205	Master Time = 1	Lamb = 31276	Total time = 886	Obj = 2710.83	Pricing Time = 2
i = 206	Master Time = 1	Lamb = 31290	Total time = 890	Obj = 2707.88	Pricing Time = 3
i = 207	Master Time = 2	Lamb = 31315	Total time = 894	Obj = 2706.71	Pricing Time = 4
i = 208	Master Time = 1	Lamb = 31333	Total time = 899	Obj = 2705.82	Pricing Time = 3
i = 209	Master Time = 1	Lamb = 31348	Total time = 904	Obj = 2703.89	Pricing Time = 3
i = 210	Master Time = 1	Lamb = 31363	Total time = 908	Obj = 2702.67	Pricing Time = 3
i = 211	Master Time = 0	Lamb = 31374	Total time = 911	Obj = 2702.01	Pricing Time = 4
i = 212	Master Time = 1	Lamb = 31386	Total time = 915	Obj = 2701.34	Pricing Time = 3
i = 213	Master Time = 1	Lamb = 31400	Total time = 919	Obj = 2700.00	Pricing Time = 2
i = 214	Master Time = 1	Lamb = 31407	Total time = 922	Obj = 2700.00	Pricing Time = 3
i = 215	Master Time = 0	Lamb = 31408	Total time = 926	Obj = 2700.00	Pricing Time = 4
--------------------------------------
n110w4_2_9-8-4-9
X fix to 1: 1221
X fix to 0: 0
Fractional X remaining: 382 | min(7.366322904932832E-4, 0.8960481844180606)
--------------------------------------
i = 216	Master Time = 2	Lamb = 31408	Total time = 931	Obj = 2801.88	Pricing Time = 2
i = 217	Master Time = 2	Lamb = 31513	Total time = 936	Obj = 2762.36	Pricing Time = 2
i = 218	Master Time = 2	Lamb = 31626	Total time = 940	Obj = 2758.86	Pricing Time = 2
i = 219	Master Time = 2	Lamb = 31694	Total time = 943	Obj = 2756.45	Pricing Time = 2
i = 220	Master Time = 1	Lamb = 31728	Total time = 947	Obj = 2755.25	Pricing Time = 3
i = 221	Master Time = 1	Lamb = 31749	Total time = 950	Obj = 2753.93	Pricing Time = 3
i = 222	Master Time = 1	Lamb = 31766	Total time = 955	Obj = 2737.83	Pricing Time = 3
i = 223	Master Time = 1	Lamb = 31781	Total time = 958	Obj = 2735.26	Pricing Time = 3
i = 224	Master Time = 1	Lamb = 31793	Total time = 962	Obj = 2726.43	Pricing Time = 2
i = 225	Master Time = 1	Lamb = 31805	Total time = 966	Obj = 2724.10	Pricing Time = 3
i = 226	Master Time = 1	Lamb = 31820	Total time = 969	Obj = 2720.38	Pricing Time = 2
i = 227	Master Time = 1	Lamb = 31829	Total time = 972	Obj = 2716.00	Pricing Time = 3
i = 228	Master Time = 0	Lamb = 31844	Total time = 976	Obj = 2715.11	Pricing Time = 3
i = 229	Master Time = 1	Lamb = 31856	Total time = 980	Obj = 2714.29	Pricing Time = 3
i = 230	Master Time = 1	Lamb = 31865	Total time = 984	Obj = 2713.33	Pricing Time = 3
i = 231	Master Time = 1	Lamb = 31871	Total time = 987	Obj = 2711.78	Pricing Time = 3
i = 232	Master Time = 1	Lamb = 31884	Total time = 991	Obj = 2711.44	Pricing Time = 3
i = 233	Master Time = 0	Lamb = 31888	Total time = 995	Obj = 2711.23	Pricing Time = 3
i = 234	Master Time = 1	Lamb = 31893	Total time = 998	Obj = 2710.53	Pricing Time = 3
i = 235	Master Time = 1	Lamb = 31897	Total time = 1003	Obj = 2709.50	Pricing Time = 3
i = 236	Master Time = 0	Lamb = 31903	Total time = 1006	Obj = 2709.23	Pricing Time = 4
i = 237	Master Time = 0	Lamb = 31905	Total time = 1010	Obj = 2708.70	Pricing Time = 3
i = 238	Master Time = 0	Lamb = 31908	Total time = 1013	Obj = 2708.50	Pricing Time = 4
i = 239	Master Time = 0	Lamb = 31912	Total time = 1017	Obj = 2708.31	Pricing Time = 3
i = 240	Master Time = 1	Lamb = 31917	Total time = 1020	Obj = 2708.28	Pricing Time = 3
--------------------------------------
n110w4_2_9-8-4-9
X fix to 1: 1242
X fix to 0: 0
Fractional X remaining: 253 | min(0.00993377483443679, 0.9503311258278146)
--------------------------------------
i = 241	Master Time = 0	Lamb = 31917	Total time = 1024	Obj = 2727.50	Pricing Time = 4
i = 242	Master Time = 1	Lamb = 31933	Total time = 1028	Obj = 2724.87	Pricing Time = 2
i = 243	Master Time = 0	Lamb = 31948	Total time = 1031	Obj = 2720.91	Pricing Time = 3
i = 244	Master Time = 1	Lamb = 31959	Total time = 1035	Obj = 2712.89	Pricing Time = 2
i = 245	Master Time = 1	Lamb = 31967	Total time = 1037	Obj = 2712.00	Pricing Time = 2
i = 246	Master Time = 1	Lamb = 31972	Total time = 1040	Obj = 2712.00	Pricing Time = 3
i = 247	Master Time = 0	Lamb = 31974	Total time = 1043	Obj = 2712.00	Pricing Time = 3
i = 248	Master Time = 0	Lamb = 31975	Total time = 1047	Obj = 2712.00	Pricing Time = 3
--------------------------------------
n110w4_2_9-8-4-9
X fix to 1: 1250
X fix to 0: 0
Fractional X remaining: 152 | min(0.033333333333333465, 0.9000000000000001)
--------------------------------------
i = 249	Master Time = 1	Lamb = 31975	Total time = 1051	Obj = 2730.00	Pricing Time = 3
i = 250	Master Time = 0	Lamb = 31992	Total time = 1054	Obj = 2725.00	Pricing Time = 3
i = 251	Master Time = 1	Lamb = 32010	Total time = 1057	Obj = 2715.00	Pricing Time = 3
i = 252	Master Time = 0	Lamb = 32016	Total time = 1061	Obj = 2715.00	Pricing Time = 3
i = 253	Master Time = 0	Lamb = 32028	Total time = 1064	Obj = 2715.00	Pricing Time = 4
i = 254	Master Time = 0	Lamb = 32032	Total time = 1068	Obj = 2715.00	Pricing Time = 3
i = 255	Master Time = 0	Lamb = 32033	Total time = 1071	Obj = 2715.00	Pricing Time = 3
i = 256	Master Time = 0	Lamb = 32035	Total time = 1074	Obj = 2715.00	Pricing Time = 4
--------------------------------------
n110w4_2_9-8-4-9
X fix to 1: 1251
X fix to 0: 1
Fractional X remaining: 91 | min(0.4999999999999998, 0.5000000000000002)
--------------------------------------
i = 257	Master Time = 0	Lamb = 32035	Total time = 1078	Obj = 2725.00	Pricing Time = 4
i = 258	Master Time = 0	Lamb = 32045	Total time = 1082	Obj = 2723.75	Pricing Time = 3
i = 259	Master Time = 0	Lamb = 32053	Total time = 1085	Obj = 2723.64	Pricing Time = 4
i = 260	Master Time = 0	Lamb = 32060	Total time = 1089	Obj = 2719.17	Pricing Time = 3
i = 261	Master Time = 1	Lamb = 32069	Total time = 1092	Obj = 2718.67	Pricing Time = 3
i = 262	Master Time = 0	Lamb = 32075	Total time = 1095	Obj = 2718.67	Pricing Time = 3
i = 263	Master Time = 0	Lamb = 32077	Total time = 1099	Obj = 2718.67	Pricing Time = 4
i = 264	Master Time = 0	Lamb = 32078	Total time = 1103	Obj = 2718.67	Pricing Time = 3
--------------------------------------
n110w4_2_9-8-4-9
X fix to 1: 1261
X fix to 0: 1
Fractional X remaining: 124 | min(0.06666666666666662, 0.9333333333333333)
--------------------------------------
i = 265	Master Time = 0	Lamb = 32078	Total time = 1106	Obj = 2722.50	Pricing Time = 3
i = 266	Master Time = 0	Lamb = 32082	Total time = 1109	Obj = 2721.25	Pricing Time = 3
i = 267	Master Time = 0	Lamb = 32086	Total time = 1112	Obj = 2720.00	Pricing Time = 3
i = 268	Master Time = 1	Lamb = 32088	Total time = 1115	Obj = 2720.00	Pricing Time = 3
--------------------------------------
n110w4_2_9-8-4-9
X fix to 1: 1262
X fix to 0: 1
Fractional X remaining: 69 | min(0.5, 0.5)
--------------------------------------
i = 269	Master Time = 0	Lamb = 32088	Total time = 1119	Obj = 2747.50	Pricing Time = 3
i = 270	Master Time = 1	Lamb = 32098	Total time = 1122	Obj = 2740.00	Pricing Time = 2
i = 271	Master Time = 1	Lamb = 32104	Total time = 1125	Obj = 2736.00	Pricing Time = 3
i = 272	Master Time = 0	Lamb = 32109	Total time = 1129	Obj = 2733.33	Pricing Time = 3
i = 273	Master Time = 0	Lamb = 32112	Total time = 1133	Obj = 2733.33	Pricing Time = 3
i = 274	Master Time = 0	Lamb = 32114	Total time = 1136	Obj = 2733.33	Pricing Time = 3
i = 275	Master Time = 1	Lamb = 32115	Total time = 1139	Obj = 2733.33	Pricing Time = 2
i = 276	Master Time = 1	Lamb = 32120	Total time = 1142	Obj = 2733.33	Pricing Time = 3
i = 277	Master Time = 0	Lamb = 32121	Total time = 1146	Obj = 2733.33	Pricing Time = 3
i = 278	Master Time = 0	Lamb = 32123	Total time = 1149	Obj = 2733.06	Pricing Time = 4
i = 279	Master Time = 0	Lamb = 32128	Total time = 1153	Obj = 2733.06	Pricing Time = 3
i = 280	Master Time = 0	Lamb = 32130	Total time = 1156	Obj = 2733.06	Pricing Time = 3
i = 281	Master Time = 0	Lamb = 32131	Total time = 1159	Obj = 2733.06	Pricing Time = 4
--------------------------------------
n110w4_2_9-8-4-9
X fix to 1: 1270
X fix to 0: 1
Fractional X remaining: 107 | min(0.055555555555554914, 0.9444444444444451)
--------------------------------------
i = 282	Master Time = 0	Lamb = 32131	Total time = 1162	Obj = 2733.33	Pricing Time = 3
i = 283	Master Time = 0	Lamb = 32132	Total time = 1165	Obj = 2733.33	Pricing Time = 3
--------------------------------------
n110w4_2_9-8-4-9
X fix to 1: 1271
X fix to 0: 2
Fractional X remaining: 74 | min(0.33333333333333304, 0.666666666666667)
--------------------------------------
i = 284	Master Time = 0	Lamb = 32132	Total time = 1168	Obj = 2740.00	Pricing Time = 2
i = 285	Master Time = 1	Lamb = 32134	Total time = 1171	Obj = 2733.33	Pricing Time = 3
i = 286	Master Time = 0	Lamb = 32136	Total time = 1175	Obj = 2733.33	Pricing Time = 3
i = 287	Master Time = 0	Lamb = 32137	Total time = 1178	Obj = 2733.33	Pricing Time = 4
i = 288	Master Time = 0	Lamb = 32138	Total time = 1181	Obj = 2733.33	Pricing Time = 2
--------------------------------------
n110w4_2_9-8-4-9
X fix to 1: 1272
X fix to 0: 3
Fractional X remaining: 70 | min(0.3333333333333332, 0.6666666666666667)
--------------------------------------
i = 289	Master Time = 1	Lamb = 32138	Total time = 1184	Obj = 2740.00	Pricing Time = 3
i = 290	Master Time = 0	Lamb = 32145	Total time = 1187	Obj = 2740.00	Pricing Time = 3
i = 291	Master Time = 0	Lamb = 32151	Total time = 1190	Obj = 2740.00	Pricing Time = 3
i = 292	Master Time = 0	Lamb = 32153	Total time = 1194	Obj = 2740.00	Pricing Time = 3
i = 293	Master Time = 0	Lamb = 32156	Total time = 1197	Obj = 2740.00	Pricing Time = 3
i = 294	Master Time = 1	Lamb = 32157	Total time = 1200	Obj = 2740.00	Pricing Time = 3

n110w4_2_9-8-4-9
Integer solution found

Printing SHIFT allocations
HN_0   |-|-|E|E|N|N|N| |N|-|-|-|E|E|N| |N|N|N|-|-|-|-| |N|N|N|N|N|-|-|
HN_1   |E|E|-|-|-|-|-| |L|L|-|-|-|-|-| |E|E|-|-|-|-|-| |-|-|E|E|-|-|-|
HN_2   |-|-|-|E|E|-|-| |-|-|E|E|-|-|-| |-|-|D|D|-|-|-| |-|-|-|-|L|L|-|
HN_3   |N|-|-|D|D|E|E| |E|-|-|N|N|N|N| |-|-|L|L|L|-|-| |E|E|D|D|D|-|-|
HN_4   |E|-|-|-|-|-|-| |L|L|L|-|-|-|-| |N|N|N|N|-|-|-| |-|-|-|-|D|D|L|
HN_5   |D|D|D|-|-|-|-| |E|E|E|-|-|-|-| |-|-|-|D|D|D|D| |D|-|-|-|-|-|-|
HN_6   |L|L|-|-|-|D|D| |D|D|-|-|-|L|L| |L|L|L|-|-|-|-| |L|L|L|L|L|-|-|
HN_7   |D|D|D|D|-|-|-| |-|D|D|D|D|-|-| |-|-|D|D|D|D|D| |D|-|-|-|-|D|D|
HN_8   |E|E|E|E|-|-|-| |E|E|E|E|-|-|-| |E|E|E|E|-|-|-| |-|E|E|E|E|-|-|
HN_9   |-|L|L|L|-|-|-| |-|-|-|-|E|E|L| |L|L|-|-|-|-|-| |-|-|L|L|L|-|-|
HN_10  |-|E|E|E|E|-|-| |-|E|E|E|E|-|-| |-|-|E|E|E|E|E| |-|-|-|-|E|E|E|
HN_11  |-|-|-|D|D|-|-| |-|-|-|-|D|D|-| |-|-|-|D|D|-|-| |-|-|-|D|D|-|-|
HN_12  |-|-|-|-|-|L|L| |L|-|-|-|-|-|-| |L|L|L|L|-|-|-| |L|L|L|L|-|-|-|
HN_13  |-|L|L|L|L|-|-| |-|D|D|E|E|-|-| |-|L|L|L|L|-|-| |-|L|L|L|L|-|-|
HN_14  |L|L|L|-|-|-|-| |L|L|L|L|-|-|-| |-|-|-|-|L|L|L| |L|-|-|-|-|-|-|
HN_15  |D|-|-|-|D|D|D| |D|-|-|-|-|D|D| |D|D|D|-|-|-|-| |D|D|D|D|D|-|-|
HN_16  |N|N|N|N|N|-|-| |D|D|L|L|L|-|-| |N|N|N|N|N|-|-| |N|N|N|N|N|-|-|
HN_17  |L|L|L|L|L|-|-| |-|-|-|-|-|L|L| |L|-|-|-|-|-|-| |L|L|L|-|-|-|-|
HN_18  |N|-|-|N|N|N|N| |-|-|D|D|D|-|-| |D|D|D|D|D|-|-| |E|E|E|-|-|D|D|
HN_19  |N|N|N|-|-|-|-| |N|N|N|N|N|-|-| |-|-|N|N|N|N|N| |-|-|-|-|N|N|N|
NU_20  |-|-|-|-|-|D|D| |D|D|-|-|-|-|-| |D|D|D|-|-|-|-| |D|D|D|D|-|-|-|
NU_21  |E|-|D|D|D|-|-| |N|N|N|N|N|-|-| |D|D|D|-|-|N|N| |N|N|-|-|N|N|N|
NU_22  |N|N|N|N|N|-|-| |N|N|N|N|N|-|-| |N|N|N|N|N|-|-| |N|N|N|N|N|-|-|
NU_23  |-|-|E|E|E|-|-| |-|-|-|-|E|E|E| |E|E|-|-|-|-|-| |-|-|E|E|E|-|-|
NU_24  |L|-|-|-|-|-|-| |E|E|E|-|-|-|-| |E|E|E|E|E|-|-| |-|-|-|-|-|E|E|
NU_25  |L|-|-|-|-|-|-| |N|N|N|N|N|-|-| |-|-|-|-|N|N|N| |N|N|-|-|-|-|-|
NU_26  |D|D|-|-|-|-|-| |D|D|-|-|-|-|-| |-|D|D|-|-|-|-| |-|-|-|D|D|-|-|
NU_27  |L|L|-|-|-|-|-| |L|L|-|-|-|-|-| |-|-|L|L|-|-|-| |-|-|-|-|L|L|L|
NU_28  |E|-|-|-|-|-|-| |N|N|N|N|N|-|-| |-|-|-|N|N|N|N| |N|-|-|-|-|-|-|
NU_29  |-|-|-|N|N|N|N| |N|-|-|-|-|N|N| |N|N|N|-|-|-|-| |N|N|N|N|N|-|-|
NU_30  |-|-|L|L|L|-|-| |-|N|N|N|N|-|-| |-|-|E|E|E|-|-| |-|-|-|-|N|N|N|
NU_31  |-|-|D|D|D|-|-| |-|-|-|-|-|E|E| |E|-|-|-|-|-|-| |E|E|D|D|D|-|-|
NU_32  |N|N|-|-|D|D|D| |-|-|D|D|D|-|-| |D|D|D|D|D|-|-| |D|D|D|-|-|D|D|
NU_33  |-|-|L|L|L|-|-| |L|L|L|L|L|-|-| |L|L|L|L|L|-|-| |L|L|L|L|L|-|-|
NU_34  |E|E|-|-|-|-|-| |-|-|E|E|-|-|-| |D|D|-|-|-|L|L| |-|-|-|-|-|-|-|
NU_35  |-|D|D|D|D|-|-| |-|-|D|D|D|D|D| |-|-|-|-|D|D|D| |D|D|D|-|-|-|-|
NU_36  |-|-|L|L|L|-|-| |-|-|L|L|L|-|-| |-|-|-|E|E|E|E| |E|-|-|-|-|-|-|
NU_37  |D|-|-|-|-|-|-| |E|E|E|-|-|-|-| |E|E|E|-|-|-|-| |E|E|E|E|-|-|-|
NU_38  |L|L|-|-|L|L|L| |-|-|L|L|L|-|-| |L|L|L|L|L|-|-| |L|L|L|L|L|-|-|
NU_39  |D|L|L|-|-|-|-| |E|E|D|D|-|-|-| |E|E|E|E|-|-|-| |E|E|E|E|E|-|-|
CT_40  |-|-|-|L|L|-|-| |-|-|-|-|-|L|L| |-|-|-|-|-|-|-| |L|L|-|-|-|-|-|
CT_41  |-|-|-|D|D|-|-| |-|-|-|-|D|D|-| |-|-|-|D|D|-|-| |-|-|-|D|D|-|-|
CT_42  |D|-|-|N|N|N|N| |-|-|E|E|E|-|-| |N|N|N|N|N|-|-| |N|N|N|N|N|-|-|
CT_43  |-|-|-|-|L|L|-| |-|-|-|L|L|-|-| |-|-|-|D|D|-|-| |-|-|-|L|L|-|-|
CT_44  |-|-|-|-|E|E|E| |E|E|-|-|-|-|-| |E|E|E|-|-|-|-| |E|E|E|-|-|-|-|
CT_45  |D|D|D|D|-|-|-| |N|N|N|N|-|-|-| |N|N|N|N|-|-|-| |-|L|L|L|L|-|-|
CT_46  |-|-|E|E|E|-|-| |-|-|-|-|E|E|L| |L|L|-|-|-|-|-| |-|-|L|L|L|-|-|
CT_47  |E|-|-|D|D|D|E| |E|-|-|D|D|E|E| |-|-|L|L|L|-|-| |D|D|D|D|D|-|-|
CT_48  |-|-|E|E|E|-|-| |-|-|-|-|-|E|E| |E|E|E|-|-|-|-| |-|-|E|E|E|-|-|
CT_49  |E|E|D|D|D|-|-| |N|N|N|N|N|-|-| |L|L|L|-|-|E|E| |E|-|-|E|E|D|D|
CT_50  |E|E|E|-|-|-|-| |L|L|L|L|L|-|-| |-|-|L|L|L|L|L| |-|-|-|-|L|L|L|
CT_51  |L|L|L|-|-|-|-| |-|-|-|N|N|N|N| |N|-|-|-|-|-|-| |E|E|E|-|-|-|-|
CT_52  |E|E|E|E|-|-|-| |N|N|N|N|N|-|-| |-|-|E|E|E|E|E| |-|-|-|N|N|N|N|
CT_53  |L|L|L|-|-|-|-| |L|L|L|L|-|-|-| |-|-|-|-|L|L|L| |L|-|-|-|-|-|-|
CT_54  |N|N|-|-|E|E|D| |D|-|-|N|N|N|N| |-|-|L|L|L|-|-| |E|E|E|D|D|-|-|
CT_55  |-|-|-|D|D|-|-| |-|-|-|-|-|D|D| |-|-|-|-|-|-|-| |D|D|-|-|-|-|-|
CT_56  |D|-|-|-|-|-|-| |L|L|-|-|-|-|-| |E|E|-|-|-|-|D| |D|-|-|-|-|-|-|
CT_57  |-|-|-|-|E|E|E| |E|-|-|-|-|-|-| |E|E|E|E|E|-|-| |-|-|E|E|E|-|-|
CT_58  |D|D|-|-|-|-|-| |L|L|-|-|-|-|-| |D|D|-|-|-|-|-| |D|D|-|-|L|L|-|
CT_59  |-|E|E|L|L|-|-| |-|D|D|D|D|-|-| |-|-|L|L|L|L|L| |-|-|-|-|E|E|D|
CT_60  |L|-|-|-|-|-|-| |L|L|L|-|-|-|-| |L|L|L|-|-|-|-| |-|-|-|L|L|L|L|
CT_61  |-|N|N|N|N|N|-| |-|-|-|D|D|-|-| |-|-|-|D|D|-|-| |-|-|-|D|D|-|-|
CT_62  |N|N|N|N|N|-|-| |N|N|N|N|N|-|-| |N|N|N|N|N|-|-| |N|N|N|N|N|-|-|
CT_63  |D|D|D|D|-|-|-| |D|D|D|D|-|-|-| |D|D|D|D|-|-|-| |D|D|D|D|-|-|-|
CT_64  |N|N|-|-|-|-|-| |-|D|D|D|-|-|-| |-|-|D|D|D|-|-| |-|-|-|-|E|E|D|
CT_65  |N|N|N|N|N|-|-| |D|D|D|L|L|-|-| |N|N|N|N|N|-|-| |N|N|N|N|N|-|-|
CT_66  |N|-|-|-|L|L|L| |L|-|-|-|-|L|L| |L|L|L|-|-|-|-| |L|L|L|L|L|-|-|
CT_67  |-|N|N|N|N|N|-| |-|-|-|E|E|-|-| |D|D|-|-|-|-|-| |L|L|-|-|-|-|-|
CT_68  |E|E|E|-|-|-|-| |E|E|E|E|-|-|-| |-|-|-|-|E|E|E| |E|-|-|-|-|-|-|
CT_69  |-|-|D|D|D|-|-| |-|-|L|L|L|-|-| |-|-|-|-|D|D|N| |N|N|-|-|-|-|-|
CT_70  |D|D|L|L|L|-|-| |-|-|E|E|N|N|N| |N|-|-|-|-|D|D| |D|L|L|-|-|-|-|
CT_71  |-|-|N|N|N|N|-| |-|-|-|D|D|-|-| |E|E|-|-|-|-|-| |-|-|D|D|D|-|-|
CT_72  |-|-|-|-|E|E|-| |-|-|-|E|E|-|-| |-|-|-|E|E|-|-| |-|-|-|E|E|-|-|
CT_73  |L|L|-|-|-|-|-| |E|E|-|-|-|-|-| |-|D|D|-|-|-|-| |-|-|-|N|N|N|-|
CT_74  |-|-|-|L|L|-|-| |-|-|-|-|-|L|L| |-|-|-|-|-|-|-| |L|L|-|-|-|-|-|
CT_75  |-|L|L|L|L|-|-| |-|D|D|E|E|-|-| |-|-|N|N|N|N|N| |-|-|-|-|D|D|E|
CT_76  |N|N|-|-|D|D|D| |D|D|-|-|D|D|D| |-|-|D|D|D|-|-| |D|D|D|D|D|-|-|
CT_77  |D|D|E|E|E|-|-| |E|E|L|L|L|-|-| |N|N|N|N|N|-|-| |N|N|N|N|N|-|-|
CT_78  |L|L|-|-|L|L|L| |-|-|L|L|L|-|-| |E|E|E|D|D|-|-| |L|L|L|-|-|E|E|
CT_79  |-|-|-|E|E|-|-| |-|-|-|-|E|E|-| |-|-|-|E|E|-|-| |-|-|-|E|E|-|-|
TR_80  |-|D|D|D|D|-|-| |-|-|N|N|N|N|N| |-|-|-|-|D|D|D| |E|E|E|-|-|-|-|
TR_81  |E|E|E|-|-|-|-| |E|E|E|E|-|-|-| |-|-|-|-|D|D|D| |D|-|-|-|-|-|-|
TR_82  |-|-|E|E|E|-|-| |-|-|-|-|N|N|N| |N|N|-|-|-|-|-| |-|-|D|D|D|-|-|
TR_83  |D|-|-|-|L|L|N| |N|N|N|-|-|-|-| |N|N|N|N|-|-|-| |-|D|D|E|E|-|-|
TR_84  |L|L|L|L|-|-|-| |L|L|L|L|-|-|-| |L|L|L|L|-|-|-| |L|L|L|L|-|-|-|
TR_85  |L|L|-|-|-|-|-| |L|L|-|-|-|-|-| |L|L|-|-|-|-|L| |L|-|-|-|-|-|-|
TR_86  |-|-|-|-|D|D|D| |-|-|-|-|-|-|-| |D|D|D|-|-|-|-| |D|D|D|D|D|-|-|
TR_87  |-|-|N|N|N|N|N| |-|-|-|-|D|D|E| |E|D|D|-|-|-|-| |L|L|L|L|-|-|-|
TR_88  |N|N|N|N|N|-|-| |-|L|L|L|L|-|-| |-|-|E|E|N|N|N| |N|-|-|-|D|D|D|
TR_89  |E|-|-|-|E|E|E| |E|-|-|E|E|E|E| |E|-|-|D|D|D|E| |E|-|-|E|E|E|E|
TR_90  |N|-|-|-|-|-|-| |D|D|D|D|-|-|-| |-|E|E|E|-|-|-| |-|-|-|-|N|N|N|
TR_91  |-|-|D|D|D|-|-| |N|N|N|N|N|-|-| |E|E|L|L|L|-|-| |N|N|N|N|N|-|-|
TR_92  |-|-|-|-|-|L|L| |-|-|-|-|-|-|-| |L|L|-|-|-|-|-| |L|L|-|-|-|-|-|
TR_93  |-|-|E|E|E|-|-| |-|-|-|-|D|D|L| |L|L|-|-|-|-|-| |-|-|D|D|D|-|-|
TR_94  |D|D|D|-|-|-|-| |-|-|L|L|L|-|-| |-|-|-|-|-|N|N| |N|N|N|-|-|-|-|
TR_95  |L|L|-|-|-|-|-| |E|E|-|-|-|-|-| |E|E|-|-|-|-|-| |L|L|-|-|-|-|-|
TR_96  |N|N|N|N|N|-|-| |-|E|E|E|E|-|-| |-|-|E|E|E|L|L| |-|-|-|-|E|E|E|
TR_97  |L|L|-|-|N|N|N| |N|-|-|L|L|L|L| |-|-|D|D|D|-|-| |N|N|N|N|N|-|-|
TR_98  |-|E|E|L|L|-|-| |-|-|E|E|E|D|D| |D|-|-|-|-|E|E| |E|E|E|-|-|-|-|
TR_99  |D|D|L|L|-|-|-| |N|N|N|N|-|-|-| |-|D|D|E|E|-|-| |-|L|L|L|L|-|-|
TR_100 |N|N|N|N|N|-|-| |N|N|N|N|N|-|-| |L|L|L|-|-|E|E| |E|-|-|L|L|L|L|
TR_101 |D|D|D|L|L|-|-| |L|L|L|L|L|-|-| |N|N|N|N|N|-|-| |D|D|E|E|E|-|-|
TR_102 |-|-|-|L|L|-|-| |-|-|-|D|D|-|-| |-|-|-|L|L|-|-| |-|-|-|-|L|L|-|
TR_103 |-|-|E|E|E|-|-| |-|L|L|L|-|-|-| |-|-|-|N|N|N|N| |N|-|-|-|-|-|-|
TR_104 |E|E|-|-|D|D|D| |-|-|E|E|E|-|-| |N|N|N|N|N|-|-| |E|E|E|-|-|D|D|
TR_105 |N|N|N|-|-|-|-| |D|D|D|D|-|-|-| |D|D|D|D|-|-|-| |-|E|E|D|D|-|-|
TR_106 |E|-|-|D|D|E|E| |E|-|-|D|D|E|E| |-|-|E|E|E|-|-| |D|D|D|L|L|-|-|
TR_107 |E|E|D|D|-|-|-| |D|D|E|E|-|-|-| |-|E|E|L|L|-|-| |-|-|N|N|N|N|N|
TR_108 |D|D|-|-|-|-|-| |E|E|-|-|-|-|-| |D|D|-|-|-|-|-| |D|D|-|-|-|-|-|
TR_109 |L|L|L|-|-|-|-| |D|D|D|D|-|-|-| |-|N|N|N|N|-|-| |-|N|N|N|N|-|-|
Total assignment constraints: 2120
Consecutive constraints: 60
Non working days constraints: 30
Preferences: 320
Max working weekend: 60
Complete weekends: 0
Optimal coverage constraints: 150
TOTAL = 2740
