Creating directory: out/n035w4_2_8-6-7-1

-----------------------------------------------------------
Instance	n035w4_2_8-6-7-1
algorithm	=	vns
maxIter	=	10
eliteSet	=	10
shakePerc	=	0.9
bestKnow	=	1250.72
minColsIter	=	0.35
minRoundDown	=	-1.0
minRoundUp	=	0.67
seed	=	0
onlyRelax	=	false
nThreads	=	20
alpha	=	0.6
timeOut	=	14600
-----------------------------------------------------------
Parallels mode has been selected.
i = 0	Master Time = 0	Lamb = 0	Total time = 2	Obj = 199040.00	Pricing Time = 0
i = 1	Master Time = 0	Lamb = 227	Total time = 3	Obj = 76061.25	Pricing Time = 0
i = 2	Master Time = 1	Lamb = 439	Total time = 3	Obj = 31904.06	Pricing Time = 0
i = 3	Master Time = 0	Lamb = 655	Total time = 4	Obj = 25836.20	Pricing Time = 0
i = 4	Master Time = 1	Lamb = 847	Total time = 4	Obj = 21098.76	Pricing Time = 0
i = 5	Master Time = 1	Lamb = 1048	Total time = 5	Obj = 14977.43	Pricing Time = 0
i = 6	Master Time = 1	Lamb = 1243	Total time = 6	Obj = 9862.01	Pricing Time = 0
i = 7	Master Time = 1	Lamb = 1462	Total time = 8	Obj = 7113.09	Pricing Time = 0
i = 8	Master Time = 1	Lamb = 1643	Total time = 9	Obj = 6255.28	Pricing Time = 0
i = 9	Master Time = 1	Lamb = 1865	Total time = 9	Obj = 5488.45	Pricing Time = 0
i = 10	Master Time = 1	Lamb = 2078	Total time = 10	Obj = 4901.45	Pricing Time = 0
i = 11	Master Time = 1	Lamb = 2282	Total time = 11	Obj = 4305.64	Pricing Time = 0
i = 12	Master Time = 1	Lamb = 2485	Total time = 12	Obj = 3987.33	Pricing Time = 0
i = 13	Master Time = 1	Lamb = 2678	Total time = 13	Obj = 3665.86	Pricing Time = 0
i = 14	Master Time = 1	Lamb = 2866	Total time = 14	Obj = 3218.79	Pricing Time = 0
i = 15	Master Time = 1	Lamb = 3057	Total time = 16	Obj = 2944.83	Pricing Time = 0
i = 16	Master Time = 2	Lamb = 3231	Total time = 17	Obj = 2745.16	Pricing Time = 0
i = 17	Master Time = 1	Lamb = 3389	Total time = 18	Obj = 2552.36	Pricing Time = 0
i = 18	Master Time = 1	Lamb = 3552	Total time = 19	Obj = 2425.52	Pricing Time = 0
i = 19	Master Time = 1	Lamb = 3717	Total time = 21	Obj = 2306.35	Pricing Time = 1
i = 20	Master Time = 0	Lamb = 3875	Total time = 22	Obj = 2210.75	Pricing Time = 1
i = 21	Master Time = 0	Lamb = 4021	Total time = 23	Obj = 2128.74	Pricing Time = 1
i = 22	Master Time = 1	Lamb = 4152	Total time = 24	Obj = 2052.03	Pricing Time = 0
i = 23	Master Time = 1	Lamb = 4286	Total time = 25	Obj = 1999.83	Pricing Time = 0
i = 24	Master Time = 0	Lamb = 4426	Total time = 26	Obj = 1969.94	Pricing Time = 0
i = 25	Master Time = 1	Lamb = 4576	Total time = 27	Obj = 1919.05	Pricing Time = 0
i = 26	Master Time = 1	Lamb = 4698	Total time = 28	Obj = 1888.37	Pricing Time = 0
i = 27	Master Time = 1	Lamb = 4816	Total time = 29	Obj = 1846.88	Pricing Time = 0
i = 28	Master Time = 1	Lamb = 4941	Total time = 30	Obj = 1804.83	Pricing Time = 1
i = 29	Master Time = 0	Lamb = 5069	Total time = 31	Obj = 1763.23	Pricing Time = 1
i = 30	Master Time = 0	Lamb = 5180	Total time = 32	Obj = 1742.75	Pricing Time = 0
i = 31	Master Time = 1	Lamb = 5275	Total time = 33	Obj = 1716.81	Pricing Time = 0
i = 32	Master Time = 1	Lamb = 5369	Total time = 33	Obj = 1694.08	Pricing Time = 0
i = 33	Master Time = 1	Lamb = 5476	Total time = 34	Obj = 1680.13	Pricing Time = 0
i = 34	Master Time = 1	Lamb = 5570	Total time = 35	Obj = 1672.11	Pricing Time = 0
i = 35	Master Time = 0	Lamb = 5662	Total time = 36	Obj = 1655.40	Pricing Time = 1
i = 36	Master Time = 1	Lamb = 5758	Total time = 37	Obj = 1644.73	Pricing Time = 0
i = 37	Master Time = 0	Lamb = 5829	Total time = 38	Obj = 1635.48	Pricing Time = 0
i = 38	Master Time = 1	Lamb = 5910	Total time = 38	Obj = 1623.67	Pricing Time = 0
i = 39	Master Time = 1	Lamb = 5979	Total time = 39	Obj = 1610.89	Pricing Time = 0
i = 40	Master Time = 1	Lamb = 6057	Total time = 41	Obj = 1599.76	Pricing Time = 0
i = 41	Master Time = 1	Lamb = 6128	Total time = 41	Obj = 1589.25	Pricing Time = 0
i = 42	Master Time = 1	Lamb = 6199	Total time = 42	Obj = 1582.02	Pricing Time = 0
i = 43	Master Time = 0	Lamb = 6279	Total time = 43	Obj = 1575.38	Pricing Time = 1
i = 44	Master Time = 0	Lamb = 6339	Total time = 44	Obj = 1567.29	Pricing Time = 1
i = 45	Master Time = 0	Lamb = 6390	Total time = 45	Obj = 1562.52	Pricing Time = 1
i = 46	Master Time = 0	Lamb = 6452	Total time = 46	Obj = 1553.18	Pricing Time = 1
i = 47	Master Time = 0	Lamb = 6511	Total time = 47	Obj = 1547.46	Pricing Time = 1
i = 48	Master Time = 1	Lamb = 6570	Total time = 48	Obj = 1541.07	Pricing Time = 0
i = 49	Master Time = 1	Lamb = 6623	Total time = 49	Obj = 1534.23	Pricing Time = 0
i = 50	Master Time = 0	Lamb = 6676	Total time = 49	Obj = 1530.84	Pricing Time = 0
i = 51	Master Time = 1	Lamb = 6716	Total time = 50	Obj = 1527.54	Pricing Time = 0
i = 52	Master Time = 1	Lamb = 6755	Total time = 51	Obj = 1524.79	Pricing Time = 0
i = 53	Master Time = 1	Lamb = 6794	Total time = 52	Obj = 1518.47	Pricing Time = 0
i = 54	Master Time = 1	Lamb = 6838	Total time = 53	Obj = 1514.73	Pricing Time = 0
i = 55	Master Time = 0	Lamb = 6871	Total time = 54	Obj = 1512.85	Pricing Time = 1
i = 56	Master Time = 0	Lamb = 6898	Total time = 55	Obj = 1510.59	Pricing Time = 1
i = 57	Master Time = 0	Lamb = 6927	Total time = 56	Obj = 1509.35	Pricing Time = 1
i = 58	Master Time = 0	Lamb = 6961	Total time = 57	Obj = 1504.72	Pricing Time = 1
i = 59	Master Time = 0	Lamb = 6986	Total time = 58	Obj = 1504.02	Pricing Time = 1
i = 60	Master Time = 1	Lamb = 7023	Total time = 59	Obj = 1497.82	Pricing Time = 0
i = 61	Master Time = 1	Lamb = 7054	Total time = 60	Obj = 1495.80	Pricing Time = 0
i = 62	Master Time = 1	Lamb = 7087	Total time = 61	Obj = 1491.19	Pricing Time = 0
i = 63	Master Time = 0	Lamb = 7111	Total time = 61	Obj = 1489.87	Pricing Time = 0
i = 64	Master Time = 1	Lamb = 7137	Total time = 62	Obj = 1488.27	Pricing Time = 0
i = 65	Master Time = 1	Lamb = 7167	Total time = 63	Obj = 1484.80	Pricing Time = 0
i = 66	Master Time = 1	Lamb = 7186	Total time = 64	Obj = 1484.31	Pricing Time = 9
i = 67	Master Time = 2	Lamb = 7252	Total time = 75	Obj = 1458.22	Pricing Time = 0
i = 68	Master Time = 1	Lamb = 7291	Total time = 76	Obj = 1455.03	Pricing Time = 0
i = 69	Master Time = 1	Lamb = 7325	Total time = 77	Obj = 1449.64	Pricing Time = 0
i = 70	Master Time = 0	Lamb = 7359	Total time = 77	Obj = 1447.69	Pricing Time = 1
i = 71	Master Time = 0	Lamb = 7389	Total time = 79	Obj = 1445.96	Pricing Time = 1
i = 72	Master Time = 0	Lamb = 7419	Total time = 80	Obj = 1444.91	Pricing Time = 1
i = 73	Master Time = 1	Lamb = 7452	Total time = 81	Obj = 1444.14	Pricing Time = 0
i = 74	Master Time = 0	Lamb = 7475	Total time = 82	Obj = 1443.52	Pricing Time = 1
i = 75	Master Time = 0	Lamb = 7498	Total time = 83	Obj = 1442.65	Pricing Time = 1
i = 76	Master Time = 0	Lamb = 7529	Total time = 84	Obj = 1440.98	Pricing Time = 1
i = 77	Master Time = 0	Lamb = 7552	Total time = 85	Obj = 1440.53	Pricing Time = 1
i = 78	Master Time = 1	Lamb = 7572	Total time = 86	Obj = 1439.19	Pricing Time = 0
i = 79	Master Time = 0	Lamb = 7592	Total time = 87	Obj = 1438.00	Pricing Time = 8
i = 80	Master Time = 2	Lamb = 7665	Total time = 96	Obj = 1416.36	Pricing Time = 0
i = 81	Master Time = 0	Lamb = 7695	Total time = 97	Obj = 1412.90	Pricing Time = 1
i = 82	Master Time = 0	Lamb = 7719	Total time = 97	Obj = 1411.81	Pricing Time = 10
i = 83	Master Time = 1	Lamb = 7790	Total time = 109	Obj = 1394.83	Pricing Time = 1
i = 84	Master Time = 0	Lamb = 7825	Total time = 109	Obj = 1392.81	Pricing Time = 0
i = 85	Master Time = 1	Lamb = 7855	Total time = 111	Obj = 1389.40	Pricing Time = 0
i = 86	Master Time = 1	Lamb = 7873	Total time = 111	Obj = 1388.21	Pricing Time = 0
i = 87	Master Time = 1	Lamb = 7894	Total time = 113	Obj = 1387.11	Pricing Time = 8
i = 88	Master Time = 1	Lamb = 7965	Total time = 122	Obj = 1368.64	Pricing Time = 0
i = 89	Master Time = 1	Lamb = 7994	Total time = 123	Obj = 1367.84	Pricing Time = 0
i = 90	Master Time = 1	Lamb = 8023	Total time = 125	Obj = 1367.20	Pricing Time = 0
i = 91	Master Time = 1	Lamb = 8044	Total time = 126	Obj = 1366.35	Pricing Time = 0
i = 92	Master Time = 1	Lamb = 8063	Total time = 127	Obj = 1362.41	Pricing Time = 9
i = 93	Master Time = 1	Lamb = 8133	Total time = 136	Obj = 1346.57	Pricing Time = 0
i = 94	Master Time = 1	Lamb = 8159	Total time = 138	Obj = 1344.12	Pricing Time = 1
i = 95	Master Time = 0	Lamb = 8180	Total time = 138	Obj = 1343.53	Pricing Time = 0
i = 96	Master Time = 0	Lamb = 8195	Total time = 139	Obj = 1343.35	Pricing Time = 1
i = 97	Master Time = 0	Lamb = 8212	Total time = 140	Obj = 1342.40	Pricing Time = 10
i = 98	Master Time = 2	Lamb = 8286	Total time = 151	Obj = 1320.96	Pricing Time = 0
i = 99	Master Time = 1	Lamb = 8311	Total time = 152	Obj = 1319.37	Pricing Time = 0
i = 100	Master Time = 1	Lamb = 8329	Total time = 153	Obj = 1318.78	Pricing Time = 9
i = 101	Master Time = 2	Lamb = 8399	Total time = 164	Obj = 1308.15	Pricing Time = 0
i = 102	Master Time = 1	Lamb = 8428	Total time = 165	Obj = 1306.82	Pricing Time = 0
i = 103	Master Time = 1	Lamb = 8451	Total time = 166	Obj = 1305.77	Pricing Time = 0
i = 104	Master Time = 0	Lamb = 8479	Total time = 167	Obj = 1305.18	Pricing Time = 8
i = 105	Master Time = 1	Lamb = 8567	Total time = 176	Obj = 1295.67	Pricing Time = 1
i = 106	Master Time = 0	Lamb = 8595	Total time = 177	Obj = 1293.57	Pricing Time = 1
i = 107	Master Time = 0	Lamb = 8624	Total time = 178	Obj = 1293.03	Pricing Time = 1
i = 108	Master Time = 0	Lamb = 8648	Total time = 179	Obj = 1291.50	Pricing Time = 1
i = 109	Master Time = 0	Lamb = 8671	Total time = 180	Obj = 1291.17	Pricing Time = 12
i = 110	Master Time = 2	Lamb = 8746	Total time = 193	Obj = 1285.89	Pricing Time = 7
i = 111	Master Time = 1	Lamb = 8821	Total time = 202	Obj = 1282.91	Pricing Time = 8
i = 112	Master Time = 1	Lamb = 8885	Total time = 210	Obj = 1278.49	Pricing Time = 9
i = 113	Master Time = 2	Lamb = 8971	Total time = 221	Obj = 1276.00	Pricing Time = 7
i = 114	Master Time = 1	Lamb = 9038	Total time = 229	Obj = 1274.08	Pricing Time = 8
i = 115	Master Time = 1	Lamb = 9102	Total time = 239	Obj = 1271.51	Pricing Time = 8
i = 116	Master Time = 2	Lamb = 9164	Total time = 248	Obj = 1269.59	Pricing Time = 6
i = 117	Master Time = 2	Lamb = 9221	Total time = 256	Obj = 1267.54	Pricing Time = 6
i = 118	Master Time = 2	Lamb = 9260	Total time = 264	Obj = 1264.26	Pricing Time = 0
i = 119	Master Time = 1	Lamb = 9281	Total time = 266	Obj = 1264.23	Pricing Time = 7
i = 120	Master Time = 1	Lamb = 9332	Total time = 273	Obj = 1262.67	Pricing Time = 0
i = 121	Master Time = 1	Lamb = 9408	Total time = 275	Obj = 1262.65	Pricing Time = 0
i = 122	Master Time = 1	Lamb = 9443	Total time = 275	Obj = 1262.61	Pricing Time = 7
i = 123	Master Time = 1	Lamb = 9498	Total time = 284	Obj = 1261.49	Pricing Time = 1
i = 124	Master Time = 1	Lamb = 9521	Total time = 285	Obj = 1261.42	Pricing Time = 6
i = 125	Master Time = 1	Lamb = 9586	Total time = 293	Obj = 1260.85	Pricing Time = 9
i = 126	Master Time = 1	Lamb = 9649	Total time = 302	Obj = 1259.10	Pricing Time = 8
i = 127	Master Time = 1	Lamb = 9699	Total time = 312	Obj = 1257.81	Pricing Time = 7
i = 128	Master Time = 1	Lamb = 9748	Total time = 319	Obj = 1256.34	Pricing Time = 10
i = 129	Master Time = 1	Lamb = 9796	Total time = 330	Obj = 1255.87	Pricing Time = 12
i = 130	Master Time = 1	Lamb = 9842	Total time = 343	Obj = 1254.51	Pricing Time = 11
i = 131	Master Time = 0	Lamb = 9892	Total time = 354	Obj = 1253.91	Pricing Time = 8
i = 132	Master Time = 0	Lamb = 9908	Total time = 363	Obj = 1253.16	Pricing Time = 14
i = 133	Master Time = 1	Lamb = 9918	Total time = 377	Obj = 1252.53	Pricing Time = 14
i = 134	Master Time = 0	Lamb = 9930	Total time = 391	Obj = 1252.15	Pricing Time = 11
i = 135	Master Time = 0	Lamb = 9945	Total time = 402	Obj = 1252.02	Pricing Time = 10
i = 136	Master Time = 1	Lamb = 9958	Total time = 413	Obj = 1251.92	Pricing Time = 10
i = 137	Master Time = 0	Lamb = 9970	Total time = 424	Obj = 1251.80	Pricing Time = 11
i = 138	Master Time = 0	Lamb = 9978	Total time = 434	Obj = 1251.80	Pricing Time = 8
i = 139	Master Time = 0	Lamb = 9991	Total time = 443	Obj = 1251.75	Pricing Time = 12
i = 140	Master Time = 0	Lamb = 10002	Total time = 454	Obj = 1251.59	Pricing Time = 8
i = 141	Master Time = 0	Lamb = 10011	Total time = 463	Obj = 1251.46	Pricing Time = 8
i = 142	Master Time = 0	Lamb = 10020	Total time = 471	Obj = 1251.27	Pricing Time = 11
i = 143	Master Time = 0	Lamb = 10027	Total time = 482	Obj = 1251.17	Pricing Time = 11
i = 144	Master Time = 0	Lamb = 10039	Total time = 493	Obj = 1251.04	Pricing Time = 10
i = 145	Master Time = 0	Lamb = 10054	Total time = 502	Obj = 1250.98	Pricing Time = 8
i = 146	Master Time = 0	Lamb = 10063	Total time = 511	Obj = 1250.94	Pricing Time = 9
i = 147	Master Time = 0	Lamb = 10072	Total time = 519	Obj = 1250.89	Pricing Time = 11
i = 148	Master Time = 0	Lamb = 10081	Total time = 531	Obj = 1250.85	Pricing Time = 11
i = 149	Master Time = 0	Lamb = 10085	Total time = 541	Obj = 1250.81	Pricing Time = 10
i = 150	Master Time = 0	Lamb = 10097	Total time = 552	Obj = 1250.72	Pricing Time = 9
i = 151	Master Time = 0	Lamb = 10099	Total time = 560	Obj = 1250.72	Pricing Time = 10

Optimal of relaxation found.
Fractional X Variables: 1974 (min: 1.0163803710072639E-4 max: 0.9864596584716272)
--------------------------------------
n035w4_2_8-6-7-1
X fix to 1: 166
X fix to 0: 0
Fractional X remaining: 1974 | min(1.0163803710072639E-4, 0.9864596584716272)
--------------------------------------
i = 152	Master Time = 2	Lamb = 10099	Total time = 572	Obj = 1793.19	Pricing Time = 0
i = 153	Master Time = 1	Lamb = 10294	Total time = 573	Obj = 1638.32	Pricing Time = 0
i = 154	Master Time = 2	Lamb = 10453	Total time = 575	Obj = 1513.07	Pricing Time = 0
i = 155	Master Time = 1	Lamb = 10597	Total time = 576	Obj = 1486.50	Pricing Time = 0
i = 156	Master Time = 1	Lamb = 10726	Total time = 577	Obj = 1459.23	Pricing Time = 0
i = 157	Master Time = 1	Lamb = 10825	Total time = 578	Obj = 1431.88	Pricing Time = 0
i = 158	Master Time = 2	Lamb = 10912	Total time = 580	Obj = 1404.60	Pricing Time = 0
i = 159	Master Time = 0	Lamb = 10990	Total time = 581	Obj = 1392.41	Pricing Time = 1
i = 160	Master Time = 0	Lamb = 11048	Total time = 582	Obj = 1379.09	Pricing Time = 0
i = 161	Master Time = 1	Lamb = 11105	Total time = 583	Obj = 1366.53	Pricing Time = 0
i = 162	Master Time = 1	Lamb = 11159	Total time = 583	Obj = 1362.52	Pricing Time = 0
i = 163	Master Time = 1	Lamb = 11208	Total time = 584	Obj = 1359.30	Pricing Time = 0
i = 164	Master Time = 1	Lamb = 11259	Total time = 585	Obj = 1355.07	Pricing Time = 0
i = 165	Master Time = 0	Lamb = 11289	Total time = 586	Obj = 1352.48	Pricing Time = 1
i = 166	Master Time = 0	Lamb = 11328	Total time = 587	Obj = 1349.39	Pricing Time = 0
i = 167	Master Time = 1	Lamb = 11361	Total time = 587	Obj = 1345.85	Pricing Time = 0
i = 168	Master Time = 1	Lamb = 11388	Total time = 589	Obj = 1341.82	Pricing Time = 0
i = 169	Master Time = 1	Lamb = 11416	Total time = 589	Obj = 1339.08	Pricing Time = 0
i = 170	Master Time = 0	Lamb = 11439	Total time = 590	Obj = 1337.01	Pricing Time = 3
i = 171	Master Time = 2	Lamb = 11490	Total time = 594	Obj = 1314.21	Pricing Time = 0
i = 172	Master Time = 1	Lamb = 11516	Total time = 595	Obj = 1311.91	Pricing Time = 0
i = 173	Master Time = 0	Lamb = 11543	Total time = 596	Obj = 1310.21	Pricing Time = 3
i = 174	Master Time = 1	Lamb = 11595	Total time = 599	Obj = 1301.23	Pricing Time = 0
i = 175	Master Time = 1	Lamb = 11617	Total time = 600	Obj = 1299.62	Pricing Time = 0
i = 176	Master Time = 1	Lamb = 11641	Total time = 601	Obj = 1297.59	Pricing Time = 0
i = 177	Master Time = 1	Lamb = 11659	Total time = 602	Obj = 1294.44	Pricing Time = 2
i = 178	Master Time = 1	Lamb = 11709	Total time = 605	Obj = 1289.61	Pricing Time = 3
i = 179	Master Time = 1	Lamb = 11751	Total time = 609	Obj = 1285.56	Pricing Time = 0
i = 180	Master Time = 1	Lamb = 11770	Total time = 610	Obj = 1282.83	Pricing Time = 0
i = 181	Master Time = 1	Lamb = 11790	Total time = 611	Obj = 1282.37	Pricing Time = 2
i = 182	Master Time = 1	Lamb = 11832	Total time = 615	Obj = 1271.75	Pricing Time = 1
i = 183	Master Time = 1	Lamb = 11895	Total time = 616	Obj = 1271.28	Pricing Time = 0
i = 184	Master Time = 1	Lamb = 11940	Total time = 618	Obj = 1269.12	Pricing Time = 1
i = 185	Master Time = 1	Lamb = 11995	Total time = 620	Obj = 1268.90	Pricing Time = 0
i = 186	Master Time = 2	Lamb = 12054	Total time = 621	Obj = 1268.68	Pricing Time = 0
i = 187	Master Time = 1	Lamb = 12104	Total time = 623	Obj = 1268.63	Pricing Time = 0
i = 188	Master Time = 1	Lamb = 12147	Total time = 624	Obj = 1267.38	Pricing Time = 1
i = 189	Master Time = 0	Lamb = 12169	Total time = 625	Obj = 1267.08	Pricing Time = 0
i = 190	Master Time = 1	Lamb = 12202	Total time = 625	Obj = 1267.03	Pricing Time = 3
i = 191	Master Time = 1	Lamb = 12247	Total time = 629	Obj = 1265.72	Pricing Time = 3
i = 192	Master Time = 1	Lamb = 12294	Total time = 633	Obj = 1264.42	Pricing Time = 4
i = 193	Master Time = 1	Lamb = 12328	Total time = 639	Obj = 1263.59	Pricing Time = 1
i = 194	Master Time = 0	Lamb = 12366	Total time = 639	Obj = 1263.59	Pricing Time = 0
i = 195	Master Time = 1	Lamb = 12393	Total time = 640	Obj = 1263.49	Pricing Time = 4
i = 196	Master Time = 1	Lamb = 12435	Total time = 645	Obj = 1263.21	Pricing Time = 3
i = 197	Master Time = 1	Lamb = 12472	Total time = 650	Obj = 1262.93	Pricing Time = 0
i = 198	Master Time = 1	Lamb = 12491	Total time = 650	Obj = 1262.93	Pricing Time = 4
i = 199	Master Time = 0	Lamb = 12526	Total time = 655	Obj = 1262.56	Pricing Time = 5
i = 200	Master Time = 1	Lamb = 12541	Total time = 660	Obj = 1262.05	Pricing Time = 4
i = 201	Master Time = 1	Lamb = 12572	Total time = 665	Obj = 1261.18	Pricing Time = 3
i = 202	Master Time = 0	Lamb = 12602	Total time = 669	Obj = 1261.05	Pricing Time = 4
i = 203	Master Time = 1	Lamb = 12629	Total time = 674	Obj = 1260.85	Pricing Time = 3
i = 204	Master Time = 1	Lamb = 12652	Total time = 677	Obj = 1260.83	Pricing Time = 5
i = 205	Master Time = 0	Lamb = 12678	Total time = 683	Obj = 1260.71	Pricing Time = 4
i = 206	Master Time = 1	Lamb = 12680	Total time = 687	Obj = 1260.71	Pricing Time = 4
i = 207	Master Time = 1	Lamb = 12681	Total time = 692	Obj = 1260.71	Pricing Time = 3
--------------------------------------
n035w4_2_8-6-7-1
X fix to 1: 274
X fix to 0: 0
Fractional X remaining: 975 | min(0.0012239679280973935, 0.9194949226677533)
--------------------------------------
i = 208	Master Time = 1	Lamb = 12681	Total time = 697	Obj = 2235.30	Pricing Time = 1
i = 209	Master Time = 0	Lamb = 12848	Total time = 698	Obj = 1598.33	Pricing Time = 1
i = 210	Master Time = 0	Lamb = 12985	Total time = 699	Obj = 1491.36	Pricing Time = 0
i = 211	Master Time = 1	Lamb = 13090	Total time = 699	Obj = 1469.69	Pricing Time = 0
i = 212	Master Time = 1	Lamb = 13172	Total time = 700	Obj = 1450.03	Pricing Time = 0
i = 213	Master Time = 1	Lamb = 13248	Total time = 701	Obj = 1412.73	Pricing Time = 0
i = 214	Master Time = 1	Lamb = 13298	Total time = 702	Obj = 1401.44	Pricing Time = 0
i = 215	Master Time = 0	Lamb = 13349	Total time = 703	Obj = 1390.42	Pricing Time = 0
i = 216	Master Time = 1	Lamb = 13380	Total time = 703	Obj = 1386.06	Pricing Time = 0
i = 217	Master Time = 1	Lamb = 13405	Total time = 704	Obj = 1382.69	Pricing Time = 2
i = 218	Master Time = 1	Lamb = 13451	Total time = 707	Obj = 1377.81	Pricing Time = 0
i = 219	Master Time = 1	Lamb = 13479	Total time = 708	Obj = 1375.14	Pricing Time = 0
i = 220	Master Time = 0	Lamb = 13505	Total time = 709	Obj = 1370.38	Pricing Time = 1
i = 221	Master Time = 0	Lamb = 13529	Total time = 709	Obj = 1367.71	Pricing Time = 0
i = 222	Master Time = 1	Lamb = 13552	Total time = 710	Obj = 1365.74	Pricing Time = 0
i = 223	Master Time = 1	Lamb = 13579	Total time = 711	Obj = 1342.70	Pricing Time = 2
i = 224	Master Time = 1	Lamb = 13620	Total time = 714	Obj = 1338.81	Pricing Time = 0
i = 225	Master Time = 0	Lamb = 13650	Total time = 714	Obj = 1333.39	Pricing Time = 2
i = 226	Master Time = 1	Lamb = 13686	Total time = 718	Obj = 1325.81	Pricing Time = 3
i = 227	Master Time = 0	Lamb = 13717	Total time = 721	Obj = 1322.25	Pricing Time = 2
i = 228	Master Time = 1	Lamb = 13750	Total time = 723	Obj = 1313.40	Pricing Time = 0
i = 229	Master Time = 1	Lamb = 13783	Total time = 724	Obj = 1312.38	Pricing Time = 3
i = 230	Master Time = 1	Lamb = 13808	Total time = 728	Obj = 1309.22	Pricing Time = 2
i = 231	Master Time = 1	Lamb = 13836	Total time = 731	Obj = 1303.66	Pricing Time = 0
i = 232	Master Time = 1	Lamb = 13869	Total time = 732	Obj = 1303.22	Pricing Time = 0
i = 233	Master Time = 0	Lamb = 13899	Total time = 732	Obj = 1301.43	Pricing Time = 3
i = 234	Master Time = 0	Lamb = 13928	Total time = 736	Obj = 1300.00	Pricing Time = 4
i = 235	Master Time = 1	Lamb = 13958	Total time = 740	Obj = 1298.07	Pricing Time = 2
i = 236	Master Time = 0	Lamb = 13988	Total time = 742	Obj = 1297.09	Pricing Time = 2
i = 237	Master Time = 1	Lamb = 14015	Total time = 745	Obj = 1295.90	Pricing Time = 3
i = 238	Master Time = 0	Lamb = 14035	Total time = 749	Obj = 1295.43	Pricing Time = 1
i = 239	Master Time = 0	Lamb = 14058	Total time = 749	Obj = 1295.42	Pricing Time = 2
i = 240	Master Time = 1	Lamb = 14084	Total time = 752	Obj = 1295.00	Pricing Time = 3
i = 241	Master Time = 0	Lamb = 14090	Total time = 755	Obj = 1295.00	Pricing Time = 2
i = 242	Master Time = 0	Lamb = 14093	Total time = 758	Obj = 1295.00	Pricing Time = 3
i = 243	Master Time = 0	Lamb = 14094	Total time = 761	Obj = 1295.00	Pricing Time = 4
i = 244	Master Time = 0	Lamb = 14097	Total time = 764	Obj = 1295.00	Pricing Time = 3
--------------------------------------
n035w4_2_8-6-7-1
X fix to 1: 335
X fix to 0: 0
Fractional X remaining: 553 | min(0.0014141759550354571, 0.9954232233097607)
--------------------------------------
i = 245	Master Time = 1	Lamb = 14097	Total time = 769	Obj = 1599.00	Pricing Time = 0
i = 246	Master Time = 1	Lamb = 14230	Total time = 769	Obj = 1490.95	Pricing Time = 0
i = 247	Master Time = 1	Lamb = 14342	Total time = 771	Obj = 1439.22	Pricing Time = 1
i = 248	Master Time = 0	Lamb = 14465	Total time = 772	Obj = 1436.53	Pricing Time = 1
i = 249	Master Time = 0	Lamb = 14582	Total time = 773	Obj = 1428.34	Pricing Time = 1
i = 250	Master Time = 1	Lamb = 14682	Total time = 774	Obj = 1401.05	Pricing Time = 0
i = 251	Master Time = 1	Lamb = 14778	Total time = 775	Obj = 1382.16	Pricing Time = 0
i = 252	Master Time = 0	Lamb = 14845	Total time = 776	Obj = 1376.33	Pricing Time = 0
i = 253	Master Time = 1	Lamb = 14892	Total time = 778	Obj = 1361.33	Pricing Time = 0
i = 254	Master Time = 2	Lamb = 14986	Total time = 779	Obj = 1356.91	Pricing Time = 0
i = 255	Master Time = 0	Lamb = 15051	Total time = 780	Obj = 1349.49	Pricing Time = 1
i = 256	Master Time = 0	Lamb = 15128	Total time = 781	Obj = 1343.67	Pricing Time = 1
i = 257	Master Time = 1	Lamb = 15185	Total time = 782	Obj = 1341.61	Pricing Time = 0
i = 258	Master Time = 0	Lamb = 15220	Total time = 783	Obj = 1339.01	Pricing Time = 1
i = 259	Master Time = 0	Lamb = 15252	Total time = 784	Obj = 1332.54	Pricing Time = 1
i = 260	Master Time = 0	Lamb = 15278	Total time = 785	Obj = 1325.83	Pricing Time = 1
i = 261	Master Time = 0	Lamb = 15313	Total time = 786	Obj = 1323.06	Pricing Time = 1
i = 262	Master Time = 1	Lamb = 15347	Total time = 787	Obj = 1322.19	Pricing Time = 0
i = 263	Master Time = 0	Lamb = 15373	Total time = 788	Obj = 1321.98	Pricing Time = 0
i = 264	Master Time = 1	Lamb = 15404	Total time = 789	Obj = 1321.75	Pricing Time = 1
i = 265	Master Time = 0	Lamb = 15455	Total time = 790	Obj = 1321.22	Pricing Time = 2
i = 266	Master Time = 1	Lamb = 15488	Total time = 792	Obj = 1318.32	Pricing Time = 0
i = 267	Master Time = 1	Lamb = 15519	Total time = 794	Obj = 1317.86	Pricing Time = 2
i = 268	Master Time = 1	Lamb = 15545	Total time = 796	Obj = 1309.46	Pricing Time = 0
i = 269	Master Time = 1	Lamb = 15566	Total time = 797	Obj = 1309.18	Pricing Time = 1
i = 270	Master Time = 1	Lamb = 15603	Total time = 800	Obj = 1304.94	Pricing Time = 2
i = 271	Master Time = 1	Lamb = 15633	Total time = 802	Obj = 1297.00	Pricing Time = 1
i = 272	Master Time = 2	Lamb = 15668	Total time = 805	Obj = 1295.24	Pricing Time = 1
i = 273	Master Time = 1	Lamb = 15690	Total time = 808	Obj = 1295.00	Pricing Time = 2
i = 274	Master Time = 1	Lamb = 15698	Total time = 810	Obj = 1295.00	Pricing Time = 1
i = 275	Master Time = 1	Lamb = 15703	Total time = 813	Obj = 1295.00	Pricing Time = 2
i = 276	Master Time = 1	Lamb = 15715	Total time = 816	Obj = 1295.00	Pricing Time = 2
i = 277	Master Time = 0	Lamb = 15731	Total time = 818	Obj = 1295.00	Pricing Time = 2
i = 278	Master Time = 1	Lamb = 15743	Total time = 820	Obj = 1295.00	Pricing Time = 2
i = 279	Master Time = 0	Lamb = 15750	Total time = 822	Obj = 1295.00	Pricing Time = 2
i = 280	Master Time = 0	Lamb = 15755	Total time = 825	Obj = 1295.00	Pricing Time = 2
--------------------------------------
n035w4_2_8-6-7-1
X fix to 1: 354
X fix to 0: 0
Fractional X remaining: 273 | min(0.02142857142856508, 0.9714285714285975)
--------------------------------------
i = 281	Master Time = 1	Lamb = 15755	Total time = 828	Obj = 1320.00	Pricing Time = 1
i = 282	Master Time = 1	Lamb = 15819	Total time = 829	Obj = 1310.00	Pricing Time = 0
i = 283	Master Time = 1	Lamb = 15875	Total time = 831	Obj = 1310.00	Pricing Time = 1
i = 284	Master Time = 0	Lamb = 15929	Total time = 832	Obj = 1310.00	Pricing Time = 1
i = 285	Master Time = 1	Lamb = 15959	Total time = 833	Obj = 1295.00	Pricing Time = 0
i = 286	Master Time = 1	Lamb = 16002	Total time = 834	Obj = 1295.00	Pricing Time = 1
i = 287	Master Time = 2	Lamb = 16031	Total time = 837	Obj = 1295.00	Pricing Time = 1
i = 288	Master Time = 1	Lamb = 16061	Total time = 839	Obj = 1295.00	Pricing Time = 1
i = 289	Master Time = 1	Lamb = 16083	Total time = 842	Obj = 1295.00	Pricing Time = 2
i = 290	Master Time = 1	Lamb = 16101	Total time = 844	Obj = 1295.00	Pricing Time = 1
i = 291	Master Time = 1	Lamb = 16140	Total time = 846	Obj = 1295.00	Pricing Time = 2
i = 292	Master Time = 0	Lamb = 16156	Total time = 849	Obj = 1295.00	Pricing Time = 2
i = 293	Master Time = 1	Lamb = 16176	Total time = 851	Obj = 1295.00	Pricing Time = 1
i = 294	Master Time = 1	Lamb = 16191	Total time = 854	Obj = 1295.00	Pricing Time = 2
i = 295	Master Time = 0	Lamb = 16212	Total time = 856	Obj = 1295.00	Pricing Time = 2
i = 296	Master Time = 1	Lamb = 16237	Total time = 859	Obj = 1295.00	Pricing Time = 2
i = 297	Master Time = 1	Lamb = 16247	Total time = 862	Obj = 1295.00	Pricing Time = 1
i = 298	Master Time = 1	Lamb = 16267	Total time = 864	Obj = 1295.00	Pricing Time = 2
i = 299	Master Time = 1	Lamb = 16290	Total time = 867	Obj = 1295.00	Pricing Time = 2
i = 300	Master Time = 1	Lamb = 16302	Total time = 869	Obj = 1295.00	Pricing Time = 2
i = 301	Master Time = 1	Lamb = 16328	Total time = 872	Obj = 1295.00	Pricing Time = 1
i = 302	Master Time = 1	Lamb = 16334	Total time = 874	Obj = 1295.00	Pricing Time = 1
i = 303	Master Time = 2	Lamb = 16346	Total time = 877	Obj = 1295.00	Pricing Time = 1
i = 304	Master Time = 1	Lamb = 16349	Total time = 879	Obj = 1295.00	Pricing Time = 2
i = 305	Master Time = 0	Lamb = 16350	Total time = 881	Obj = 1295.00	Pricing Time = 2
--------------------------------------
n035w4_2_8-6-7-1
X fix to 1: 371
X fix to 0: 0
Fractional X remaining: 201 | min(0.24999999999999922, 0.7499999999999999)
--------------------------------------
i = 306	Master Time = 1	Lamb = 16350	Total time = 885	Obj = 1301.67	Pricing Time = 0
i = 307	Master Time = 1	Lamb = 16398	Total time = 886	Obj = 1301.67	Pricing Time = 1
i = 308	Master Time = 1	Lamb = 16427	Total time = 887	Obj = 1301.67	Pricing Time = 0
i = 309	Master Time = 1	Lamb = 16453	Total time = 889	Obj = 1301.67	Pricing Time = 0
i = 310	Master Time = 1	Lamb = 16489	Total time = 890	Obj = 1300.00	Pricing Time = 1
i = 311	Master Time = 0	Lamb = 16533	Total time = 891	Obj = 1300.00	Pricing Time = 2
i = 312	Master Time = 0	Lamb = 16550	Total time = 893	Obj = 1295.00	Pricing Time = 2
i = 313	Master Time = 1	Lamb = 16576	Total time = 895	Obj = 1295.00	Pricing Time = 1
i = 314	Master Time = 1	Lamb = 16603	Total time = 897	Obj = 1295.00	Pricing Time = 1
i = 315	Master Time = 1	Lamb = 16621	Total time = 899	Obj = 1295.00	Pricing Time = 1
i = 316	Master Time = 1	Lamb = 16646	Total time = 901	Obj = 1295.00	Pricing Time = 1
i = 317	Master Time = 1	Lamb = 16660	Total time = 904	Obj = 1295.00	Pricing Time = 2
i = 318	Master Time = 0	Lamb = 16672	Total time = 906	Obj = 1295.00	Pricing Time = 2
i = 319	Master Time = 0	Lamb = 16690	Total time = 908	Obj = 1295.00	Pricing Time = 2
i = 320	Master Time = 1	Lamb = 16706	Total time = 910	Obj = 1295.00	Pricing Time = 1
i = 321	Master Time = 1	Lamb = 16725	Total time = 912	Obj = 1295.00	Pricing Time = 2
i = 322	Master Time = 0	Lamb = 16735	Total time = 915	Obj = 1295.00	Pricing Time = 2
i = 323	Master Time = 0	Lamb = 16740	Total time = 916	Obj = 1295.00	Pricing Time = 2
i = 324	Master Time = 0	Lamb = 16741	Total time = 918	Obj = 1295.00	Pricing Time = 1
--------------------------------------
n035w4_2_8-6-7-1
X fix to 1: 372
X fix to 0: 1
Fractional X remaining: 122 | min(0.49999999999999845, 0.5000000000000036)
--------------------------------------
i = 325	Master Time = 0	Lamb = 16741	Total time = 921	Obj = 1300.00	Pricing Time = 2
i = 326	Master Time = 1	Lamb = 16750	Total time = 923	Obj = 1300.00	Pricing Time = 2
i = 327	Master Time = 1	Lamb = 16755	Total time = 926	Obj = 1300.00	Pricing Time = 1
i = 328	Master Time = 0	Lamb = 16756	Total time = 928	Obj = 1300.00	Pricing Time = 2
i = 329	Master Time = 1	Lamb = 16758	Total time = 930	Obj = 1300.00	Pricing Time = 2
i = 330	Master Time = 0	Lamb = 16763	Total time = 932	Obj = 1300.00	Pricing Time = 2
--------------------------------------
n035w4_2_8-6-7-1
X fix to 1: 402
X fix to 0: 1
Fractional X remaining: 91 | min(0.24999999999999756, 0.7500000000000024)
--------------------------------------
i = 331	Master Time = 0	Lamb = 16763	Total time = 935	Obj = 1300.00	Pricing Time = 3
i = 332	Master Time = 0	Lamb = 16768	Total time = 937	Obj = 1300.00	Pricing Time = 2

n035w4_2_8-6-7-1
Integer solution found

Printing SHIFT allocations
HN_0   |-|-|L|L|L|-|-| |-|D|D|D|-|-|-| |-|N|N|N|N|-|-| |-|-|-|D|D|D|E|
HN_1   |N|N|N|N|N|-|-| |-|-|-|L|L|L|L| |L|-|-|-|-|E|N| |N|N|N|-|-|-|-|
HN_2   |L|-|-|-|-|N|N| |N|N|N|-|-|-|-| |D|D|L|L|L|-|-| |-|N|N|N|N|-|-|
HN_3   |D|D|-|-|E|E|E| |E|-|-|-|E|E|D| |D|D|-|-|-|-|-| |E|E|D|D|-|-|-|
HN_4   |E|E|E|-|-|-|-| |E|E|E|-|-|-|-| |N|N|N|N|N|-|-| |-|-|-|E|E|L|L|
HN_5   |-|E|E|E|-|-|-| |L|L|L|-|-|-|-| |-|L|L|L|-|-|-| |-|L|L|L|L|-|-|
NU_6   |-|N|N|N|N|-|-| |-|N|N|N|N|-|-| |-|-|-|D|D|D|D| |-|-|-|-|L|L|L|
NU_7   |N|N|-|-|-|-|-| |L|L|L|L|L|-|-| |-|-|-|D|D|D|E| |E|-|-|-|N|N|N|
NU_8   |L|L|-|-|L|L|L| |L|L|-|-|L|L|L| |L|L|-|-|N|N|N| |N|-|-|E|E|E|D|
NU_9   |D|D|D|D|D|-|-| |D|D|D|D|D|-|-| |N|N|N|N|N|-|-| |D|D|D|D|D|-|-|
NU_10  |N|N|N|N|N|-|-| |-|-|-|N|N|N|N| |N|-|-|-|L|L|L| |L|L|-|-|-|-|-|
NU_11  |-|E|E|E|-|-|-| |-|-|E|E|E|-|-| |-|E|E|E|-|-|-| |-|N|N|N|N|-|-|
NU_12  |L|L|L|-|-|-|-| |L|L|L|-|-|-|-| |-|D|D|D|-|-|-| |L|L|L|-|-|-|-|
NU_13  |E|-|-|-|-|D|D| |D|D|-|-|-|-|-| |D|D|D|-|-|-|-| |D|D|D|-|-|-|-|
NU_14  |-|-|-|E|E|E|E| |E|-|-|-|-|D|D| |E|E|-|-|-|-|-| |E|E|E|-|-|-|-|
NU_15  |D|D|D|-|-|-|-| |-|N|N|N|N|-|-| |-|-|-|E|E|E|D| |D|-|-|-|L|L|N|
NU_16  |-|-|E|E|E|-|-| |-|-|-|E|E|E|E| |E|-|-|E|E|L|L| |-|-|E|E|E|-|-|
CT_17  |-|-|D|D|D|-|-| |E|E|E|L|L|-|-| |L|L|L|-|-|N|N| |N|N|N|-|-|L|L|
CT_18  |N|N|N|N|N|-|-| |D|D|N|N|N|-|-| |D|D|D|L|L|-|-| |N|N|N|N|N|-|-|
CT_19  |L|L|L|-|-|-|-| |L|L|L|-|-|-|-| |-|L|L|L|-|-|-| |E|E|E|-|-|-|-|
CT_20  |E|E|-|-|L|L|N| |N|N|-|-|L|L|L| |L|L|-|-|N|N|N| |N|-|-|D|D|D|E|
CT_21  |-|-|L|L|L|-|-| |E|E|E|-|-|N|N| |N|N|-|-|L|L|L| |L|L|-|-|-|-|-|
CT_22  |-|D|D|D|-|-|-| |D|D|D|-|-|-|-| |-|D|D|D|D|-|-| |-|-|-|N|N|N|N|
CT_23  |N|N|-|-|-|-|-| |N|N|N|N|-|-|-| |-|-|L|L|L|-|-| |-|-|-|E|E|E|D|
CT_24  |-|-|D|D|D|-|-| |-|-|-|E|E|E|E| |E|-|-|D|D|E|E| |-|-|L|L|L|-|-|
CT_25  |D|D|-|-|E|E|E| |E|-|-|D|D|E|E| |-|-|E|E|E|-|-| |L|L|L|L|L|-|-|
CT_26  |-|-|-|E|E|D|D| |-|-|-|-|-|D|D| |E|E|-|-|-|-|-| |D|D|D|-|-|-|-|
CT_27  |-|-|L|L|L|-|-| |-|-|D|D|D|-|-| |-|E|E|E|-|-|-| |-|L|L|L|-|-|-|
CT_28  |E|E|E|-|-|-|-| |E|E|E|-|-|-|-| |-|N|N|N|N|-|-| |-|-|-|D|D|D|E|
TR_29  |-|-|-|-|E|E|L| |L|-|-|-|D|D|D| |D|D|-|-|-|-|-| |E|E|D|-|-|-|-|
TR_30  |-|-|E|E|E|-|-| |E|E|E|D|D|-|-| |E|E|E|-|-|E|E| |L|L|-|-|L|L|L|
TR_31  |D|D|-|-|-|N|N| |N|N|-|-|E|E|E| |-|-|D|D|D|-|-| |-|-|N|N|N|-|-|
TR_32  |E|E|N|N|N|-|-| |D|D|L|L|L|-|-| |L|L|L|-|-|D|D| |D|L|L|-|-|N|N|
TR_33  |-|-|D|D|D|D|D| |-|-|-|N|N|N|N| |N|-|-|-|L|N|N| |N|N|-|-|-|-|-|
TR_34  |L|L|L|L|-|-|-| |N|N|N|N|-|-|-| |-|N|N|N|N|-|-| |-|-|-|E|E|E|D|
Total assignment constraints: 500
Consecutive constraints: 150
Non working days constraints: 0
Preferences: 140
Max working weekend: 240
Complete weekends: 0
Optimal coverage constraints: 270
TOTAL = 1300
