Creating directory: out/n070w4_0_4-9-7-6

-----------------------------------------------------------
Instance	n070w4_0_4-9-7-6
algorithm	=	vns
maxIter	=	10
eliteSet	=	10
shakePerc	=	0.9
bestKnow	=	2475.0
minColsIter	=	0.35
minRoundDown	=	-1.0
minRoundUp	=	0.67
seed	=	0
onlyRelax	=	false
nThreads	=	20
alpha	=	0.6
timeOut	=	14600
-----------------------------------------------------------
Parallels mode has been selected.
i = 0	Master Time = 0	Lamb = 0	Total time = 4	Obj = 410900.00	Pricing Time = 0
i = 1	Master Time = 1	Lamb = 463	Total time = 5	Obj = 152155.00	Pricing Time = 0
i = 2	Master Time = 1	Lamb = 864	Total time = 6	Obj = 61573.32	Pricing Time = 0
i = 3	Master Time = 2	Lamb = 1303	Total time = 8	Obj = 45855.15	Pricing Time = 0
i = 4	Master Time = 2	Lamb = 1735	Total time = 10	Obj = 27786.37	Pricing Time = 0
i = 5	Master Time = 1	Lamb = 2163	Total time = 11	Obj = 20890.94	Pricing Time = 0
i = 6	Master Time = 1	Lamb = 2571	Total time = 12	Obj = 14922.60	Pricing Time = 0
i = 7	Master Time = 1	Lamb = 3019	Total time = 13	Obj = 12209.78	Pricing Time = 0
i = 8	Master Time = 2	Lamb = 3435	Total time = 15	Obj = 9017.77	Pricing Time = 0
i = 9	Master Time = 2	Lamb = 3843	Total time = 17	Obj = 7340.77	Pricing Time = 0
i = 10	Master Time = 1	Lamb = 4201	Total time = 18	Obj = 6245.14	Pricing Time = 0
i = 11	Master Time = 2	Lamb = 4587	Total time = 20	Obj = 5421.03	Pricing Time = 1
i = 12	Master Time = 1	Lamb = 4962	Total time = 22	Obj = 4674.40	Pricing Time = 0
i = 13	Master Time = 2	Lamb = 5316	Total time = 24	Obj = 4190.94	Pricing Time = 0
i = 14	Master Time = 2	Lamb = 5669	Total time = 26	Obj = 3761.02	Pricing Time = 0
i = 15	Master Time = 2	Lamb = 6006	Total time = 28	Obj = 3530.53	Pricing Time = 0
i = 16	Master Time = 2	Lamb = 6307	Total time = 31	Obj = 3317.25	Pricing Time = 0
i = 17	Master Time = 2	Lamb = 6616	Total time = 33	Obj = 3173.04	Pricing Time = 0
i = 18	Master Time = 2	Lamb = 6885	Total time = 35	Obj = 3058.55	Pricing Time = 0
i = 19	Master Time = 2	Lamb = 7124	Total time = 37	Obj = 2937.81	Pricing Time = 0
i = 20	Master Time = 2	Lamb = 7386	Total time = 40	Obj = 2848.93	Pricing Time = 1
i = 21	Master Time = 1	Lamb = 7621	Total time = 42	Obj = 2751.67	Pricing Time = 1
i = 22	Master Time = 2	Lamb = 7877	Total time = 44	Obj = 2663.82	Pricing Time = 0
i = 23	Master Time = 2	Lamb = 8122	Total time = 46	Obj = 2621.90	Pricing Time = 0
i = 24	Master Time = 2	Lamb = 8336	Total time = 49	Obj = 2580.51	Pricing Time = 1
i = 25	Master Time = 1	Lamb = 8551	Total time = 50	Obj = 2549.52	Pricing Time = 1
i = 26	Master Time = 1	Lamb = 8708	Total time = 52	Obj = 2520.42	Pricing Time = 0
i = 27	Master Time = 1	Lamb = 8885	Total time = 54	Obj = 2497.58	Pricing Time = 1
i = 28	Master Time = 1	Lamb = 9017	Total time = 55	Obj = 2480.63	Pricing Time = 0
i = 29	Master Time = 1	Lamb = 9159	Total time = 57	Obj = 2462.52	Pricing Time = 1
i = 30	Master Time = 1	Lamb = 9305	Total time = 58	Obj = 2444.73	Pricing Time = 1
i = 31	Master Time = 1	Lamb = 9440	Total time = 60	Obj = 2424.80	Pricing Time = 0
i = 32	Master Time = 1	Lamb = 9563	Total time = 61	Obj = 2414.78	Pricing Time = 1
i = 33	Master Time = 1	Lamb = 9709	Total time = 63	Obj = 2397.25	Pricing Time = 0
i = 34	Master Time = 2	Lamb = 9832	Total time = 65	Obj = 2378.57	Pricing Time = 0
i = 35	Master Time = 2	Lamb = 9924	Total time = 67	Obj = 2367.72	Pricing Time = 0
i = 36	Master Time = 2	Lamb = 10014	Total time = 69	Obj = 2360.17	Pricing Time = 0
i = 37	Master Time = 1	Lamb = 10114	Total time = 70	Obj = 2355.54	Pricing Time = 0
i = 38	Master Time = 1	Lamb = 10193	Total time = 72	Obj = 2348.86	Pricing Time = 1
i = 39	Master Time = 1	Lamb = 10275	Total time = 73	Obj = 2342.29	Pricing Time = 0
i = 40	Master Time = 1	Lamb = 10349	Total time = 74	Obj = 2337.12	Pricing Time = 1
i = 41	Master Time = 1	Lamb = 10412	Total time = 76	Obj = 2331.88	Pricing Time = 1
i = 42	Master Time = 1	Lamb = 10481	Total time = 78	Obj = 2326.52	Pricing Time = 0
i = 43	Master Time = 1	Lamb = 10550	Total time = 79	Obj = 2323.87	Pricing Time = 1
i = 44	Master Time = 0	Lamb = 10611	Total time = 80	Obj = 2322.11	Pricing Time = 1
i = 45	Master Time = 1	Lamb = 10671	Total time = 82	Obj = 2319.52	Pricing Time = 0
i = 46	Master Time = 2	Lamb = 10719	Total time = 84	Obj = 2314.49	Pricing Time = 0
i = 47	Master Time = 1	Lamb = 10760	Total time = 85	Obj = 2312.53	Pricing Time = 1
i = 48	Master Time = 0	Lamb = 10802	Total time = 86	Obj = 2311.46	Pricing Time = 1
i = 49	Master Time = 1	Lamb = 10840	Total time = 88	Obj = 2306.37	Pricing Time = 0
i = 50	Master Time = 1	Lamb = 10898	Total time = 89	Obj = 2304.94	Pricing Time = 0
i = 51	Master Time = 1	Lamb = 10933	Total time = 90	Obj = 2302.36	Pricing Time = 1
i = 52	Master Time = 1	Lamb = 10967	Total time = 92	Obj = 2300.64	Pricing Time = 11
i = 53	Master Time = 2	Lamb = 11064	Total time = 106	Obj = 2260.54	Pricing Time = 1
i = 54	Master Time = 1	Lamb = 11217	Total time = 107	Obj = 2256.94	Pricing Time = 0
i = 55	Master Time = 2	Lamb = 11331	Total time = 109	Obj = 2252.50	Pricing Time = 0
i = 56	Master Time = 1	Lamb = 11418	Total time = 110	Obj = 2248.50	Pricing Time = 0
i = 57	Master Time = 2	Lamb = 11485	Total time = 112	Obj = 2246.59	Pricing Time = 0
i = 58	Master Time = 1	Lamb = 11547	Total time = 113	Obj = 2243.53	Pricing Time = 1
i = 59	Master Time = 0	Lamb = 11610	Total time = 115	Obj = 2243.39	Pricing Time = 1
i = 60	Master Time = 1	Lamb = 11662	Total time = 116	Obj = 2243.22	Pricing Time = 0
i = 61	Master Time = 2	Lamb = 11725	Total time = 118	Obj = 2238.39	Pricing Time = 0
i = 62	Master Time = 2	Lamb = 11784	Total time = 120	Obj = 2236.18	Pricing Time = 0
i = 63	Master Time = 1	Lamb = 11834	Total time = 121	Obj = 2235.96	Pricing Time = 1
i = 64	Master Time = 0	Lamb = 11886	Total time = 123	Obj = 2235.18	Pricing Time = 1
i = 65	Master Time = 1	Lamb = 11934	Total time = 124	Obj = 2234.44	Pricing Time = 0
i = 66	Master Time = 1	Lamb = 11972	Total time = 125	Obj = 2234.17	Pricing Time = 13
i = 67	Master Time = 2	Lamb = 12077	Total time = 140	Obj = 2202.50	Pricing Time = 0
i = 68	Master Time = 2	Lamb = 12157	Total time = 142	Obj = 2201.96	Pricing Time = 0
i = 69	Master Time = 1	Lamb = 12227	Total time = 144	Obj = 2200.62	Pricing Time = 1
i = 70	Master Time = 1	Lamb = 12280	Total time = 146	Obj = 2198.50	Pricing Time = 1
i = 71	Master Time = 1	Lamb = 12339	Total time = 147	Obj = 2197.48	Pricing Time = 1
i = 72	Master Time = 1	Lamb = 12395	Total time = 149	Obj = 2196.74	Pricing Time = 14
i = 73	Master Time = 2	Lamb = 12507	Total time = 165	Obj = 2183.54	Pricing Time = 1
i = 74	Master Time = 1	Lamb = 12567	Total time = 167	Obj = 2182.92	Pricing Time = 0
i = 75	Master Time = 1	Lamb = 12623	Total time = 169	Obj = 2181.63	Pricing Time = 1
i = 76	Master Time = 1	Lamb = 12674	Total time = 170	Obj = 2181.46	Pricing Time = 0
i = 77	Master Time = 2	Lamb = 12722	Total time = 172	Obj = 2181.14	Pricing Time = 0
i = 78	Master Time = 2	Lamb = 12765	Total time = 174	Obj = 2180.31	Pricing Time = 1
i = 79	Master Time = 0	Lamb = 12806	Total time = 176	Obj = 2180.20	Pricing Time = 1
i = 80	Master Time = 1	Lamb = 12846	Total time = 177	Obj = 2180.11	Pricing Time = 18
i = 81	Master Time = 3	Lamb = 12959	Total time = 198	Obj = 2174.48	Pricing Time = 22
i = 82	Master Time = 2	Lamb = 12995	Total time = 222	Obj = 2161.46	Pricing Time = 0
i = 83	Master Time = 1	Lamb = 13051	Total time = 223	Obj = 2160.96	Pricing Time = 0
i = 84	Master Time = 1	Lamb = 13096	Total time = 224	Obj = 2160.74	Pricing Time = 1
i = 85	Master Time = 0	Lamb = 13143	Total time = 226	Obj = 2160.51	Pricing Time = 1
i = 86	Master Time = 1	Lamb = 13180	Total time = 227	Obj = 2160.39	Pricing Time = 21
i = 87	Master Time = 0	Lamb = 13304	Total time = 249	Obj = 2152.91	Pricing Time = 26
i = 88	Master Time = 0	Lamb = 13343	Total time = 274	Obj = 2149.97	Pricing Time = 30
i = 89	Master Time = 1	Lamb = 13378	Total time = 305	Obj = 2143.60	Pricing Time = 25
i = 90	Master Time = 0	Lamb = 13409	Total time = 331	Obj = 2138.66	Pricing Time = 19
i = 91	Master Time = 1	Lamb = 13437	Total time = 351	Obj = 2136.58	Pricing Time = 25
i = 92	Master Time = 2	Lamb = 13466	Total time = 377	Obj = 2130.57	Pricing Time = 21
i = 93	Master Time = 1	Lamb = 13497	Total time = 399	Obj = 2127.38	Pricing Time = 22
i = 94	Master Time = 0	Lamb = 13529	Total time = 421	Obj = 2126.34	Pricing Time = 21
i = 95	Master Time = 1	Lamb = 13557	Total time = 443	Obj = 2123.27	Pricing Time = 13
i = 96	Master Time = 1	Lamb = 13590	Total time = 457	Obj = 2122.51	Pricing Time = 30
i = 97	Master Time = 1	Lamb = 13627	Total time = 488	Obj = 2122.24	Pricing Time = 9
i = 98	Master Time = 1	Lamb = 13629	Total time = 498	Obj = 2122.24	Pricing Time = 9
i = 99	Master Time = 0	Lamb = 13631	Total time = 507	Obj = 2122.24	Pricing Time = 9

Optimal of relaxation found.
Fractional X Variables: 3582 (min: 3.983254409158782E-4 max: 0.9831224148743192)
--------------------------------------
n070w4_0_4-9-7-6
X fix to 1: 271
X fix to 0: 0
Fractional X remaining: 3582 | min(3.983254409158782E-4, 0.9831224148743192)
--------------------------------------
i = 100	Master Time = 3	Lamb = 13631	Total time = 519	Obj = 2273.38	Pricing Time = 1
i = 101	Master Time = 2	Lamb = 13965	Total time = 522	Obj = 2209.86	Pricing Time = 0
i = 102	Master Time = 3	Lamb = 14219	Total time = 525	Obj = 2184.65	Pricing Time = 0
i = 103	Master Time = 3	Lamb = 14462	Total time = 528	Obj = 2168.64	Pricing Time = 0
i = 104	Master Time = 3	Lamb = 14656	Total time = 531	Obj = 2159.32	Pricing Time = 0
i = 105	Master Time = 2	Lamb = 14832	Total time = 533	Obj = 2157.01	Pricing Time = 0
i = 106	Master Time = 2	Lamb = 14955	Total time = 535	Obj = 2154.21	Pricing Time = 1
i = 107	Master Time = 1	Lamb = 15039	Total time = 537	Obj = 2150.81	Pricing Time = 0
i = 108	Master Time = 2	Lamb = 15117	Total time = 540	Obj = 2147.57	Pricing Time = 1
i = 109	Master Time = 2	Lamb = 15170	Total time = 542	Obj = 2142.92	Pricing Time = 0
i = 110	Master Time = 1	Lamb = 15232	Total time = 543	Obj = 2141.27	Pricing Time = 1
i = 111	Master Time = 1	Lamb = 15283	Total time = 545	Obj = 2140.74	Pricing Time = 0
i = 112	Master Time = 1	Lamb = 15327	Total time = 546	Obj = 2140.23	Pricing Time = 4
i = 113	Master Time = 2	Lamb = 15405	Total time = 552	Obj = 2133.38	Pricing Time = 6
i = 114	Master Time = 1	Lamb = 15440	Total time = 559	Obj = 2130.54	Pricing Time = 6
i = 115	Master Time = 2	Lamb = 15467	Total time = 568	Obj = 2127.85	Pricing Time = 1
i = 116	Master Time = 0	Lamb = 15512	Total time = 568	Obj = 2127.79	Pricing Time = 9
i = 117	Master Time = 1	Lamb = 15544	Total time = 578	Obj = 2127.37	Pricing Time = 10
i = 118	Master Time = 1	Lamb = 15563	Total time = 589	Obj = 2127.04	Pricing Time = 6
i = 119	Master Time = 1	Lamb = 15576	Total time = 596	Obj = 2126.80	Pricing Time = 0
i = 120	Master Time = 1	Lamb = 15629	Total time = 597	Obj = 2126.80	Pricing Time = 6
i = 121	Master Time = 1	Lamb = 15642	Total time = 605	Obj = 2125.89	Pricing Time = 10
i = 122	Master Time = 0	Lamb = 15663	Total time = 614	Obj = 2125.83	Pricing Time = 7
i = 123	Master Time = 0	Lamb = 15667	Total time = 621	Obj = 2125.83	Pricing Time = 10
--------------------------------------
n070w4_0_4-9-7-6
X fix to 1: 417
X fix to 0: 0
Fractional X remaining: 2850 | min(2.7591871175938754E-4, 0.9999594035874265)
--------------------------------------
i = 124	Master Time = 2	Lamb = 15667	Total time = 633	Obj = 2769.34	Pricing Time = 0
i = 125	Master Time = 3	Lamb = 15948	Total time = 636	Obj = 2645.27	Pricing Time = 0
i = 126	Master Time = 4	Lamb = 16226	Total time = 640	Obj = 2451.51	Pricing Time = 0
i = 127	Master Time = 3	Lamb = 16488	Total time = 643	Obj = 2394.91	Pricing Time = 0
i = 128	Master Time = 2	Lamb = 16696	Total time = 646	Obj = 2370.00	Pricing Time = 1
i = 129	Master Time = 2	Lamb = 16901	Total time = 648	Obj = 2325.46	Pricing Time = 1
i = 130	Master Time = 2	Lamb = 17111	Total time = 651	Obj = 2292.08	Pricing Time = 0
i = 131	Master Time = 3	Lamb = 17276	Total time = 654	Obj = 2277.90	Pricing Time = 0
i = 132	Master Time = 3	Lamb = 17451	Total time = 657	Obj = 2255.13	Pricing Time = 0
i = 133	Master Time = 2	Lamb = 17617	Total time = 660	Obj = 2173.63	Pricing Time = 1
i = 134	Master Time = 3	Lamb = 17755	Total time = 664	Obj = 2159.42	Pricing Time = 0
i = 135	Master Time = 2	Lamb = 17916	Total time = 666	Obj = 2152.98	Pricing Time = 0
i = 136	Master Time = 3	Lamb = 18015	Total time = 669	Obj = 2138.62	Pricing Time = 0
i = 137	Master Time = 3	Lamb = 18174	Total time = 672	Obj = 2136.10	Pricing Time = 0
i = 138	Master Time = 3	Lamb = 18275	Total time = 675	Obj = 2131.48	Pricing Time = 0
i = 139	Master Time = 2	Lamb = 18354	Total time = 677	Obj = 2130.62	Pricing Time = 0
i = 140	Master Time = 2	Lamb = 18416	Total time = 679	Obj = 2130.08	Pricing Time = 0
i = 141	Master Time = 2	Lamb = 18478	Total time = 681	Obj = 2129.04	Pricing Time = 4
i = 142	Master Time = 1	Lamb = 18554	Total time = 687	Obj = 2127.57	Pricing Time = 7
i = 143	Master Time = 1	Lamb = 18587	Total time = 695	Obj = 2127.02	Pricing Time = 7
i = 144	Master Time = 1	Lamb = 18603	Total time = 702	Obj = 2127.02	Pricing Time = 5
i = 145	Master Time = 2	Lamb = 18611	Total time = 709	Obj = 2126.00	Pricing Time = 5
i = 146	Master Time = 0	Lamb = 18642	Total time = 714	Obj = 2126.00	Pricing Time = 6
i = 147	Master Time = 1	Lamb = 18658	Total time = 721	Obj = 2126.00	Pricing Time = 6
i = 148	Master Time = 0	Lamb = 18669	Total time = 728	Obj = 2126.00	Pricing Time = 8
i = 149	Master Time = 0	Lamb = 18674	Total time = 735	Obj = 2126.00	Pricing Time = 6
i = 150	Master Time = 0	Lamb = 18675	Total time = 741	Obj = 2126.00	Pricing Time = 6
i = 151	Master Time = 0	Lamb = 18676	Total time = 747	Obj = 2126.00	Pricing Time = 6
--------------------------------------
n070w4_0_4-9-7-6
X fix to 1: 547
X fix to 0: 0
Fractional X remaining: 2271 | min(7.243275117082698E-4, 0.9952164442878624)
--------------------------------------
i = 152	Master Time = 3	Lamb = 18676	Total time = 756	Obj = 2316.98	Pricing Time = 0
i = 153	Master Time = 3	Lamb = 18957	Total time = 759	Obj = 2273.97	Pricing Time = 0
i = 154	Master Time = 2	Lamb = 19190	Total time = 763	Obj = 2240.86	Pricing Time = 1
i = 155	Master Time = 3	Lamb = 19362	Total time = 766	Obj = 2211.81	Pricing Time = 0
i = 156	Master Time = 2	Lamb = 19517	Total time = 768	Obj = 2196.17	Pricing Time = 0
i = 157	Master Time = 1	Lamb = 19625	Total time = 770	Obj = 2177.59	Pricing Time = 1
i = 158	Master Time = 1	Lamb = 19698	Total time = 771	Obj = 2173.19	Pricing Time = 0
i = 159	Master Time = 1	Lamb = 19743	Total time = 772	Obj = 2172.29	Pricing Time = 3
i = 160	Master Time = 2	Lamb = 19821	Total time = 778	Obj = 2143.25	Pricing Time = 1
i = 161	Master Time = 1	Lamb = 19888	Total time = 779	Obj = 2142.05	Pricing Time = 0
i = 162	Master Time = 1	Lamb = 19930	Total time = 780	Obj = 2141.90	Pricing Time = 4
i = 163	Master Time = 2	Lamb = 19978	Total time = 786	Obj = 2133.88	Pricing Time = 5
i = 164	Master Time = 1	Lamb = 20021	Total time = 792	Obj = 2132.04	Pricing Time = 5
i = 165	Master Time = 0	Lamb = 20042	Total time = 797	Obj = 2130.95	Pricing Time = 6
i = 166	Master Time = 0	Lamb = 20062	Total time = 804	Obj = 2129.80	Pricing Time = 5
i = 167	Master Time = 1	Lamb = 20077	Total time = 809	Obj = 2129.25	Pricing Time = 4
i = 168	Master Time = 2	Lamb = 20094	Total time = 815	Obj = 2128.51	Pricing Time = 3
i = 169	Master Time = 1	Lamb = 20157	Total time = 819	Obj = 2127.94	Pricing Time = 3
i = 170	Master Time = 1	Lamb = 20178	Total time = 823	Obj = 2127.44	Pricing Time = 5
i = 171	Master Time = 1	Lamb = 20190	Total time = 829	Obj = 2126.82	Pricing Time = 3
i = 172	Master Time = 1	Lamb = 20194	Total time = 833	Obj = 2126.82	Pricing Time = 3
i = 173	Master Time = 0	Lamb = 20196	Total time = 837	Obj = 2126.82	Pricing Time = 4
--------------------------------------
n070w4_0_4-9-7-6
X fix to 1: 667
X fix to 0: 0
Fractional X remaining: 1905 | min(2.783181861333306E-4, 0.9716171949490363)
--------------------------------------
i = 174	Master Time = 3	Lamb = 20196	Total time = 843	Obj = 2262.94	Pricing Time = 0
i = 175	Master Time = 2	Lamb = 20414	Total time = 846	Obj = 2215.56	Pricing Time = 1
i = 176	Master Time = 2	Lamb = 20615	Total time = 848	Obj = 2190.15	Pricing Time = 0
i = 177	Master Time = 2	Lamb = 20759	Total time = 850	Obj = 2182.32	Pricing Time = 0
i = 178	Master Time = 2	Lamb = 20860	Total time = 852	Obj = 2175.59	Pricing Time = 0
i = 179	Master Time = 1	Lamb = 20955	Total time = 853	Obj = 2170.55	Pricing Time = 0
i = 180	Master Time = 1	Lamb = 21017	Total time = 854	Obj = 2165.11	Pricing Time = 0
i = 181	Master Time = 2	Lamb = 21083	Total time = 856	Obj = 2160.11	Pricing Time = 2
i = 182	Master Time = 2	Lamb = 21143	Total time = 860	Obj = 2148.82	Pricing Time = 2
i = 183	Master Time = 1	Lamb = 21210	Total time = 863	Obj = 2146.12	Pricing Time = 3
i = 184	Master Time = 1	Lamb = 21271	Total time = 867	Obj = 2143.70	Pricing Time = 3
i = 185	Master Time = 1	Lamb = 21293	Total time = 871	Obj = 2142.16	Pricing Time = 3
i = 186	Master Time = 0	Lamb = 21303	Total time = 874	Obj = 2141.00	Pricing Time = 4
i = 187	Master Time = 0	Lamb = 21308	Total time = 878	Obj = 2140.78	Pricing Time = 3
i = 188	Master Time = 1	Lamb = 21316	Total time = 882	Obj = 2140.74	Pricing Time = 3
i = 189	Master Time = 0	Lamb = 21322	Total time = 886	Obj = 2140.64	Pricing Time = 3
i = 190	Master Time = 1	Lamb = 21329	Total time = 889	Obj = 2140.58	Pricing Time = 3
i = 191	Master Time = 0	Lamb = 21334	Total time = 893	Obj = 2140.31	Pricing Time = 4
i = 192	Master Time = 0	Lamb = 21339	Total time = 896	Obj = 2140.31	Pricing Time = 3
i = 193	Master Time = 0	Lamb = 21343	Total time = 900	Obj = 2140.11	Pricing Time = 3
i = 194	Master Time = 1	Lamb = 21348	Total time = 903	Obj = 2140.11	Pricing Time = 3
i = 195	Master Time = 0	Lamb = 21355	Total time = 906	Obj = 2140.00	Pricing Time = 3
i = 196	Master Time = 0	Lamb = 21358	Total time = 909	Obj = 2140.00	Pricing Time = 3
i = 197	Master Time = 1	Lamb = 21362	Total time = 913	Obj = 2140.00	Pricing Time = 3
i = 198	Master Time = 0	Lamb = 21365	Total time = 916	Obj = 2140.00	Pricing Time = 3
i = 199	Master Time = 1	Lamb = 21366	Total time = 920	Obj = 2140.00	Pricing Time = 3
i = 200	Master Time = 0	Lamb = 21368	Total time = 924	Obj = 2140.00	Pricing Time = 4
i = 201	Master Time = 0	Lamb = 21370	Total time = 928	Obj = 2140.00	Pricing Time = 4
i = 202	Master Time = 0	Lamb = 21372	Total time = 931	Obj = 2140.00	Pricing Time = 3
i = 203	Master Time = 1	Lamb = 21374	Total time = 935	Obj = 2140.00	Pricing Time = 3
--------------------------------------
n070w4_0_4-9-7-6
X fix to 1: 749
X fix to 0: 0
Fractional X remaining: 1290 | min(5.543231911612004E-4, 0.97451604133615)
--------------------------------------
i = 204	Master Time = 3	Lamb = 21374	Total time = 941	Obj = 2314.19	Pricing Time = 0
i = 205	Master Time = 2	Lamb = 21602	Total time = 943	Obj = 2257.76	Pricing Time = 0
i = 206	Master Time = 2	Lamb = 21765	Total time = 945	Obj = 2213.47	Pricing Time = 0
i = 207	Master Time = 1	Lamb = 21906	Total time = 946	Obj = 2195.41	Pricing Time = 0
i = 208	Master Time = 2	Lamb = 22009	Total time = 948	Obj = 2175.42	Pricing Time = 0
i = 209	Master Time = 2	Lamb = 22083	Total time = 951	Obj = 2165.40	Pricing Time = 1
i = 210	Master Time = 0	Lamb = 22130	Total time = 952	Obj = 2160.91	Pricing Time = 1
i = 211	Master Time = 3	Lamb = 22173	Total time = 955	Obj = 2158.95	Pricing Time = 0
i = 212	Master Time = 3	Lamb = 22297	Total time = 958	Obj = 2157.64	Pricing Time = 0
i = 213	Master Time = 1	Lamb = 22393	Total time = 960	Obj = 2156.71	Pricing Time = 1
i = 214	Master Time = 1	Lamb = 22459	Total time = 961	Obj = 2155.43	Pricing Time = 3
i = 215	Master Time = 2	Lamb = 22522	Total time = 967	Obj = 2150.67	Pricing Time = 1
i = 216	Master Time = 2	Lamb = 22612	Total time = 969	Obj = 2150.15	Pricing Time = 0
i = 217	Master Time = 3	Lamb = 22758	Total time = 972	Obj = 2150.12	Pricing Time = 0
i = 218	Master Time = 2	Lamb = 22825	Total time = 974	Obj = 2149.61	Pricing Time = 2
i = 219	Master Time = 1	Lamb = 22885	Total time = 977	Obj = 2149.25	Pricing Time = 2
i = 220	Master Time = 3	Lamb = 22936	Total time = 982	Obj = 2145.77	Pricing Time = 0
i = 221	Master Time = 3	Lamb = 23030	Total time = 985	Obj = 2145.43	Pricing Time = 0
i = 222	Master Time = 2	Lamb = 23096	Total time = 988	Obj = 2144.78	Pricing Time = 1
i = 223	Master Time = 2	Lamb = 23175	Total time = 990	Obj = 2144.67	Pricing Time = 1
i = 224	Master Time = 2	Lamb = 23263	Total time = 993	Obj = 2144.63	Pricing Time = 1
i = 225	Master Time = 2	Lamb = 23367	Total time = 997	Obj = 2144.62	Pricing Time = 2
i = 226	Master Time = 3	Lamb = 23458	Total time = 1001	Obj = 2140.00	Pricing Time = 2
i = 227	Master Time = 3	Lamb = 23506	Total time = 1006	Obj = 2140.00	Pricing Time = 2
i = 228	Master Time = 1	Lamb = 23546	Total time = 1009	Obj = 2140.00	Pricing Time = 2
i = 229	Master Time = 0	Lamb = 23575	Total time = 1011	Obj = 2140.00	Pricing Time = 3
i = 230	Master Time = 0	Lamb = 23590	Total time = 1014	Obj = 2140.00	Pricing Time = 3
i = 231	Master Time = 1	Lamb = 23595	Total time = 1018	Obj = 2140.00	Pricing Time = 2
i = 232	Master Time = 0	Lamb = 23596	Total time = 1021	Obj = 2140.00	Pricing Time = 3
i = 233	Master Time = 1	Lamb = 23597	Total time = 1024	Obj = 2140.00	Pricing Time = 2
i = 234	Master Time = 0	Lamb = 23598	Total time = 1026	Obj = 2140.00	Pricing Time = 3
--------------------------------------
n070w4_0_4-9-7-6
X fix to 1: 773
X fix to 0: 0
Fractional X remaining: 1132 | min(6.831048005659437E-4, 0.9800769387565086)
--------------------------------------
i = 235	Master Time = 3	Lamb = 23598	Total time = 1032	Obj = 2149.17	Pricing Time = 0
i = 236	Master Time = 2	Lamb = 23748	Total time = 1034	Obj = 2146.23	Pricing Time = 0
i = 237	Master Time = 3	Lamb = 23831	Total time = 1037	Obj = 2143.43	Pricing Time = 0
i = 238	Master Time = 2	Lamb = 23918	Total time = 1039	Obj = 2141.06	Pricing Time = 0
i = 239	Master Time = 3	Lamb = 23997	Total time = 1042	Obj = 2140.83	Pricing Time = 1
i = 240	Master Time = 3	Lamb = 24051	Total time = 1046	Obj = 2140.00	Pricing Time = 2
i = 241	Master Time = 2	Lamb = 24109	Total time = 1051	Obj = 2140.00	Pricing Time = 3
i = 242	Master Time = 2	Lamb = 24153	Total time = 1055	Obj = 2140.00	Pricing Time = 2
i = 243	Master Time = 1	Lamb = 24190	Total time = 1058	Obj = 2140.00	Pricing Time = 2
i = 244	Master Time = 1	Lamb = 24207	Total time = 1061	Obj = 2140.00	Pricing Time = 3
i = 245	Master Time = 0	Lamb = 24220	Total time = 1064	Obj = 2140.00	Pricing Time = 2
i = 246	Master Time = 1	Lamb = 24222	Total time = 1067	Obj = 2140.00	Pricing Time = 3
i = 247	Master Time = 0	Lamb = 24226	Total time = 1070	Obj = 2140.00	Pricing Time = 3
i = 248	Master Time = 0	Lamb = 24229	Total time = 1073	Obj = 2140.00	Pricing Time = 2
i = 249	Master Time = 1	Lamb = 24232	Total time = 1076	Obj = 2140.00	Pricing Time = 2
i = 250	Master Time = 1	Lamb = 24233	Total time = 1079	Obj = 2140.00	Pricing Time = 2
i = 251	Master Time = 1	Lamb = 24234	Total time = 1082	Obj = 2140.00	Pricing Time = 2
--------------------------------------
n070w4_0_4-9-7-6
X fix to 1: 806
X fix to 0: 0
Fractional X remaining: 1001 | min(0.0023968385076945063, 0.946538486439194)
--------------------------------------
i = 252	Master Time = 3	Lamb = 24234	Total time = 1087	Obj = 2197.78	Pricing Time = 0
i = 253	Master Time = 1	Lamb = 24339	Total time = 1088	Obj = 2181.89	Pricing Time = 0
i = 254	Master Time = 1	Lamb = 24427	Total time = 1089	Obj = 2172.78	Pricing Time = 2
i = 255	Master Time = 1	Lamb = 24492	Total time = 1092	Obj = 2164.63	Pricing Time = 2
i = 256	Master Time = 2	Lamb = 24546	Total time = 1097	Obj = 2160.45	Pricing Time = 1
i = 257	Master Time = 2	Lamb = 24698	Total time = 1099	Obj = 2156.31	Pricing Time = 0
i = 258	Master Time = 1	Lamb = 24798	Total time = 1100	Obj = 2154.35	Pricing Time = 0
i = 259	Master Time = 1	Lamb = 24863	Total time = 1101	Obj = 2149.81	Pricing Time = 2
i = 260	Master Time = 1	Lamb = 24910	Total time = 1104	Obj = 2147.39	Pricing Time = 2
i = 261	Master Time = 1	Lamb = 24948	Total time = 1107	Obj = 2143.12	Pricing Time = 2
i = 262	Master Time = 3	Lamb = 24984	Total time = 1112	Obj = 2140.91	Pricing Time = 0
i = 263	Master Time = 0	Lamb = 25044	Total time = 1113	Obj = 2140.82	Pricing Time = 2
i = 264	Master Time = 1	Lamb = 25086	Total time = 1115	Obj = 2140.00	Pricing Time = 2
i = 265	Master Time = 1	Lamb = 25101	Total time = 1118	Obj = 2140.00	Pricing Time = 3
i = 266	Master Time = 1	Lamb = 25104	Total time = 1122	Obj = 2140.00	Pricing Time = 3
--------------------------------------
n070w4_0_4-9-7-6
X fix to 1: 826
X fix to 0: 0
Fractional X remaining: 771 | min(1.5757844407943145E-4, 0.9439187662182993)
--------------------------------------
i = 267	Master Time = 2	Lamb = 25104	Total time = 1127	Obj = 2185.48	Pricing Time = 0
i = 268	Master Time = 2	Lamb = 25189	Total time = 1129	Obj = 2159.57	Pricing Time = 0
i = 269	Master Time = 2	Lamb = 25359	Total time = 1132	Obj = 2155.00	Pricing Time = 1
i = 270	Master Time = 1	Lamb = 25454	Total time = 1134	Obj = 2145.34	Pricing Time = 2
i = 271	Master Time = 1	Lamb = 25507	Total time = 1137	Obj = 2142.85	Pricing Time = 2
i = 272	Master Time = 1	Lamb = 25547	Total time = 1139	Obj = 2141.83	Pricing Time = 2
i = 273	Master Time = 0	Lamb = 25573	Total time = 1142	Obj = 2141.57	Pricing Time = 2
i = 274	Master Time = 1	Lamb = 25606	Total time = 1144	Obj = 2140.47	Pricing Time = 3
i = 275	Master Time = 1	Lamb = 25626	Total time = 1148	Obj = 2140.00	Pricing Time = 2
i = 276	Master Time = 0	Lamb = 25628	Total time = 1150	Obj = 2140.00	Pricing Time = 2
i = 277	Master Time = 1	Lamb = 25629	Total time = 1153	Obj = 2140.00	Pricing Time = 2
--------------------------------------
n070w4_0_4-9-7-6
X fix to 1: 848
X fix to 0: 0
Fractional X remaining: 649 | min(0.0012530209864323183, 0.8535348548090684)
--------------------------------------
i = 278	Master Time = 3	Lamb = 25629	Total time = 1158	Obj = 2190.87	Pricing Time = 0
i = 279	Master Time = 2	Lamb = 25799	Total time = 1160	Obj = 2181.28	Pricing Time = 0
i = 280	Master Time = 1	Lamb = 25924	Total time = 1161	Obj = 2178.80	Pricing Time = 0
i = 281	Master Time = 1	Lamb = 25999	Total time = 1163	Obj = 2163.79	Pricing Time = 3
i = 282	Master Time = 0	Lamb = 26045	Total time = 1166	Obj = 2161.17	Pricing Time = 2
i = 283	Master Time = 1	Lamb = 26078	Total time = 1168	Obj = 2156.20	Pricing Time = 2
i = 284	Master Time = 1	Lamb = 26118	Total time = 1171	Obj = 2150.20	Pricing Time = 2
i = 285	Master Time = 1	Lamb = 26155	Total time = 1174	Obj = 2146.97	Pricing Time = 2
i = 286	Master Time = 0	Lamb = 26175	Total time = 1177	Obj = 2145.01	Pricing Time = 2
i = 287	Master Time = 1	Lamb = 26194	Total time = 1179	Obj = 2143.22	Pricing Time = 2
i = 288	Master Time = 1	Lamb = 26213	Total time = 1182	Obj = 2141.60	Pricing Time = 2
i = 289	Master Time = 0	Lamb = 26235	Total time = 1185	Obj = 2140.00	Pricing Time = 3
i = 290	Master Time = 1	Lamb = 26246	Total time = 1188	Obj = 2140.00	Pricing Time = 2
i = 291	Master Time = 1	Lamb = 26252	Total time = 1191	Obj = 2140.00	Pricing Time = 2
i = 292	Master Time = 1	Lamb = 26261	Total time = 1194	Obj = 2140.00	Pricing Time = 2
i = 293	Master Time = 0	Lamb = 26264	Total time = 1197	Obj = 2140.00	Pricing Time = 3
--------------------------------------
n070w4_0_4-9-7-6
X fix to 1: 865
X fix to 0: 0
Fractional X remaining: 572 | min(0.004335072237658166, 0.9811178554596731)
--------------------------------------
i = 294	Master Time = 2	Lamb = 26264	Total time = 1201	Obj = 2152.04	Pricing Time = 0
i = 295	Master Time = 3	Lamb = 26406	Total time = 1204	Obj = 2148.75	Pricing Time = 0
i = 296	Master Time = 2	Lamb = 26548	Total time = 1206	Obj = 2146.43	Pricing Time = 0
i = 297	Master Time = 2	Lamb = 26662	Total time = 1208	Obj = 2145.67	Pricing Time = 0
i = 298	Master Time = 2	Lamb = 26786	Total time = 1210	Obj = 2145.52	Pricing Time = 0
i = 299	Master Time = 3	Lamb = 26856	Total time = 1213	Obj = 2145.35	Pricing Time = 0
i = 300	Master Time = 2	Lamb = 26930	Total time = 1215	Obj = 2145.21	Pricing Time = 0
i = 301	Master Time = 2	Lamb = 27011	Total time = 1217	Obj = 2143.12	Pricing Time = 0
i = 302	Master Time = 2	Lamb = 27090	Total time = 1219	Obj = 2141.47	Pricing Time = 2
i = 303	Master Time = 1	Lamb = 27141	Total time = 1222	Obj = 2140.45	Pricing Time = 2
i = 304	Master Time = 1	Lamb = 27177	Total time = 1225	Obj = 2140.03	Pricing Time = 2
i = 305	Master Time = 1	Lamb = 27204	Total time = 1228	Obj = 2140.00	Pricing Time = 2
i = 306	Master Time = 1	Lamb = 27225	Total time = 1231	Obj = 2140.00	Pricing Time = 2
i = 307	Master Time = 1	Lamb = 27230	Total time = 1234	Obj = 2140.00	Pricing Time = 2
i = 308	Master Time = 0	Lamb = 27234	Total time = 1236	Obj = 2140.00	Pricing Time = 2
--------------------------------------
n070w4_0_4-9-7-6
X fix to 1: 872
X fix to 0: 0
Fractional X remaining: 513 | min(0.0018248175182429272, 0.9817518248175157)
--------------------------------------
i = 309	Master Time = 3	Lamb = 27234	Total time = 1241	Obj = 2142.56	Pricing Time = 0
i = 310	Master Time = 3	Lamb = 27308	Total time = 1244	Obj = 2141.12	Pricing Time = 1
i = 311	Master Time = 2	Lamb = 27378	Total time = 1247	Obj = 2140.49	Pricing Time = 0
i = 312	Master Time = 2	Lamb = 27434	Total time = 1250	Obj = 2140.41	Pricing Time = 3
i = 313	Master Time = 1	Lamb = 27493	Total time = 1254	Obj = 2140.22	Pricing Time = 2
i = 314	Master Time = 3	Lamb = 27542	Total time = 1258	Obj = 2140.00	Pricing Time = 1
i = 315	Master Time = 2	Lamb = 27570	Total time = 1262	Obj = 2140.00	Pricing Time = 3
i = 316	Master Time = 0	Lamb = 27592	Total time = 1264	Obj = 2140.00	Pricing Time = 2
i = 317	Master Time = 1	Lamb = 27606	Total time = 1267	Obj = 2140.00	Pricing Time = 2
i = 318	Master Time = 0	Lamb = 27610	Total time = 1269	Obj = 2140.00	Pricing Time = 3
i = 319	Master Time = 0	Lamb = 27612	Total time = 1272	Obj = 2140.00	Pricing Time = 2
i = 320	Master Time = 1	Lamb = 27614	Total time = 1275	Obj = 2140.00	Pricing Time = 2
i = 321	Master Time = 0	Lamb = 27615	Total time = 1277	Obj = 2140.00	Pricing Time = 2
--------------------------------------
n070w4_0_4-9-7-6
X fix to 1: 874
X fix to 0: 0
Fractional X remaining: 498 | min(0.015151515151547557, 0.6969696969696897)
--------------------------------------
i = 322	Master Time = 2	Lamb = 27615	Total time = 1282	Obj = 2141.86	Pricing Time = 2
i = 323	Master Time = 2	Lamb = 27674	Total time = 1286	Obj = 2140.49	Pricing Time = 2
i = 324	Master Time = 3	Lamb = 27728	Total time = 1290	Obj = 2140.48	Pricing Time = 2
i = 325	Master Time = 2	Lamb = 27766	Total time = 1294	Obj = 2140.14	Pricing Time = 1
i = 326	Master Time = 2	Lamb = 27816	Total time = 1298	Obj = 2140.10	Pricing Time = 3
i = 327	Master Time = 1	Lamb = 27859	Total time = 1301	Obj = 2140.00	Pricing Time = 2
i = 328	Master Time = 1	Lamb = 27891	Total time = 1304	Obj = 2140.00	Pricing Time = 2
i = 329	Master Time = 0	Lamb = 27904	Total time = 1306	Obj = 2140.00	Pricing Time = 3
i = 330	Master Time = 0	Lamb = 27908	Total time = 1309	Obj = 2140.00	Pricing Time = 3
i = 331	Master Time = 0	Lamb = 27914	Total time = 1312	Obj = 2140.00	Pricing Time = 3
i = 332	Master Time = 0	Lamb = 27916	Total time = 1315	Obj = 2140.00	Pricing Time = 3
i = 333	Master Time = 0	Lamb = 27917	Total time = 1318	Obj = 2140.00	Pricing Time = 3
--------------------------------------
n070w4_0_4-9-7-6
X fix to 1: 880
X fix to 0: 0
Fractional X remaining: 409 | min(0.0022321428571433926, 0.7767857142857144)
--------------------------------------
i = 334	Master Time = 1	Lamb = 27917	Total time = 1323	Obj = 2145.00	Pricing Time = 2
i = 335	Master Time = 2	Lamb = 27982	Total time = 1326	Obj = 2142.00	Pricing Time = 2
i = 336	Master Time = 2	Lamb = 28054	Total time = 1330	Obj = 2141.56	Pricing Time = 2
i = 337	Master Time = 2	Lamb = 28104	Total time = 1334	Obj = 2141.44	Pricing Time = 2
i = 338	Master Time = 1	Lamb = 28137	Total time = 1337	Obj = 2140.71	Pricing Time = 2
i = 339	Master Time = 2	Lamb = 28174	Total time = 1341	Obj = 2140.45	Pricing Time = 1
i = 340	Master Time = 2	Lamb = 28209	Total time = 1345	Obj = 2140.37	Pricing Time = 2
i = 341	Master Time = 2	Lamb = 28250	Total time = 1349	Obj = 2140.10	Pricing Time = 2
i = 342	Master Time = 3	Lamb = 28286	Total time = 1353	Obj = 2140.00	Pricing Time = 1
i = 343	Master Time = 2	Lamb = 28331	Total time = 1357	Obj = 2140.00	Pricing Time = 3
i = 344	Master Time = 2	Lamb = 28360	Total time = 1361	Obj = 2140.00	Pricing Time = 2
i = 345	Master Time = 2	Lamb = 28386	Total time = 1365	Obj = 2140.00	Pricing Time = 2
i = 346	Master Time = 2	Lamb = 28407	Total time = 1369	Obj = 2140.00	Pricing Time = 2
i = 347	Master Time = 2	Lamb = 28438	Total time = 1374	Obj = 2140.00	Pricing Time = 3
i = 348	Master Time = 2	Lamb = 28455	Total time = 1378	Obj = 2140.00	Pricing Time = 2
i = 349	Master Time = 3	Lamb = 28474	Total time = 1383	Obj = 2140.00	Pricing Time = 2
i = 350	Master Time = 2	Lamb = 28496	Total time = 1387	Obj = 2140.00	Pricing Time = 2
i = 351	Master Time = 2	Lamb = 28519	Total time = 1391	Obj = 2140.00	Pricing Time = 2
i = 352	Master Time = 1	Lamb = 28528	Total time = 1395	Obj = 2140.00	Pricing Time = 2
i = 353	Master Time = 2	Lamb = 28533	Total time = 1398	Obj = 2140.00	Pricing Time = 2
i = 354	Master Time = 1	Lamb = 28537	Total time = 1401	Obj = 2140.00	Pricing Time = 2
i = 355	Master Time = 2	Lamb = 28539	Total time = 1405	Obj = 2140.00	Pricing Time = 2
i = 356	Master Time = 2	Lamb = 28557	Total time = 1409	Obj = 2140.00	Pricing Time = 2
i = 357	Master Time = 2	Lamb = 28566	Total time = 1413	Obj = 2140.00	Pricing Time = 1
i = 358	Master Time = 3	Lamb = 28578	Total time = 1417	Obj = 2140.00	Pricing Time = 2
i = 359	Master Time = 0	Lamb = 28583	Total time = 1419	Obj = 2140.00	Pricing Time = 1
i = 360	Master Time = 1	Lamb = 28584	Total time = 1421	Obj = 2140.00	Pricing Time = 1
--------------------------------------
n070w4_0_4-9-7-6
X fix to 1: 888
X fix to 0: 0
Fractional X remaining: 437 | min(0.01363636363635854, 0.92272727272727)
--------------------------------------
i = 361	Master Time = 2	Lamb = 28584	Total time = 1425	Obj = 2158.83	Pricing Time = 0
i = 362	Master Time = 1	Lamb = 28645	Total time = 1427	Obj = 2155.79	Pricing Time = 2
i = 363	Master Time = 1	Lamb = 28687	Total time = 1429	Obj = 2154.97	Pricing Time = 2
i = 364	Master Time = 1	Lamb = 28716	Total time = 1432	Obj = 2150.35	Pricing Time = 2
i = 365	Master Time = 2	Lamb = 28743	Total time = 1436	Obj = 2145.29	Pricing Time = 1
i = 366	Master Time = 1	Lamb = 28762	Total time = 1438	Obj = 2144.55	Pricing Time = 2
i = 367	Master Time = 1	Lamb = 28778	Total time = 1441	Obj = 2141.46	Pricing Time = 2
i = 368	Master Time = 1	Lamb = 28797	Total time = 1444	Obj = 2140.37	Pricing Time = 2
i = 369	Master Time = 1	Lamb = 28811	Total time = 1447	Obj = 2140.00	Pricing Time = 2
i = 370	Master Time = 1	Lamb = 28819	Total time = 1451	Obj = 2140.00	Pricing Time = 3
i = 371	Master Time = 0	Lamb = 28822	Total time = 1454	Obj = 2140.00	Pricing Time = 2
i = 372	Master Time = 1	Lamb = 28829	Total time = 1456	Obj = 2140.00	Pricing Time = 2
i = 373	Master Time = 1	Lamb = 28830	Total time = 1459	Obj = 2140.00	Pricing Time = 2
i = 374	Master Time = 1	Lamb = 28831	Total time = 1462	Obj = 2140.00	Pricing Time = 2
i = 375	Master Time = 0	Lamb = 28832	Total time = 1465	Obj = 2140.00	Pricing Time = 3
i = 376	Master Time = 0	Lamb = 28833	Total time = 1467	Obj = 2140.00	Pricing Time = 3
--------------------------------------
n070w4_0_4-9-7-6
X fix to 1: 891
X fix to 0: 0
Fractional X remaining: 393 | min(0.007142857142857714, 0.9428571428571457)
--------------------------------------
i = 377	Master Time = 0	Lamb = 28833	Total time = 1470	Obj = 2140.00	Pricing Time = 2
i = 378	Master Time = 3	Lamb = 28834	Total time = 1475	Obj = 2140.00	Pricing Time = 2
i = 379	Master Time = 2	Lamb = 28887	Total time = 1479	Obj = 2140.00	Pricing Time = 2
i = 380	Master Time = 2	Lamb = 28922	Total time = 1483	Obj = 2140.00	Pricing Time = 2
i = 381	Master Time = 2	Lamb = 28943	Total time = 1487	Obj = 2140.00	Pricing Time = 2
i = 382	Master Time = 2	Lamb = 28973	Total time = 1491	Obj = 2140.00	Pricing Time = 2
i = 383	Master Time = 2	Lamb = 28986	Total time = 1495	Obj = 2140.00	Pricing Time = 2
i = 384	Master Time = 2	Lamb = 29000	Total time = 1499	Obj = 2140.00	Pricing Time = 2
i = 385	Master Time = 2	Lamb = 29009	Total time = 1504	Obj = 2140.00	Pricing Time = 2
i = 386	Master Time = 2	Lamb = 29014	Total time = 1508	Obj = 2140.00	Pricing Time = 2
i = 387	Master Time = 2	Lamb = 29046	Total time = 1511	Obj = 2140.00	Pricing Time = 1
i = 388	Master Time = 2	Lamb = 29078	Total time = 1515	Obj = 2140.00	Pricing Time = 3
i = 389	Master Time = 1	Lamb = 29107	Total time = 1519	Obj = 2140.00	Pricing Time = 2
i = 390	Master Time = 2	Lamb = 29118	Total time = 1522	Obj = 2140.00	Pricing Time = 2
i = 391	Master Time = 2	Lamb = 29128	Total time = 1527	Obj = 2140.00	Pricing Time = 2
i = 392	Master Time = 1	Lamb = 29159	Total time = 1531	Obj = 2140.00	Pricing Time = 2
i = 393	Master Time = 2	Lamb = 29173	Total time = 1535	Obj = 2140.00	Pricing Time = 2
i = 394	Master Time = 2	Lamb = 29192	Total time = 1539	Obj = 2140.00	Pricing Time = 3
i = 395	Master Time = 1	Lamb = 29205	Total time = 1543	Obj = 2140.00	Pricing Time = 2
i = 396	Master Time = 2	Lamb = 29223	Total time = 1547	Obj = 2140.00	Pricing Time = 2
i = 397	Master Time = 2	Lamb = 29231	Total time = 1550	Obj = 2140.00	Pricing Time = 2
i = 398	Master Time = 2	Lamb = 29237	Total time = 1555	Obj = 2140.00	Pricing Time = 2
i = 399	Master Time = 2	Lamb = 29254	Total time = 1558	Obj = 2140.00	Pricing Time = 1
i = 400	Master Time = 2	Lamb = 29273	Total time = 1561	Obj = 2140.00	Pricing Time = 2
i = 401	Master Time = 2	Lamb = 29286	Total time = 1565	Obj = 2140.00	Pricing Time = 2
i = 402	Master Time = 2	Lamb = 29309	Total time = 1569	Obj = 2140.00	Pricing Time = 2
i = 403	Master Time = 2	Lamb = 29324	Total time = 1573	Obj = 2140.00	Pricing Time = 2
i = 404	Master Time = 2	Lamb = 29353	Total time = 1577	Obj = 2140.00	Pricing Time = 1
i = 405	Master Time = 2	Lamb = 29361	Total time = 1580	Obj = 2140.00	Pricing Time = 2
i = 406	Master Time = 1	Lamb = 29373	Total time = 1584	Obj = 2140.00	Pricing Time = 3
i = 407	Master Time = 1	Lamb = 29379	Total time = 1587	Obj = 2140.00	Pricing Time = 2
i = 408	Master Time = 2	Lamb = 29384	Total time = 1591	Obj = 2140.00	Pricing Time = 1
i = 409	Master Time = 1	Lamb = 29390	Total time = 1593	Obj = 2140.00	Pricing Time = 2
i = 410	Master Time = 1	Lamb = 29396	Total time = 1596	Obj = 2140.00	Pricing Time = 3
i = 411	Master Time = 0	Lamb = 29398	Total time = 1599	Obj = 2140.00	Pricing Time = 2
i = 412	Master Time = 1	Lamb = 29399	Total time = 1602	Obj = 2140.00	Pricing Time = 2
i = 413	Master Time = 0	Lamb = 29401	Total time = 1604	Obj = 2140.00	Pricing Time = 2
i = 414	Master Time = 1	Lamb = 29402	Total time = 1607	Obj = 2140.00	Pricing Time = 2
--------------------------------------
n070w4_0_4-9-7-6
X fix to 1: 892
X fix to 0: 1
Fractional X remaining: 414 | min(0.01041666666666824, 0.6458333333333335)
--------------------------------------
i = 415	Master Time = 2	Lamb = 29402	Total time = 1611	Obj = 2143.24	Pricing Time = 2
i = 416	Master Time = 2	Lamb = 29450	Total time = 1615	Obj = 2142.65	Pricing Time = 1
i = 417	Master Time = 3	Lamb = 29472	Total time = 1619	Obj = 2142.36	Pricing Time = 2
i = 418	Master Time = 2	Lamb = 29497	Total time = 1623	Obj = 2141.31	Pricing Time = 2
i = 419	Master Time = 2	Lamb = 29531	Total time = 1627	Obj = 2140.00	Pricing Time = 1
i = 420	Master Time = 2	Lamb = 29556	Total time = 1630	Obj = 2140.00	Pricing Time = 2
i = 421	Master Time = 3	Lamb = 29572	Total time = 1635	Obj = 2140.00	Pricing Time = 1
i = 422	Master Time = 2	Lamb = 29589	Total time = 1638	Obj = 2140.00	Pricing Time = 2
i = 423	Master Time = 2	Lamb = 29600	Total time = 1642	Obj = 2140.00	Pricing Time = 2
i = 424	Master Time = 1	Lamb = 29601	Total time = 1645	Obj = 2140.00	Pricing Time = 2
i = 425	Master Time = 0	Lamb = 29602	Total time = 1648	Obj = 2140.00	Pricing Time = 2
i = 426	Master Time = 1	Lamb = 29603	Total time = 1650	Obj = 2140.00	Pricing Time = 2
--------------------------------------
n070w4_0_4-9-7-6
X fix to 1: 904
X fix to 0: 1
Fractional X remaining: 410 | min(4.219409282762397E-4, 0.8898734177215287)
--------------------------------------
i = 427	Master Time = 2	Lamb = 29603	Total time = 1654	Obj = 2145.42	Pricing Time = 2
i = 428	Master Time = 1	Lamb = 29649	Total time = 1657	Obj = 2143.03	Pricing Time = 2
i = 429	Master Time = 1	Lamb = 29692	Total time = 1661	Obj = 2141.87	Pricing Time = 2
i = 430	Master Time = 0	Lamb = 29724	Total time = 1663	Obj = 2141.20	Pricing Time = 2
i = 431	Master Time = 1	Lamb = 29741	Total time = 1666	Obj = 2140.93	Pricing Time = 2
i = 432	Master Time = 1	Lamb = 29748	Total time = 1669	Obj = 2140.50	Pricing Time = 2
i = 433	Master Time = 1	Lamb = 29755	Total time = 1672	Obj = 2140.22	Pricing Time = 2
i = 434	Master Time = 1	Lamb = 29761	Total time = 1675	Obj = 2140.22	Pricing Time = 2
i = 435	Master Time = 1	Lamb = 29769	Total time = 1678	Obj = 2140.00	Pricing Time = 2
i = 436	Master Time = 1	Lamb = 29771	Total time = 1681	Obj = 2140.00	Pricing Time = 2
i = 437	Master Time = 0	Lamb = 29773	Total time = 1683	Obj = 2140.00	Pricing Time = 3
--------------------------------------
n070w4_0_4-9-7-6
X fix to 1: 910
X fix to 0: 1
Fractional X remaining: 351 | min(0.01388888888888784, 0.8472222222222224)
--------------------------------------
i = 438	Master Time = 1	Lamb = 29773	Total time = 1687	Obj = 2142.50	Pricing Time = 2
i = 439	Master Time = 1	Lamb = 29785	Total time = 1690	Obj = 2142.50	Pricing Time = 2
i = 440	Master Time = 2	Lamb = 29796	Total time = 1694	Obj = 2142.50	Pricing Time = 2
i = 441	Master Time = 2	Lamb = 29844	Total time = 1698	Obj = 2142.50	Pricing Time = 2
i = 442	Master Time = 1	Lamb = 29880	Total time = 1701	Obj = 2142.07	Pricing Time = 2
i = 443	Master Time = 2	Lamb = 29912	Total time = 1705	Obj = 2141.83	Pricing Time = 2
i = 444	Master Time = 2	Lamb = 29937	Total time = 1709	Obj = 2140.43	Pricing Time = 2
i = 445	Master Time = 1	Lamb = 29959	Total time = 1712	Obj = 2140.00	Pricing Time = 2
i = 446	Master Time = 2	Lamb = 29972	Total time = 1716	Obj = 2140.00	Pricing Time = 2
i = 447	Master Time = 1	Lamb = 29978	Total time = 1719	Obj = 2140.00	Pricing Time = 2
i = 448	Master Time = 2	Lamb = 29986	Total time = 1723	Obj = 2140.00	Pricing Time = 1
i = 449	Master Time = 2	Lamb = 29992	Total time = 1726	Obj = 2140.00	Pricing Time = 2
i = 450	Master Time = 1	Lamb = 29997	Total time = 1729	Obj = 2140.00	Pricing Time = 2
--------------------------------------
n070w4_0_4-9-7-6
X fix to 1: 919
X fix to 0: 1
Fractional X remaining: 337 | min(0.02631578947365734, 0.7631578947368488)
--------------------------------------
i = 451	Master Time = 3	Lamb = 29997	Total time = 1734	Obj = 2165.13	Pricing Time = 1
i = 452	Master Time = 2	Lamb = 30041	Total time = 1737	Obj = 2160.00	Pricing Time = 2
i = 453	Master Time = 1	Lamb = 30060	Total time = 1740	Obj = 2157.42	Pricing Time = 2
i = 454	Master Time = 0	Lamb = 30070	Total time = 1742	Obj = 2153.49	Pricing Time = 2
i = 455	Master Time = 1	Lamb = 30087	Total time = 1745	Obj = 2153.49	Pricing Time = 2
i = 456	Master Time = 1	Lamb = 30091	Total time = 1748	Obj = 2153.33	Pricing Time = 2
i = 457	Master Time = 1	Lamb = 30097	Total time = 1751	Obj = 2150.95	Pricing Time = 2
i = 458	Master Time = 1	Lamb = 30106	Total time = 1754	Obj = 2149.69	Pricing Time = 2
i = 459	Master Time = 1	Lamb = 30113	Total time = 1757	Obj = 2149.31	Pricing Time = 2
i = 460	Master Time = 1	Lamb = 30131	Total time = 1760	Obj = 2148.68	Pricing Time = 2
i = 461	Master Time = 0	Lamb = 30140	Total time = 1762	Obj = 2148.18	Pricing Time = 2
i = 462	Master Time = 1	Lamb = 30145	Total time = 1765	Obj = 2148.08	Pricing Time = 2
i = 463	Master Time = 1	Lamb = 30151	Total time = 1768	Obj = 2147.69	Pricing Time = 2
i = 464	Master Time = 1	Lamb = 30157	Total time = 1771	Obj = 2147.67	Pricing Time = 2
i = 465	Master Time = 0	Lamb = 30162	Total time = 1774	Obj = 2147.50	Pricing Time = 3
i = 466	Master Time = 1	Lamb = 30164	Total time = 1777	Obj = 2147.50	Pricing Time = 2
i = 467	Master Time = 0	Lamb = 30166	Total time = 1779	Obj = 2147.00	Pricing Time = 2
i = 468	Master Time = 1	Lamb = 30177	Total time = 1782	Obj = 2146.67	Pricing Time = 2
i = 469	Master Time = 1	Lamb = 30180	Total time = 1785	Obj = 2146.58	Pricing Time = 2
i = 470	Master Time = 1	Lamb = 30184	Total time = 1788	Obj = 2145.88	Pricing Time = 2
i = 471	Master Time = 1	Lamb = 30189	Total time = 1791	Obj = 2145.88	Pricing Time = 2
i = 472	Master Time = 0	Lamb = 30191	Total time = 1794	Obj = 2145.79	Pricing Time = 3
i = 473	Master Time = 0	Lamb = 30194	Total time = 1797	Obj = 2145.79	Pricing Time = 3
i = 474	Master Time = 1	Lamb = 30196	Total time = 1800	Obj = 2145.71	Pricing Time = 2
i = 475	Master Time = 0	Lamb = 30200	Total time = 1802	Obj = 2145.71	Pricing Time = 3
i = 476	Master Time = 0	Lamb = 30202	Total time = 1805	Obj = 2145.00	Pricing Time = 3
i = 477	Master Time = 0	Lamb = 30203	Total time = 1808	Obj = 2145.00	Pricing Time = 2
i = 478	Master Time = 1	Lamb = 30204	Total time = 1811	Obj = 2145.00	Pricing Time = 1
i = 479	Master Time = 0	Lamb = 30208	Total time = 1813	Obj = 2145.00	Pricing Time = 2
i = 480	Master Time = 1	Lamb = 30210	Total time = 1816	Obj = 2145.00	Pricing Time = 2
i = 481	Master Time = 0	Lamb = 30213	Total time = 1818	Obj = 2145.00	Pricing Time = 3
i = 482	Master Time = 0	Lamb = 30215	Total time = 1822	Obj = 2145.00	Pricing Time = 3
i = 483	Master Time = 0	Lamb = 30218	Total time = 1824	Obj = 2145.00	Pricing Time = 3
i = 484	Master Time = 0	Lamb = 30220	Total time = 1827	Obj = 2145.00	Pricing Time = 3
--------------------------------------
n070w4_0_4-9-7-6
X fix to 1: 920
X fix to 0: 2
Fractional X remaining: 235 | min(0.4999999999999977, 0.5000000000000036)
--------------------------------------
i = 485	Master Time = 0	Lamb = 30220	Total time = 1830	Obj = 2173.24	Pricing Time = 2
i = 486	Master Time = 0	Lamb = 30225	Total time = 1833	Obj = 2171.59	Pricing Time = 3
i = 487	Master Time = 0	Lamb = 30232	Total time = 1835	Obj = 2165.96	Pricing Time = 3
i = 488	Master Time = 0	Lamb = 30236	Total time = 1838	Obj = 2162.39	Pricing Time = 2
i = 489	Master Time = 0	Lamb = 30238	Total time = 1841	Obj = 2161.50	Pricing Time = 3
i = 490	Master Time = 0	Lamb = 30241	Total time = 1843	Obj = 2161.50	Pricing Time = 2
i = 491	Master Time = 1	Lamb = 30243	Total time = 1846	Obj = 2161.50	Pricing Time = 2
--------------------------------------
n070w4_0_4-9-7-6
X fix to 1: 931
X fix to 0: 2
Fractional X remaining: 303 | min(0.09999999999999121, 0.8999999999999966)
--------------------------------------
i = 492	Master Time = 0	Lamb = 30243	Total time = 1848	Obj = 2195.00	Pricing Time = 2
i = 493	Master Time = 1	Lamb = 30255	Total time = 1851	Obj = 2189.00	Pricing Time = 2
i = 494	Master Time = 0	Lamb = 30260	Total time = 1854	Obj = 2187.14	Pricing Time = 3
i = 495	Master Time = 0	Lamb = 30263	Total time = 1856	Obj = 2185.00	Pricing Time = 2
i = 496	Master Time = 0	Lamb = 30266	Total time = 1859	Obj = 2185.00	Pricing Time = 3
i = 497	Master Time = 0	Lamb = 30272	Total time = 1862	Obj = 2185.00	Pricing Time = 3
--------------------------------------
n070w4_0_4-9-7-6
X fix to 1: 977
X fix to 0: 2
Fractional X remaining: 249 | min(0.12499999999999994, 0.7500000000000016)
--------------------------------------
i = 498	Master Time = 0	Lamb = 30272	Total time = 1864	Obj = 2425.00	Pricing Time = 2
i = 499	Master Time = 1	Lamb = 30297	Total time = 1867	Obj = 2220.00	Pricing Time = 2
i = 500	Master Time = 0	Lamb = 30310	Total time = 1869	Obj = 2190.00	Pricing Time = 2
i = 501	Master Time = 0	Lamb = 30323	Total time = 1871	Obj = 2190.00	Pricing Time = 2
i = 502	Master Time = 1	Lamb = 30325	Total time = 1874	Obj = 2190.00	Pricing Time = 1
i = 503	Master Time = 1	Lamb = 30327	Total time = 1876	Obj = 2190.00	Pricing Time = 2
i = 504	Master Time = 0	Lamb = 30332	Total time = 1878	Obj = 2190.00	Pricing Time = 2
i = 505	Master Time = 0	Lamb = 30333	Total time = 1880	Obj = 2190.00	Pricing Time = 2
i = 506	Master Time = 0	Lamb = 30335	Total time = 1883	Obj = 2190.00	Pricing Time = 2
i = 507	Master Time = 0	Lamb = 30336	Total time = 1885	Obj = 2190.00	Pricing Time = 2
i = 508	Master Time = 0	Lamb = 30337	Total time = 1887	Obj = 2190.00	Pricing Time = 2
--------------------------------------
n070w4_0_4-9-7-6
X fix to 1: 978
X fix to 0: 3
Fractional X remaining: 104 | min(0.49999999999999933, 0.5000000000000004)
--------------------------------------
i = 509	Master Time = 1	Lamb = 30337	Total time = 1890	Obj = 2200.00	Pricing Time = 1
--------------------------------------
n070w4_0_4-9-7-6
X fix to 1: 984
X fix to 0: 3
Fractional X remaining: 164 | min(0.09999999999999931, 0.7500000000000001)
--------------------------------------
i = 510	Master Time = 2	Lamb = 30337	Total time = 1893	Obj = 2219.00	Pricing Time = 1
i = 511	Master Time = 1	Lamb = 30361	Total time = 1895	Obj = 2213.08	Pricing Time = 2
i = 512	Master Time = 0	Lamb = 30392	Total time = 1898	Obj = 2211.43	Pricing Time = 2
i = 513	Master Time = 1	Lamb = 30407	Total time = 1900	Obj = 2210.00	Pricing Time = 2
i = 514	Master Time = 0	Lamb = 30412	Total time = 1902	Obj = 2209.67	Pricing Time = 2
i = 515	Master Time = 1	Lamb = 30421	Total time = 1905	Obj = 2204.43	Pricing Time = 2
i = 516	Master Time = 1	Lamb = 30429	Total time = 1908	Obj = 2202.50	Pricing Time = 1
i = 517	Master Time = 1	Lamb = 30436	Total time = 1910	Obj = 2202.50	Pricing Time = 2
i = 518	Master Time = 0	Lamb = 30442	Total time = 1912	Obj = 2202.50	Pricing Time = 2
i = 519	Master Time = 1	Lamb = 30447	Total time = 1915	Obj = 2201.43	Pricing Time = 1
i = 520	Master Time = 1	Lamb = 30453	Total time = 1917	Obj = 2200.00	Pricing Time = 2
i = 521	Master Time = 0	Lamb = 30456	Total time = 1920	Obj = 2200.00	Pricing Time = 2
i = 522	Master Time = 1	Lamb = 30459	Total time = 1922	Obj = 2200.00	Pricing Time = 1
i = 523	Master Time = 1	Lamb = 30462	Total time = 1924	Obj = 2200.00	Pricing Time = 2
--------------------------------------
n070w4_0_4-9-7-6
X fix to 1: 991
X fix to 0: 3
Fractional X remaining: 118 | min(0.14285714285713946, 0.857142857142853)
--------------------------------------
i = 524	Master Time = 0	Lamb = 30462	Total time = 1927	Obj = 2205.00	Pricing Time = 2
i = 525	Master Time = 1	Lamb = 30467	Total time = 1929	Obj = 2205.00	Pricing Time = 2
i = 526	Master Time = 1	Lamb = 30473	Total time = 1932	Obj = 2205.00	Pricing Time = 1
i = 527	Master Time = 1	Lamb = 30482	Total time = 1934	Obj = 2205.00	Pricing Time = 1
i = 528	Master Time = 1	Lamb = 30487	Total time = 1936	Obj = 2205.00	Pricing Time = 2
i = 529	Master Time = 0	Lamb = 30491	Total time = 1939	Obj = 2205.00	Pricing Time = 2
i = 530	Master Time = 1	Lamb = 30493	Total time = 1941	Obj = 2205.00	Pricing Time = 2
i = 531	Master Time = 0	Lamb = 30500	Total time = 1943	Obj = 2205.00	Pricing Time = 2
i = 532	Master Time = 1	Lamb = 30502	Total time = 1946	Obj = 2205.00	Pricing Time = 1
i = 533	Master Time = 1	Lamb = 30508	Total time = 1948	Obj = 2200.00	Pricing Time = 2
i = 534	Master Time = 1	Lamb = 30511	Total time = 1951	Obj = 2200.00	Pricing Time = 1
i = 535	Master Time = 1	Lamb = 30514	Total time = 1953	Obj = 2200.00	Pricing Time = 2
i = 536	Master Time = 0	Lamb = 30515	Total time = 1956	Obj = 2200.00	Pricing Time = 2
i = 537	Master Time = 1	Lamb = 30517	Total time = 1958	Obj = 2200.00	Pricing Time = 1
i = 538	Master Time = 1	Lamb = 30519	Total time = 1960	Obj = 2200.00	Pricing Time = 2
i = 539	Master Time = 0	Lamb = 30520	Total time = 1962	Obj = 2200.00	Pricing Time = 2
i = 540	Master Time = 0	Lamb = 30521	Total time = 1964	Obj = 2200.00	Pricing Time = 2
i = 541	Master Time = 0	Lamb = 30522	Total time = 1966	Obj = 2200.00	Pricing Time = 2
i = 542	Master Time = 0	Lamb = 30523	Total time = 1968	Obj = 2200.00	Pricing Time = 2
i = 543	Master Time = 0	Lamb = 30524	Total time = 1970	Obj = 2200.00	Pricing Time = 2
i = 544	Master Time = 0	Lamb = 30525	Total time = 1972	Obj = 2200.00	Pricing Time = 2
--------------------------------------
n070w4_0_4-9-7-6
X fix to 1: 995
X fix to 0: 3
Fractional X remaining: 93 | min(0.1666666666666666, 0.8333333333333334)
--------------------------------------
i = 545	Master Time = 0	Lamb = 30525	Total time = 1974	Obj = 2200.00	Pricing Time = 2
i = 546	Master Time = 1	Lamb = 30528	Total time = 1977	Obj = 2200.00	Pricing Time = 2
i = 547	Master Time = 0	Lamb = 30532	Total time = 1979	Obj = 2200.00	Pricing Time = 2
i = 548	Master Time = 1	Lamb = 30536	Total time = 1982	Obj = 2200.00	Pricing Time = 2
--------------------------------------
n070w4_0_4-9-7-6
X fix to 1: 996
X fix to 0: 4
Fractional X remaining: 82 | min(0.4999999999999995, 0.5000000000000004)
--------------------------------------
i = 549	Master Time = 1	Lamb = 30536	Total time = 1985	Obj = 2250.00	Pricing Time = 1
i = 550	Master Time = 1	Lamb = 30549	Total time = 1988	Obj = 2250.00	Pricing Time = 2
i = 551	Master Time = 1	Lamb = 30560	Total time = 1990	Obj = 2246.67	Pricing Time = 1
i = 552	Master Time = 1	Lamb = 30571	Total time = 1992	Obj = 2243.00	Pricing Time = 2
i = 553	Master Time = 1	Lamb = 30587	Total time = 1995	Obj = 2243.00	Pricing Time = 1
i = 554	Master Time = 1	Lamb = 30596	Total time = 1997	Obj = 2241.67	Pricing Time = 2
i = 555	Master Time = 0	Lamb = 30603	Total time = 1999	Obj = 2241.67	Pricing Time = 2
i = 556	Master Time = 0	Lamb = 30609	Total time = 2002	Obj = 2238.75	Pricing Time = 2
i = 557	Master Time = 1	Lamb = 30613	Total time = 2004	Obj = 2238.75	Pricing Time = 2
i = 558	Master Time = 0	Lamb = 30614	Total time = 2006	Obj = 2238.75	Pricing Time = 2
i = 559	Master Time = 1	Lamb = 30615	Total time = 2009	Obj = 2238.33	Pricing Time = 1
i = 560	Master Time = 1	Lamb = 30618	Total time = 2011	Obj = 2236.43	Pricing Time = 2
i = 561	Master Time = 0	Lamb = 30619	Total time = 2013	Obj = 2236.43	Pricing Time = 2
i = 562	Master Time = 0	Lamb = 30620	Total time = 2015	Obj = 2236.43	Pricing Time = 2
i = 563	Master Time = 0	Lamb = 30621	Total time = 2017	Obj = 2235.00	Pricing Time = 2
i = 564	Master Time = 0	Lamb = 30622	Total time = 2019	Obj = 2235.00	Pricing Time = 2
--------------------------------------
n070w4_0_4-9-7-6
X fix to 1: 997
X fix to 0: 5
Fractional X remaining: 67 | min(0.33333333333333304, 0.666666666666667)
--------------------------------------
i = 565	Master Time = 0	Lamb = 30622	Total time = 2022	Obj = 2245.00	Pricing Time = 2
i = 566	Master Time = 1	Lamb = 30627	Total time = 2024	Obj = 2245.00	Pricing Time = 2
i = 567	Master Time = 0	Lamb = 30632	Total time = 2026	Obj = 2245.00	Pricing Time = 2
i = 568	Master Time = 1	Lamb = 30634	Total time = 2029	Obj = 2245.00	Pricing Time = 2
i = 569	Master Time = 1	Lamb = 30636	Total time = 2032	Obj = 2245.00	Pricing Time = 1
i = 570	Master Time = 1	Lamb = 30638	Total time = 2034	Obj = 2245.00	Pricing Time = 2
i = 571	Master Time = 0	Lamb = 30642	Total time = 2036	Obj = 2245.00	Pricing Time = 2
--------------------------------------
n070w4_0_4-9-7-6
X fix to 1: 998
X fix to 0: 6
Fractional X remaining: 29 | min(0.499999999999944, 0.5000000000000493)
--------------------------------------
i = 572	Master Time = 1	Lamb = 30642	Total time = 2039	Obj = 2245.00	Pricing Time = 1
--------------------------------------
n070w4_0_4-9-7-6
X fix to 1: 999
X fix to 0: 6
Fractional X remaining: 18 | min(0.5, 0.5)
--------------------------------------
i = 573	Master Time = 0	Lamb = 30642	Total time = 2041	Obj = 2245.00	Pricing Time = 2
i = 574	Master Time = 0	Lamb = 30644	Total time = 2043	Obj = 2245.00	Pricing Time = 2
i = 575	Master Time = 0	Lamb = 30658	Total time = 2045	Obj = 2245.00	Pricing Time = 2
i = 576	Master Time = 1	Lamb = 30661	Total time = 2048	Obj = 2245.00	Pricing Time = 2
i = 577	Master Time = 0	Lamb = 30663	Total time = 2050	Obj = 2245.00	Pricing Time = 2
i = 578	Master Time = 0	Lamb = 30664	Total time = 2053	Obj = 2245.00	Pricing Time = 2
i = 579	Master Time = 0	Lamb = 30665	Total time = 2055	Obj = 2245.00	Pricing Time = 2
i = 580	Master Time = 1	Lamb = 30666	Total time = 2057	Obj = 2245.00	Pricing Time = 2
i = 581	Master Time = 0	Lamb = 30667	Total time = 2059	Obj = 2245.00	Pricing Time = 2
i = 582	Master Time = 0	Lamb = 30668	Total time = 2061	Obj = 2245.00	Pricing Time = 2
i = 583	Master Time = 1	Lamb = 30670	Total time = 2064	Obj = 2245.00	Pricing Time = 2
i = 584	Master Time = 0	Lamb = 30671	Total time = 2066	Obj = 2245.00	Pricing Time = 2
i = 585	Master Time = 0	Lamb = 30673	Total time = 2068	Obj = 2245.00	Pricing Time = 2
i = 586	Master Time = 0	Lamb = 30674	Total time = 2070	Obj = 2245.00	Pricing Time = 2
--------------------------------------
n070w4_0_4-9-7-6
X fix to 1: 1000
X fix to 0: 7
Fractional X remaining: 19 | min(0.49999999999999983, 0.5)
--------------------------------------
i = 587	Master Time = 0	Lamb = 30674	Total time = 2073	Obj = 2275.00	Pricing Time = 2
i = 588	Master Time = 1	Lamb = 30676	Total time = 2075	Obj = 2275.00	Pricing Time = 2
i = 589	Master Time = 0	Lamb = 30679	Total time = 2077	Obj = 2275.00	Pricing Time = 2
i = 590	Master Time = 0	Lamb = 30680	Total time = 2079	Obj = 2260.00	Pricing Time = 2
i = 591	Master Time = 0	Lamb = 30682	Total time = 2082	Obj = 2260.00	Pricing Time = 2
i = 592	Master Time = 1	Lamb = 30684	Total time = 2084	Obj = 2260.00	Pricing Time = 1

n070w4_0_4-9-7-6
Integer solution found

Printing SHIFT allocations
HN_0   |L|L|-|-|-|-|-| |E|E|E|E|E|-|-| |-|-|-|-|L|L|N| |N|N|N|-|-|-|-|
HN_1   |D|D|-|-|-|N|N| |N|N|N|-|-|-|-| |D|D|E|E|E|-|-| |-|-|-|L|L|L|N|
HN_2   |-|D|D|D|-|-|-| |D|D|D|-|-|E|E| |D|D|-|-|D|D|D| |D|D|-|-|-|-|-|
HN_3   |-|-|E|E|D|D|-| |-|-|-|-|N|N|N| |N|-|-|-|-|-|-| |D|D|D|D|D|-|-|
HN_4   |D|D|-|-|E|E|E| |-|-|L|L|L|-|-| |-|-|-|E|E|E|E| |-|-|D|D|D|-|-|
HN_5   |-|L|L|L|L|-|-| |-|-|-|D|D|L|L| |L|L|-|-|-|-|-| |-|E|E|L|L|-|-|
HN_6   |N|N|N|N|N|-|-| |-|N|N|N|N|-|-| |-|-|N|N|N|N|N| |-|-|N|N|N|N|N|
HN_7   |E|E|E|-|-|L|L| |L|L|-|-|-|-|-| |E|E|L|L|L|-|-| |L|L|L|-|-|E|E|
NU_8   |-|-|-|E|E|E|L| |-|-|-|E|E|E|E| |-|-|E|E|E|-|-| |E|E|L|L|L|-|-|
NU_9   |N|N|N|N|N|-|-| |-|N|N|N|N|-|-| |-|-|N|N|N|N|N| |-|-|N|N|N|N|N|
NU_10  |D|D|D|D|D|-|-| |D|D|D|-|-|D|D| |D|D|-|-|-|-|-| |D|D|D|-|-|-|-|
NU_11  |N|-|E|E|E|-|-| |E|E|E|E|E|-|-| |L|L|L|-|-|E|E| |E|-|-|D|D|E|E|
NU_12  |N|N|N|N|-|-|-| |L|L|L|-|-|N|N| |N|N|N|-|-|-|-| |E|E|E|-|-|-|-|
NU_13  |N|N|-|-|-|-|-| |N|N|N|N|N|-|-| |-|-|-|-|N|N|N| |N|-|-|-|-|-|-|
NU_14  |L|L|L|L|-|-|-| |L|L|L|L|L|-|-| |L|L|L|-|-|-|-| |L|L|L|-|-|E|E|
NU_15  |-|L|L|L|-|-|-| |E|E|E|L|L|-|-| |-|N|N|N|N|-|-| |-|-|L|L|L|-|-|
NU_16  |D|D|E|E|-|-|-| |-|-|N|N|N|N|N| |-|-|-|-|E|E|E| |-|-|E|E|E|-|-|
NU_17  |-|-|-|-|N|N|N| |N|-|-|-|-|-|E| |E|L|L|-|-|-|-| |-|D|D|E|E|-|-|
NU_18  |N|N|N|N|N|-|-| |-|N|N|N|N|-|-| |-|N|N|N|N|-|-| |-|-|N|N|N|N|N|
NU_19  |E|E|-|-|-|-|-| |E|E|D|D|-|-|-| |-|E|E|L|L|-|-| |N|N|N|N|N|-|-|
NU_20  |N|N|N|N|N|-|-| |N|N|N|N|N|-|-| |N|N|N|N|N|-|-| |N|N|N|N|N|-|-|
NU_21  |-|-|-|-|N|N|N| |N|-|-|-|-|-|-| |N|N|N|N|N|-|-| |-|-|-|-|L|L|L|
NU_22  |L|-|-|D|D|D|D| |-|-|D|D|D|-|-| |D|D|D|D|D|-|-| |D|D|D|-|-|D|D|
NU_23  |D|D|D|D|D|-|-| |D|D|D|D|-|-|-| |E|E|D|D|D|-|-| |-|-|-|D|D|D|L|
NU_24  |-|-|N|N|N|N|-| |-|-|-|-|N|N|N| |N|-|-|-|-|-|-| |N|N|N|N|N|-|-|
NU_25  |L|L|L|L|L|-|-| |L|L|L|L|L|-|-| |E|E|L|L|L|-|-| |L|L|L|-|-|D|D|
NU_26  |E|-|-|E|E|E|E| |-|-|E|E|E|-|-| |E|E|E|E|E|-|-| |E|E|E|E|E|-|-|
NU_27  |L|L|-|-|L|L|L| |L|L|-|-|L|L|L| |-|-|L|L|L|-|-| |L|L|L|L|L|-|-|
NU_28  |E|E|E|-|-|-|-| |L|L|L|L|L|-|-| |-|-|E|E|E|L|L| |-|-|-|-|-|L|L|
NU_29  |L|L|L|L|L|-|-| |-|-|-|E|E|L|L| |L|-|-|-|L|L|L| |L|L|-|-|-|-|-|
NU_30  |D|D|D|D|D|-|-| |-|-|-|D|D|D|D| |D|-|-|-|D|D|D| |-|-|D|D|D|-|-|
NU_31  |-|-|D|D|D|-|-| |D|D|D|D|D|-|-| |D|D|D|D|D|-|-| |D|D|D|D|D|-|-|
NU_32  |-|-|-|-|E|E|D| |D|L|L|-|-|-|-| |-|-|E|E|N|N|N| |N|-|-|-|-|-|-|
NU_33  |L|-|-|E|E|L|L| |-|-|E|E|E|-|-| |N|N|N|N|N|-|-| |N|N|N|N|N|-|-|
NU_34  |E|E|E|E|-|-|-| |-|-|-|D|D|D|E| |E|E|-|-|-|-|-| |E|E|E|E|E|-|-|
NU_35  |-|-|E|E|E|-|-| |E|E|E|E|E|-|-| |-|-|-|E|E|E|E| |E|-|-|-|E|E|L|
NU_36  |-|-|-|-|L|L|L| |L|-|-|-|-|-|-| |L|L|L|-|-|-|-| |-|L|L|L|L|-|-|
NU_37  |N|N|-|-|-|-|-| |E|E|E|E|E|-|-| |-|-|-|E|E|D|D| |D|-|-|-|L|L|N|
NU_38  |-|-|-|-|D|D|D| |D|-|-|-|-|-|D| |D|D|D|-|-|-|-| |-|D|D|D|D|-|-|
NU_39  |L|L|-|-|-|-|-| |D|D|D|D|-|-|-| |D|D|D|D|D|-|-| |-|-|-|D|D|E|E|
CT_40  |D|D|D|L|L|-|-| |-|N|N|N|N|-|-| |-|-|-|E|E|L|L| |-|-|-|-|-|D|D|
CT_41  |-|-|N|N|N|N|-| |-|-|-|-|-|N|N| |N|N|-|-|-|-|-| |-|N|N|N|N|-|-|
CT_42  |-|-|L|L|L|-|-| |E|E|L|L|L|-|-| |D|D|D|D|D|-|-| |L|L|L|-|-|D|D|
CT_43  |-|-|-|E|E|E|E| |D|D|-|-|-|-|-| |L|L|L|-|-|-|-| |-|E|E|L|L|-|-|
CT_44  |E|E|D|D|D|-|-| |E|E|E|E|E|-|-| |L|L|L|-|-|D|D| |D|-|-|E|E|D|D|
CT_45  |D|D|D|L|L|-|-| |N|N|N|N|N|-|-| |D|D|L|L|L|-|-| |E|E|L|L|L|-|-|
CT_46  |E|E|D|D|D|-|-| |D|D|E|E|E|-|-| |E|E|E|D|D|-|-| |E|E|E|E|E|-|-|
CT_47  |E|E|E|E|E|-|-| |E|E|E|E|-|-|-| |-|E|E|E|E|-|-| |-|E|E|E|E|-|-|
CT_48  |N|N|N|-|-|-|-| |D|D|L|L|L|-|-| |-|N|N|N|N|-|-| |L|L|L|-|-|-|-|
CT_49  |E|-|-|D|D|D|D| |-|-|L|L|L|-|-| |D|D|D|D|D|-|-| |D|D|D|E|E|-|-|
CT_50  |D|D|D|D|-|-|-| |-|-|-|D|D|D|D| |D|D|-|-|-|-|-| |-|D|D|D|D|-|-|
CT_51  |-|-|-|D|D|D|E| |E|E|-|-|-|-|-| |-|E|E|D|D|-|-| |-|-|-|-|E|E|N|
CT_52  |L|L|L|L|L|-|-| |D|D|D|D|-|-|-| |-|-|D|D|D|-|-| |-|D|D|D|-|-|-|
CT_53  |E|E|-|-|N|N|N| |N|N|-|-|L|L|L| |-|-|L|L|L|-|-| |D|D|L|L|L|-|-|
CT_54  |-|-|L|L|L|-|-| |L|L|L|L|L|-|-| |L|L|L|L|L|-|-| |L|L|L|L|L|-|-|
CT_55  |N|N|N|N|N|-|-| |D|D|D|D|D|-|-| |L|L|L|-|-|L|L| |L|-|-|E|E|E|L|
CT_56  |N|N|N|N|N|-|-| |N|N|N|N|N|-|-| |N|N|N|N|N|-|-| |N|N|N|N|N|-|-|
CT_57  |-|L|L|L|L|-|-| |L|L|L|-|-|-|-| |-|D|D|D|D|-|-| |-|D|D|D|D|-|-|
CT_58  |E|E|E|E|-|-|-| |L|L|L|-|-|D|D| |E|E|-|-|-|-|-| |E|E|D|D|-|-|-|
CT_59  |D|-|-|-|-|N|N| |N|N|N|-|-|-|-| |-|N|N|N|N|-|-| |N|N|N|N|N|-|-|
TR_60  |D|D|D|D|D|-|-| |D|D|D|E|E|-|-| |E|E|E|-|-|L|L| |L|L|-|-|D|D|D|
TR_61  |D|D|-|-|-|-|-| |-|D|D|L|L|-|-| |-|-|-|D|D|D|E| |E|L|-|-|-|-|-|
TR_62  |E|E|L|L|L|-|-| |E|E|E|E|E|-|-| |-|D|D|D|N|N|N| |-|-|E|E|E|L|L|
TR_63  |D|E|E|-|-|-|-| |-|N|N|N|N|-|-| |-|-|-|E|E|E|E| |D|D|-|-|-|-|-|
TR_64  |-|-|E|E|E|-|-| |-|L|L|L|-|-|-| |N|N|N|N|N|-|-| |-|-|-|N|N|N|N|
TR_65  |L|L|L|-|-|E|E| |L|L|-|-|N|N|N| |-|-|E|E|E|-|-| |E|E|E|L|L|-|-|
TR_66  |-|-|D|D|D|D|D| |-|-|-|-|-|E|E| |D|D|-|-|-|-|-| |-|D|D|D|D|-|-|
TR_67  |-|-|-|-|N|N|N| |N|N|-|-|-|-|-| |L|L|L|L|-|-|-| |-|-|D|L|L|-|-|
TR_68  |L|-|-|-|L|L|L| |-|-|-|D|D|D|L| |L|-|-|L|L|-|-| |-|N|N|N|N|-|-|
TR_69  |N|N|N|N|N|-|-| |E|E|E|D|D|-|-| |D|D|D|-|-|N|N| |N|N|-|-|E|E|N|
Total assignment constraints: 1100
Consecutive constraints: 300
Non working days constraints: 30
Preferences: 140
Max working weekend: 270
Complete weekends: 0
Optimal coverage constraints: 420
TOTAL = 2260
