Creating directory: out/n110w4_1_4-8-7-2

-----------------------------------------------------------
Instance	n110w4_1_4-8-7-2
algorithm	=	vns
maxIter	=	10
eliteSet	=	10
shakePerc	=	0.9
bestKnow	=	2805.0
minColsIter	=	0.35
minRoundDown	=	-1.0
minRoundUp	=	0.67
seed	=	0
onlyRelax	=	false
nThreads	=	20
alpha	=	0.6
timeOut	=	14600
-----------------------------------------------------------
Parallels mode has been selected.
i = 0	Master Time = 0	Lamb = 0	Total time = 5	Obj = 534560.00	Pricing Time = 1
i = 1	Master Time = 1	Lamb = 703	Total time = 7	Obj = 152092.50	Pricing Time = 1
i = 2	Master Time = 1	Lamb = 1340	Total time = 8	Obj = 74729.22	Pricing Time = 0
i = 3	Master Time = 1	Lamb = 1974	Total time = 9	Obj = 49920.57	Pricing Time = 0
i = 4	Master Time = 1	Lamb = 2631	Total time = 10	Obj = 30902.99	Pricing Time = 0
i = 5	Master Time = 1	Lamb = 3259	Total time = 12	Obj = 21141.90	Pricing Time = 0
i = 6	Master Time = 1	Lamb = 3924	Total time = 14	Obj = 14762.12	Pricing Time = 0
i = 7	Master Time = 3	Lamb = 4577	Total time = 16	Obj = 11776.91	Pricing Time = 0
i = 8	Master Time = 2	Lamb = 5218	Total time = 19	Obj = 9457.17	Pricing Time = 1
i = 9	Master Time = 2	Lamb = 5791	Total time = 22	Obj = 7696.59	Pricing Time = 0
i = 10	Master Time = 2	Lamb = 6342	Total time = 24	Obj = 6523.68	Pricing Time = 1
i = 11	Master Time = 2	Lamb = 6852	Total time = 27	Obj = 5576.27	Pricing Time = 0
i = 12	Master Time = 2	Lamb = 7339	Total time = 29	Obj = 4960.83	Pricing Time = 0
i = 13	Master Time = 2	Lamb = 7845	Total time = 32	Obj = 4562.48	Pricing Time = 1
i = 14	Master Time = 2	Lamb = 8275	Total time = 34	Obj = 4172.96	Pricing Time = 0
i = 15	Master Time = 3	Lamb = 8740	Total time = 38	Obj = 3939.07	Pricing Time = 0
i = 16	Master Time = 3	Lamb = 9102	Total time = 40	Obj = 3706.74	Pricing Time = 0
i = 17	Master Time = 2	Lamb = 9446	Total time = 43	Obj = 3437.02	Pricing Time = 1
i = 18	Master Time = 3	Lamb = 9783	Total time = 46	Obj = 3306.66	Pricing Time = 0
i = 19	Master Time = 2	Lamb = 10076	Total time = 49	Obj = 3203.22	Pricing Time = 1
i = 20	Master Time = 2	Lamb = 10378	Total time = 52	Obj = 3110.50	Pricing Time = 0
i = 21	Master Time = 3	Lamb = 10636	Total time = 54	Obj = 3013.01	Pricing Time = 1
i = 22	Master Time = 2	Lamb = 10896	Total time = 58	Obj = 2955.46	Pricing Time = 1
i = 23	Master Time = 2	Lamb = 11124	Total time = 60	Obj = 2910.47	Pricing Time = 0
i = 24	Master Time = 3	Lamb = 11330	Total time = 64	Obj = 2855.51	Pricing Time = 0
i = 25	Master Time = 3	Lamb = 11511	Total time = 67	Obj = 2821.46	Pricing Time = 1
i = 26	Master Time = 2	Lamb = 11711	Total time = 70	Obj = 2785.44	Pricing Time = 1
i = 27	Master Time = 2	Lamb = 11888	Total time = 72	Obj = 2761.55	Pricing Time = 0
i = 28	Master Time = 2	Lamb = 12048	Total time = 75	Obj = 2742.18	Pricing Time = 2
i = 29	Master Time = 2	Lamb = 12196	Total time = 79	Obj = 2724.85	Pricing Time = 1
i = 30	Master Time = 2	Lamb = 12322	Total time = 82	Obj = 2705.66	Pricing Time = 1
i = 31	Master Time = 1	Lamb = 12447	Total time = 84	Obj = 2690.84	Pricing Time = 1
i = 32	Master Time = 1	Lamb = 12579	Total time = 86	Obj = 2674.08	Pricing Time = 1
i = 33	Master Time = 2	Lamb = 12685	Total time = 88	Obj = 2664.25	Pricing Time = 0
i = 34	Master Time = 2	Lamb = 12773	Total time = 91	Obj = 2657.25	Pricing Time = 1
i = 35	Master Time = 1	Lamb = 12872	Total time = 93	Obj = 2651.86	Pricing Time = 21
i = 36	Master Time = 2	Lamb = 13102	Total time = 116	Obj = 2580.78	Pricing Time = 1
i = 37	Master Time = 3	Lamb = 13221	Total time = 119	Obj = 2568.44	Pricing Time = 0
i = 38	Master Time = 3	Lamb = 13460	Total time = 122	Obj = 2560.87	Pricing Time = 0
i = 39	Master Time = 2	Lamb = 13638	Total time = 125	Obj = 2554.41	Pricing Time = 1
i = 40	Master Time = 1	Lamb = 13751	Total time = 127	Obj = 2551.74	Pricing Time = 1
i = 41	Master Time = 3	Lamb = 13848	Total time = 131	Obj = 2539.49	Pricing Time = 1
i = 42	Master Time = 2	Lamb = 13932	Total time = 133	Obj = 2534.44	Pricing Time = 17
i = 43	Master Time = 3	Lamb = 14141	Total time = 154	Obj = 2485.18	Pricing Time = 1
i = 44	Master Time = 2	Lamb = 14303	Total time = 157	Obj = 2477.31	Pricing Time = 1
i = 45	Master Time = 1	Lamb = 14395	Total time = 159	Obj = 2473.61	Pricing Time = 1
i = 46	Master Time = 1	Lamb = 14482	Total time = 161	Obj = 2472.11	Pricing Time = 19
i = 47	Master Time = 2	Lamb = 14690	Total time = 182	Obj = 2444.97	Pricing Time = 13
i = 48	Master Time = 1	Lamb = 14763	Total time = 196	Obj = 2432.34	Pricing Time = 12
i = 49	Master Time = 1	Lamb = 14821	Total time = 209	Obj = 2426.55	Pricing Time = 10
i = 50	Master Time = 1	Lamb = 14872	Total time = 220	Obj = 2424.97	Pricing Time = 13
i = 51	Master Time = 0	Lamb = 14927	Total time = 233	Obj = 2424.00	Pricing Time = 9
i = 52	Master Time = 1	Lamb = 14977	Total time = 243	Obj = 2420.73	Pricing Time = 10
i = 53	Master Time = 0	Lamb = 15029	Total time = 253	Obj = 2420.14	Pricing Time = 8
i = 54	Master Time = 1	Lamb = 15077	Total time = 262	Obj = 2419.13	Pricing Time = 12
i = 55	Master Time = 0	Lamb = 15086	Total time = 274	Obj = 2419.05	Pricing Time = 8

Optimal of relaxation found.
Fractional X Variables: 4464 (min: 2.0622480676962124E-4 max: 0.9997144055904391)
--------------------------------------
n110w4_1_4-8-7-2
X fix to 1: 451
X fix to 0: 0
Fractional X remaining: 4464 | min(2.0622480676962124E-4, 0.9997144055904391)
--------------------------------------
i = 56	Master Time = 3	Lamb = 15086	Total time = 286	Obj = 3093.00	Pricing Time = 1
i = 57	Master Time = 2	Lamb = 15543	Total time = 289	Obj = 3026.64	Pricing Time = 1
i = 58	Master Time = 3	Lamb = 15891	Total time = 292	Obj = 2971.19	Pricing Time = 0
i = 59	Master Time = 3	Lamb = 16272	Total time = 296	Obj = 2936.12	Pricing Time = 0
i = 60	Master Time = 3	Lamb = 16581	Total time = 299	Obj = 2897.88	Pricing Time = 1
i = 61	Master Time = 3	Lamb = 16858	Total time = 302	Obj = 2638.12	Pricing Time = 0
i = 62	Master Time = 3	Lamb = 17107	Total time = 306	Obj = 2469.53	Pricing Time = 1
i = 63	Master Time = 3	Lamb = 17360	Total time = 309	Obj = 2460.68	Pricing Time = 0
i = 64	Master Time = 3	Lamb = 17544	Total time = 312	Obj = 2449.73	Pricing Time = 0
i = 65	Master Time = 2	Lamb = 17690	Total time = 315	Obj = 2440.31	Pricing Time = 0
i = 66	Master Time = 3	Lamb = 17796	Total time = 317	Obj = 2430.72	Pricing Time = 0
i = 67	Master Time = 2	Lamb = 17900	Total time = 320	Obj = 2424.28	Pricing Time = 1
i = 68	Master Time = 0	Lamb = 17985	Total time = 321	Obj = 2423.20	Pricing Time = 6
i = 69	Master Time = 1	Lamb = 18042	Total time = 327	Obj = 2420.85	Pricing Time = 5
i = 70	Master Time = 1	Lamb = 18088	Total time = 333	Obj = 2420.40	Pricing Time = 5
i = 71	Master Time = 0	Lamb = 18123	Total time = 339	Obj = 2420.37	Pricing Time = 5
i = 72	Master Time = 0	Lamb = 18128	Total time = 344	Obj = 2420.37	Pricing Time = 5
--------------------------------------
n110w4_1_4-8-7-2
X fix to 1: 737
X fix to 0: 0
Fractional X remaining: 3323 | min(2.2679799989655525E-4, 0.9961401341286448)
--------------------------------------
i = 73	Master Time = 3	Lamb = 18128	Total time = 352	Obj = 2618.85	Pricing Time = 1
i = 74	Master Time = 2	Lamb = 18522	Total time = 355	Obj = 2562.92	Pricing Time = 1
i = 75	Master Time = 2	Lamb = 18818	Total time = 357	Obj = 2522.81	Pricing Time = 0
i = 76	Master Time = 2	Lamb = 19026	Total time = 359	Obj = 2485.82	Pricing Time = 0
i = 77	Master Time = 2	Lamb = 19156	Total time = 362	Obj = 2467.95	Pricing Time = 0
i = 78	Master Time = 2	Lamb = 19265	Total time = 364	Obj = 2460.28	Pricing Time = 1
i = 79	Master Time = 1	Lamb = 19354	Total time = 366	Obj = 2456.28	Pricing Time = 0
i = 80	Master Time = 2	Lamb = 19439	Total time = 368	Obj = 2450.79	Pricing Time = 0
i = 81	Master Time = 2	Lamb = 19521	Total time = 370	Obj = 2447.12	Pricing Time = 4
i = 82	Master Time = 1	Lamb = 19632	Total time = 374	Obj = 2438.89	Pricing Time = 3
i = 83	Master Time = 1	Lamb = 19663	Total time = 379	Obj = 2435.93	Pricing Time = 4
i = 84	Master Time = 1	Lamb = 19684	Total time = 383	Obj = 2434.56	Pricing Time = 4
i = 85	Master Time = 1	Lamb = 19700	Total time = 388	Obj = 2433.77	Pricing Time = 4
i = 86	Master Time = 1	Lamb = 19718	Total time = 393	Obj = 2431.00	Pricing Time = 4
i = 87	Master Time = 1	Lamb = 19736	Total time = 398	Obj = 2430.00	Pricing Time = 4
i = 88	Master Time = 0	Lamb = 19746	Total time = 403	Obj = 2429.98	Pricing Time = 4
i = 89	Master Time = 1	Lamb = 19764	Total time = 407	Obj = 2429.64	Pricing Time = 4
i = 90	Master Time = 0	Lamb = 19765	Total time = 412	Obj = 2429.62	Pricing Time = 4
i = 91	Master Time = 0	Lamb = 19772	Total time = 416	Obj = 2429.62	Pricing Time = 5
i = 92	Master Time = 0	Lamb = 19773	Total time = 421	Obj = 2429.62	Pricing Time = 4
--------------------------------------
n110w4_1_4-8-7-2
X fix to 1: 896
X fix to 0: 0
Fractional X remaining: 2476 | min(5.505925731783545E-4, 0.9999853910007881)
--------------------------------------
i = 93	Master Time = 4	Lamb = 19773	Total time = 428	Obj = 2645.31	Pricing Time = 0
i = 94	Master Time = 3	Lamb = 20161	Total time = 432	Obj = 2586.69	Pricing Time = 0
i = 95	Master Time = 1	Lamb = 20460	Total time = 433	Obj = 2549.29	Pricing Time = 1
i = 96	Master Time = 1	Lamb = 20658	Total time = 435	Obj = 2530.62	Pricing Time = 1
i = 97	Master Time = 2	Lamb = 20789	Total time = 437	Obj = 2505.10	Pricing Time = 0
i = 98	Master Time = 2	Lamb = 20914	Total time = 439	Obj = 2492.78	Pricing Time = 0
i = 99	Master Time = 3	Lamb = 21008	Total time = 443	Obj = 2476.83	Pricing Time = 1
i = 100	Master Time = 1	Lamb = 21114	Total time = 445	Obj = 2468.75	Pricing Time = 1
i = 101	Master Time = 1	Lamb = 21197	Total time = 447	Obj = 2462.43	Pricing Time = 3
i = 102	Master Time = 3	Lamb = 21313	Total time = 453	Obj = 2452.28	Pricing Time = 3
i = 103	Master Time = 1	Lamb = 21412	Total time = 457	Obj = 2448.19	Pricing Time = 3
i = 104	Master Time = 3	Lamb = 21500	Total time = 462	Obj = 2444.37	Pricing Time = 2
i = 105	Master Time = 1	Lamb = 21580	Total time = 466	Obj = 2443.33	Pricing Time = 4
i = 106	Master Time = 0	Lamb = 21588	Total time = 470	Obj = 2443.33	Pricing Time = 4
i = 107	Master Time = 0	Lamb = 21589	Total time = 474	Obj = 2443.33	Pricing Time = 3
i = 108	Master Time = 1	Lamb = 21590	Total time = 477	Obj = 2443.33	Pricing Time = 3
i = 109	Master Time = 0	Lamb = 21591	Total time = 481	Obj = 2443.33	Pricing Time = 4
--------------------------------------
n110w4_1_4-8-7-2
X fix to 1: 1014
X fix to 0: 0
Fractional X remaining: 1965 | min(1.0189358371340274E-4, 0.9882578977858612)
--------------------------------------
i = 110	Master Time = 3	Lamb = 21591	Total time = 488	Obj = 2703.77	Pricing Time = 0
i = 111	Master Time = 3	Lamb = 21989	Total time = 490	Obj = 2642.11	Pricing Time = 0
i = 112	Master Time = 3	Lamb = 22273	Total time = 493	Obj = 2568.91	Pricing Time = 0
i = 113	Master Time = 2	Lamb = 22482	Total time = 496	Obj = 2522.70	Pricing Time = 0
i = 114	Master Time = 2	Lamb = 22661	Total time = 498	Obj = 2505.84	Pricing Time = 0
i = 115	Master Time = 2	Lamb = 22779	Total time = 500	Obj = 2485.68	Pricing Time = 3
i = 116	Master Time = 3	Lamb = 22880	Total time = 506	Obj = 2464.88	Pricing Time = 1
i = 117	Master Time = 1	Lamb = 23033	Total time = 508	Obj = 2461.10	Pricing Time = 1
i = 118	Master Time = 1	Lamb = 23132	Total time = 510	Obj = 2457.03	Pricing Time = 4
i = 119	Master Time = 3	Lamb = 23219	Total time = 516	Obj = 2451.35	Pricing Time = 2
i = 120	Master Time = 1	Lamb = 23303	Total time = 520	Obj = 2448.75	Pricing Time = 3
i = 121	Master Time = 0	Lamb = 23350	Total time = 523	Obj = 2448.75	Pricing Time = 3
i = 122	Master Time = 0	Lamb = 23359	Total time = 527	Obj = 2448.75	Pricing Time = 3
i = 123	Master Time = 0	Lamb = 23362	Total time = 530	Obj = 2448.75	Pricing Time = 3
--------------------------------------
n110w4_1_4-8-7-2
X fix to 1: 1129
X fix to 0: 0
Fractional X remaining: 1444 | min(1.932487422623419E-4, 0.9566448104737992)
--------------------------------------
i = 124	Master Time = 3	Lamb = 23362	Total time = 535	Obj = 2617.49	Pricing Time = 0
i = 125	Master Time = 2	Lamb = 23697	Total time = 538	Obj = 2563.74	Pricing Time = 0
i = 126	Master Time = 1	Lamb = 23974	Total time = 539	Obj = 2545.14	Pricing Time = 0
i = 127	Master Time = 2	Lamb = 24129	Total time = 540	Obj = 2526.25	Pricing Time = 0
i = 128	Master Time = 1	Lamb = 24231	Total time = 542	Obj = 2509.48	Pricing Time = 2
i = 129	Master Time = 1	Lamb = 24328	Total time = 545	Obj = 2494.13	Pricing Time = 2
i = 130	Master Time = 2	Lamb = 24414	Total time = 548	Obj = 2482.44	Pricing Time = 2
i = 131	Master Time = 2	Lamb = 24492	Total time = 552	Obj = 2473.06	Pricing Time = 3
i = 132	Master Time = 1	Lamb = 24559	Total time = 557	Obj = 2466.06	Pricing Time = 3
i = 133	Master Time = 1	Lamb = 24617	Total time = 561	Obj = 2462.51	Pricing Time = 3
i = 134	Master Time = 1	Lamb = 24670	Total time = 565	Obj = 2458.89	Pricing Time = 2
i = 135	Master Time = 1	Lamb = 24704	Total time = 568	Obj = 2456.44	Pricing Time = 3
i = 136	Master Time = 1	Lamb = 24741	Total time = 571	Obj = 2455.58	Pricing Time = 3
i = 137	Master Time = 1	Lamb = 24778	Total time = 575	Obj = 2454.44	Pricing Time = 2
i = 138	Master Time = 1	Lamb = 24816	Total time = 579	Obj = 2453.55	Pricing Time = 2
i = 139	Master Time = 1	Lamb = 24849	Total time = 583	Obj = 2452.60	Pricing Time = 2
i = 140	Master Time = 1	Lamb = 24883	Total time = 586	Obj = 2452.16	Pricing Time = 3
i = 141	Master Time = 2	Lamb = 24910	Total time = 590	Obj = 2451.24	Pricing Time = 2
i = 142	Master Time = 1	Lamb = 24945	Total time = 594	Obj = 2450.64	Pricing Time = 4
i = 143	Master Time = 1	Lamb = 24973	Total time = 599	Obj = 2450.10	Pricing Time = 3
i = 144	Master Time = 0	Lamb = 25000	Total time = 602	Obj = 2450.00	Pricing Time = 4
i = 145	Master Time = 0	Lamb = 25001	Total time = 606	Obj = 2450.00	Pricing Time = 3
--------------------------------------
n110w4_1_4-8-7-2
X fix to 1: 1176
X fix to 0: 0
Fractional X remaining: 884 | min(1.2570210929865183E-4, 0.9996993359757271)
--------------------------------------
i = 146	Master Time = 3	Lamb = 25001	Total time = 611	Obj = 2539.11	Pricing Time = 0
i = 147	Master Time = 1	Lamb = 25142	Total time = 613	Obj = 2505.30	Pricing Time = 1
i = 148	Master Time = 0	Lamb = 25224	Total time = 614	Obj = 2494.80	Pricing Time = 3
i = 149	Master Time = 1	Lamb = 25288	Total time = 618	Obj = 2487.54	Pricing Time = 4
i = 150	Master Time = 1	Lamb = 25356	Total time = 623	Obj = 2482.28	Pricing Time = 3
i = 151	Master Time = 1	Lamb = 25401	Total time = 627	Obj = 2471.03	Pricing Time = 4
i = 152	Master Time = 1	Lamb = 25438	Total time = 631	Obj = 2466.74	Pricing Time = 2
i = 153	Master Time = 1	Lamb = 25470	Total time = 635	Obj = 2464.44	Pricing Time = 4
i = 154	Master Time = 1	Lamb = 25492	Total time = 639	Obj = 2463.17	Pricing Time = 3
i = 155	Master Time = 1	Lamb = 25518	Total time = 644	Obj = 2459.30	Pricing Time = 4
i = 156	Master Time = 1	Lamb = 25544	Total time = 649	Obj = 2457.38	Pricing Time = 4
i = 157	Master Time = 1	Lamb = 25583	Total time = 653	Obj = 2456.48	Pricing Time = 3
i = 158	Master Time = 0	Lamb = 25603	Total time = 657	Obj = 2455.13	Pricing Time = 3
i = 159	Master Time = 1	Lamb = 25620	Total time = 661	Obj = 2454.15	Pricing Time = 3
i = 160	Master Time = 1	Lamb = 25637	Total time = 664	Obj = 2453.22	Pricing Time = 2
i = 161	Master Time = 1	Lamb = 25659	Total time = 668	Obj = 2452.10	Pricing Time = 3
i = 162	Master Time = 0	Lamb = 25675	Total time = 671	Obj = 2451.77	Pricing Time = 4
i = 163	Master Time = 0	Lamb = 25691	Total time = 675	Obj = 2451.08	Pricing Time = 3
i = 164	Master Time = 1	Lamb = 25710	Total time = 679	Obj = 2450.98	Pricing Time = 3
i = 165	Master Time = 1	Lamb = 25733	Total time = 682	Obj = 2450.93	Pricing Time = 3
i = 166	Master Time = 0	Lamb = 25746	Total time = 686	Obj = 2450.71	Pricing Time = 4
i = 167	Master Time = 0	Lamb = 25764	Total time = 690	Obj = 2450.56	Pricing Time = 4
i = 168	Master Time = 1	Lamb = 25784	Total time = 694	Obj = 2450.34	Pricing Time = 2
i = 169	Master Time = 1	Lamb = 25804	Total time = 697	Obj = 2450.26	Pricing Time = 3
i = 170	Master Time = 0	Lamb = 25817	Total time = 701	Obj = 2450.17	Pricing Time = 3
i = 171	Master Time = 0	Lamb = 25832	Total time = 704	Obj = 2450.08	Pricing Time = 3
i = 172	Master Time = 1	Lamb = 25850	Total time = 708	Obj = 2450.05	Pricing Time = 3
i = 173	Master Time = 1	Lamb = 25873	Total time = 711	Obj = 2450.00	Pricing Time = 3
i = 174	Master Time = 0	Lamb = 25874	Total time = 715	Obj = 2450.00	Pricing Time = 3
--------------------------------------
n110w4_1_4-8-7-2
X fix to 1: 1209
X fix to 0: 0
Fractional X remaining: 696 | min(0.004492773738575484, 0.9580442849118191)
--------------------------------------
i = 175	Master Time = 2	Lamb = 25874	Total time = 720	Obj = 2487.16	Pricing Time = 0
i = 176	Master Time = 1	Lamb = 26177	Total time = 722	Obj = 2477.77	Pricing Time = 0
i = 177	Master Time = 2	Lamb = 26349	Total time = 723	Obj = 2471.42	Pricing Time = 0
i = 178	Master Time = 1	Lamb = 26450	Total time = 724	Obj = 2470.19	Pricing Time = 2
i = 179	Master Time = 1	Lamb = 26520	Total time = 728	Obj = 2466.90	Pricing Time = 3
i = 180	Master Time = 1	Lamb = 26563	Total time = 731	Obj = 2466.62	Pricing Time = 3
i = 181	Master Time = 1	Lamb = 26598	Total time = 736	Obj = 2464.75	Pricing Time = 4
i = 182	Master Time = 1	Lamb = 26626	Total time = 740	Obj = 2463.53	Pricing Time = 3
i = 183	Master Time = 0	Lamb = 26652	Total time = 744	Obj = 2461.99	Pricing Time = 3
i = 184	Master Time = 1	Lamb = 26674	Total time = 748	Obj = 2461.15	Pricing Time = 3
i = 185	Master Time = 1	Lamb = 26689	Total time = 752	Obj = 2460.42	Pricing Time = 3
i = 186	Master Time = 1	Lamb = 26702	Total time = 756	Obj = 2459.85	Pricing Time = 3
i = 187	Master Time = 1	Lamb = 26714	Total time = 760	Obj = 2459.38	Pricing Time = 3
i = 188	Master Time = 1	Lamb = 26733	Total time = 764	Obj = 2459.10	Pricing Time = 4
i = 189	Master Time = 0	Lamb = 26752	Total time = 769	Obj = 2457.63	Pricing Time = 3
i = 190	Master Time = 1	Lamb = 26762	Total time = 772	Obj = 2457.50	Pricing Time = 3
i = 191	Master Time = 1	Lamb = 26765	Total time = 776	Obj = 2457.50	Pricing Time = 3
--------------------------------------
n110w4_1_4-8-7-2
X fix to 1: 1227
X fix to 0: 0
Fractional X remaining: 535 | min(3.2204623552514744E-4, 0.9617523330902649)
--------------------------------------
i = 192	Master Time = 3	Lamb = 26765	Total time = 782	Obj = 2497.12	Pricing Time = 0
i = 193	Master Time = 2	Lamb = 26984	Total time = 784	Obj = 2490.47	Pricing Time = 0
i = 194	Master Time = 1	Lamb = 27148	Total time = 786	Obj = 2467.33	Pricing Time = 3
i = 195	Master Time = 1	Lamb = 27239	Total time = 789	Obj = 2464.37	Pricing Time = 3
i = 196	Master Time = 0	Lamb = 27283	Total time = 793	Obj = 2463.06	Pricing Time = 3
i = 197	Master Time = 1	Lamb = 27314	Total time = 797	Obj = 2462.25	Pricing Time = 3
i = 198	Master Time = 1	Lamb = 27336	Total time = 800	Obj = 2461.59	Pricing Time = 2
i = 199	Master Time = 1	Lamb = 27346	Total time = 804	Obj = 2461.07	Pricing Time = 3
i = 200	Master Time = 1	Lamb = 27364	Total time = 808	Obj = 2460.71	Pricing Time = 3
i = 201	Master Time = 1	Lamb = 27378	Total time = 811	Obj = 2460.23	Pricing Time = 3
i = 202	Master Time = 0	Lamb = 27386	Total time = 815	Obj = 2460.00	Pricing Time = 4
i = 203	Master Time = 0	Lamb = 27392	Total time = 819	Obj = 2460.00	Pricing Time = 4
--------------------------------------
n110w4_1_4-8-7-2
X fix to 1: 1266
X fix to 0: 0
Fractional X remaining: 473 | min(3.3179496752835935E-4, 0.948171391681676)
--------------------------------------
i = 204	Master Time = 2	Lamb = 27392	Total time = 824	Obj = 2526.63	Pricing Time = 0
i = 205	Master Time = 2	Lamb = 27552	Total time = 826	Obj = 2523.14	Pricing Time = 0
i = 206	Master Time = 2	Lamb = 27695	Total time = 829	Obj = 2522.55	Pricing Time = 0
i = 207	Master Time = 2	Lamb = 27868	Total time = 831	Obj = 2516.92	Pricing Time = 0
i = 208	Master Time = 1	Lamb = 27987	Total time = 832	Obj = 2514.17	Pricing Time = 3
i = 209	Master Time = 2	Lamb = 28053	Total time = 836	Obj = 2513.09	Pricing Time = 1
i = 210	Master Time = 1	Lamb = 28149	Total time = 839	Obj = 2506.72	Pricing Time = 3
i = 211	Master Time = 1	Lamb = 28197	Total time = 842	Obj = 2483.49	Pricing Time = 2
i = 212	Master Time = 1	Lamb = 28220	Total time = 845	Obj = 2480.94	Pricing Time = 3
i = 213	Master Time = 1	Lamb = 28248	Total time = 850	Obj = 2479.14	Pricing Time = 4
i = 214	Master Time = 0	Lamb = 28266	Total time = 854	Obj = 2476.46	Pricing Time = 4
i = 215	Master Time = 1	Lamb = 28284	Total time = 858	Obj = 2475.35	Pricing Time = 3
i = 216	Master Time = 1	Lamb = 28297	Total time = 863	Obj = 2475.31	Pricing Time = 4
i = 217	Master Time = 1	Lamb = 28306	Total time = 867	Obj = 2473.58	Pricing Time = 3
i = 218	Master Time = 1	Lamb = 28314	Total time = 872	Obj = 2472.84	Pricing Time = 3
i = 219	Master Time = 0	Lamb = 28322	Total time = 875	Obj = 2472.55	Pricing Time = 3
i = 220	Master Time = 1	Lamb = 28327	Total time = 879	Obj = 2471.63	Pricing Time = 4
i = 221	Master Time = 1	Lamb = 28341	Total time = 883	Obj = 2470.38	Pricing Time = 3
i = 222	Master Time = 1	Lamb = 28352	Total time = 888	Obj = 2465.36	Pricing Time = 4
i = 223	Master Time = 0	Lamb = 28364	Total time = 892	Obj = 2465.20	Pricing Time = 3
i = 224	Master Time = 1	Lamb = 28374	Total time = 896	Obj = 2465.00	Pricing Time = 4
i = 225	Master Time = 0	Lamb = 28376	Total time = 900	Obj = 2465.00	Pricing Time = 4
--------------------------------------
n110w4_1_4-8-7-2
X fix to 1: 1275
X fix to 0: 0
Fractional X remaining: 261 | min(0.015151515151515471, 0.7424242424242429)
--------------------------------------
i = 226	Master Time = 1	Lamb = 28376	Total time = 905	Obj = 2471.70	Pricing Time = 3
i = 227	Master Time = 1	Lamb = 28388	Total time = 908	Obj = 2471.05	Pricing Time = 3
i = 228	Master Time = 1	Lamb = 28398	Total time = 913	Obj = 2470.61	Pricing Time = 3
i = 229	Master Time = 1	Lamb = 28407	Total time = 917	Obj = 2469.84	Pricing Time = 3
i = 230	Master Time = 1	Lamb = 28421	Total time = 920	Obj = 2469.84	Pricing Time = 3
i = 231	Master Time = 1	Lamb = 28430	Total time = 924	Obj = 2469.28	Pricing Time = 3
i = 232	Master Time = 1	Lamb = 28443	Total time = 928	Obj = 2469.28	Pricing Time = 3
i = 233	Master Time = 1	Lamb = 28453	Total time = 933	Obj = 2467.22	Pricing Time = 3
i = 234	Master Time = 1	Lamb = 28463	Total time = 936	Obj = 2467.03	Pricing Time = 3
i = 235	Master Time = 1	Lamb = 28472	Total time = 941	Obj = 2465.83	Pricing Time = 3
i = 236	Master Time = 1	Lamb = 28479	Total time = 944	Obj = 2465.77	Pricing Time = 2
i = 237	Master Time = 1	Lamb = 28493	Total time = 948	Obj = 2465.58	Pricing Time = 3
i = 238	Master Time = 0	Lamb = 28504	Total time = 951	Obj = 2465.58	Pricing Time = 4
i = 239	Master Time = 0	Lamb = 28510	Total time = 955	Obj = 2465.28	Pricing Time = 4
i = 240	Master Time = 0	Lamb = 28516	Total time = 959	Obj = 2465.11	Pricing Time = 4
i = 241	Master Time = 0	Lamb = 28522	Total time = 963	Obj = 2465.00	Pricing Time = 3
i = 242	Master Time = 1	Lamb = 28525	Total time = 966	Obj = 2465.00	Pricing Time = 3
--------------------------------------
n110w4_1_4-8-7-2
X fix to 1: 1291
X fix to 0: 0
Fractional X remaining: 223 | min(9.671179883942171E-4, 0.9458413926499034)
--------------------------------------
i = 243	Master Time = 1	Lamb = 28525	Total time = 971	Obj = 2497.73	Pricing Time = 3
i = 244	Master Time = 1	Lamb = 28561	Total time = 974	Obj = 2490.57	Pricing Time = 3
i = 245	Master Time = 0	Lamb = 28589	Total time = 978	Obj = 2480.00	Pricing Time = 3
i = 246	Master Time = 0	Lamb = 28601	Total time = 981	Obj = 2480.00	Pricing Time = 4
i = 247	Master Time = 0	Lamb = 28613	Total time = 985	Obj = 2480.00	Pricing Time = 3
i = 248	Master Time = 1	Lamb = 28622	Total time = 989	Obj = 2477.50	Pricing Time = 3
i = 249	Master Time = 1	Lamb = 28632	Total time = 993	Obj = 2477.50	Pricing Time = 3
i = 250	Master Time = 1	Lamb = 28639	Total time = 996	Obj = 2477.50	Pricing Time = 3
i = 251	Master Time = 0	Lamb = 28646	Total time = 1000	Obj = 2477.50	Pricing Time = 3
i = 252	Master Time = 1	Lamb = 28650	Total time = 1004	Obj = 2477.50	Pricing Time = 3
i = 253	Master Time = 0	Lamb = 28656	Total time = 1007	Obj = 2477.50	Pricing Time = 4
i = 254	Master Time = 0	Lamb = 28668	Total time = 1011	Obj = 2477.50	Pricing Time = 4
i = 255	Master Time = 1	Lamb = 28674	Total time = 1015	Obj = 2477.50	Pricing Time = 3
i = 256	Master Time = 1	Lamb = 28683	Total time = 1020	Obj = 2477.50	Pricing Time = 4
i = 257	Master Time = 1	Lamb = 28688	Total time = 1024	Obj = 2477.50	Pricing Time = 3
i = 258	Master Time = 0	Lamb = 28700	Total time = 1028	Obj = 2477.50	Pricing Time = 3
i = 259	Master Time = 1	Lamb = 28707	Total time = 1032	Obj = 2477.50	Pricing Time = 3
i = 260	Master Time = 1	Lamb = 28713	Total time = 1036	Obj = 2477.50	Pricing Time = 3
i = 261	Master Time = 1	Lamb = 28717	Total time = 1040	Obj = 2477.50	Pricing Time = 3
i = 262	Master Time = 0	Lamb = 28718	Total time = 1043	Obj = 2477.50	Pricing Time = 4
i = 263	Master Time = 0	Lamb = 28719	Total time = 1047	Obj = 2477.50	Pricing Time = 4
i = 264	Master Time = 1	Lamb = 28724	Total time = 1051	Obj = 2477.50	Pricing Time = 3
--------------------------------------
n110w4_1_4-8-7-2
X fix to 1: 1299
X fix to 0: 0
Fractional X remaining: 139 | min(0.01785714285714146, 0.9821428571428585)
--------------------------------------
i = 265	Master Time = 1	Lamb = 28724	Total time = 1056	Obj = 2505.83	Pricing Time = 3
i = 266	Master Time = 1	Lamb = 28741	Total time = 1060	Obj = 2496.67	Pricing Time = 2
i = 267	Master Time = 1	Lamb = 28747	Total time = 1063	Obj = 2493.13	Pricing Time = 3
i = 268	Master Time = 1	Lamb = 28752	Total time = 1066	Obj = 2491.67	Pricing Time = 3
i = 269	Master Time = 1	Lamb = 28757	Total time = 1071	Obj = 2490.83	Pricing Time = 3
i = 270	Master Time = 1	Lamb = 28765	Total time = 1075	Obj = 2490.00	Pricing Time = 4
i = 271	Master Time = 0	Lamb = 28768	Total time = 1079	Obj = 2488.33	Pricing Time = 4
i = 272	Master Time = 0	Lamb = 28773	Total time = 1083	Obj = 2488.12	Pricing Time = 3
i = 273	Master Time = 1	Lamb = 28787	Total time = 1086	Obj = 2487.50	Pricing Time = 3
i = 274	Master Time = 0	Lamb = 28790	Total time = 1090	Obj = 2487.50	Pricing Time = 3
i = 275	Master Time = 1	Lamb = 28795	Total time = 1094	Obj = 2486.82	Pricing Time = 3
i = 276	Master Time = 1	Lamb = 28803	Total time = 1097	Obj = 2485.00	Pricing Time = 3
i = 277	Master Time = 0	Lamb = 28813	Total time = 1101	Obj = 2485.00	Pricing Time = 4
i = 278	Master Time = 1	Lamb = 28817	Total time = 1105	Obj = 2485.00	Pricing Time = 3
i = 279	Master Time = 0	Lamb = 28822	Total time = 1108	Obj = 2485.00	Pricing Time = 3
i = 280	Master Time = 0	Lamb = 28825	Total time = 1112	Obj = 2485.00	Pricing Time = 3
i = 281	Master Time = 0	Lamb = 28826	Total time = 1115	Obj = 2485.00	Pricing Time = 3

n110w4_1_4-8-7-2
Integer solution found

Printing SHIFT allocations
HN_0   |-|N|N|N|N|-|-| |-|-|L|L|N|N|N| |N|N|-|-|-|N|N| |N|N|N|-|-|-|-|
HN_1   |-|-|-|L|L|-|-| |L|L|-|-|-|-|-| |L|L|-|-|-|-|-| |-|L|L|-|-|-|D|
HN_2   |-|-|D|D|-|-|-| |-|-|-|-|D|D|-| |-|-|-|D|D|-|-| |-|-|-|D|D|-|-|
HN_3   |N|-|D|D|D|-|-| |D|D|D|D|D|-|-| |D|D|D|-|-|D|D| |D|D|-|-|L|L|L|
HN_4   |E|-|-|-|-|-|-| |E|E|E|E|-|-|-| |-|-|E|E|E|-|-| |-|-|-|-|E|E|E|
HN_5   |L|L|L|-|-|-|-| |L|L|L|-|-|-|-| |-|-|-|L|L|L|L| |L|-|-|-|-|-|-|
HN_6   |D|D|-|-|-|D|D| |D|D|-|-|-|D|D| |D|D|D|-|-|-|-| |D|D|D|D|-|-|-|
HN_7   |E|E|E|E|-|-|-| |E|E|E|E|-|-|-| |E|E|E|E|-|-|-| |-|E|E|E|D|D|D|
HN_8   |E|E|L|L|-|-|-| |-|D|D|D|D|-|-| |-|-|E|E|E|E|E| |-|-|-|-|L|L|L|
HN_9   |D|D|D|-|-|-|-| |D|D|D|D|-|-|-| |-|-|-|-|D|D|D| |D|-|-|-|-|-|-|
HN_10  |-|-|E|E|L|L|L| |L|-|-|-|E|E|L| |L|L|L|L|-|-|-| |-|L|L|L|L|-|-|
HN_11  |E|E|-|-|-|-|-| |-|E|E|E|-|-|-| |-|-|-|E|E|-|-| |-|-|-|-|-|E|E|
HN_12  |-|-|N|N|N|N|N| |-|-|-|-|-|-|-| |N|N|N|N|-|-|-| |-|N|N|N|N|-|-|
HN_13  |-|D|D|D|D|-|-| |-|-|D|D|L|L|L| |-|-|-|-|D|D|E| |E|D|D|-|-|-|-|
HN_14  |-|E|E|E|E|-|-| |-|-|-|-|-|E|E| |E|-|-|-|-|-|-| |-|E|E|E|E|-|-|
HN_15  |L|L|L|-|-|-|-| |L|L|L|L|-|-|-| |L|L|L|L|-|-|-| |L|L|L|L|-|-|-|
HN_16  |E|E|E|D|D|-|-| |N|N|N|N|N|-|-| |D|D|D|-|-|N|N| |N|N|N|-|-|N|N|
HN_17  |L|L|L|-|-|-|-| |-|-|L|L|L|-|-| |-|-|-|L|L|L|L| |L|-|-|-|-|-|-|
HN_18  |N|-|-|E|E|E|E| |E|-|E|E|E|-|-| |E|E|E|D|D|-|-| |E|E|E|E|E|-|-|
HN_19  |N|N|N|N|-|-|-| |N|N|N|N|N|-|-| |-|N|N|N|N|-|-| |-|-|N|N|N|N|N|
NU_20  |-|-|L|L|L|-|-| |-|-|-|N|N|N|N| |N|-|-|-|-|-|-| |-|L|L|L|-|-|-|
NU_21  |E|-|-|E|E|E|E| |E|-|-|E|E|E|E| |-|-|E|E|E|-|-| |E|E|E|E|E|-|-|
NU_22  |N|N|N|N|N|-|-| |N|N|N|N|N|-|-| |N|N|N|N|N|-|-| |N|N|N|N|N|-|-|
NU_23  |N|N|N|N|-|-|-| |-|-|L|L|L|-|-| |-|-|-|-|-|L|L| |L|L|-|-|-|-|-|
NU_24  |L|-|-|-|-|-|-| |N|N|N|N|N|-|-| |-|-|-|N|N|N|N| |N|-|-|-|-|-|-|
NU_25  |-|-|-|-|-|-|-| |E|E|E|-|-|-|-| |E|E|E|-|-|-|-| |N|N|N|N|N|-|-|
NU_26  |-|D|D|-|-|-|-| |D|D|-|-|-|-|-| |D|D|-|-|-|-|-| |-|-|D|D|-|-|D|
NU_27  |-|E|E|-|-|-|-| |-|-|-|E|E|-|-| |-|-|-|-|-|E|E| |-|-|-|-|-|-|-|
NU_28  |-|-|-|-|-|-|-| |N|N|N|N|-|-|-| |N|N|N|N|N|-|-| |-|-|-|N|N|N|N|
NU_29  |L|-|-|-|-|L|L| |L|L|L|-|-|-|-| |L|L|L|L|L|-|-| |-|-|L|L|L|L|L|
NU_30  |-|-|E|L|L|-|-| |-|-|-|-|E|E|D| |D|-|-|-|-|-|-| |D|D|D|D|-|-|-|
NU_31  |-|-|-|-|E|E|E| |E|-|-|-|-|-|-| |E|E|E|-|-|-|-| |-|E|E|E|E|-|-|
NU_32  |N|N|N|-|-|L|L| |L|-|-|L|L|L|L| |-|-|L|L|L|-|-| |L|L|L|L|L|-|-|
NU_33  |-|-|D|D|D|-|-| |N|N|N|N|N|-|-| |N|N|N|N|N|-|-| |N|N|N|N|N|-|-|
NU_34  |D|D|-|-|-|-|-| |D|D|-|-|-|-|-| |-|-|E|E|-|-|-| |-|-|-|-|D|D|E|
NU_35  |-|D|D|D|D|-|-| |-|D|D|D|D|-|-| |-|D|D|D|D|-|-| |-|-|D|D|D|L|L|
NU_36  |-|N|N|N|N|-|-| |-|L|L|L|-|-|-| |-|-|-|-|D|D|E| |E|-|-|-|-|-|-|
NU_37  |D|-|-|-|-|-|-| |D|D|D|-|-|-|-| |-|D|D|E|E|-|-| |-|-|-|-|D|D|D|
NU_38  |L|L|-|-|N|N|N| |N|-|-|D|D|L|L| |-|-|L|L|L|-|-| |N|N|N|N|N|-|-|
NU_39  |D|-|-|-|D|D|D| |D|-|-|-|-|D|D| |D|D|D|-|-|-|-| |D|D|D|D|D|-|-|
CT_40  |E|E|-|-|-|-|-| |E|E|-|-|-|-|-| |E|E|-|-|-|-|E| |E|-|-|-|-|-|-|
CT_41  |-|-|-|D|D|-|-| |-|-|D|D|-|-|-| |-|-|-|D|D|-|-| |D|D|-|-|-|-|D|
CT_42  |D|-|E|E|E|-|-| |N|N|N|N|N|-|-| |D|D|D|-|-|D|D| |D|-|-|D|D|E|E|
CT_43  |-|-|-|-|-|D|D| |-|-|-|-|-|-|-| |D|D|-|-|-|-|-| |-|-|D|D|-|-|-|
CT_44  |-|-|L|L|L|-|-| |-|-|-|N|N|N|N| |N|-|-|-|-|-|-| |-|E|E|E|-|-|-|
CT_45  |L|L|L|L|-|-|-| |-|D|D|D|D|-|-| |-|-|L|L|L|L|L| |-|-|-|-|L|L|L|
CT_46  |-|-|D|D|D|-|-| |-|-|-|-|N|N|N| |N|N|-|-|-|-|-| |-|-|E|E|E|-|-|
CT_47  |E|E|-|-|E|E|E| |E|-|-|E|E|E|E| |-|-|E|E|E|-|-| |E|E|E|E|E|-|-|
CT_48  |-|-|L|L|L|-|-| |-|-|-|-|-|L|L| |L|L|-|-|-|-|-| |-|L|L|L|L|-|-|
CT_49  |D|D|D|L|L|-|-| |E|E|E|E|E|-|-| |E|E|D|D|D|-|-| |D|D|D|D|D|-|-|
CT_50  |E|L|L|-|-|-|-| |L|L|L|L|-|-|-| |-|L|L|L|L|-|-| |-|L|L|L|L|-|-|
CT_51  |L|L|L|-|-|-|-| |L|L|L|L|L|-|-| |-|-|-|-|E|E|E| |-|-|-|-|-|-|-|
CT_52  |-|D|D|D|D|-|-| |-|-|D|D|E|E|E| |-|-|-|-|D|D|E| |E|E|E|-|-|-|-|
CT_53  |E|E|E|-|-|-|-| |E|E|E|-|-|-|-| |-|-|E|E|E|-|-| |-|-|-|-|-|E|E|
CT_54  |N|N|-|-|D|D|D| |D|D|-|-|D|D|D| |-|-|D|D|D|-|-| |D|D|D|L|L|-|-|
CT_55  |-|-|-|E|E|-|-| |-|-|-|-|E|E|-| |-|-|-|E|E|-|-| |-|-|-|E|E|-|-|
CT_56  |-|-|-|-|-|-|L| |L|-|-|-|-|-|-| |L|L|-|-|-|-|-| |-|-|L|L|-|-|-|
CT_57  |-|-|E|E|E|-|-| |-|-|E|E|E|-|-| |-|-|E|E|E|-|-| |-|-|-|-|E|E|D|
CT_58  |-|D|D|-|-|-|-| |-|-|-|L|L|-|-| |-|-|-|L|L|-|-| |-|-|N|N|N|N|-|
CT_59  |-|-|N|N|N|N|N| |-|-|-|-|E|E|L| |L|L|L|-|-|-|-| |L|L|L|L|-|-|-|
CT_60  |L|-|-|-|-|-|-| |L|L|L|-|-|-|-| |-|N|N|N|N|-|-| |-|-|-|N|N|N|N|
CT_61  |-|L|L|-|-|-|-| |L|L|-|-|-|-|-| |L|L|-|-|-|-|L| |L|-|-|-|-|-|-|
CT_62  |E|E|E|D|D|-|-| |L|L|L|L|L|-|-| |E|E|E|-|-|N|N| |N|N|-|-|E|E|L|
CT_63  |D|D|D|D|-|-|-| |-|D|D|D|D|-|-| |-|-|D|D|D|D|D| |-|-|-|-|D|D|L|
CT_64  |N|N|N|-|-|-|-| |-|E|E|E|-|-|-| |-|-|-|E|E|E|D| |D|-|-|-|-|-|-|
CT_65  |E|E|E|D|D|-|-| |N|N|N|N|N|-|-| |E|E|E|L|L|-|-| |N|N|N|N|N|-|-|
CT_66  |N|-|-|-|L|L|N| |N|N|N|N|-|-|-| |N|N|N|N|N|-|-| |-|-|N|N|N|N|N|
CT_67  |-|L|L|-|-|-|-| |E|E|-|-|-|-|-| |-|N|N|N|N|N|-| |-|-|-|D|D|-|-|
CT_68  |-|-|L|L|L|-|-| |-|-|-|-|N|N|N| |N|N|-|-|-|-|-| |-|-|E|E|E|-|-|
CT_69  |-|-|N|N|N|N|N| |-|-|-|-|-|-|-| |D|D|D|-|-|-|-| |-|-|D|D|D|-|-|
CT_70  |N|N|N|N|N|-|-| |-|-|E|E|D|D|L| |L|L|-|-|-|N|N| |N|N|N|-|-|-|-|
CT_71  |D|D|-|-|-|-|-| |D|D|-|-|-|-|-| |D|D|-|-|-|-|D| |D|-|-|-|-|-|-|
CT_72  |-|L|L|-|-|-|-| |-|-|-|L|L|-|-| |-|-|-|-|-|L|L| |-|-|-|-|-|-|-|
CT_73  |E|E|-|-|-|-|-| |E|E|-|-|-|-|-| |E|E|-|-|-|-|-| |-|E|E|-|-|-|D|
CT_74  |-|-|-|E|E|-|-| |-|-|-|-|D|D|-| |-|-|-|L|L|-|-| |-|-|-|L|L|-|-|
CT_75  |-|-|N|N|N|N|N| |-|-|-|-|L|L|N| |N|N|N|-|-|-|-| |N|N|N|N|-|-|-|
CT_76  |N|-|-|D|D|D|D| |-|-|D|D|D|-|-| |D|D|D|D|D|-|-| |D|D|D|-|-|D|D|
CT_77  |N|N|N|N|N|-|-| |N|N|N|N|N|-|-| |N|N|N|N|N|-|-| |E|E|D|D|D|-|-|
CT_78  |L|-|-|L|L|L|L| |-|-|L|L|L|-|-| |E|E|L|L|L|-|-| |L|L|L|L|L|-|-|
CT_79  |-|-|-|-|-|E|E| |-|-|-|-|-|-|-| |E|E|-|-|-|-|-| |E|E|-|-|-|-|-|
TR_80  |-|N|N|N|N|-|-| |-|-|N|N|N|N|N| |-|-|-|-|E|E|N| |N|N|N|-|-|-|-|
TR_81  |D|D|D|-|-|-|-| |-|-|-|D|D|D|E| |E|-|-|-|-|-|-| |-|E|E|E|-|-|-|
TR_82  |-|-|-|-|-|E|E| |E|E|-|-|-|-|-| |-|E|E|E|E|-|-| |-|-|E|E|E|-|-|
TR_83  |D|-|-|-|-|E|E| |E|L|L|L|-|-|-| |-|L|L|L|L|-|-| |-|-|D|D|E|E|D|
TR_84  |E|E|E|E|-|-|-| |D|D|E|E|-|-|-| |-|E|E|D|D|-|-| |-|D|D|D|D|-|-|
TR_85  |L|L|-|-|-|-|-| |L|L|-|-|-|D|D| |E|E|-|-|-|-|-| |L|L|-|-|-|-|-|
TR_86  |-|D|D|D|-|-|-| |-|-|-|D|D|D|E| |E|-|-|-|-|-|-| |L|L|L|-|-|-|-|
TR_87  |-|D|D|E|E|-|-| |-|L|L|L|L|-|-| |-|-|E|E|N|N|N| |N|-|-|-|-|L|L|
TR_88  |-|E|E|N|N|N|N| |N|-|-|-|-|L|L| |L|L|L|-|-|-|-| |E|E|E|E|-|-|-|
TR_89  |-|-|D|D|D|-|-| |E|E|E|E|E|-|-| |D|D|D|D|D|-|-| |N|N|N|N|N|-|-|
TR_90  |N|N|-|-|-|-|-| |L|L|L|L|-|-|-| |-|-|-|-|D|D|L| |L|L|-|-|-|-|-|
TR_91  |-|-|E|E|E|-|-| |D|D|D|L|L|-|-| |N|N|N|N|N|-|-| |E|E|E|-|-|E|E|
TR_92  |-|-|-|-|-|-|E| |E|-|-|-|-|-|-| |L|L|-|-|-|-|-| |L|L|-|-|-|-|-|
TR_93  |-|-|L|L|L|-|-| |-|-|-|-|E|E|L| |L|L|-|-|-|-|-| |-|-|L|L|L|-|-|
TR_94  |E|E|E|-|-|-|-| |D|D|E|E|-|-|-| |-|-|-|-|N|N|N| |N|-|-|-|-|-|-|
TR_95  |-|-|-|L|L|-|-| |-|-|-|D|D|-|-| |-|-|-|-|L|L|-| |-|-|-|L|L|-|-|
TR_96  |D|D|D|D|-|-|-| |-|E|E|E|N|N|N| |N|-|-|-|-|E|E| |E|L|L|-|-|-|-|
TR_97  |L|L|-|-|D|D|D| |-|-|E|E|E|-|-| |N|N|N|N|N|-|-| |N|N|N|N|N|-|-|
TR_98  |-|-|E|E|D|D|L| |L|-|-|-|-|E|E| |D|D|D|-|-|-|-| |D|D|L|L|-|-|-|
TR_99  |E|E|L|L|-|-|-| |E|E|D|D|-|-|-| |-|E|E|D|D|-|-| |-|D|D|E|E|-|-|
TR_100 |N|N|N|N|N|-|-| |N|N|N|N|N|-|-| |D|D|D|-|-|D|D| |D|-|-|N|N|N|N|
TR_101 |N|N|N|N|N|-|-| |N|N|N|N|N|-|-| |D|D|D|-|-|D|D| |D|-|-|N|N|N|N|
TR_102 |D|D|-|-|-|-|-| |-|D|D|-|-|-|-| |-|-|-|L|L|-|-| |-|-|-|-|D|D|-|
TR_103 |-|-|-|-|D|D|D| |D|-|-|-|-|-|-| |-|D|D|D|D|-|-| |-|-|D|D|D|-|-|
TR_104 |L|L|-|-|L|L|L| |-|-|D|D|D|-|-| |E|E|E|E|E|-|-| |L|L|L|-|-|D|D|
TR_105 |N|N|N|-|-|-|-| |N|N|N|N|-|-|-| |N|N|N|N|-|-|-| |-|N|N|N|N|-|-|
TR_106 |E|-|-|N|N|N|N| |-|-|L|L|L|-|-| |L|L|L|L|L|-|-| |D|D|D|-|-|E|E|
TR_107 |L|L|L|L|-|-|-| |-|L|L|L|L|-|-| |-|-|L|L|L|L|L| |-|-|-|-|L|L|L|
TR_108 |-|-|-|E|E|-|-| |-|-|-|E|E|-|-| |-|-|-|E|E|E|-| |-|-|-|E|E|-|-|
TR_109 |L|L|-|-|-|N|N| |N|N|N|-|-|-|-| |N|N|N|N|-|-|-| |-|E|E|D|D|-|-|
Total assignment constraints: 2140
Consecutive constraints: 45
Non working days constraints: 90
Preferences: 120
Max working weekend: 0
Complete weekends: 0
Optimal coverage constraints: 90
TOTAL = 2485
