Creating directory: out/n035w4_0_9-8-7-7

-----------------------------------------------------------
Instance	n035w4_0_9-8-7-7
algorithm	=	vns
maxIter	=	10
eliteSet	=	10
shakePerc	=	0.9
bestKnow	=	1540.0
minColsIter	=	0.35
minRoundDown	=	-1.0
minRoundUp	=	0.67
seed	=	0
onlyRelax	=	false
nThreads	=	20
alpha	=	0.6
timeOut	=	14600
-----------------------------------------------------------
Parallels mode has been selected.
i = 0	Master Time = 0	Lamb = 0	Total time = 2	Obj = 200010.00	Pricing Time = 1
i = 1	Master Time = 0	Lamb = 224	Total time = 2	Obj = 71959.17	Pricing Time = 0
i = 2	Master Time = 0	Lamb = 431	Total time = 3	Obj = 27892.60	Pricing Time = 0
i = 3	Master Time = 0	Lamb = 645	Total time = 4	Obj = 21676.03	Pricing Time = 0
i = 4	Master Time = 1	Lamb = 851	Total time = 4	Obj = 16150.92	Pricing Time = 0
i = 5	Master Time = 0	Lamb = 1081	Total time = 5	Obj = 11454.11	Pricing Time = 0
i = 6	Master Time = 1	Lamb = 1303	Total time = 6	Obj = 8819.97	Pricing Time = 0
i = 7	Master Time = 2	Lamb = 1526	Total time = 7	Obj = 6846.30	Pricing Time = 0
i = 8	Master Time = 1	Lamb = 1732	Total time = 9	Obj = 5958.60	Pricing Time = 0
i = 9	Master Time = 1	Lamb = 1921	Total time = 10	Obj = 5365.62	Pricing Time = 0
i = 10	Master Time = 1	Lamb = 2109	Total time = 11	Obj = 4816.96	Pricing Time = 1
i = 11	Master Time = 0	Lamb = 2329	Total time = 12	Obj = 4376.25	Pricing Time = 0
i = 12	Master Time = 2	Lamb = 2508	Total time = 13	Obj = 3861.19	Pricing Time = 0
i = 13	Master Time = 1	Lamb = 2710	Total time = 15	Obj = 3617.21	Pricing Time = 0
i = 14	Master Time = 1	Lamb = 2912	Total time = 16	Obj = 3224.32	Pricing Time = 0
i = 15	Master Time = 1	Lamb = 3114	Total time = 17	Obj = 3008.88	Pricing Time = 0
i = 16	Master Time = 2	Lamb = 3291	Total time = 18	Obj = 2778.16	Pricing Time = 0
i = 17	Master Time = 1	Lamb = 3462	Total time = 19	Obj = 2594.74	Pricing Time = 0
i = 18	Master Time = 1	Lamb = 3644	Total time = 20	Obj = 2449.52	Pricing Time = 0
i = 19	Master Time = 1	Lamb = 3815	Total time = 22	Obj = 2324.05	Pricing Time = 0
i = 20	Master Time = 1	Lamb = 3976	Total time = 23	Obj = 2227.82	Pricing Time = 1
i = 21	Master Time = 1	Lamb = 4138	Total time = 25	Obj = 2136.16	Pricing Time = 0
i = 22	Master Time = 1	Lamb = 4290	Total time = 26	Obj = 2083.16	Pricing Time = 0
i = 23	Master Time = 1	Lamb = 4433	Total time = 27	Obj = 2042.26	Pricing Time = 0
i = 24	Master Time = 1	Lamb = 4593	Total time = 28	Obj = 1980.94	Pricing Time = 1
i = 25	Master Time = 0	Lamb = 4739	Total time = 29	Obj = 1944.80	Pricing Time = 0
i = 26	Master Time = 1	Lamb = 4877	Total time = 30	Obj = 1902.17	Pricing Time = 0
i = 27	Master Time = 1	Lamb = 5018	Total time = 31	Obj = 1873.83	Pricing Time = 0
i = 28	Master Time = 1	Lamb = 5132	Total time = 32	Obj = 1846.47	Pricing Time = 0
i = 29	Master Time = 1	Lamb = 5240	Total time = 33	Obj = 1826.05	Pricing Time = 0
i = 30	Master Time = 1	Lamb = 5359	Total time = 33	Obj = 1794.57	Pricing Time = 0
i = 31	Master Time = 0	Lamb = 5478	Total time = 34	Obj = 1774.26	Pricing Time = 0
i = 32	Master Time = 1	Lamb = 5588	Total time = 35	Obj = 1745.21	Pricing Time = 0
i = 33	Master Time = 0	Lamb = 5714	Total time = 36	Obj = 1729.76	Pricing Time = 0
i = 34	Master Time = 1	Lamb = 5816	Total time = 37	Obj = 1715.74	Pricing Time = 0
i = 35	Master Time = 1	Lamb = 5897	Total time = 37	Obj = 1693.29	Pricing Time = 0
i = 36	Master Time = 1	Lamb = 5978	Total time = 38	Obj = 1682.56	Pricing Time = 0
i = 37	Master Time = 1	Lamb = 6061	Total time = 40	Obj = 1669.07	Pricing Time = 0
i = 38	Master Time = 1	Lamb = 6131	Total time = 40	Obj = 1660.39	Pricing Time = 0
i = 39	Master Time = 0	Lamb = 6208	Total time = 41	Obj = 1645.84	Pricing Time = 1
i = 40	Master Time = 1	Lamb = 6274	Total time = 42	Obj = 1638.60	Pricing Time = 0
i = 41	Master Time = 1	Lamb = 6342	Total time = 43	Obj = 1629.59	Pricing Time = 0
i = 42	Master Time = 1	Lamb = 6411	Total time = 44	Obj = 1615.55	Pricing Time = 0
i = 43	Master Time = 1	Lamb = 6478	Total time = 45	Obj = 1609.13	Pricing Time = 0
i = 44	Master Time = 1	Lamb = 6545	Total time = 46	Obj = 1598.24	Pricing Time = 0
i = 45	Master Time = 1	Lamb = 6609	Total time = 47	Obj = 1589.09	Pricing Time = 0
i = 46	Master Time = 1	Lamb = 6678	Total time = 48	Obj = 1580.38	Pricing Time = 0
i = 47	Master Time = 1	Lamb = 6741	Total time = 50	Obj = 1575.07	Pricing Time = 0
i = 48	Master Time = 1	Lamb = 6789	Total time = 50	Obj = 1571.11	Pricing Time = 0
i = 49	Master Time = 1	Lamb = 6831	Total time = 51	Obj = 1566.39	Pricing Time = 0
i = 50	Master Time = 1	Lamb = 6865	Total time = 52	Obj = 1561.17	Pricing Time = 0
i = 51	Master Time = 0	Lamb = 6900	Total time = 53	Obj = 1558.52	Pricing Time = 1
i = 52	Master Time = 1	Lamb = 6934	Total time = 54	Obj = 1556.11	Pricing Time = 0
i = 53	Master Time = 0	Lamb = 6961	Total time = 55	Obj = 1554.36	Pricing Time = 1
i = 54	Master Time = 0	Lamb = 6992	Total time = 56	Obj = 1552.66	Pricing Time = 1
i = 55	Master Time = 0	Lamb = 7019	Total time = 57	Obj = 1550.70	Pricing Time = 1
i = 56	Master Time = 1	Lamb = 7053	Total time = 58	Obj = 1546.11	Pricing Time = 0
i = 57	Master Time = 1	Lamb = 7092	Total time = 59	Obj = 1543.29	Pricing Time = 0
i = 58	Master Time = 0	Lamb = 7128	Total time = 60	Obj = 1541.49	Pricing Time = 1
i = 59	Master Time = 0	Lamb = 7157	Total time = 61	Obj = 1540.61	Pricing Time = 1
i = 60	Master Time = 1	Lamb = 7190	Total time = 62	Obj = 1537.65	Pricing Time = 0
i = 61	Master Time = 1	Lamb = 7226	Total time = 64	Obj = 1534.85	Pricing Time = 0
i = 62	Master Time = 1	Lamb = 7259	Total time = 65	Obj = 1531.69	Pricing Time = 0
i = 63	Master Time = 1	Lamb = 7291	Total time = 65	Obj = 1529.99	Pricing Time = 7
i = 64	Master Time = 1	Lamb = 7351	Total time = 74	Obj = 1506.14	Pricing Time = 0
i = 65	Master Time = 1	Lamb = 7392	Total time = 75	Obj = 1501.05	Pricing Time = 0
i = 66	Master Time = 1	Lamb = 7433	Total time = 76	Obj = 1497.44	Pricing Time = 1
i = 67	Master Time = 0	Lamb = 7474	Total time = 77	Obj = 1492.53	Pricing Time = 1
i = 68	Master Time = 0	Lamb = 7513	Total time = 78	Obj = 1486.57	Pricing Time = 1
i = 69	Master Time = 0	Lamb = 7559	Total time = 79	Obj = 1480.92	Pricing Time = 1
i = 70	Master Time = 0	Lamb = 7587	Total time = 80	Obj = 1479.18	Pricing Time = 1
i = 71	Master Time = 0	Lamb = 7623	Total time = 81	Obj = 1477.10	Pricing Time = 0
i = 72	Master Time = 1	Lamb = 7656	Total time = 82	Obj = 1470.93	Pricing Time = 0
i = 73	Master Time = 1	Lamb = 7679	Total time = 83	Obj = 1469.13	Pricing Time = 0
i = 74	Master Time = 1	Lamb = 7704	Total time = 83	Obj = 1468.57	Pricing Time = 0
i = 75	Master Time = 1	Lamb = 7737	Total time = 84	Obj = 1468.03	Pricing Time = 0
i = 76	Master Time = 1	Lamb = 7767	Total time = 85	Obj = 1466.48	Pricing Time = 0
i = 77	Master Time = 1	Lamb = 7790	Total time = 86	Obj = 1465.32	Pricing Time = 7
i = 78	Master Time = 1	Lamb = 7855	Total time = 95	Obj = 1443.08	Pricing Time = 0
i = 79	Master Time = 1	Lamb = 7931	Total time = 96	Obj = 1439.21	Pricing Time = 0
i = 80	Master Time = 0	Lamb = 7990	Total time = 97	Obj = 1438.71	Pricing Time = 1
i = 81	Master Time = 0	Lamb = 8043	Total time = 98	Obj = 1438.09	Pricing Time = 1
i = 82	Master Time = 0	Lamb = 8087	Total time = 99	Obj = 1436.97	Pricing Time = 1
i = 83	Master Time = 0	Lamb = 8132	Total time = 100	Obj = 1436.22	Pricing Time = 0
i = 84	Master Time = 1	Lamb = 8166	Total time = 101	Obj = 1435.65	Pricing Time = 1
i = 85	Master Time = 0	Lamb = 8197	Total time = 102	Obj = 1434.66	Pricing Time = 0
i = 86	Master Time = 1	Lamb = 8230	Total time = 102	Obj = 1434.01	Pricing Time = 0
i = 87	Master Time = 1	Lamb = 8262	Total time = 103	Obj = 1431.73	Pricing Time = 0
i = 88	Master Time = 0	Lamb = 8305	Total time = 104	Obj = 1429.78	Pricing Time = 8
i = 89	Master Time = 2	Lamb = 8379	Total time = 113	Obj = 1412.27	Pricing Time = 0
i = 90	Master Time = 0	Lamb = 8436	Total time = 114	Obj = 1410.18	Pricing Time = 0
i = 91	Master Time = 1	Lamb = 8478	Total time = 115	Obj = 1408.12	Pricing Time = 1
i = 92	Master Time = 0	Lamb = 8510	Total time = 116	Obj = 1406.19	Pricing Time = 0
i = 93	Master Time = 1	Lamb = 8535	Total time = 116	Obj = 1405.88	Pricing Time = 0
i = 94	Master Time = 1	Lamb = 8559	Total time = 117	Obj = 1405.46	Pricing Time = 10
i = 95	Master Time = 1	Lamb = 8639	Total time = 129	Obj = 1388.75	Pricing Time = 0
i = 96	Master Time = 1	Lamb = 8679	Total time = 129	Obj = 1387.65	Pricing Time = 0
i = 97	Master Time = 1	Lamb = 8710	Total time = 131	Obj = 1386.59	Pricing Time = 0
i = 98	Master Time = 1	Lamb = 8741	Total time = 132	Obj = 1386.23	Pricing Time = 0
i = 99	Master Time = 1	Lamb = 8770	Total time = 133	Obj = 1385.91	Pricing Time = 0
i = 100	Master Time = 1	Lamb = 8796	Total time = 134	Obj = 1385.33	Pricing Time = 1
i = 101	Master Time = 0	Lamb = 8828	Total time = 135	Obj = 1385.02	Pricing Time = 0
i = 102	Master Time = 1	Lamb = 8851	Total time = 135	Obj = 1384.71	Pricing Time = 0
i = 103	Master Time = 0	Lamb = 8875	Total time = 136	Obj = 1384.17	Pricing Time = 9
i = 104	Master Time = 1	Lamb = 8941	Total time = 146	Obj = 1370.84	Pricing Time = 1
i = 105	Master Time = 0	Lamb = 8973	Total time = 147	Obj = 1370.22	Pricing Time = 1
i = 106	Master Time = 0	Lamb = 9002	Total time = 148	Obj = 1369.63	Pricing Time = 0
i = 107	Master Time = 1	Lamb = 9029	Total time = 149	Obj = 1369.38	Pricing Time = 0
i = 108	Master Time = 1	Lamb = 9052	Total time = 149	Obj = 1369.23	Pricing Time = 0
i = 109	Master Time = 1	Lamb = 9081	Total time = 150	Obj = 1369.12	Pricing Time = 10
i = 110	Master Time = 1	Lamb = 9155	Total time = 162	Obj = 1358.65	Pricing Time = 0
i = 111	Master Time = 1	Lamb = 9184	Total time = 163	Obj = 1357.97	Pricing Time = 8
i = 112	Master Time = 1	Lamb = 9258	Total time = 172	Obj = 1352.73	Pricing Time = 0
i = 113	Master Time = 1	Lamb = 9295	Total time = 172	Obj = 1352.00	Pricing Time = 7
i = 114	Master Time = 2	Lamb = 9368	Total time = 181	Obj = 1342.97	Pricing Time = 0
i = 115	Master Time = 1	Lamb = 9399	Total time = 182	Obj = 1342.42	Pricing Time = 8
i = 116	Master Time = 1	Lamb = 9469	Total time = 192	Obj = 1337.73	Pricing Time = 0
i = 117	Master Time = 1	Lamb = 9541	Total time = 192	Obj = 1337.56	Pricing Time = 0
i = 118	Master Time = 1	Lamb = 9574	Total time = 193	Obj = 1337.46	Pricing Time = 0
i = 119	Master Time = 0	Lamb = 9606	Total time = 194	Obj = 1337.43	Pricing Time = 1
i = 120	Master Time = 1	Lamb = 9636	Total time = 195	Obj = 1337.02	Pricing Time = 0
i = 121	Master Time = 0	Lamb = 9657	Total time = 196	Obj = 1337.00	Pricing Time = 1
i = 122	Master Time = 0	Lamb = 9683	Total time = 197	Obj = 1336.96	Pricing Time = 9
i = 123	Master Time = 1	Lamb = 9744	Total time = 207	Obj = 1333.13	Pricing Time = 0
i = 124	Master Time = 1	Lamb = 9779	Total time = 207	Obj = 1333.01	Pricing Time = 0
i = 125	Master Time = 1	Lamb = 9803	Total time = 208	Obj = 1332.96	Pricing Time = 0
i = 126	Master Time = 1	Lamb = 9828	Total time = 209	Obj = 1332.75	Pricing Time = 9
i = 127	Master Time = 1	Lamb = 9902	Total time = 220	Obj = 1329.32	Pricing Time = 7
i = 128	Master Time = 1	Lamb = 9974	Total time = 228	Obj = 1327.14	Pricing Time = 7
i = 129	Master Time = 1	Lamb = 10041	Total time = 236	Obj = 1324.34	Pricing Time = 1
i = 130	Master Time = 0	Lamb = 10070	Total time = 237	Obj = 1324.20	Pricing Time = 7
i = 131	Master Time = 1	Lamb = 10144	Total time = 245	Obj = 1321.19	Pricing Time = 8
i = 132	Master Time = 1	Lamb = 10221	Total time = 254	Obj = 1320.62	Pricing Time = 6
i = 133	Master Time = 0	Lamb = 10274	Total time = 260	Obj = 1320.22	Pricing Time = 9
i = 134	Master Time = 1	Lamb = 10293	Total time = 270	Obj = 1319.52	Pricing Time = 8
i = 135	Master Time = 1	Lamb = 10358	Total time = 279	Obj = 1319.30	Pricing Time = 7
i = 136	Master Time = 1	Lamb = 10415	Total time = 287	Obj = 1319.08	Pricing Time = 8
i = 137	Master Time = 1	Lamb = 10471	Total time = 295	Obj = 1318.87	Pricing Time = 5
i = 138	Master Time = 0	Lamb = 10534	Total time = 301	Obj = 1318.59	Pricing Time = 10
i = 139	Master Time = 0	Lamb = 10542	Total time = 311	Obj = 1318.46	Pricing Time = 7
i = 140	Master Time = 1	Lamb = 10556	Total time = 318	Obj = 1318.38	Pricing Time = 7
i = 141	Master Time = 0	Lamb = 10567	Total time = 326	Obj = 1318.38	Pricing Time = 8
i = 142	Master Time = 0	Lamb = 10577	Total time = 334	Obj = 1318.29	Pricing Time = 8
i = 143	Master Time = 0	Lamb = 10583	Total time = 342	Obj = 1318.26	Pricing Time = 7
i = 144	Master Time = 1	Lamb = 10593	Total time = 349	Obj = 1318.15	Pricing Time = 8
i = 145	Master Time = 0	Lamb = 10601	Total time = 358	Obj = 1318.13	Pricing Time = 8
i = 146	Master Time = 0	Lamb = 10610	Total time = 366	Obj = 1318.11	Pricing Time = 8
i = 147	Master Time = 0	Lamb = 10615	Total time = 373	Obj = 1318.11	Pricing Time = 7
i = 148	Master Time = 0	Lamb = 10616	Total time = 381	Obj = 1318.11	Pricing Time = 9
i = 149	Master Time = 0	Lamb = 10617	Total time = 389	Obj = 1318.11	Pricing Time = 7
i = 150	Master Time = 0	Lamb = 10618	Total time = 397	Obj = 1318.11	Pricing Time = 8
i = 151	Master Time = 0	Lamb = 10619	Total time = 405	Obj = 1318.11	Pricing Time = 8
i = 152	Master Time = 0	Lamb = 10620	Total time = 412	Obj = 1318.10	Pricing Time = 7

Optimal of relaxation found.
Fractional X Variables: 2109 (min: 5.596913995056588E-4 max: 0.9729903870290202)
--------------------------------------
n035w4_0_9-8-7-7
X fix to 1: 88
X fix to 0: 0
Fractional X remaining: 2109 | min(5.596913995056588E-4, 0.9729903870290202)
--------------------------------------
i = 153	Master Time = 1	Lamb = 10620	Total time = 422	Obj = 1533.04	Pricing Time = 0
i = 154	Master Time = 1	Lamb = 10781	Total time = 423	Obj = 1483.35	Pricing Time = 1
i = 155	Master Time = 1	Lamb = 10907	Total time = 424	Obj = 1425.96	Pricing Time = 0
i = 156	Master Time = 1	Lamb = 11031	Total time = 426	Obj = 1407.74	Pricing Time = 0
i = 157	Master Time = 2	Lamb = 11131	Total time = 428	Obj = 1392.50	Pricing Time = 0
i = 158	Master Time = 2	Lamb = 11227	Total time = 430	Obj = 1387.37	Pricing Time = 0
i = 159	Master Time = 2	Lamb = 11311	Total time = 432	Obj = 1379.26	Pricing Time = 0
i = 160	Master Time = 1	Lamb = 11372	Total time = 433	Obj = 1375.16	Pricing Time = 0
i = 161	Master Time = 1	Lamb = 11415	Total time = 434	Obj = 1364.65	Pricing Time = 1
i = 162	Master Time = 1	Lamb = 11472	Total time = 435	Obj = 1359.47	Pricing Time = 0
i = 163	Master Time = 1	Lamb = 11519	Total time = 436	Obj = 1355.22	Pricing Time = 0
i = 164	Master Time = 1	Lamb = 11551	Total time = 437	Obj = 1353.41	Pricing Time = 0
i = 165	Master Time = 1	Lamb = 11577	Total time = 439	Obj = 1350.34	Pricing Time = 0
i = 166	Master Time = 1	Lamb = 11602	Total time = 439	Obj = 1349.77	Pricing Time = 0
i = 167	Master Time = 0	Lamb = 11629	Total time = 440	Obj = 1348.57	Pricing Time = 0
i = 168	Master Time = 1	Lamb = 11662	Total time = 441	Obj = 1347.42	Pricing Time = 1
i = 169	Master Time = 0	Lamb = 11696	Total time = 442	Obj = 1346.55	Pricing Time = 0
i = 170	Master Time = 1	Lamb = 11722	Total time = 443	Obj = 1343.84	Pricing Time = 3
i = 171	Master Time = 1	Lamb = 11772	Total time = 448	Obj = 1334.48	Pricing Time = 0
i = 172	Master Time = 1	Lamb = 11817	Total time = 448	Obj = 1333.95	Pricing Time = 0
i = 173	Master Time = 1	Lamb = 11853	Total time = 449	Obj = 1333.65	Pricing Time = 3
i = 174	Master Time = 1	Lamb = 11904	Total time = 454	Obj = 1331.74	Pricing Time = 0
i = 175	Master Time = 1	Lamb = 11929	Total time = 455	Obj = 1331.62	Pricing Time = 0
i = 176	Master Time = 1	Lamb = 11965	Total time = 456	Obj = 1331.56	Pricing Time = 0
i = 177	Master Time = 1	Lamb = 11994	Total time = 457	Obj = 1331.39	Pricing Time = 3
i = 178	Master Time = 2	Lamb = 12045	Total time = 462	Obj = 1329.16	Pricing Time = 0
i = 179	Master Time = 1	Lamb = 12080	Total time = 462	Obj = 1328.93	Pricing Time = 0
i = 180	Master Time = 0	Lamb = 12103	Total time = 463	Obj = 1328.91	Pricing Time = 3
i = 181	Master Time = 2	Lamb = 12141	Total time = 468	Obj = 1327.54	Pricing Time = 3
i = 182	Master Time = 2	Lamb = 12198	Total time = 472	Obj = 1326.76	Pricing Time = 3
i = 183	Master Time = 1	Lamb = 12262	Total time = 477	Obj = 1325.43	Pricing Time = 3
i = 184	Master Time = 2	Lamb = 12305	Total time = 481	Obj = 1325.02	Pricing Time = 3
i = 185	Master Time = 1	Lamb = 12349	Total time = 486	Obj = 1324.59	Pricing Time = 4
i = 186	Master Time = 2	Lamb = 12396	Total time = 491	Obj = 1323.84	Pricing Time = 0
i = 187	Master Time = 0	Lamb = 12420	Total time = 492	Obj = 1323.72	Pricing Time = 4
i = 188	Master Time = 1	Lamb = 12462	Total time = 497	Obj = 1323.23	Pricing Time = 4
i = 189	Master Time = 1	Lamb = 12497	Total time = 502	Obj = 1322.90	Pricing Time = 4
i = 190	Master Time = 1	Lamb = 12537	Total time = 506	Obj = 1322.79	Pricing Time = 4
i = 191	Master Time = 1	Lamb = 12550	Total time = 512	Obj = 1322.73	Pricing Time = 3
i = 192	Master Time = 1	Lamb = 12579	Total time = 515	Obj = 1322.67	Pricing Time = 6
i = 193	Master Time = 0	Lamb = 12583	Total time = 521	Obj = 1322.67	Pricing Time = 4
i = 194	Master Time = 0	Lamb = 12586	Total time = 525	Obj = 1322.66	Pricing Time = 4
i = 195	Master Time = 0	Lamb = 12592	Total time = 529	Obj = 1322.65	Pricing Time = 4
i = 196	Master Time = 1	Lamb = 12600	Total time = 534	Obj = 1322.65	Pricing Time = 4
i = 197	Master Time = 0	Lamb = 12604	Total time = 539	Obj = 1322.65	Pricing Time = 4
i = 198	Master Time = 0	Lamb = 12605	Total time = 543	Obj = 1322.65	Pricing Time = 5
--------------------------------------
n035w4_0_9-8-7-7
X fix to 1: 195
X fix to 0: 0
Fractional X remaining: 1481 | min(9.178019077532018E-4, 0.9784348364421283)
--------------------------------------
i = 199	Master Time = 1	Lamb = 12605	Total time = 549	Obj = 1782.01	Pricing Time = 0
i = 200	Master Time = 2	Lamb = 12783	Total time = 550	Obj = 1645.84	Pricing Time = 0
i = 201	Master Time = 1	Lamb = 12934	Total time = 552	Obj = 1548.85	Pricing Time = 1
i = 202	Master Time = 1	Lamb = 13079	Total time = 554	Obj = 1499.82	Pricing Time = 0
i = 203	Master Time = 1	Lamb = 13202	Total time = 555	Obj = 1483.97	Pricing Time = 1
i = 204	Master Time = 0	Lamb = 13305	Total time = 556	Obj = 1467.16	Pricing Time = 1
i = 205	Master Time = 1	Lamb = 13410	Total time = 558	Obj = 1444.08	Pricing Time = 0
i = 206	Master Time = 1	Lamb = 13484	Total time = 559	Obj = 1432.17	Pricing Time = 0
i = 207	Master Time = 1	Lamb = 13546	Total time = 560	Obj = 1423.35	Pricing Time = 0
i = 208	Master Time = 1	Lamb = 13593	Total time = 561	Obj = 1415.06	Pricing Time = 1
i = 209	Master Time = 1	Lamb = 13636	Total time = 562	Obj = 1407.42	Pricing Time = 0
i = 210	Master Time = 0	Lamb = 13674	Total time = 563	Obj = 1405.88	Pricing Time = 1
i = 211	Master Time = 1	Lamb = 13707	Total time = 565	Obj = 1398.03	Pricing Time = 0
i = 212	Master Time = 1	Lamb = 13755	Total time = 565	Obj = 1393.55	Pricing Time = 0
i = 213	Master Time = 0	Lamb = 13781	Total time = 566	Obj = 1392.10	Pricing Time = 3
i = 214	Master Time = 1	Lamb = 13825	Total time = 570	Obj = 1381.71	Pricing Time = 0
i = 215	Master Time = 1	Lamb = 13943	Total time = 571	Obj = 1378.34	Pricing Time = 0
i = 216	Master Time = 1	Lamb = 14006	Total time = 572	Obj = 1377.00	Pricing Time = 0
i = 217	Master Time = 1	Lamb = 14044	Total time = 572	Obj = 1376.82	Pricing Time = 0
i = 218	Master Time = 0	Lamb = 14077	Total time = 573	Obj = 1375.68	Pricing Time = 1
i = 219	Master Time = 0	Lamb = 14100	Total time = 574	Obj = 1375.40	Pricing Time = 3
i = 220	Master Time = 2	Lamb = 14141	Total time = 579	Obj = 1366.07	Pricing Time = 0
i = 221	Master Time = 1	Lamb = 14180	Total time = 580	Obj = 1365.15	Pricing Time = 0
i = 222	Master Time = 1	Lamb = 14209	Total time = 580	Obj = 1364.10	Pricing Time = 2
i = 223	Master Time = 1	Lamb = 14242	Total time = 584	Obj = 1357.09	Pricing Time = 0
i = 224	Master Time = 1	Lamb = 14263	Total time = 584	Obj = 1356.17	Pricing Time = 2
i = 225	Master Time = 1	Lamb = 14295	Total time = 588	Obj = 1351.21	Pricing Time = 2
i = 226	Master Time = 1	Lamb = 14332	Total time = 591	Obj = 1349.28	Pricing Time = 2
i = 227	Master Time = 1	Lamb = 14366	Total time = 594	Obj = 1347.29	Pricing Time = 2
i = 228	Master Time = 1	Lamb = 14392	Total time = 596	Obj = 1343.86	Pricing Time = 3
i = 229	Master Time = 1	Lamb = 14428	Total time = 601	Obj = 1342.48	Pricing Time = 2
i = 230	Master Time = 1	Lamb = 14459	Total time = 604	Obj = 1340.44	Pricing Time = 3
i = 231	Master Time = 1	Lamb = 14491	Total time = 608	Obj = 1339.98	Pricing Time = 3
i = 232	Master Time = 1	Lamb = 14522	Total time = 612	Obj = 1338.92	Pricing Time = 2
i = 233	Master Time = 1	Lamb = 14553	Total time = 615	Obj = 1338.31	Pricing Time = 3
i = 234	Master Time = 1	Lamb = 14584	Total time = 619	Obj = 1337.88	Pricing Time = 2
i = 235	Master Time = 1	Lamb = 14616	Total time = 622	Obj = 1337.20	Pricing Time = 3
i = 236	Master Time = 1	Lamb = 14647	Total time = 626	Obj = 1336.68	Pricing Time = 0
i = 237	Master Time = 2	Lamb = 14723	Total time = 628	Obj = 1336.67	Pricing Time = 0
i = 238	Master Time = 2	Lamb = 14792	Total time = 630	Obj = 1336.67	Pricing Time = 0
i = 239	Master Time = 2	Lamb = 14838	Total time = 631	Obj = 1336.67	Pricing Time = 0
i = 240	Master Time = 1	Lamb = 14875	Total time = 633	Obj = 1336.67	Pricing Time = 3
i = 241	Master Time = 2	Lamb = 14907	Total time = 637	Obj = 1336.67	Pricing Time = 2
i = 242	Master Time = 1	Lamb = 14941	Total time = 641	Obj = 1336.67	Pricing Time = 2
i = 243	Master Time = 2	Lamb = 14975	Total time = 645	Obj = 1336.67	Pricing Time = 3
i = 244	Master Time = 2	Lamb = 15000	Total time = 650	Obj = 1336.67	Pricing Time = 2
i = 245	Master Time = 2	Lamb = 15022	Total time = 654	Obj = 1336.67	Pricing Time = 2
i = 246	Master Time = 1	Lamb = 15034	Total time = 657	Obj = 1336.67	Pricing Time = 3
i = 247	Master Time = 1	Lamb = 15046	Total time = 660	Obj = 1336.67	Pricing Time = 3
i = 248	Master Time = 0	Lamb = 15062	Total time = 664	Obj = 1336.67	Pricing Time = 3
i = 249	Master Time = 2	Lamb = 15072	Total time = 669	Obj = 1336.67	Pricing Time = 2
i = 250	Master Time = 2	Lamb = 15078	Total time = 673	Obj = 1336.67	Pricing Time = 2
i = 251	Master Time = 0	Lamb = 15090	Total time = 675	Obj = 1336.67	Pricing Time = 3
i = 252	Master Time = 0	Lamb = 15102	Total time = 678	Obj = 1336.67	Pricing Time = 3
i = 253	Master Time = 0	Lamb = 15108	Total time = 681	Obj = 1336.67	Pricing Time = 2
i = 254	Master Time = 1	Lamb = 15110	Total time = 683	Obj = 1336.67	Pricing Time = 3
i = 255	Master Time = 0	Lamb = 15114	Total time = 687	Obj = 1336.67	Pricing Time = 3
i = 256	Master Time = 0	Lamb = 15116	Total time = 690	Obj = 1336.67	Pricing Time = 4
i = 257	Master Time = 0	Lamb = 15117	Total time = 694	Obj = 1336.67	Pricing Time = 3
--------------------------------------
n035w4_0_9-8-7-7
X fix to 1: 246
X fix to 0: 0
Fractional X remaining: 978 | min(0.0016384009793359855, 0.9807716350250436)
--------------------------------------
i = 258	Master Time = 1	Lamb = 15117	Total time = 697	Obj = 1596.46	Pricing Time = 0
i = 259	Master Time = 1	Lamb = 15257	Total time = 699	Obj = 1526.21	Pricing Time = 0
i = 260	Master Time = 1	Lamb = 15401	Total time = 700	Obj = 1509.15	Pricing Time = 0
i = 261	Master Time = 1	Lamb = 15503	Total time = 701	Obj = 1470.43	Pricing Time = 0
i = 262	Master Time = 1	Lamb = 15601	Total time = 702	Obj = 1460.39	Pricing Time = 0
i = 263	Master Time = 1	Lamb = 15681	Total time = 704	Obj = 1443.23	Pricing Time = 1
i = 264	Master Time = 1	Lamb = 15786	Total time = 706	Obj = 1417.86	Pricing Time = 0
i = 265	Master Time = 1	Lamb = 15873	Total time = 707	Obj = 1412.24	Pricing Time = 0
i = 266	Master Time = 1	Lamb = 15934	Total time = 708	Obj = 1405.79	Pricing Time = 0
i = 267	Master Time = 1	Lamb = 15987	Total time = 709	Obj = 1397.68	Pricing Time = 0
i = 268	Master Time = 1	Lamb = 16030	Total time = 710	Obj = 1389.47	Pricing Time = 0
i = 269	Master Time = 1	Lamb = 16073	Total time = 711	Obj = 1385.92	Pricing Time = 0
i = 270	Master Time = 1	Lamb = 16100	Total time = 712	Obj = 1384.83	Pricing Time = 0
i = 271	Master Time = 1	Lamb = 16130	Total time = 712	Obj = 1383.78	Pricing Time = 0
i = 272	Master Time = 0	Lamb = 16153	Total time = 713	Obj = 1383.32	Pricing Time = 1
i = 273	Master Time = 1	Lamb = 16177	Total time = 715	Obj = 1382.61	Pricing Time = 0
i = 274	Master Time = 1	Lamb = 16248	Total time = 716	Obj = 1382.20	Pricing Time = 0
i = 275	Master Time = 1	Lamb = 16297	Total time = 717	Obj = 1381.94	Pricing Time = 0
i = 276	Master Time = 1	Lamb = 16330	Total time = 718	Obj = 1381.71	Pricing Time = 0
i = 277	Master Time = 0	Lamb = 16355	Total time = 718	Obj = 1381.71	Pricing Time = 2
i = 278	Master Time = 2	Lamb = 16382	Total time = 722	Obj = 1375.96	Pricing Time = 0
i = 279	Master Time = 1	Lamb = 16413	Total time = 722	Obj = 1375.33	Pricing Time = 0
i = 280	Master Time = 1	Lamb = 16449	Total time = 724	Obj = 1372.50	Pricing Time = 1
i = 281	Master Time = 0	Lamb = 16512	Total time = 725	Obj = 1372.41	Pricing Time = 0
i = 282	Master Time = 1	Lamb = 16553	Total time = 725	Obj = 1372.07	Pricing Time = 0
i = 283	Master Time = 0	Lamb = 16572	Total time = 726	Obj = 1371.80	Pricing Time = 3
i = 284	Master Time = 1	Lamb = 16603	Total time = 729	Obj = 1367.32	Pricing Time = 0
i = 285	Master Time = 1	Lamb = 16638	Total time = 730	Obj = 1364.99	Pricing Time = 2
i = 286	Master Time = 1	Lamb = 16664	Total time = 734	Obj = 1361.69	Pricing Time = 0
i = 287	Master Time = 1	Lamb = 16681	Total time = 734	Obj = 1361.45	Pricing Time = 0
i = 288	Master Time = 0	Lamb = 16703	Total time = 735	Obj = 1361.32	Pricing Time = 2
i = 289	Master Time = 1	Lamb = 16726	Total time = 738	Obj = 1359.63	Pricing Time = 2
i = 290	Master Time = 1	Lamb = 16761	Total time = 741	Obj = 1357.02	Pricing Time = 2
i = 291	Master Time = 0	Lamb = 16785	Total time = 743	Obj = 1356.04	Pricing Time = 3
i = 292	Master Time = 1	Lamb = 16805	Total time = 747	Obj = 1353.51	Pricing Time = 1
i = 293	Master Time = 1	Lamb = 16827	Total time = 749	Obj = 1351.86	Pricing Time = 2
i = 294	Master Time = 1	Lamb = 16848	Total time = 752	Obj = 1349.90	Pricing Time = 1
i = 295	Master Time = 2	Lamb = 16876	Total time = 754	Obj = 1348.06	Pricing Time = 0
i = 296	Master Time = 0	Lamb = 16895	Total time = 755	Obj = 1347.83	Pricing Time = 2
i = 297	Master Time = 1	Lamb = 16916	Total time = 757	Obj = 1347.14	Pricing Time = 2
i = 298	Master Time = 1	Lamb = 16944	Total time = 760	Obj = 1346.79	Pricing Time = 2
i = 299	Master Time = 0	Lamb = 16964	Total time = 763	Obj = 1345.67	Pricing Time = 3
i = 300	Master Time = 1	Lamb = 16975	Total time = 767	Obj = 1344.18	Pricing Time = 1
i = 301	Master Time = 1	Lamb = 17000	Total time = 768	Obj = 1343.55	Pricing Time = 3
i = 302	Master Time = 2	Lamb = 17020	Total time = 773	Obj = 1340.71	Pricing Time = 0
i = 303	Master Time = 1	Lamb = 17060	Total time = 775	Obj = 1340.64	Pricing Time = 2
i = 304	Master Time = 1	Lamb = 17109	Total time = 778	Obj = 1340.25	Pricing Time = 0
i = 305	Master Time = 2	Lamb = 17145	Total time = 779	Obj = 1340.25	Pricing Time = 3
i = 306	Master Time = 1	Lamb = 17197	Total time = 784	Obj = 1339.17	Pricing Time = 2
i = 307	Master Time = 1	Lamb = 17221	Total time = 787	Obj = 1338.95	Pricing Time = 3
i = 308	Master Time = 1	Lamb = 17242	Total time = 791	Obj = 1338.70	Pricing Time = 3
i = 309	Master Time = 1	Lamb = 17272	Total time = 795	Obj = 1338.28	Pricing Time = 3
i = 310	Master Time = 1	Lamb = 17309	Total time = 799	Obj = 1337.19	Pricing Time = 2
i = 311	Master Time = 2	Lamb = 17335	Total time = 803	Obj = 1336.67	Pricing Time = 2
i = 312	Master Time = 1	Lamb = 17347	Total time = 806	Obj = 1336.67	Pricing Time = 2
i = 313	Master Time = 1	Lamb = 17359	Total time = 809	Obj = 1336.67	Pricing Time = 3
i = 314	Master Time = 0	Lamb = 17367	Total time = 812	Obj = 1336.67	Pricing Time = 3
i = 315	Master Time = 1	Lamb = 17378	Total time = 815	Obj = 1336.67	Pricing Time = 3
i = 316	Master Time = 0	Lamb = 17379	Total time = 819	Obj = 1336.67	Pricing Time = 4
--------------------------------------
n035w4_0_9-8-7-7
X fix to 1: 302
X fix to 0: 0
Fractional X remaining: 752 | min(0.0024157852861028534, 0.9498401216668793)
--------------------------------------
i = 317	Master Time = 1	Lamb = 17379	Total time = 823	Obj = 1666.38	Pricing Time = 0
i = 318	Master Time = 1	Lamb = 17501	Total time = 825	Obj = 1555.34	Pricing Time = 0
i = 319	Master Time = 1	Lamb = 17607	Total time = 826	Obj = 1490.49	Pricing Time = 0
i = 320	Master Time = 1	Lamb = 17690	Total time = 826	Obj = 1467.71	Pricing Time = 0
i = 321	Master Time = 1	Lamb = 17766	Total time = 827	Obj = 1456.99	Pricing Time = 0
i = 322	Master Time = 0	Lamb = 17828	Total time = 828	Obj = 1440.62	Pricing Time = 0
i = 323	Master Time = 1	Lamb = 17885	Total time = 829	Obj = 1422.91	Pricing Time = 0
i = 324	Master Time = 1	Lamb = 17924	Total time = 830	Obj = 1416.71	Pricing Time = 0
i = 325	Master Time = 1	Lamb = 17954	Total time = 831	Obj = 1405.25	Pricing Time = 0
i = 326	Master Time = 1	Lamb = 17990	Total time = 831	Obj = 1402.75	Pricing Time = 0
i = 327	Master Time = 1	Lamb = 18016	Total time = 832	Obj = 1392.35	Pricing Time = 1
i = 328	Master Time = 1	Lamb = 18037	Total time = 834	Obj = 1385.15	Pricing Time = 0
i = 329	Master Time = 0	Lamb = 18060	Total time = 835	Obj = 1382.76	Pricing Time = 2
i = 330	Master Time = 1	Lamb = 18086	Total time = 838	Obj = 1369.20	Pricing Time = 1
i = 331	Master Time = 1	Lamb = 18164	Total time = 839	Obj = 1368.22	Pricing Time = 0
i = 332	Master Time = 1	Lamb = 18211	Total time = 841	Obj = 1367.14	Pricing Time = 0
i = 333	Master Time = 1	Lamb = 18248	Total time = 842	Obj = 1366.91	Pricing Time = 0
i = 334	Master Time = 1	Lamb = 18281	Total time = 843	Obj = 1363.82	Pricing Time = 1
i = 335	Master Time = 1	Lamb = 18326	Total time = 844	Obj = 1359.84	Pricing Time = 1
i = 336	Master Time = 2	Lamb = 18368	Total time = 847	Obj = 1354.36	Pricing Time = 0
i = 337	Master Time = 0	Lamb = 18403	Total time = 848	Obj = 1353.80	Pricing Time = 2
i = 338	Master Time = 1	Lamb = 18440	Total time = 851	Obj = 1352.72	Pricing Time = 2
i = 339	Master Time = 1	Lamb = 18482	Total time = 854	Obj = 1348.99	Pricing Time = 1
i = 340	Master Time = 1	Lamb = 18508	Total time = 856	Obj = 1347.45	Pricing Time = 2
i = 341	Master Time = 1	Lamb = 18525	Total time = 859	Obj = 1346.51	Pricing Time = 2
i = 342	Master Time = 1	Lamb = 18557	Total time = 861	Obj = 1345.19	Pricing Time = 1
i = 343	Master Time = 2	Lamb = 18585	Total time = 864	Obj = 1345.00	Pricing Time = 0
i = 344	Master Time = 1	Lamb = 18620	Total time = 866	Obj = 1344.96	Pricing Time = 2
i = 345	Master Time = 2	Lamb = 18648	Total time = 869	Obj = 1342.89	Pricing Time = 1
i = 346	Master Time = 2	Lamb = 18665	Total time = 872	Obj = 1340.29	Pricing Time = 1
i = 347	Master Time = 2	Lamb = 18692	Total time = 875	Obj = 1339.32	Pricing Time = 1
i = 348	Master Time = 1	Lamb = 18717	Total time = 878	Obj = 1338.36	Pricing Time = 2
i = 349	Master Time = 1	Lamb = 18741	Total time = 881	Obj = 1336.67	Pricing Time = 2
i = 350	Master Time = 2	Lamb = 18766	Total time = 884	Obj = 1336.67	Pricing Time = 1
i = 351	Master Time = 1	Lamb = 18783	Total time = 886	Obj = 1336.67	Pricing Time = 2
i = 352	Master Time = 1	Lamb = 18791	Total time = 889	Obj = 1336.67	Pricing Time = 2
i = 353	Master Time = 0	Lamb = 18794	Total time = 892	Obj = 1336.67	Pricing Time = 3
i = 354	Master Time = 0	Lamb = 18798	Total time = 895	Obj = 1336.67	Pricing Time = 2
--------------------------------------
n035w4_0_9-8-7-7
X fix to 1: 341
X fix to 0: 0
Fractional X remaining: 492 | min(0.019769357495887034, 0.980230642504113)
--------------------------------------
i = 355	Master Time = 1	Lamb = 18798	Total time = 897	Obj = 1483.92	Pricing Time = 0
i = 356	Master Time = 1	Lamb = 18894	Total time = 899	Obj = 1430.53	Pricing Time = 0
i = 357	Master Time = 1	Lamb = 18963	Total time = 900	Obj = 1409.86	Pricing Time = 0
i = 358	Master Time = 1	Lamb = 19010	Total time = 901	Obj = 1380.12	Pricing Time = 1
i = 359	Master Time = 0	Lamb = 19066	Total time = 902	Obj = 1377.86	Pricing Time = 1
i = 360	Master Time = 1	Lamb = 19106	Total time = 903	Obj = 1360.42	Pricing Time = 0
i = 361	Master Time = 1	Lamb = 19141	Total time = 905	Obj = 1356.67	Pricing Time = 0
i = 362	Master Time = 1	Lamb = 19162	Total time = 906	Obj = 1354.42	Pricing Time = 1
i = 363	Master Time = 2	Lamb = 19197	Total time = 908	Obj = 1341.67	Pricing Time = 0
i = 364	Master Time = 1	Lamb = 19227	Total time = 910	Obj = 1341.67	Pricing Time = 0
i = 365	Master Time = 1	Lamb = 19263	Total time = 911	Obj = 1341.67	Pricing Time = 2
i = 366	Master Time = 2	Lamb = 19285	Total time = 914	Obj = 1336.67	Pricing Time = 1
i = 367	Master Time = 1	Lamb = 19312	Total time = 917	Obj = 1336.67	Pricing Time = 2
i = 368	Master Time = 1	Lamb = 19328	Total time = 920	Obj = 1336.67	Pricing Time = 2
i = 369	Master Time = 2	Lamb = 19343	Total time = 923	Obj = 1336.67	Pricing Time = 1
i = 370	Master Time = 1	Lamb = 19356	Total time = 926	Obj = 1336.67	Pricing Time = 2
i = 371	Master Time = 1	Lamb = 19365	Total time = 929	Obj = 1336.67	Pricing Time = 2
i = 372	Master Time = 0	Lamb = 19373	Total time = 931	Obj = 1336.67	Pricing Time = 2
i = 373	Master Time = 1	Lamb = 19387	Total time = 934	Obj = 1336.67	Pricing Time = 2
i = 374	Master Time = 1	Lamb = 19395	Total time = 937	Obj = 1336.67	Pricing Time = 2
i = 375	Master Time = 1	Lamb = 19404	Total time = 939	Obj = 1336.67	Pricing Time = 2
i = 376	Master Time = 0	Lamb = 19410	Total time = 942	Obj = 1336.67	Pricing Time = 2
i = 377	Master Time = 1	Lamb = 19415	Total time = 944	Obj = 1336.67	Pricing Time = 2
i = 378	Master Time = 0	Lamb = 19420	Total time = 947	Obj = 1336.67	Pricing Time = 3
i = 379	Master Time = 0	Lamb = 19423	Total time = 950	Obj = 1336.67	Pricing Time = 2
i = 380	Master Time = 1	Lamb = 19425	Total time = 952	Obj = 1336.67	Pricing Time = 2
i = 381	Master Time = 0	Lamb = 19433	Total time = 955	Obj = 1336.67	Pricing Time = 2
i = 382	Master Time = 0	Lamb = 19437	Total time = 957	Obj = 1336.67	Pricing Time = 3
i = 383	Master Time = 1	Lamb = 19438	Total time = 961	Obj = 1336.67	Pricing Time = 2
i = 384	Master Time = 0	Lamb = 19442	Total time = 963	Obj = 1336.67	Pricing Time = 3
i = 385	Master Time = 0	Lamb = 19446	Total time = 966	Obj = 1336.67	Pricing Time = 2
i = 386	Master Time = 0	Lamb = 19447	Total time = 968	Obj = 1336.67	Pricing Time = 3
i = 387	Master Time = 0	Lamb = 19449	Total time = 971	Obj = 1336.67	Pricing Time = 2
i = 388	Master Time = 1	Lamb = 19454	Total time = 973	Obj = 1336.67	Pricing Time = 2
i = 389	Master Time = 1	Lamb = 19456	Total time = 976	Obj = 1336.67	Pricing Time = 2
i = 390	Master Time = 0	Lamb = 19457	Total time = 979	Obj = 1336.67	Pricing Time = 3
i = 391	Master Time = 1	Lamb = 19459	Total time = 982	Obj = 1336.67	Pricing Time = 1
i = 392	Master Time = 1	Lamb = 19462	Total time = 985	Obj = 1336.67	Pricing Time = 2
i = 393	Master Time = 0	Lamb = 19464	Total time = 987	Obj = 1336.67	Pricing Time = 2
i = 394	Master Time = 1	Lamb = 19466	Total time = 989	Obj = 1336.67	Pricing Time = 2
i = 395	Master Time = 0	Lamb = 19470	Total time = 992	Obj = 1336.67	Pricing Time = 3
i = 396	Master Time = 0	Lamb = 19474	Total time = 995	Obj = 1336.67	Pricing Time = 2
i = 397	Master Time = 1	Lamb = 19475	Total time = 997	Obj = 1336.67	Pricing Time = 2
i = 398	Master Time = 0	Lamb = 19477	Total time = 1000	Obj = 1336.67	Pricing Time = 3
i = 399	Master Time = 0	Lamb = 19481	Total time = 1003	Obj = 1336.67	Pricing Time = 2
i = 400	Master Time = 1	Lamb = 19482	Total time = 1006	Obj = 1336.67	Pricing Time = 2
i = 401	Master Time = 1	Lamb = 19484	Total time = 1008	Obj = 1336.67	Pricing Time = 2
i = 402	Master Time = 0	Lamb = 19485	Total time = 1011	Obj = 1336.67	Pricing Time = 3
i = 403	Master Time = 0	Lamb = 19489	Total time = 1014	Obj = 1336.67	Pricing Time = 3
i = 404	Master Time = 0	Lamb = 19492	Total time = 1017	Obj = 1336.67	Pricing Time = 2
i = 405	Master Time = 1	Lamb = 19493	Total time = 1019	Obj = 1336.67	Pricing Time = 2
i = 406	Master Time = 0	Lamb = 19496	Total time = 1022	Obj = 1336.67	Pricing Time = 3
i = 407	Master Time = 0	Lamb = 19499	Total time = 1025	Obj = 1336.67	Pricing Time = 3
i = 408	Master Time = 1	Lamb = 19501	Total time = 1028	Obj = 1336.67	Pricing Time = 2
i = 409	Master Time = 0	Lamb = 19504	Total time = 1031	Obj = 1336.67	Pricing Time = 2
i = 410	Master Time = 1	Lamb = 19505	Total time = 1033	Obj = 1336.67	Pricing Time = 2
i = 411	Master Time = 0	Lamb = 19506	Total time = 1036	Obj = 1336.67	Pricing Time = 2
i = 412	Master Time = 1	Lamb = 19508	Total time = 1039	Obj = 1336.67	Pricing Time = 2
i = 413	Master Time = 0	Lamb = 19513	Total time = 1041	Obj = 1336.67	Pricing Time = 2
i = 414	Master Time = 1	Lamb = 19516	Total time = 1044	Obj = 1336.67	Pricing Time = 2
i = 415	Master Time = 0	Lamb = 19519	Total time = 1046	Obj = 1336.67	Pricing Time = 2
i = 416	Master Time = 1	Lamb = 19521	Total time = 1049	Obj = 1336.67	Pricing Time = 2
i = 417	Master Time = 1	Lamb = 19522	Total time = 1052	Obj = 1336.67	Pricing Time = 2
i = 418	Master Time = 0	Lamb = 19525	Total time = 1054	Obj = 1336.67	Pricing Time = 3
i = 419	Master Time = 0	Lamb = 19526	Total time = 1057	Obj = 1336.67	Pricing Time = 2
i = 420	Master Time = 0	Lamb = 19531	Total time = 1059	Obj = 1336.67	Pricing Time = 2
i = 421	Master Time = 0	Lamb = 19535	Total time = 1061	Obj = 1336.67	Pricing Time = 3
i = 422	Master Time = 0	Lamb = 19537	Total time = 1063	Obj = 1336.67	Pricing Time = 2
i = 423	Master Time = 1	Lamb = 19540	Total time = 1067	Obj = 1336.67	Pricing Time = 2
i = 424	Master Time = 0	Lamb = 19542	Total time = 1069	Obj = 1336.67	Pricing Time = 2
i = 425	Master Time = 1	Lamb = 19544	Total time = 1072	Obj = 1336.67	Pricing Time = 2
i = 426	Master Time = 1	Lamb = 19545	Total time = 1074	Obj = 1336.67	Pricing Time = 1
i = 427	Master Time = 1	Lamb = 19547	Total time = 1076	Obj = 1336.67	Pricing Time = 2
i = 428	Master Time = 0	Lamb = 19549	Total time = 1079	Obj = 1336.67	Pricing Time = 3
i = 429	Master Time = 0	Lamb = 19551	Total time = 1082	Obj = 1336.67	Pricing Time = 2
i = 430	Master Time = 1	Lamb = 19553	Total time = 1084	Obj = 1336.67	Pricing Time = 2
i = 431	Master Time = 1	Lamb = 19555	Total time = 1087	Obj = 1336.67	Pricing Time = 1
i = 432	Master Time = 1	Lamb = 19557	Total time = 1090	Obj = 1336.67	Pricing Time = 2
i = 433	Master Time = 1	Lamb = 19560	Total time = 1092	Obj = 1336.67	Pricing Time = 2
i = 434	Master Time = 0	Lamb = 19563	Total time = 1095	Obj = 1336.67	Pricing Time = 3
i = 435	Master Time = 0	Lamb = 19564	Total time = 1098	Obj = 1336.67	Pricing Time = 2
i = 436	Master Time = 1	Lamb = 19565	Total time = 1100	Obj = 1336.67	Pricing Time = 2
i = 437	Master Time = 0	Lamb = 19566	Total time = 1103	Obj = 1336.67	Pricing Time = 2
i = 438	Master Time = 1	Lamb = 19567	Total time = 1105	Obj = 1336.67	Pricing Time = 2
--------------------------------------
n035w4_0_9-8-7-7
X fix to 1: 354
X fix to 0: 0
Fractional X remaining: 346 | min(0.004464285714265048, 0.9732142857142894)
--------------------------------------
i = 439	Master Time = 1	Lamb = 19567	Total time = 1108	Obj = 1347.42	Pricing Time = 0
i = 440	Master Time = 1	Lamb = 19612	Total time = 1109	Obj = 1346.67	Pricing Time = 1
i = 441	Master Time = 2	Lamb = 19644	Total time = 1112	Obj = 1344.67	Pricing Time = 0
i = 442	Master Time = 0	Lamb = 19689	Total time = 1113	Obj = 1344.67	Pricing Time = 2
i = 443	Master Time = 2	Lamb = 19720	Total time = 1116	Obj = 1343.33	Pricing Time = 1
i = 444	Master Time = 0	Lamb = 19739	Total time = 1118	Obj = 1343.33	Pricing Time = 2
i = 445	Master Time = 1	Lamb = 19755	Total time = 1120	Obj = 1339.17	Pricing Time = 1
i = 446	Master Time = 1	Lamb = 19769	Total time = 1122	Obj = 1336.67	Pricing Time = 1
i = 447	Master Time = 1	Lamb = 19787	Total time = 1125	Obj = 1336.67	Pricing Time = 2
i = 448	Master Time = 1	Lamb = 19806	Total time = 1128	Obj = 1336.67	Pricing Time = 1
i = 449	Master Time = 1	Lamb = 19813	Total time = 1130	Obj = 1336.67	Pricing Time = 1
i = 450	Master Time = 1	Lamb = 19833	Total time = 1131	Obj = 1336.67	Pricing Time = 1
i = 451	Master Time = 1	Lamb = 19846	Total time = 1134	Obj = 1336.67	Pricing Time = 2
i = 452	Master Time = 1	Lamb = 19855	Total time = 1136	Obj = 1336.67	Pricing Time = 1
i = 453	Master Time = 1	Lamb = 19861	Total time = 1138	Obj = 1336.67	Pricing Time = 2
i = 454	Master Time = 0	Lamb = 19868	Total time = 1141	Obj = 1336.67	Pricing Time = 3
i = 455	Master Time = 0	Lamb = 19873	Total time = 1144	Obj = 1336.67	Pricing Time = 2
i = 456	Master Time = 1	Lamb = 19880	Total time = 1147	Obj = 1336.67	Pricing Time = 2
i = 457	Master Time = 1	Lamb = 19882	Total time = 1150	Obj = 1336.67	Pricing Time = 2
i = 458	Master Time = 0	Lamb = 19884	Total time = 1152	Obj = 1336.67	Pricing Time = 2
i = 459	Master Time = 1	Lamb = 19887	Total time = 1154	Obj = 1336.67	Pricing Time = 2
i = 460	Master Time = 0	Lamb = 19893	Total time = 1157	Obj = 1336.67	Pricing Time = 3
i = 461	Master Time = 1	Lamb = 19895	Total time = 1160	Obj = 1336.67	Pricing Time = 2
i = 462	Master Time = 0	Lamb = 19904	Total time = 1163	Obj = 1336.67	Pricing Time = 3
i = 463	Master Time = 0	Lamb = 19907	Total time = 1166	Obj = 1336.67	Pricing Time = 2
i = 464	Master Time = 1	Lamb = 19909	Total time = 1169	Obj = 1336.67	Pricing Time = 2
i = 465	Master Time = 1	Lamb = 19912	Total time = 1171	Obj = 1336.67	Pricing Time = 2
i = 466	Master Time = 0	Lamb = 19915	Total time = 1174	Obj = 1336.67	Pricing Time = 3
i = 467	Master Time = 0	Lamb = 19918	Total time = 1177	Obj = 1336.67	Pricing Time = 2
i = 468	Master Time = 0	Lamb = 19919	Total time = 1179	Obj = 1336.67	Pricing Time = 2
--------------------------------------
n035w4_0_9-8-7-7
X fix to 1: 357
X fix to 0: 0
Fractional X remaining: 285 | min(0.1666666666666654, 0.8333333333333334)
--------------------------------------
i = 469	Master Time = 0	Lamb = 19919	Total time = 1181	Obj = 1336.67	Pricing Time = 3
--------------------------------------
n035w4_0_9-8-7-7
X fix to 1: 358
X fix to 0: 1
Fractional X remaining: 262 | min(0.33333333333333315, 0.666666666666667)
--------------------------------------
i = 470	Master Time = 0	Lamb = 19919	Total time = 1184	Obj = 1341.36	Pricing Time = 2
i = 471	Master Time = 1	Lamb = 19926	Total time = 1187	Obj = 1338.93	Pricing Time = 2
i = 472	Master Time = 0	Lamb = 19937	Total time = 1189	Obj = 1338.75	Pricing Time = 2
i = 473	Master Time = 1	Lamb = 19947	Total time = 1191	Obj = 1338.33	Pricing Time = 2
i = 474	Master Time = 0	Lamb = 19961	Total time = 1194	Obj = 1338.33	Pricing Time = 3
i = 475	Master Time = 0	Lamb = 19967	Total time = 1197	Obj = 1338.33	Pricing Time = 2
i = 476	Master Time = 0	Lamb = 19974	Total time = 1199	Obj = 1337.63	Pricing Time = 3
i = 477	Master Time = 0	Lamb = 19980	Total time = 1202	Obj = 1337.50	Pricing Time = 2
i = 478	Master Time = 1	Lamb = 19984	Total time = 1204	Obj = 1337.50	Pricing Time = 2
i = 479	Master Time = 0	Lamb = 19988	Total time = 1207	Obj = 1337.50	Pricing Time = 3
i = 480	Master Time = 0	Lamb = 19995	Total time = 1210	Obj = 1337.50	Pricing Time = 2
i = 481	Master Time = 1	Lamb = 20003	Total time = 1213	Obj = 1337.50	Pricing Time = 2
i = 482	Master Time = 1	Lamb = 20013	Total time = 1215	Obj = 1337.50	Pricing Time = 2
i = 483	Master Time = 0	Lamb = 20018	Total time = 1218	Obj = 1337.50	Pricing Time = 2
i = 484	Master Time = 1	Lamb = 20023	Total time = 1220	Obj = 1337.50	Pricing Time = 2
i = 485	Master Time = 0	Lamb = 20025	Total time = 1223	Obj = 1337.50	Pricing Time = 2
i = 486	Master Time = 1	Lamb = 20026	Total time = 1225	Obj = 1337.50	Pricing Time = 2
--------------------------------------
n035w4_0_9-8-7-7
X fix to 1: 375
X fix to 0: 1
Fractional X remaining: 284 | min(0.12499999999999767, 0.7500000000000009)
--------------------------------------
i = 487	Master Time = 0	Lamb = 20026	Total time = 1228	Obj = 1404.00	Pricing Time = 2
i = 488	Master Time = 1	Lamb = 20050	Total time = 1230	Obj = 1377.50	Pricing Time = 1
i = 489	Master Time = 1	Lamb = 20080	Total time = 1232	Obj = 1371.25	Pricing Time = 1
i = 490	Master Time = 1	Lamb = 20102	Total time = 1234	Obj = 1370.00	Pricing Time = 1
i = 491	Master Time = 1	Lamb = 20133	Total time = 1236	Obj = 1360.00	Pricing Time = 1
i = 492	Master Time = 1	Lamb = 20158	Total time = 1238	Obj = 1360.00	Pricing Time = 1
i = 493	Master Time = 1	Lamb = 20181	Total time = 1241	Obj = 1355.48	Pricing Time = 1
i = 494	Master Time = 1	Lamb = 20204	Total time = 1243	Obj = 1355.36	Pricing Time = 2
i = 495	Master Time = 0	Lamb = 20219	Total time = 1245	Obj = 1350.00	Pricing Time = 1
i = 496	Master Time = 1	Lamb = 20237	Total time = 1247	Obj = 1348.30	Pricing Time = 1
i = 497	Master Time = 1	Lamb = 20245	Total time = 1248	Obj = 1347.71	Pricing Time = 1
i = 498	Master Time = 0	Lamb = 20264	Total time = 1250	Obj = 1347.71	Pricing Time = 2
i = 499	Master Time = 1	Lamb = 20277	Total time = 1252	Obj = 1347.71	Pricing Time = 1
i = 500	Master Time = 1	Lamb = 20284	Total time = 1254	Obj = 1347.71	Pricing Time = 1
i = 501	Master Time = 0	Lamb = 20291	Total time = 1256	Obj = 1347.71	Pricing Time = 2
i = 502	Master Time = 0	Lamb = 20305	Total time = 1258	Obj = 1347.71	Pricing Time = 2
i = 503	Master Time = 1	Lamb = 20313	Total time = 1260	Obj = 1347.71	Pricing Time = 1
i = 504	Master Time = 0	Lamb = 20327	Total time = 1262	Obj = 1347.71	Pricing Time = 2
i = 505	Master Time = 0	Lamb = 20336	Total time = 1264	Obj = 1347.71	Pricing Time = 2
i = 506	Master Time = 1	Lamb = 20350	Total time = 1266	Obj = 1344.17	Pricing Time = 1
i = 507	Master Time = 0	Lamb = 20370	Total time = 1268	Obj = 1344.17	Pricing Time = 2
i = 508	Master Time = 1	Lamb = 20386	Total time = 1270	Obj = 1344.17	Pricing Time = 1
i = 509	Master Time = 1	Lamb = 20399	Total time = 1273	Obj = 1344.17	Pricing Time = 1
i = 510	Master Time = 0	Lamb = 20407	Total time = 1275	Obj = 1344.17	Pricing Time = 2
i = 511	Master Time = 0	Lamb = 20416	Total time = 1277	Obj = 1344.17	Pricing Time = 2
i = 512	Master Time = 1	Lamb = 20425	Total time = 1279	Obj = 1344.17	Pricing Time = 1
i = 513	Master Time = 0	Lamb = 20434	Total time = 1281	Obj = 1344.17	Pricing Time = 2
i = 514	Master Time = 1	Lamb = 20441	Total time = 1284	Obj = 1342.86	Pricing Time = 2
i = 515	Master Time = 0	Lamb = 20446	Total time = 1286	Obj = 1342.50	Pricing Time = 2
i = 516	Master Time = 1	Lamb = 20450	Total time = 1288	Obj = 1342.50	Pricing Time = 1
i = 517	Master Time = 1	Lamb = 20458	Total time = 1290	Obj = 1340.00	Pricing Time = 2
i = 518	Master Time = 0	Lamb = 20463	Total time = 1293	Obj = 1340.00	Pricing Time = 2
i = 519	Master Time = 1	Lamb = 20471	Total time = 1295	Obj = 1340.00	Pricing Time = 2
i = 520	Master Time = 0	Lamb = 20479	Total time = 1298	Obj = 1340.00	Pricing Time = 2
i = 521	Master Time = 0	Lamb = 20489	Total time = 1300	Obj = 1340.00	Pricing Time = 2
i = 522	Master Time = 1	Lamb = 20495	Total time = 1302	Obj = 1340.00	Pricing Time = 1
i = 523	Master Time = 1	Lamb = 20502	Total time = 1305	Obj = 1340.00	Pricing Time = 2
i = 524	Master Time = 0	Lamb = 20508	Total time = 1307	Obj = 1340.00	Pricing Time = 2
i = 525	Master Time = 0	Lamb = 20512	Total time = 1309	Obj = 1340.00	Pricing Time = 2
i = 526	Master Time = 0	Lamb = 20516	Total time = 1311	Obj = 1340.00	Pricing Time = 2
i = 527	Master Time = 0	Lamb = 20522	Total time = 1313	Obj = 1340.00	Pricing Time = 2
i = 528	Master Time = 0	Lamb = 20528	Total time = 1315	Obj = 1340.00	Pricing Time = 2
i = 529	Master Time = 1	Lamb = 20531	Total time = 1317	Obj = 1340.00	Pricing Time = 2
i = 530	Master Time = 0	Lamb = 20533	Total time = 1320	Obj = 1340.00	Pricing Time = 2
i = 531	Master Time = 0	Lamb = 20534	Total time = 1322	Obj = 1340.00	Pricing Time = 2
i = 532	Master Time = 0	Lamb = 20538	Total time = 1324	Obj = 1340.00	Pricing Time = 2
i = 533	Master Time = 1	Lamb = 20542	Total time = 1326	Obj = 1340.00	Pricing Time = 1
i = 534	Master Time = 1	Lamb = 20545	Total time = 1328	Obj = 1340.00	Pricing Time = 2
i = 535	Master Time = 0	Lamb = 20548	Total time = 1331	Obj = 1340.00	Pricing Time = 2
i = 536	Master Time = 1	Lamb = 20549	Total time = 1333	Obj = 1340.00	Pricing Time = 2
i = 537	Master Time = 0	Lamb = 20551	Total time = 1336	Obj = 1340.00	Pricing Time = 2
i = 538	Master Time = 0	Lamb = 20552	Total time = 1338	Obj = 1340.00	Pricing Time = 2
i = 539	Master Time = 0	Lamb = 20553	Total time = 1340	Obj = 1340.00	Pricing Time = 2
i = 540	Master Time = 0	Lamb = 20555	Total time = 1342	Obj = 1340.00	Pricing Time = 2
--------------------------------------
n035w4_0_9-8-7-7
X fix to 1: 376
X fix to 0: 2
Fractional X remaining: 198 | min(0.33333333333333326, 0.6666666666666667)
--------------------------------------
i = 541	Master Time = 1	Lamb = 20555	Total time = 1344	Obj = 1340.00	Pricing Time = 1
--------------------------------------
n035w4_0_9-8-7-7
X fix to 1: 377
X fix to 0: 3
Fractional X remaining: 186 | min(0.3333333333333329, 0.6666666666666671)
--------------------------------------
i = 542	Master Time = 1	Lamb = 20555	Total time = 1347	Obj = 1345.00	Pricing Time = 1
i = 543	Master Time = 1	Lamb = 20565	Total time = 1349	Obj = 1345.00	Pricing Time = 2
i = 544	Master Time = 0	Lamb = 20571	Total time = 1351	Obj = 1345.00	Pricing Time = 2
i = 545	Master Time = 0	Lamb = 20576	Total time = 1353	Obj = 1345.00	Pricing Time = 2
i = 546	Master Time = 0	Lamb = 20581	Total time = 1355	Obj = 1345.00	Pricing Time = 2
i = 547	Master Time = 0	Lamb = 20587	Total time = 1357	Obj = 1345.00	Pricing Time = 2
i = 548	Master Time = 0	Lamb = 20592	Total time = 1359	Obj = 1345.00	Pricing Time = 2
i = 549	Master Time = 0	Lamb = 20595	Total time = 1361	Obj = 1340.00	Pricing Time = 2
i = 550	Master Time = 0	Lamb = 20599	Total time = 1363	Obj = 1340.00	Pricing Time = 2
i = 551	Master Time = 1	Lamb = 20603	Total time = 1365	Obj = 1340.00	Pricing Time = 1
i = 552	Master Time = 1	Lamb = 20608	Total time = 1367	Obj = 1340.00	Pricing Time = 1
i = 553	Master Time = 1	Lamb = 20615	Total time = 1369	Obj = 1340.00	Pricing Time = 1
i = 554	Master Time = 1	Lamb = 20621	Total time = 1371	Obj = 1340.00	Pricing Time = 1
i = 555	Master Time = 1	Lamb = 20628	Total time = 1373	Obj = 1340.00	Pricing Time = 2
i = 556	Master Time = 0	Lamb = 20631	Total time = 1376	Obj = 1340.00	Pricing Time = 2
i = 557	Master Time = 0	Lamb = 20634	Total time = 1378	Obj = 1340.00	Pricing Time = 2
--------------------------------------
n035w4_0_9-8-7-7
X fix to 1: 378
X fix to 0: 4
Fractional X remaining: 170 | min(0.33333333333333326, 0.6666666666666667)
--------------------------------------
i = 558	Master Time = 0	Lamb = 20634	Total time = 1380	Obj = 1342.50	Pricing Time = 2
i = 559	Master Time = 1	Lamb = 20644	Total time = 1382	Obj = 1342.50	Pricing Time = 1
i = 560	Master Time = 1	Lamb = 20651	Total time = 1384	Obj = 1340.00	Pricing Time = 1
i = 561	Master Time = 1	Lamb = 20656	Total time = 1386	Obj = 1340.00	Pricing Time = 1
--------------------------------------
n035w4_0_9-8-7-7
X fix to 1: 379
X fix to 0: 5
Fractional X remaining: 174 | min(0.3333333333333326, 0.6666666666666674)
--------------------------------------
i = 562	Master Time = 1	Lamb = 20656	Total time = 1388	Obj = 1345.00	Pricing Time = 1
i = 563	Master Time = 1	Lamb = 20659	Total time = 1390	Obj = 1345.00	Pricing Time = 1
i = 564	Master Time = 1	Lamb = 20663	Total time = 1392	Obj = 1345.00	Pricing Time = 1
i = 565	Master Time = 1	Lamb = 20667	Total time = 1394	Obj = 1345.00	Pricing Time = 1
i = 566	Master Time = 0	Lamb = 20669	Total time = 1396	Obj = 1345.00	Pricing Time = 2
--------------------------------------
n035w4_0_9-8-7-7
X fix to 1: 380
X fix to 0: 5
Fractional X remaining: 118 | min(0.5, 0.5)
--------------------------------------
i = 567	Master Time = 0	Lamb = 20669	Total time = 1398	Obj = 1345.00	Pricing Time = 2
i = 568	Master Time = 0	Lamb = 20670	Total time = 1400	Obj = 1345.00	Pricing Time = 2
i = 569	Master Time = 0	Lamb = 20672	Total time = 1402	Obj = 1345.00	Pricing Time = 1
i = 570	Master Time = 1	Lamb = 20677	Total time = 1403	Obj = 1345.00	Pricing Time = 1
i = 571	Master Time = 1	Lamb = 20679	Total time = 1405	Obj = 1345.00	Pricing Time = 1
i = 572	Master Time = 1	Lamb = 20680	Total time = 1407	Obj = 1345.00	Pricing Time = 1
--------------------------------------
n035w4_0_9-8-7-7
X fix to 1: 381
X fix to 0: 6
Fractional X remaining: 118 | min(0.4999999999999982, 0.5000000000000018)
--------------------------------------
i = 573	Master Time = 0	Lamb = 20680	Total time = 1409	Obj = 1345.00	Pricing Time = 2
--------------------------------------
n035w4_0_9-8-7-7
X fix to 1: 391
X fix to 0: 6
Fractional X remaining: 123 | min(0.25, 0.75)
--------------------------------------
i = 574	Master Time = 0	Lamb = 20680	Total time = 1411	Obj = 1345.00	Pricing Time = 2
--------------------------------------
n035w4_0_9-8-7-7
X fix to 1: 392
X fix to 0: 6
Fractional X remaining: 40 | min(0.5, 0.5)
--------------------------------------
i = 575	Master Time = 1	Lamb = 20680	Total time = 1414	Obj = 1366.25	Pricing Time = 0
i = 576	Master Time = 1	Lamb = 20734	Total time = 1415	Obj = 1363.33	Pricing Time = 0
i = 577	Master Time = 1	Lamb = 20810	Total time = 1416	Obj = 1363.33	Pricing Time = 1
i = 578	Master Time = 1	Lamb = 20842	Total time = 1417	Obj = 1355.00	Pricing Time = 0
i = 579	Master Time = 0	Lamb = 20862	Total time = 1418	Obj = 1355.00	Pricing Time = 0
i = 580	Master Time = 1	Lamb = 20898	Total time = 1419	Obj = 1355.00	Pricing Time = 1
i = 581	Master Time = 1	Lamb = 20918	Total time = 1420	Obj = 1354.00	Pricing Time = 1
i = 582	Master Time = 0	Lamb = 20937	Total time = 1422	Obj = 1353.57	Pricing Time = 1
i = 583	Master Time = 1	Lamb = 20954	Total time = 1424	Obj = 1351.00	Pricing Time = 1
i = 584	Master Time = 1	Lamb = 20968	Total time = 1425	Obj = 1345.00	Pricing Time = 1
i = 585	Master Time = 0	Lamb = 20981	Total time = 1427	Obj = 1345.00	Pricing Time = 2
i = 586	Master Time = 0	Lamb = 20998	Total time = 1429	Obj = 1345.00	Pricing Time = 1
i = 587	Master Time = 1	Lamb = 21012	Total time = 1430	Obj = 1345.00	Pricing Time = 1
i = 588	Master Time = 1	Lamb = 21027	Total time = 1432	Obj = 1345.00	Pricing Time = 1
i = 589	Master Time = 1	Lamb = 21036	Total time = 1434	Obj = 1345.00	Pricing Time = 1
i = 590	Master Time = 1	Lamb = 21045	Total time = 1436	Obj = 1345.00	Pricing Time = 1
i = 591	Master Time = 0	Lamb = 21052	Total time = 1438	Obj = 1345.00	Pricing Time = 2
i = 592	Master Time = 0	Lamb = 21057	Total time = 1440	Obj = 1345.00	Pricing Time = 1
i = 593	Master Time = 1	Lamb = 21061	Total time = 1441	Obj = 1345.00	Pricing Time = 1
i = 594	Master Time = 1	Lamb = 21069	Total time = 1444	Obj = 1345.00	Pricing Time = 1
i = 595	Master Time = 1	Lamb = 21077	Total time = 1446	Obj = 1345.00	Pricing Time = 1
i = 596	Master Time = 1	Lamb = 21088	Total time = 1448	Obj = 1345.00	Pricing Time = 2
i = 597	Master Time = 1	Lamb = 21097	Total time = 1450	Obj = 1345.00	Pricing Time = 1
i = 598	Master Time = 1	Lamb = 21105	Total time = 1452	Obj = 1345.00	Pricing Time = 1
i = 599	Master Time = 1	Lamb = 21114	Total time = 1454	Obj = 1345.00	Pricing Time = 1
i = 600	Master Time = 1	Lamb = 21130	Total time = 1456	Obj = 1345.00	Pricing Time = 1
i = 601	Master Time = 1	Lamb = 21135	Total time = 1458	Obj = 1345.00	Pricing Time = 1
i = 602	Master Time = 0	Lamb = 21139	Total time = 1460	Obj = 1345.00	Pricing Time = 2
i = 603	Master Time = 1	Lamb = 21143	Total time = 1462	Obj = 1345.00	Pricing Time = 1
i = 604	Master Time = 0	Lamb = 21146	Total time = 1464	Obj = 1345.00	Pricing Time = 2
i = 605	Master Time = 0	Lamb = 21147	Total time = 1466	Obj = 1345.00	Pricing Time = 2
--------------------------------------
n035w4_0_9-8-7-7
X fix to 1: 393
X fix to 0: 7
Fractional X remaining: 34 | min(0.4999999999999938, 0.5000000000000062)
--------------------------------------
i = 606	Master Time = 1	Lamb = 21147	Total time = 1469	Obj = 1365.00	Pricing Time = 0
i = 607	Master Time = 1	Lamb = 21172	Total time = 1470	Obj = 1365.00	Pricing Time = 1
i = 608	Master Time = 1	Lamb = 21197	Total time = 1472	Obj = 1345.00	Pricing Time = 1
i = 609	Master Time = 1	Lamb = 21215	Total time = 1473	Obj = 1340.00	Pricing Time = 1
i = 610	Master Time = 1	Lamb = 21237	Total time = 1475	Obj = 1340.00	Pricing Time = 0
i = 611	Master Time = 1	Lamb = 21270	Total time = 1476	Obj = 1340.00	Pricing Time = 1
i = 612	Master Time = 0	Lamb = 21283	Total time = 1478	Obj = 1340.00	Pricing Time = 1
i = 613	Master Time = 1	Lamb = 21300	Total time = 1480	Obj = 1340.00	Pricing Time = 1
i = 614	Master Time = 1	Lamb = 21305	Total time = 1481	Obj = 1340.00	Pricing Time = 1
i = 615	Master Time = 0	Lamb = 21308	Total time = 1483	Obj = 1340.00	Pricing Time = 2
i = 616	Master Time = 0	Lamb = 21311	Total time = 1485	Obj = 1340.00	Pricing Time = 2
i = 617	Master Time = 0	Lamb = 21315	Total time = 1487	Obj = 1340.00	Pricing Time = 1
i = 618	Master Time = 1	Lamb = 21318	Total time = 1489	Obj = 1340.00	Pricing Time = 1
i = 619	Master Time = 1	Lamb = 21322	Total time = 1490	Obj = 1340.00	Pricing Time = 1
i = 620	Master Time = 0	Lamb = 21326	Total time = 1492	Obj = 1340.00	Pricing Time = 2
i = 621	Master Time = 1	Lamb = 21334	Total time = 1495	Obj = 1340.00	Pricing Time = 1
i = 622	Master Time = 0	Lamb = 21339	Total time = 1496	Obj = 1340.00	Pricing Time = 2
i = 623	Master Time = 0	Lamb = 21345	Total time = 1498	Obj = 1340.00	Pricing Time = 1
i = 624	Master Time = 0	Lamb = 21353	Total time = 1499	Obj = 1340.00	Pricing Time = 2
i = 625	Master Time = 0	Lamb = 21356	Total time = 1501	Obj = 1340.00	Pricing Time = 1
--------------------------------------
n035w4_0_9-8-7-7
X fix to 1: 394
X fix to 0: 8
Fractional X remaining: 74 | min(0.3333333333333327, 0.6666666666666669)
--------------------------------------
i = 626	Master Time = 0	Lamb = 21356	Total time = 1502	Obj = 1345.00	Pricing Time = 2
i = 627	Master Time = 0	Lamb = 21362	Total time = 1504	Obj = 1345.00	Pricing Time = 1
i = 628	Master Time = 1	Lamb = 21372	Total time = 1505	Obj = 1345.00	Pricing Time = 1
i = 629	Master Time = 1	Lamb = 21381	Total time = 1507	Obj = 1345.00	Pricing Time = 1
i = 630	Master Time = 0	Lamb = 21386	Total time = 1509	Obj = 1345.00	Pricing Time = 1
i = 631	Master Time = 1	Lamb = 21389	Total time = 1510	Obj = 1345.00	Pricing Time = 1
i = 632	Master Time = 0	Lamb = 21393	Total time = 1512	Obj = 1345.00	Pricing Time = 2
i = 633	Master Time = 0	Lamb = 21395	Total time = 1514	Obj = 1345.00	Pricing Time = 2
i = 634	Master Time = 0	Lamb = 21398	Total time = 1516	Obj = 1345.00	Pricing Time = 1
i = 635	Master Time = 1	Lamb = 21403	Total time = 1518	Obj = 1345.00	Pricing Time = 1
i = 636	Master Time = 1	Lamb = 21411	Total time = 1519	Obj = 1345.00	Pricing Time = 1
i = 637	Master Time = 0	Lamb = 21413	Total time = 1521	Obj = 1345.00	Pricing Time = 2
i = 638	Master Time = 0	Lamb = 21416	Total time = 1523	Obj = 1345.00	Pricing Time = 2
i = 639	Master Time = 0	Lamb = 21420	Total time = 1525	Obj = 1345.00	Pricing Time = 2
i = 640	Master Time = 0	Lamb = 21423	Total time = 1527	Obj = 1345.00	Pricing Time = 1
i = 641	Master Time = 1	Lamb = 21426	Total time = 1529	Obj = 1345.00	Pricing Time = 1
i = 642	Master Time = 1	Lamb = 21434	Total time = 1530	Obj = 1345.00	Pricing Time = 1
i = 643	Master Time = 0	Lamb = 21444	Total time = 1532	Obj = 1345.00	Pricing Time = 2
i = 644	Master Time = 0	Lamb = 21449	Total time = 1534	Obj = 1345.00	Pricing Time = 3
i = 645	Master Time = 0	Lamb = 21450	Total time = 1537	Obj = 1345.00	Pricing Time = 1
i = 646	Master Time = 1	Lamb = 21454	Total time = 1538	Obj = 1345.00	Pricing Time = 1
i = 647	Master Time = 0	Lamb = 21456	Total time = 1540	Obj = 1345.00	Pricing Time = 2
i = 648	Master Time = 0	Lamb = 21459	Total time = 1542	Obj = 1345.00	Pricing Time = 1
i = 649	Master Time = 1	Lamb = 21464	Total time = 1543	Obj = 1345.00	Pricing Time = 1
i = 650	Master Time = 1	Lamb = 21467	Total time = 1545	Obj = 1345.00	Pricing Time = 1
i = 651	Master Time = 1	Lamb = 21468	Total time = 1547	Obj = 1345.00	Pricing Time = 1
i = 652	Master Time = 0	Lamb = 21470	Total time = 1549	Obj = 1345.00	Pricing Time = 2

n035w4_0_9-8-7-7
Integer solution found

Printing SHIFT allocations
HN_0   |-|L|L|L|L|-|-| |-|-|L|L|L|-|-| |-|-|L|L|L|-|-| |-|-|-|L|L|L|N|
HN_1   |L|L|-|-|-|-|-| |E|E|E|E|E|-|-| |-|-|-|D|D|E|E| |E|-|-|-|D|D|E|
HN_2   |E|-|-|N|N|N|N| |-|-|-|-|D|D|D| |D|D|-|-|-|-|-| |D|D|L|L|L|-|-|
HN_3   |N|N|N|N|N|-|-| |-|-|-|E|E|E|E| |E|-|-|-|N|N|N| |N|N|-|-|-|-|-|
HN_4   |D|D|D|D|-|-|-| |N|N|N|-|-|-|-| |N|N|N|N|N|-|-| |-|-|-|E|E|E|D|
HN_5   |N|-|-|-|-|E|E| |D|D|-|-|-|-|-| |E|E|E|E|-|-|-| |-|N|N|N|N|-|-|
NU_6   |D|D|-|-|-|-|-| |N|N|N|N|N|-|-| |-|-|-|D|D|L|L| |-|-|-|D|D|E|E|
NU_7   |-|N|N|N|N|-|-| |-|-|E|E|E|-|-| |-|-|-|N|N|N|N| |-|-|-|E|E|L|L|
NU_8   |-|-|D|D|D|-|-| |N|N|N|N|N|-|-| |D|D|D|-|-|D|D| |D|D|-|-|N|N|N|
NU_9   |N|N|-|-|L|L|L| |L|L|-|-|N|N|N| |N|-|-|E|E|E|E| |E|-|-|D|D|D|L|
NU_10  |-|-|-|D|D|D|L| |L|-|-|-|L|L|N| |N|N|-|-|-|-|-| |N|N|N|N|N|-|-|
NU_11  |-|-|E|E|E|-|-| |-|D|D|D|-|-|-| |-|E|E|E|-|-|-| |E|E|E|-|-|-|-|
NU_12  |-|-|L|L|L|-|-| |-|-|L|L|L|-|-| |-|L|L|L|-|-|-| |L|L|L|-|-|-|-|
NU_13  |-|-|E|E|E|-|-| |-|E|E|E|-|-|-| |-|-|E|E|E|-|-| |-|-|-|E|E|E|D|
NU_14  |E|E|D|D|-|-|-| |L|L|L|-|-|-|-| |-|N|N|N|N|-|-| |-|L|L|L|-|-|-|
NU_15  |-|-|-|E|E|E|D| |D|-|-|-|L|L|L| |L|L|-|-|-|-|-| |D|D|D|L|L|-|-|
NU_16  |E|E|D|D|-|-|-| |E|E|E|-|-|D|D| |L|L|-|-|L|L|L| |L|L|-|-|-|-|-|
CT_17  |E|E|-|-|D|D|E| |E|E|-|-|E|E|E| |D|D|-|-|E|E|N| |N|N|-|-|N|N|N|
CT_18  |L|L|L|L|L|-|-| |N|N|N|N|N|-|-| |D|D|D|-|-|D|D| |D|D|-|-|L|L|L|
CT_19  |L|L|L|-|-|-|-| |L|L|L|-|-|-|-| |-|D|D|D|D|-|-| |-|D|D|D|-|-|-|
CT_20  |L|-|-|D|D|E|E| |-|-|D|D|D|-|-| |L|L|L|L|L|-|-| |E|E|D|D|D|-|-|
CT_21  |D|D|E|E|E|-|-| |-|-|-|E|E|E|E| |E|-|-|-|L|L|L| |L|L|-|-|-|-|-|
CT_22  |-|L|L|L|-|-|-| |D|D|D|-|-|-|-| |-|D|D|D|-|-|-| |L|L|L|-|-|-|-|
CT_23  |D|-|-|-|-|D|D| |D|D|-|-|-|-|-| |L|L|L|L|-|-|-| |-|-|L|L|L|-|-|
CT_24  |-|-|-|-|N|N|N| |N|N|-|-|-|-|-| |N|N|N|N|N|-|-| |-|-|N|N|N|N|N|
CT_25  |N|N|-|-|L|L|L| |-|-|L|L|L|-|-| |E|E|L|L|L|-|-| |N|N|N|N|N|-|-|
CT_26  |E|E|E|-|-|-|-| |E|E|E|-|-|-|-| |-|E|E|E|-|-|-| |-|E|E|E|-|-|-|
CT_27  |-|N|N|N|N|-|-| |-|-|D|D|D|-|-| |-|N|N|N|N|-|-| |-|E|E|E|-|-|-|
CT_28  |-|-|L|L|L|-|-| |-|D|D|D|-|-|-| |-|-|D|D|D|-|-| |-|D|D|D|-|-|-|
TR_29  |D|D|L|L|-|-|-| |E|E|L|L|-|-|-| |-|-|L|L|L|-|-| |-|-|-|D|D|E|E|
TR_30  |L|-|-|L|L|L|L| |-|-|E|E|E|-|-| |N|N|N|N|N|-|-| |D|D|D|L|L|-|-|
TR_31  |-|-|D|D|D|D|D| |-|-|-|D|D|D|L| |L|-|-|-|-|N|N| |N|N|N|-|-|-|-|
TR_32  |-|-|N|N|N|N|N| |-|-|N|N|N|N|N| |-|-|D|D|D|-|-| |E|E|E|L|L|-|-|
TR_33  |-|-|E|E|E|-|-| |D|D|D|-|-|-|-| |E|E|E|-|-|E|E| |L|-|-|N|N|N|N|
TR_34  |N|N|N|-|-|E|E| |L|L|-|-|E|E|D| |D|D|-|-|-|-|-| |L|L|L|-|-|-|-|
Total assignment constraints: 640
Consecutive constraints: 135
Non working days constraints: 0
Preferences: 120
Max working weekend: 150
Complete weekends: 0
Optimal coverage constraints: 300
TOTAL = 1345
