Creating directory: out/n035w4_2_8-8-7-5

-----------------------------------------------------------
Instance	n035w4_2_8-8-7-5
algorithm	=	vns
maxIter	=	10
eliteSet	=	10
shakePerc	=	0.9
bestKnow	=	1255.0
minColsIter	=	0.35
minRoundDown	=	-1.0
minRoundUp	=	0.67
seed	=	0
onlyRelax	=	false
nThreads	=	20
alpha	=	0.6
timeOut	=	14600
-----------------------------------------------------------
Parallels mode has been selected.
i = 0	Master Time = 0	Lamb = 0	Total time = 2	Obj = 199480.00	Pricing Time = 1
i = 1	Master Time = 0	Lamb = 228	Total time = 3	Obj = 61079.58	Pricing Time = 0
i = 2	Master Time = 0	Lamb = 414	Total time = 3	Obj = 28725.25	Pricing Time = 0
i = 3	Master Time = 1	Lamb = 627	Total time = 4	Obj = 23768.98	Pricing Time = 0
i = 4	Master Time = 1	Lamb = 845	Total time = 4	Obj = 18878.83	Pricing Time = 0
i = 5	Master Time = 0	Lamb = 1063	Total time = 5	Obj = 14664.06	Pricing Time = 0
i = 6	Master Time = 0	Lamb = 1284	Total time = 5	Obj = 10742.25	Pricing Time = 1
i = 7	Master Time = 1	Lamb = 1482	Total time = 6	Obj = 7692.16	Pricing Time = 0
i = 8	Master Time = 1	Lamb = 1683	Total time = 7	Obj = 6754.85	Pricing Time = 0
i = 9	Master Time = 0	Lamb = 1907	Total time = 8	Obj = 5966.01	Pricing Time = 1
i = 10	Master Time = 1	Lamb = 2113	Total time = 9	Obj = 5137.47	Pricing Time = 0
i = 11	Master Time = 0	Lamb = 2304	Total time = 10	Obj = 4421.66	Pricing Time = 1
i = 12	Master Time = 0	Lamb = 2502	Total time = 11	Obj = 3984.76	Pricing Time = 0
i = 13	Master Time = 1	Lamb = 2683	Total time = 12	Obj = 3466.01	Pricing Time = 0
i = 14	Master Time = 1	Lamb = 2879	Total time = 13	Obj = 3051.89	Pricing Time = 0
i = 15	Master Time = 1	Lamb = 3080	Total time = 14	Obj = 2772.11	Pricing Time = 0
i = 16	Master Time = 1	Lamb = 3261	Total time = 15	Obj = 2584.89	Pricing Time = 1
i = 17	Master Time = 1	Lamb = 3423	Total time = 17	Obj = 2414.49	Pricing Time = 0
i = 18	Master Time = 1	Lamb = 3568	Total time = 18	Obj = 2295.08	Pricing Time = 0
i = 19	Master Time = 2	Lamb = 3729	Total time = 19	Obj = 2150.57	Pricing Time = 0
i = 20	Master Time = 1	Lamb = 3879	Total time = 21	Obj = 2050.86	Pricing Time = 0
i = 21	Master Time = 1	Lamb = 4019	Total time = 22	Obj = 1976.07	Pricing Time = 1
i = 22	Master Time = 1	Lamb = 4173	Total time = 23	Obj = 1890.06	Pricing Time = 0
i = 23	Master Time = 0	Lamb = 4305	Total time = 24	Obj = 1827.35	Pricing Time = 1
i = 24	Master Time = 0	Lamb = 4452	Total time = 25	Obj = 1774.28	Pricing Time = 0
i = 25	Master Time = 1	Lamb = 4588	Total time = 26	Obj = 1738.63	Pricing Time = 0
i = 26	Master Time = 0	Lamb = 4716	Total time = 26	Obj = 1698.83	Pricing Time = 1
i = 27	Master Time = 0	Lamb = 4831	Total time = 27	Obj = 1664.47	Pricing Time = 0
i = 28	Master Time = 1	Lamb = 4960	Total time = 28	Obj = 1632.19	Pricing Time = 0
i = 29	Master Time = 1	Lamb = 5063	Total time = 28	Obj = 1607.70	Pricing Time = 0
i = 30	Master Time = 0	Lamb = 5182	Total time = 29	Obj = 1578.47	Pricing Time = 0
i = 31	Master Time = 1	Lamb = 5288	Total time = 30	Obj = 1563.72	Pricing Time = 0
i = 32	Master Time = 1	Lamb = 5388	Total time = 31	Obj = 1541.82	Pricing Time = 0
i = 33	Master Time = 1	Lamb = 5501	Total time = 32	Obj = 1529.33	Pricing Time = 0
i = 34	Master Time = 1	Lamb = 5579	Total time = 33	Obj = 1520.08	Pricing Time = 0
i = 35	Master Time = 1	Lamb = 5658	Total time = 33	Obj = 1508.00	Pricing Time = 0
i = 36	Master Time = 1	Lamb = 5739	Total time = 34	Obj = 1497.92	Pricing Time = 0
i = 37	Master Time = 0	Lamb = 5819	Total time = 35	Obj = 1488.83	Pricing Time = 0
i = 38	Master Time = 1	Lamb = 5897	Total time = 35	Obj = 1478.84	Pricing Time = 0
i = 39	Master Time = 0	Lamb = 5971	Total time = 36	Obj = 1467.12	Pricing Time = 1
i = 40	Master Time = 0	Lamb = 6035	Total time = 37	Obj = 1461.81	Pricing Time = 0
i = 41	Master Time = 0	Lamb = 6097	Total time = 37	Obj = 1447.54	Pricing Time = 1
i = 42	Master Time = 0	Lamb = 6143	Total time = 38	Obj = 1440.60	Pricing Time = 0
i = 43	Master Time = 1	Lamb = 6219	Total time = 39	Obj = 1430.67	Pricing Time = 0
i = 44	Master Time = 0	Lamb = 6285	Total time = 39	Obj = 1424.72	Pricing Time = 1
i = 45	Master Time = 0	Lamb = 6334	Total time = 40	Obj = 1418.51	Pricing Time = 0
i = 46	Master Time = 1	Lamb = 6396	Total time = 40	Obj = 1414.46	Pricing Time = 0
i = 47	Master Time = 1	Lamb = 6446	Total time = 41	Obj = 1409.29	Pricing Time = 0
i = 48	Master Time = 0	Lamb = 6490	Total time = 42	Obj = 1405.09	Pricing Time = 0
i = 49	Master Time = 1	Lamb = 6531	Total time = 43	Obj = 1402.78	Pricing Time = 0
i = 50	Master Time = 1	Lamb = 6570	Total time = 44	Obj = 1400.31	Pricing Time = 0
i = 51	Master Time = 1	Lamb = 6612	Total time = 44	Obj = 1397.50	Pricing Time = 0
i = 52	Master Time = 1	Lamb = 6646	Total time = 45	Obj = 1393.64	Pricing Time = 0
i = 53	Master Time = 0	Lamb = 6676	Total time = 46	Obj = 1389.94	Pricing Time = 1
i = 54	Master Time = 0	Lamb = 6720	Total time = 47	Obj = 1388.57	Pricing Time = 1
i = 55	Master Time = 0	Lamb = 6753	Total time = 48	Obj = 1383.91	Pricing Time = 0
i = 56	Master Time = 1	Lamb = 6782	Total time = 49	Obj = 1382.92	Pricing Time = 0
i = 57	Master Time = 0	Lamb = 6807	Total time = 49	Obj = 1382.23	Pricing Time = 1
i = 58	Master Time = 1	Lamb = 6833	Total time = 51	Obj = 1379.11	Pricing Time = 0
i = 59	Master Time = 1	Lamb = 6857	Total time = 52	Obj = 1377.15	Pricing Time = 0
i = 60	Master Time = 1	Lamb = 6893	Total time = 53	Obj = 1372.40	Pricing Time = 0
i = 61	Master Time = 1	Lamb = 6913	Total time = 54	Obj = 1370.66	Pricing Time = 0
i = 62	Master Time = 1	Lamb = 6938	Total time = 55	Obj = 1368.89	Pricing Time = 0
i = 63	Master Time = 1	Lamb = 6965	Total time = 56	Obj = 1367.60	Pricing Time = 0
i = 64	Master Time = 1	Lamb = 6993	Total time = 57	Obj = 1365.36	Pricing Time = 0
i = 65	Master Time = 1	Lamb = 7019	Total time = 57	Obj = 1362.70	Pricing Time = 0
i = 66	Master Time = 0	Lamb = 7046	Total time = 58	Obj = 1360.66	Pricing Time = 1
i = 67	Master Time = 1	Lamb = 7078	Total time = 59	Obj = 1359.35	Pricing Time = 0
i = 68	Master Time = 0	Lamb = 7105	Total time = 60	Obj = 1358.59	Pricing Time = 0
i = 69	Master Time = 1	Lamb = 7130	Total time = 60	Obj = 1357.95	Pricing Time = 0
i = 70	Master Time = 1	Lamb = 7156	Total time = 62	Obj = 1357.01	Pricing Time = 9
i = 71	Master Time = 1	Lamb = 7221	Total time = 72	Obj = 1316.53	Pricing Time = 0
i = 72	Master Time = 1	Lamb = 7325	Total time = 73	Obj = 1313.99	Pricing Time = 0
i = 73	Master Time = 1	Lamb = 7382	Total time = 74	Obj = 1311.44	Pricing Time = 0
i = 74	Master Time = 1	Lamb = 7431	Total time = 75	Obj = 1310.33	Pricing Time = 0
i = 75	Master Time = 1	Lamb = 7466	Total time = 76	Obj = 1309.40	Pricing Time = 0
i = 76	Master Time = 1	Lamb = 7502	Total time = 77	Obj = 1307.49	Pricing Time = 0
i = 77	Master Time = 1	Lamb = 7535	Total time = 77	Obj = 1306.23	Pricing Time = 0
i = 78	Master Time = 1	Lamb = 7560	Total time = 78	Obj = 1304.85	Pricing Time = 0
i = 79	Master Time = 0	Lamb = 7586	Total time = 79	Obj = 1303.56	Pricing Time = 0
i = 80	Master Time = 1	Lamb = 7624	Total time = 80	Obj = 1301.85	Pricing Time = 0
i = 81	Master Time = 1	Lamb = 7663	Total time = 81	Obj = 1300.54	Pricing Time = 0
i = 82	Master Time = 1	Lamb = 7681	Total time = 81	Obj = 1300.45	Pricing Time = 0
i = 83	Master Time = 1	Lamb = 7706	Total time = 83	Obj = 1295.92	Pricing Time = 0
i = 84	Master Time = 1	Lamb = 7738	Total time = 84	Obj = 1292.56	Pricing Time = 0
i = 85	Master Time = 1	Lamb = 7777	Total time = 85	Obj = 1291.36	Pricing Time = 0
i = 86	Master Time = 1	Lamb = 7809	Total time = 86	Obj = 1289.98	Pricing Time = 0
i = 87	Master Time = 1	Lamb = 7851	Total time = 87	Obj = 1284.71	Pricing Time = 0
i = 88	Master Time = 1	Lamb = 7887	Total time = 87	Obj = 1284.04	Pricing Time = 0
i = 89	Master Time = 0	Lamb = 7908	Total time = 88	Obj = 1283.71	Pricing Time = 1
i = 90	Master Time = 0	Lamb = 7934	Total time = 89	Obj = 1282.40	Pricing Time = 9
i = 91	Master Time = 1	Lamb = 7994	Total time = 99	Obj = 1250.28	Pricing Time = 0
i = 92	Master Time = 1	Lamb = 8039	Total time = 100	Obj = 1245.19	Pricing Time = 0
i = 93	Master Time = 1	Lamb = 8072	Total time = 101	Obj = 1241.93	Pricing Time = 0
i = 94	Master Time = 0	Lamb = 8112	Total time = 102	Obj = 1240.19	Pricing Time = 1
i = 95	Master Time = 1	Lamb = 8146	Total time = 103	Obj = 1237.85	Pricing Time = 0
i = 96	Master Time = 0	Lamb = 8183	Total time = 104	Obj = 1237.05	Pricing Time = 1
i = 97	Master Time = 1	Lamb = 8215	Total time = 105	Obj = 1231.44	Pricing Time = 0
i = 98	Master Time = 0	Lamb = 8251	Total time = 106	Obj = 1229.82	Pricing Time = 0
i = 99	Master Time = 1	Lamb = 8278	Total time = 107	Obj = 1229.04	Pricing Time = 0
i = 100	Master Time = 1	Lamb = 8317	Total time = 108	Obj = 1228.48	Pricing Time = 0
i = 101	Master Time = 1	Lamb = 8347	Total time = 109	Obj = 1227.59	Pricing Time = 0
i = 102	Master Time = 0	Lamb = 8376	Total time = 109	Obj = 1227.29	Pricing Time = 1
i = 103	Master Time = 0	Lamb = 8400	Total time = 110	Obj = 1225.67	Pricing Time = 1
i = 104	Master Time = 1	Lamb = 8423	Total time = 111	Obj = 1224.79	Pricing Time = 0
i = 105	Master Time = 0	Lamb = 8446	Total time = 112	Obj = 1224.60	Pricing Time = 0
i = 106	Master Time = 1	Lamb = 8474	Total time = 113	Obj = 1224.39	Pricing Time = 11
i = 107	Master Time = 2	Lamb = 8538	Total time = 126	Obj = 1194.23	Pricing Time = 0
i = 108	Master Time = 1	Lamb = 8579	Total time = 127	Obj = 1189.83	Pricing Time = 0
i = 109	Master Time = 1	Lamb = 8611	Total time = 128	Obj = 1187.51	Pricing Time = 0
i = 110	Master Time = 1	Lamb = 8648	Total time = 129	Obj = 1185.79	Pricing Time = 0
i = 111	Master Time = 1	Lamb = 8675	Total time = 130	Obj = 1185.19	Pricing Time = 0
i = 112	Master Time = 1	Lamb = 8703	Total time = 130	Obj = 1180.50	Pricing Time = 0
i = 113	Master Time = 1	Lamb = 8733	Total time = 131	Obj = 1179.47	Pricing Time = 12
i = 114	Master Time = 1	Lamb = 8811	Total time = 145	Obj = 1168.18	Pricing Time = 0
i = 115	Master Time = 1	Lamb = 8877	Total time = 146	Obj = 1166.81	Pricing Time = 0
i = 116	Master Time = 1	Lamb = 8929	Total time = 147	Obj = 1165.38	Pricing Time = 0
i = 117	Master Time = 1	Lamb = 8959	Total time = 148	Obj = 1164.41	Pricing Time = 0
i = 118	Master Time = 1	Lamb = 8986	Total time = 149	Obj = 1164.07	Pricing Time = 0
i = 119	Master Time = 1	Lamb = 9021	Total time = 150	Obj = 1163.06	Pricing Time = 0
i = 120	Master Time = 1	Lamb = 9054	Total time = 150	Obj = 1162.89	Pricing Time = 0
i = 121	Master Time = 1	Lamb = 9081	Total time = 151	Obj = 1162.72	Pricing Time = 0
i = 122	Master Time = 1	Lamb = 9114	Total time = 152	Obj = 1161.95	Pricing Time = 0
i = 123	Master Time = 0	Lamb = 9130	Total time = 153	Obj = 1161.58	Pricing Time = 1
i = 124	Master Time = 0	Lamb = 9150	Total time = 154	Obj = 1161.46	Pricing Time = 1
i = 125	Master Time = 0	Lamb = 9169	Total time = 155	Obj = 1159.49	Pricing Time = 1
i = 126	Master Time = 0	Lamb = 9195	Total time = 156	Obj = 1158.99	Pricing Time = 1
i = 127	Master Time = 0	Lamb = 9219	Total time = 157	Obj = 1158.06	Pricing Time = 0
i = 128	Master Time = 1	Lamb = 9238	Total time = 158	Obj = 1158.00	Pricing Time = 0
i = 129	Master Time = 1	Lamb = 9261	Total time = 158	Obj = 1157.65	Pricing Time = 19
i = 130	Master Time = 1	Lamb = 9330	Total time = 179	Obj = 1149.40	Pricing Time = 1
i = 131	Master Time = 0	Lamb = 9363	Total time = 180	Obj = 1148.76	Pricing Time = 1
i = 132	Master Time = 1	Lamb = 9399	Total time = 182	Obj = 1147.31	Pricing Time = 0
i = 133	Master Time = 0	Lamb = 9424	Total time = 182	Obj = 1146.97	Pricing Time = 8
i = 134	Master Time = 2	Lamb = 9487	Total time = 191	Obj = 1136.01	Pricing Time = 0
i = 135	Master Time = 1	Lamb = 9506	Total time = 192	Obj = 1135.47	Pricing Time = 0
i = 136	Master Time = 1	Lamb = 9526	Total time = 193	Obj = 1134.75	Pricing Time = 8
i = 137	Master Time = 2	Lamb = 9592	Total time = 204	Obj = 1128.00	Pricing Time = 7
i = 138	Master Time = 1	Lamb = 9664	Total time = 212	Obj = 1121.90	Pricing Time = 0
i = 139	Master Time = 1	Lamb = 9690	Total time = 212	Obj = 1121.49	Pricing Time = 7
i = 140	Master Time = 1	Lamb = 9758	Total time = 221	Obj = 1118.21	Pricing Time = 1
i = 141	Master Time = 1	Lamb = 9782	Total time = 222	Obj = 1117.69	Pricing Time = 8
i = 142	Master Time = 1	Lamb = 9847	Total time = 232	Obj = 1114.99	Pricing Time = 14
i = 143	Master Time = 1	Lamb = 9913	Total time = 247	Obj = 1113.42	Pricing Time = 8
i = 144	Master Time = 1	Lamb = 9982	Total time = 256	Obj = 1111.18	Pricing Time = 17
i = 145	Master Time = 2	Lamb = 10045	Total time = 274	Obj = 1110.01	Pricing Time = 0
i = 146	Master Time = 1	Lamb = 10067	Total time = 275	Obj = 1109.81	Pricing Time = 15
i = 147	Master Time = 1	Lamb = 10140	Total time = 292	Obj = 1106.19	Pricing Time = 8
i = 148	Master Time = 1	Lamb = 10200	Total time = 301	Obj = 1104.88	Pricing Time = 8
i = 149	Master Time = 1	Lamb = 10259	Total time = 310	Obj = 1104.42	Pricing Time = 1
i = 150	Master Time = 0	Lamb = 10278	Total time = 311	Obj = 1104.40	Pricing Time = 7
i = 151	Master Time = 1	Lamb = 10354	Total time = 319	Obj = 1103.28	Pricing Time = 12
i = 152	Master Time = 0	Lamb = 10407	Total time = 331	Obj = 1102.32	Pricing Time = 21
i = 153	Master Time = 1	Lamb = 10421	Total time = 352	Obj = 1102.02	Pricing Time = 14
i = 154	Master Time = 0	Lamb = 10433	Total time = 367	Obj = 1101.27	Pricing Time = 20
i = 155	Master Time = 1	Lamb = 10444	Total time = 387	Obj = 1097.57	Pricing Time = 14
i = 156	Master Time = 0	Lamb = 10455	Total time = 402	Obj = 1093.65	Pricing Time = 12
i = 157	Master Time = 1	Lamb = 10464	Total time = 414	Obj = 1092.78	Pricing Time = 14
i = 158	Master Time = 1	Lamb = 10479	Total time = 430	Obj = 1090.59	Pricing Time = 12
i = 159	Master Time = 1	Lamb = 10493	Total time = 442	Obj = 1090.09	Pricing Time = 20
i = 160	Master Time = 0	Lamb = 10501	Total time = 463	Obj = 1087.97	Pricing Time = 15
i = 161	Master Time = 0	Lamb = 10511	Total time = 478	Obj = 1087.33	Pricing Time = 13
i = 162	Master Time = 0	Lamb = 10522	Total time = 491	Obj = 1087.14	Pricing Time = 15
i = 163	Master Time = 0	Lamb = 10536	Total time = 506	Obj = 1085.73	Pricing Time = 15
i = 164	Master Time = 1	Lamb = 10545	Total time = 522	Obj = 1083.93	Pricing Time = 13
i = 165	Master Time = 0	Lamb = 10555	Total time = 535	Obj = 1083.92	Pricing Time = 17
i = 166	Master Time = 0	Lamb = 10569	Total time = 552	Obj = 1083.35	Pricing Time = 12
i = 167	Master Time = 1	Lamb = 10578	Total time = 564	Obj = 1083.35	Pricing Time = 13
i = 168	Master Time = 1	Lamb = 10586	Total time = 579	Obj = 1082.43	Pricing Time = 16
i = 169	Master Time = 0	Lamb = 10596	Total time = 595	Obj = 1081.25	Pricing Time = 12
i = 170	Master Time = 1	Lamb = 10604	Total time = 607	Obj = 1081.01	Pricing Time = 12
i = 171	Master Time = 0	Lamb = 10613	Total time = 620	Obj = 1080.73	Pricing Time = 17
i = 172	Master Time = 0	Lamb = 10622	Total time = 637	Obj = 1080.39	Pricing Time = 15
i = 173	Master Time = 1	Lamb = 10632	Total time = 652	Obj = 1080.39	Pricing Time = 12
i = 174	Master Time = 1	Lamb = 10641	Total time = 665	Obj = 1080.16	Pricing Time = 15
i = 175	Master Time = 0	Lamb = 10655	Total time = 681	Obj = 1080.15	Pricing Time = 14
i = 176	Master Time = 0	Lamb = 10666	Total time = 695	Obj = 1079.78	Pricing Time = 21
i = 177	Master Time = 0	Lamb = 10680	Total time = 716	Obj = 1079.77	Pricing Time = 14
i = 178	Master Time = 1	Lamb = 10692	Total time = 730	Obj = 1079.22	Pricing Time = 13
i = 179	Master Time = 0	Lamb = 10706	Total time = 744	Obj = 1078.72	Pricing Time = 21
i = 180	Master Time = 0	Lamb = 10721	Total time = 765	Obj = 1078.67	Pricing Time = 12
i = 181	Master Time = 0	Lamb = 10733	Total time = 777	Obj = 1078.24	Pricing Time = 16
i = 182	Master Time = 0	Lamb = 10745	Total time = 793	Obj = 1077.99	Pricing Time = 14
i = 183	Master Time = 0	Lamb = 10755	Total time = 807	Obj = 1077.53	Pricing Time = 11
i = 184	Master Time = 1	Lamb = 10766	Total time = 818	Obj = 1077.53	Pricing Time = 12
i = 185	Master Time = 0	Lamb = 10778	Total time = 831	Obj = 1077.50	Pricing Time = 13
i = 186	Master Time = 0	Lamb = 10787	Total time = 844	Obj = 1077.41	Pricing Time = 12
i = 187	Master Time = 0	Lamb = 10795	Total time = 856	Obj = 1077.41	Pricing Time = 16
i = 188	Master Time = 0	Lamb = 10806	Total time = 872	Obj = 1077.41	Pricing Time = 12
i = 189	Master Time = 0	Lamb = 10820	Total time = 884	Obj = 1077.41	Pricing Time = 20
i = 190	Master Time = 1	Lamb = 10828	Total time = 904	Obj = 1076.87	Pricing Time = 13
i = 191	Master Time = 0	Lamb = 10836	Total time = 918	Obj = 1076.87	Pricing Time = 14
i = 192	Master Time = 0	Lamb = 10847	Total time = 932	Obj = 1076.88	Pricing Time = 14
i = 193	Master Time = 0	Lamb = 10857	Total time = 946	Obj = 1076.87	Pricing Time = 18
i = 194	Master Time = 0	Lamb = 10866	Total time = 964	Obj = 1076.87	Pricing Time = 14
i = 195	Master Time = 0	Lamb = 10877	Total time = 978	Obj = 1076.65	Pricing Time = 12
i = 196	Master Time = 0	Lamb = 10887	Total time = 990	Obj = 1076.60	Pricing Time = 14
i = 197	Master Time = 0	Lamb = 10896	Total time = 1004	Obj = 1076.55	Pricing Time = 13
i = 198	Master Time = 0	Lamb = 10903	Total time = 1017	Obj = 1076.55	Pricing Time = 15
i = 199	Master Time = 0	Lamb = 10912	Total time = 1032	Obj = 1076.55	Pricing Time = 13
i = 200	Master Time = 0	Lamb = 10919	Total time = 1046	Obj = 1076.52	Pricing Time = 13
i = 201	Master Time = 0	Lamb = 10928	Total time = 1059	Obj = 1076.25	Pricing Time = 14
i = 202	Master Time = 0	Lamb = 10938	Total time = 1073	Obj = 1076.25	Pricing Time = 12
i = 203	Master Time = 1	Lamb = 10944	Total time = 1085	Obj = 1076.25	Pricing Time = 11
i = 204	Master Time = 0	Lamb = 10947	Total time = 1097	Obj = 1076.25	Pricing Time = 13
i = 205	Master Time = 0	Lamb = 10951	Total time = 1110	Obj = 1076.25	Pricing Time = 13
i = 206	Master Time = 0	Lamb = 10958	Total time = 1123	Obj = 1076.25	Pricing Time = 12
i = 207	Master Time = 0	Lamb = 10966	Total time = 1134	Obj = 1076.25	Pricing Time = 12
i = 208	Master Time = 0	Lamb = 10971	Total time = 1147	Obj = 1076.25	Pricing Time = 14
i = 209	Master Time = 1	Lamb = 10976	Total time = 1161	Obj = 1076.25	Pricing Time = 13
i = 210	Master Time = 0	Lamb = 10979	Total time = 1175	Obj = 1076.18	Pricing Time = 13
i = 211	Master Time = 1	Lamb = 10989	Total time = 1188	Obj = 1075.62	Pricing Time = 12
i = 212	Master Time = 1	Lamb = 10993	Total time = 1202	Obj = 1075.62	Pricing Time = 13
i = 213	Master Time = 0	Lamb = 10997	Total time = 1215	Obj = 1075.62	Pricing Time = 14
i = 214	Master Time = 0	Lamb = 10998	Total time = 1228	Obj = 1075.62	Pricing Time = 13
i = 215	Master Time = 0	Lamb = 11001	Total time = 1242	Obj = 1075.62	Pricing Time = 12
i = 216	Master Time = 1	Lamb = 11002	Total time = 1254	Obj = 1075.62	Pricing Time = 32
i = 217	Master Time = 0	Lamb = 11005	Total time = 1287	Obj = 1075.62	Pricing Time = 13

Optimal of relaxation found.
Fractional X Variables: 1633 (min: 5.503995300672054E-4 max: 0.9819177575713316)
--------------------------------------
n035w4_2_8-8-7-5
X fix to 1: 88
X fix to 0: 0
Fractional X remaining: 1633 | min(5.503995300672054E-4, 0.9819177575713316)
--------------------------------------
i = 218	Master Time = 2	Lamb = 11005	Total time = 1301	Obj = 1294.46	Pricing Time = 0
i = 219	Master Time = 1	Lamb = 11154	Total time = 1303	Obj = 1221.89	Pricing Time = 0
i = 220	Master Time = 2	Lamb = 11273	Total time = 1304	Obj = 1202.58	Pricing Time = 0
i = 221	Master Time = 1	Lamb = 11391	Total time = 1306	Obj = 1185.31	Pricing Time = 0
i = 222	Master Time = 1	Lamb = 11488	Total time = 1307	Obj = 1158.20	Pricing Time = 0
i = 223	Master Time = 2	Lamb = 11567	Total time = 1309	Obj = 1149.60	Pricing Time = 0
i = 224	Master Time = 2	Lamb = 11628	Total time = 1310	Obj = 1143.62	Pricing Time = 0
i = 225	Master Time = 1	Lamb = 11681	Total time = 1312	Obj = 1134.94	Pricing Time = 0
i = 226	Master Time = 2	Lamb = 11760	Total time = 1314	Obj = 1130.83	Pricing Time = 0
i = 227	Master Time = 1	Lamb = 11826	Total time = 1315	Obj = 1124.26	Pricing Time = 0
i = 228	Master Time = 1	Lamb = 11874	Total time = 1316	Obj = 1121.46	Pricing Time = 0
i = 229	Master Time = 1	Lamb = 11910	Total time = 1317	Obj = 1119.87	Pricing Time = 0
i = 230	Master Time = 1	Lamb = 11940	Total time = 1318	Obj = 1116.71	Pricing Time = 0
i = 231	Master Time = 1	Lamb = 11969	Total time = 1319	Obj = 1113.94	Pricing Time = 1
i = 232	Master Time = 0	Lamb = 11993	Total time = 1320	Obj = 1113.21	Pricing Time = 3
i = 233	Master Time = 2	Lamb = 12039	Total time = 1325	Obj = 1102.94	Pricing Time = 0
i = 234	Master Time = 1	Lamb = 12095	Total time = 1326	Obj = 1101.72	Pricing Time = 0
i = 235	Master Time = 1	Lamb = 12143	Total time = 1327	Obj = 1099.49	Pricing Time = 1
i = 236	Master Time = 0	Lamb = 12181	Total time = 1328	Obj = 1098.58	Pricing Time = 1
i = 237	Master Time = 0	Lamb = 12206	Total time = 1329	Obj = 1098.12	Pricing Time = 1
i = 238	Master Time = 0	Lamb = 12226	Total time = 1330	Obj = 1097.52	Pricing Time = 3
i = 239	Master Time = 2	Lamb = 12276	Total time = 1335	Obj = 1091.45	Pricing Time = 0
i = 240	Master Time = 1	Lamb = 12338	Total time = 1336	Obj = 1090.47	Pricing Time = 1
i = 241	Master Time = 1	Lamb = 12369	Total time = 1338	Obj = 1089.90	Pricing Time = 0
i = 242	Master Time = 1	Lamb = 12394	Total time = 1339	Obj = 1089.40	Pricing Time = 0
i = 243	Master Time = 1	Lamb = 12419	Total time = 1339	Obj = 1089.13	Pricing Time = 2
i = 244	Master Time = 2	Lamb = 12458	Total time = 1344	Obj = 1087.98	Pricing Time = 3
i = 245	Master Time = 2	Lamb = 12506	Total time = 1348	Obj = 1086.17	Pricing Time = 0
i = 246	Master Time = 1	Lamb = 12524	Total time = 1349	Obj = 1085.91	Pricing Time = 4
i = 247	Master Time = 1	Lamb = 12571	Total time = 1355	Obj = 1084.50	Pricing Time = 3
i = 248	Master Time = 1	Lamb = 12608	Total time = 1359	Obj = 1082.94	Pricing Time = 4
i = 249	Master Time = 1	Lamb = 12651	Total time = 1364	Obj = 1081.54	Pricing Time = 3
i = 250	Master Time = 2	Lamb = 12690	Total time = 1368	Obj = 1080.37	Pricing Time = 3
i = 251	Master Time = 1	Lamb = 12738	Total time = 1373	Obj = 1079.41	Pricing Time = 0
i = 252	Master Time = 1	Lamb = 12758	Total time = 1374	Obj = 1079.31	Pricing Time = 3
i = 253	Master Time = 1	Lamb = 12803	Total time = 1378	Obj = 1078.97	Pricing Time = 2
i = 254	Master Time = 2	Lamb = 12832	Total time = 1382	Obj = 1078.36	Pricing Time = 3
i = 255	Master Time = 2	Lamb = 12876	Total time = 1387	Obj = 1078.11	Pricing Time = 3
i = 256	Master Time = 1	Lamb = 12916	Total time = 1391	Obj = 1078.00	Pricing Time = 4
i = 257	Master Time = 0	Lamb = 12923	Total time = 1395	Obj = 1078.00	Pricing Time = 4
i = 258	Master Time = 1	Lamb = 12932	Total time = 1399	Obj = 1078.00	Pricing Time = 5
--------------------------------------
n035w4_2_8-8-7-5
X fix to 1: 163
X fix to 0: 0
Fractional X remaining: 1206 | min(1.0659876606336494E-4, 0.9562277262337793)
--------------------------------------
i = 259	Master Time = 1	Lamb = 12932	Total time = 1406	Obj = 1340.36	Pricing Time = 0
i = 260	Master Time = 1	Lamb = 13072	Total time = 1407	Obj = 1255.90	Pricing Time = 0
i = 261	Master Time = 2	Lamb = 13192	Total time = 1408	Obj = 1206.94	Pricing Time = 0
i = 262	Master Time = 1	Lamb = 13319	Total time = 1410	Obj = 1188.89	Pricing Time = 0
i = 263	Master Time = 1	Lamb = 13404	Total time = 1411	Obj = 1172.89	Pricing Time = 0
i = 264	Master Time = 1	Lamb = 13461	Total time = 1412	Obj = 1159.85	Pricing Time = 0
i = 265	Master Time = 1	Lamb = 13509	Total time = 1413	Obj = 1141.89	Pricing Time = 0
i = 266	Master Time = 1	Lamb = 13550	Total time = 1414	Obj = 1135.17	Pricing Time = 0
i = 267	Master Time = 1	Lamb = 13589	Total time = 1415	Obj = 1132.76	Pricing Time = 0
i = 268	Master Time = 1	Lamb = 13616	Total time = 1416	Obj = 1125.80	Pricing Time = 1
i = 269	Master Time = 1	Lamb = 13657	Total time = 1417	Obj = 1119.66	Pricing Time = 0
i = 270	Master Time = 0	Lamb = 13688	Total time = 1418	Obj = 1116.62	Pricing Time = 0
i = 271	Master Time = 0	Lamb = 13718	Total time = 1419	Obj = 1111.58	Pricing Time = 1
i = 272	Master Time = 0	Lamb = 13747	Total time = 1420	Obj = 1109.54	Pricing Time = 1
i = 273	Master Time = 0	Lamb = 13770	Total time = 1421	Obj = 1107.69	Pricing Time = 1
i = 274	Master Time = 0	Lamb = 13795	Total time = 1422	Obj = 1106.78	Pricing Time = 4
i = 275	Master Time = 1	Lamb = 13839	Total time = 1427	Obj = 1101.33	Pricing Time = 3
i = 276	Master Time = 1	Lamb = 13871	Total time = 1430	Obj = 1097.61	Pricing Time = 0
i = 277	Master Time = 0	Lamb = 13897	Total time = 1431	Obj = 1097.19	Pricing Time = 3
i = 278	Master Time = 1	Lamb = 13936	Total time = 1435	Obj = 1090.37	Pricing Time = 3
i = 279	Master Time = 1	Lamb = 13977	Total time = 1439	Obj = 1087.01	Pricing Time = 1
i = 280	Master Time = 0	Lamb = 13996	Total time = 1440	Obj = 1086.57	Pricing Time = 2
i = 281	Master Time = 2	Lamb = 14026	Total time = 1443	Obj = 1084.39	Pricing Time = 2
i = 282	Master Time = 1	Lamb = 14049	Total time = 1446	Obj = 1083.45	Pricing Time = 2
i = 283	Master Time = 1	Lamb = 14079	Total time = 1450	Obj = 1082.59	Pricing Time = 2
i = 284	Master Time = 1	Lamb = 14102	Total time = 1453	Obj = 1081.49	Pricing Time = 3
i = 285	Master Time = 0	Lamb = 14131	Total time = 1456	Obj = 1081.31	Pricing Time = 4
i = 286	Master Time = 0	Lamb = 14149	Total time = 1460	Obj = 1081.25	Pricing Time = 4
i = 287	Master Time = 1	Lamb = 14153	Total time = 1465	Obj = 1080.38	Pricing Time = 3
i = 288	Master Time = 1	Lamb = 14178	Total time = 1468	Obj = 1080.14	Pricing Time = 3
i = 289	Master Time = 1	Lamb = 14216	Total time = 1472	Obj = 1079.74	Pricing Time = 2
i = 290	Master Time = 1	Lamb = 14228	Total time = 1476	Obj = 1079.59	Pricing Time = 3
i = 291	Master Time = 1	Lamb = 14251	Total time = 1479	Obj = 1079.40	Pricing Time = 3
i = 292	Master Time = 0	Lamb = 14280	Total time = 1483	Obj = 1079.37	Pricing Time = 4
--------------------------------------
n035w4_2_8-8-7-5
X fix to 1: 206
X fix to 0: 0
Fractional X remaining: 934 | min(7.178567587110274E-4, 0.9939894454702848)
--------------------------------------
i = 293	Master Time = 1	Lamb = 14280	Total time = 1488	Obj = 1205.62	Pricing Time = 0
i = 294	Master Time = 2	Lamb = 14401	Total time = 1489	Obj = 1171.70	Pricing Time = 0
i = 295	Master Time = 1	Lamb = 14496	Total time = 1490	Obj = 1160.40	Pricing Time = 0
i = 296	Master Time = 1	Lamb = 14576	Total time = 1491	Obj = 1149.88	Pricing Time = 0
i = 297	Master Time = 1	Lamb = 14642	Total time = 1493	Obj = 1123.20	Pricing Time = 0
i = 298	Master Time = 1	Lamb = 14681	Total time = 1494	Obj = 1116.32	Pricing Time = 0
i = 299	Master Time = 1	Lamb = 14713	Total time = 1495	Obj = 1109.02	Pricing Time = 0
i = 300	Master Time = 1	Lamb = 14747	Total time = 1496	Obj = 1104.78	Pricing Time = 0
i = 301	Master Time = 1	Lamb = 14787	Total time = 1497	Obj = 1101.42	Pricing Time = 2
i = 302	Master Time = 1	Lamb = 14819	Total time = 1500	Obj = 1095.65	Pricing Time = 0
i = 303	Master Time = 1	Lamb = 14854	Total time = 1501	Obj = 1093.26	Pricing Time = 2
i = 304	Master Time = 1	Lamb = 14894	Total time = 1504	Obj = 1089.99	Pricing Time = 0
i = 305	Master Time = 0	Lamb = 14916	Total time = 1504	Obj = 1089.58	Pricing Time = 3
i = 306	Master Time = 1	Lamb = 14949	Total time = 1508	Obj = 1086.10	Pricing Time = 2
i = 307	Master Time = 1	Lamb = 14977	Total time = 1510	Obj = 1083.05	Pricing Time = 2
i = 308	Master Time = 1	Lamb = 15016	Total time = 1514	Obj = 1081.78	Pricing Time = 3
i = 309	Master Time = 0	Lamb = 15044	Total time = 1517	Obj = 1081.67	Pricing Time = 4
i = 310	Master Time = 0	Lamb = 15057	Total time = 1521	Obj = 1081.56	Pricing Time = 4
i = 311	Master Time = 0	Lamb = 15068	Total time = 1525	Obj = 1081.56	Pricing Time = 3
i = 312	Master Time = 1	Lamb = 15078	Total time = 1528	Obj = 1081.47	Pricing Time = 3
i = 313	Master Time = 1	Lamb = 15081	Total time = 1532	Obj = 1081.47	Pricing Time = 3
i = 314	Master Time = 0	Lamb = 15082	Total time = 1537	Obj = 1081.47	Pricing Time = 3
i = 315	Master Time = 1	Lamb = 15083	Total time = 1541	Obj = 1081.47	Pricing Time = 3
i = 316	Master Time = 1	Lamb = 15084	Total time = 1544	Obj = 1081.47	Pricing Time = 3
--------------------------------------
n035w4_2_8-8-7-5
X fix to 1: 243
X fix to 0: 0
Fractional X remaining: 709 | min(0.0011006373274095455, 0.977252045611056)
--------------------------------------
i = 317	Master Time = 1	Lamb = 15084	Total time = 1549	Obj = 1168.81	Pricing Time = 0
i = 318	Master Time = 1	Lamb = 15184	Total time = 1550	Obj = 1155.47	Pricing Time = 0
i = 319	Master Time = 1	Lamb = 15270	Total time = 1551	Obj = 1146.59	Pricing Time = 0
i = 320	Master Time = 1	Lamb = 15331	Total time = 1552	Obj = 1143.44	Pricing Time = 0
i = 321	Master Time = 0	Lamb = 15374	Total time = 1552	Obj = 1138.84	Pricing Time = 1
i = 322	Master Time = 0	Lamb = 15409	Total time = 1553	Obj = 1137.03	Pricing Time = 0
i = 323	Master Time = 1	Lamb = 15440	Total time = 1554	Obj = 1127.83	Pricing Time = 0
i = 324	Master Time = 1	Lamb = 15463	Total time = 1555	Obj = 1121.22	Pricing Time = 0
i = 325	Master Time = 1	Lamb = 15489	Total time = 1556	Obj = 1117.45	Pricing Time = 0
i = 326	Master Time = 1	Lamb = 15512	Total time = 1556	Obj = 1117.18	Pricing Time = 2
i = 327	Master Time = 1	Lamb = 15542	Total time = 1559	Obj = 1113.90	Pricing Time = 2
i = 328	Master Time = 1	Lamb = 15572	Total time = 1562	Obj = 1110.54	Pricing Time = 2
i = 329	Master Time = 1	Lamb = 15598	Total time = 1566	Obj = 1101.95	Pricing Time = 2
i = 330	Master Time = 1	Lamb = 15624	Total time = 1568	Obj = 1099.79	Pricing Time = 2
i = 331	Master Time = 0	Lamb = 15646	Total time = 1571	Obj = 1098.08	Pricing Time = 3
i = 332	Master Time = 1	Lamb = 15669	Total time = 1574	Obj = 1094.30	Pricing Time = 2
i = 333	Master Time = 0	Lamb = 15684	Total time = 1577	Obj = 1093.82	Pricing Time = 3
i = 334	Master Time = 0	Lamb = 15707	Total time = 1580	Obj = 1092.50	Pricing Time = 2
i = 335	Master Time = 1	Lamb = 15723	Total time = 1583	Obj = 1092.09	Pricing Time = 2
i = 336	Master Time = 1	Lamb = 15741	Total time = 1586	Obj = 1092.00	Pricing Time = 2
i = 337	Master Time = 2	Lamb = 15757	Total time = 1589	Obj = 1091.40	Pricing Time = 0
i = 338	Master Time = 1	Lamb = 15796	Total time = 1591	Obj = 1091.40	Pricing Time = 0
i = 339	Master Time = 1	Lamb = 15836	Total time = 1592	Obj = 1091.40	Pricing Time = 2
i = 340	Master Time = 1	Lamb = 15878	Total time = 1594	Obj = 1090.88	Pricing Time = 2
i = 341	Master Time = 1	Lamb = 15906	Total time = 1597	Obj = 1090.71	Pricing Time = 2
i = 342	Master Time = 0	Lamb = 15927	Total time = 1600	Obj = 1090.71	Pricing Time = 3
i = 343	Master Time = 0	Lamb = 15931	Total time = 1603	Obj = 1090.71	Pricing Time = 4
i = 344	Master Time = 0	Lamb = 15932	Total time = 1607	Obj = 1090.71	Pricing Time = 3
--------------------------------------
n035w4_2_8-8-7-5
X fix to 1: 284
X fix to 0: 0
Fractional X remaining: 516 | min(1.9621658067864312E-4, 0.9698613280172005)
--------------------------------------
i = 345	Master Time = 1	Lamb = 15932	Total time = 1611	Obj = 1308.75	Pricing Time = 1
i = 346	Master Time = 1	Lamb = 16061	Total time = 1613	Obj = 1226.02	Pricing Time = 0
i = 347	Master Time = 1	Lamb = 16143	Total time = 1614	Obj = 1196.20	Pricing Time = 0
i = 348	Master Time = 1	Lamb = 16227	Total time = 1615	Obj = 1163.26	Pricing Time = 0
i = 349	Master Time = 0	Lamb = 16276	Total time = 1615	Obj = 1142.38	Pricing Time = 1
i = 350	Master Time = 0	Lamb = 16316	Total time = 1616	Obj = 1132.96	Pricing Time = 0
i = 351	Master Time = 1	Lamb = 16350	Total time = 1617	Obj = 1124.99	Pricing Time = 0
i = 352	Master Time = 1	Lamb = 16383	Total time = 1618	Obj = 1116.48	Pricing Time = 0
i = 353	Master Time = 1	Lamb = 16423	Total time = 1618	Obj = 1113.97	Pricing Time = 2
i = 354	Master Time = 1	Lamb = 16450	Total time = 1621	Obj = 1108.62	Pricing Time = 1
i = 355	Master Time = 1	Lamb = 16474	Total time = 1624	Obj = 1106.88	Pricing Time = 0
i = 356	Master Time = 0	Lamb = 16494	Total time = 1624	Obj = 1106.65	Pricing Time = 3
i = 357	Master Time = 1	Lamb = 16507	Total time = 1627	Obj = 1104.81	Pricing Time = 2
i = 358	Master Time = 0	Lamb = 16528	Total time = 1630	Obj = 1104.41	Pricing Time = 3
i = 359	Master Time = 1	Lamb = 16543	Total time = 1633	Obj = 1103.88	Pricing Time = 2
i = 360	Master Time = 1	Lamb = 16558	Total time = 1637	Obj = 1103.75	Pricing Time = 3
i = 361	Master Time = 1	Lamb = 16572	Total time = 1640	Obj = 1103.68	Pricing Time = 2
i = 362	Master Time = 0	Lamb = 16586	Total time = 1643	Obj = 1103.61	Pricing Time = 3
i = 363	Master Time = 1	Lamb = 16599	Total time = 1647	Obj = 1102.19	Pricing Time = 2
i = 364	Master Time = 1	Lamb = 16614	Total time = 1649	Obj = 1101.82	Pricing Time = 3
i = 365	Master Time = 0	Lamb = 16623	Total time = 1653	Obj = 1101.13	Pricing Time = 3
i = 366	Master Time = 0	Lamb = 16639	Total time = 1656	Obj = 1100.50	Pricing Time = 3
i = 367	Master Time = 0	Lamb = 16652	Total time = 1659	Obj = 1100.18	Pricing Time = 3
i = 368	Master Time = 0	Lamb = 16665	Total time = 1662	Obj = 1100.00	Pricing Time = 4
i = 369	Master Time = 0	Lamb = 16667	Total time = 1666	Obj = 1100.00	Pricing Time = 3
i = 370	Master Time = 0	Lamb = 16668	Total time = 1669	Obj = 1100.00	Pricing Time = 4
--------------------------------------
n035w4_2_8-8-7-5
X fix to 1: 311
X fix to 0: 0
Fractional X remaining: 318 | min(0.003649635036496318, 0.9854014598540138)
--------------------------------------
i = 371	Master Time = 1	Lamb = 16668	Total time = 1674	Obj = 1143.75	Pricing Time = 0
i = 372	Master Time = 1	Lamb = 16749	Total time = 1675	Obj = 1114.17	Pricing Time = 0
i = 373	Master Time = 1	Lamb = 16803	Total time = 1676	Obj = 1114.17	Pricing Time = 0
i = 374	Master Time = 1	Lamb = 16864	Total time = 1677	Obj = 1112.50	Pricing Time = 1
i = 375	Master Time = 0	Lamb = 16938	Total time = 1678	Obj = 1112.50	Pricing Time = 0
i = 376	Master Time = 1	Lamb = 16982	Total time = 1679	Obj = 1111.62	Pricing Time = 0
i = 377	Master Time = 1	Lamb = 17028	Total time = 1680	Obj = 1111.39	Pricing Time = 0
i = 378	Master Time = 0	Lamb = 17055	Total time = 1680	Obj = 1111.15	Pricing Time = 3
i = 379	Master Time = 1	Lamb = 17080	Total time = 1684	Obj = 1106.67	Pricing Time = 0
i = 380	Master Time = 1	Lamb = 17110	Total time = 1685	Obj = 1106.15	Pricing Time = 0
i = 381	Master Time = 1	Lamb = 17157	Total time = 1686	Obj = 1106.15	Pricing Time = 0
i = 382	Master Time = 1	Lamb = 17186	Total time = 1687	Obj = 1100.00	Pricing Time = 1
i = 383	Master Time = 1	Lamb = 17216	Total time = 1689	Obj = 1100.00	Pricing Time = 3
i = 384	Master Time = 1	Lamb = 17237	Total time = 1693	Obj = 1100.00	Pricing Time = 2
i = 385	Master Time = 0	Lamb = 17257	Total time = 1695	Obj = 1100.00	Pricing Time = 3
i = 386	Master Time = 1	Lamb = 17275	Total time = 1699	Obj = 1100.00	Pricing Time = 2
i = 387	Master Time = 1	Lamb = 17298	Total time = 1702	Obj = 1100.00	Pricing Time = 2
i = 388	Master Time = 1	Lamb = 17319	Total time = 1705	Obj = 1100.00	Pricing Time = 2
i = 389	Master Time = 1	Lamb = 17343	Total time = 1708	Obj = 1100.00	Pricing Time = 3
i = 390	Master Time = 1	Lamb = 17365	Total time = 1712	Obj = 1100.00	Pricing Time = 2
i = 391	Master Time = 1	Lamb = 17387	Total time = 1715	Obj = 1100.00	Pricing Time = 2
i = 392	Master Time = 1	Lamb = 17422	Total time = 1718	Obj = 1100.00	Pricing Time = 2
i = 393	Master Time = 1	Lamb = 17453	Total time = 1721	Obj = 1100.00	Pricing Time = 3
i = 394	Master Time = 1	Lamb = 17479	Total time = 1724	Obj = 1100.00	Pricing Time = 2
i = 395	Master Time = 1	Lamb = 17499	Total time = 1728	Obj = 1100.00	Pricing Time = 2
i = 396	Master Time = 1	Lamb = 17508	Total time = 1730	Obj = 1100.00	Pricing Time = 2
i = 397	Master Time = 1	Lamb = 17523	Total time = 1734	Obj = 1100.00	Pricing Time = 2
i = 398	Master Time = 1	Lamb = 17529	Total time = 1737	Obj = 1100.00	Pricing Time = 2
i = 399	Master Time = 1	Lamb = 17534	Total time = 1740	Obj = 1100.00	Pricing Time = 2
i = 400	Master Time = 1	Lamb = 17541	Total time = 1743	Obj = 1100.00	Pricing Time = 2
i = 401	Master Time = 1	Lamb = 17561	Total time = 1746	Obj = 1100.00	Pricing Time = 3
i = 402	Master Time = 0	Lamb = 17568	Total time = 1749	Obj = 1100.00	Pricing Time = 3
i = 403	Master Time = 0	Lamb = 17580	Total time = 1752	Obj = 1100.00	Pricing Time = 3
i = 404	Master Time = 0	Lamb = 17586	Total time = 1755	Obj = 1100.00	Pricing Time = 3
i = 405	Master Time = 0	Lamb = 17587	Total time = 1758	Obj = 1100.00	Pricing Time = 3
--------------------------------------
n035w4_2_8-8-7-5
X fix to 1: 316
X fix to 0: 0
Fractional X remaining: 208 | min(0.1666666666666639, 0.8333333333333348)
--------------------------------------
i = 406	Master Time = 1	Lamb = 17587	Total time = 1762	Obj = 1103.46	Pricing Time = 0
i = 407	Master Time = 1	Lamb = 17613	Total time = 1763	Obj = 1102.50	Pricing Time = 2
i = 408	Master Time = 2	Lamb = 17647	Total time = 1766	Obj = 1101.92	Pricing Time = 2
i = 409	Master Time = 1	Lamb = 17674	Total time = 1770	Obj = 1100.00	Pricing Time = 2
i = 410	Master Time = 1	Lamb = 17688	Total time = 1773	Obj = 1100.00	Pricing Time = 3
i = 411	Master Time = 0	Lamb = 17693	Total time = 1776	Obj = 1100.00	Pricing Time = 3
i = 412	Master Time = 0	Lamb = 17698	Total time = 1779	Obj = 1100.00	Pricing Time = 3
i = 413	Master Time = 0	Lamb = 17700	Total time = 1782	Obj = 1100.00	Pricing Time = 3
i = 414	Master Time = 1	Lamb = 17708	Total time = 1786	Obj = 1100.00	Pricing Time = 2
i = 415	Master Time = 1	Lamb = 17716	Total time = 1789	Obj = 1100.00	Pricing Time = 2
i = 416	Master Time = 1	Lamb = 17721	Total time = 1792	Obj = 1100.00	Pricing Time = 2
i = 417	Master Time = 0	Lamb = 17725	Total time = 1794	Obj = 1100.00	Pricing Time = 3
i = 418	Master Time = 1	Lamb = 17732	Total time = 1797	Obj = 1100.00	Pricing Time = 2
i = 419	Master Time = 0	Lamb = 17734	Total time = 1800	Obj = 1100.00	Pricing Time = 2
i = 420	Master Time = 1	Lamb = 17735	Total time = 1803	Obj = 1100.00	Pricing Time = 2
i = 421	Master Time = 0	Lamb = 17736	Total time = 1805	Obj = 1100.00	Pricing Time = 3
i = 422	Master Time = 0	Lamb = 17740	Total time = 1808	Obj = 1100.00	Pricing Time = 3
i = 423	Master Time = 0	Lamb = 17741	Total time = 1811	Obj = 1100.00	Pricing Time = 3
--------------------------------------
n035w4_2_8-8-7-5
X fix to 1: 332
X fix to 0: 0
Fractional X remaining: 206 | min(0.07142857142857134, 0.9285714285714286)
--------------------------------------
i = 424	Master Time = 0	Lamb = 17741	Total time = 1814	Obj = 1132.14	Pricing Time = 1
i = 425	Master Time = 1	Lamb = 17778	Total time = 1815	Obj = 1115.69	Pricing Time = 0
i = 426	Master Time = 1	Lamb = 17812	Total time = 1817	Obj = 1108.75	Pricing Time = 2
i = 427	Master Time = 1	Lamb = 17841	Total time = 1820	Obj = 1105.50	Pricing Time = 0
i = 428	Master Time = 1	Lamb = 17876	Total time = 1821	Obj = 1103.33	Pricing Time = 2
i = 429	Master Time = 1	Lamb = 17898	Total time = 1824	Obj = 1103.25	Pricing Time = 2
i = 430	Master Time = 1	Lamb = 17923	Total time = 1826	Obj = 1100.71	Pricing Time = 2
i = 431	Master Time = 1	Lamb = 17936	Total time = 1830	Obj = 1100.71	Pricing Time = 2
i = 432	Master Time = 1	Lamb = 17954	Total time = 1832	Obj = 1100.00	Pricing Time = 2
i = 433	Master Time = 1	Lamb = 17968	Total time = 1836	Obj = 1100.00	Pricing Time = 2
i = 434	Master Time = 0	Lamb = 17988	Total time = 1839	Obj = 1100.00	Pricing Time = 3
i = 435	Master Time = 0	Lamb = 18002	Total time = 1842	Obj = 1100.00	Pricing Time = 3
i = 436	Master Time = 1	Lamb = 18013	Total time = 1845	Obj = 1100.00	Pricing Time = 2
i = 437	Master Time = 0	Lamb = 18025	Total time = 1848	Obj = 1100.00	Pricing Time = 3
i = 438	Master Time = 0	Lamb = 18031	Total time = 1851	Obj = 1100.00	Pricing Time = 3
i = 439	Master Time = 0	Lamb = 18045	Total time = 1854	Obj = 1100.00	Pricing Time = 3
i = 440	Master Time = 0	Lamb = 18056	Total time = 1857	Obj = 1100.00	Pricing Time = 3
i = 441	Master Time = 1	Lamb = 18070	Total time = 1860	Obj = 1100.00	Pricing Time = 2
i = 442	Master Time = 1	Lamb = 18078	Total time = 1864	Obj = 1100.00	Pricing Time = 2
i = 443	Master Time = 1	Lamb = 18084	Total time = 1867	Obj = 1100.00	Pricing Time = 2
i = 444	Master Time = 1	Lamb = 18091	Total time = 1870	Obj = 1100.00	Pricing Time = 2
i = 445	Master Time = 1	Lamb = 18098	Total time = 1873	Obj = 1100.00	Pricing Time = 3
i = 446	Master Time = 0	Lamb = 18110	Total time = 1876	Obj = 1100.00	Pricing Time = 2
i = 447	Master Time = 1	Lamb = 18115	Total time = 1879	Obj = 1100.00	Pricing Time = 2
i = 448	Master Time = 1	Lamb = 18120	Total time = 1881	Obj = 1100.00	Pricing Time = 2
i = 449	Master Time = 0	Lamb = 18123	Total time = 1884	Obj = 1100.00	Pricing Time = 3
i = 450	Master Time = 0	Lamb = 18126	Total time = 1887	Obj = 1100.00	Pricing Time = 3
i = 451	Master Time = 0	Lamb = 18130	Total time = 1890	Obj = 1100.00	Pricing Time = 3
i = 452	Master Time = 0	Lamb = 18133	Total time = 1893	Obj = 1100.00	Pricing Time = 3
i = 453	Master Time = 1	Lamb = 18136	Total time = 1897	Obj = 1100.00	Pricing Time = 2
i = 454	Master Time = 1	Lamb = 18139	Total time = 1900	Obj = 1100.00	Pricing Time = 3
i = 455	Master Time = 0	Lamb = 18142	Total time = 1903	Obj = 1100.00	Pricing Time = 2
i = 456	Master Time = 1	Lamb = 18147	Total time = 1905	Obj = 1100.00	Pricing Time = 2
i = 457	Master Time = 0	Lamb = 18153	Total time = 1908	Obj = 1100.00	Pricing Time = 3
--------------------------------------
n035w4_2_8-8-7-5
X fix to 1: 333
X fix to 0: 1
Fractional X remaining: 117 | min(0.49999999999997113, 0.5000000000000211)
--------------------------------------
i = 458	Master Time = 1	Lamb = 18153	Total time = 1912	Obj = 1105.00	Pricing Time = 2
i = 459	Master Time = 1	Lamb = 18181	Total time = 1915	Obj = 1104.44	Pricing Time = 2
i = 460	Master Time = 1	Lamb = 18200	Total time = 1918	Obj = 1104.29	Pricing Time = 0
i = 461	Master Time = 1	Lamb = 18219	Total time = 1919	Obj = 1104.23	Pricing Time = 2
i = 462	Master Time = 1	Lamb = 18236	Total time = 1922	Obj = 1104.17	Pricing Time = 3
i = 463	Master Time = 0	Lamb = 18249	Total time = 1925	Obj = 1100.00	Pricing Time = 3
i = 464	Master Time = 1	Lamb = 18263	Total time = 1929	Obj = 1100.00	Pricing Time = 2
i = 465	Master Time = 1	Lamb = 18280	Total time = 1932	Obj = 1100.00	Pricing Time = 2
i = 466	Master Time = 1	Lamb = 18302	Total time = 1935	Obj = 1100.00	Pricing Time = 2
i = 467	Master Time = 1	Lamb = 18320	Total time = 1937	Obj = 1100.00	Pricing Time = 2
i = 468	Master Time = 1	Lamb = 18331	Total time = 1941	Obj = 1100.00	Pricing Time = 3
i = 469	Master Time = 1	Lamb = 18343	Total time = 1945	Obj = 1100.00	Pricing Time = 3
i = 470	Master Time = 1	Lamb = 18352	Total time = 1948	Obj = 1100.00	Pricing Time = 2
i = 471	Master Time = 1	Lamb = 18362	Total time = 1952	Obj = 1100.00	Pricing Time = 2
i = 472	Master Time = 1	Lamb = 18374	Total time = 1955	Obj = 1100.00	Pricing Time = 2
i = 473	Master Time = 1	Lamb = 18379	Total time = 1958	Obj = 1100.00	Pricing Time = 3
--------------------------------------
n035w4_2_8-8-7-5
X fix to 1: 345
X fix to 0: 1
Fractional X remaining: 160 | min(0.12499999999999384, 0.7499999999999962)
--------------------------------------
i = 474	Master Time = 0	Lamb = 18379	Total time = 1961	Obj = 1100.00	Pricing Time = 2
i = 475	Master Time = 1	Lamb = 18381	Total time = 1963	Obj = 1100.00	Pricing Time = 2
i = 476	Master Time = 0	Lamb = 18384	Total time = 1966	Obj = 1100.00	Pricing Time = 3
i = 477	Master Time = 0	Lamb = 18388	Total time = 1969	Obj = 1100.00	Pricing Time = 3
i = 478	Master Time = 0	Lamb = 18390	Total time = 1972	Obj = 1100.00	Pricing Time = 3
--------------------------------------
n035w4_2_8-8-7-5
X fix to 1: 346
X fix to 0: 2
Fractional X remaining: 89 | min(0.4999999999999991, 0.5000000000000009)
--------------------------------------
i = 479	Master Time = 1	Lamb = 18390	Total time = 1976	Obj = 1125.00	Pricing Time = 2
i = 480	Master Time = 1	Lamb = 18415	Total time = 1979	Obj = 1125.00	Pricing Time = 2
i = 481	Master Time = 1	Lamb = 18436	Total time = 1982	Obj = 1125.00	Pricing Time = 3
i = 482	Master Time = 0	Lamb = 18448	Total time = 1985	Obj = 1123.33	Pricing Time = 3
i = 483	Master Time = 0	Lamb = 18468	Total time = 1988	Obj = 1120.00	Pricing Time = 2
i = 484	Master Time = 1	Lamb = 18480	Total time = 1991	Obj = 1120.00	Pricing Time = 2
i = 485	Master Time = 1	Lamb = 18489	Total time = 1994	Obj = 1120.00	Pricing Time = 2
i = 486	Master Time = 1	Lamb = 18499	Total time = 1997	Obj = 1120.00	Pricing Time = 2
i = 487	Master Time = 1	Lamb = 18507	Total time = 2000	Obj = 1120.00	Pricing Time = 2
i = 488	Master Time = 1	Lamb = 18514	Total time = 2002	Obj = 1120.00	Pricing Time = 2
i = 489	Master Time = 0	Lamb = 18522	Total time = 2005	Obj = 1120.00	Pricing Time = 3
i = 490	Master Time = 0	Lamb = 18531	Total time = 2008	Obj = 1120.00	Pricing Time = 3
i = 491	Master Time = 0	Lamb = 18538	Total time = 2011	Obj = 1120.00	Pricing Time = 3
i = 492	Master Time = 1	Lamb = 18545	Total time = 2014	Obj = 1120.00	Pricing Time = 2
i = 493	Master Time = 0	Lamb = 18548	Total time = 2017	Obj = 1120.00	Pricing Time = 3
i = 494	Master Time = 0	Lamb = 18551	Total time = 2020	Obj = 1120.00	Pricing Time = 3

n035w4_2_8-8-7-5
Integer solution found

Printing SHIFT allocations
HN_0   |-|-|L|L|L|-|-| |-|-|L|L|L|-|-| |-|N|N|N|N|-|-| |-|E|E|L|L|-|-|
HN_1   |-|N|N|N|N|-|-| |-|-|E|E|E|-|-| |-|-|-|E|E|E|N| |N|-|-|-|N|N|N|
HN_2   |L|-|-|-|-|N|N| |N|N|-|-|-|-|-| |D|D|L|L|L|-|-| |N|N|N|N|N|-|-|
HN_3   |D|D|-|-|L|L|L| |L|-|-|-|-|D|D| |D|D|-|-|-|-|-| |L|L|L|L|L|-|-|
HN_4   |E|E|E|-|-|-|-| |D|D|D|-|-|-|-| |L|L|L|-|-|-|-| |E|E|E|-|-|-|-|
HN_5   |-|E|E|E|-|-|-| |E|E|E|-|-|-|-| |E|E|E|E|-|-|-| |-|-|E|E|E|-|-|
NU_6   |N|N|N|N|N|-|-| |-|-|-|E|E|E|E| |E|-|-|-|L|L|L| |L|L|-|-|-|-|-|
NU_7   |N|N|-|-|-|-|-| |N|N|N|N|N|-|-| |-|-|N|N|N|N|N| |-|-|-|-|L|L|L|
NU_8   |L|L|-|-|E|E|E| |D|D|-|-|L|L|L| |L|L|-|-|E|E|D| |D|-|-|D|D|D|E|
NU_9   |D|D|E|E|E|-|-| |E|E|E|E|E|-|-| |E|E|E|-|-|E|E| |D|D|-|-|E|E|D|
NU_10  |N|N|N|N|N|-|-| |-|-|-|D|D|E|E| |E|-|-|-|D|D|E| |E|E|-|-|-|-|-|
NU_11  |-|E|E|E|-|-|-| |-|-|E|E|E|-|-| |-|E|E|E|-|-|-| |D|D|D|-|-|-|-|
NU_12  |L|L|L|-|-|-|-| |L|L|L|-|-|-|-| |L|L|L|L|-|-|-| |L|L|L|-|-|-|-|
NU_13  |E|-|-|-|-|E|E| |E|E|-|-|-|-|-| |N|N|N|N|N|-|-| |-|-|D|D|D|-|-|
NU_14  |-|-|D|D|D|-|-| |-|-|D|D|D|-|-| |-|-|D|D|D|-|-| |-|-|E|E|E|-|-|
NU_15  |D|D|D|-|-|-|-| |L|L|L|-|-|D|D| |L|L|-|-|L|L|L| |L|L|-|-|-|-|-|
NU_16  |-|-|-|E|E|D|D| |D|-|-|-|N|N|N| |N|N|-|-|-|-|-| |N|N|N|N|N|-|-|
CT_17  |E|-|-|-|E|E|E| |E|E|-|-|L|L|N| |N|N|-|-|N|N|N| |N|-|-|D|D|D|E|
CT_18  |N|N|N|N|N|-|-| |N|N|N|N|N|-|-| |N|N|N|N|N|-|-| |N|N|N|N|N|-|-|
CT_19  |L|L|L|-|-|-|-| |L|L|L|-|-|-|-| |-|L|L|L|-|-|-| |L|L|L|-|-|-|-|
CT_20  |D|D|-|-|D|D|D| |-|-|L|L|L|-|-| |D|D|D|D|D|-|-| |E|E|L|L|L|-|-|
CT_21  |-|E|E|E|E|-|-| |-|D|D|L|L|-|-| |-|-|-|E|E|L|L| |-|-|-|-|L|L|N|
CT_22  |-|-|D|D|D|-|-| |-|D|D|D|-|-|-| |D|D|D|-|-|-|-| |L|L|L|-|-|-|-|
CT_23  |N|N|-|-|-|-|-| |N|N|N|N|-|-|-| |-|-|L|L|L|-|-| |-|-|E|E|E|-|-|
CT_24  |-|-|L|L|L|-|-| |-|N|N|N|N|-|-| |-|-|-|D|D|D|D| |D|-|-|-|D|D|L|
CT_25  |E|E|-|-|L|L|N| |N|N|-|-|E|E|E| |-|-|L|L|L|-|-| |N|N|N|N|N|-|-|
CT_26  |-|D|D|D|-|-|-| |-|E|E|E|-|-|-| |-|D|D|D|-|-|-| |-|-|D|D|D|-|-|
CT_27  |-|-|L|L|L|-|-| |-|-|D|D|D|-|-| |-|E|E|E|-|-|-| |E|E|E|-|-|-|-|
CT_28  |-|D|D|D|-|-|-| |D|D|D|-|-|-|-| |-|D|D|D|-|-|-| |D|D|D|-|-|-|-|
TR_29  |-|-|-|-|E|E|L| |L|L|-|-|-|-|-| |E|E|E|-|-|-|-| |-|L|L|L|-|-|-|
TR_30  |-|-|N|N|N|N|N| |-|-|E|E|E|-|-| |N|N|N|N|N|-|-| |E|D|D|-|-|E|E|
TR_31  |D|D|-|-|-|D|D| |D|D|-|-|E|E|L| |L|L|-|-|-|-|-| |D|D|E|E|-|-|-|
TR_32  |E|E|D|D|D|-|-| |E|E|L|L|-|D|D| |L|-|-|D|D|E|E| |E|-|-|D|D|L|L|
TR_33  |-|-|E|E|E|-|-| |-|-|D|D|D|-|-| |D|D|D|-|-|N|N| |N|N|-|-|-|D|D|
TR_34  |L|L|L|L|-|-|-| |-|-|N|N|N|N|N| |-|-|L|L|L|-|-| |-|-|E|E|N|N|N|
Total assignment constraints: 400
Consecutive constraints: 150
Non working days constraints: 30
Preferences: 120
Max working weekend: 150
Complete weekends: 0
Optimal coverage constraints: 270
TOTAL = 1120
