Creating directory: out/n070w4_0_4-9-6-7

-----------------------------------------------------------
Instance	n070w4_0_4-9-6-7
algorithm	=	vns
maxIter	=	10
eliteSet	=	10
shakePerc	=	0.9
bestKnow	=	2430.0
minColsIter	=	0.35
minRoundDown	=	-1.0
minRoundUp	=	0.67
seed	=	0
onlyRelax	=	false
nThreads	=	20
alpha	=	0.6
timeOut	=	14600
-----------------------------------------------------------
Parallels mode has been selected.
i = 0	Master Time = 0	Lamb = 0	Total time = 3	Obj = 410900.00	Pricing Time = 0
i = 1	Master Time = 1	Lamb = 451	Total time = 5	Obj = 136356.67	Pricing Time = 0
i = 2	Master Time = 1	Lamb = 866	Total time = 6	Obj = 60404.67	Pricing Time = 1
i = 3	Master Time = 1	Lamb = 1299	Total time = 8	Obj = 46876.85	Pricing Time = 0
i = 4	Master Time = 1	Lamb = 1744	Total time = 9	Obj = 27596.46	Pricing Time = 0
i = 5	Master Time = 1	Lamb = 2181	Total time = 10	Obj = 19907.43	Pricing Time = 0
i = 6	Master Time = 2	Lamb = 2620	Total time = 12	Obj = 15177.48	Pricing Time = 0
i = 7	Master Time = 1	Lamb = 3022	Total time = 13	Obj = 12021.24	Pricing Time = 1
i = 8	Master Time = 1	Lamb = 3424	Total time = 15	Obj = 9178.73	Pricing Time = 0
i = 9	Master Time = 2	Lamb = 3819	Total time = 16	Obj = 7698.76	Pricing Time = 0
i = 10	Master Time = 1	Lamb = 4209	Total time = 18	Obj = 6457.27	Pricing Time = 0
i = 11	Master Time = 2	Lamb = 4584	Total time = 19	Obj = 5425.34	Pricing Time = 0
i = 12	Master Time = 2	Lamb = 4974	Total time = 21	Obj = 4718.97	Pricing Time = 0
i = 13	Master Time = 2	Lamb = 5293	Total time = 23	Obj = 4317.89	Pricing Time = 0
i = 14	Master Time = 2	Lamb = 5626	Total time = 25	Obj = 3949.83	Pricing Time = 0
i = 15	Master Time = 2	Lamb = 5954	Total time = 28	Obj = 3668.96	Pricing Time = 0
i = 16	Master Time = 2	Lamb = 6274	Total time = 29	Obj = 3495.26	Pricing Time = 0
i = 17	Master Time = 2	Lamb = 6545	Total time = 32	Obj = 3282.42	Pricing Time = 0
i = 18	Master Time = 2	Lamb = 6852	Total time = 34	Obj = 3098.71	Pricing Time = 1
i = 19	Master Time = 2	Lamb = 7113	Total time = 37	Obj = 2952.77	Pricing Time = 1
i = 20	Master Time = 2	Lamb = 7371	Total time = 39	Obj = 2839.63	Pricing Time = 0
i = 21	Master Time = 2	Lamb = 7591	Total time = 41	Obj = 2780.81	Pricing Time = 0
i = 22	Master Time = 2	Lamb = 7813	Total time = 43	Obj = 2717.21	Pricing Time = 0
i = 23	Master Time = 2	Lamb = 8077	Total time = 45	Obj = 2654.05	Pricing Time = 0
i = 24	Master Time = 2	Lamb = 8278	Total time = 47	Obj = 2607.34	Pricing Time = 0
i = 25	Master Time = 1	Lamb = 8481	Total time = 50	Obj = 2561.40	Pricing Time = 0
i = 26	Master Time = 1	Lamb = 8690	Total time = 51	Obj = 2519.77	Pricing Time = 1
i = 27	Master Time = 1	Lamb = 8877	Total time = 53	Obj = 2483.24	Pricing Time = 1
i = 28	Master Time = 1	Lamb = 9047	Total time = 54	Obj = 2456.18	Pricing Time = 0
i = 29	Master Time = 2	Lamb = 9199	Total time = 56	Obj = 2431.83	Pricing Time = 0
i = 30	Master Time = 1	Lamb = 9352	Total time = 58	Obj = 2412.20	Pricing Time = 1
i = 31	Master Time = 1	Lamb = 9491	Total time = 59	Obj = 2390.26	Pricing Time = 0
i = 32	Master Time = 1	Lamb = 9630	Total time = 61	Obj = 2374.02	Pricing Time = 1
i = 33	Master Time = 0	Lamb = 9755	Total time = 62	Obj = 2364.88	Pricing Time = 1
i = 34	Master Time = 1	Lamb = 9853	Total time = 63	Obj = 2356.38	Pricing Time = 0
i = 35	Master Time = 2	Lamb = 9957	Total time = 65	Obj = 2341.84	Pricing Time = 0
i = 36	Master Time = 1	Lamb = 10050	Total time = 66	Obj = 2327.50	Pricing Time = 0
i = 37	Master Time = 2	Lamb = 10127	Total time = 68	Obj = 2310.24	Pricing Time = 0
i = 38	Master Time = 1	Lamb = 10216	Total time = 70	Obj = 2306.40	Pricing Time = 0
i = 39	Master Time = 2	Lamb = 10299	Total time = 71	Obj = 2296.89	Pricing Time = 1
i = 40	Master Time = 1	Lamb = 10385	Total time = 73	Obj = 2289.02	Pricing Time = 0
i = 41	Master Time = 1	Lamb = 10451	Total time = 75	Obj = 2284.11	Pricing Time = 1
i = 42	Master Time = 0	Lamb = 10504	Total time = 76	Obj = 2280.76	Pricing Time = 1
i = 43	Master Time = 1	Lamb = 10556	Total time = 77	Obj = 2278.12	Pricing Time = 0
i = 44	Master Time = 0	Lamb = 10599	Total time = 78	Obj = 2277.35	Pricing Time = 1
i = 45	Master Time = 1	Lamb = 10641	Total time = 79	Obj = 2274.61	Pricing Time = 0
i = 46	Master Time = 2	Lamb = 10683	Total time = 81	Obj = 2271.39	Pricing Time = 0
i = 47	Master Time = 1	Lamb = 10724	Total time = 83	Obj = 2266.92	Pricing Time = 1
i = 48	Master Time = 0	Lamb = 10771	Total time = 84	Obj = 2265.70	Pricing Time = 12
i = 49	Master Time = 2	Lamb = 10872	Total time = 97	Obj = 2228.89	Pricing Time = 0
i = 50	Master Time = 1	Lamb = 10962	Total time = 99	Obj = 2220.95	Pricing Time = 1
i = 51	Master Time = 1	Lamb = 11039	Total time = 101	Obj = 2215.57	Pricing Time = 0
i = 52	Master Time = 1	Lamb = 11107	Total time = 102	Obj = 2212.01	Pricing Time = 0
i = 53	Master Time = 1	Lamb = 11169	Total time = 104	Obj = 2209.75	Pricing Time = 1
i = 54	Master Time = 1	Lamb = 11213	Total time = 105	Obj = 2207.60	Pricing Time = 0
i = 55	Master Time = 1	Lamb = 11264	Total time = 107	Obj = 2205.85	Pricing Time = 1
i = 56	Master Time = 1	Lamb = 11311	Total time = 108	Obj = 2204.69	Pricing Time = 0
i = 57	Master Time = 1	Lamb = 11349	Total time = 109	Obj = 2204.12	Pricing Time = 0
i = 58	Master Time = 1	Lamb = 11386	Total time = 111	Obj = 2203.60	Pricing Time = 0
i = 59	Master Time = 2	Lamb = 11422	Total time = 112	Obj = 2202.90	Pricing Time = 7
i = 60	Master Time = 2	Lamb = 11517	Total time = 122	Obj = 2168.41	Pricing Time = 1
i = 61	Master Time = 1	Lamb = 11614	Total time = 124	Obj = 2166.00	Pricing Time = 1
i = 62	Master Time = 1	Lamb = 11695	Total time = 125	Obj = 2162.75	Pricing Time = 0
i = 63	Master Time = 2	Lamb = 11745	Total time = 127	Obj = 2160.91	Pricing Time = 0
i = 64	Master Time = 1	Lamb = 11795	Total time = 129	Obj = 2160.35	Pricing Time = 13
i = 65	Master Time = 2	Lamb = 11924	Total time = 145	Obj = 2146.71	Pricing Time = 1
i = 66	Master Time = 1	Lamb = 12025	Total time = 146	Obj = 2146.24	Pricing Time = 0
i = 67	Master Time = 1	Lamb = 12089	Total time = 148	Obj = 2145.37	Pricing Time = 1
i = 68	Master Time = 1	Lamb = 12139	Total time = 150	Obj = 2145.03	Pricing Time = 0
i = 69	Master Time = 1	Lamb = 12182	Total time = 151	Obj = 2144.90	Pricing Time = 1
i = 70	Master Time = 1	Lamb = 12226	Total time = 152	Obj = 2144.62	Pricing Time = 10
i = 71	Master Time = 1	Lamb = 12335	Total time = 164	Obj = 2137.48	Pricing Time = 7
i = 72	Master Time = 1	Lamb = 12366	Total time = 171	Obj = 2133.31	Pricing Time = 8
i = 73	Master Time = 1	Lamb = 12400	Total time = 181	Obj = 2129.87	Pricing Time = 7
i = 74	Master Time = 3	Lamb = 12430	Total time = 190	Obj = 2125.77	Pricing Time = 0
i = 75	Master Time = 1	Lamb = 12474	Total time = 192	Obj = 2125.29	Pricing Time = 1
i = 76	Master Time = 1	Lamb = 12514	Total time = 194	Obj = 2124.92	Pricing Time = 1
i = 77	Master Time = 1	Lamb = 12556	Total time = 195	Obj = 2124.82	Pricing Time = 13
i = 78	Master Time = 1	Lamb = 12682	Total time = 210	Obj = 2120.91	Pricing Time = 7
i = 79	Master Time = 1	Lamb = 12708	Total time = 217	Obj = 2116.48	Pricing Time = 7
i = 80	Master Time = 2	Lamb = 12739	Total time = 226	Obj = 2114.02	Pricing Time = 13
i = 81	Master Time = 1	Lamb = 12857	Total time = 240	Obj = 2111.00	Pricing Time = 7
i = 82	Master Time = 1	Lamb = 12884	Total time = 249	Obj = 2108.98	Pricing Time = 8
i = 83	Master Time = 2	Lamb = 12913	Total time = 259	Obj = 2107.88	Pricing Time = 16
i = 84	Master Time = 1	Lamb = 13050	Total time = 275	Obj = 2107.09	Pricing Time = 8
i = 85	Master Time = 1	Lamb = 13077	Total time = 284	Obj = 2105.88	Pricing Time = 7
i = 86	Master Time = 1	Lamb = 13103	Total time = 293	Obj = 2105.12	Pricing Time = 7
i = 87	Master Time = 1	Lamb = 13135	Total time = 300	Obj = 2105.00	Pricing Time = 7
i = 88	Master Time = 0	Lamb = 13137	Total time = 308	Obj = 2105.00	Pricing Time = 8
i = 89	Master Time = 0	Lamb = 13146	Total time = 315	Obj = 2105.00	Pricing Time = 7

Optimal of relaxation found.
Fractional X Variables: 3764 (min: 7.852375343528895E-4 max: 0.9992147624656472)
--------------------------------------
n070w4_0_4-9-6-7
X fix to 1: 348
X fix to 0: 0
Fractional X remaining: 3764 | min(7.852375343528895E-4, 0.9992147624656472)
--------------------------------------
i = 90	Master Time = 3	Lamb = 13146	Total time = 326	Obj = 2545.26	Pricing Time = 1
i = 91	Master Time = 2	Lamb = 13459	Total time = 329	Obj = 2388.30	Pricing Time = 1
i = 92	Master Time = 2	Lamb = 13674	Total time = 332	Obj = 2311.43	Pricing Time = 1
i = 93	Master Time = 2	Lamb = 13872	Total time = 335	Obj = 2225.77	Pricing Time = 1
i = 94	Master Time = 2	Lamb = 14044	Total time = 337	Obj = 2181.12	Pricing Time = 0
i = 95	Master Time = 1	Lamb = 14138	Total time = 339	Obj = 2160.65	Pricing Time = 1
i = 96	Master Time = 2	Lamb = 14223	Total time = 341	Obj = 2137.38	Pricing Time = 0
i = 97	Master Time = 1	Lamb = 14289	Total time = 343	Obj = 2131.39	Pricing Time = 1
i = 98	Master Time = 1	Lamb = 14340	Total time = 344	Obj = 2129.30	Pricing Time = 0
i = 99	Master Time = 1	Lamb = 14395	Total time = 346	Obj = 2126.29	Pricing Time = 1
i = 100	Master Time = 1	Lamb = 14440	Total time = 348	Obj = 2124.26	Pricing Time = 0
i = 101	Master Time = 2	Lamb = 14475	Total time = 349	Obj = 2121.29	Pricing Time = 0
i = 102	Master Time = 1	Lamb = 14520	Total time = 351	Obj = 2120.07	Pricing Time = 4
i = 103	Master Time = 2	Lamb = 14596	Total time = 356	Obj = 2116.54	Pricing Time = 0
i = 104	Master Time = 1	Lamb = 14656	Total time = 358	Obj = 2116.13	Pricing Time = 1
i = 105	Master Time = 1	Lamb = 14703	Total time = 359	Obj = 2115.69	Pricing Time = 6
i = 106	Master Time = 1	Lamb = 14786	Total time = 367	Obj = 2113.63	Pricing Time = 4
i = 107	Master Time = 3	Lamb = 14797	Total time = 373	Obj = 2110.49	Pricing Time = 7
i = 108	Master Time = 0	Lamb = 14866	Total time = 382	Obj = 2109.67	Pricing Time = 5
i = 109	Master Time = 2	Lamb = 14871	Total time = 389	Obj = 2109.13	Pricing Time = 1
i = 110	Master Time = 1	Lamb = 14919	Total time = 390	Obj = 2109.02	Pricing Time = 5
i = 111	Master Time = 2	Lamb = 14988	Total time = 398	Obj = 2108.14	Pricing Time = 5
i = 112	Master Time = 1	Lamb = 15073	Total time = 404	Obj = 2108.00	Pricing Time = 5
i = 113	Master Time = 0	Lamb = 15082	Total time = 408	Obj = 2108.00	Pricing Time = 5
--------------------------------------
n070w4_0_4-9-6-7
X fix to 1: 493
X fix to 0: 0
Fractional X remaining: 2277 | min(6.188816047160844E-4, 0.998302518092531)
--------------------------------------
i = 114	Master Time = 3	Lamb = 15082	Total time = 416	Obj = 2720.71	Pricing Time = 0
i = 115	Master Time = 3	Lamb = 15424	Total time = 420	Obj = 2622.95	Pricing Time = 0
i = 116	Master Time = 3	Lamb = 15678	Total time = 423	Obj = 2522.11	Pricing Time = 0
i = 117	Master Time = 2	Lamb = 15913	Total time = 425	Obj = 2507.03	Pricing Time = 1
i = 118	Master Time = 2	Lamb = 16114	Total time = 428	Obj = 2283.13	Pricing Time = 1
i = 119	Master Time = 2	Lamb = 16314	Total time = 431	Obj = 2274.58	Pricing Time = 1
i = 120	Master Time = 2	Lamb = 16474	Total time = 434	Obj = 2258.24	Pricing Time = 0
i = 121	Master Time = 3	Lamb = 16626	Total time = 436	Obj = 2143.67	Pricing Time = 0
i = 122	Master Time = 3	Lamb = 16765	Total time = 439	Obj = 2133.93	Pricing Time = 0
i = 123	Master Time = 3	Lamb = 16938	Total time = 442	Obj = 2132.69	Pricing Time = 0
i = 124	Master Time = 3	Lamb = 17105	Total time = 446	Obj = 2131.84	Pricing Time = 0
i = 125	Master Time = 2	Lamb = 17214	Total time = 447	Obj = 2130.20	Pricing Time = 0
i = 126	Master Time = 2	Lamb = 17283	Total time = 449	Obj = 2128.24	Pricing Time = 0
i = 127	Master Time = 1	Lamb = 17337	Total time = 450	Obj = 2126.32	Pricing Time = 0
i = 128	Master Time = 2	Lamb = 17387	Total time = 452	Obj = 2124.05	Pricing Time = 0
i = 129	Master Time = 1	Lamb = 17422	Total time = 453	Obj = 2123.49	Pricing Time = 3
i = 130	Master Time = 3	Lamb = 17501	Total time = 459	Obj = 2116.30	Pricing Time = 0
i = 131	Master Time = 2	Lamb = 17560	Total time = 461	Obj = 2115.20	Pricing Time = 3
i = 132	Master Time = 3	Lamb = 17632	Total time = 468	Obj = 2111.16	Pricing Time = 3
i = 133	Master Time = 2	Lamb = 17707	Total time = 472	Obj = 2109.89	Pricing Time = 4
i = 134	Master Time = 0	Lamb = 17722	Total time = 477	Obj = 2109.74	Pricing Time = 5
i = 135	Master Time = 1	Lamb = 17738	Total time = 482	Obj = 2109.14	Pricing Time = 3
i = 136	Master Time = 1	Lamb = 17754	Total time = 486	Obj = 2109.07	Pricing Time = 4
i = 137	Master Time = 1	Lamb = 17769	Total time = 491	Obj = 2109.05	Pricing Time = 4
i = 138	Master Time = 0	Lamb = 17774	Total time = 496	Obj = 2109.05	Pricing Time = 5
i = 139	Master Time = 0	Lamb = 17776	Total time = 501	Obj = 2109.05	Pricing Time = 4
i = 140	Master Time = 0	Lamb = 17777	Total time = 505	Obj = 2109.05	Pricing Time = 4
i = 141	Master Time = 0	Lamb = 17779	Total time = 509	Obj = 2109.05	Pricing Time = 4
i = 142	Master Time = 0	Lamb = 17780	Total time = 513	Obj = 2109.05	Pricing Time = 4
--------------------------------------
n070w4_0_4-9-6-7
X fix to 1: 599
X fix to 0: 0
Fractional X remaining: 1825 | min(2.6664889007343984E-4, 0.9836537200870625)
--------------------------------------
i = 143	Master Time = 3	Lamb = 17780	Total time = 519	Obj = 2270.75	Pricing Time = 0
i = 144	Master Time = 2	Lamb = 18054	Total time = 522	Obj = 2220.98	Pricing Time = 0
i = 145	Master Time = 2	Lamb = 18252	Total time = 524	Obj = 2186.77	Pricing Time = 0
i = 146	Master Time = 3	Lamb = 18393	Total time = 526	Obj = 2154.67	Pricing Time = 0
i = 147	Master Time = 2	Lamb = 18490	Total time = 528	Obj = 2142.36	Pricing Time = 0
i = 148	Master Time = 2	Lamb = 18565	Total time = 530	Obj = 2135.52	Pricing Time = 0
i = 149	Master Time = 1	Lamb = 18620	Total time = 532	Obj = 2131.67	Pricing Time = 0
i = 150	Master Time = 2	Lamb = 18668	Total time = 533	Obj = 2127.51	Pricing Time = 3
i = 151	Master Time = 2	Lamb = 18739	Total time = 538	Obj = 2116.46	Pricing Time = 0
i = 152	Master Time = 2	Lamb = 18796	Total time = 540	Obj = 2115.44	Pricing Time = 2
i = 153	Master Time = 2	Lamb = 18855	Total time = 544	Obj = 2113.33	Pricing Time = 2
i = 154	Master Time = 2	Lamb = 18919	Total time = 549	Obj = 2111.37	Pricing Time = 3
i = 155	Master Time = 0	Lamb = 18939	Total time = 552	Obj = 2111.27	Pricing Time = 4
i = 156	Master Time = 1	Lamb = 18957	Total time = 556	Obj = 2110.90	Pricing Time = 3
i = 157	Master Time = 0	Lamb = 18975	Total time = 560	Obj = 2110.79	Pricing Time = 4
i = 158	Master Time = 0	Lamb = 18986	Total time = 564	Obj = 2110.00	Pricing Time = 4
i = 159	Master Time = 0	Lamb = 18998	Total time = 568	Obj = 2110.00	Pricing Time = 3
i = 160	Master Time = 1	Lamb = 19005	Total time = 571	Obj = 2110.00	Pricing Time = 5
i = 161	Master Time = 0	Lamb = 19017	Total time = 576	Obj = 2110.00	Pricing Time = 4
i = 162	Master Time = 0	Lamb = 19019	Total time = 580	Obj = 2110.00	Pricing Time = 3
i = 163	Master Time = 1	Lamb = 19022	Total time = 584	Obj = 2110.00	Pricing Time = 3
--------------------------------------
n070w4_0_4-9-6-7
X fix to 1: 676
X fix to 0: 0
Fractional X remaining: 1296 | min(9.765188111397205E-4, 0.9814397006263802)
--------------------------------------
i = 164	Master Time = 2	Lamb = 19022	Total time = 590	Obj = 2256.48	Pricing Time = 0
i = 165	Master Time = 3	Lamb = 19264	Total time = 592	Obj = 2235.41	Pricing Time = 0
i = 166	Master Time = 2	Lamb = 19451	Total time = 595	Obj = 2218.15	Pricing Time = 0
i = 167	Master Time = 3	Lamb = 19614	Total time = 598	Obj = 2195.29	Pricing Time = 0
i = 168	Master Time = 3	Lamb = 19737	Total time = 600	Obj = 2180.86	Pricing Time = 0
i = 169	Master Time = 2	Lamb = 19901	Total time = 603	Obj = 2163.48	Pricing Time = 1
i = 170	Master Time = 2	Lamb = 20055	Total time = 605	Obj = 2158.85	Pricing Time = 0
i = 171	Master Time = 2	Lamb = 20186	Total time = 608	Obj = 2143.12	Pricing Time = 1
i = 172	Master Time = 2	Lamb = 20316	Total time = 610	Obj = 2131.21	Pricing Time = 0
i = 173	Master Time = 2	Lamb = 20425	Total time = 612	Obj = 2126.37	Pricing Time = 0
i = 174	Master Time = 2	Lamb = 20493	Total time = 614	Obj = 2122.49	Pricing Time = 2
i = 175	Master Time = 1	Lamb = 20549	Total time = 617	Obj = 2118.86	Pricing Time = 2
i = 176	Master Time = 3	Lamb = 20616	Total time = 622	Obj = 2117.01	Pricing Time = 0
i = 177	Master Time = 3	Lamb = 20709	Total time = 625	Obj = 2116.26	Pricing Time = 0
i = 178	Master Time = 3	Lamb = 20802	Total time = 628	Obj = 2115.88	Pricing Time = 0
i = 179	Master Time = 2	Lamb = 20907	Total time = 631	Obj = 2115.69	Pricing Time = 0
i = 180	Master Time = 3	Lamb = 20980	Total time = 634	Obj = 2115.53	Pricing Time = 0
i = 181	Master Time = 3	Lamb = 21043	Total time = 636	Obj = 2115.30	Pricing Time = 2
i = 182	Master Time = 3	Lamb = 21113	Total time = 642	Obj = 2111.59	Pricing Time = 0
i = 183	Master Time = 1	Lamb = 21170	Total time = 643	Obj = 2111.47	Pricing Time = 3
i = 184	Master Time = 2	Lamb = 21212	Total time = 648	Obj = 2110.59	Pricing Time = 3
i = 185	Master Time = 1	Lamb = 21265	Total time = 652	Obj = 2110.36	Pricing Time = 3
i = 186	Master Time = 2	Lamb = 21305	Total time = 657	Obj = 2110.33	Pricing Time = 3
i = 187	Master Time = 3	Lamb = 21369	Total time = 663	Obj = 2110.10	Pricing Time = 3
i = 188	Master Time = 3	Lamb = 21452	Total time = 668	Obj = 2110.00	Pricing Time = 3
i = 189	Master Time = 3	Lamb = 21492	Total time = 674	Obj = 2110.00	Pricing Time = 2
i = 190	Master Time = 2	Lamb = 21519	Total time = 679	Obj = 2110.00	Pricing Time = 4
i = 191	Master Time = 2	Lamb = 21547	Total time = 685	Obj = 2110.00	Pricing Time = 3
i = 192	Master Time = 2	Lamb = 21595	Total time = 690	Obj = 2110.00	Pricing Time = 3
i = 193	Master Time = 0	Lamb = 21618	Total time = 693	Obj = 2110.00	Pricing Time = 3
i = 194	Master Time = 0	Lamb = 21624	Total time = 696	Obj = 2110.00	Pricing Time = 4
i = 195	Master Time = 0	Lamb = 21629	Total time = 700	Obj = 2110.00	Pricing Time = 4
--------------------------------------
n070w4_0_4-9-6-7
X fix to 1: 721
X fix to 0: 0
Fractional X remaining: 1265 | min(0.0027816356898055505, 0.9953449179681708)
--------------------------------------
i = 196	Master Time = 2	Lamb = 21629	Total time = 706	Obj = 2149.23	Pricing Time = 1
i = 197	Master Time = 2	Lamb = 21761	Total time = 709	Obj = 2135.71	Pricing Time = 0
i = 198	Master Time = 3	Lamb = 21908	Total time = 711	Obj = 2131.81	Pricing Time = 0
i = 199	Master Time = 1	Lamb = 22023	Total time = 713	Obj = 2131.37	Pricing Time = 0
i = 200	Master Time = 1	Lamb = 22088	Total time = 714	Obj = 2129.43	Pricing Time = 0
i = 201	Master Time = 2	Lamb = 22137	Total time = 716	Obj = 2121.44	Pricing Time = 0
i = 202	Master Time = 1	Lamb = 22192	Total time = 717	Obj = 2117.41	Pricing Time = 3
i = 203	Master Time = 2	Lamb = 22250	Total time = 722	Obj = 2111.65	Pricing Time = 0
i = 204	Master Time = 3	Lamb = 22347	Total time = 725	Obj = 2111.13	Pricing Time = 0
i = 205	Master Time = 1	Lamb = 22430	Total time = 726	Obj = 2110.81	Pricing Time = 2
i = 206	Master Time = 2	Lamb = 22498	Total time = 730	Obj = 2110.39	Pricing Time = 3
i = 207	Master Time = 2	Lamb = 22560	Total time = 735	Obj = 2110.09	Pricing Time = 1
i = 208	Master Time = 2	Lamb = 22620	Total time = 738	Obj = 2110.03	Pricing Time = 1
i = 209	Master Time = 2	Lamb = 22737	Total time = 741	Obj = 2110.03	Pricing Time = 2
i = 210	Master Time = 3	Lamb = 22784	Total time = 746	Obj = 2110.00	Pricing Time = 2
i = 211	Master Time = 3	Lamb = 22835	Total time = 750	Obj = 2110.00	Pricing Time = 2
i = 212	Master Time = 3	Lamb = 22868	Total time = 755	Obj = 2110.00	Pricing Time = 3
i = 213	Master Time = 2	Lamb = 22902	Total time = 761	Obj = 2110.00	Pricing Time = 3
i = 214	Master Time = 3	Lamb = 22943	Total time = 766	Obj = 2110.00	Pricing Time = 2
i = 215	Master Time = 3	Lamb = 22977	Total time = 771	Obj = 2110.00	Pricing Time = 3
i = 216	Master Time = 3	Lamb = 23003	Total time = 777	Obj = 2110.00	Pricing Time = 2
i = 217	Master Time = 3	Lamb = 23017	Total time = 782	Obj = 2110.00	Pricing Time = 2
i = 218	Master Time = 3	Lamb = 23039	Total time = 788	Obj = 2110.00	Pricing Time = 3
i = 219	Master Time = 3	Lamb = 23056	Total time = 793	Obj = 2110.00	Pricing Time = 2
i = 220	Master Time = 1	Lamb = 23083	Total time = 797	Obj = 2110.00	Pricing Time = 2
i = 221	Master Time = 1	Lamb = 23098	Total time = 799	Obj = 2110.00	Pricing Time = 3
i = 222	Master Time = 0	Lamb = 23108	Total time = 803	Obj = 2110.00	Pricing Time = 4
i = 223	Master Time = 0	Lamb = 23113	Total time = 806	Obj = 2110.00	Pricing Time = 3
i = 224	Master Time = 0	Lamb = 23115	Total time = 810	Obj = 2110.00	Pricing Time = 3
i = 225	Master Time = 0	Lamb = 23117	Total time = 813	Obj = 2110.00	Pricing Time = 3
i = 226	Master Time = 0	Lamb = 23120	Total time = 816	Obj = 2110.00	Pricing Time = 4
i = 227	Master Time = 0	Lamb = 23122	Total time = 819	Obj = 2110.00	Pricing Time = 3
i = 228	Master Time = 0	Lamb = 23124	Total time = 822	Obj = 2110.00	Pricing Time = 3
i = 229	Master Time = 0	Lamb = 23125	Total time = 826	Obj = 2110.00	Pricing Time = 3
i = 230	Master Time = 0	Lamb = 23128	Total time = 829	Obj = 2110.00	Pricing Time = 3
i = 231	Master Time = 0	Lamb = 23131	Total time = 832	Obj = 2110.00	Pricing Time = 3
i = 232	Master Time = 0	Lamb = 23132	Total time = 835	Obj = 2110.00	Pricing Time = 3
i = 233	Master Time = 1	Lamb = 23136	Total time = 838	Obj = 2110.00	Pricing Time = 3
i = 234	Master Time = 0	Lamb = 23139	Total time = 841	Obj = 2110.00	Pricing Time = 2
i = 235	Master Time = 1	Lamb = 23141	Total time = 844	Obj = 2110.00	Pricing Time = 3
i = 236	Master Time = 0	Lamb = 23142	Total time = 847	Obj = 2110.00	Pricing Time = 2
i = 237	Master Time = 1	Lamb = 23143	Total time = 850	Obj = 2110.00	Pricing Time = 2
i = 238	Master Time = 0	Lamb = 23144	Total time = 853	Obj = 2110.00	Pricing Time = 3
--------------------------------------
n070w4_0_4-9-6-7
X fix to 1: 768
X fix to 0: 0
Fractional X remaining: 1058 | min(0.00158796794991789, 0.9839707103333579)
--------------------------------------
i = 239	Master Time = 2	Lamb = 23144	Total time = 858	Obj = 2160.61	Pricing Time = 1
i = 240	Master Time = 2	Lamb = 23255	Total time = 860	Obj = 2141.65	Pricing Time = 0
i = 241	Master Time = 2	Lamb = 23332	Total time = 862	Obj = 2125.44	Pricing Time = 1
i = 242	Master Time = 2	Lamb = 23388	Total time = 865	Obj = 2119.05	Pricing Time = 0
i = 243	Master Time = 2	Lamb = 23443	Total time = 868	Obj = 2114.10	Pricing Time = 0
i = 244	Master Time = 3	Lamb = 23519	Total time = 871	Obj = 2113.66	Pricing Time = 0
i = 245	Master Time = 3	Lamb = 23654	Total time = 873	Obj = 2113.22	Pricing Time = 2
i = 246	Master Time = 3	Lamb = 23716	Total time = 879	Obj = 2111.76	Pricing Time = 0
i = 247	Master Time = 2	Lamb = 23832	Total time = 881	Obj = 2111.27	Pricing Time = 3
i = 248	Master Time = 2	Lamb = 23898	Total time = 886	Obj = 2110.33	Pricing Time = 1
i = 249	Master Time = 2	Lamb = 23961	Total time = 889	Obj = 2110.22	Pricing Time = 0
i = 250	Master Time = 3	Lamb = 24046	Total time = 891	Obj = 2110.10	Pricing Time = 2
i = 251	Master Time = 2	Lamb = 24121	Total time = 896	Obj = 2110.01	Pricing Time = 2
i = 252	Master Time = 2	Lamb = 24177	Total time = 900	Obj = 2110.00	Pricing Time = 3
i = 253	Master Time = 2	Lamb = 24224	Total time = 905	Obj = 2110.00	Pricing Time = 3
i = 254	Master Time = 2	Lamb = 24249	Total time = 910	Obj = 2110.00	Pricing Time = 2
i = 255	Master Time = 2	Lamb = 24282	Total time = 914	Obj = 2110.00	Pricing Time = 4
i = 256	Master Time = 2	Lamb = 24310	Total time = 920	Obj = 2110.00	Pricing Time = 3
i = 257	Master Time = 2	Lamb = 24344	Total time = 924	Obj = 2110.00	Pricing Time = 2
i = 258	Master Time = 3	Lamb = 24363	Total time = 929	Obj = 2110.00	Pricing Time = 2
i = 259	Master Time = 2	Lamb = 24384	Total time = 934	Obj = 2110.00	Pricing Time = 3
i = 260	Master Time = 2	Lamb = 24398	Total time = 938	Obj = 2110.00	Pricing Time = 2
i = 261	Master Time = 3	Lamb = 24418	Total time = 943	Obj = 2110.00	Pricing Time = 2
i = 262	Master Time = 3	Lamb = 24437	Total time = 948	Obj = 2110.00	Pricing Time = 2
i = 263	Master Time = 1	Lamb = 24450	Total time = 952	Obj = 2110.00	Pricing Time = 3
i = 264	Master Time = 1	Lamb = 24458	Total time = 955	Obj = 2110.00	Pricing Time = 3
i = 265	Master Time = 0	Lamb = 24461	Total time = 959	Obj = 2110.00	Pricing Time = 3
i = 266	Master Time = 0	Lamb = 24463	Total time = 962	Obj = 2110.00	Pricing Time = 2
i = 267	Master Time = 1	Lamb = 24468	Total time = 964	Obj = 2110.00	Pricing Time = 3
i = 268	Master Time = 0	Lamb = 24471	Total time = 968	Obj = 2110.00	Pricing Time = 3
i = 269	Master Time = 1	Lamb = 24472	Total time = 972	Obj = 2110.00	Pricing Time = 3
--------------------------------------
n070w4_0_4-9-6-7
X fix to 1: 783
X fix to 0: 0
Fractional X remaining: 911 | min(0.001874462244451096, 0.9640252760389216)
--------------------------------------
i = 270	Master Time = 2	Lamb = 24472	Total time = 977	Obj = 2113.19	Pricing Time = 1
i = 271	Master Time = 1	Lamb = 24528	Total time = 979	Obj = 2111.40	Pricing Time = 3
i = 272	Master Time = 1	Lamb = 24585	Total time = 983	Obj = 2110.34	Pricing Time = 3
i = 273	Master Time = 2	Lamb = 24624	Total time = 988	Obj = 2110.12	Pricing Time = 3
i = 274	Master Time = 2	Lamb = 24664	Total time = 993	Obj = 2110.01	Pricing Time = 2
i = 275	Master Time = 3	Lamb = 24714	Total time = 997	Obj = 2110.00	Pricing Time = 2
i = 276	Master Time = 2	Lamb = 24733	Total time = 1002	Obj = 2110.00	Pricing Time = 3
i = 277	Master Time = 2	Lamb = 24745	Total time = 1006	Obj = 2110.00	Pricing Time = 2
i = 278	Master Time = 1	Lamb = 24757	Total time = 1009	Obj = 2110.00	Pricing Time = 2
i = 279	Master Time = 1	Lamb = 24766	Total time = 1012	Obj = 2110.00	Pricing Time = 2
i = 280	Master Time = 0	Lamb = 24768	Total time = 1015	Obj = 2110.00	Pricing Time = 3
i = 281	Master Time = 1	Lamb = 24769	Total time = 1018	Obj = 2110.00	Pricing Time = 2
--------------------------------------
n070w4_0_4-9-6-7
X fix to 1: 806
X fix to 0: 0
Fractional X remaining: 879 | min(0.00612403072291344, 0.8909300968756376)
--------------------------------------
i = 282	Master Time = 3	Lamb = 24769	Total time = 1023	Obj = 2147.92	Pricing Time = 0
i = 283	Master Time = 1	Lamb = 24888	Total time = 1025	Obj = 2141.15	Pricing Time = 1
i = 284	Master Time = 1	Lamb = 24964	Total time = 1026	Obj = 2137.25	Pricing Time = 2
i = 285	Master Time = 1	Lamb = 25011	Total time = 1030	Obj = 2127.05	Pricing Time = 3
i = 286	Master Time = 1	Lamb = 25056	Total time = 1033	Obj = 2120.92	Pricing Time = 2
i = 287	Master Time = 1	Lamb = 25089	Total time = 1037	Obj = 2118.43	Pricing Time = 2
i = 288	Master Time = 2	Lamb = 25128	Total time = 1040	Obj = 2116.55	Pricing Time = 2
i = 289	Master Time = 1	Lamb = 25153	Total time = 1043	Obj = 2114.79	Pricing Time = 2
i = 290	Master Time = 1	Lamb = 25180	Total time = 1047	Obj = 2112.24	Pricing Time = 3
i = 291	Master Time = 2	Lamb = 25206	Total time = 1052	Obj = 2111.45	Pricing Time = 2
i = 292	Master Time = 3	Lamb = 25262	Total time = 1056	Obj = 2111.37	Pricing Time = 2
i = 293	Master Time = 3	Lamb = 25335	Total time = 1061	Obj = 2111.36	Pricing Time = 3
i = 294	Master Time = 2	Lamb = 25365	Total time = 1066	Obj = 2110.58	Pricing Time = 2
i = 295	Master Time = 1	Lamb = 25403	Total time = 1069	Obj = 2110.51	Pricing Time = 3
i = 296	Master Time = 1	Lamb = 25422	Total time = 1073	Obj = 2110.45	Pricing Time = 3
i = 297	Master Time = 1	Lamb = 25437	Total time = 1077	Obj = 2110.00	Pricing Time = 2
i = 298	Master Time = 0	Lamb = 25441	Total time = 1080	Obj = 2110.00	Pricing Time = 3
i = 299	Master Time = 1	Lamb = 25444	Total time = 1083	Obj = 2110.00	Pricing Time = 2
i = 300	Master Time = 1	Lamb = 25445	Total time = 1086	Obj = 2110.00	Pricing Time = 2
--------------------------------------
n070w4_0_4-9-6-7
X fix to 1: 844
X fix to 0: 0
Fractional X remaining: 758 | min(1.4645401439145056E-4, 0.9488819007286247)
--------------------------------------
i = 301	Master Time = 2	Lamb = 25445	Total time = 1091	Obj = 2212.80	Pricing Time = 1
i = 302	Master Time = 1	Lamb = 25629	Total time = 1093	Obj = 2188.18	Pricing Time = 1
i = 303	Master Time = 2	Lamb = 25759	Total time = 1095	Obj = 2172.41	Pricing Time = 0
i = 304	Master Time = 2	Lamb = 25903	Total time = 1097	Obj = 2169.32	Pricing Time = 0
i = 305	Master Time = 2	Lamb = 26004	Total time = 1100	Obj = 2158.52	Pricing Time = 0
i = 306	Master Time = 2	Lamb = 26117	Total time = 1102	Obj = 2153.10	Pricing Time = 0
i = 307	Master Time = 2	Lamb = 26240	Total time = 1104	Obj = 2149.95	Pricing Time = 1
i = 308	Master Time = 2	Lamb = 26343	Total time = 1106	Obj = 2144.53	Pricing Time = 0
i = 309	Master Time = 2	Lamb = 26417	Total time = 1109	Obj = 2139.02	Pricing Time = 0
i = 310	Master Time = 3	Lamb = 26489	Total time = 1111	Obj = 2137.85	Pricing Time = 0
i = 311	Master Time = 2	Lamb = 26574	Total time = 1114	Obj = 2136.28	Pricing Time = 0
i = 312	Master Time = 2	Lamb = 26640	Total time = 1116	Obj = 2134.13	Pricing Time = 3
i = 313	Master Time = 2	Lamb = 26708	Total time = 1120	Obj = 2129.47	Pricing Time = 2
i = 314	Master Time = 2	Lamb = 26769	Total time = 1124	Obj = 2127.93	Pricing Time = 3
i = 315	Master Time = 2	Lamb = 26814	Total time = 1129	Obj = 2125.50	Pricing Time = 2
i = 316	Master Time = 2	Lamb = 26882	Total time = 1134	Obj = 2124.01	Pricing Time = 2
i = 317	Master Time = 2	Lamb = 26919	Total time = 1138	Obj = 2120.28	Pricing Time = 2
i = 318	Master Time = 2	Lamb = 26964	Total time = 1142	Obj = 2120.00	Pricing Time = 3
i = 319	Master Time = 2	Lamb = 27001	Total time = 1147	Obj = 2119.50	Pricing Time = 3
i = 320	Master Time = 2	Lamb = 27039	Total time = 1151	Obj = 2118.31	Pricing Time = 2
i = 321	Master Time = 3	Lamb = 27075	Total time = 1156	Obj = 2116.18	Pricing Time = 2
i = 322	Master Time = 2	Lamb = 27124	Total time = 1161	Obj = 2115.00	Pricing Time = 3
i = 323	Master Time = 2	Lamb = 27166	Total time = 1165	Obj = 2115.00	Pricing Time = 2
i = 324	Master Time = 2	Lamb = 27205	Total time = 1170	Obj = 2112.44	Pricing Time = 2
i = 325	Master Time = 2	Lamb = 27254	Total time = 1174	Obj = 2110.64	Pricing Time = 0
i = 326	Master Time = 2	Lamb = 27310	Total time = 1176	Obj = 2110.53	Pricing Time = 3
i = 327	Master Time = 2	Lamb = 27358	Total time = 1180	Obj = 2110.00	Pricing Time = 3
i = 328	Master Time = 2	Lamb = 27389	Total time = 1186	Obj = 2110.00	Pricing Time = 3
i = 329	Master Time = 2	Lamb = 27411	Total time = 1191	Obj = 2110.00	Pricing Time = 3
i = 330	Master Time = 2	Lamb = 27435	Total time = 1195	Obj = 2110.00	Pricing Time = 3
i = 331	Master Time = 2	Lamb = 27443	Total time = 1201	Obj = 2110.00	Pricing Time = 2
i = 332	Master Time = 2	Lamb = 27455	Total time = 1204	Obj = 2110.00	Pricing Time = 2
i = 333	Master Time = 2	Lamb = 27472	Total time = 1209	Obj = 2110.00	Pricing Time = 2
i = 334	Master Time = 1	Lamb = 27484	Total time = 1212	Obj = 2110.00	Pricing Time = 2
i = 335	Master Time = 1	Lamb = 27495	Total time = 1215	Obj = 2110.00	Pricing Time = 2
i = 336	Master Time = 1	Lamb = 27498	Total time = 1218	Obj = 2110.00	Pricing Time = 2
i = 337	Master Time = 1	Lamb = 27499	Total time = 1221	Obj = 2110.00	Pricing Time = 2
--------------------------------------
n070w4_0_4-9-6-7
X fix to 1: 879
X fix to 0: 0
Fractional X remaining: 567 | min(0.027027027027026224, 0.8378378378378432)
--------------------------------------
i = 338	Master Time = 2	Lamb = 27499	Total time = 1226	Obj = 2201.60	Pricing Time = 0
i = 339	Master Time = 2	Lamb = 27581	Total time = 1228	Obj = 2186.40	Pricing Time = 0
i = 340	Master Time = 2	Lamb = 27681	Total time = 1230	Obj = 2156.35	Pricing Time = 0
i = 341	Master Time = 2	Lamb = 27768	Total time = 1232	Obj = 2150.71	Pricing Time = 3
i = 342	Master Time = 0	Lamb = 27830	Total time = 1235	Obj = 2146.59	Pricing Time = 2
i = 343	Master Time = 1	Lamb = 27875	Total time = 1238	Obj = 2141.14	Pricing Time = 3
i = 344	Master Time = 1	Lamb = 27903	Total time = 1242	Obj = 2131.38	Pricing Time = 3
i = 345	Master Time = 1	Lamb = 27922	Total time = 1245	Obj = 2120.80	Pricing Time = 2
i = 346	Master Time = 1	Lamb = 27947	Total time = 1248	Obj = 2117.86	Pricing Time = 2
i = 347	Master Time = 1	Lamb = 27962	Total time = 1252	Obj = 2117.03	Pricing Time = 2
i = 348	Master Time = 1	Lamb = 27976	Total time = 1255	Obj = 2115.43	Pricing Time = 2
i = 349	Master Time = 1	Lamb = 27990	Total time = 1258	Obj = 2115.00	Pricing Time = 3
i = 350	Master Time = 3	Lamb = 27995	Total time = 1263	Obj = 2113.75	Pricing Time = 2
i = 351	Master Time = 2	Lamb = 28007	Total time = 1268	Obj = 2113.75	Pricing Time = 3
i = 352	Master Time = 2	Lamb = 28061	Total time = 1272	Obj = 2113.33	Pricing Time = 2
i = 353	Master Time = 2	Lamb = 28124	Total time = 1277	Obj = 2112.00	Pricing Time = 4
i = 354	Master Time = 1	Lamb = 28168	Total time = 1282	Obj = 2110.00	Pricing Time = 3
i = 355	Master Time = 1	Lamb = 28220	Total time = 1286	Obj = 2110.00	Pricing Time = 3
i = 356	Master Time = 2	Lamb = 28251	Total time = 1290	Obj = 2110.00	Pricing Time = 3
i = 357	Master Time = 1	Lamb = 28271	Total time = 1295	Obj = 2110.00	Pricing Time = 3
i = 358	Master Time = 2	Lamb = 28304	Total time = 1300	Obj = 2110.00	Pricing Time = 3
i = 359	Master Time = 2	Lamb = 28318	Total time = 1304	Obj = 2110.00	Pricing Time = 2
i = 360	Master Time = 3	Lamb = 28340	Total time = 1309	Obj = 2110.00	Pricing Time = 2
i = 361	Master Time = 2	Lamb = 28366	Total time = 1314	Obj = 2110.00	Pricing Time = 3
i = 362	Master Time = 1	Lamb = 28387	Total time = 1318	Obj = 2110.00	Pricing Time = 3
i = 363	Master Time = 2	Lamb = 28413	Total time = 1322	Obj = 2110.00	Pricing Time = 2
i = 364	Master Time = 1	Lamb = 28426	Total time = 1326	Obj = 2110.00	Pricing Time = 2
i = 365	Master Time = 1	Lamb = 28434	Total time = 1329	Obj = 2110.00	Pricing Time = 3
i = 366	Master Time = 0	Lamb = 28437	Total time = 1332	Obj = 2110.00	Pricing Time = 3
i = 367	Master Time = 0	Lamb = 28441	Total time = 1335	Obj = 2110.00	Pricing Time = 3
--------------------------------------
n070w4_0_4-9-6-7
X fix to 1: 896
X fix to 0: 0
Fractional X remaining: 370 | min(0.016129032258065057, 0.9838709677419302)
--------------------------------------
i = 368	Master Time = 2	Lamb = 28441	Total time = 1339	Obj = 2152.50	Pricing Time = 2
i = 369	Master Time = 1	Lamb = 28505	Total time = 1343	Obj = 2135.68	Pricing Time = 2
i = 370	Master Time = 2	Lamb = 28561	Total time = 1346	Obj = 2132.78	Pricing Time = 1
i = 371	Master Time = 2	Lamb = 28621	Total time = 1349	Obj = 2125.00	Pricing Time = 2
i = 372	Master Time = 2	Lamb = 28655	Total time = 1354	Obj = 2120.71	Pricing Time = 2
i = 373	Master Time = 2	Lamb = 28693	Total time = 1358	Obj = 2120.00	Pricing Time = 2
i = 374	Master Time = 2	Lamb = 28732	Total time = 1361	Obj = 2120.00	Pricing Time = 3
i = 375	Master Time = 1	Lamb = 28767	Total time = 1366	Obj = 2113.75	Pricing Time = 2
i = 376	Master Time = 2	Lamb = 28808	Total time = 1369	Obj = 2110.00	Pricing Time = 2
i = 377	Master Time = 2	Lamb = 28842	Total time = 1374	Obj = 2110.00	Pricing Time = 2
i = 378	Master Time = 1	Lamb = 28869	Total time = 1377	Obj = 2110.00	Pricing Time = 3
i = 379	Master Time = 2	Lamb = 28888	Total time = 1381	Obj = 2110.00	Pricing Time = 2
i = 380	Master Time = 2	Lamb = 28918	Total time = 1385	Obj = 2110.00	Pricing Time = 2
i = 381	Master Time = 2	Lamb = 28948	Total time = 1389	Obj = 2110.00	Pricing Time = 2
i = 382	Master Time = 1	Lamb = 28973	Total time = 1393	Obj = 2110.00	Pricing Time = 3
i = 383	Master Time = 1	Lamb = 28998	Total time = 1397	Obj = 2110.00	Pricing Time = 3
i = 384	Master Time = 2	Lamb = 29024	Total time = 1401	Obj = 2110.00	Pricing Time = 2
i = 385	Master Time = 2	Lamb = 29061	Total time = 1405	Obj = 2110.00	Pricing Time = 3
i = 386	Master Time = 0	Lamb = 29066	Total time = 1409	Obj = 2110.00	Pricing Time = 4
i = 387	Master Time = 1	Lamb = 29081	Total time = 1414	Obj = 2110.00	Pricing Time = 2
i = 388	Master Time = 2	Lamb = 29109	Total time = 1417	Obj = 2110.00	Pricing Time = 2
i = 389	Master Time = 1	Lamb = 29128	Total time = 1421	Obj = 2110.00	Pricing Time = 3
i = 390	Master Time = 1	Lamb = 29151	Total time = 1425	Obj = 2110.00	Pricing Time = 3
i = 391	Master Time = 1	Lamb = 29166	Total time = 1429	Obj = 2110.00	Pricing Time = 3
i = 392	Master Time = 1	Lamb = 29170	Total time = 1432	Obj = 2110.00	Pricing Time = 3
i = 393	Master Time = 1	Lamb = 29190	Total time = 1437	Obj = 2110.00	Pricing Time = 3
i = 394	Master Time = 0	Lamb = 29223	Total time = 1440	Obj = 2110.00	Pricing Time = 3
i = 395	Master Time = 1	Lamb = 29251	Total time = 1444	Obj = 2110.00	Pricing Time = 3
i = 396	Master Time = 1	Lamb = 29260	Total time = 1447	Obj = 2110.00	Pricing Time = 2
i = 397	Master Time = 1	Lamb = 29266	Total time = 1450	Obj = 2110.00	Pricing Time = 3
i = 398	Master Time = 1	Lamb = 29271	Total time = 1454	Obj = 2110.00	Pricing Time = 2
i = 399	Master Time = 1	Lamb = 29277	Total time = 1457	Obj = 2110.00	Pricing Time = 3
i = 400	Master Time = 1	Lamb = 29279	Total time = 1461	Obj = 2110.00	Pricing Time = 3
i = 401	Master Time = 0	Lamb = 29282	Total time = 1465	Obj = 2110.00	Pricing Time = 4
i = 402	Master Time = 0	Lamb = 29284	Total time = 1469	Obj = 2110.00	Pricing Time = 3
i = 403	Master Time = 1	Lamb = 29285	Total time = 1472	Obj = 2110.00	Pricing Time = 3
i = 404	Master Time = 0	Lamb = 29287	Total time = 1475	Obj = 2110.00	Pricing Time = 3
i = 405	Master Time = 0	Lamb = 29288	Total time = 1479	Obj = 2110.00	Pricing Time = 2
i = 406	Master Time = 1	Lamb = 29289	Total time = 1481	Obj = 2110.00	Pricing Time = 2
--------------------------------------
n070w4_0_4-9-6-7
X fix to 1: 920
X fix to 0: 0
Fractional X remaining: 278 | min(0.09090909090908939, 0.818181818181819)
--------------------------------------
i = 407	Master Time = 1	Lamb = 29289	Total time = 1484	Obj = 2110.00	Pricing Time = 2
i = 408	Master Time = 1	Lamb = 29297	Total time = 1487	Obj = 2110.00	Pricing Time = 2
--------------------------------------
n070w4_0_4-9-6-7
X fix to 1: 921
X fix to 0: 1
Fractional X remaining: 170 | min(0.49999999999999944, 0.5000000000000007)
--------------------------------------
i = 409	Master Time = 1	Lamb = 29297	Total time = 1490	Obj = 2148.00	Pricing Time = 2
i = 410	Master Time = 1	Lamb = 29313	Total time = 1493	Obj = 2144.33	Pricing Time = 2
i = 411	Master Time = 1	Lamb = 29321	Total time = 1496	Obj = 2138.00	Pricing Time = 2
i = 412	Master Time = 1	Lamb = 29328	Total time = 1499	Obj = 2135.00	Pricing Time = 2
i = 413	Master Time = 0	Lamb = 29335	Total time = 1502	Obj = 2131.67	Pricing Time = 3
i = 414	Master Time = 1	Lamb = 29344	Total time = 1505	Obj = 2131.25	Pricing Time = 2
i = 415	Master Time = 0	Lamb = 29348	Total time = 1508	Obj = 2129.29	Pricing Time = 3
i = 416	Master Time = 0	Lamb = 29356	Total time = 1511	Obj = 2129.29	Pricing Time = 3
i = 417	Master Time = 0	Lamb = 29359	Total time = 1514	Obj = 2128.33	Pricing Time = 3
i = 418	Master Time = 0	Lamb = 29363	Total time = 1517	Obj = 2128.33	Pricing Time = 3
i = 419	Master Time = 0	Lamb = 29366	Total time = 1520	Obj = 2128.33	Pricing Time = 3
i = 420	Master Time = 0	Lamb = 29368	Total time = 1522	Obj = 2128.33	Pricing Time = 3
--------------------------------------
n070w4_0_4-9-6-7
X fix to 1: 922
X fix to 0: 2
Fractional X remaining: 85 | min(0.3333333333333331, 0.666666666666667)
--------------------------------------
i = 421	Master Time = 0	Lamb = 29368	Total time = 1525	Obj = 2128.33	Pricing Time = 2
i = 422	Master Time = 0	Lamb = 29370	Total time = 1528	Obj = 2128.33	Pricing Time = 3
i = 423	Master Time = 0	Lamb = 29374	Total time = 1531	Obj = 2128.33	Pricing Time = 2
i = 424	Master Time = 1	Lamb = 29376	Total time = 1533	Obj = 2128.33	Pricing Time = 2
--------------------------------------
n070w4_0_4-9-6-7
X fix to 1: 923
X fix to 0: 3
Fractional X remaining: 70 | min(0.33333333333333304, 0.666666666666667)
--------------------------------------
i = 425	Master Time = 0	Lamb = 29376	Total time = 1536	Obj = 2147.25	Pricing Time = 2
i = 426	Master Time = 1	Lamb = 29391	Total time = 1539	Obj = 2144.93	Pricing Time = 2
i = 427	Master Time = 1	Lamb = 29403	Total time = 1541	Obj = 2141.53	Pricing Time = 2
i = 428	Master Time = 0	Lamb = 29412	Total time = 1544	Obj = 2140.09	Pricing Time = 3
i = 429	Master Time = 0	Lamb = 29419	Total time = 1547	Obj = 2139.58	Pricing Time = 3
i = 430	Master Time = 0	Lamb = 29422	Total time = 1550	Obj = 2139.58	Pricing Time = 3
i = 431	Master Time = 0	Lamb = 29424	Total time = 1553	Obj = 2138.93	Pricing Time = 3
Warning: duals have not changed (iter 432)!
i = 432	Master Time = 0	Lamb = 29425	Total time = 1556	Obj = 2135.00	Pricing Time = 3
i = 433	Master Time = 0	Lamb = 29426	Total time = 1558	Obj = 2135.00	Pricing Time = 2
i = 434	Master Time = 0	Lamb = 29433	Total time = 1561	Obj = 2135.00	Pricing Time = 3
i = 435	Master Time = 0	Lamb = 29434	Total time = 1563	Obj = 2135.00	Pricing Time = 2
i = 436	Master Time = 1	Lamb = 29435	Total time = 1566	Obj = 2135.00	Pricing Time = 2
i = 437	Master Time = 1	Lamb = 29436	Total time = 1569	Obj = 2135.00	Pricing Time = 2
i = 438	Master Time = 0	Lamb = 29437	Total time = 1572	Obj = 2135.00	Pricing Time = 3

n070w4_0_4-9-6-7
Integer solution found

Printing SHIFT allocations
HN_0   |L|L|-|-|-|-|-| |D|D|D|L|L|-|-| |-|-|-|-|L|L|N| |N|N|N|-|-|-|-|
HN_1   |E|E|-|-|-|-|-| |E|E|E|E|E|-|-| |-|-|-|E|E|E|E| |-|-|-|E|E|E|E|
HN_2   |N|N|N|N|-|-|-| |-|-|N|N|N|N|N| |-|-|L|L|L|-|-| |-|-|-|D|D|D|D|
HN_3   |-|-|E|E|L|L|-| |-|-|-|-|-|E|E| |E|D|D|-|-|-|-| |-|D|D|E|E|-|-|
HN_4   |D|D|-|-|-|N|N| |N|N|N|-|-|-|-| |-|N|N|N|N|-|-| |-|-|-|N|N|N|N|
HN_5   |-|L|L|L|L|-|-| |-|-|-|-|L|L|L| |L|L|-|-|-|-|-| |-|L|L|L|L|-|-|
HN_6   |E|E|E|-|-|E|E| |E|L|L|-|-|-|-| |-|D|D|L|L|-|-| |E|E|E|-|-|L|L|
HN_7   |-|-|-|D|D|D|L| |L|-|-|-|-|D|D| |D|E|E|-|-|-|-| |E|E|L|L|L|-|-|
NU_8   |L|L|L|L|L|-|-| |-|-|-|E|E|L|L| |L|-|-|-|D|D|D| |D|D|-|-|-|-|-|
NU_9   |N|N|N|N|N|-|-| |-|N|N|N|N|-|-| |-|-|N|N|N|N|N| |-|-|-|-|N|N|N|
NU_10  |D|D|D|D|-|-|-| |D|D|D|D|-|-|-| |-|D|D|D|D|-|-| |-|-|-|D|D|E|E|
NU_11  |N|N|-|-|E|E|L| |L|-|-|E|E|L|L| |-|-|L|L|L|-|-| |E|E|L|L|L|-|-|
NU_12  |-|L|L|L|-|-|-| |L|L|L|L|L|-|-| |L|L|L|-|-|L|L| |L|L|-|-|-|-|-|
NU_13  |N|N|-|-|-|-|-| |-|N|N|N|N|-|-| |-|-|-|-|E|E|N| |N|N|N|-|-|-|-|
NU_14  |N|N|N|N|N|-|-| |-|N|N|N|N|-|-| |-|-|N|N|N|N|N| |-|-|-|-|N|N|N|
NU_15  |D|D|D|D|D|-|-| |D|D|D|D|-|-|-| |D|D|D|-|-|D|D| |D|D|-|-|-|-|-|
NU_16  |E|E|E|E|-|-|-| |E|E|E|E|E|-|-| |-|-|-|E|E|E|E| |-|-|-|-|E|E|E|
NU_17  |-|-|-|-|N|N|N| |N|-|-|-|-|-|-| |N|N|N|N|N|-|-| |-|-|-|-|N|N|N|
NU_18  |D|D|D|D|D|-|-| |-|E|E|D|D|-|-| |-|-|-|D|D|D|D| |-|-|-|-|-|D|D|
NU_19  |E|E|-|-|-|-|-| |N|N|N|N|N|-|-| |-|-|-|D|D|D|L| |L|-|-|E|E|L|L|
NU_20  |N|N|N|N|N|-|-| |N|N|N|N|N|-|-| |N|N|N|N|N|-|-| |N|N|N|N|N|-|-|
NU_21  |-|-|-|-|D|D|D| |D|-|-|-|-|-|-| |D|D|D|D|-|-|-| |-|-|E|E|L|L|-|
NU_22  |L|-|E|E|E|-|-| |N|N|N|N|N|-|-| |L|L|L|-|-|E|E| |E|L|L|-|-|E|E|
NU_23  |E|E|E|E|-|-|-| |-|E|E|E|E|-|-| |-|-|-|E|E|E|E| |-|-|E|E|E|-|-|
NU_24  |-|-|N|N|N|N|-| |-|-|-|-|N|N|N| |N|-|-|-|-|-|-| |N|N|N|N|-|-|-|
NU_25  |E|E|D|D|D|-|-| |D|D|D|E|E|-|-| |E|E|D|D|D|-|-| |N|N|N|N|N|-|-|
NU_26  |E|-|-|E|E|L|L| |-|-|L|L|L|-|-| |D|D|L|L|L|-|-| |E|E|D|D|D|-|-|
NU_27  |D|D|-|-|D|D|D| |D|-|-|D|D|D|D| |-|-|D|D|D|-|-| |D|D|D|D|D|-|-|
NU_28  |-|-|D|D|D|-|-| |D|D|D|D|D|-|-| |-|-|-|D|D|D|D| |-|-|-|-|D|D|D|
NU_29  |L|L|L|L|L|-|-| |-|-|L|L|L|-|-| |-|-|-|D|D|L|L| |-|-|-|-|L|L|L|
NU_30  |-|D|D|D|D|-|-| |-|D|D|D|D|-|-| |D|D|D|-|-|D|D| |D|-|-|-|D|D|D|
NU_31  |-|-|D|D|D|-|-| |E|E|E|E|E|-|-| |E|E|E|E|E|-|-| |D|D|D|D|D|-|-|
NU_32  |-|-|-|E|E|E|E| |-|-|-|-|-|-|E| |E|E|E|-|-|-|-| |-|E|E|E|E|-|-|
NU_33  |L|-|-|E|E|D|D| |D|-|-|D|D|D|D| |-|-|D|D|D|-|-| |D|D|D|D|D|-|-|
NU_34  |N|N|N|N|N|-|-| |-|-|-|-|N|N|N| |N|-|-|-|-|-|-| |N|N|N|N|N|-|-|
NU_35  |-|-|L|L|L|-|-| |L|L|L|L|L|-|-| |-|L|L|L|L|-|-| |L|L|L|-|-|-|-|
NU_36  |-|-|-|D|D|D|D| |-|-|-|-|-|-|E| |E|E|E|-|-|-|-| |-|E|E|D|D|-|-|
NU_37  |N|-|-|-|-|N|N| |N|N|N|-|-|E|E| |L|L|-|-|-|-|-| |D|D|E|E|E|-|-|
NU_38  |-|-|-|-|E|E|E| |E|L|L|-|-|-|-| |-|-|E|E|E|E|L| |L|-|-|-|-|-|-|
NU_39  |L|L|-|-|-|-|-| |E|E|D|D|D|-|-| |L|L|L|L|L|-|-| |L|L|L|-|-|-|-|
CT_40  |D|D|D|L|L|-|-| |L|L|L|-|-|D|D| |D|D|-|-|L|L|L| |L|L|-|-|-|-|-|
CT_41  |-|-|N|N|N|N|-| |-|-|-|-|-|D|D| |D|D|-|-|-|-|-| |-|N|N|N|N|-|-|
CT_42  |-|-|D|D|D|-|-| |E|E|E|D|D|-|-| |N|N|N|N|N|-|-| |D|D|D|E|E|-|-|
CT_43  |-|-|-|-|N|N|N| |N|N|-|-|-|-|-| |E|E|D|D|-|-|-| |-|-|L|L|L|L|-|
CT_44  |L|L|L|L|L|-|-| |L|L|L|L|L|-|-| |L|L|L|L|L|-|-| |D|D|L|L|L|-|-|
CT_45  |L|L|L|L|L|-|-| |L|L|L|L|L|-|-| |E|E|L|L|L|-|-| |E|E|D|D|D|-|-|
CT_46  |E|E|E|L|L|-|-| |D|D|E|E|E|-|-| |E|E|E|E|E|-|-| |E|E|E|D|D|-|-|
CT_47  |D|D|E|E|-|-|-| |E|E|D|D|-|-|-| |D|D|L|L|L|-|-| |-|N|N|N|N|-|-|
CT_48  |N|N|N|-|-|-|-| |D|D|E|E|E|-|-| |L|L|L|-|-|-|-| |-|E|E|D|D|-|-|
CT_49  |E|-|E|E|E|-|-| |E|E|E|E|E|-|-| |D|D|D|E|E|-|-| |D|D|D|E|E|-|-|
CT_50  |E|E|D|D|-|-|-| |-|-|N|N|N|N|-| |-|-|-|-|E|E|N| |N|N|N|-|-|-|-|
CT_51  |-|-|-|E|E|L|L| |L|L|-|-|-|-|-| |E|E|D|D|-|-|-| |-|-|N|N|N|N|-|
CT_52  |D|D|E|E|-|-|-| |D|D|D|D|-|-|-| |-|E|E|D|D|-|-| |L|L|L|-|-|-|-|
CT_53  |E|E|-|-|N|N|N| |N|N|-|-|L|L|L| |-|-|E|E|E|-|-| |E|E|L|L|L|-|-|
CT_54  |D|D|-|-|L|L|L| |-|-|L|L|L|-|-| |N|N|N|N|N|-|-| |D|D|L|L|L|-|-|
CT_55  |N|N|N|N|N|-|-| |N|N|N|N|N|-|-| |N|N|N|N|N|-|-| |N|N|N|N|N|-|-|
CT_56  |N|N|N|N|N|-|-| |L|L|L|L|L|-|-| |N|N|N|N|N|-|-| |D|D|D|E|E|-|-|
CT_57  |-|L|L|L|L|-|-| |L|L|L|-|-|-|-| |L|L|L|L|L|-|-| |L|L|L|-|-|-|-|
CT_58  |L|L|L|L|-|-|-| |E|E|E|E|-|-|-| |-|D|D|E|E|-|-| |L|L|L|-|-|-|-|
CT_59  |D|-|-|-|E|E|E| |D|D|-|-|-|-|-| |N|N|N|N|N|-|-| |-|-|-|N|N|N|N|
TR_60  |D|D|D|E|E|-|-| |E|E|D|D|D|-|-| |E|E|E|L|L|-|-| |D|D|E|E|E|-|-|
TR_61  |D|D|-|-|-|-|-| |-|E|E|L|L|-|-| |-|-|-|-|D|D|D| |L|L|-|-|-|-|-|
TR_62  |E|E|L|L|L|-|-| |N|N|N|N|N|-|-| |-|D|D|N|N|N|N| |-|-|L|L|N|N|N|
TR_63  |-|E|E|E|E|-|-| |-|-|-|D|D|D|L| |L|L|-|-|-|-|-| |-|D|D|E|E|-|-|
TR_64  |L|-|-|-|N|N|N| |N|N|-|-|N|N|N| |N|N|-|-|-|-|-| |N|N|N|N|-|-|-|
TR_65  |-|L|L|L|L|-|-| |D|D|L|L|-|E|E| |E|-|-|E|E|L|L| |L|-|-|L|L|L|L|
TR_66  |-|-|D|D|N|N|N| |N|N|-|-|-|-|-| |-|N|N|N|N|-|-| |-|-|-|-|N|N|N|
TR_67  |-|-|-|-|D|D|L| |L|L|-|-|-|-|-| |-|L|L|L|L|-|-| |-|-|-|D|D|D|E|
TR_68  |L|-|-|-|D|D|D| |-|-|E|E|E|D|D| |-|-|D|D|D|-|-| |-|D|D|D|-|-|-|
TR_69  |N|N|N|N|N|-|-| |D|D|D|E|E|-|-| |D|D|E|E|E|-|-| |E|E|E|-|-|E|E|
Total assignment constraints: 1000
Consecutive constraints: 75
Non working days constraints: 90
Preferences: 130
Max working weekend: 420
Complete weekends: 0
Optimal coverage constraints: 420
TOTAL = 2135
