Creating directory: out/n070w4_2_5-8-2-5

-----------------------------------------------------------
Instance	n070w4_2_5-8-2-5
algorithm	=	vns
maxIter	=	10
eliteSet	=	10
shakePerc	=	0.9
bestKnow	=	2315.95
minColsIter	=	0.35
minRoundDown	=	-1.0
minRoundUp	=	0.67
seed	=	0
onlyRelax	=	false
nThreads	=	20
alpha	=	0.6
timeOut	=	14600
-----------------------------------------------------------
Parallels mode has been selected.
i = 0	Master Time = 0	Lamb = 0	Total time = 3	Obj = 402270.00	Pricing Time = 0
i = 1	Master Time = 1	Lamb = 458	Total time = 4	Obj = 132446.67	Pricing Time = 0
i = 2	Master Time = 1	Lamb = 879	Total time = 5	Obj = 49843.60	Pricing Time = 0
i = 3	Master Time = 1	Lamb = 1309	Total time = 7	Obj = 39481.45	Pricing Time = 1
i = 4	Master Time = 1	Lamb = 1730	Total time = 8	Obj = 23425.46	Pricing Time = 0
i = 5	Master Time = 1	Lamb = 2144	Total time = 9	Obj = 17081.80	Pricing Time = 0
i = 6	Master Time = 1	Lamb = 2578	Total time = 11	Obj = 13051.33	Pricing Time = 0
i = 7	Master Time = 1	Lamb = 2999	Total time = 12	Obj = 10062.37	Pricing Time = 1
i = 8	Master Time = 1	Lamb = 3398	Total time = 14	Obj = 8062.24	Pricing Time = 0
i = 9	Master Time = 2	Lamb = 3812	Total time = 16	Obj = 6599.45	Pricing Time = 0
i = 10	Master Time = 1	Lamb = 4197	Total time = 18	Obj = 5802.60	Pricing Time = 1
i = 11	Master Time = 1	Lamb = 4567	Total time = 20	Obj = 5022.93	Pricing Time = 0
i = 12	Master Time = 2	Lamb = 4919	Total time = 22	Obj = 4362.17	Pricing Time = 1
i = 13	Master Time = 1	Lamb = 5277	Total time = 24	Obj = 3936.92	Pricing Time = 1
i = 14	Master Time = 2	Lamb = 5613	Total time = 26	Obj = 3683.83	Pricing Time = 0
i = 15	Master Time = 2	Lamb = 5952	Total time = 28	Obj = 3481.60	Pricing Time = 0
i = 16	Master Time = 2	Lamb = 6268	Total time = 30	Obj = 3323.48	Pricing Time = 0
i = 17	Master Time = 2	Lamb = 6565	Total time = 32	Obj = 3188.37	Pricing Time = 0
i = 18	Master Time = 2	Lamb = 6841	Total time = 35	Obj = 3024.92	Pricing Time = 1
i = 19	Master Time = 1	Lamb = 7111	Total time = 37	Obj = 2943.35	Pricing Time = 1
i = 20	Master Time = 1	Lamb = 7341	Total time = 39	Obj = 2898.58	Pricing Time = 1
i = 21	Master Time = 1	Lamb = 7566	Total time = 41	Obj = 2852.41	Pricing Time = 1
i = 22	Master Time = 2	Lamb = 7772	Total time = 43	Obj = 2800.41	Pricing Time = 0
i = 23	Master Time = 2	Lamb = 7959	Total time = 45	Obj = 2769.79	Pricing Time = 0
i = 24	Master Time = 2	Lamb = 8136	Total time = 47	Obj = 2739.66	Pricing Time = 1
i = 25	Master Time = 2	Lamb = 8311	Total time = 50	Obj = 2690.00	Pricing Time = 0
i = 26	Master Time = 2	Lamb = 8498	Total time = 52	Obj = 2657.12	Pricing Time = 0
i = 27	Master Time = 2	Lamb = 8662	Total time = 54	Obj = 2627.94	Pricing Time = 0
i = 28	Master Time = 2	Lamb = 8820	Total time = 56	Obj = 2605.51	Pricing Time = 0
i = 29	Master Time = 1	Lamb = 8959	Total time = 57	Obj = 2583.10	Pricing Time = 0
i = 30	Master Time = 1	Lamb = 9080	Total time = 59	Obj = 2571.95	Pricing Time = 1
i = 31	Master Time = 2	Lamb = 9196	Total time = 61	Obj = 2556.60	Pricing Time = 0
i = 32	Master Time = 1	Lamb = 9288	Total time = 62	Obj = 2548.59	Pricing Time = 0
i = 33	Master Time = 1	Lamb = 9397	Total time = 64	Obj = 2539.24	Pricing Time = 1
i = 34	Master Time = 1	Lamb = 9491	Total time = 65	Obj = 2529.71	Pricing Time = 0
i = 35	Master Time = 1	Lamb = 9585	Total time = 66	Obj = 2522.54	Pricing Time = 0
i = 36	Master Time = 1	Lamb = 9663	Total time = 68	Obj = 2518.85	Pricing Time = 1
i = 37	Master Time = 1	Lamb = 9733	Total time = 69	Obj = 2509.37	Pricing Time = 0
i = 38	Master Time = 1	Lamb = 9798	Total time = 70	Obj = 2505.79	Pricing Time = 0
i = 39	Master Time = 1	Lamb = 9870	Total time = 72	Obj = 2494.49	Pricing Time = 1
i = 40	Master Time = 1	Lamb = 9940	Total time = 74	Obj = 2490.92	Pricing Time = 0
i = 41	Master Time = 2	Lamb = 10001	Total time = 75	Obj = 2487.49	Pricing Time = 0
i = 42	Master Time = 1	Lamb = 10044	Total time = 76	Obj = 2485.81	Pricing Time = 0
i = 43	Master Time = 1	Lamb = 10092	Total time = 77	Obj = 2481.85	Pricing Time = 0
i = 44	Master Time = 1	Lamb = 10156	Total time = 78	Obj = 2479.09	Pricing Time = 0
i = 45	Master Time = 0	Lamb = 10201	Total time = 80	Obj = 2477.33	Pricing Time = 1
i = 46	Master Time = 1	Lamb = 10255	Total time = 81	Obj = 2472.31	Pricing Time = 0
i = 47	Master Time = 1	Lamb = 10300	Total time = 82	Obj = 2470.77	Pricing Time = 0
i = 48	Master Time = 1	Lamb = 10344	Total time = 83	Obj = 2468.41	Pricing Time = 10
i = 49	Master Time = 2	Lamb = 10436	Total time = 96	Obj = 2422.73	Pricing Time = 1
i = 50	Master Time = 1	Lamb = 10647	Total time = 97	Obj = 2419.76	Pricing Time = 0
i = 51	Master Time = 2	Lamb = 10753	Total time = 99	Obj = 2417.17	Pricing Time = 0
i = 52	Master Time = 1	Lamb = 10830	Total time = 100	Obj = 2414.06	Pricing Time = 0
i = 53	Master Time = 1	Lamb = 10897	Total time = 102	Obj = 2410.57	Pricing Time = 1
i = 54	Master Time = 1	Lamb = 10943	Total time = 103	Obj = 2409.82	Pricing Time = 0
i = 55	Master Time = 1	Lamb = 10993	Total time = 105	Obj = 2409.38	Pricing Time = 0
i = 56	Master Time = 1	Lamb = 11040	Total time = 106	Obj = 2408.81	Pricing Time = 7
i = 57	Master Time = 3	Lamb = 11132	Total time = 116	Obj = 2386.20	Pricing Time = 0
i = 58	Master Time = 2	Lamb = 11277	Total time = 118	Obj = 2384.52	Pricing Time = 0
i = 59	Master Time = 1	Lamb = 11360	Total time = 120	Obj = 2382.66	Pricing Time = 1
i = 60	Master Time = 1	Lamb = 11425	Total time = 121	Obj = 2382.08	Pricing Time = 0
i = 61	Master Time = 1	Lamb = 11473	Total time = 122	Obj = 2378.33	Pricing Time = 0
i = 62	Master Time = 1	Lamb = 11520	Total time = 124	Obj = 2377.78	Pricing Time = 1
i = 63	Master Time = 1	Lamb = 11566	Total time = 125	Obj = 2377.24	Pricing Time = 9
i = 64	Master Time = 2	Lamb = 11669	Total time = 136	Obj = 2360.34	Pricing Time = 0
i = 65	Master Time = 1	Lamb = 11748	Total time = 138	Obj = 2359.36	Pricing Time = 23
i = 66	Master Time = 2	Lamb = 11875	Total time = 163	Obj = 2339.53	Pricing Time = 5
i = 67	Master Time = 0	Lamb = 11906	Total time = 168	Obj = 2332.26	Pricing Time = 5
i = 68	Master Time = 2	Lamb = 11928	Total time = 174	Obj = 2327.40	Pricing Time = 7
i = 69	Master Time = 1	Lamb = 11978	Total time = 182	Obj = 2322.61	Pricing Time = 4
i = 70	Master Time = 1	Lamb = 11998	Total time = 187	Obj = 2320.47	Pricing Time = 5
i = 71	Master Time = 1	Lamb = 12013	Total time = 193	Obj = 2308.66	Pricing Time = 5
i = 72	Master Time = 1	Lamb = 12028	Total time = 199	Obj = 2304.17	Pricing Time = 5
i = 73	Master Time = 0	Lamb = 12045	Total time = 205	Obj = 2301.25	Pricing Time = 6
i = 74	Master Time = 0	Lamb = 12056	Total time = 211	Obj = 2300.58	Pricing Time = 5
i = 75	Master Time = 0	Lamb = 12072	Total time = 216	Obj = 2298.47	Pricing Time = 6
i = 76	Master Time = 1	Lamb = 12087	Total time = 223	Obj = 2293.12	Pricing Time = 5
i = 77	Master Time = 0	Lamb = 12109	Total time = 229	Obj = 2290.63	Pricing Time = 6
i = 78	Master Time = 1	Lamb = 12126	Total time = 235	Obj = 2289.00	Pricing Time = 5
i = 79	Master Time = 0	Lamb = 12137	Total time = 241	Obj = 2287.92	Pricing Time = 6
i = 80	Master Time = 0	Lamb = 12150	Total time = 247	Obj = 2286.57	Pricing Time = 5
i = 81	Master Time = 0	Lamb = 12164	Total time = 253	Obj = 2284.81	Pricing Time = 6
i = 82	Master Time = 0	Lamb = 12181	Total time = 259	Obj = 2284.40	Pricing Time = 6
i = 83	Master Time = 0	Lamb = 12194	Total time = 264	Obj = 2284.21	Pricing Time = 5
i = 84	Master Time = 1	Lamb = 12211	Total time = 270	Obj = 2283.75	Pricing Time = 5
i = 85	Master Time = 0	Lamb = 12224	Total time = 276	Obj = 2283.46	Pricing Time = 6
i = 86	Master Time = 1	Lamb = 12239	Total time = 282	Obj = 2283.13	Pricing Time = 6
i = 87	Master Time = 0	Lamb = 12254	Total time = 289	Obj = 2283.00	Pricing Time = 5
i = 88	Master Time = 1	Lamb = 12256	Total time = 294	Obj = 2283.00	Pricing Time = 6
i = 89	Master Time = 0	Lamb = 12257	Total time = 300	Obj = 2283.00	Pricing Time = 5

Optimal of relaxation found.
Fractional X Variables: 3857 (min: 9.413506116997747E-4 max: 0.9903613211992874)
--------------------------------------
n070w4_2_5-8-2-5
X fix to 1: 259
X fix to 0: 0
Fractional X remaining: 3857 | min(9.413506116997747E-4, 0.9903613211992874)
--------------------------------------
i = 90	Master Time = 2	Lamb = 12257	Total time = 309	Obj = 2451.85	Pricing Time = 1
i = 91	Master Time = 4	Lamb = 12539	Total time = 313	Obj = 2414.83	Pricing Time = 0
i = 92	Master Time = 2	Lamb = 12788	Total time = 316	Obj = 2365.50	Pricing Time = 1
i = 93	Master Time = 2	Lamb = 12989	Total time = 318	Obj = 2350.86	Pricing Time = 0
i = 94	Master Time = 2	Lamb = 13188	Total time = 321	Obj = 2328.67	Pricing Time = 1
i = 95	Master Time = 2	Lamb = 13328	Total time = 323	Obj = 2310.52	Pricing Time = 0
i = 96	Master Time = 1	Lamb = 13449	Total time = 325	Obj = 2301.61	Pricing Time = 0
i = 97	Master Time = 2	Lamb = 13540	Total time = 326	Obj = 2296.88	Pricing Time = 0
i = 98	Master Time = 2	Lamb = 13623	Total time = 328	Obj = 2294.55	Pricing Time = 0
i = 99	Master Time = 2	Lamb = 13695	Total time = 330	Obj = 2293.22	Pricing Time = 0
i = 100	Master Time = 1	Lamb = 13774	Total time = 332	Obj = 2291.47	Pricing Time = 1
i = 101	Master Time = 1	Lamb = 13830	Total time = 334	Obj = 2290.47	Pricing Time = 1
i = 102	Master Time = 0	Lamb = 13870	Total time = 335	Obj = 2290.03	Pricing Time = 5
i = 103	Master Time = 1	Lamb = 13911	Total time = 340	Obj = 2289.08	Pricing Time = 4
i = 104	Master Time = 1	Lamb = 13922	Total time = 345	Obj = 2288.25	Pricing Time = 4
i = 105	Master Time = 0	Lamb = 13938	Total time = 350	Obj = 2287.59	Pricing Time = 4
i = 106	Master Time = 1	Lamb = 13951	Total time = 354	Obj = 2287.07	Pricing Time = 4
i = 107	Master Time = 0	Lamb = 13963	Total time = 358	Obj = 2286.75	Pricing Time = 4
i = 108	Master Time = 0	Lamb = 13978	Total time = 363	Obj = 2286.48	Pricing Time = 5
i = 109	Master Time = 0	Lamb = 13989	Total time = 367	Obj = 2286.43	Pricing Time = 4
i = 110	Master Time = 0	Lamb = 13990	Total time = 371	Obj = 2286.43	Pricing Time = 4
--------------------------------------
n070w4_2_5-8-2-5
X fix to 1: 416
X fix to 0: 0
Fractional X remaining: 2882 | min(0.0010074401429330387, 0.9989925598570668)
--------------------------------------
i = 111	Master Time = 3	Lamb = 13990	Total time = 378	Obj = 2408.94	Pricing Time = 0
i = 112	Master Time = 2	Lamb = 14257	Total time = 381	Obj = 2381.20	Pricing Time = 1
i = 113	Master Time = 2	Lamb = 14448	Total time = 383	Obj = 2360.62	Pricing Time = 0
i = 114	Master Time = 2	Lamb = 14624	Total time = 385	Obj = 2343.15	Pricing Time = 0
i = 115	Master Time = 1	Lamb = 14740	Total time = 387	Obj = 2334.70	Pricing Time = 0
i = 116	Master Time = 2	Lamb = 14827	Total time = 388	Obj = 2324.21	Pricing Time = 0
i = 117	Master Time = 2	Lamb = 14896	Total time = 390	Obj = 2320.44	Pricing Time = 0
i = 118	Master Time = 1	Lamb = 14951	Total time = 392	Obj = 2317.25	Pricing Time = 0
i = 119	Master Time = 1	Lamb = 14997	Total time = 393	Obj = 2315.55	Pricing Time = 1
i = 120	Master Time = 1	Lamb = 15043	Total time = 394	Obj = 2314.84	Pricing Time = 0
i = 121	Master Time = 1	Lamb = 15096	Total time = 396	Obj = 2311.01	Pricing Time = 0
i = 122	Master Time = 2	Lamb = 15139	Total time = 397	Obj = 2307.92	Pricing Time = 0
i = 123	Master Time = 1	Lamb = 15176	Total time = 399	Obj = 2307.71	Pricing Time = 0
i = 124	Master Time = 2	Lamb = 15226	Total time = 400	Obj = 2305.79	Pricing Time = 3
i = 125	Master Time = 2	Lamb = 15301	Total time = 406	Obj = 2299.15	Pricing Time = 0
i = 126	Master Time = 1	Lamb = 15354	Total time = 406	Obj = 2298.96	Pricing Time = 4
i = 127	Master Time = 0	Lamb = 15438	Total time = 411	Obj = 2297.45	Pricing Time = 4
i = 128	Master Time = 0	Lamb = 15449	Total time = 415	Obj = 2296.85	Pricing Time = 5
i = 129	Master Time = 0	Lamb = 15458	Total time = 420	Obj = 2295.00	Pricing Time = 4
i = 130	Master Time = 0	Lamb = 15464	Total time = 423	Obj = 2295.00	Pricing Time = 4
i = 131	Master Time = 0	Lamb = 15470	Total time = 428	Obj = 2295.00	Pricing Time = 4
i = 132	Master Time = 1	Lamb = 15472	Total time = 432	Obj = 2295.00	Pricing Time = 4
i = 133	Master Time = 0	Lamb = 15473	Total time = 436	Obj = 2295.00	Pricing Time = 4
i = 134	Master Time = 0	Lamb = 15475	Total time = 441	Obj = 2295.00	Pricing Time = 4
i = 135	Master Time = 0	Lamb = 15478	Total time = 445	Obj = 2294.23	Pricing Time = 4
i = 136	Master Time = 0	Lamb = 15488	Total time = 449	Obj = 2293.95	Pricing Time = 5
i = 137	Master Time = 0	Lamb = 15498	Total time = 453	Obj = 2293.83	Pricing Time = 4
i = 138	Master Time = 0	Lamb = 15509	Total time = 457	Obj = 2293.75	Pricing Time = 4
i = 139	Master Time = 0	Lamb = 15515	Total time = 462	Obj = 2293.75	Pricing Time = 4
i = 140	Master Time = 0	Lamb = 15522	Total time = 466	Obj = 2293.75	Pricing Time = 4
i = 141	Master Time = 1	Lamb = 15533	Total time = 470	Obj = 2293.75	Pricing Time = 4
--------------------------------------
n070w4_2_5-8-2-5
X fix to 1: 568
X fix to 0: 0
Fractional X remaining: 2388 | min(4.6424742979891964E-4, 0.9790879138236301)
--------------------------------------
i = 142	Master Time = 2	Lamb = 15533	Total time = 476	Obj = 2572.92	Pricing Time = 0
i = 143	Master Time = 3	Lamb = 15850	Total time = 479	Obj = 2475.35	Pricing Time = 0
i = 144	Master Time = 2	Lamb = 16132	Total time = 482	Obj = 2451.41	Pricing Time = 1
i = 145	Master Time = 2	Lamb = 16357	Total time = 485	Obj = 2416.87	Pricing Time = 1
i = 146	Master Time = 1	Lamb = 16574	Total time = 487	Obj = 2401.57	Pricing Time = 1
i = 147	Master Time = 1	Lamb = 16759	Total time = 488	Obj = 2394.66	Pricing Time = 0
i = 148	Master Time = 2	Lamb = 16903	Total time = 490	Obj = 2372.41	Pricing Time = 0
i = 149	Master Time = 2	Lamb = 17025	Total time = 493	Obj = 2359.30	Pricing Time = 0
i = 150	Master Time = 3	Lamb = 17102	Total time = 495	Obj = 2348.32	Pricing Time = 0
i = 151	Master Time = 1	Lamb = 17185	Total time = 496	Obj = 2345.70	Pricing Time = 0
i = 152	Master Time = 1	Lamb = 17260	Total time = 498	Obj = 2338.28	Pricing Time = 1
i = 153	Master Time = 2	Lamb = 17319	Total time = 500	Obj = 2333.06	Pricing Time = 0
i = 154	Master Time = 2	Lamb = 17385	Total time = 502	Obj = 2330.62	Pricing Time = 0
i = 155	Master Time = 1	Lamb = 17435	Total time = 503	Obj = 2328.81	Pricing Time = 2
i = 156	Master Time = 2	Lamb = 17488	Total time = 508	Obj = 2322.98	Pricing Time = 1
i = 157	Master Time = 1	Lamb = 17543	Total time = 509	Obj = 2321.67	Pricing Time = 2
i = 158	Master Time = 2	Lamb = 17606	Total time = 514	Obj = 2320.50	Pricing Time = 0
i = 159	Master Time = 3	Lamb = 17770	Total time = 516	Obj = 2320.27	Pricing Time = 0
i = 160	Master Time = 3	Lamb = 17973	Total time = 519	Obj = 2319.58	Pricing Time = 0
i = 161	Master Time = 3	Lamb = 18152	Total time = 522	Obj = 2319.58	Pricing Time = 0
i = 162	Master Time = 2	Lamb = 18304	Total time = 525	Obj = 2319.58	Pricing Time = 0
i = 163	Master Time = 2	Lamb = 18429	Total time = 527	Obj = 2318.99	Pricing Time = 0
i = 164	Master Time = 1	Lamb = 18518	Total time = 528	Obj = 2318.99	Pricing Time = 2
i = 165	Master Time = 1	Lamb = 18587	Total time = 531	Obj = 2318.75	Pricing Time = 3
i = 166	Master Time = 0	Lamb = 18622	Total time = 535	Obj = 2318.08	Pricing Time = 3
i = 167	Master Time = 1	Lamb = 18654	Total time = 538	Obj = 2317.65	Pricing Time = 3
i = 168	Master Time = 1	Lamb = 18672	Total time = 542	Obj = 2317.65	Pricing Time = 3
i = 169	Master Time = 1	Lamb = 18679	Total time = 546	Obj = 2317.00	Pricing Time = 3
i = 170	Master Time = 0	Lamb = 18683	Total time = 550	Obj = 2316.67	Pricing Time = 4
i = 171	Master Time = 1	Lamb = 18685	Total time = 554	Obj = 2315.45	Pricing Time = 3
i = 172	Master Time = 0	Lamb = 18691	Total time = 558	Obj = 2315.00	Pricing Time = 3
i = 173	Master Time = 1	Lamb = 18692	Total time = 561	Obj = 2315.00	Pricing Time = 3
i = 174	Master Time = 0	Lamb = 18698	Total time = 565	Obj = 2315.00	Pricing Time = 3
i = 175	Master Time = 1	Lamb = 18710	Total time = 568	Obj = 2315.00	Pricing Time = 3
i = 176	Master Time = 0	Lamb = 18715	Total time = 572	Obj = 2315.00	Pricing Time = 4
i = 177	Master Time = 0	Lamb = 18717	Total time = 576	Obj = 2315.00	Pricing Time = 4
i = 178	Master Time = 0	Lamb = 18722	Total time = 580	Obj = 2315.00	Pricing Time = 4
i = 179	Master Time = 0	Lamb = 18727	Total time = 583	Obj = 2315.00	Pricing Time = 3
i = 180	Master Time = 0	Lamb = 18728	Total time = 587	Obj = 2315.00	Pricing Time = 3
i = 181	Master Time = 0	Lamb = 18729	Total time = 591	Obj = 2315.00	Pricing Time = 4
i = 182	Master Time = 0	Lamb = 18732	Total time = 595	Obj = 2315.00	Pricing Time = 3
--------------------------------------
n070w4_2_5-8-2-5
X fix to 1: 673
X fix to 0: 0
Fractional X remaining: 1736 | min(0.004595951169820756, 0.9780031641302392)
--------------------------------------
i = 183	Master Time = 3	Lamb = 18732	Total time = 600	Obj = 2490.39	Pricing Time = 0
i = 184	Master Time = 2	Lamb = 18976	Total time = 603	Obj = 2417.80	Pricing Time = 1
i = 185	Master Time = 1	Lamb = 19165	Total time = 604	Obj = 2398.14	Pricing Time = 0
i = 186	Master Time = 1	Lamb = 19300	Total time = 605	Obj = 2375.77	Pricing Time = 0
i = 187	Master Time = 1	Lamb = 19433	Total time = 607	Obj = 2358.98	Pricing Time = 1
i = 188	Master Time = 1	Lamb = 19537	Total time = 608	Obj = 2346.46	Pricing Time = 0
i = 189	Master Time = 2	Lamb = 19603	Total time = 610	Obj = 2341.50	Pricing Time = 0
i = 190	Master Time = 1	Lamb = 19660	Total time = 611	Obj = 2339.50	Pricing Time = 1
i = 191	Master Time = 1	Lamb = 19727	Total time = 614	Obj = 2332.72	Pricing Time = 0
i = 192	Master Time = 1	Lamb = 19787	Total time = 615	Obj = 2329.99	Pricing Time = 3
i = 193	Master Time = 1	Lamb = 19845	Total time = 619	Obj = 2328.40	Pricing Time = 2
i = 194	Master Time = 1	Lamb = 19890	Total time = 622	Obj = 2326.05	Pricing Time = 3
i = 195	Master Time = 0	Lamb = 19953	Total time = 625	Obj = 2325.83	Pricing Time = 3
i = 196	Master Time = 1	Lamb = 19961	Total time = 628	Obj = 2325.00	Pricing Time = 3
i = 197	Master Time = 0	Lamb = 19968	Total time = 631	Obj = 2325.00	Pricing Time = 3
--------------------------------------
n070w4_2_5-8-2-5
X fix to 1: 744
X fix to 0: 0
Fractional X remaining: 1291 | min(7.678024372068451E-4, 0.9965286612701749)
--------------------------------------
i = 198	Master Time = 2	Lamb = 19968	Total time = 636	Obj = 2621.21	Pricing Time = 0
i = 199	Master Time = 2	Lamb = 20208	Total time = 639	Obj = 2545.82	Pricing Time = 0
i = 200	Master Time = 2	Lamb = 20432	Total time = 641	Obj = 2495.04	Pricing Time = 0
i = 201	Master Time = 1	Lamb = 20623	Total time = 642	Obj = 2470.59	Pricing Time = 0
i = 202	Master Time = 1	Lamb = 20774	Total time = 644	Obj = 2429.01	Pricing Time = 0
i = 203	Master Time = 2	Lamb = 20873	Total time = 645	Obj = 2409.86	Pricing Time = 0
i = 204	Master Time = 1	Lamb = 20972	Total time = 646	Obj = 2394.97	Pricing Time = 0
i = 205	Master Time = 1	Lamb = 21044	Total time = 648	Obj = 2385.00	Pricing Time = 0
i = 206	Master Time = 1	Lamb = 21108	Total time = 649	Obj = 2378.21	Pricing Time = 2
i = 207	Master Time = 1	Lamb = 21169	Total time = 652	Obj = 2355.89	Pricing Time = 1
i = 208	Master Time = 1	Lamb = 21232	Total time = 653	Obj = 2349.02	Pricing Time = 0
i = 209	Master Time = 1	Lamb = 21285	Total time = 655	Obj = 2345.53	Pricing Time = 2
i = 210	Master Time = 1	Lamb = 21340	Total time = 658	Obj = 2340.76	Pricing Time = 3
i = 211	Master Time = 1	Lamb = 21379	Total time = 662	Obj = 2331.77	Pricing Time = 2
i = 212	Master Time = 1	Lamb = 21428	Total time = 664	Obj = 2328.34	Pricing Time = 2
i = 213	Master Time = 1	Lamb = 21469	Total time = 668	Obj = 2326.25	Pricing Time = 2
i = 214	Master Time = 1	Lamb = 21516	Total time = 670	Obj = 2325.32	Pricing Time = 3
i = 215	Master Time = 0	Lamb = 21538	Total time = 674	Obj = 2325.00	Pricing Time = 3
i = 216	Master Time = 0	Lamb = 21544	Total time = 677	Obj = 2325.00	Pricing Time = 3
i = 217	Master Time = 0	Lamb = 21547	Total time = 680	Obj = 2325.00	Pricing Time = 3
i = 218	Master Time = 1	Lamb = 21548	Total time = 683	Obj = 2325.00	Pricing Time = 2
--------------------------------------
n070w4_2_5-8-2-5
X fix to 1: 855
X fix to 0: 0
Fractional X remaining: 945 | min(7.44991392705719E-4, 0.9921591261105858)
--------------------------------------
i = 219	Master Time = 2	Lamb = 21548	Total time = 687	Obj = 2721.88	Pricing Time = 0
i = 220	Master Time = 2	Lamb = 21748	Total time = 689	Obj = 2640.84	Pricing Time = 0
i = 221	Master Time = 1	Lamb = 21925	Total time = 690	Obj = 2591.16	Pricing Time = 0
i = 222	Master Time = 1	Lamb = 22055	Total time = 691	Obj = 2514.30	Pricing Time = 0
i = 223	Master Time = 0	Lamb = 22151	Total time = 692	Obj = 2469.93	Pricing Time = 1
i = 224	Master Time = 0	Lamb = 22216	Total time = 693	Obj = 2433.06	Pricing Time = 2
i = 225	Master Time = 1	Lamb = 22288	Total time = 696	Obj = 2402.38	Pricing Time = 3
i = 226	Master Time = 1	Lamb = 22351	Total time = 699	Obj = 2383.43	Pricing Time = 1
i = 227	Master Time = 1	Lamb = 22405	Total time = 701	Obj = 2375.56	Pricing Time = 2
i = 228	Master Time = 1	Lamb = 22440	Total time = 704	Obj = 2372.62	Pricing Time = 2
i = 229	Master Time = 1	Lamb = 22472	Total time = 707	Obj = 2367.95	Pricing Time = 2
i = 230	Master Time = 0	Lamb = 22502	Total time = 710	Obj = 2363.73	Pricing Time = 3
i = 231	Master Time = 0	Lamb = 22528	Total time = 713	Obj = 2360.27	Pricing Time = 3
i = 232	Master Time = 1	Lamb = 22550	Total time = 716	Obj = 2355.33	Pricing Time = 2
i = 233	Master Time = 1	Lamb = 22580	Total time = 719	Obj = 2350.95	Pricing Time = 2
i = 234	Master Time = 1	Lamb = 22603	Total time = 722	Obj = 2349.46	Pricing Time = 2
i = 235	Master Time = 0	Lamb = 22620	Total time = 725	Obj = 2348.54	Pricing Time = 3
i = 236	Master Time = 1	Lamb = 22631	Total time = 729	Obj = 2347.57	Pricing Time = 3
i = 237	Master Time = 0	Lamb = 22653	Total time = 732	Obj = 2346.97	Pricing Time = 3
i = 238	Master Time = 1	Lamb = 22666	Total time = 735	Obj = 2342.08	Pricing Time = 2
i = 239	Master Time = 1	Lamb = 22679	Total time = 738	Obj = 2340.00	Pricing Time = 2
i = 240	Master Time = 1	Lamb = 22683	Total time = 742	Obj = 2340.00	Pricing Time = 3
i = 241	Master Time = 1	Lamb = 22689	Total time = 745	Obj = 2340.00	Pricing Time = 2
i = 242	Master Time = 1	Lamb = 22694	Total time = 748	Obj = 2340.00	Pricing Time = 2
i = 243	Master Time = 1	Lamb = 22698	Total time = 751	Obj = 2339.66	Pricing Time = 3
i = 244	Master Time = 1	Lamb = 22716	Total time = 755	Obj = 2338.53	Pricing Time = 2
i = 245	Master Time = 1	Lamb = 22738	Total time = 758	Obj = 2338.33	Pricing Time = 2
i = 246	Master Time = 1	Lamb = 22740	Total time = 761	Obj = 2337.91	Pricing Time = 2
i = 247	Master Time = 1	Lamb = 22760	Total time = 764	Obj = 2337.53	Pricing Time = 3
i = 248	Master Time = 0	Lamb = 22775	Total time = 768	Obj = 2337.28	Pricing Time = 3
i = 249	Master Time = 0	Lamb = 22786	Total time = 771	Obj = 2337.00	Pricing Time = 2
i = 250	Master Time = 1	Lamb = 22790	Total time = 773	Obj = 2337.00	Pricing Time = 3
i = 251	Master Time = 1	Lamb = 22793	Total time = 777	Obj = 2336.29	Pricing Time = 2
i = 252	Master Time = 1	Lamb = 22808	Total time = 780	Obj = 2335.50	Pricing Time = 2
i = 253	Master Time = 1	Lamb = 22823	Total time = 783	Obj = 2335.00	Pricing Time = 2
i = 254	Master Time = 1	Lamb = 22826	Total time = 786	Obj = 2335.00	Pricing Time = 2
i = 255	Master Time = 0	Lamb = 22827	Total time = 789	Obj = 2335.00	Pricing Time = 2
--------------------------------------
n070w4_2_5-8-2-5
X fix to 1: 934
X fix to 0: 0
Fractional X remaining: 420 | min(0.012048192771086152, 0.98644578313253)
--------------------------------------
i = 256	Master Time = 2	Lamb = 22827	Total time = 793	Obj = 2503.89	Pricing Time = 0
i = 257	Master Time = 1	Lamb = 22903	Total time = 794	Obj = 2432.50	Pricing Time = 2
i = 258	Master Time = 0	Lamb = 22969	Total time = 797	Obj = 2403.25	Pricing Time = 3
i = 259	Master Time = 0	Lamb = 23012	Total time = 800	Obj = 2396.97	Pricing Time = 2
i = 260	Master Time = 1	Lamb = 23045	Total time = 802	Obj = 2385.94	Pricing Time = 1
i = 261	Master Time = 1	Lamb = 23071	Total time = 805	Obj = 2371.67	Pricing Time = 2
i = 262	Master Time = 1	Lamb = 23097	Total time = 807	Obj = 2370.13	Pricing Time = 2
i = 263	Master Time = 1	Lamb = 23122	Total time = 811	Obj = 2359.17	Pricing Time = 2
i = 264	Master Time = 1	Lamb = 23133	Total time = 813	Obj = 2355.83	Pricing Time = 2
i = 265	Master Time = 1	Lamb = 23149	Total time = 816	Obj = 2355.56	Pricing Time = 2
i = 266	Master Time = 0	Lamb = 23164	Total time = 819	Obj = 2355.00	Pricing Time = 2
i = 267	Master Time = 1	Lamb = 23179	Total time = 821	Obj = 2354.58	Pricing Time = 2
i = 268	Master Time = 1	Lamb = 23182	Total time = 824	Obj = 2354.58	Pricing Time = 2
i = 269	Master Time = 0	Lamb = 23184	Total time = 827	Obj = 2354.58	Pricing Time = 3
i = 270	Master Time = 0	Lamb = 23188	Total time = 829	Obj = 2354.58	Pricing Time = 2
i = 271	Master Time = 0	Lamb = 23190	Total time = 832	Obj = 2353.75	Pricing Time = 3
i = 272	Master Time = 1	Lamb = 23192	Total time = 835	Obj = 2353.75	Pricing Time = 2
i = 273	Master Time = 0	Lamb = 23196	Total time = 838	Obj = 2353.75	Pricing Time = 3
i = 274	Master Time = 0	Lamb = 23198	Total time = 841	Obj = 2353.75	Pricing Time = 3
--------------------------------------
n070w4_2_5-8-2-5
X fix to 1: 960
X fix to 0: 0
Fractional X remaining: 211 | min(0.04166666666666646, 0.8750000000000002)
--------------------------------------
i = 275	Master Time = 0	Lamb = 23198	Total time = 844	Obj = 2357.50	Pricing Time = 3
i = 276	Master Time = 0	Lamb = 23209	Total time = 847	Obj = 2355.00	Pricing Time = 3
i = 277	Master Time = 0	Lamb = 23215	Total time = 849	Obj = 2355.00	Pricing Time = 3
i = 278	Master Time = 0	Lamb = 23218	Total time = 852	Obj = 2355.00	Pricing Time = 3
i = 279	Master Time = 0	Lamb = 23221	Total time = 855	Obj = 2355.00	Pricing Time = 3
--------------------------------------
n070w4_2_5-8-2-5
X fix to 1: 961
X fix to 0: 1
Fractional X remaining: 140 | min(0.4999999999999999, 0.5000000000000001)
--------------------------------------
i = 280	Master Time = 0	Lamb = 23221	Total time = 858	Obj = 2357.50	Pricing Time = 2
i = 281	Master Time = 0	Lamb = 23224	Total time = 861	Obj = 2357.50	Pricing Time = 3
i = 282	Master Time = 0	Lamb = 23227	Total time = 864	Obj = 2357.50	Pricing Time = 3
i = 283	Master Time = 0	Lamb = 23228	Total time = 866	Obj = 2357.50	Pricing Time = 2
--------------------------------------
n070w4_2_5-8-2-5
X fix to 1: 962
X fix to 0: 1
Fractional X remaining: 119 | min(0.5, 0.5)
--------------------------------------
i = 284	Master Time = 0	Lamb = 23228	Total time = 869	Obj = 2377.50	Pricing Time = 3
i = 285	Master Time = 0	Lamb = 23247	Total time = 872	Obj = 2357.50	Pricing Time = 3
i = 286	Master Time = 0	Lamb = 23261	Total time = 874	Obj = 2357.50	Pricing Time = 2
i = 287	Master Time = 1	Lamb = 23268	Total time = 877	Obj = 2357.50	Pricing Time = 2
i = 288	Master Time = 0	Lamb = 23278	Total time = 880	Obj = 2357.50	Pricing Time = 2
i = 289	Master Time = 1	Lamb = 23295	Total time = 882	Obj = 2357.50	Pricing Time = 2
i = 290	Master Time = 0	Lamb = 23300	Total time = 885	Obj = 2357.50	Pricing Time = 3
i = 291	Master Time = 0	Lamb = 23302	Total time = 887	Obj = 2357.50	Pricing Time = 3
i = 292	Master Time = 0	Lamb = 23304	Total time = 890	Obj = 2357.50	Pricing Time = 2
i = 293	Master Time = 0	Lamb = 23307	Total time = 893	Obj = 2357.50	Pricing Time = 2
--------------------------------------
n070w4_2_5-8-2-5
X fix to 1: 963
X fix to 0: 2
Fractional X remaining: 109 | min(0.49999999999999717, 0.5000000000000033)
--------------------------------------
i = 294	Master Time = 1	Lamb = 23307	Total time = 895	Obj = 2360.00	Pricing Time = 2
i = 295	Master Time = 0	Lamb = 23311	Total time = 897	Obj = 2360.00	Pricing Time = 3
i = 296	Master Time = 0	Lamb = 23315	Total time = 900	Obj = 2360.00	Pricing Time = 2

n070w4_2_5-8-2-5
Integer solution found

Printing SHIFT allocations
HN_0   |-|-|E|E|D|D|L| |L|-|-|-|-|-|N| |N|N|N|-|-|-|-| |-|L|L|L|L|-|-|
HN_1   |N|N|N|N|-|-|-| |-|-|D|D|D|-|-| |D|D|D|D|-|-|-| |-|D|D|D|D|-|-|
HN_2   |L|-|-|E|E|E|E| |-|-|-|E|E|E|E| |-|-|E|E|E|-|-| |E|E|E|E|-|-|-|
HN_3   |D|-|-|-|-|-|-| |N|N|N|N|N|-|-| |-|-|-|L|L|L|L| |L|-|-|-|-|-|-|
HN_4   |-|D|D|D|D|-|-| |D|D|D|D|D|-|-| |-|-|-|D|D|L|L| |-|-|-|-|D|D|E|
HN_5   |-|-|-|-|N|N|N| |N|-|-|-|-|-|-| |N|N|N|N|N|-|-| |-|-|-|-|N|N|N|
HN_6   |L|L|L|-|-|E|E| |E|E|-|-|-|L|L| |L|L|-|-|-|-|-| |N|N|N|N|N|-|-|
HN_7   |E|E|-|-|-|-|-| |D|D|E|E|E|-|-| |E|E|E|E|E|-|-| |-|-|-|E|E|E|L|
NU_8   |E|E|E|E|-|-|-| |E|E|E|E|E|-|-| |-|-|-|E|E|E|E| |-|-|-|-|-|E|E|
NU_9   |E|E|E|E|-|-|-| |E|E|E|E|E|-|-| |-|-|-|E|E|E|E| |-|-|-|-|-|E|E|
NU_10  |D|D|L|L|L|-|-| |-|-|-|N|N|N|N| |N|-|-|-|N|N|N| |N|N|-|-|-|-|-|
NU_11  |E|E|-|-|D|D|D| |D|D|-|-|D|D|D| |-|-|D|D|D|-|-| |D|D|D|D|D|-|-|
NU_12  |-|-|E|E|E|-|-| |E|E|L|L|-|-|-| |E|E|E|D|D|-|-| |-|-|-|D|D|E|E|
NU_13  |-|-|-|-|N|N|N| |N|-|-|-|-|-|-| |N|N|N|N|N|-|-| |-|-|-|-|N|N|N|
NU_14  |-|-|E|E|E|-|-| |L|L|L|-|-|D|D| |E|E|-|-|L|L|L| |L|L|-|-|-|-|-|
NU_15  |N|N|N|N|-|-|-| |-|N|N|N|N|-|-| |E|E|E|E|-|-|-| |-|N|N|N|N|-|-|
NU_16  |D|-|-|-|D|D|D| |D|D|-|-|D|D|D| |D|D|-|-|-|-|-| |D|D|D|D|D|-|-|
NU_17  |-|-|-|L|L|L|L| |L|-|-|-|-|-|-| |L|L|L|-|-|-|-| |-|D|D|D|D|-|-|
NU_18  |N|N|-|-|-|-|-| |E|E|E|E|-|-|-| |E|E|E|E|-|-|-| |E|E|E|E|E|-|-|
NU_19  |E|E|E|-|-|-|-| |L|L|L|-|-|N|N| |N|N|-|-|-|N|N| |N|N|N|-|-|-|-|
NU_20  |L|L|L|L|L|-|-| |N|N|N|N|N|-|-| |L|L|L|-|-|L|L| |L|-|-|E|E|E|D|
NU_21  |N|N|N|N|-|-|-| |-|-|-|N|N|N|N| |N|-|-|-|-|-|-| |N|N|N|N|-|-|-|
NU_22  |D|D|D|D|D|-|-| |D|D|D|D|D|-|-| |D|D|D|D|D|-|-| |D|D|E|E|E|-|-|
NU_23  |-|D|D|D|D|-|-| |D|D|D|D|D|-|-| |-|-|-|D|D|D|D| |-|-|-|-|D|D|D|
NU_24  |L|L|-|-|-|-|-| |-|N|N|N|N|-|-| |-|-|-|-|E|E|N| |N|N|N|-|-|-|-|
NU_25  |D|-|-|E|E|E|E| |-|-|D|D|D|-|-| |N|N|N|N|N|-|-| |E|E|E|-|-|L|L|
NU_26  |L|L|L|L|L|-|-| |L|L|L|L|L|-|-| |L|L|L|-|-|D|D| |L|L|-|-|L|L|L|
NU_27  |-|-|L|L|L|-|-| |L|L|L|L|L|-|-| |D|D|D|L|L|-|-| |L|L|L|-|-|L|L|
NU_28  |L|L|L|-|-|L|L| |L|-|-|-|-|L|L| |L|L|-|-|-|-|-| |L|L|L|L|L|-|-|
NU_29  |-|N|N|N|N|-|-| |-|N|N|N|N|-|-| |N|N|N|N|N|-|-| |-|-|N|N|N|N|N|
NU_30  |D|D|-|-|-|-|-| |N|N|N|N|N|-|-| |N|N|N|N|N|-|-| |-|-|N|N|N|N|N|
NU_31  |N|-|-|L|L|L|L| |-|-|L|L|L|L|L| |-|-|L|L|L|-|-| |E|E|L|L|L|-|-|
NU_32  |-|D|D|D|D|-|-| |-|-|-|E|E|E|E| |L|L|-|-|-|-|-| |D|D|L|L|-|-|-|
NU_33  |L|L|-|-|L|L|L| |-|-|L|L|L|-|-| |L|L|L|L|L|-|-| |L|L|L|L|L|-|-|
NU_34  |-|-|-|-|E|E|E| |E|D|D|-|-|-|-| |-|-|E|E|N|N|N| |N|-|-|-|-|-|-|
NU_35  |D|-|-|-|E|E|D| |D|D|-|-|D|D|E| |E|E|-|-|-|-|-| |E|E|E|E|-|-|-|
NU_36  |-|-|-|-|L|L|L| |L|L|-|-|-|-|-| |-|L|L|L|L|-|-| |-|-|-|-|L|L|L|
NU_37  |-|D|D|D|D|-|-| |D|D|D|D|D|-|-| |D|D|D|D|D|-|-| |D|D|D|-|-|-|-|
NU_38  |-|-|-|-|N|N|N| |N|-|-|-|-|-|-| |N|N|N|N|N|-|-| |-|-|-|-|N|N|N|
NU_39  |E|E|E|E|-|-|-| |E|E|E|E|-|-|-| |E|E|E|E|-|-|-| |-|-|E|E|E|-|-|
CT_40  |-|D|D|D|D|-|-| |D|D|D|D|-|-|-| |D|D|D|D|-|-|-| |-|D|D|D|D|-|-|
CT_41  |-|-|-|-|N|N|N| |N|-|-|-|-|-|L| |L|L|L|-|-|-|-| |-|N|N|N|N|-|-|
CT_42  |L|L|L|L|L|-|-| |L|L|L|L|L|-|-| |L|L|L|L|L|-|-| |L|L|L|L|L|-|-|
CT_43  |-|N|N|N|N|-|-| |-|-|-|E|E|E|E| |D|D|-|-|-|-|-| |-|E|E|L|L|-|-|
CT_44  |D|D|-|-|D|D|D| |-|-|D|D|D|-|-| |D|D|D|D|D|-|-| |D|D|D|D|D|-|-|
CT_45  |-|-|E|E|E|-|-| |E|E|E|L|L|-|-| |E|E|E|D|D|-|-| |D|D|E|E|E|-|-|
CT_46  |N|-|-|E|E|E|E| |-|-|N|N|N|N|N| |-|-|E|E|E|-|-| |E|E|E|L|L|-|-|
CT_47  |-|D|D|D|D|-|-| |-|D|D|D|D|-|-| |-|-|-|D|D|D|D| |D|-|-|-|D|D|D|
CT_48  |L|L|L|L|-|-|-| |-|E|E|L|L|-|-| |E|E|E|E|-|-|-| |L|L|L|-|-|-|-|
CT_49  |N|N|N|N|N|-|-| |N|N|N|N|N|-|-| |N|N|N|N|N|-|-| |N|N|N|N|N|-|-|
CT_50  |E|E|E|E|-|-|-| |-|-|-|E|E|E|E| |E|-|-|-|-|-|-| |E|E|E|E|-|-|-|
CT_51  |-|-|-|-|N|N|N| |N|-|-|-|-|-|N| |N|N|N|-|-|-|-| |-|N|N|N|N|-|-|
CT_52  |-|N|N|N|N|-|-| |L|L|L|L|-|-|-| |-|L|L|L|L|-|-| |-|-|E|E|D|D|D|
CT_53  |-|-|L|L|L|-|-| |E|E|E|E|E|-|-| |L|L|L|-|-|E|E| |E|-|-|E|E|E|D|
CT_54  |D|D|D|D|D|-|-| |E|E|E|D|D|-|-| |D|D|D|E|E|-|-| |D|D|D|D|D|-|-|
CT_55  |D|D|-|-|N|N|N| |N|-|-|L|L|L|L| |-|-|D|D|D|-|-| |E|E|L|L|L|-|-|
CT_56  |L|L|L|L|L|-|-| |L|L|L|L|L|-|-| |D|D|L|L|L|-|-| |L|L|L|L|L|-|-|
CT_57  |E|E|E|E|-|-|-| |E|E|E|-|-|D|D| |D|-|-|-|E|E|D| |D|D|-|-|-|-|-|
CT_58  |-|N|N|N|N|-|-| |-|N|N|N|N|-|-| |-|-|-|E|E|L|L| |-|-|-|-|N|N|N|
CT_59  |E|E|-|-|-|-|-| |D|D|L|L|-|-|-| |N|N|N|N|N|-|-| |-|-|-|E|E|L|L|
TR_60  |E|E|-|-|E|E|E| |E|E|-|-|E|E|E| |-|E|L|L|L|-|-| |N|N|N|N|N|-|-|
TR_61  |-|-|D|D|L|L|-| |-|-|-|-|-|L|L| |L|L|-|-|-|-|-| |E|E|L|L|-|-|-|
TR_62  |-|D|D|D|D|-|-| |D|D|L|L|L|-|-| |E|E|E|E|E|-|-| |E|E|E|D|D|-|-|
TR_63  |-|-|-|-|D|D|E| |E|E|E|-|-|-|-| |-|-|D|D|D|E|E| |E|-|-|-|-|-|-|
TR_64  |L|-|-|-|-|L|L| |L|L|L|-|-|-|-| |D|D|E|E|E|-|-| |-|-|-|D|D|D|E|
TR_65  |N|N|N|N|N|-|-| |N|N|N|N|N|-|-| |N|N|N|-|-|D|D| |D|D|-|-|E|E|E|
TR_66  |L|L|L|L|-|-|-| |-|-|-|D|D|D|L| |L|L|-|-|-|-|-| |L|L|L|L|-|-|-|
TR_67  |-|-|-|N|N|N|N| |-|-|-|-|-|L|L| |L|L|-|-|-|-|-| |-|D|D|L|L|-|-|
TR_68  |D|D|L|L|-|-|-| |-|D|D|D|E|-|-| |-|N|N|N|N|-|-| |-|-|-|E|E|L|L|
TR_69  |E|E|E|E|E|-|-| |L|L|L|N|N|-|-| |D|D|D|-|L|L|L| |L|-|-|N|N|N|N|
Total assignment constraints: 960
Consecutive constraints: 120
Non working days constraints: 120
Preferences: 170
Max working weekend: 330
Complete weekends: 0
Optimal coverage constraints: 660
TOTAL = 2360
