Creating directory: out/n035w4_0_1-7-1-8

-----------------------------------------------------------
Instance	n035w4_0_1-7-1-8
algorithm	=	vns
maxIter	=	10
eliteSet	=	10
shakePerc	=	0.9
bestKnow	=	1630.0
minColsIter	=	0.35
minRoundDown	=	-1.0
minRoundUp	=	0.67
seed	=	0
onlyRelax	=	false
nThreads	=	20
alpha	=	0.6
timeOut	=	14600
-----------------------------------------------------------
Parallels mode has been selected.
i = 0	Master Time = 0	Lamb = 0	Total time = 2	Obj = 200420.00	Pricing Time = 0
i = 1	Master Time = 0	Lamb = 223	Total time = 3	Obj = 76525.00	Pricing Time = 1
i = 2	Master Time = 0	Lamb = 412	Total time = 4	Obj = 34230.71	Pricing Time = 0
i = 3	Master Time = 1	Lamb = 635	Total time = 4	Obj = 23926.18	Pricing Time = 0
i = 4	Master Time = 1	Lamb = 851	Total time = 5	Obj = 18904.45	Pricing Time = 0
i = 5	Master Time = 0	Lamb = 1060	Total time = 6	Obj = 14042.41	Pricing Time = 1
i = 6	Master Time = 0	Lamb = 1274	Total time = 7	Obj = 10056.72	Pricing Time = 0
i = 7	Master Time = 2	Lamb = 1486	Total time = 8	Obj = 7368.35	Pricing Time = 0
i = 8	Master Time = 1	Lamb = 1692	Total time = 9	Obj = 6431.97	Pricing Time = 0
i = 9	Master Time = 1	Lamb = 1893	Total time = 11	Obj = 5676.69	Pricing Time = 0
i = 10	Master Time = 1	Lamb = 2113	Total time = 12	Obj = 4968.87	Pricing Time = 1
i = 11	Master Time = 0	Lamb = 2305	Total time = 13	Obj = 4512.03	Pricing Time = 0
i = 12	Master Time = 1	Lamb = 2511	Total time = 14	Obj = 4087.51	Pricing Time = 0
i = 13	Master Time = 1	Lamb = 2701	Total time = 15	Obj = 3717.58	Pricing Time = 0
i = 14	Master Time = 1	Lamb = 2871	Total time = 16	Obj = 3386.38	Pricing Time = 0
i = 15	Master Time = 1	Lamb = 3057	Total time = 17	Obj = 3081.44	Pricing Time = 1
i = 16	Master Time = 1	Lamb = 3249	Total time = 18	Obj = 2868.78	Pricing Time = 0
i = 17	Master Time = 1	Lamb = 3419	Total time = 20	Obj = 2671.22	Pricing Time = 0
i = 18	Master Time = 1	Lamb = 3565	Total time = 21	Obj = 2567.25	Pricing Time = 0
i = 19	Master Time = 1	Lamb = 3737	Total time = 22	Obj = 2463.54	Pricing Time = 0
i = 20	Master Time = 1	Lamb = 3890	Total time = 23	Obj = 2360.24	Pricing Time = 1
i = 21	Master Time = 1	Lamb = 4044	Total time = 24	Obj = 2241.82	Pricing Time = 0
i = 22	Master Time = 1	Lamb = 4180	Total time = 25	Obj = 2154.65	Pricing Time = 0
i = 23	Master Time = 1	Lamb = 4326	Total time = 27	Obj = 2081.10	Pricing Time = 0
i = 24	Master Time = 1	Lamb = 4476	Total time = 28	Obj = 2045.57	Pricing Time = 0
i = 25	Master Time = 1	Lamb = 4606	Total time = 29	Obj = 2010.80	Pricing Time = 0
i = 26	Master Time = 1	Lamb = 4726	Total time = 30	Obj = 1976.07	Pricing Time = 0
i = 27	Master Time = 1	Lamb = 4846	Total time = 30	Obj = 1947.09	Pricing Time = 0
i = 28	Master Time = 1	Lamb = 4969	Total time = 31	Obj = 1894.56	Pricing Time = 0
i = 29	Master Time = 1	Lamb = 5098	Total time = 32	Obj = 1839.55	Pricing Time = 0
i = 30	Master Time = 0	Lamb = 5216	Total time = 33	Obj = 1807.67	Pricing Time = 0
i = 31	Master Time = 1	Lamb = 5339	Total time = 34	Obj = 1777.60	Pricing Time = 0
i = 32	Master Time = 1	Lamb = 5435	Total time = 34	Obj = 1754.42	Pricing Time = 0
i = 33	Master Time = 1	Lamb = 5532	Total time = 35	Obj = 1736.61	Pricing Time = 0
i = 34	Master Time = 1	Lamb = 5632	Total time = 36	Obj = 1719.00	Pricing Time = 0
i = 35	Master Time = 1	Lamb = 5722	Total time = 37	Obj = 1701.04	Pricing Time = 0
i = 36	Master Time = 0	Lamb = 5811	Total time = 38	Obj = 1687.35	Pricing Time = 1
i = 37	Master Time = 0	Lamb = 5896	Total time = 38	Obj = 1682.06	Pricing Time = 0
i = 38	Master Time = 1	Lamb = 5974	Total time = 39	Obj = 1669.98	Pricing Time = 0
i = 39	Master Time = 0	Lamb = 6045	Total time = 40	Obj = 1660.65	Pricing Time = 0
i = 40	Master Time = 1	Lamb = 6101	Total time = 40	Obj = 1651.54	Pricing Time = 0
i = 41	Master Time = 0	Lamb = 6162	Total time = 41	Obj = 1643.45	Pricing Time = 0
i = 42	Master Time = 1	Lamb = 6229	Total time = 41	Obj = 1636.26	Pricing Time = 0
i = 43	Master Time = 0	Lamb = 6286	Total time = 42	Obj = 1630.01	Pricing Time = 1
i = 44	Master Time = 1	Lamb = 6359	Total time = 43	Obj = 1625.10	Pricing Time = 0
i = 45	Master Time = 1	Lamb = 6412	Total time = 44	Obj = 1620.70	Pricing Time = 0
i = 46	Master Time = 1	Lamb = 6458	Total time = 45	Obj = 1618.24	Pricing Time = 0
i = 47	Master Time = 1	Lamb = 6497	Total time = 46	Obj = 1614.78	Pricing Time = 0
i = 48	Master Time = 1	Lamb = 6548	Total time = 47	Obj = 1612.19	Pricing Time = 0
i = 49	Master Time = 0	Lamb = 6584	Total time = 48	Obj = 1609.78	Pricing Time = 1
i = 50	Master Time = 1	Lamb = 6629	Total time = 49	Obj = 1605.56	Pricing Time = 0
i = 51	Master Time = 1	Lamb = 6677	Total time = 50	Obj = 1599.07	Pricing Time = 0
i = 52	Master Time = 1	Lamb = 6722	Total time = 51	Obj = 1593.94	Pricing Time = 0
i = 53	Master Time = 1	Lamb = 6748	Total time = 52	Obj = 1592.64	Pricing Time = 0
i = 54	Master Time = 1	Lamb = 6787	Total time = 53	Obj = 1590.25	Pricing Time = 0
i = 55	Master Time = 1	Lamb = 6825	Total time = 54	Obj = 1585.03	Pricing Time = 0
i = 56	Master Time = 0	Lamb = 6853	Total time = 55	Obj = 1580.80	Pricing Time = 1
i = 57	Master Time = 1	Lamb = 6887	Total time = 56	Obj = 1577.42	Pricing Time = 0
i = 58	Master Time = 1	Lamb = 6912	Total time = 57	Obj = 1575.19	Pricing Time = 0
i = 59	Master Time = 0	Lamb = 6949	Total time = 58	Obj = 1572.88	Pricing Time = 1
i = 60	Master Time = 1	Lamb = 6979	Total time = 59	Obj = 1570.47	Pricing Time = 0
i = 61	Master Time = 1	Lamb = 7009	Total time = 60	Obj = 1567.44	Pricing Time = 0
i = 62	Master Time = 1	Lamb = 7045	Total time = 61	Obj = 1564.88	Pricing Time = 0
i = 63	Master Time = 0	Lamb = 7080	Total time = 62	Obj = 1560.92	Pricing Time = 1
i = 64	Master Time = 1	Lamb = 7118	Total time = 63	Obj = 1558.59	Pricing Time = 0
i = 65	Master Time = 0	Lamb = 7142	Total time = 64	Obj = 1557.15	Pricing Time = 1
i = 66	Master Time = 1	Lamb = 7175	Total time = 65	Obj = 1555.69	Pricing Time = 0
i = 67	Master Time = 1	Lamb = 7200	Total time = 66	Obj = 1554.75	Pricing Time = 0
i = 68	Master Time = 1	Lamb = 7220	Total time = 67	Obj = 1553.25	Pricing Time = 0
i = 69	Master Time = 1	Lamb = 7242	Total time = 69	Obj = 1550.52	Pricing Time = 1
i = 70	Master Time = 0	Lamb = 7266	Total time = 70	Obj = 1547.35	Pricing Time = 1
i = 71	Master Time = 1	Lamb = 7292	Total time = 71	Obj = 1544.37	Pricing Time = 0
i = 72	Master Time = 0	Lamb = 7313	Total time = 72	Obj = 1542.79	Pricing Time = 10
i = 73	Master Time = 1	Lamb = 7384	Total time = 83	Obj = 1508.67	Pricing Time = 1
i = 74	Master Time = 0	Lamb = 7428	Total time = 84	Obj = 1504.32	Pricing Time = 0
i = 75	Master Time = 1	Lamb = 7462	Total time = 85	Obj = 1501.14	Pricing Time = 1
i = 76	Master Time = 0	Lamb = 7495	Total time = 86	Obj = 1499.36	Pricing Time = 1
i = 77	Master Time = 0	Lamb = 7517	Total time = 87	Obj = 1497.10	Pricing Time = 1
i = 78	Master Time = 0	Lamb = 7545	Total time = 88	Obj = 1496.00	Pricing Time = 10
i = 79	Master Time = 1	Lamb = 7604	Total time = 99	Obj = 1480.24	Pricing Time = 1
i = 80	Master Time = 0	Lamb = 7629	Total time = 99	Obj = 1478.50	Pricing Time = 0
i = 81	Master Time = 1	Lamb = 7659	Total time = 100	Obj = 1477.17	Pricing Time = 0
i = 82	Master Time = 1	Lamb = 7696	Total time = 101	Obj = 1475.91	Pricing Time = 12
i = 83	Master Time = 1	Lamb = 7771	Total time = 115	Obj = 1461.40	Pricing Time = 1
i = 84	Master Time = 0	Lamb = 7806	Total time = 115	Obj = 1459.74	Pricing Time = 0
i = 85	Master Time = 0	Lamb = 7830	Total time = 116	Obj = 1457.49	Pricing Time = 1
i = 86	Master Time = 0	Lamb = 7856	Total time = 117	Obj = 1456.46	Pricing Time = 1
i = 87	Master Time = 0	Lamb = 7876	Total time = 117	Obj = 1454.15	Pricing Time = 0
i = 88	Master Time = 1	Lamb = 7901	Total time = 119	Obj = 1453.06	Pricing Time = 11
i = 89	Master Time = 1	Lamb = 7975	Total time = 130	Obj = 1440.02	Pricing Time = 0
i = 90	Master Time = 1	Lamb = 8012	Total time = 131	Obj = 1436.82	Pricing Time = 0
i = 91	Master Time = 0	Lamb = 8033	Total time = 132	Obj = 1434.67	Pricing Time = 0
i = 92	Master Time = 1	Lamb = 8057	Total time = 132	Obj = 1433.99	Pricing Time = 11
i = 93	Master Time = 1	Lamb = 8137	Total time = 144	Obj = 1418.25	Pricing Time = 0
i = 94	Master Time = 1	Lamb = 8172	Total time = 145	Obj = 1416.22	Pricing Time = 11
i = 95	Master Time = 1	Lamb = 8252	Total time = 157	Obj = 1407.78	Pricing Time = 0
i = 96	Master Time = 1	Lamb = 8275	Total time = 158	Obj = 1406.18	Pricing Time = 10
i = 97	Master Time = 1	Lamb = 8362	Total time = 170	Obj = 1392.19	Pricing Time = 0
i = 98	Master Time = 1	Lamb = 8384	Total time = 171	Obj = 1390.61	Pricing Time = 6
i = 99	Master Time = 1	Lamb = 8450	Total time = 177	Obj = 1380.24	Pricing Time = 0
i = 100	Master Time = 1	Lamb = 8472	Total time = 178	Obj = 1379.17	Pricing Time = 7
i = 101	Master Time = 1	Lamb = 8544	Total time = 187	Obj = 1374.28	Pricing Time = 1
i = 102	Master Time = 0	Lamb = 8567	Total time = 188	Obj = 1373.68	Pricing Time = 10
i = 103	Master Time = 2	Lamb = 8641	Total time = 199	Obj = 1369.07	Pricing Time = 7
i = 104	Master Time = 1	Lamb = 8710	Total time = 208	Obj = 1363.48	Pricing Time = 10
i = 105	Master Time = 0	Lamb = 8770	Total time = 218	Obj = 1360.79	Pricing Time = 11
i = 106	Master Time = 1	Lamb = 8826	Total time = 229	Obj = 1358.53	Pricing Time = 7
i = 107	Master Time = 1	Lamb = 8893	Total time = 237	Obj = 1356.98	Pricing Time = 10
i = 108	Master Time = 1	Lamb = 8961	Total time = 248	Obj = 1353.42	Pricing Time = 7
i = 109	Master Time = 2	Lamb = 9022	Total time = 257	Obj = 1351.80	Pricing Time = 8
i = 110	Master Time = 1	Lamb = 9083	Total time = 267	Obj = 1349.99	Pricing Time = 6
i = 111	Master Time = 1	Lamb = 9134	Total time = 274	Obj = 1347.32	Pricing Time = 10
i = 112	Master Time = 1	Lamb = 9197	Total time = 284	Obj = 1346.64	Pricing Time = 7
i = 113	Master Time = 0	Lamb = 9210	Total time = 292	Obj = 1344.89	Pricing Time = 9
i = 114	Master Time = 0	Lamb = 9220	Total time = 301	Obj = 1343.78	Pricing Time = 9
i = 115	Master Time = 0	Lamb = 9231	Total time = 310	Obj = 1343.65	Pricing Time = 11
i = 116	Master Time = 0	Lamb = 9241	Total time = 320	Obj = 1342.98	Pricing Time = 10
i = 117	Master Time = 0	Lamb = 9255	Total time = 330	Obj = 1342.24	Pricing Time = 15
i = 118	Master Time = 0	Lamb = 9269	Total time = 345	Obj = 1341.89	Pricing Time = 9
i = 119	Master Time = 0	Lamb = 9280	Total time = 355	Obj = 1341.67	Pricing Time = 9
i = 120	Master Time = 1	Lamb = 9289	Total time = 364	Obj = 1341.67	Pricing Time = 19
i = 121	Master Time = 1	Lamb = 9301	Total time = 384	Obj = 1341.46	Pricing Time = 14
i = 122	Master Time = 0	Lamb = 9313	Total time = 399	Obj = 1341.30	Pricing Time = 21
i = 123	Master Time = 0	Lamb = 9323	Total time = 419	Obj = 1341.08	Pricing Time = 12
i = 124	Master Time = 0	Lamb = 9335	Total time = 431	Obj = 1340.74	Pricing Time = 8
i = 125	Master Time = 0	Lamb = 9346	Total time = 440	Obj = 1340.38	Pricing Time = 9
i = 126	Master Time = 0	Lamb = 9354	Total time = 448	Obj = 1340.22	Pricing Time = 12
i = 127	Master Time = 0	Lamb = 9364	Total time = 460	Obj = 1340.04	Pricing Time = 12
i = 128	Master Time = 0	Lamb = 9377	Total time = 473	Obj = 1340.00	Pricing Time = 18
i = 129	Master Time = 1	Lamb = 9388	Total time = 491	Obj = 1340.00	Pricing Time = 18
i = 130	Master Time = 0	Lamb = 9397	Total time = 510	Obj = 1339.67	Pricing Time = 9
i = 131	Master Time = 0	Lamb = 9407	Total time = 519	Obj = 1339.36	Pricing Time = 18
i = 132	Master Time = 0	Lamb = 9418	Total time = 536	Obj = 1339.07	Pricing Time = 17
i = 133	Master Time = 0	Lamb = 9428	Total time = 554	Obj = 1338.91	Pricing Time = 8
i = 134	Master Time = 0	Lamb = 9435	Total time = 562	Obj = 1338.88	Pricing Time = 10
i = 135	Master Time = 0	Lamb = 9446	Total time = 573	Obj = 1338.20	Pricing Time = 8
i = 136	Master Time = 1	Lamb = 9454	Total time = 581	Obj = 1338.05	Pricing Time = 8
i = 137	Master Time = 1	Lamb = 9461	Total time = 590	Obj = 1337.49	Pricing Time = 11
i = 138	Master Time = 1	Lamb = 9473	Total time = 602	Obj = 1337.48	Pricing Time = 17
i = 139	Master Time = 0	Lamb = 9480	Total time = 619	Obj = 1337.48	Pricing Time = 18
i = 140	Master Time = 0	Lamb = 9488	Total time = 638	Obj = 1337.45	Pricing Time = 12
i = 141	Master Time = 0	Lamb = 9500	Total time = 650	Obj = 1337.45	Pricing Time = 12
i = 142	Master Time = 0	Lamb = 9502	Total time = 661	Obj = 1337.31	Pricing Time = 13
i = 143	Master Time = 1	Lamb = 9512	Total time = 675	Obj = 1337.25	Pricing Time = 13
i = 144	Master Time = 1	Lamb = 9523	Total time = 689	Obj = 1337.20	Pricing Time = 12
i = 145	Master Time = 0	Lamb = 9536	Total time = 702	Obj = 1337.17	Pricing Time = 10
i = 146	Master Time = 0	Lamb = 9545	Total time = 712	Obj = 1337.14	Pricing Time = 9
i = 147	Master Time = 0	Lamb = 9548	Total time = 721	Obj = 1337.14	Pricing Time = 9
i = 148	Master Time = 0	Lamb = 9552	Total time = 730	Obj = 1337.14	Pricing Time = 12
i = 149	Master Time = 0	Lamb = 9556	Total time = 741	Obj = 1337.14	Pricing Time = 14
i = 150	Master Time = 0	Lamb = 9557	Total time = 755	Obj = 1337.14	Pricing Time = 9
i = 151	Master Time = 0	Lamb = 9560	Total time = 765	Obj = 1337.14	Pricing Time = 16
i = 152	Master Time = 0	Lamb = 9561	Total time = 780	Obj = 1337.14	Pricing Time = 23
i = 153	Master Time = 1	Lamb = 9564	Total time = 804	Obj = 1337.14	Pricing Time = 11

Optimal of relaxation found.
Fractional X Variables: 1920 (min: 0.0011280656135788103 max: 0.9947870120971105)
--------------------------------------
n035w4_0_1-7-1-8
X fix to 1: 116
X fix to 0: 0
Fractional X remaining: 1920 | min(0.0011280656135788103, 0.9947870120971105)
--------------------------------------
i = 154	Master Time = 1	Lamb = 9564	Total time = 817	Obj = 2014.42	Pricing Time = 1
i = 155	Master Time = 1	Lamb = 9753	Total time = 819	Obj = 1701.79	Pricing Time = 1
i = 156	Master Time = 1	Lamb = 9912	Total time = 820	Obj = 1629.09	Pricing Time = 0
i = 157	Master Time = 1	Lamb = 10070	Total time = 822	Obj = 1595.21	Pricing Time = 1
i = 158	Master Time = 1	Lamb = 10193	Total time = 824	Obj = 1545.89	Pricing Time = 0
i = 159	Master Time = 1	Lamb = 10331	Total time = 825	Obj = 1523.65	Pricing Time = 1
i = 160	Master Time = 1	Lamb = 10424	Total time = 826	Obj = 1502.61	Pricing Time = 0
i = 161	Master Time = 1	Lamb = 10507	Total time = 827	Obj = 1484.32	Pricing Time = 0
i = 162	Master Time = 1	Lamb = 10569	Total time = 828	Obj = 1477.00	Pricing Time = 0
i = 163	Master Time = 1	Lamb = 10618	Total time = 829	Obj = 1472.25	Pricing Time = 0
i = 164	Master Time = 1	Lamb = 10659	Total time = 830	Obj = 1465.21	Pricing Time = 0
i = 165	Master Time = 1	Lamb = 10689	Total time = 831	Obj = 1440.64	Pricing Time = 0
i = 166	Master Time = 1	Lamb = 10742	Total time = 832	Obj = 1435.40	Pricing Time = 0
i = 167	Master Time = 0	Lamb = 10782	Total time = 833	Obj = 1431.98	Pricing Time = 1
i = 168	Master Time = 1	Lamb = 10803	Total time = 834	Obj = 1427.26	Pricing Time = 0
i = 169	Master Time = 0	Lamb = 10829	Total time = 835	Obj = 1423.77	Pricing Time = 1
i = 170	Master Time = 1	Lamb = 10856	Total time = 836	Obj = 1422.10	Pricing Time = 0
i = 171	Master Time = 1	Lamb = 10875	Total time = 837	Obj = 1418.30	Pricing Time = 0
i = 172	Master Time = 0	Lamb = 10899	Total time = 838	Obj = 1417.46	Pricing Time = 3
i = 173	Master Time = 2	Lamb = 10955	Total time = 842	Obj = 1405.36	Pricing Time = 0
i = 174	Master Time = 1	Lamb = 10991	Total time = 843	Obj = 1404.22	Pricing Time = 0
i = 175	Master Time = 1	Lamb = 11014	Total time = 844	Obj = 1402.17	Pricing Time = 3
i = 176	Master Time = 1	Lamb = 11058	Total time = 848	Obj = 1397.54	Pricing Time = 0
i = 177	Master Time = 1	Lamb = 11080	Total time = 849	Obj = 1396.12	Pricing Time = 3
i = 178	Master Time = 2	Lamb = 11124	Total time = 854	Obj = 1388.28	Pricing Time = 3
i = 179	Master Time = 1	Lamb = 11173	Total time = 858	Obj = 1385.48	Pricing Time = 3
i = 180	Master Time = 1	Lamb = 11214	Total time = 862	Obj = 1381.03	Pricing Time = 3
i = 181	Master Time = 1	Lamb = 11259	Total time = 867	Obj = 1378.93	Pricing Time = 3
i = 182	Master Time = 1	Lamb = 11299	Total time = 870	Obj = 1377.26	Pricing Time = 4
i = 183	Master Time = 1	Lamb = 11337	Total time = 875	Obj = 1374.31	Pricing Time = 4
i = 184	Master Time = 0	Lamb = 11377	Total time = 880	Obj = 1374.09	Pricing Time = 3
i = 185	Master Time = 1	Lamb = 11427	Total time = 883	Obj = 1373.71	Pricing Time = 3
i = 186	Master Time = 1	Lamb = 11468	Total time = 887	Obj = 1372.22	Pricing Time = 3
i = 187	Master Time = 1	Lamb = 11505	Total time = 891	Obj = 1371.93	Pricing Time = 2
i = 188	Master Time = 1	Lamb = 11538	Total time = 894	Obj = 1370.00	Pricing Time = 3
i = 189	Master Time = 1	Lamb = 11545	Total time = 898	Obj = 1370.00	Pricing Time = 5
i = 190	Master Time = 0	Lamb = 11555	Total time = 903	Obj = 1370.00	Pricing Time = 4
i = 191	Master Time = 1	Lamb = 11563	Total time = 908	Obj = 1370.00	Pricing Time = 4
i = 192	Master Time = 0	Lamb = 11574	Total time = 913	Obj = 1370.00	Pricing Time = 5
i = 193	Master Time = 0	Lamb = 11589	Total time = 917	Obj = 1370.00	Pricing Time = 3
i = 194	Master Time = 0	Lamb = 11599	Total time = 921	Obj = 1370.00	Pricing Time = 4
i = 195	Master Time = 1	Lamb = 11607	Total time = 925	Obj = 1370.00	Pricing Time = 4
i = 196	Master Time = 0	Lamb = 11610	Total time = 930	Obj = 1370.00	Pricing Time = 4
i = 197	Master Time = 0	Lamb = 11615	Total time = 934	Obj = 1370.00	Pricing Time = 5
i = 198	Master Time = 0	Lamb = 11619	Total time = 939	Obj = 1370.00	Pricing Time = 4
i = 199	Master Time = 1	Lamb = 11623	Total time = 943	Obj = 1370.00	Pricing Time = 5
i = 200	Master Time = 0	Lamb = 11628	Total time = 949	Obj = 1370.00	Pricing Time = 4
i = 201	Master Time = 0	Lamb = 11630	Total time = 953	Obj = 1370.00	Pricing Time = 4
--------------------------------------
n035w4_0_1-7-1-8
X fix to 1: 176
X fix to 0: 0
Fractional X remaining: 1034 | min(7.257779488413427E-4, 0.9709163669329828)
--------------------------------------
i = 202	Master Time = 2	Lamb = 11630	Total time = 958	Obj = 1610.08	Pricing Time = 0
i = 203	Master Time = 1	Lamb = 11772	Total time = 959	Obj = 1575.91	Pricing Time = 0
i = 204	Master Time = 1	Lamb = 11906	Total time = 960	Obj = 1559.07	Pricing Time = 0
i = 205	Master Time = 1	Lamb = 12044	Total time = 962	Obj = 1530.20	Pricing Time = 0
i = 206	Master Time = 2	Lamb = 12178	Total time = 963	Obj = 1496.67	Pricing Time = 0
i = 207	Master Time = 1	Lamb = 12304	Total time = 964	Obj = 1480.99	Pricing Time = 0
i = 208	Master Time = 1	Lamb = 12402	Total time = 965	Obj = 1470.71	Pricing Time = 0
i = 209	Master Time = 2	Lamb = 12497	Total time = 967	Obj = 1455.29	Pricing Time = 0
i = 210	Master Time = 1	Lamb = 12565	Total time = 969	Obj = 1441.21	Pricing Time = 0
i = 211	Master Time = 1	Lamb = 12619	Total time = 970	Obj = 1432.76	Pricing Time = 1
i = 212	Master Time = 0	Lamb = 12663	Total time = 971	Obj = 1429.29	Pricing Time = 0
i = 213	Master Time = 1	Lamb = 12704	Total time = 972	Obj = 1423.92	Pricing Time = 0
i = 214	Master Time = 1	Lamb = 12733	Total time = 973	Obj = 1413.91	Pricing Time = 0
i = 215	Master Time = 1	Lamb = 12779	Total time = 974	Obj = 1409.48	Pricing Time = 0
i = 216	Master Time = 1	Lamb = 12817	Total time = 975	Obj = 1406.87	Pricing Time = 1
i = 217	Master Time = 0	Lamb = 12849	Total time = 976	Obj = 1404.61	Pricing Time = 0
i = 218	Master Time = 2	Lamb = 12887	Total time = 977	Obj = 1387.71	Pricing Time = 0
i = 219	Master Time = 1	Lamb = 12957	Total time = 978	Obj = 1386.33	Pricing Time = 0
i = 220	Master Time = 0	Lamb = 12997	Total time = 979	Obj = 1385.85	Pricing Time = 1
i = 221	Master Time = 1	Lamb = 13028	Total time = 980	Obj = 1384.47	Pricing Time = 0
i = 222	Master Time = 0	Lamb = 13062	Total time = 981	Obj = 1383.30	Pricing Time = 1
i = 223	Master Time = 0	Lamb = 13089	Total time = 982	Obj = 1382.39	Pricing Time = 3
i = 224	Master Time = 1	Lamb = 13128	Total time = 986	Obj = 1378.84	Pricing Time = 0
i = 225	Master Time = 1	Lamb = 13202	Total time = 986	Obj = 1378.79	Pricing Time = 0
i = 226	Master Time = 2	Lamb = 13249	Total time = 988	Obj = 1378.01	Pricing Time = 0
i = 227	Master Time = 0	Lamb = 13282	Total time = 988	Obj = 1377.88	Pricing Time = 3
i = 228	Master Time = 2	Lamb = 13325	Total time = 993	Obj = 1375.52	Pricing Time = 0
i = 229	Master Time = 0	Lamb = 13397	Total time = 994	Obj = 1375.43	Pricing Time = 0
i = 230	Master Time = 1	Lamb = 13426	Total time = 994	Obj = 1375.40	Pricing Time = 3
i = 231	Master Time = 2	Lamb = 13464	Total time = 1000	Obj = 1372.81	Pricing Time = 0
i = 232	Master Time = 2	Lamb = 13511	Total time = 1002	Obj = 1372.53	Pricing Time = 2
i = 233	Master Time = 2	Lamb = 13544	Total time = 1005	Obj = 1371.06	Pricing Time = 0
i = 234	Master Time = 1	Lamb = 13602	Total time = 1007	Obj = 1370.94	Pricing Time = 0
i = 235	Master Time = 2	Lamb = 13641	Total time = 1008	Obj = 1370.80	Pricing Time = 0
i = 236	Master Time = 0	Lamb = 13670	Total time = 1009	Obj = 1370.78	Pricing Time = 3
i = 237	Master Time = 2	Lamb = 13702	Total time = 1013	Obj = 1370.32	Pricing Time = 0
i = 238	Master Time = 1	Lamb = 13731	Total time = 1014	Obj = 1370.11	Pricing Time = 0
i = 239	Master Time = 2	Lamb = 13774	Total time = 1016	Obj = 1370.11	Pricing Time = 3
i = 240	Master Time = 1	Lamb = 13823	Total time = 1020	Obj = 1370.00	Pricing Time = 3
i = 241	Master Time = 2	Lamb = 13862	Total time = 1025	Obj = 1370.00	Pricing Time = 2
i = 242	Master Time = 2	Lamb = 13890	Total time = 1029	Obj = 1370.00	Pricing Time = 2
i = 243	Master Time = 1	Lamb = 13916	Total time = 1033	Obj = 1370.00	Pricing Time = 3
i = 244	Master Time = 2	Lamb = 13930	Total time = 1037	Obj = 1370.00	Pricing Time = 2
i = 245	Master Time = 1	Lamb = 13945	Total time = 1040	Obj = 1370.00	Pricing Time = 3
i = 246	Master Time = 1	Lamb = 13957	Total time = 1045	Obj = 1370.00	Pricing Time = 3
i = 247	Master Time = 2	Lamb = 13964	Total time = 1049	Obj = 1370.00	Pricing Time = 3
i = 248	Master Time = 0	Lamb = 13969	Total time = 1052	Obj = 1370.00	Pricing Time = 2
i = 249	Master Time = 1	Lamb = 13986	Total time = 1055	Obj = 1370.00	Pricing Time = 3
i = 250	Master Time = 0	Lamb = 13993	Total time = 1059	Obj = 1370.00	Pricing Time = 3
i = 251	Master Time = 0	Lamb = 13996	Total time = 1062	Obj = 1370.00	Pricing Time = 4
i = 252	Master Time = 0	Lamb = 13998	Total time = 1065	Obj = 1370.00	Pricing Time = 3
i = 253	Master Time = 1	Lamb = 13999	Total time = 1069	Obj = 1370.00	Pricing Time = 2
i = 254	Master Time = 0	Lamb = 14000	Total time = 1072	Obj = 1370.00	Pricing Time = 3
i = 255	Master Time = 1	Lamb = 14003	Total time = 1075	Obj = 1370.00	Pricing Time = 3
i = 256	Master Time = 0	Lamb = 14004	Total time = 1078	Obj = 1370.00	Pricing Time = 2
i = 257	Master Time = 0	Lamb = 14005	Total time = 1081	Obj = 1370.00	Pricing Time = 4
i = 258	Master Time = 1	Lamb = 14006	Total time = 1085	Obj = 1370.00	Pricing Time = 3
--------------------------------------
n035w4_0_1-7-1-8
X fix to 1: 244
X fix to 0: 0
Fractional X remaining: 943 | min(0.0049814906381441815, 0.9598374600393053)
--------------------------------------
i = 259	Master Time = 1	Lamb = 14006	Total time = 1090	Obj = 1531.82	Pricing Time = 0
i = 260	Master Time = 2	Lamb = 14137	Total time = 1091	Obj = 1509.50	Pricing Time = 0
i = 261	Master Time = 1	Lamb = 14275	Total time = 1092	Obj = 1471.83	Pricing Time = 0
i = 262	Master Time = 1	Lamb = 14378	Total time = 1094	Obj = 1446.58	Pricing Time = 0
i = 263	Master Time = 1	Lamb = 14462	Total time = 1095	Obj = 1434.09	Pricing Time = 0
i = 264	Master Time = 1	Lamb = 14566	Total time = 1096	Obj = 1429.68	Pricing Time = 0
i = 265	Master Time = 1	Lamb = 14645	Total time = 1097	Obj = 1422.44	Pricing Time = 0
i = 266	Master Time = 2	Lamb = 14696	Total time = 1098	Obj = 1411.57	Pricing Time = 0
i = 267	Master Time = 1	Lamb = 14777	Total time = 1100	Obj = 1410.09	Pricing Time = 0
i = 268	Master Time = 2	Lamb = 14839	Total time = 1101	Obj = 1407.88	Pricing Time = 0
i = 269	Master Time = 0	Lamb = 14886	Total time = 1102	Obj = 1406.84	Pricing Time = 1
i = 270	Master Time = 0	Lamb = 14929	Total time = 1103	Obj = 1404.96	Pricing Time = 0
i = 271	Master Time = 0	Lamb = 14966	Total time = 1103	Obj = 1402.68	Pricing Time = 0
i = 272	Master Time = 1	Lamb = 14999	Total time = 1105	Obj = 1393.86	Pricing Time = 1
i = 273	Master Time = 1	Lamb = 15044	Total time = 1106	Obj = 1388.58	Pricing Time = 0
i = 274	Master Time = 1	Lamb = 15117	Total time = 1107	Obj = 1387.72	Pricing Time = 0
i = 275	Master Time = 1	Lamb = 15174	Total time = 1108	Obj = 1386.73	Pricing Time = 0
i = 276	Master Time = 1	Lamb = 15202	Total time = 1110	Obj = 1384.61	Pricing Time = 0
i = 277	Master Time = 2	Lamb = 15226	Total time = 1111	Obj = 1382.91	Pricing Time = 0
i = 278	Master Time = 1	Lamb = 15272	Total time = 1112	Obj = 1381.49	Pricing Time = 0
i = 279	Master Time = 1	Lamb = 15311	Total time = 1113	Obj = 1381.30	Pricing Time = 0
i = 280	Master Time = 0	Lamb = 15339	Total time = 1114	Obj = 1381.15	Pricing Time = 2
i = 281	Master Time = 2	Lamb = 15375	Total time = 1117	Obj = 1375.83	Pricing Time = 0
i = 282	Master Time = 1	Lamb = 15410	Total time = 1118	Obj = 1373.27	Pricing Time = 0
i = 283	Master Time = 1	Lamb = 15452	Total time = 1120	Obj = 1373.23	Pricing Time = 3
i = 284	Master Time = 1	Lamb = 15496	Total time = 1124	Obj = 1371.08	Pricing Time = 1
i = 285	Master Time = 1	Lamb = 15547	Total time = 1125	Obj = 1370.83	Pricing Time = 2
i = 286	Master Time = 1	Lamb = 15604	Total time = 1128	Obj = 1370.00	Pricing Time = 2
i = 287	Master Time = 2	Lamb = 15634	Total time = 1132	Obj = 1370.00	Pricing Time = 2
i = 288	Master Time = 1	Lamb = 15659	Total time = 1136	Obj = 1370.00	Pricing Time = 2
i = 289	Master Time = 1	Lamb = 15673	Total time = 1138	Obj = 1370.00	Pricing Time = 2
i = 290	Master Time = 2	Lamb = 15693	Total time = 1142	Obj = 1370.00	Pricing Time = 2
i = 291	Master Time = 0	Lamb = 15711	Total time = 1145	Obj = 1370.00	Pricing Time = 2
i = 292	Master Time = 1	Lamb = 15725	Total time = 1147	Obj = 1370.00	Pricing Time = 2
i = 293	Master Time = 1	Lamb = 15733	Total time = 1150	Obj = 1370.00	Pricing Time = 2
i = 294	Master Time = 1	Lamb = 15745	Total time = 1153	Obj = 1370.00	Pricing Time = 3
i = 295	Master Time = 0	Lamb = 15752	Total time = 1156	Obj = 1370.00	Pricing Time = 3
i = 296	Master Time = 0	Lamb = 15756	Total time = 1160	Obj = 1370.00	Pricing Time = 3
i = 297	Master Time = 0	Lamb = 15758	Total time = 1163	Obj = 1370.00	Pricing Time = 4
i = 298	Master Time = 0	Lamb = 15759	Total time = 1166	Obj = 1370.00	Pricing Time = 3
--------------------------------------
n035w4_0_1-7-1-8
X fix to 1: 306
X fix to 0: 0
Fractional X remaining: 530 | min(0.01289999999999486, 0.9871000000000052)
--------------------------------------
i = 299	Master Time = 1	Lamb = 15759	Total time = 1170	Obj = 1518.71	Pricing Time = 0
i = 300	Master Time = 1	Lamb = 15886	Total time = 1171	Obj = 1488.22	Pricing Time = 0
i = 301	Master Time = 1	Lamb = 15983	Total time = 1172	Obj = 1469.84	Pricing Time = 0
i = 302	Master Time = 1	Lamb = 16051	Total time = 1173	Obj = 1434.61	Pricing Time = 0
i = 303	Master Time = 1	Lamb = 16113	Total time = 1174	Obj = 1416.96	Pricing Time = 0
i = 304	Master Time = 0	Lamb = 16162	Total time = 1175	Obj = 1408.27	Pricing Time = 1
i = 305	Master Time = 0	Lamb = 16218	Total time = 1176	Obj = 1394.16	Pricing Time = 1
i = 306	Master Time = 1	Lamb = 16247	Total time = 1177	Obj = 1392.64	Pricing Time = 1
i = 307	Master Time = 1	Lamb = 16292	Total time = 1180	Obj = 1392.50	Pricing Time = 0
i = 308	Master Time = 1	Lamb = 16379	Total time = 1181	Obj = 1392.50	Pricing Time = 0
i = 309	Master Time = 1	Lamb = 16440	Total time = 1182	Obj = 1392.50	Pricing Time = 1
i = 310	Master Time = 1	Lamb = 16500	Total time = 1183	Obj = 1388.82	Pricing Time = 0
i = 311	Master Time = 1	Lamb = 16569	Total time = 1185	Obj = 1387.95	Pricing Time = 0
i = 312	Master Time = 1	Lamb = 16615	Total time = 1186	Obj = 1383.56	Pricing Time = 0
i = 313	Master Time = 1	Lamb = 16672	Total time = 1186	Obj = 1383.43	Pricing Time = 0
i = 314	Master Time = 1	Lamb = 16722	Total time = 1188	Obj = 1373.75	Pricing Time = 0
i = 315	Master Time = 0	Lamb = 16765	Total time = 1189	Obj = 1370.00	Pricing Time = 0
i = 316	Master Time = 2	Lamb = 16808	Total time = 1190	Obj = 1370.00	Pricing Time = 1
i = 317	Master Time = 1	Lamb = 16853	Total time = 1193	Obj = 1370.00	Pricing Time = 1
i = 318	Master Time = 1	Lamb = 16894	Total time = 1194	Obj = 1370.00	Pricing Time = 2
i = 319	Master Time = 1	Lamb = 16923	Total time = 1197	Obj = 1370.00	Pricing Time = 2
i = 320	Master Time = 2	Lamb = 16948	Total time = 1201	Obj = 1370.00	Pricing Time = 2
i = 321	Master Time = 1	Lamb = 16971	Total time = 1205	Obj = 1370.00	Pricing Time = 2
i = 322	Master Time = 1	Lamb = 17001	Total time = 1208	Obj = 1370.00	Pricing Time = 3
i = 323	Master Time = 1	Lamb = 17023	Total time = 1211	Obj = 1370.00	Pricing Time = 2
i = 324	Master Time = 1	Lamb = 17041	Total time = 1214	Obj = 1370.00	Pricing Time = 2
i = 325	Master Time = 1	Lamb = 17059	Total time = 1218	Obj = 1370.00	Pricing Time = 2
i = 326	Master Time = 1	Lamb = 17073	Total time = 1221	Obj = 1370.00	Pricing Time = 2
i = 327	Master Time = 1	Lamb = 17086	Total time = 1224	Obj = 1370.00	Pricing Time = 2
i = 328	Master Time = 1	Lamb = 17099	Total time = 1227	Obj = 1370.00	Pricing Time = 2
i = 329	Master Time = 0	Lamb = 17116	Total time = 1229	Obj = 1370.00	Pricing Time = 2
i = 330	Master Time = 1	Lamb = 17133	Total time = 1231	Obj = 1370.00	Pricing Time = 2
i = 331	Master Time = 0	Lamb = 17143	Total time = 1234	Obj = 1370.00	Pricing Time = 3
i = 332	Master Time = 0	Lamb = 17147	Total time = 1237	Obj = 1370.00	Pricing Time = 2
i = 333	Master Time = 1	Lamb = 17148	Total time = 1239	Obj = 1370.00	Pricing Time = 2
i = 334	Master Time = 0	Lamb = 17149	Total time = 1242	Obj = 1370.00	Pricing Time = 3
--------------------------------------
n035w4_0_1-7-1-8
X fix to 1: 329
X fix to 0: 0
Fractional X remaining: 402 | min(0.03846153846154149, 0.9230769230769265)
--------------------------------------
i = 335	Master Time = 1	Lamb = 17149	Total time = 1246	Obj = 1415.00	Pricing Time = 0
i = 336	Master Time = 1	Lamb = 17238	Total time = 1247	Obj = 1410.00	Pricing Time = 0
i = 337	Master Time = 2	Lamb = 17311	Total time = 1248	Obj = 1404.83	Pricing Time = 0
i = 338	Master Time = 1	Lamb = 17369	Total time = 1249	Obj = 1395.00	Pricing Time = 0
i = 339	Master Time = 1	Lamb = 17423	Total time = 1250	Obj = 1395.00	Pricing Time = 0
i = 340	Master Time = 1	Lamb = 17471	Total time = 1252	Obj = 1385.00	Pricing Time = 0
i = 341	Master Time = 1	Lamb = 17516	Total time = 1253	Obj = 1381.94	Pricing Time = 0
i = 342	Master Time = 0	Lamb = 17566	Total time = 1254	Obj = 1375.56	Pricing Time = 1
i = 343	Master Time = 1	Lamb = 17595	Total time = 1255	Obj = 1375.35	Pricing Time = 0
i = 344	Master Time = 1	Lamb = 17639	Total time = 1257	Obj = 1375.35	Pricing Time = 0
i = 345	Master Time = 1	Lamb = 17663	Total time = 1258	Obj = 1375.00	Pricing Time = 3
i = 346	Master Time = 1	Lamb = 17693	Total time = 1261	Obj = 1375.00	Pricing Time = 2
i = 347	Master Time = 1	Lamb = 17732	Total time = 1264	Obj = 1373.33	Pricing Time = 0
i = 348	Master Time = 1	Lamb = 17754	Total time = 1265	Obj = 1373.33	Pricing Time = 0
i = 349	Master Time = 1	Lamb = 17781	Total time = 1267	Obj = 1373.33	Pricing Time = 0
i = 350	Master Time = 1	Lamb = 17813	Total time = 1268	Obj = 1372.14	Pricing Time = 1
i = 351	Master Time = 1	Lamb = 17838	Total time = 1270	Obj = 1370.00	Pricing Time = 2
i = 352	Master Time = 1	Lamb = 17864	Total time = 1272	Obj = 1370.00	Pricing Time = 2
i = 353	Master Time = 1	Lamb = 17887	Total time = 1275	Obj = 1370.00	Pricing Time = 1
i = 354	Master Time = 2	Lamb = 17913	Total time = 1278	Obj = 1370.00	Pricing Time = 1
i = 355	Master Time = 1	Lamb = 17927	Total time = 1281	Obj = 1370.00	Pricing Time = 2
i = 356	Master Time = 1	Lamb = 17941	Total time = 1283	Obj = 1370.00	Pricing Time = 2
i = 357	Master Time = 1	Lamb = 17964	Total time = 1286	Obj = 1370.00	Pricing Time = 2
i = 358	Master Time = 0	Lamb = 17977	Total time = 1289	Obj = 1370.00	Pricing Time = 3
i = 359	Master Time = 0	Lamb = 17984	Total time = 1292	Obj = 1370.00	Pricing Time = 2
i = 360	Master Time = 1	Lamb = 17995	Total time = 1295	Obj = 1370.00	Pricing Time = 2
i = 361	Master Time = 1	Lamb = 18013	Total time = 1298	Obj = 1370.00	Pricing Time = 2
i = 362	Master Time = 1	Lamb = 18027	Total time = 1300	Obj = 1370.00	Pricing Time = 2
i = 363	Master Time = 1	Lamb = 18052	Total time = 1303	Obj = 1370.00	Pricing Time = 2
i = 364	Master Time = 1	Lamb = 18072	Total time = 1306	Obj = 1370.00	Pricing Time = 2
i = 365	Master Time = 1	Lamb = 18088	Total time = 1310	Obj = 1370.00	Pricing Time = 3
i = 366	Master Time = 1	Lamb = 18106	Total time = 1313	Obj = 1370.00	Pricing Time = 2
i = 367	Master Time = 1	Lamb = 18118	Total time = 1317	Obj = 1370.00	Pricing Time = 2
i = 368	Master Time = 1	Lamb = 18129	Total time = 1320	Obj = 1370.00	Pricing Time = 1
i = 369	Master Time = 1	Lamb = 18139	Total time = 1321	Obj = 1370.00	Pricing Time = 2
i = 370	Master Time = 1	Lamb = 18146	Total time = 1324	Obj = 1370.00	Pricing Time = 2
i = 371	Master Time = 1	Lamb = 18156	Total time = 1327	Obj = 1370.00	Pricing Time = 1
i = 372	Master Time = 1	Lamb = 18161	Total time = 1330	Obj = 1370.00	Pricing Time = 3
i = 373	Master Time = 1	Lamb = 18168	Total time = 1333	Obj = 1370.00	Pricing Time = 2
i = 374	Master Time = 0	Lamb = 18169	Total time = 1336	Obj = 1370.00	Pricing Time = 3
i = 375	Master Time = 1	Lamb = 18171	Total time = 1339	Obj = 1370.00	Pricing Time = 2
i = 376	Master Time = 1	Lamb = 18180	Total time = 1342	Obj = 1370.00	Pricing Time = 3
i = 377	Master Time = 1	Lamb = 18185	Total time = 1346	Obj = 1370.00	Pricing Time = 2
i = 378	Master Time = 1	Lamb = 18190	Total time = 1349	Obj = 1370.00	Pricing Time = 2
i = 379	Master Time = 0	Lamb = 18191	Total time = 1352	Obj = 1370.00	Pricing Time = 3
i = 380	Master Time = 0	Lamb = 18195	Total time = 1355	Obj = 1370.00	Pricing Time = 3
i = 381	Master Time = 0	Lamb = 18197	Total time = 1358	Obj = 1370.00	Pricing Time = 3
i = 382	Master Time = 0	Lamb = 18198	Total time = 1361	Obj = 1370.00	Pricing Time = 3
--------------------------------------
n035w4_0_1-7-1-8
X fix to 1: 338
X fix to 0: 0
Fractional X remaining: 340 | min(0.06249999999999714, 0.8333333333333335)
--------------------------------------
i = 383	Master Time = 0	Lamb = 18198	Total time = 1364	Obj = 1370.00	Pricing Time = 3
--------------------------------------
n035w4_0_1-7-1-8
X fix to 1: 339
X fix to 0: 1
Fractional X remaining: 158 | min(0.49999999999999534, 0.5000000000000047)
--------------------------------------
i = 384	Master Time = 1	Lamb = 18198	Total time = 1368	Obj = 1374.00	Pricing Time = 0
i = 385	Master Time = 0	Lamb = 18239	Total time = 1369	Obj = 1374.00	Pricing Time = 0
i = 386	Master Time = 2	Lamb = 18269	Total time = 1370	Obj = 1372.26	Pricing Time = 0
i = 387	Master Time = 1	Lamb = 18307	Total time = 1371	Obj = 1370.00	Pricing Time = 1
i = 388	Master Time = 1	Lamb = 18327	Total time = 1374	Obj = 1370.00	Pricing Time = 3
i = 389	Master Time = 1	Lamb = 18349	Total time = 1378	Obj = 1370.00	Pricing Time = 2
i = 390	Master Time = 1	Lamb = 18371	Total time = 1380	Obj = 1370.00	Pricing Time = 1
i = 391	Master Time = 0	Lamb = 18385	Total time = 1382	Obj = 1370.00	Pricing Time = 2
i = 392	Master Time = 1	Lamb = 18394	Total time = 1385	Obj = 1370.00	Pricing Time = 2
i = 393	Master Time = 1	Lamb = 18410	Total time = 1387	Obj = 1370.00	Pricing Time = 2
i = 394	Master Time = 0	Lamb = 18417	Total time = 1389	Obj = 1370.00	Pricing Time = 2
i = 395	Master Time = 0	Lamb = 18418	Total time = 1391	Obj = 1370.00	Pricing Time = 2
i = 396	Master Time = 0	Lamb = 18423	Total time = 1393	Obj = 1370.00	Pricing Time = 3
i = 397	Master Time = 0	Lamb = 18424	Total time = 1396	Obj = 1370.00	Pricing Time = 2
--------------------------------------
n035w4_0_1-7-1-8
X fix to 1: 389
X fix to 0: 1
Fractional X remaining: 286 | min(0.02631578947368738, 0.9736842105263126)
--------------------------------------
i = 398	Master Time = 1	Lamb = 18424	Total time = 1399	Obj = 1420.00	Pricing Time = 0
i = 399	Master Time = 1	Lamb = 18461	Total time = 1400	Obj = 1420.00	Pricing Time = 0
i = 400	Master Time = 1	Lamb = 18506	Total time = 1401	Obj = 1398.75	Pricing Time = 1
i = 401	Master Time = 1	Lamb = 18530	Total time = 1403	Obj = 1385.00	Pricing Time = 1
i = 402	Master Time = 1	Lamb = 18549	Total time = 1405	Obj = 1379.00	Pricing Time = 1
i = 403	Master Time = 1	Lamb = 18558	Total time = 1407	Obj = 1370.00	Pricing Time = 1
i = 404	Master Time = 1	Lamb = 18571	Total time = 1409	Obj = 1370.00	Pricing Time = 2
i = 405	Master Time = 0	Lamb = 18584	Total time = 1411	Obj = 1370.00	Pricing Time = 1
i = 406	Master Time = 1	Lamb = 18591	Total time = 1413	Obj = 1370.00	Pricing Time = 1
i = 407	Master Time = 1	Lamb = 18594	Total time = 1415	Obj = 1370.00	Pricing Time = 1
i = 408	Master Time = 1	Lamb = 18598	Total time = 1418	Obj = 1370.00	Pricing Time = 2
i = 409	Master Time = 0	Lamb = 18609	Total time = 1419	Obj = 1370.00	Pricing Time = 2
i = 410	Master Time = 0	Lamb = 18616	Total time = 1422	Obj = 1370.00	Pricing Time = 2
i = 411	Master Time = 0	Lamb = 18620	Total time = 1423	Obj = 1370.00	Pricing Time = 2
i = 412	Master Time = 0	Lamb = 18623	Total time = 1426	Obj = 1370.00	Pricing Time = 2
i = 413	Master Time = 0	Lamb = 18627	Total time = 1428	Obj = 1370.00	Pricing Time = 2
i = 414	Master Time = 0	Lamb = 18637	Total time = 1429	Obj = 1370.00	Pricing Time = 2
i = 415	Master Time = 0	Lamb = 18643	Total time = 1432	Obj = 1370.00	Pricing Time = 2
i = 416	Master Time = 1	Lamb = 18651	Total time = 1434	Obj = 1370.00	Pricing Time = 1
i = 417	Master Time = 1	Lamb = 18653	Total time = 1436	Obj = 1370.00	Pricing Time = 1
i = 418	Master Time = 1	Lamb = 18660	Total time = 1438	Obj = 1370.00	Pricing Time = 1
i = 419	Master Time = 1	Lamb = 18664	Total time = 1440	Obj = 1370.00	Pricing Time = 1
i = 420	Master Time = 1	Lamb = 18669	Total time = 1442	Obj = 1370.00	Pricing Time = 2
i = 421	Master Time = 0	Lamb = 18671	Total time = 1445	Obj = 1370.00	Pricing Time = 2
i = 422	Master Time = 0	Lamb = 18675	Total time = 1447	Obj = 1370.00	Pricing Time = 2
i = 423	Master Time = 0	Lamb = 18679	Total time = 1449	Obj = 1370.00	Pricing Time = 2
i = 424	Master Time = 0	Lamb = 18680	Total time = 1450	Obj = 1370.00	Pricing Time = 1
--------------------------------------
n035w4_0_1-7-1-8
X fix to 1: 390
X fix to 0: 1
Fractional X remaining: 138 | min(0.5, 0.5)
--------------------------------------
i = 425	Master Time = 1	Lamb = 18680	Total time = 1452	Obj = 1370.00	Pricing Time = 1
i = 426	Master Time = 1	Lamb = 18681	Total time = 1454	Obj = 1370.00	Pricing Time = 1
i = 427	Master Time = 1	Lamb = 18683	Total time = 1456	Obj = 1370.00	Pricing Time = 1
--------------------------------------
n035w4_0_1-7-1-8
X fix to 1: 391
X fix to 0: 1
Fractional X remaining: 126 | min(0.5, 0.5)
--------------------------------------
i = 428	Master Time = 1	Lamb = 18683	Total time = 1458	Obj = 1387.50	Pricing Time = 1
i = 429	Master Time = 0	Lamb = 18692	Total time = 1460	Obj = 1387.50	Pricing Time = 2
i = 430	Master Time = 0	Lamb = 18702	Total time = 1461	Obj = 1387.50	Pricing Time = 2
i = 431	Master Time = 0	Lamb = 18709	Total time = 1464	Obj = 1387.50	Pricing Time = 2
i = 432	Master Time = 0	Lamb = 18713	Total time = 1465	Obj = 1387.50	Pricing Time = 2
i = 433	Master Time = 0	Lamb = 18719	Total time = 1467	Obj = 1380.00	Pricing Time = 2
i = 434	Master Time = 0	Lamb = 18726	Total time = 1469	Obj = 1380.00	Pricing Time = 2
i = 435	Master Time = 0	Lamb = 18731	Total time = 1472	Obj = 1380.00	Pricing Time = 2
i = 436	Master Time = 0	Lamb = 18736	Total time = 1473	Obj = 1380.00	Pricing Time = 2
i = 437	Master Time = 0	Lamb = 18742	Total time = 1475	Obj = 1380.00	Pricing Time = 2
i = 438	Master Time = 0	Lamb = 18747	Total time = 1477	Obj = 1380.00	Pricing Time = 2
i = 439	Master Time = 0	Lamb = 18752	Total time = 1479	Obj = 1380.00	Pricing Time = 2
i = 440	Master Time = 0	Lamb = 18758	Total time = 1482	Obj = 1380.00	Pricing Time = 2
i = 441	Master Time = 0	Lamb = 18767	Total time = 1483	Obj = 1380.00	Pricing Time = 2
i = 442	Master Time = 0	Lamb = 18775	Total time = 1485	Obj = 1380.00	Pricing Time = 2
i = 443	Master Time = 0	Lamb = 18779	Total time = 1488	Obj = 1380.00	Pricing Time = 2
i = 444	Master Time = 0	Lamb = 18784	Total time = 1489	Obj = 1380.00	Pricing Time = 2
i = 445	Master Time = 0	Lamb = 18788	Total time = 1491	Obj = 1380.00	Pricing Time = 1
i = 446	Master Time = 1	Lamb = 18792	Total time = 1493	Obj = 1380.00	Pricing Time = 1
i = 447	Master Time = 1	Lamb = 18797	Total time = 1495	Obj = 1380.00	Pricing Time = 1
i = 448	Master Time = 0	Lamb = 18804	Total time = 1497	Obj = 1380.00	Pricing Time = 2
i = 449	Master Time = 1	Lamb = 18808	Total time = 1499	Obj = 1380.00	Pricing Time = 1
i = 450	Master Time = 1	Lamb = 18812	Total time = 1501	Obj = 1380.00	Pricing Time = 1
i = 451	Master Time = 0	Lamb = 18816	Total time = 1503	Obj = 1380.00	Pricing Time = 2
i = 452	Master Time = 0	Lamb = 18820	Total time = 1505	Obj = 1380.00	Pricing Time = 2
i = 453	Master Time = 0	Lamb = 18825	Total time = 1507	Obj = 1380.00	Pricing Time = 2
i = 454	Master Time = 0	Lamb = 18832	Total time = 1509	Obj = 1380.00	Pricing Time = 2
i = 455	Master Time = 0	Lamb = 18837	Total time = 1511	Obj = 1380.00	Pricing Time = 2
i = 456	Master Time = 0	Lamb = 18842	Total time = 1513	Obj = 1380.00	Pricing Time = 2
i = 457	Master Time = 0	Lamb = 18845	Total time = 1515	Obj = 1380.00	Pricing Time = 2
i = 458	Master Time = 0	Lamb = 18847	Total time = 1517	Obj = 1380.00	Pricing Time = 2
i = 459	Master Time = 0	Lamb = 18850	Total time = 1519	Obj = 1380.00	Pricing Time = 2
i = 460	Master Time = 0	Lamb = 18853	Total time = 1520	Obj = 1380.00	Pricing Time = 2
i = 461	Master Time = 0	Lamb = 18855	Total time = 1523	Obj = 1380.00	Pricing Time = 2
i = 462	Master Time = 0	Lamb = 18858	Total time = 1524	Obj = 1380.00	Pricing Time = 2
i = 463	Master Time = 0	Lamb = 18861	Total time = 1526	Obj = 1380.00	Pricing Time = 2
i = 464	Master Time = 0	Lamb = 18865	Total time = 1529	Obj = 1380.00	Pricing Time = 2
i = 465	Master Time = 0	Lamb = 18866	Total time = 1531	Obj = 1380.00	Pricing Time = 2
--------------------------------------
n035w4_0_1-7-1-8
X fix to 1: 392
X fix to 0: 1
Fractional X remaining: 122 | min(0.5, 0.5)
--------------------------------------
i = 466	Master Time = 0	Lamb = 18866	Total time = 1533	Obj = 1405.50	Pricing Time = 2
i = 467	Master Time = 0	Lamb = 18876	Total time = 1535	Obj = 1399.00	Pricing Time = 2
i = 468	Master Time = 0	Lamb = 18885	Total time = 1537	Obj = 1398.85	Pricing Time = 2
i = 469	Master Time = 0	Lamb = 18891	Total time = 1538	Obj = 1398.85	Pricing Time = 1
i = 470	Master Time = 1	Lamb = 18899	Total time = 1540	Obj = 1398.40	Pricing Time = 1
i = 471	Master Time = 0	Lamb = 18907	Total time = 1542	Obj = 1398.27	Pricing Time = 2
i = 472	Master Time = 0	Lamb = 18922	Total time = 1544	Obj = 1397.61	Pricing Time = 2
i = 473	Master Time = 0	Lamb = 18931	Total time = 1546	Obj = 1397.61	Pricing Time = 2
i = 474	Master Time = 0	Lamb = 18936	Total time = 1548	Obj = 1397.61	Pricing Time = 2
i = 475	Master Time = 0	Lamb = 18943	Total time = 1550	Obj = 1396.25	Pricing Time = 2
i = 476	Master Time = 0	Lamb = 18948	Total time = 1552	Obj = 1396.25	Pricing Time = 2
i = 477	Master Time = 0	Lamb = 18953	Total time = 1554	Obj = 1396.25	Pricing Time = 2
i = 478	Master Time = 0	Lamb = 18961	Total time = 1556	Obj = 1396.07	Pricing Time = 2
i = 479	Master Time = 0	Lamb = 18965	Total time = 1558	Obj = 1395.24	Pricing Time = 2
i = 480	Master Time = 0	Lamb = 18971	Total time = 1560	Obj = 1395.24	Pricing Time = 2
i = 481	Master Time = 0	Lamb = 18975	Total time = 1561	Obj = 1395.24	Pricing Time = 2
i = 482	Master Time = 0	Lamb = 18978	Total time = 1564	Obj = 1395.24	Pricing Time = 2
i = 483	Master Time = 0	Lamb = 18983	Total time = 1566	Obj = 1393.54	Pricing Time = 2
i = 484	Master Time = 0	Lamb = 18988	Total time = 1568	Obj = 1390.00	Pricing Time = 2
i = 485	Master Time = 0	Lamb = 18992	Total time = 1570	Obj = 1390.00	Pricing Time = 2
i = 486	Master Time = 0	Lamb = 18997	Total time = 1572	Obj = 1390.00	Pricing Time = 2
i = 487	Master Time = 0	Lamb = 19002	Total time = 1574	Obj = 1390.00	Pricing Time = 2
i = 488	Master Time = 0	Lamb = 19005	Total time = 1576	Obj = 1390.00	Pricing Time = 2
i = 489	Master Time = 0	Lamb = 19008	Total time = 1578	Obj = 1390.00	Pricing Time = 2
i = 490	Master Time = 0	Lamb = 19012	Total time = 1580	Obj = 1390.00	Pricing Time = 2
i = 491	Master Time = 0	Lamb = 19016	Total time = 1582	Obj = 1387.50	Pricing Time = 2
i = 492	Master Time = 0	Lamb = 19018	Total time = 1584	Obj = 1387.50	Pricing Time = 2
i = 493	Master Time = 0	Lamb = 19022	Total time = 1586	Obj = 1387.50	Pricing Time = 2
i = 494	Master Time = 0	Lamb = 19026	Total time = 1588	Obj = 1387.50	Pricing Time = 2
i = 495	Master Time = 0	Lamb = 19028	Total time = 1590	Obj = 1387.50	Pricing Time = 2
i = 496	Master Time = 0	Lamb = 19030	Total time = 1592	Obj = 1387.50	Pricing Time = 2
i = 497	Master Time = 0	Lamb = 19031	Total time = 1594	Obj = 1387.50	Pricing Time = 2
--------------------------------------
n035w4_0_1-7-1-8
X fix to 1: 393
X fix to 0: 1
Fractional X remaining: 118 | min(0.5, 0.5)
--------------------------------------
i = 498	Master Time = 0	Lamb = 19031	Total time = 1596	Obj = 1429.26	Pricing Time = 2
i = 499	Master Time = 0	Lamb = 19052	Total time = 1598	Obj = 1420.71	Pricing Time = 2
i = 500	Master Time = 0	Lamb = 19067	Total time = 1600	Obj = 1418.33	Pricing Time = 2
i = 501	Master Time = 0	Lamb = 19081	Total time = 1602	Obj = 1417.70	Pricing Time = 2
i = 502	Master Time = 0	Lamb = 19098	Total time = 1604	Obj = 1415.48	Pricing Time = 2
i = 503	Master Time = 1	Lamb = 19112	Total time = 1606	Obj = 1407.11	Pricing Time = 1
i = 504	Master Time = 1	Lamb = 19134	Total time = 1608	Obj = 1407.06	Pricing Time = 1
i = 505	Master Time = 0	Lamb = 19144	Total time = 1610	Obj = 1407.06	Pricing Time = 2
i = 506	Master Time = 0	Lamb = 19157	Total time = 1612	Obj = 1406.76	Pricing Time = 2
i = 507	Master Time = 0	Lamb = 19171	Total time = 1614	Obj = 1405.00	Pricing Time = 2
i = 508	Master Time = 0	Lamb = 19178	Total time = 1616	Obj = 1402.50	Pricing Time = 2
i = 509	Master Time = 0	Lamb = 19182	Total time = 1618	Obj = 1402.50	Pricing Time = 2
i = 510	Master Time = 0	Lamb = 19192	Total time = 1619	Obj = 1402.50	Pricing Time = 2
i = 511	Master Time = 0	Lamb = 19196	Total time = 1621	Obj = 1402.50	Pricing Time = 2
i = 512	Master Time = 0	Lamb = 19203	Total time = 1623	Obj = 1402.50	Pricing Time = 1
i = 513	Master Time = 1	Lamb = 19213	Total time = 1625	Obj = 1402.50	Pricing Time = 1
i = 514	Master Time = 1	Lamb = 19222	Total time = 1627	Obj = 1402.50	Pricing Time = 1
i = 515	Master Time = 1	Lamb = 19230	Total time = 1629	Obj = 1402.50	Pricing Time = 1
i = 516	Master Time = 1	Lamb = 19238	Total time = 1631	Obj = 1400.00	Pricing Time = 1
i = 517	Master Time = 1	Lamb = 19244	Total time = 1633	Obj = 1400.00	Pricing Time = 1
i = 518	Master Time = 1	Lamb = 19255	Total time = 1635	Obj = 1400.00	Pricing Time = 1
i = 519	Master Time = 1	Lamb = 19264	Total time = 1637	Obj = 1400.00	Pricing Time = 1
i = 520	Master Time = 1	Lamb = 19273	Total time = 1639	Obj = 1400.00	Pricing Time = 1
i = 521	Master Time = 1	Lamb = 19278	Total time = 1641	Obj = 1400.00	Pricing Time = 1
i = 522	Master Time = 1	Lamb = 19285	Total time = 1643	Obj = 1400.00	Pricing Time = 1
i = 523	Master Time = 0	Lamb = 19289	Total time = 1645	Obj = 1400.00	Pricing Time = 2
i = 524	Master Time = 0	Lamb = 19295	Total time = 1647	Obj = 1400.00	Pricing Time = 2
i = 525	Master Time = 0	Lamb = 19299	Total time = 1649	Obj = 1400.00	Pricing Time = 2
i = 526	Master Time = 0	Lamb = 19303	Total time = 1651	Obj = 1400.00	Pricing Time = 2
i = 527	Master Time = 0	Lamb = 19309	Total time = 1653	Obj = 1400.00	Pricing Time = 2
i = 528	Master Time = 0	Lamb = 19313	Total time = 1655	Obj = 1400.00	Pricing Time = 2
i = 529	Master Time = 0	Lamb = 19318	Total time = 1657	Obj = 1400.00	Pricing Time = 2
i = 530	Master Time = 0	Lamb = 19322	Total time = 1659	Obj = 1400.00	Pricing Time = 2
i = 531	Master Time = 0	Lamb = 19324	Total time = 1661	Obj = 1400.00	Pricing Time = 2
i = 532	Master Time = 0	Lamb = 19329	Total time = 1662	Obj = 1400.00	Pricing Time = 2
i = 533	Master Time = 0	Lamb = 19331	Total time = 1664	Obj = 1399.33	Pricing Time = 1
i = 534	Master Time = 1	Lamb = 19336	Total time = 1666	Obj = 1399.33	Pricing Time = 1
i = 535	Master Time = 1	Lamb = 19341	Total time = 1668	Obj = 1399.30	Pricing Time = 1
i = 536	Master Time = 1	Lamb = 19347	Total time = 1670	Obj = 1399.30	Pricing Time = 1
i = 537	Master Time = 0	Lamb = 19350	Total time = 1672	Obj = 1399.29	Pricing Time = 2
i = 538	Master Time = 0	Lamb = 19352	Total time = 1674	Obj = 1399.29	Pricing Time = 2
i = 539	Master Time = 0	Lamb = 19353	Total time = 1676	Obj = 1399.29	Pricing Time = 2
i = 540	Master Time = 0	Lamb = 19357	Total time = 1678	Obj = 1399.29	Pricing Time = 2
i = 541	Master Time = 0	Lamb = 19360	Total time = 1680	Obj = 1399.29	Pricing Time = 2
i = 542	Master Time = 0	Lamb = 19361	Total time = 1682	Obj = 1399.29	Pricing Time = 2
i = 543	Master Time = 0	Lamb = 19362	Total time = 1683	Obj = 1399.29	Pricing Time = 2
i = 544	Master Time = 0	Lamb = 19363	Total time = 1685	Obj = 1399.29	Pricing Time = 2
i = 545	Master Time = 0	Lamb = 19364	Total time = 1687	Obj = 1399.29	Pricing Time = 1
--------------------------------------
n035w4_0_1-7-1-8
X fix to 1: 397
X fix to 0: 1
Fractional X remaining: 152 | min(0.03571428571428567, 0.7857142857142856)
--------------------------------------
i = 546	Master Time = 1	Lamb = 19364	Total time = 1689	Obj = 1402.14	Pricing Time = 1
i = 547	Master Time = 1	Lamb = 19369	Total time = 1691	Obj = 1402.14	Pricing Time = 1
i = 548	Master Time = 1	Lamb = 19373	Total time = 1693	Obj = 1402.14	Pricing Time = 1
i = 549	Master Time = 1	Lamb = 19376	Total time = 1695	Obj = 1402.14	Pricing Time = 1
i = 550	Master Time = 1	Lamb = 19378	Total time = 1697	Obj = 1402.14	Pricing Time = 1
i = 551	Master Time = 1	Lamb = 19382	Total time = 1699	Obj = 1402.14	Pricing Time = 1
i = 552	Master Time = 1	Lamb = 19385	Total time = 1701	Obj = 1402.14	Pricing Time = 1
i = 553	Master Time = 0	Lamb = 19386	Total time = 1703	Obj = 1401.87	Pricing Time = 2
i = 554	Master Time = 1	Lamb = 19393	Total time = 1705	Obj = 1401.87	Pricing Time = 1
i = 555	Master Time = 1	Lamb = 19395	Total time = 1707	Obj = 1401.87	Pricing Time = 1
i = 556	Master Time = 1	Lamb = 19396	Total time = 1709	Obj = 1401.88	Pricing Time = 1
--------------------------------------
n035w4_0_1-7-1-8
X fix to 1: 400
X fix to 0: 1
Fractional X remaining: 132 | min(0.12499999999999967, 0.7500000000000001)
--------------------------------------
i = 557	Master Time = 1	Lamb = 19396	Total time = 1711	Obj = 1405.00	Pricing Time = 1
i = 558	Master Time = 0	Lamb = 19397	Total time = 1713	Obj = 1402.50	Pricing Time = 2
i = 559	Master Time = 1	Lamb = 19399	Total time = 1715	Obj = 1402.50	Pricing Time = 1
i = 560	Master Time = 0	Lamb = 19401	Total time = 1717	Obj = 1402.50	Pricing Time = 2
i = 561	Master Time = 0	Lamb = 19402	Total time = 1719	Obj = 1402.50	Pricing Time = 2
i = 562	Master Time = 0	Lamb = 19404	Total time = 1720	Obj = 1402.50	Pricing Time = 2
i = 563	Master Time = 0	Lamb = 19406	Total time = 1722	Obj = 1402.50	Pricing Time = 2
--------------------------------------
n035w4_0_1-7-1-8
X fix to 1: 401
X fix to 0: 2
Fractional X remaining: 71 | min(0.49999999999999933, 0.5000000000000007)
--------------------------------------
i = 564	Master Time = 0	Lamb = 19406	Total time = 1725	Obj = 1433.00	Pricing Time = 2
i = 565	Master Time = 0	Lamb = 19415	Total time = 1727	Obj = 1432.50	Pricing Time = 2
i = 566	Master Time = 1	Lamb = 19423	Total time = 1729	Obj = 1432.50	Pricing Time = 1
i = 567	Master Time = 1	Lamb = 19432	Total time = 1731	Obj = 1431.50	Pricing Time = 1
i = 568	Master Time = 1	Lamb = 19443	Total time = 1733	Obj = 1431.50	Pricing Time = 1
i = 569	Master Time = 1	Lamb = 19457	Total time = 1735	Obj = 1429.31	Pricing Time = 1
i = 570	Master Time = 1	Lamb = 19468	Total time = 1737	Obj = 1429.31	Pricing Time = 1
i = 571	Master Time = 0	Lamb = 19475	Total time = 1739	Obj = 1428.75	Pricing Time = 2
i = 572	Master Time = 0	Lamb = 19483	Total time = 1741	Obj = 1428.75	Pricing Time = 2
i = 573	Master Time = 0	Lamb = 19492	Total time = 1743	Obj = 1428.75	Pricing Time = 2
i = 574	Master Time = 0	Lamb = 19505	Total time = 1745	Obj = 1428.75	Pricing Time = 2
i = 575	Master Time = 0	Lamb = 19513	Total time = 1747	Obj = 1426.28	Pricing Time = 2
i = 576	Master Time = 0	Lamb = 19526	Total time = 1749	Obj = 1426.25	Pricing Time = 2
i = 577	Master Time = 0	Lamb = 19533	Total time = 1751	Obj = 1424.38	Pricing Time = 2
i = 578	Master Time = 0	Lamb = 19541	Total time = 1753	Obj = 1423.33	Pricing Time = 2
i = 579	Master Time = 0	Lamb = 19548	Total time = 1755	Obj = 1419.29	Pricing Time = 2
i = 580	Master Time = 0	Lamb = 19555	Total time = 1756	Obj = 1419.29	Pricing Time = 2
i = 581	Master Time = 0	Lamb = 19561	Total time = 1758	Obj = 1417.50	Pricing Time = 2
i = 582	Master Time = 0	Lamb = 19568	Total time = 1760	Obj = 1417.50	Pricing Time = 2
i = 583	Master Time = 0	Lamb = 19576	Total time = 1762	Obj = 1417.50	Pricing Time = 2
i = 584	Master Time = 0	Lamb = 19582	Total time = 1764	Obj = 1417.50	Pricing Time = 1
i = 585	Master Time = 1	Lamb = 19588	Total time = 1766	Obj = 1417.50	Pricing Time = 1
i = 586	Master Time = 1	Lamb = 19591	Total time = 1768	Obj = 1417.50	Pricing Time = 1
i = 587	Master Time = 1	Lamb = 19598	Total time = 1770	Obj = 1417.50	Pricing Time = 1
i = 588	Master Time = 1	Lamb = 19605	Total time = 1772	Obj = 1417.50	Pricing Time = 2
i = 589	Master Time = 0	Lamb = 19610	Total time = 1774	Obj = 1417.50	Pricing Time = 2
i = 590	Master Time = 0	Lamb = 19614	Total time = 1776	Obj = 1417.50	Pricing Time = 2
i = 591	Master Time = 0	Lamb = 19618	Total time = 1778	Obj = 1417.50	Pricing Time = 1
i = 592	Master Time = 1	Lamb = 19629	Total time = 1780	Obj = 1417.50	Pricing Time = 1
i = 593	Master Time = 1	Lamb = 19634	Total time = 1782	Obj = 1417.50	Pricing Time = 1
i = 594	Master Time = 1	Lamb = 19639	Total time = 1784	Obj = 1417.50	Pricing Time = 1
i = 595	Master Time = 1	Lamb = 19647	Total time = 1786	Obj = 1417.50	Pricing Time = 1
i = 596	Master Time = 0	Lamb = 19654	Total time = 1788	Obj = 1417.50	Pricing Time = 2
i = 597	Master Time = 0	Lamb = 19659	Total time = 1790	Obj = 1417.50	Pricing Time = 2
i = 598	Master Time = 0	Lamb = 19663	Total time = 1792	Obj = 1417.50	Pricing Time = 2
i = 599	Master Time = 0	Lamb = 19669	Total time = 1793	Obj = 1417.50	Pricing Time = 1
i = 600	Master Time = 1	Lamb = 19674	Total time = 1795	Obj = 1417.50	Pricing Time = 1
i = 601	Master Time = 0	Lamb = 19679	Total time = 1797	Obj = 1415.00	Pricing Time = 2
i = 602	Master Time = 1	Lamb = 19688	Total time = 1799	Obj = 1415.00	Pricing Time = 1
i = 603	Master Time = 1	Lamb = 19696	Total time = 1801	Obj = 1415.00	Pricing Time = 2
i = 604	Master Time = 0	Lamb = 19699	Total time = 1803	Obj = 1415.00	Pricing Time = 1
i = 605	Master Time = 1	Lamb = 19706	Total time = 1805	Obj = 1415.00	Pricing Time = 1
i = 606	Master Time = 1	Lamb = 19710	Total time = 1807	Obj = 1415.00	Pricing Time = 1
i = 607	Master Time = 1	Lamb = 19714	Total time = 1809	Obj = 1415.00	Pricing Time = 1
i = 608	Master Time = 1	Lamb = 19717	Total time = 1811	Obj = 1415.00	Pricing Time = 1
i = 609	Master Time = 1	Lamb = 19722	Total time = 1813	Obj = 1415.00	Pricing Time = 1
i = 610	Master Time = 1	Lamb = 19725	Total time = 1815	Obj = 1415.00	Pricing Time = 1
i = 611	Master Time = 1	Lamb = 19727	Total time = 1817	Obj = 1415.00	Pricing Time = 1
i = 612	Master Time = 1	Lamb = 19732	Total time = 1819	Obj = 1415.00	Pricing Time = 1
i = 613	Master Time = 0	Lamb = 19736	Total time = 1821	Obj = 1415.00	Pricing Time = 2
i = 614	Master Time = 0	Lamb = 19738	Total time = 1823	Obj = 1415.00	Pricing Time = 2
i = 615	Master Time = 0	Lamb = 19741	Total time = 1825	Obj = 1415.00	Pricing Time = 2
i = 616	Master Time = 0	Lamb = 19744	Total time = 1827	Obj = 1415.00	Pricing Time = 2
i = 617	Master Time = 0	Lamb = 19746	Total time = 1829	Obj = 1415.00	Pricing Time = 2
i = 618	Master Time = 0	Lamb = 19749	Total time = 1831	Obj = 1415.00	Pricing Time = 2
--------------------------------------
n035w4_0_1-7-1-8
X fix to 1: 402
X fix to 0: 2
Fractional X remaining: 82 | min(0.5, 0.5)
--------------------------------------
i = 619	Master Time = 0	Lamb = 19749	Total time = 1833	Obj = 1438.13	Pricing Time = 2
i = 620	Master Time = 0	Lamb = 19768	Total time = 1835	Obj = 1436.67	Pricing Time = 2
i = 621	Master Time = 0	Lamb = 19778	Total time = 1836	Obj = 1436.67	Pricing Time = 1
i = 622	Master Time = 1	Lamb = 19787	Total time = 1838	Obj = 1426.67	Pricing Time = 2
i = 623	Master Time = 0	Lamb = 19801	Total time = 1841	Obj = 1426.67	Pricing Time = 2
i = 624	Master Time = 0	Lamb = 19811	Total time = 1842	Obj = 1426.67	Pricing Time = 2
i = 625	Master Time = 0	Lamb = 19820	Total time = 1844	Obj = 1426.67	Pricing Time = 1
i = 626	Master Time = 1	Lamb = 19833	Total time = 1846	Obj = 1426.67	Pricing Time = 1
i = 627	Master Time = 1	Lamb = 19843	Total time = 1848	Obj = 1426.67	Pricing Time = 1
i = 628	Master Time = 1	Lamb = 19853	Total time = 1850	Obj = 1426.67	Pricing Time = 1
i = 629	Master Time = 1	Lamb = 19860	Total time = 1852	Obj = 1426.67	Pricing Time = 1
i = 630	Master Time = 1	Lamb = 19865	Total time = 1854	Obj = 1426.67	Pricing Time = 1
i = 631	Master Time = 1	Lamb = 19871	Total time = 1856	Obj = 1426.67	Pricing Time = 1
i = 632	Master Time = 1	Lamb = 19878	Total time = 1858	Obj = 1426.67	Pricing Time = 1
i = 633	Master Time = 1	Lamb = 19885	Total time = 1860	Obj = 1426.67	Pricing Time = 1
i = 634	Master Time = 0	Lamb = 19891	Total time = 1862	Obj = 1426.67	Pricing Time = 2
i = 635	Master Time = 0	Lamb = 19898	Total time = 1863	Obj = 1426.67	Pricing Time = 2
i = 636	Master Time = 0	Lamb = 19907	Total time = 1865	Obj = 1426.67	Pricing Time = 2
i = 637	Master Time = 0	Lamb = 19919	Total time = 1867	Obj = 1426.67	Pricing Time = 2
i = 638	Master Time = 0	Lamb = 19924	Total time = 1869	Obj = 1426.67	Pricing Time = 2
i = 639	Master Time = 0	Lamb = 19927	Total time = 1871	Obj = 1426.67	Pricing Time = 2
i = 640	Master Time = 0	Lamb = 19928	Total time = 1873	Obj = 1426.67	Pricing Time = 1
i = 641	Master Time = 1	Lamb = 19930	Total time = 1875	Obj = 1426.67	Pricing Time = 1
i = 642	Master Time = 1	Lamb = 19931	Total time = 1877	Obj = 1426.67	Pricing Time = 1
i = 643	Master Time = 1	Lamb = 19933	Total time = 1879	Obj = 1426.67	Pricing Time = 1
i = 644	Master Time = 1	Lamb = 19934	Total time = 1881	Obj = 1426.67	Pricing Time = 1
i = 645	Master Time = 1	Lamb = 19936	Total time = 1883	Obj = 1426.67	Pricing Time = 1
i = 646	Master Time = 1	Lamb = 19941	Total time = 1885	Obj = 1426.67	Pricing Time = 2
i = 647	Master Time = 0	Lamb = 19945	Total time = 1887	Obj = 1426.67	Pricing Time = 2
--------------------------------------
n035w4_0_1-7-1-8
X fix to 1: 403
X fix to 0: 3
Fractional X remaining: 111 | min(0.3333333333333331, 0.666666666666667)
--------------------------------------
i = 648	Master Time = 0	Lamb = 19945	Total time = 1889	Obj = 1455.62	Pricing Time = 1
i = 649	Master Time = 1	Lamb = 19951	Total time = 1891	Obj = 1455.62	Pricing Time = 1
i = 650	Master Time = 0	Lamb = 19959	Total time = 1893	Obj = 1449.17	Pricing Time = 2
i = 651	Master Time = 0	Lamb = 19968	Total time = 1895	Obj = 1449.17	Pricing Time = 2
i = 652	Master Time = 0	Lamb = 19974	Total time = 1896	Obj = 1449.17	Pricing Time = 1
i = 653	Master Time = 0	Lamb = 19984	Total time = 1898	Obj = 1448.75	Pricing Time = 1
i = 654	Master Time = 1	Lamb = 19991	Total time = 1900	Obj = 1448.75	Pricing Time = 1
i = 655	Master Time = 1	Lamb = 19995	Total time = 1902	Obj = 1448.50	Pricing Time = 1
i = 656	Master Time = 1	Lamb = 20000	Total time = 1904	Obj = 1448.50	Pricing Time = 1
i = 657	Master Time = 1	Lamb = 20005	Total time = 1906	Obj = 1448.33	Pricing Time = 1
i = 658	Master Time = 1	Lamb = 20010	Total time = 1908	Obj = 1448.33	Pricing Time = 1
i = 659	Master Time = 1	Lamb = 20016	Total time = 1910	Obj = 1448.33	Pricing Time = 1
i = 660	Master Time = 1	Lamb = 20021	Total time = 1912	Obj = 1448.33	Pricing Time = 1
i = 661	Master Time = 1	Lamb = 20029	Total time = 1914	Obj = 1448.33	Pricing Time = 1
i = 662	Master Time = 1	Lamb = 20041	Total time = 1916	Obj = 1448.33	Pricing Time = 1
i = 663	Master Time = 0	Lamb = 20058	Total time = 1918	Obj = 1448.33	Pricing Time = 2
i = 664	Master Time = 0	Lamb = 20066	Total time = 1919	Obj = 1448.33	Pricing Time = 1
i = 665	Master Time = 1	Lamb = 20075	Total time = 1921	Obj = 1448.33	Pricing Time = 1
i = 666	Master Time = 1	Lamb = 20079	Total time = 1923	Obj = 1448.33	Pricing Time = 2
i = 667	Master Time = 0	Lamb = 20084	Total time = 1925	Obj = 1448.33	Pricing Time = 2
i = 668	Master Time = 0	Lamb = 20091	Total time = 1927	Obj = 1447.50	Pricing Time = 2
i = 669	Master Time = 0	Lamb = 20096	Total time = 1929	Obj = 1447.50	Pricing Time = 1
i = 670	Master Time = 1	Lamb = 20100	Total time = 1931	Obj = 1447.50	Pricing Time = 1
i = 671	Master Time = 1	Lamb = 20103	Total time = 1933	Obj = 1447.50	Pricing Time = 1
i = 672	Master Time = 1	Lamb = 20104	Total time = 1935	Obj = 1447.50	Pricing Time = 1
i = 673	Master Time = 1	Lamb = 20105	Total time = 1937	Obj = 1447.50	Pricing Time = 1
i = 674	Master Time = 1	Lamb = 20111	Total time = 1939	Obj = 1447.50	Pricing Time = 1
i = 675	Master Time = 1	Lamb = 20115	Total time = 1941	Obj = 1447.50	Pricing Time = 1
i = 676	Master Time = 0	Lamb = 20118	Total time = 1943	Obj = 1447.50	Pricing Time = 2
i = 677	Master Time = 0	Lamb = 20121	Total time = 1945	Obj = 1447.50	Pricing Time = 2
i = 678	Master Time = 0	Lamb = 20123	Total time = 1947	Obj = 1447.50	Pricing Time = 2
i = 679	Master Time = 0	Lamb = 20125	Total time = 1948	Obj = 1447.50	Pricing Time = 2
i = 680	Master Time = 0	Lamb = 20127	Total time = 1950	Obj = 1445.00	Pricing Time = 2
i = 681	Master Time = 0	Lamb = 20128	Total time = 1952	Obj = 1445.00	Pricing Time = 2
i = 682	Master Time = 0	Lamb = 20130	Total time = 1954	Obj = 1445.00	Pricing Time = 2
i = 683	Master Time = 0	Lamb = 20134	Total time = 1956	Obj = 1445.00	Pricing Time = 2
i = 684	Master Time = 0	Lamb = 20136	Total time = 1959	Obj = 1445.00	Pricing Time = 2
i = 685	Master Time = 0	Lamb = 20138	Total time = 1960	Obj = 1445.00	Pricing Time = 2
i = 686	Master Time = 0	Lamb = 20140	Total time = 1962	Obj = 1445.00	Pricing Time = 2
i = 687	Master Time = 0	Lamb = 20143	Total time = 1965	Obj = 1445.00	Pricing Time = 2
i = 688	Master Time = 0	Lamb = 20146	Total time = 1967	Obj = 1445.00	Pricing Time = 2
i = 689	Master Time = 0	Lamb = 20148	Total time = 1969	Obj = 1445.00	Pricing Time = 2
i = 690	Master Time = 0	Lamb = 20150	Total time = 1971	Obj = 1445.00	Pricing Time = 2
i = 691	Master Time = 0	Lamb = 20152	Total time = 1972	Obj = 1445.00	Pricing Time = 2
i = 692	Master Time = 0	Lamb = 20153	Total time = 1975	Obj = 1445.00	Pricing Time = 2
i = 693	Master Time = 0	Lamb = 20154	Total time = 1977	Obj = 1445.00	Pricing Time = 2
i = 694	Master Time = 0	Lamb = 20156	Total time = 1979	Obj = 1445.00	Pricing Time = 2
i = 695	Master Time = 0	Lamb = 20157	Total time = 1980	Obj = 1445.00	Pricing Time = 2
--------------------------------------
n035w4_0_1-7-1-8
X fix to 1: 417
X fix to 0: 3
Fractional X remaining: 87 | min(0.09999999999999987, 0.8000000000000003)
--------------------------------------
i = 696	Master Time = 0	Lamb = 20157	Total time = 1982	Obj = 1452.50	Pricing Time = 2
i = 697	Master Time = 0	Lamb = 20160	Total time = 1984	Obj = 1452.50	Pricing Time = 2
i = 698	Master Time = 0	Lamb = 20163	Total time = 1986	Obj = 1452.50	Pricing Time = 2
i = 699	Master Time = 0	Lamb = 20165	Total time = 1988	Obj = 1452.50	Pricing Time = 1
i = 700	Master Time = 1	Lamb = 20168	Total time = 1990	Obj = 1452.50	Pricing Time = 1
i = 701	Master Time = 0	Lamb = 20170	Total time = 1992	Obj = 1452.50	Pricing Time = 2
i = 702	Master Time = 0	Lamb = 20171	Total time = 1994	Obj = 1452.50	Pricing Time = 2
i = 703	Master Time = 0	Lamb = 20173	Total time = 1995	Obj = 1452.50	Pricing Time = 2
i = 704	Master Time = 0	Lamb = 20176	Total time = 1997	Obj = 1452.50	Pricing Time = 1
i = 705	Master Time = 0	Lamb = 20178	Total time = 1999	Obj = 1452.50	Pricing Time = 2
i = 706	Master Time = 0	Lamb = 20179	Total time = 2001	Obj = 1452.50	Pricing Time = 2
--------------------------------------
n035w4_0_1-7-1-8
X fix to 1: 418
X fix to 0: 4
Fractional X remaining: 53 | min(0.4999999999999998, 0.5000000000000002)
--------------------------------------
i = 707	Master Time = 0	Lamb = 20179	Total time = 2003	Obj = 1560.00	Pricing Time = 2
i = 708	Master Time = 0	Lamb = 20197	Total time = 2004	Obj = 1545.00	Pricing Time = 1
i = 709	Master Time = 1	Lamb = 20207	Total time = 2006	Obj = 1545.00	Pricing Time = 1
i = 710	Master Time = 1	Lamb = 20219	Total time = 2008	Obj = 1545.00	Pricing Time = 1
i = 711	Master Time = 0	Lamb = 20227	Total time = 2010	Obj = 1545.00	Pricing Time = 2
i = 712	Master Time = 0	Lamb = 20241	Total time = 2011	Obj = 1545.00	Pricing Time = 1
i = 713	Master Time = 1	Lamb = 20248	Total time = 2013	Obj = 1540.42	Pricing Time = 1
i = 714	Master Time = 0	Lamb = 20256	Total time = 2015	Obj = 1540.42	Pricing Time = 2
i = 715	Master Time = 0	Lamb = 20263	Total time = 2016	Obj = 1538.13	Pricing Time = 2
i = 716	Master Time = 0	Lamb = 20269	Total time = 2018	Obj = 1537.71	Pricing Time = 1
i = 717	Master Time = 1	Lamb = 20277	Total time = 2020	Obj = 1537.71	Pricing Time = 1
i = 718	Master Time = 1	Lamb = 20288	Total time = 2022	Obj = 1537.71	Pricing Time = 1
i = 719	Master Time = 0	Lamb = 20296	Total time = 2024	Obj = 1537.71	Pricing Time = 2
i = 720	Master Time = 0	Lamb = 20304	Total time = 2025	Obj = 1530.00	Pricing Time = 1
i = 721	Master Time = 1	Lamb = 20313	Total time = 2027	Obj = 1530.00	Pricing Time = 1
i = 722	Master Time = 0	Lamb = 20320	Total time = 2029	Obj = 1530.00	Pricing Time = 2
i = 723	Master Time = 0	Lamb = 20326	Total time = 2031	Obj = 1530.00	Pricing Time = 2
i = 724	Master Time = 0	Lamb = 20333	Total time = 2032	Obj = 1530.00	Pricing Time = 2
i = 725	Master Time = 0	Lamb = 20335	Total time = 2035	Obj = 1530.00	Pricing Time = 2
i = 726	Master Time = 1	Lamb = 20337	Total time = 2037	Obj = 1530.00	Pricing Time = 1
i = 727	Master Time = 0	Lamb = 20342	Total time = 2039	Obj = 1530.00	Pricing Time = 2
i = 728	Master Time = 0	Lamb = 20345	Total time = 2041	Obj = 1530.00	Pricing Time = 2
i = 729	Master Time = 0	Lamb = 20352	Total time = 2043	Obj = 1530.00	Pricing Time = 2
i = 730	Master Time = 0	Lamb = 20359	Total time = 2045	Obj = 1530.00	Pricing Time = 2
i = 731	Master Time = 0	Lamb = 20364	Total time = 2046	Obj = 1530.00	Pricing Time = 1
i = 732	Master Time = 0	Lamb = 20366	Total time = 2048	Obj = 1530.00	Pricing Time = 3
i = 733	Master Time = 0	Lamb = 20369	Total time = 2051	Obj = 1530.00	Pricing Time = 2
i = 734	Master Time = 0	Lamb = 20372	Total time = 2053	Obj = 1530.00	Pricing Time = 2
i = 735	Master Time = 0	Lamb = 20373	Total time = 2054	Obj = 1530.00	Pricing Time = 2
i = 736	Master Time = 0	Lamb = 20376	Total time = 2056	Obj = 1530.00	Pricing Time = 1

n035w4_0_1-7-1-8
Integer solution found

Printing SHIFT allocations
HN_0   |-|N|N|N|N|-|-| |-|-|-|E|E|E|E| |E|-|-|-|N|N|N| |N|N|-|-|-|-|-|
HN_1   |L|L|-|-|-|-|-| |N|N|N|N|N|-|-| |-|-|-|D|D|L|L| |L|-|-|-|L|L|L|
HN_2   |L|L|-|-|-|-|-| |D|D|D|-|-|E|N| |N|N|N|-|-|-|-| |D|D|E|E|E|-|-|
HN_3   |E|E|D|D|-|-|-| |-|N|N|N|N|-|-| |-|-|-|D|D|D|D| |-|-|-|-|E|E|D|
HN_4   |-|L|L|L|-|-|-| |-|L|L|L|-|-|-| |-|L|L|L|L|-|-| |-|-|L|L|L|-|-|
HN_5   |N|-|-|-|-|L|L| |L|L|-|-|-|-|-| |L|L|L|-|-|-|-| |E|E|E|-|-|-|-|
NU_6   |D|-|-|-|N|N|N| |N|-|-|-|N|N|N| |N|N|-|-|-|-|-| |D|D|D|D|D|-|-|
NU_7   |E|E|E|-|-|-|-| |E|E|E|E|E|-|-| |-|-|-|E|E|E|E| |-|-|-|-|E|E|E|
NU_8   |N|-|-|E|E|E|E| |E|-|-|D|D|L|L| |-|-|N|N|N|-|-| |N|N|N|N|N|-|-|
NU_9   |N|N|-|-|L|L|L| |L|L|-|-|L|L|L| |L|L|-|-|L|L|L| |L|L|-|-|L|L|N|
NU_10  |E|E|L|L|L|-|-| |-|-|-|D|D|E|E| |E|-|-|-|E|E|E| |E|E|-|-|-|-|-|
NU_11  |-|-|E|E|E|-|-| |-|E|E|E|-|-|-| |E|E|E|-|-|-|-| |-|E|E|E|-|-|-|
NU_12  |-|-|-|-|D|D|D| |D|D|-|-|-|-|-| |D|D|D|-|-|-|-| |-|D|D|D|-|-|-|
NU_13  |-|-|N|N|N|-|-| |-|N|N|N|N|-|-| |-|N|N|N|N|-|-| |-|-|-|E|E|N|N|
NU_14  |D|D|D|D|-|-|-| |-|-|L|L|L|-|-| |-|E|E|E|-|-|-| |L|L|L|-|-|-|-|
NU_15  |N|N|N|N|N|-|-| |-|-|-|D|D|D|D| |D|-|-|-|N|N|N| |N|N|-|-|-|-|-|
NU_16  |-|N|N|N|N|-|-| |E|E|L|L|L|-|-| |-|-|-|E|E|D|D| |-|-|-|-|-|D|D|
CT_17  |E|-|-|D|D|E|E| |-|-|L|L|L|-|-| |L|L|L|L|L|-|-| |E|E|E|-|-|E|E|
CT_18  |D|D|D|E|E|-|-| |N|N|N|N|N|-|-| |N|N|N|N|N|-|-| |D|D|D|E|E|-|-|
CT_19  |-|L|L|L|L|-|-| |-|D|D|D|-|-|-| |-|-|D|D|D|-|-| |-|E|E|E|-|-|-|
CT_20  |L|-|-|D|D|D|E| |E|-|-|E|E|L|L| |-|-|E|E|E|-|-| |N|N|N|N|N|-|-|
CT_21  |L|L|L|-|-|D|D| |D|D|-|-|-|-|-| |E|E|D|D|-|-|-| |-|N|N|N|N|-|-|
CT_22  |-|-|E|E|E|-|-| |-|-|L|L|L|-|-| |-|-|-|L|L|L|-| |-|-|L|L|L|-|-|
CT_23  |-|-|-|-|L|L|L| |L|L|-|-|-|-|-| |D|D|D|-|-|-|-| |D|D|D|-|-|-|-|
CT_24  |-|-|-|-|L|L|L| |L|L|-|-|D|D|D| |D|D|-|-|-|-|-| |N|N|N|N|N|-|-|
CT_25  |N|N|N|-|-|N|N| |N|N|-|-|N|N|N| |N|-|-|D|D|D|E| |E|-|-|D|D|D|E|
CT_26  |D|D|D|-|-|-|-| |-|E|E|E|-|-|-| |L|L|L|-|-|-|-| |L|L|L|-|-|-|-|
CT_27  |-|L|L|L|-|-|-| |D|D|D|-|-|-|-| |N|N|N|N|-|-|-| |-|-|L|L|L|-|-|
CT_28  |-|-|D|D|D|-|-| |-|D|D|D|-|-|-| |-|L|L|L|L|-|-| |-|-|D|D|D|-|-|
TR_29  |-|E|E|E|L|-|-| |-|-|L|L|L|-|-| |-|E|E|E|-|-|-| |-|-|N|N|N|N|N|
TR_30  |L|L|-|-|E|E|D| |D|D|-|-|L|N|N| |N|N|-|E|E|E|D| |-|-|D|D|D|D|D|
TR_31  |D|L|L|-|-|D|D| |L|L|-|-|-|E|E| |L|L|-|-|-|-|-| |D|D|L|L|-|-|-|
TR_32  |-|-|E|E|E|N|N| |-|-|N|N|N|-|-| |E|E|D|D|L|-|-| |E|E|E|E|E|-|-|
TR_33  |E|E|D|-|-|L|L| |N|N|N|-|-|-|-| |D|L|L|-|-|L|L| |L|L|-|-|-|-|-|
TR_34  |N|N|N|N|N|-|-| |E|E|D|D|D|-|-| |-|-|N|N|N|N|N| |-|-|-|-|E|E|L|
Total assignment constraints: 540
Consecutive constraints: 270
Non working days constraints: 60
Preferences: 150
Max working weekend: 210
Complete weekends: 30
Optimal coverage constraints: 270
TOTAL = 1530
