Creating directory: out/n070w4_2_9-5-6-5

-----------------------------------------------------------
Instance	n070w4_2_9-5-6-5
algorithm	=	vns
maxIter	=	10
eliteSet	=	10
shakePerc	=	0.9
bestKnow	=	2615.0
minColsIter	=	0.35
minRoundDown	=	-1.0
minRoundUp	=	0.67
seed	=	0
onlyRelax	=	false
nThreads	=	20
alpha	=	0.6
timeOut	=	14600
-----------------------------------------------------------
Parallels mode has been selected.
i = 0	Master Time = 0	Lamb = 0	Total time = 3	Obj = 406230.00	Pricing Time = 0
i = 1	Master Time = 1	Lamb = 446	Total time = 4	Obj = 131625.00	Pricing Time = 0
i = 2	Master Time = 1	Lamb = 852	Total time = 6	Obj = 58273.71	Pricing Time = 0
i = 3	Master Time = 2	Lamb = 1282	Total time = 7	Obj = 38507.09	Pricing Time = 0
i = 4	Master Time = 1	Lamb = 1720	Total time = 8	Obj = 27751.56	Pricing Time = 0
i = 5	Master Time = 1	Lamb = 2156	Total time = 10	Obj = 21815.40	Pricing Time = 0
i = 6	Master Time = 2	Lamb = 2598	Total time = 11	Obj = 16334.74	Pricing Time = 0
i = 7	Master Time = 1	Lamb = 3034	Total time = 13	Obj = 13095.61	Pricing Time = 0
i = 8	Master Time = 2	Lamb = 3469	Total time = 15	Obj = 10300.25	Pricing Time = 0
i = 9	Master Time = 2	Lamb = 3841	Total time = 17	Obj = 8274.59	Pricing Time = 0
i = 10	Master Time = 2	Lamb = 4259	Total time = 18	Obj = 6683.65	Pricing Time = 0
i = 11	Master Time = 2	Lamb = 4617	Total time = 21	Obj = 5756.94	Pricing Time = 0
i = 12	Master Time = 1	Lamb = 4974	Total time = 23	Obj = 5116.47	Pricing Time = 1
i = 13	Master Time = 2	Lamb = 5345	Total time = 25	Obj = 4606.02	Pricing Time = 0
i = 14	Master Time = 2	Lamb = 5711	Total time = 28	Obj = 4232.17	Pricing Time = 0
i = 15	Master Time = 2	Lamb = 6068	Total time = 30	Obj = 3885.77	Pricing Time = 0
i = 16	Master Time = 2	Lamb = 6383	Total time = 31	Obj = 3610.77	Pricing Time = 0
i = 17	Master Time = 2	Lamb = 6672	Total time = 34	Obj = 3450.77	Pricing Time = 0
i = 18	Master Time = 2	Lamb = 6943	Total time = 36	Obj = 3304.87	Pricing Time = 1
i = 19	Master Time = 2	Lamb = 7213	Total time = 38	Obj = 3176.95	Pricing Time = 0
i = 20	Master Time = 2	Lamb = 7457	Total time = 41	Obj = 3067.03	Pricing Time = 0
i = 21	Master Time = 2	Lamb = 7672	Total time = 43	Obj = 2982.65	Pricing Time = 0
i = 22	Master Time = 2	Lamb = 7888	Total time = 45	Obj = 2908.14	Pricing Time = 1
i = 23	Master Time = 2	Lamb = 8090	Total time = 47	Obj = 2856.01	Pricing Time = 0
i = 24	Master Time = 2	Lamb = 8328	Total time = 50	Obj = 2818.46	Pricing Time = 1
i = 25	Master Time = 1	Lamb = 8540	Total time = 51	Obj = 2788.66	Pricing Time = 0
i = 26	Master Time = 1	Lamb = 8725	Total time = 53	Obj = 2752.22	Pricing Time = 0
i = 27	Master Time = 2	Lamb = 8884	Total time = 54	Obj = 2729.45	Pricing Time = 0
i = 28	Master Time = 1	Lamb = 9045	Total time = 56	Obj = 2706.57	Pricing Time = 0
i = 29	Master Time = 2	Lamb = 9197	Total time = 57	Obj = 2683.93	Pricing Time = 0
i = 30	Master Time = 2	Lamb = 9350	Total time = 59	Obj = 2653.16	Pricing Time = 0
i = 31	Master Time = 1	Lamb = 9472	Total time = 61	Obj = 2637.43	Pricing Time = 1
i = 32	Master Time = 1	Lamb = 9565	Total time = 63	Obj = 2619.41	Pricing Time = 0
i = 33	Master Time = 2	Lamb = 9681	Total time = 64	Obj = 2607.86	Pricing Time = 0
i = 34	Master Time = 1	Lamb = 9760	Total time = 66	Obj = 2600.57	Pricing Time = 0
i = 35	Master Time = 2	Lamb = 9842	Total time = 67	Obj = 2590.22	Pricing Time = 0
i = 36	Master Time = 1	Lamb = 9921	Total time = 69	Obj = 2583.41	Pricing Time = 1
i = 37	Master Time = 1	Lamb = 9986	Total time = 70	Obj = 2578.85	Pricing Time = 0
i = 38	Master Time = 1	Lamb = 10047	Total time = 72	Obj = 2571.85	Pricing Time = 0
i = 39	Master Time = 1	Lamb = 10107	Total time = 73	Obj = 2565.76	Pricing Time = 1
i = 40	Master Time = 1	Lamb = 10160	Total time = 75	Obj = 2562.09	Pricing Time = 1
i = 41	Master Time = 1	Lamb = 10224	Total time = 77	Obj = 2557.65	Pricing Time = 0
i = 42	Master Time = 1	Lamb = 10273	Total time = 78	Obj = 2555.04	Pricing Time = 0
i = 43	Master Time = 1	Lamb = 10315	Total time = 79	Obj = 2552.23	Pricing Time = 0
i = 44	Master Time = 1	Lamb = 10358	Total time = 80	Obj = 2549.64	Pricing Time = 0
i = 45	Master Time = 1	Lamb = 10408	Total time = 82	Obj = 2545.86	Pricing Time = 1
i = 46	Master Time = 1	Lamb = 10447	Total time = 83	Obj = 2545.23	Pricing Time = 0
i = 47	Master Time = 1	Lamb = 10489	Total time = 85	Obj = 2542.22	Pricing Time = 1
i = 48	Master Time = 1	Lamb = 10546	Total time = 86	Obj = 2537.14	Pricing Time = 0
i = 49	Master Time = 1	Lamb = 10587	Total time = 88	Obj = 2536.11	Pricing Time = 1
i = 50	Master Time = 1	Lamb = 10630	Total time = 89	Obj = 2534.80	Pricing Time = 0
i = 51	Master Time = 2	Lamb = 10675	Total time = 91	Obj = 2531.16	Pricing Time = 0
i = 52	Master Time = 1	Lamb = 10715	Total time = 92	Obj = 2525.85	Pricing Time = 0
i = 53	Master Time = 1	Lamb = 10756	Total time = 93	Obj = 2524.75	Pricing Time = 12
i = 54	Master Time = 3	Lamb = 10861	Total time = 109	Obj = 2499.29	Pricing Time = 0
i = 55	Master Time = 1	Lamb = 11003	Total time = 110	Obj = 2496.19	Pricing Time = 1
i = 56	Master Time = 0	Lamb = 11095	Total time = 111	Obj = 2495.05	Pricing Time = 1
i = 57	Master Time = 1	Lamb = 11174	Total time = 112	Obj = 2491.99	Pricing Time = 0
i = 58	Master Time = 1	Lamb = 11232	Total time = 114	Obj = 2486.60	Pricing Time = 1
i = 59	Master Time = 1	Lamb = 11301	Total time = 115	Obj = 2482.64	Pricing Time = 0
i = 60	Master Time = 2	Lamb = 11346	Total time = 117	Obj = 2480.92	Pricing Time = 0
i = 61	Master Time = 1	Lamb = 11392	Total time = 119	Obj = 2479.82	Pricing Time = 9
i = 62	Master Time = 2	Lamb = 11507	Total time = 130	Obj = 2441.52	Pricing Time = 1
i = 63	Master Time = 0	Lamb = 11619	Total time = 131	Obj = 2434.48	Pricing Time = 1
i = 64	Master Time = 1	Lamb = 11701	Total time = 133	Obj = 2433.29	Pricing Time = 0
i = 65	Master Time = 1	Lamb = 11756	Total time = 134	Obj = 2432.53	Pricing Time = 0
i = 66	Master Time = 1	Lamb = 11806	Total time = 135	Obj = 2431.46	Pricing Time = 1
i = 67	Master Time = 1	Lamb = 11851	Total time = 136	Obj = 2430.79	Pricing Time = 0
i = 68	Master Time = 1	Lamb = 11892	Total time = 138	Obj = 2430.63	Pricing Time = 12
i = 69	Master Time = 3	Lamb = 11994	Total time = 153	Obj = 2411.21	Pricing Time = 0
i = 70	Master Time = 1	Lamb = 12036	Total time = 154	Obj = 2409.88	Pricing Time = 1
i = 71	Master Time = 1	Lamb = 12076	Total time = 155	Obj = 2408.88	Pricing Time = 12
i = 72	Master Time = 3	Lamb = 12185	Total time = 171	Obj = 2394.35	Pricing Time = 0
i = 73	Master Time = 2	Lamb = 12264	Total time = 172	Obj = 2393.28	Pricing Time = 0
i = 74	Master Time = 1	Lamb = 12310	Total time = 174	Obj = 2393.07	Pricing Time = 17
i = 75	Master Time = 1	Lamb = 12346	Total time = 192	Obj = 2379.33	Pricing Time = 1
i = 76	Master Time = 1	Lamb = 12402	Total time = 194	Obj = 2377.53	Pricing Time = 0
i = 77	Master Time = 1	Lamb = 12445	Total time = 195	Obj = 2376.52	Pricing Time = 1
i = 78	Master Time = 0	Lamb = 12479	Total time = 196	Obj = 2376.23	Pricing Time = 1
i = 79	Master Time = 0	Lamb = 12521	Total time = 197	Obj = 2375.91	Pricing Time = 1
i = 80	Master Time = 1	Lamb = 12560	Total time = 198	Obj = 2374.27	Pricing Time = 32
i = 81	Master Time = 1	Lamb = 12687	Total time = 232	Obj = 2369.50	Pricing Time = 13
i = 82	Master Time = 1	Lamb = 12720	Total time = 245	Obj = 2365.56	Pricing Time = 13
i = 83	Master Time = 1	Lamb = 12742	Total time = 260	Obj = 2361.55	Pricing Time = 12
i = 84	Master Time = 1	Lamb = 12770	Total time = 273	Obj = 2357.27	Pricing Time = 14
i = 85	Master Time = 0	Lamb = 12804	Total time = 287	Obj = 2354.91	Pricing Time = 17
i = 86	Master Time = 1	Lamb = 12836	Total time = 305	Obj = 2351.56	Pricing Time = 10
i = 87	Master Time = 2	Lamb = 12867	Total time = 317	Obj = 2349.45	Pricing Time = 1
i = 88	Master Time = 0	Lamb = 12904	Total time = 318	Obj = 2349.41	Pricing Time = 6
i = 89	Master Time = 1	Lamb = 12919	Total time = 324	Obj = 2348.20	Pricing Time = 6
i = 90	Master Time = 0	Lamb = 12932	Total time = 331	Obj = 2347.33	Pricing Time = 7
i = 91	Master Time = 1	Lamb = 12944	Total time = 338	Obj = 2346.86	Pricing Time = 5
i = 92	Master Time = 1	Lamb = 12956	Total time = 345	Obj = 2346.16	Pricing Time = 7
i = 93	Master Time = 0	Lamb = 12967	Total time = 352	Obj = 2345.66	Pricing Time = 7
i = 94	Master Time = 0	Lamb = 12985	Total time = 359	Obj = 2345.61	Pricing Time = 7
i = 95	Master Time = 0	Lamb = 12987	Total time = 366	Obj = 2345.56	Pricing Time = 7

Optimal of relaxation found.
Fractional X Variables: 3464 (min: 1.8348119467220814E-4 max: 0.9972845070661109)
--------------------------------------
n070w4_2_9-5-6-5
X fix to 1: 370
X fix to 0: 0
Fractional X remaining: 3464 | min(1.8348119467220814E-4, 0.9972845070661109)
--------------------------------------
i = 96	Master Time = 3	Lamb = 12987	Total time = 376	Obj = 2786.68	Pricing Time = 0
i = 97	Master Time = 2	Lamb = 13317	Total time = 378	Obj = 2687.22	Pricing Time = 0
i = 98	Master Time = 3	Lamb = 13609	Total time = 381	Obj = 2584.08	Pricing Time = 0
i = 99	Master Time = 2	Lamb = 13895	Total time = 384	Obj = 2538.73	Pricing Time = 0
i = 100	Master Time = 3	Lamb = 14155	Total time = 387	Obj = 2505.43	Pricing Time = 0
i = 101	Master Time = 3	Lamb = 14349	Total time = 389	Obj = 2480.51	Pricing Time = 0
i = 102	Master Time = 3	Lamb = 14501	Total time = 392	Obj = 2451.86	Pricing Time = 0
i = 103	Master Time = 2	Lamb = 14640	Total time = 395	Obj = 2429.00	Pricing Time = 0
i = 104	Master Time = 3	Lamb = 14758	Total time = 398	Obj = 2411.89	Pricing Time = 0
i = 105	Master Time = 2	Lamb = 14842	Total time = 400	Obj = 2401.22	Pricing Time = 0
i = 106	Master Time = 2	Lamb = 14905	Total time = 402	Obj = 2396.50	Pricing Time = 0
i = 107	Master Time = 2	Lamb = 14962	Total time = 403	Obj = 2392.72	Pricing Time = 0
i = 108	Master Time = 1	Lamb = 15006	Total time = 405	Obj = 2391.39	Pricing Time = 0
i = 109	Master Time = 2	Lamb = 15048	Total time = 406	Obj = 2389.80	Pricing Time = 0
i = 110	Master Time = 1	Lamb = 15089	Total time = 408	Obj = 2388.93	Pricing Time = 5
i = 111	Master Time = 2	Lamb = 15183	Total time = 415	Obj = 2379.59	Pricing Time = 1
i = 112	Master Time = 1	Lamb = 15231	Total time = 417	Obj = 2377.17	Pricing Time = 1
i = 113	Master Time = 1	Lamb = 15274	Total time = 418	Obj = 2376.69	Pricing Time = 5
i = 114	Master Time = 1	Lamb = 15361	Total time = 425	Obj = 2372.09	Pricing Time = 13
i = 115	Master Time = 1	Lamb = 15386	Total time = 439	Obj = 2362.47	Pricing Time = 4
i = 116	Master Time = 0	Lamb = 15404	Total time = 443	Obj = 2359.62	Pricing Time = 4
i = 117	Master Time = 0	Lamb = 15421	Total time = 447	Obj = 2359.20	Pricing Time = 4
i = 118	Master Time = 0	Lamb = 15434	Total time = 451	Obj = 2358.24	Pricing Time = 4
i = 119	Master Time = 1	Lamb = 15444	Total time = 455	Obj = 2356.17	Pricing Time = 3
i = 120	Master Time = 1	Lamb = 15456	Total time = 460	Obj = 2352.66	Pricing Time = 3
i = 121	Master Time = 1	Lamb = 15468	Total time = 464	Obj = 2351.65	Pricing Time = 4
i = 122	Master Time = 0	Lamb = 15479	Total time = 468	Obj = 2350.70	Pricing Time = 4
i = 123	Master Time = 0	Lamb = 15489	Total time = 472	Obj = 2350.39	Pricing Time = 4
i = 124	Master Time = 0	Lamb = 15496	Total time = 476	Obj = 2349.34	Pricing Time = 4
i = 125	Master Time = 0	Lamb = 15508	Total time = 480	Obj = 2349.01	Pricing Time = 4
i = 126	Master Time = 0	Lamb = 15515	Total time = 484	Obj = 2348.86	Pricing Time = 4
i = 127	Master Time = 0	Lamb = 15522	Total time = 488	Obj = 2348.75	Pricing Time = 4
--------------------------------------
n070w4_2_9-5-6-5
X fix to 1: 550
X fix to 0: 0
Fractional X remaining: 2368 | min(3.4779699366460637E-4, 0.9996431867052363)
--------------------------------------
i = 128	Master Time = 3	Lamb = 15522	Total time = 494	Obj = 2944.18	Pricing Time = 0
i = 129	Master Time = 2	Lamb = 15846	Total time = 497	Obj = 2719.27	Pricing Time = 1
i = 130	Master Time = 2	Lamb = 16145	Total time = 500	Obj = 2594.71	Pricing Time = 0
i = 131	Master Time = 2	Lamb = 16417	Total time = 502	Obj = 2537.68	Pricing Time = 0
i = 132	Master Time = 2	Lamb = 16634	Total time = 504	Obj = 2483.69	Pricing Time = 1
i = 133	Master Time = 2	Lamb = 16858	Total time = 507	Obj = 2457.58	Pricing Time = 0
i = 134	Master Time = 3	Lamb = 17087	Total time = 509	Obj = 2446.56	Pricing Time = 0
i = 135	Master Time = 2	Lamb = 17292	Total time = 512	Obj = 2433.82	Pricing Time = 0
i = 136	Master Time = 3	Lamb = 17472	Total time = 515	Obj = 2424.89	Pricing Time = 0
i = 137	Master Time = 3	Lamb = 17684	Total time = 518	Obj = 2412.97	Pricing Time = 0
i = 138	Master Time = 3	Lamb = 17879	Total time = 520	Obj = 2402.11	Pricing Time = 0
i = 139	Master Time = 2	Lamb = 18019	Total time = 522	Obj = 2397.95	Pricing Time = 0
i = 140	Master Time = 2	Lamb = 18111	Total time = 525	Obj = 2393.91	Pricing Time = 0
i = 141	Master Time = 2	Lamb = 18192	Total time = 527	Obj = 2391.66	Pricing Time = 0
i = 142	Master Time = 2	Lamb = 18253	Total time = 529	Obj = 2390.84	Pricing Time = 1
i = 143	Master Time = 1	Lamb = 18321	Total time = 531	Obj = 2389.42	Pricing Time = 1
i = 144	Master Time = 0	Lamb = 18373	Total time = 532	Obj = 2388.89	Pricing Time = 3
i = 145	Master Time = 1	Lamb = 18441	Total time = 536	Obj = 2384.36	Pricing Time = 3
i = 146	Master Time = 0	Lamb = 18465	Total time = 539	Obj = 2378.45	Pricing Time = 3
i = 147	Master Time = 1	Lamb = 18484	Total time = 543	Obj = 2377.87	Pricing Time = 2
i = 148	Master Time = 1	Lamb = 18494	Total time = 546	Obj = 2375.52	Pricing Time = 2
i = 149	Master Time = 1	Lamb = 18506	Total time = 549	Obj = 2373.38	Pricing Time = 2
i = 150	Master Time = 1	Lamb = 18515	Total time = 551	Obj = 2370.79	Pricing Time = 3
i = 151	Master Time = 0	Lamb = 18527	Total time = 555	Obj = 2369.17	Pricing Time = 3
i = 152	Master Time = 0	Lamb = 18533	Total time = 558	Obj = 2367.20	Pricing Time = 3
i = 153	Master Time = 1	Lamb = 18543	Total time = 561	Obj = 2366.25	Pricing Time = 3
i = 154	Master Time = 0	Lamb = 18551	Total time = 565	Obj = 2366.25	Pricing Time = 3
i = 155	Master Time = 0	Lamb = 18560	Total time = 568	Obj = 2366.25	Pricing Time = 3
i = 156	Master Time = 1	Lamb = 18573	Total time = 571	Obj = 2366.25	Pricing Time = 2
i = 157	Master Time = 1	Lamb = 18582	Total time = 575	Obj = 2365.83	Pricing Time = 2
i = 158	Master Time = 1	Lamb = 18589	Total time = 578	Obj = 2365.56	Pricing Time = 3
i = 159	Master Time = 1	Lamb = 18598	Total time = 582	Obj = 2365.00	Pricing Time = 2
i = 160	Master Time = 1	Lamb = 18602	Total time = 584	Obj = 2365.00	Pricing Time = 2
i = 161	Master Time = 1	Lamb = 18608	Total time = 588	Obj = 2365.00	Pricing Time = 2
i = 162	Master Time = 1	Lamb = 18610	Total time = 590	Obj = 2365.00	Pricing Time = 3
i = 163	Master Time = 0	Lamb = 18617	Total time = 594	Obj = 2365.00	Pricing Time = 3
i = 164	Master Time = 0	Lamb = 18618	Total time = 597	Obj = 2365.00	Pricing Time = 4
--------------------------------------
n070w4_2_9-5-6-5
X fix to 1: 654
X fix to 0: 0
Fractional X remaining: 1708 | min(5.243207858627516E-4, 0.9851949333112555)
--------------------------------------
i = 165	Master Time = 2	Lamb = 18618	Total time = 603	Obj = 2602.39	Pricing Time = 0
i = 166	Master Time = 3	Lamb = 18866	Total time = 605	Obj = 2536.81	Pricing Time = 0
i = 167	Master Time = 1	Lamb = 19081	Total time = 607	Obj = 2518.32	Pricing Time = 0
i = 168	Master Time = 1	Lamb = 19236	Total time = 608	Obj = 2486.76	Pricing Time = 1
i = 169	Master Time = 1	Lamb = 19349	Total time = 610	Obj = 2456.12	Pricing Time = 0
i = 170	Master Time = 1	Lamb = 19434	Total time = 611	Obj = 2425.04	Pricing Time = 1
i = 171	Master Time = 2	Lamb = 19514	Total time = 613	Obj = 2406.65	Pricing Time = 0
i = 172	Master Time = 1	Lamb = 19572	Total time = 614	Obj = 2402.03	Pricing Time = 0
i = 173	Master Time = 1	Lamb = 19621	Total time = 616	Obj = 2397.74	Pricing Time = 2
i = 174	Master Time = 3	Lamb = 19681	Total time = 621	Obj = 2393.06	Pricing Time = 0
i = 175	Master Time = 3	Lamb = 19824	Total time = 623	Obj = 2392.30	Pricing Time = 0
i = 176	Master Time = 2	Lamb = 19920	Total time = 626	Obj = 2391.90	Pricing Time = 0
i = 177	Master Time = 3	Lamb = 20053	Total time = 628	Obj = 2391.28	Pricing Time = 0
i = 178	Master Time = 2	Lamb = 20167	Total time = 631	Obj = 2390.53	Pricing Time = 1
i = 179	Master Time = 0	Lamb = 20239	Total time = 632	Obj = 2389.93	Pricing Time = 2
i = 180	Master Time = 2	Lamb = 20325	Total time = 636	Obj = 2387.06	Pricing Time = 2
i = 181	Master Time = 2	Lamb = 20403	Total time = 640	Obj = 2373.47	Pricing Time = 2
i = 182	Master Time = 3	Lamb = 20501	Total time = 645	Obj = 2365.00	Pricing Time = 2
i = 183	Master Time = 2	Lamb = 20584	Total time = 649	Obj = 2365.00	Pricing Time = 3
i = 184	Master Time = 3	Lamb = 20648	Total time = 654	Obj = 2365.00	Pricing Time = 1
i = 185	Master Time = 3	Lamb = 20710	Total time = 659	Obj = 2365.00	Pricing Time = 2
i = 186	Master Time = 0	Lamb = 20760	Total time = 661	Obj = 2365.00	Pricing Time = 3
i = 187	Master Time = 2	Lamb = 20791	Total time = 666	Obj = 2365.00	Pricing Time = 2
i = 188	Master Time = 1	Lamb = 20872	Total time = 669	Obj = 2365.00	Pricing Time = 3
i = 189	Master Time = 1	Lamb = 20918	Total time = 672	Obj = 2365.00	Pricing Time = 2
i = 190	Master Time = 1	Lamb = 20945	Total time = 676	Obj = 2365.00	Pricing Time = 3
i = 191	Master Time = 0	Lamb = 20955	Total time = 679	Obj = 2365.00	Pricing Time = 3
i = 192	Master Time = 0	Lamb = 20959	Total time = 682	Obj = 2365.00	Pricing Time = 3
i = 193	Master Time = 0	Lamb = 20961	Total time = 685	Obj = 2365.00	Pricing Time = 3
i = 194	Master Time = 0	Lamb = 20962	Total time = 688	Obj = 2365.00	Pricing Time = 3
i = 195	Master Time = 0	Lamb = 20963	Total time = 691	Obj = 2365.00	Pricing Time = 3
--------------------------------------
n070w4_2_9-5-6-5
X fix to 1: 707
X fix to 0: 0
Fractional X remaining: 1372 | min(0.001449335635203032, 0.9961639315377038)
--------------------------------------
i = 196	Master Time = 2	Lamb = 20963	Total time = 696	Obj = 2419.59	Pricing Time = 0
i = 197	Master Time = 2	Lamb = 21122	Total time = 698	Obj = 2400.28	Pricing Time = 0
i = 198	Master Time = 2	Lamb = 21247	Total time = 699	Obj = 2387.32	Pricing Time = 0
i = 199	Master Time = 2	Lamb = 21343	Total time = 702	Obj = 2375.76	Pricing Time = 1
i = 200	Master Time = 1	Lamb = 21411	Total time = 704	Obj = 2367.41	Pricing Time = 1
i = 201	Master Time = 2	Lamb = 21452	Total time = 707	Obj = 2366.15	Pricing Time = 0
i = 202	Master Time = 1	Lamb = 21559	Total time = 708	Obj = 2365.93	Pricing Time = 1
i = 203	Master Time = 0	Lamb = 21609	Total time = 709	Obj = 2365.49	Pricing Time = 3
i = 204	Master Time = 1	Lamb = 21663	Total time = 712	Obj = 2365.00	Pricing Time = 2
i = 205	Master Time = 1	Lamb = 21684	Total time = 715	Obj = 2365.00	Pricing Time = 2
i = 206	Master Time = 0	Lamb = 21689	Total time = 718	Obj = 2365.00	Pricing Time = 3
i = 207	Master Time = 0	Lamb = 21690	Total time = 721	Obj = 2365.00	Pricing Time = 3
--------------------------------------
n070w4_2_9-5-6-5
X fix to 1: 746
X fix to 0: 0
Fractional X remaining: 1089 | min(4.0312918759537793E-4, 0.9818168169439391)
--------------------------------------
i = 208	Master Time = 2	Lamb = 21690	Total time = 726	Obj = 2519.75	Pricing Time = 0
i = 209	Master Time = 3	Lamb = 21902	Total time = 728	Obj = 2473.21	Pricing Time = 0
i = 210	Master Time = 2	Lamb = 22059	Total time = 731	Obj = 2452.37	Pricing Time = 0
i = 211	Master Time = 1	Lamb = 22191	Total time = 732	Obj = 2430.45	Pricing Time = 1
i = 212	Master Time = 1	Lamb = 22273	Total time = 733	Obj = 2402.68	Pricing Time = 0
i = 213	Master Time = 1	Lamb = 22356	Total time = 734	Obj = 2393.76	Pricing Time = 1
i = 214	Master Time = 1	Lamb = 22420	Total time = 737	Obj = 2380.90	Pricing Time = 2
i = 215	Master Time = 1	Lamb = 22477	Total time = 740	Obj = 2373.69	Pricing Time = 2
i = 216	Master Time = 1	Lamb = 22525	Total time = 743	Obj = 2368.98	Pricing Time = 3
i = 217	Master Time = 1	Lamb = 22580	Total time = 746	Obj = 2366.71	Pricing Time = 2
i = 218	Master Time = 1	Lamb = 22621	Total time = 750	Obj = 2365.23	Pricing Time = 2
i = 219	Master Time = 0	Lamb = 22659	Total time = 752	Obj = 2365.00	Pricing Time = 3
i = 220	Master Time = 0	Lamb = 22662	Total time = 755	Obj = 2365.00	Pricing Time = 2
i = 221	Master Time = 0	Lamb = 22663	Total time = 757	Obj = 2365.00	Pricing Time = 3
--------------------------------------
n070w4_2_9-5-6-5
X fix to 1: 792
X fix to 0: 0
Fractional X remaining: 987 | min(0.0013221011387333226, 0.9758927688685304)
--------------------------------------
i = 222	Master Time = 2	Lamb = 22663	Total time = 761	Obj = 2577.27	Pricing Time = 0
i = 223	Master Time = 2	Lamb = 22832	Total time = 764	Obj = 2506.67	Pricing Time = 0
i = 224	Master Time = 2	Lamb = 23006	Total time = 766	Obj = 2457.41	Pricing Time = 0
i = 225	Master Time = 1	Lamb = 23146	Total time = 767	Obj = 2444.26	Pricing Time = 0
i = 226	Master Time = 1	Lamb = 23247	Total time = 768	Obj = 2430.04	Pricing Time = 0
i = 227	Master Time = 1	Lamb = 23318	Total time = 769	Obj = 2410.14	Pricing Time = 1
i = 228	Master Time = 1	Lamb = 23375	Total time = 770	Obj = 2401.23	Pricing Time = 2
i = 229	Master Time = 1	Lamb = 23422	Total time = 773	Obj = 2395.68	Pricing Time = 2
i = 230	Master Time = 1	Lamb = 23464	Total time = 776	Obj = 2392.22	Pricing Time = 1
i = 231	Master Time = 1	Lamb = 23512	Total time = 779	Obj = 2385.93	Pricing Time = 2
i = 232	Master Time = 2	Lamb = 23551	Total time = 782	Obj = 2383.89	Pricing Time = 2
i = 233	Master Time = 2	Lamb = 23583	Total time = 786	Obj = 2378.63	Pricing Time = 0
i = 234	Master Time = 2	Lamb = 23715	Total time = 789	Obj = 2376.14	Pricing Time = 1
i = 235	Master Time = 2	Lamb = 23838	Total time = 791	Obj = 2376.13	Pricing Time = 0
i = 236	Master Time = 2	Lamb = 23906	Total time = 794	Obj = 2375.70	Pricing Time = 1
i = 237	Master Time = 2	Lamb = 23978	Total time = 796	Obj = 2375.00	Pricing Time = 0
i = 238	Master Time = 2	Lamb = 24052	Total time = 799	Obj = 2375.00	Pricing Time = 0
i = 239	Master Time = 2	Lamb = 24121	Total time = 801	Obj = 2375.00	Pricing Time = 0
i = 240	Master Time = 3	Lamb = 24197	Total time = 803	Obj = 2375.00	Pricing Time = 2
i = 241	Master Time = 2	Lamb = 24267	Total time = 808	Obj = 2373.07	Pricing Time = 0
i = 242	Master Time = 2	Lamb = 24342	Total time = 810	Obj = 2372.31	Pricing Time = 3
i = 243	Master Time = 2	Lamb = 24391	Total time = 814	Obj = 2368.61	Pricing Time = 2
i = 244	Master Time = 1	Lamb = 24430	Total time = 818	Obj = 2368.24	Pricing Time = 1
i = 245	Master Time = 1	Lamb = 24465	Total time = 820	Obj = 2367.50	Pricing Time = 3
i = 246	Master Time = 2	Lamb = 24478	Total time = 824	Obj = 2365.56	Pricing Time = 3
i = 247	Master Time = 2	Lamb = 24499	Total time = 830	Obj = 2365.00	Pricing Time = 2
i = 248	Master Time = 2	Lamb = 24579	Total time = 834	Obj = 2365.00	Pricing Time = 3
i = 249	Master Time = 2	Lamb = 24637	Total time = 839	Obj = 2365.00	Pricing Time = 2
i = 250	Master Time = 2	Lamb = 24692	Total time = 843	Obj = 2365.00	Pricing Time = 3
i = 251	Master Time = 1	Lamb = 24744	Total time = 846	Obj = 2365.00	Pricing Time = 1
i = 252	Master Time = 2	Lamb = 24783	Total time = 850	Obj = 2365.00	Pricing Time = 2
i = 253	Master Time = 2	Lamb = 24815	Total time = 855	Obj = 2365.00	Pricing Time = 2
i = 254	Master Time = 1	Lamb = 24830	Total time = 858	Obj = 2365.00	Pricing Time = 2
i = 255	Master Time = 1	Lamb = 24849	Total time = 861	Obj = 2365.00	Pricing Time = 2
i = 256	Master Time = 0	Lamb = 24853	Total time = 864	Obj = 2365.00	Pricing Time = 3
i = 257	Master Time = 0	Lamb = 24854	Total time = 867	Obj = 2365.00	Pricing Time = 3
i = 258	Master Time = 0	Lamb = 24855	Total time = 870	Obj = 2365.00	Pricing Time = 3
--------------------------------------
n070w4_2_9-5-6-5
X fix to 1: 821
X fix to 0: 0
Fractional X remaining: 791 | min(0.005727593891723837, 0.9680333059422707)
--------------------------------------
i = 259	Master Time = 2	Lamb = 24855	Total time = 874	Obj = 2447.13	Pricing Time = 0
i = 260	Master Time = 1	Lamb = 24954	Total time = 876	Obj = 2429.89	Pricing Time = 2
i = 261	Master Time = 1	Lamb = 25009	Total time = 878	Obj = 2409.04	Pricing Time = 1
i = 262	Master Time = 2	Lamb = 25072	Total time = 881	Obj = 2388.60	Pricing Time = 2
i = 263	Master Time = 1	Lamb = 25113	Total time = 884	Obj = 2376.86	Pricing Time = 1
i = 264	Master Time = 1	Lamb = 25152	Total time = 887	Obj = 2369.93	Pricing Time = 2
i = 265	Master Time = 0	Lamb = 25188	Total time = 889	Obj = 2367.45	Pricing Time = 2
i = 266	Master Time = 1	Lamb = 25219	Total time = 892	Obj = 2366.34	Pricing Time = 2
i = 267	Master Time = 1	Lamb = 25247	Total time = 895	Obj = 2365.42	Pricing Time = 2
i = 268	Master Time = 1	Lamb = 25273	Total time = 898	Obj = 2365.01	Pricing Time = 2
i = 269	Master Time = 0	Lamb = 25298	Total time = 900	Obj = 2365.00	Pricing Time = 3
i = 270	Master Time = 1	Lamb = 25301	Total time = 903	Obj = 2365.00	Pricing Time = 2
i = 271	Master Time = 0	Lamb = 25303	Total time = 906	Obj = 2365.00	Pricing Time = 3
--------------------------------------
n070w4_2_9-5-6-5
X fix to 1: 863
X fix to 0: 0
Fractional X remaining: 621 | min(1.2141581037902749E-4, 0.9597406259002029)
--------------------------------------
i = 272	Master Time = 1	Lamb = 25303	Total time = 910	Obj = 2437.67	Pricing Time = 1
i = 273	Master Time = 1	Lamb = 25421	Total time = 911	Obj = 2409.75	Pricing Time = 0
i = 274	Master Time = 0	Lamb = 25484	Total time = 912	Obj = 2406.13	Pricing Time = 2
i = 275	Master Time = 1	Lamb = 25524	Total time = 915	Obj = 2389.03	Pricing Time = 1
i = 276	Master Time = 1	Lamb = 25562	Total time = 917	Obj = 2381.78	Pricing Time = 2
i = 277	Master Time = 1	Lamb = 25600	Total time = 920	Obj = 2374.22	Pricing Time = 2
i = 278	Master Time = 0	Lamb = 25623	Total time = 922	Obj = 2371.83	Pricing Time = 2
i = 279	Master Time = 1	Lamb = 25645	Total time = 925	Obj = 2369.82	Pricing Time = 2
i = 280	Master Time = 1	Lamb = 25662	Total time = 928	Obj = 2368.93	Pricing Time = 2
i = 281	Master Time = 1	Lamb = 25678	Total time = 931	Obj = 2366.19	Pricing Time = 2
i = 282	Master Time = 1	Lamb = 25686	Total time = 934	Obj = 2365.00	Pricing Time = 2
i = 283	Master Time = 0	Lamb = 25695	Total time = 936	Obj = 2365.00	Pricing Time = 3
i = 284	Master Time = 0	Lamb = 25699	Total time = 939	Obj = 2365.00	Pricing Time = 2
i = 285	Master Time = 1	Lamb = 25700	Total time = 941	Obj = 2365.00	Pricing Time = 2
i = 286	Master Time = 0	Lamb = 25702	Total time = 944	Obj = 2365.00	Pricing Time = 2
--------------------------------------
n070w4_2_9-5-6-5
X fix to 1: 875
X fix to 0: 0
Fractional X remaining: 524 | min(0.008166969147005793, 0.9205989110707795)
--------------------------------------
i = 287	Master Time = 2	Lamb = 25702	Total time = 947	Obj = 2411.67	Pricing Time = 1
i = 288	Master Time = 1	Lamb = 25730	Total time = 949	Obj = 2390.48	Pricing Time = 2
i = 289	Master Time = 0	Lamb = 25764	Total time = 952	Obj = 2381.00	Pricing Time = 2
i = 290	Master Time = 2	Lamb = 25783	Total time = 955	Obj = 2375.00	Pricing Time = 1
i = 291	Master Time = 1	Lamb = 25796	Total time = 958	Obj = 2369.52	Pricing Time = 2
i = 292	Master Time = 1	Lamb = 25820	Total time = 961	Obj = 2368.20	Pricing Time = 2
i = 293	Master Time = 1	Lamb = 25834	Total time = 963	Obj = 2367.00	Pricing Time = 2
i = 294	Master Time = 1	Lamb = 25840	Total time = 967	Obj = 2366.50	Pricing Time = 2
i = 295	Master Time = 0	Lamb = 25855	Total time = 969	Obj = 2365.00	Pricing Time = 3
i = 296	Master Time = 0	Lamb = 25861	Total time = 972	Obj = 2365.00	Pricing Time = 2
i = 297	Master Time = 1	Lamb = 25865	Total time = 974	Obj = 2365.00	Pricing Time = 2
i = 298	Master Time = 0	Lamb = 25868	Total time = 977	Obj = 2365.00	Pricing Time = 2
i = 299	Master Time = 1	Lamb = 25869	Total time = 979	Obj = 2365.00	Pricing Time = 2
--------------------------------------
n070w4_2_9-5-6-5
X fix to 1: 901
X fix to 0: 0
Fractional X remaining: 468 | min(0.018518518518518157, 0.7962962962962963)
--------------------------------------
i = 300	Master Time = 0	Lamb = 25869	Total time = 982	Obj = 2397.22	Pricing Time = 2
i = 301	Master Time = 1	Lamb = 25897	Total time = 985	Obj = 2365.00	Pricing Time = 2
i = 302	Master Time = 1	Lamb = 25922	Total time = 988	Obj = 2365.00	Pricing Time = 2
i = 303	Master Time = 1	Lamb = 25930	Total time = 991	Obj = 2365.00	Pricing Time = 2
i = 304	Master Time = 1	Lamb = 25932	Total time = 993	Obj = 2365.00	Pricing Time = 2
--------------------------------------
n070w4_2_9-5-6-5
X fix to 1: 920
X fix to 0: 0
Fractional X remaining: 355 | min(0.00722021660649752, 0.9422382671480145)
--------------------------------------
i = 305	Master Time = 0	Lamb = 25932	Total time = 996	Obj = 2390.00	Pricing Time = 2
i = 306	Master Time = 1	Lamb = 25955	Total time = 999	Obj = 2386.43	Pricing Time = 2
i = 307	Master Time = 0	Lamb = 25971	Total time = 1001	Obj = 2380.00	Pricing Time = 3
i = 308	Master Time = 0	Lamb = 25988	Total time = 1004	Obj = 2377.14	Pricing Time = 3
i = 309	Master Time = 0	Lamb = 26002	Total time = 1007	Obj = 2367.50	Pricing Time = 2
i = 310	Master Time = 1	Lamb = 26011	Total time = 1010	Obj = 2365.00	Pricing Time = 2
i = 311	Master Time = 1	Lamb = 26020	Total time = 1013	Obj = 2365.00	Pricing Time = 2
i = 312	Master Time = 1	Lamb = 26023	Total time = 1016	Obj = 2365.00	Pricing Time = 2
i = 313	Master Time = 1	Lamb = 26025	Total time = 1018	Obj = 2365.00	Pricing Time = 2
--------------------------------------
n070w4_2_9-5-6-5
X fix to 1: 928
X fix to 0: 0
Fractional X remaining: 274 | min(0.03571428571428581, 0.8571428571428568)
--------------------------------------
i = 314	Master Time = 0	Lamb = 26025	Total time = 1021	Obj = 2400.00	Pricing Time = 3
i = 315	Master Time = 0	Lamb = 26040	Total time = 1024	Obj = 2385.00	Pricing Time = 2
i = 316	Master Time = 1	Lamb = 26057	Total time = 1027	Obj = 2370.00	Pricing Time = 2
i = 317	Master Time = 0	Lamb = 26066	Total time = 1029	Obj = 2370.00	Pricing Time = 2
i = 318	Master Time = 1	Lamb = 26071	Total time = 1031	Obj = 2370.00	Pricing Time = 2
i = 319	Master Time = 0	Lamb = 26074	Total time = 1034	Obj = 2370.00	Pricing Time = 2
i = 320	Master Time = 1	Lamb = 26082	Total time = 1036	Obj = 2365.00	Pricing Time = 2
i = 321	Master Time = 0	Lamb = 26089	Total time = 1039	Obj = 2365.00	Pricing Time = 2
i = 322	Master Time = 1	Lamb = 26092	Total time = 1042	Obj = 2365.00	Pricing Time = 2
i = 323	Master Time = 1	Lamb = 26093	Total time = 1044	Obj = 2365.00	Pricing Time = 2
--------------------------------------
n070w4_2_9-5-6-5
X fix to 1: 929
X fix to 0: 1
Fractional X remaining: 237 | min(0.49999999999999917, 0.500000000000001)
--------------------------------------
i = 324	Master Time = 0	Lamb = 26093	Total time = 1047	Obj = 2421.71	Pricing Time = 3
i = 325	Master Time = 0	Lamb = 26103	Total time = 1050	Obj = 2415.00	Pricing Time = 3
i = 326	Master Time = 0	Lamb = 26115	Total time = 1053	Obj = 2412.81	Pricing Time = 2
i = 327	Master Time = 1	Lamb = 26122	Total time = 1055	Obj = 2401.10	Pricing Time = 2
i = 328	Master Time = 0	Lamb = 26133	Total time = 1058	Obj = 2399.55	Pricing Time = 3
i = 329	Master Time = 0	Lamb = 26142	Total time = 1061	Obj = 2396.59	Pricing Time = 2
i = 330	Master Time = 0	Lamb = 26149	Total time = 1063	Obj = 2396.25	Pricing Time = 3
i = 331	Master Time = 0	Lamb = 26154	Total time = 1066	Obj = 2395.00	Pricing Time = 2
i = 332	Master Time = 0	Lamb = 26157	Total time = 1068	Obj = 2395.00	Pricing Time = 2
i = 333	Master Time = 0	Lamb = 26158	Total time = 1070	Obj = 2395.00	Pricing Time = 3
i = 334	Master Time = 0	Lamb = 26160	Total time = 1073	Obj = 2395.00	Pricing Time = 2
--------------------------------------
n070w4_2_9-5-6-5
X fix to 1: 951
X fix to 0: 1
Fractional X remaining: 291 | min(0.020833333333332482, 0.8749999999999998)
--------------------------------------
i = 335	Master Time = 1	Lamb = 26160	Total time = 1076	Obj = 2435.00	Pricing Time = 2
i = 336	Master Time = 0	Lamb = 26181	Total time = 1078	Obj = 2419.89	Pricing Time = 3
i = 337	Master Time = 0	Lamb = 26194	Total time = 1081	Obj = 2410.83	Pricing Time = 2
i = 338	Master Time = 0	Lamb = 26205	Total time = 1083	Obj = 2408.00	Pricing Time = 2
i = 339	Master Time = 1	Lamb = 26220	Total time = 1085	Obj = 2401.67	Pricing Time = 2
i = 340	Master Time = 0	Lamb = 26231	Total time = 1088	Obj = 2400.00	Pricing Time = 2
i = 341	Master Time = 0	Lamb = 26237	Total time = 1090	Obj = 2400.00	Pricing Time = 3
i = 342	Master Time = 0	Lamb = 26244	Total time = 1093	Obj = 2397.50	Pricing Time = 3
i = 343	Master Time = 0	Lamb = 26254	Total time = 1096	Obj = 2397.50	Pricing Time = 2
i = 344	Master Time = 0	Lamb = 26258	Total time = 1098	Obj = 2397.50	Pricing Time = 3
i = 345	Master Time = 0	Lamb = 26261	Total time = 1101	Obj = 2397.50	Pricing Time = 2
i = 346	Master Time = 1	Lamb = 26265	Total time = 1103	Obj = 2397.50	Pricing Time = 2
i = 347	Master Time = 0	Lamb = 26271	Total time = 1106	Obj = 2397.50	Pricing Time = 3
i = 348	Master Time = 0	Lamb = 26272	Total time = 1109	Obj = 2397.50	Pricing Time = 2
--------------------------------------
n070w4_2_9-5-6-5
X fix to 1: 952
X fix to 0: 2
Fractional X remaining: 150 | min(0.49999999999999956, 0.5000000000000007)
--------------------------------------
i = 349	Master Time = 0	Lamb = 26272	Total time = 1111	Obj = 2410.00	Pricing Time = 2
i = 350	Master Time = 0	Lamb = 26278	Total time = 1114	Obj = 2405.00	Pricing Time = 2
i = 351	Master Time = 0	Lamb = 26280	Total time = 1116	Obj = 2405.00	Pricing Time = 3
i = 352	Master Time = 0	Lamb = 26283	Total time = 1119	Obj = 2405.00	Pricing Time = 2
i = 353	Master Time = 0	Lamb = 26284	Total time = 1121	Obj = 2405.00	Pricing Time = 3
i = 354	Master Time = 0	Lamb = 26287	Total time = 1124	Obj = 2405.00	Pricing Time = 2
--------------------------------------
n070w4_2_9-5-6-5
X fix to 1: 953
X fix to 0: 2
Fractional X remaining: 80 | min(0.5, 0.5)
--------------------------------------
i = 355	Master Time = 0	Lamb = 26287	Total time = 1126	Obj = 2405.00	Pricing Time = 2
i = 356	Master Time = 1	Lamb = 26288	Total time = 1128	Obj = 2405.00	Pricing Time = 2
--------------------------------------
n070w4_2_9-5-6-5
X fix to 1: 954
X fix to 0: 2
Fractional X remaining: 50 | min(0.5, 0.5)
--------------------------------------
i = 357	Master Time = 0	Lamb = 26288	Total time = 1131	Obj = 2405.00	Pricing Time = 2
i = 358	Master Time = 0	Lamb = 26289	Total time = 1133	Obj = 2405.00	Pricing Time = 2

n070w4_2_9-5-6-5
Integer solution found

Printing SHIFT allocations
HN_0   |-|-|L|L|L|-|-| |-|-|-|-|D|D|L| |L|L|-|-|-|-|-| |L|L|L|L|-|-|-|
HN_1   |N|N|N|N|N|-|-| |E|E|E|E|E|-|-| |-|-|-|E|E|L|L| |-|-|E|E|E|-|-|
HN_2   |L|-|-|-|L|L|L| |L|L|-|-|-|-|-| |L|L|L|L|L|-|-| |-|-|-|D|D|L|L|
HN_3   |D|D|-|-|-|-|-| |D|D|L|L|L|-|-| |-|-|-|-|L|L|N| |N|N|N|-|-|-|-|
HN_4   |D|D|D|D|-|-|-| |-|-|N|N|N|N|N| |-|-|D|D|D|-|-| |-|-|-|D|D|E|E|
HN_5   |-|-|-|D|D|E|E| |E|E|-|-|-|-|-| |-|N|N|N|N|-|-| |-|-|-|-|D|D|L|
HN_6   |E|E|E|E|E|-|-| |L|L|L|-|-|E|E| |E|E|E|-|-|E|E| |E|E|-|-|-|-|-|
HN_7   |E|E|-|-|-|N|N| |N|N|N|-|-|-|-| |-|D|D|L|L|-|-| |D|D|D|-|-|N|N|
NU_8   |-|N|N|N|N|-|-| |-|D|D|D|D|-|-| |-|-|N|N|N|N|N| |-|-|-|-|N|N|N|
NU_9   |-|-|E|E|E|-|-| |-|-|-|E|E|L|L| |-|-|E|E|E|E|E| |-|-|E|E|E|-|-|
NU_10  |E|E|E|E|-|-|-| |-|E|E|E|-|-|-| |-|E|E|E|E|-|-| |-|-|-|E|E|E|E|
NU_11  |E|E|-|-|E|E|E| |E|-|-|E|E|E|E| |-|-|E|E|E|-|-| |E|E|E|E|E|-|-|
NU_12  |E|E|D|D|-|-|-| |-|-|L|L|L|-|-| |D|D|E|E|-|-|-| |-|-|N|N|N|N|N|
NU_13  |-|-|-|-|D|D|D| |D|-|-|-|-|-|-| |D|D|D|D|D|-|-| |-|-|-|-|D|D|D|
NU_14  |D|D|D|D|-|-|-| |-|D|D|D|D|-|-| |D|D|D|D|D|-|-| |-|D|D|L|L|-|-|
NU_15  |D|D|D|D|-|-|-| |N|N|N|N|N|-|-| |L|L|L|L|-|-|-| |L|L|L|-|-|-|-|
NU_16  |D|-|-|-|-|D|D| |D|D|-|-|D|D|D| |-|-|D|D|D|-|-| |D|D|E|E|-|-|-|
NU_17  |-|-|N|N|N|N|-| |-|-|-|-|N|N|N| |N|-|-|-|-|-|-| |N|N|N|N|N|-|-|
NU_18  |N|N|-|-|-|-|-| |L|L|L|L|L|-|-| |-|-|-|E|E|E|L| |L|-|-|-|D|D|E|
NU_19  |L|L|L|-|-|-|-| |L|L|L|-|-|N|N| |N|N|N|-|-|D|D| |E|E|-|-|-|-|-|
NU_20  |N|N|N|N|N|-|-| |N|N|N|N|N|-|-| |N|N|N|N|N|-|-| |N|N|N|N|N|-|-|
NU_21  |N|N|N|N|N|-|-| |-|-|-|-|N|N|N| |N|-|-|-|-|-|-| |N|N|N|N|N|-|-|
NU_22  |D|D|D|D|D|-|-| |D|D|D|D|D|-|-| |D|D|D|-|-|D|D| |D|D|-|-|D|D|D|
NU_23  |E|E|E|E|-|-|-| |-|-|N|N|N|N|N| |-|-|-|D|D|D|D| |-|-|L|L|L|-|-|
NU_24  |L|L|-|-|-|-|-| |-|N|N|N|N|-|-| |-|-|-|-|L|L|N| |N|N|N|-|-|-|-|
NU_25  |D|-|E|E|E|-|-| |E|E|E|E|E|-|-| |E|E|E|E|E|-|-| |E|E|E|-|-|E|E|
NU_26  |L|L|L|L|L|-|-| |L|L|L|L|L|-|-| |L|L|L|L|L|-|-| |L|L|L|L|L|-|-|
NU_27  |-|-|E|E|E|-|-| |L|L|L|L|L|-|-| |E|E|L|L|L|-|-| |E|E|L|L|L|-|-|
NU_28  |D|D|D|D|-|-|-| |-|D|D|D|D|-|-| |-|D|D|D|D|-|-| |D|D|D|-|-|-|-|
NU_29  |-|-|E|E|E|-|-| |E|E|E|-|-|E|E| |E|E|-|-|E|E|E| |E|E|-|-|-|-|-|
NU_30  |N|N|N|-|-|-|-| |-|N|N|N|N|-|-| |-|-|-|D|D|D|L| |L|-|-|E|E|L|L|
NU_31  |N|-|L|L|L|-|-| |L|L|L|L|L|-|-| |L|L|L|-|-|E|N| |N|N|N|-|-|E|E|
NU_32  |-|D|D|D|D|-|-| |-|-|-|-|D|D|D| |D|D|-|-|-|-|-| |D|D|E|E|-|-|-|
NU_33  |L|L|-|-|L|L|L| |L|-|-|L|L|L|L| |-|-|L|L|L|-|-| |L|L|L|L|L|-|-|
NU_34  |-|-|-|-|N|N|N| |N|-|-|-|-|-|-| |N|N|N|N|N|-|-| |-|-|-|-|L|L|L|
NU_35  |D|-|-|-|-|N|N| |N|N|N|-|-|-|-| |E|E|E|D|D|-|-| |-|-|-|E|E|L|L|
NU_36  |-|-|-|-|N|N|N| |N|N|-|-|-|-|-| |N|N|N|N|N|-|-| |-|-|-|-|N|N|N|
NU_37  |L|L|L|L|L|-|-| |-|-|-|L|L|L|L| |L|-|-|-|E|E|E| |E|E|-|-|-|-|-|
NU_38  |-|-|-|D|D|D|D| |-|-|-|-|-|-|D| |D|D|D|-|-|-|-| |-|D|D|D|D|-|-|
NU_39  |-|N|N|N|N|-|-| |-|-|E|E|E|E|E| |-|-|N|N|N|N|N| |-|-|D|D|D|-|-|
CT_40  |E|E|E|E|E|-|-| |-|-|-|D|D|L|L| |-|-|-|E|E|D|D| |-|-|E|E|E|-|-|
CT_41  |-|-|-|E|E|E|E| |-|-|-|-|-|-|D| |D|D|D|-|-|-|-| |-|N|N|N|N|-|-|
CT_42  |N|N|N|N|N|-|-| |N|N|N|N|N|-|-| |-|D|D|D|L|L|L| |-|-|N|N|N|N|N|
CT_43  |-|E|E|E|E|-|-| |-|-|-|E|E|E|D| |D|D|-|-|-|-|-| |D|D|E|E|-|-|-|
CT_44  |D|D|D|-|-|D|D| |D|D|-|-|D|D|D| |-|-|D|D|D|-|-| |D|D|D|D|D|-|-|
CT_45  |-|-|L|L|L|-|-| |D|D|D|E|E|-|-| |N|N|N|N|N|-|-| |E|E|E|D|D|-|-|
CT_46  |-|-|L|L|L|-|-| |L|L|L|L|L|-|-| |L|L|L|-|-|D|D| |L|L|-|-|L|L|L|
CT_47  |E|E|E|E|E|-|-| |-|E|E|E|-|-|-| |-|E|E|E|E|-|-| |-|-|-|E|E|E|D|
CT_48  |-|N|N|N|N|-|-| |D|D|E|E|-|-|-| |E|E|D|D|-|-|-| |D|D|D|-|-|-|-|
CT_49  |L|L|L|L|L|-|-| |E|E|E|D|D|-|-| |N|N|N|N|N|-|-| |E|E|L|L|L|-|-|
CT_50  |N|N|N|N|N|-|-| |-|-|-|-|N|N|N| |N|-|-|-|-|-|-| |D|D|E|E|-|-|-|
CT_51  |-|-|-|D|D|D|E| |E|-|-|-|-|-|E| |E|L|L|-|-|-|-| |-|N|N|N|N|-|-|
CT_52  |L|L|L|-|-|-|-| |D|D|D|-|-|E|E| |E|E|-|-|E|E|L| |L|L|-|-|-|-|-|
CT_53  |L|L|-|-|L|L|L| |-|-|L|L|L|-|-| |L|L|L|L|L|-|-| |L|L|L|L|L|-|-|
CT_54  |D|D|D|D|D|-|-| |D|D|D|D|D|-|-| |D|D|D|D|D|-|-| |D|D|D|D|D|-|-|
CT_55  |E|L|L|-|-|L|L| |L|L|-|-|L|L|L| |-|-|L|L|L|-|-| |L|L|L|L|L|-|-|
CT_56  |L|L|L|L|L|-|-| |E|E|E|D|D|-|-| |L|L|L|L|L|-|-| |N|N|N|N|N|-|-|
CT_57  |N|N|N|-|-|-|-| |-|N|N|N|N|-|-| |-|-|N|N|N|N|N| |-|-|-|-|N|N|N|
CT_58  |E|E|L|L|-|-|-| |E|E|E|E|-|-|-| |-|N|N|N|N|-|-| |-|L|L|L|L|-|-|
CT_59  |D|D|-|-|-|-|-| |D|D|D|E|E|-|-| |E|E|L|L|L|-|-| |-|-|-|D|D|E|E|
TR_60  |E|E|-|-|D|D|L| |L|-|-|N|N|N|N| |-|L|L|L|L|-|-| |E|E|N|N|N|-|-|
TR_61  |-|N|N|N|N|-|-| |-|-|-|D|D|D|E| |E|-|-|-|-|-|-| |E|E|L|L|-|-|-|
TR_62  |-|E|E|L|L|-|-| |E|E|E|-|E|E|E| |L|L|-|-|E|L|L| |L|-|-|D|D|D|E|
TR_63  |-|-|-|-|N|N|N| |N|-|-|-|-|-|-| |N|N|N|N|-|-|-| |-|D|D|L|L|-|-|
TR_64  |-|-|E|E|E|-|-| |-|-|-|E|E|L|L| |-|-|E|E|D|D|D| |-|-|D|D|D|-|-|
TR_65  |D|D|D|D|D|-|-| |E|D|D|D|D|-|-| |D|D|D|E|E|-|-| |L|L|L|-|-|L|L|
TR_66  |L|L|L|L|-|-|-| |-|-|L|L|L|L|-| |-|-|-|-|N|N|N| |N|-|-|-|-|-|-|
TR_67  |-|-|-|E|E|E|E| |D|D|-|-|-|-|-| |-|N|N|N|N|-|-| |-|-|-|-|E|E|E|
TR_68  |-|D|D|D|-|-|-| |L|L|L|L|-|-|-| |-|D|D|L|L|-|-| |-|-|-|N|N|N|N|
TR_69  |N|N|N|N|N|-|-| |E|E|N|N|N|-|-| |E|E|E|D|D|-|-| |D|D|E|E|E|-|-|
Total assignment constraints: 1020
Consecutive constraints: 195
Non working days constraints: 240
Preferences: 260
Max working weekend: 330
Complete weekends: 0
Optimal coverage constraints: 360
TOTAL = 2405
