Creating directory: out/n070w4_0_3-6-5-1

-----------------------------------------------------------
Instance	n070w4_0_3-6-5-1
algorithm	=	vns
maxIter	=	10
eliteSet	=	10
shakePerc	=	0.9
bestKnow	=	2387.6
minColsIter	=	0.35
minRoundDown	=	-1.0
minRoundUp	=	0.67
seed	=	0
onlyRelax	=	false
nThreads	=	20
alpha	=	0.6
timeOut	=	14600
-----------------------------------------------------------
Parallels mode has been selected.
i = 0	Master Time = 0	Lamb = 0	Total time = 3	Obj = 407440.00	Pricing Time = 0
i = 1	Master Time = 1	Lamb = 458	Total time = 5	Obj = 106135.00	Pricing Time = 0
i = 2	Master Time = 1	Lamb = 859	Total time = 6	Obj = 57775.83	Pricing Time = 0
i = 3	Master Time = 2	Lamb = 1278	Total time = 8	Obj = 47194.93	Pricing Time = 0
i = 4	Master Time = 1	Lamb = 1699	Total time = 9	Obj = 29598.99	Pricing Time = 1
i = 5	Master Time = 1	Lamb = 2102	Total time = 11	Obj = 19824.25	Pricing Time = 0
i = 6	Master Time = 1	Lamb = 2545	Total time = 12	Obj = 15422.29	Pricing Time = 1
i = 7	Master Time = 1	Lamb = 2977	Total time = 13	Obj = 11839.01	Pricing Time = 0
i = 8	Master Time = 1	Lamb = 3374	Total time = 15	Obj = 9131.27	Pricing Time = 0
i = 9	Master Time = 2	Lamb = 3783	Total time = 16	Obj = 7497.96	Pricing Time = 0
i = 10	Master Time = 2	Lamb = 4147	Total time = 18	Obj = 6453.35	Pricing Time = 0
i = 11	Master Time = 1	Lamb = 4537	Total time = 20	Obj = 5506.33	Pricing Time = 1
i = 12	Master Time = 2	Lamb = 4922	Total time = 23	Obj = 4850.48	Pricing Time = 0
i = 13	Master Time = 2	Lamb = 5287	Total time = 25	Obj = 4394.86	Pricing Time = 1
i = 14	Master Time = 1	Lamb = 5633	Total time = 27	Obj = 4060.45	Pricing Time = 1
i = 15	Master Time = 2	Lamb = 5980	Total time = 29	Obj = 3761.05	Pricing Time = 0
i = 16	Master Time = 2	Lamb = 6266	Total time = 32	Obj = 3597.75	Pricing Time = 0
i = 17	Master Time = 2	Lamb = 6552	Total time = 34	Obj = 3425.75	Pricing Time = 0
i = 18	Master Time = 2	Lamb = 6874	Total time = 35	Obj = 3356.85	Pricing Time = 0
i = 19	Master Time = 3	Lamb = 7119	Total time = 38	Obj = 3247.93	Pricing Time = 0
i = 20	Master Time = 2	Lamb = 7354	Total time = 41	Obj = 3168.08	Pricing Time = 0
i = 21	Master Time = 2	Lamb = 7583	Total time = 43	Obj = 3083.14	Pricing Time = 1
i = 22	Master Time = 2	Lamb = 7796	Total time = 45	Obj = 3009.07	Pricing Time = 0
i = 23	Master Time = 2	Lamb = 8025	Total time = 48	Obj = 2939.11	Pricing Time = 0
i = 24	Master Time = 2	Lamb = 8190	Total time = 50	Obj = 2889.83	Pricing Time = 1
i = 25	Master Time = 2	Lamb = 8376	Total time = 52	Obj = 2860.37	Pricing Time = 0
i = 26	Master Time = 1	Lamb = 8536	Total time = 54	Obj = 2837.05	Pricing Time = 0
i = 27	Master Time = 1	Lamb = 8688	Total time = 55	Obj = 2811.47	Pricing Time = 1
i = 28	Master Time = 1	Lamb = 8839	Total time = 56	Obj = 2796.92	Pricing Time = 0
i = 29	Master Time = 1	Lamb = 8973	Total time = 58	Obj = 2782.81	Pricing Time = 1
i = 30	Master Time = 0	Lamb = 9092	Total time = 59	Obj = 2771.16	Pricing Time = 1
i = 31	Master Time = 1	Lamb = 9209	Total time = 60	Obj = 2750.35	Pricing Time = 0
i = 32	Master Time = 1	Lamb = 9313	Total time = 62	Obj = 2737.79	Pricing Time = 0
i = 33	Master Time = 1	Lamb = 9429	Total time = 63	Obj = 2726.46	Pricing Time = 1
i = 34	Master Time = 1	Lamb = 9532	Total time = 65	Obj = 2712.32	Pricing Time = 1
i = 35	Master Time = 0	Lamb = 9615	Total time = 66	Obj = 2704.45	Pricing Time = 1
i = 36	Master Time = 1	Lamb = 9703	Total time = 67	Obj = 2694.79	Pricing Time = 0
i = 37	Master Time = 1	Lamb = 9773	Total time = 69	Obj = 2684.70	Pricing Time = 1
i = 38	Master Time = 0	Lamb = 9856	Total time = 70	Obj = 2679.87	Pricing Time = 1
i = 39	Master Time = 1	Lamb = 9915	Total time = 71	Obj = 2671.97	Pricing Time = 0
i = 40	Master Time = 1	Lamb = 10008	Total time = 73	Obj = 2666.32	Pricing Time = 1
i = 41	Master Time = 1	Lamb = 10080	Total time = 74	Obj = 2659.29	Pricing Time = 0
i = 42	Master Time = 1	Lamb = 10155	Total time = 76	Obj = 2653.18	Pricing Time = 0
i = 43	Master Time = 1	Lamb = 10228	Total time = 77	Obj = 2650.81	Pricing Time = 1
i = 44	Master Time = 1	Lamb = 10282	Total time = 78	Obj = 2649.01	Pricing Time = 12
i = 45	Master Time = 2	Lamb = 10390	Total time = 93	Obj = 2580.13	Pricing Time = 0
i = 46	Master Time = 2	Lamb = 10509	Total time = 95	Obj = 2561.63	Pricing Time = 0
i = 47	Master Time = 1	Lamb = 10604	Total time = 96	Obj = 2555.06	Pricing Time = 1
i = 48	Master Time = 1	Lamb = 10677	Total time = 97	Obj = 2551.36	Pricing Time = 0
i = 49	Master Time = 1	Lamb = 10752	Total time = 99	Obj = 2549.06	Pricing Time = 0
i = 50	Master Time = 1	Lamb = 10803	Total time = 100	Obj = 2547.88	Pricing Time = 0
i = 51	Master Time = 1	Lamb = 10860	Total time = 101	Obj = 2545.49	Pricing Time = 1
i = 52	Master Time = 0	Lamb = 10927	Total time = 102	Obj = 2544.53	Pricing Time = 1
i = 53	Master Time = 1	Lamb = 10981	Total time = 104	Obj = 2541.66	Pricing Time = 0
i = 54	Master Time = 1	Lamb = 11019	Total time = 105	Obj = 2540.39	Pricing Time = 0
i = 55	Master Time = 1	Lamb = 11075	Total time = 106	Obj = 2539.18	Pricing Time = 1
i = 56	Master Time = 1	Lamb = 11133	Total time = 107	Obj = 2538.50	Pricing Time = 0
i = 57	Master Time = 1	Lamb = 11184	Total time = 109	Obj = 2537.51	Pricing Time = 1
i = 58	Master Time = 1	Lamb = 11233	Total time = 111	Obj = 2536.84	Pricing Time = 0
i = 59	Master Time = 1	Lamb = 11278	Total time = 112	Obj = 2536.41	Pricing Time = 13
i = 60	Master Time = 3	Lamb = 11395	Total time = 127	Obj = 2481.74	Pricing Time = 0
i = 61	Master Time = 1	Lamb = 11481	Total time = 129	Obj = 2474.23	Pricing Time = 1
i = 62	Master Time = 0	Lamb = 11556	Total time = 130	Obj = 2468.07	Pricing Time = 1
i = 63	Master Time = 1	Lamb = 11617	Total time = 131	Obj = 2466.48	Pricing Time = 0
i = 64	Master Time = 1	Lamb = 11666	Total time = 133	Obj = 2465.49	Pricing Time = 1
i = 65	Master Time = 1	Lamb = 11704	Total time = 134	Obj = 2464.73	Pricing Time = 0
i = 66	Master Time = 1	Lamb = 11755	Total time = 136	Obj = 2463.94	Pricing Time = 1
i = 67	Master Time = 0	Lamb = 11789	Total time = 137	Obj = 2463.55	Pricing Time = 1
i = 68	Master Time = 1	Lamb = 11834	Total time = 138	Obj = 2463.40	Pricing Time = 0
i = 69	Master Time = 1	Lamb = 11874	Total time = 140	Obj = 2461.14	Pricing Time = 1
i = 70	Master Time = 1	Lamb = 11920	Total time = 141	Obj = 2459.53	Pricing Time = 0
i = 71	Master Time = 1	Lamb = 11957	Total time = 143	Obj = 2458.62	Pricing Time = 8
i = 72	Master Time = 3	Lamb = 12061	Total time = 154	Obj = 2438.73	Pricing Time = 0
i = 73	Master Time = 2	Lamb = 12154	Total time = 156	Obj = 2434.20	Pricing Time = 1
i = 74	Master Time = 1	Lamb = 12228	Total time = 157	Obj = 2434.07	Pricing Time = 0
i = 75	Master Time = 1	Lamb = 12271	Total time = 159	Obj = 2434.02	Pricing Time = 1
i = 76	Master Time = 1	Lamb = 12309	Total time = 160	Obj = 2433.45	Pricing Time = 10
i = 77	Master Time = 1	Lamb = 12414	Total time = 172	Obj = 2425.92	Pricing Time = 6
i = 78	Master Time = 3	Lamb = 12452	Total time = 180	Obj = 2413.76	Pricing Time = 0
i = 79	Master Time = 1	Lamb = 12539	Total time = 182	Obj = 2413.15	Pricing Time = 1
i = 80	Master Time = 1	Lamb = 12594	Total time = 184	Obj = 2412.02	Pricing Time = 0
i = 81	Master Time = 1	Lamb = 12633	Total time = 185	Obj = 2411.66	Pricing Time = 0
i = 82	Master Time = 1	Lamb = 12679	Total time = 186	Obj = 2411.26	Pricing Time = 1
i = 83	Master Time = 1	Lamb = 12724	Total time = 187	Obj = 2411.19	Pricing Time = 7
i = 84	Master Time = 1	Lamb = 12850	Total time = 196	Obj = 2406.82	Pricing Time = 8
i = 85	Master Time = 2	Lamb = 12880	Total time = 206	Obj = 2401.25	Pricing Time = 1
i = 86	Master Time = 1	Lamb = 12923	Total time = 207	Obj = 2401.11	Pricing Time = 0
i = 87	Master Time = 1	Lamb = 12968	Total time = 208	Obj = 2400.85	Pricing Time = 10
i = 88	Master Time = 1	Lamb = 13072	Total time = 220	Obj = 2397.79	Pricing Time = 7
i = 89	Master Time = 0	Lamb = 13105	Total time = 227	Obj = 2392.49	Pricing Time = 6
i = 90	Master Time = 2	Lamb = 13118	Total time = 235	Obj = 2387.09	Pricing Time = 14
i = 91	Master Time = 1	Lamb = 13161	Total time = 249	Obj = 2384.80	Pricing Time = 7
i = 92	Master Time = 1	Lamb = 13191	Total time = 258	Obj = 2382.78	Pricing Time = 6
i = 93	Master Time = 2	Lamb = 13222	Total time = 266	Obj = 2380.29	Pricing Time = 10
i = 94	Master Time = 1	Lamb = 13337	Total time = 277	Obj = 2377.32	Pricing Time = 7
i = 95	Master Time = 1	Lamb = 13363	Total time = 284	Obj = 2376.11	Pricing Time = 6
i = 96	Master Time = 1	Lamb = 13393	Total time = 291	Obj = 2374.73	Pricing Time = 11
i = 97	Master Time = 1	Lamb = 13426	Total time = 304	Obj = 2373.84	Pricing Time = 7
i = 98	Master Time = 1	Lamb = 13451	Total time = 312	Obj = 2372.73	Pricing Time = 6
i = 99	Master Time = 1	Lamb = 13479	Total time = 319	Obj = 2371.35	Pricing Time = 8
i = 100	Master Time = 0	Lamb = 13507	Total time = 327	Obj = 2370.93	Pricing Time = 6
i = 101	Master Time = 1	Lamb = 13512	Total time = 333	Obj = 2370.91	Pricing Time = 7
i = 102	Master Time = 0	Lamb = 13519	Total time = 341	Obj = 2370.91	Pricing Time = 6
i = 103	Master Time = 1	Lamb = 13521	Total time = 347	Obj = 2370.91	Pricing Time = 6
i = 104	Master Time = 1	Lamb = 13523	Total time = 354	Obj = 2370.63	Pricing Time = 6
i = 105	Master Time = 0	Lamb = 13524	Total time = 361	Obj = 2370.63	Pricing Time = 6
i = 106	Master Time = 1	Lamb = 13527	Total time = 367	Obj = 2370.63	Pricing Time = 6
i = 107	Master Time = 0	Lamb = 13530	Total time = 374	Obj = 2370.63	Pricing Time = 6
i = 108	Master Time = 1	Lamb = 13532	Total time = 380	Obj = 2370.53	Pricing Time = 6
i = 109	Master Time = 0	Lamb = 13544	Total time = 387	Obj = 2370.46	Pricing Time = 6
i = 110	Master Time = 1	Lamb = 13557	Total time = 393	Obj = 2370.31	Pricing Time = 6

Optimal of relaxation found.
Fractional X Variables: 3541 (min: 0.001347873993591514 max: 0.9915839613121333)
--------------------------------------
n070w4_0_3-6-5-1
X fix to 1: 341
X fix to 0: 0
Fractional X remaining: 3541 | min(0.001347873993591514, 0.9915839613121333)
--------------------------------------
i = 111	Master Time = 2	Lamb = 13557	Total time = 403	Obj = 2924.47	Pricing Time = 1
i = 112	Master Time = 2	Lamb = 13856	Total time = 406	Obj = 2661.49	Pricing Time = 0
i = 113	Master Time = 3	Lamb = 14166	Total time = 408	Obj = 2611.53	Pricing Time = 0
i = 114	Master Time = 2	Lamb = 14450	Total time = 411	Obj = 2582.57	Pricing Time = 1
i = 115	Master Time = 2	Lamb = 14711	Total time = 414	Obj = 2555.04	Pricing Time = 0
i = 116	Master Time = 3	Lamb = 14954	Total time = 416	Obj = 2533.12	Pricing Time = 0
i = 117	Master Time = 3	Lamb = 15160	Total time = 419	Obj = 2511.78	Pricing Time = 0
i = 118	Master Time = 2	Lamb = 15304	Total time = 422	Obj = 2494.33	Pricing Time = 0
i = 119	Master Time = 3	Lamb = 15449	Total time = 425	Obj = 2461.81	Pricing Time = 0
i = 120	Master Time = 3	Lamb = 15614	Total time = 427	Obj = 2457.07	Pricing Time = 0
i = 121	Master Time = 2	Lamb = 15755	Total time = 430	Obj = 2449.29	Pricing Time = 1
i = 122	Master Time = 2	Lamb = 15872	Total time = 432	Obj = 2443.54	Pricing Time = 0
i = 123	Master Time = 1	Lamb = 15950	Total time = 434	Obj = 2439.90	Pricing Time = 1
i = 124	Master Time = 1	Lamb = 16013	Total time = 436	Obj = 2435.94	Pricing Time = 1
i = 125	Master Time = 1	Lamb = 16078	Total time = 438	Obj = 2433.27	Pricing Time = 1
i = 126	Master Time = 2	Lamb = 16126	Total time = 440	Obj = 2431.06	Pricing Time = 0
i = 127	Master Time = 1	Lamb = 16176	Total time = 442	Obj = 2429.49	Pricing Time = 0
i = 128	Master Time = 1	Lamb = 16217	Total time = 443	Obj = 2427.13	Pricing Time = 1
i = 129	Master Time = 1	Lamb = 16267	Total time = 444	Obj = 2426.74	Pricing Time = 0
i = 130	Master Time = 1	Lamb = 16315	Total time = 446	Obj = 2425.94	Pricing Time = 1
i = 131	Master Time = 0	Lamb = 16352	Total time = 447	Obj = 2425.87	Pricing Time = 10
i = 132	Master Time = 2	Lamb = 16435	Total time = 458	Obj = 2409.14	Pricing Time = 3
i = 133	Master Time = 1	Lamb = 16459	Total time = 462	Obj = 2403.67	Pricing Time = 3
i = 134	Master Time = 1	Lamb = 16477	Total time = 466	Obj = 2399.81	Pricing Time = 3
i = 135	Master Time = 1	Lamb = 16494	Total time = 471	Obj = 2398.04	Pricing Time = 4
i = 136	Master Time = 1	Lamb = 16585	Total time = 475	Obj = 2396.68	Pricing Time = 3
i = 137	Master Time = 1	Lamb = 16602	Total time = 479	Obj = 2394.50	Pricing Time = 4
i = 138	Master Time = 1	Lamb = 16617	Total time = 485	Obj = 2388.81	Pricing Time = 4
i = 139	Master Time = 0	Lamb = 16634	Total time = 489	Obj = 2386.87	Pricing Time = 11
i = 140	Master Time = 0	Lamb = 16653	Total time = 500	Obj = 2385.94	Pricing Time = 8
i = 141	Master Time = 1	Lamb = 16662	Total time = 509	Obj = 2380.27	Pricing Time = 4
i = 142	Master Time = 0	Lamb = 16679	Total time = 513	Obj = 2380.18	Pricing Time = 4
i = 143	Master Time = 1	Lamb = 16693	Total time = 517	Obj = 2380.00	Pricing Time = 4
i = 144	Master Time = 0	Lamb = 16699	Total time = 522	Obj = 2380.00	Pricing Time = 5
i = 145	Master Time = 0	Lamb = 16707	Total time = 526	Obj = 2380.00	Pricing Time = 4
i = 146	Master Time = 0	Lamb = 16713	Total time = 530	Obj = 2380.00	Pricing Time = 4
i = 147	Master Time = 0	Lamb = 16720	Total time = 535	Obj = 2380.00	Pricing Time = 4
i = 148	Master Time = 0	Lamb = 16729	Total time = 539	Obj = 2380.00	Pricing Time = 4
i = 149	Master Time = 1	Lamb = 16740	Total time = 544	Obj = 2380.00	Pricing Time = 4
i = 150	Master Time = 1	Lamb = 16751	Total time = 548	Obj = 2380.00	Pricing Time = 4
i = 151	Master Time = 0	Lamb = 16757	Total time = 553	Obj = 2380.00	Pricing Time = 4
i = 152	Master Time = 0	Lamb = 16763	Total time = 557	Obj = 2380.00	Pricing Time = 4
i = 153	Master Time = 0	Lamb = 16769	Total time = 561	Obj = 2380.00	Pricing Time = 4
i = 154	Master Time = 0	Lamb = 16781	Total time = 565	Obj = 2380.00	Pricing Time = 4
i = 155	Master Time = 1	Lamb = 16788	Total time = 570	Obj = 2380.00	Pricing Time = 4
i = 156	Master Time = 0	Lamb = 16792	Total time = 575	Obj = 2380.00	Pricing Time = 5
i = 157	Master Time = 0	Lamb = 16796	Total time = 579	Obj = 2380.00	Pricing Time = 3
i = 158	Master Time = 1	Lamb = 16798	Total time = 583	Obj = 2380.00	Pricing Time = 4
i = 159	Master Time = 0	Lamb = 16800	Total time = 588	Obj = 2380.00	Pricing Time = 5
i = 160	Master Time = 0	Lamb = 16806	Total time = 593	Obj = 2380.00	Pricing Time = 5
i = 161	Master Time = 0	Lamb = 16812	Total time = 597	Obj = 2380.00	Pricing Time = 4
i = 162	Master Time = 0	Lamb = 16816	Total time = 602	Obj = 2380.00	Pricing Time = 4
i = 163	Master Time = 1	Lamb = 16821	Total time = 607	Obj = 2380.00	Pricing Time = 4
i = 164	Master Time = 0	Lamb = 16828	Total time = 611	Obj = 2380.00	Pricing Time = 5
i = 165	Master Time = 0	Lamb = 16833	Total time = 616	Obj = 2380.00	Pricing Time = 5
i = 166	Master Time = 0	Lamb = 16842	Total time = 621	Obj = 2380.00	Pricing Time = 5
i = 167	Master Time = 0	Lamb = 16848	Total time = 626	Obj = 2380.00	Pricing Time = 4
i = 168	Master Time = 1	Lamb = 16855	Total time = 630	Obj = 2380.00	Pricing Time = 4
i = 169	Master Time = 0	Lamb = 16862	Total time = 635	Obj = 2380.00	Pricing Time = 5
i = 170	Master Time = 0	Lamb = 16864	Total time = 640	Obj = 2380.00	Pricing Time = 5
i = 171	Master Time = 0	Lamb = 16866	Total time = 645	Obj = 2380.00	Pricing Time = 4
i = 172	Master Time = 1	Lamb = 16869	Total time = 649	Obj = 2380.00	Pricing Time = 4
i = 173	Master Time = 0	Lamb = 16871	Total time = 654	Obj = 2380.00	Pricing Time = 5
--------------------------------------
n070w4_0_3-6-5-1
X fix to 1: 532
X fix to 0: 0
Fractional X remaining: 2318 | min(1.6063005237201833E-4, 0.9982201067708708)
--------------------------------------
i = 174	Master Time = 3	Lamb = 16871	Total time = 662	Obj = 2623.09	Pricing Time = 0
i = 175	Master Time = 3	Lamb = 17109	Total time = 664	Obj = 2552.69	Pricing Time = 0
i = 176	Master Time = 3	Lamb = 17345	Total time = 667	Obj = 2533.42	Pricing Time = 0
i = 177	Master Time = 2	Lamb = 17570	Total time = 670	Obj = 2524.97	Pricing Time = 0
i = 178	Master Time = 3	Lamb = 17752	Total time = 672	Obj = 2512.19	Pricing Time = 0
i = 179	Master Time = 2	Lamb = 17964	Total time = 675	Obj = 2503.10	Pricing Time = 1
i = 180	Master Time = 2	Lamb = 18142	Total time = 678	Obj = 2492.83	Pricing Time = 0
i = 181	Master Time = 3	Lamb = 18273	Total time = 681	Obj = 2450.07	Pricing Time = 0
i = 182	Master Time = 3	Lamb = 18444	Total time = 684	Obj = 2442.89	Pricing Time = 0
i = 183	Master Time = 3	Lamb = 18617	Total time = 686	Obj = 2436.52	Pricing Time = 0
i = 184	Master Time = 2	Lamb = 18734	Total time = 689	Obj = 2429.51	Pricing Time = 0
i = 185	Master Time = 1	Lamb = 18835	Total time = 690	Obj = 2426.34	Pricing Time = 0
i = 186	Master Time = 2	Lamb = 18894	Total time = 691	Obj = 2422.53	Pricing Time = 0
i = 187	Master Time = 1	Lamb = 18953	Total time = 693	Obj = 2418.79	Pricing Time = 0
i = 188	Master Time = 2	Lamb = 19006	Total time = 695	Obj = 2402.51	Pricing Time = 0
i = 189	Master Time = 1	Lamb = 19065	Total time = 697	Obj = 2399.69	Pricing Time = 1
i = 190	Master Time = 1	Lamb = 19113	Total time = 699	Obj = 2397.17	Pricing Time = 2
i = 191	Master Time = 3	Lamb = 19186	Total time = 704	Obj = 2386.08	Pricing Time = 0
i = 192	Master Time = 3	Lamb = 19314	Total time = 707	Obj = 2385.00	Pricing Time = 0
i = 193	Master Time = 3	Lamb = 19404	Total time = 710	Obj = 2385.00	Pricing Time = 0
i = 194	Master Time = 3	Lamb = 19551	Total time = 713	Obj = 2385.00	Pricing Time = 3
i = 195	Master Time = 3	Lamb = 19641	Total time = 719	Obj = 2384.21	Pricing Time = 0
i = 196	Master Time = 4	Lamb = 19748	Total time = 723	Obj = 2383.58	Pricing Time = 0
i = 197	Master Time = 3	Lamb = 19841	Total time = 726	Obj = 2382.65	Pricing Time = 0
i = 198	Master Time = 3	Lamb = 19923	Total time = 729	Obj = 2382.50	Pricing Time = 3
i = 199	Master Time = 3	Lamb = 19996	Total time = 734	Obj = 2382.50	Pricing Time = 4
i = 200	Master Time = 2	Lamb = 20063	Total time = 741	Obj = 2382.50	Pricing Time = 3
i = 201	Master Time = 3	Lamb = 20129	Total time = 747	Obj = 2382.40	Pricing Time = 0
i = 202	Master Time = 3	Lamb = 20201	Total time = 750	Obj = 2382.37	Pricing Time = 0
i = 203	Master Time = 3	Lamb = 20298	Total time = 753	Obj = 2382.31	Pricing Time = 5
i = 204	Master Time = 2	Lamb = 20358	Total time = 760	Obj = 2381.72	Pricing Time = 1
i = 205	Master Time = 0	Lamb = 20416	Total time = 761	Obj = 2381.67	Pricing Time = 4
i = 206	Master Time = 0	Lamb = 20449	Total time = 765	Obj = 2381.67	Pricing Time = 3
i = 207	Master Time = 2	Lamb = 20465	Total time = 769	Obj = 2381.47	Pricing Time = 0
i = 208	Master Time = 1	Lamb = 20508	Total time = 771	Obj = 2381.35	Pricing Time = 3
i = 209	Master Time = 0	Lamb = 20560	Total time = 774	Obj = 2381.25	Pricing Time = 4
i = 210	Master Time = 1	Lamb = 20568	Total time = 779	Obj = 2381.00	Pricing Time = 3
i = 211	Master Time = 1	Lamb = 20577	Total time = 783	Obj = 2380.71	Pricing Time = 6
i = 212	Master Time = 1	Lamb = 20588	Total time = 790	Obj = 2380.53	Pricing Time = 7
i = 213	Master Time = 2	Lamb = 20593	Total time = 798	Obj = 2380.00	Pricing Time = 5
i = 214	Master Time = 1	Lamb = 20654	Total time = 804	Obj = 2380.00	Pricing Time = 14
i = 215	Master Time = 0	Lamb = 20663	Total time = 819	Obj = 2380.00	Pricing Time = 7
i = 216	Master Time = 0	Lamb = 20666	Total time = 826	Obj = 2380.00	Pricing Time = 6
i = 217	Master Time = 0	Lamb = 20671	Total time = 832	Obj = 2380.00	Pricing Time = 6
i = 218	Master Time = 0	Lamb = 20674	Total time = 838	Obj = 2380.00	Pricing Time = 9
--------------------------------------
n070w4_0_3-6-5-1
X fix to 1: 631
X fix to 0: 0
Fractional X remaining: 1452 | min(0.0013086563624772462, 0.9807110524882499)
--------------------------------------
i = 219	Master Time = 2	Lamb = 20674	Total time = 848	Obj = 2712.11	Pricing Time = 0
i = 220	Master Time = 3	Lamb = 20921	Total time = 851	Obj = 2646.48	Pricing Time = 0
i = 221	Master Time = 1	Lamb = 21136	Total time = 853	Obj = 2627.67	Pricing Time = 0
i = 222	Master Time = 2	Lamb = 21307	Total time = 854	Obj = 2586.16	Pricing Time = 0
i = 223	Master Time = 2	Lamb = 21430	Total time = 856	Obj = 2538.28	Pricing Time = 0
i = 224	Master Time = 3	Lamb = 21516	Total time = 859	Obj = 2455.87	Pricing Time = 0
i = 225	Master Time = 3	Lamb = 21691	Total time = 862	Obj = 2431.94	Pricing Time = 0
i = 226	Master Time = 2	Lamb = 21854	Total time = 865	Obj = 2427.87	Pricing Time = 0
i = 227	Master Time = 3	Lamb = 22015	Total time = 867	Obj = 2415.00	Pricing Time = 0
i = 228	Master Time = 2	Lamb = 22114	Total time = 870	Obj = 2407.35	Pricing Time = 0
i = 229	Master Time = 2	Lamb = 22183	Total time = 872	Obj = 2402.89	Pricing Time = 0
i = 230	Master Time = 2	Lamb = 22234	Total time = 874	Obj = 2397.41	Pricing Time = 1
i = 231	Master Time = 1	Lamb = 22282	Total time = 876	Obj = 2393.81	Pricing Time = 2
i = 232	Master Time = 3	Lamb = 22341	Total time = 881	Obj = 2390.56	Pricing Time = 0
i = 233	Master Time = 3	Lamb = 22476	Total time = 884	Obj = 2388.69	Pricing Time = 0
i = 234	Master Time = 3	Lamb = 22586	Total time = 886	Obj = 2388.11	Pricing Time = 2
i = 235	Master Time = 2	Lamb = 22667	Total time = 891	Obj = 2385.67	Pricing Time = 1
i = 236	Master Time = 2	Lamb = 22745	Total time = 894	Obj = 2385.62	Pricing Time = 0
i = 237	Master Time = 3	Lamb = 22882	Total time = 897	Obj = 2385.61	Pricing Time = 3
i = 238	Master Time = 3	Lamb = 22999	Total time = 902	Obj = 2383.37	Pricing Time = 0
i = 239	Master Time = 3	Lamb = 23081	Total time = 905	Obj = 2383.12	Pricing Time = 0
i = 240	Master Time = 3	Lamb = 23145	Total time = 908	Obj = 2382.44	Pricing Time = 2
i = 241	Master Time = 2	Lamb = 23226	Total time = 913	Obj = 2380.52	Pricing Time = 1
i = 242	Master Time = 2	Lamb = 23295	Total time = 916	Obj = 2380.48	Pricing Time = 3
i = 243	Master Time = 3	Lamb = 23381	Total time = 922	Obj = 2380.00	Pricing Time = 3
i = 244	Master Time = 2	Lamb = 23454	Total time = 927	Obj = 2380.00	Pricing Time = 3
i = 245	Master Time = 2	Lamb = 23498	Total time = 932	Obj = 2380.00	Pricing Time = 4
i = 246	Master Time = 2	Lamb = 23539	Total time = 938	Obj = 2380.00	Pricing Time = 4
i = 247	Master Time = 3	Lamb = 23581	Total time = 944	Obj = 2380.00	Pricing Time = 2
i = 248	Master Time = 3	Lamb = 23613	Total time = 949	Obj = 2380.00	Pricing Time = 5
i = 249	Master Time = 2	Lamb = 23659	Total time = 957	Obj = 2380.00	Pricing Time = 3
i = 250	Master Time = 2	Lamb = 23679	Total time = 962	Obj = 2380.00	Pricing Time = 4
i = 251	Master Time = 3	Lamb = 23690	Total time = 968	Obj = 2380.00	Pricing Time = 2
i = 252	Master Time = 3	Lamb = 23703	Total time = 974	Obj = 2380.00	Pricing Time = 3
i = 253	Master Time = 0	Lamb = 23722	Total time = 977	Obj = 2380.00	Pricing Time = 3
i = 254	Master Time = 1	Lamb = 23731	Total time = 980	Obj = 2380.00	Pricing Time = 4
i = 255	Master Time = 0	Lamb = 23737	Total time = 985	Obj = 2380.00	Pricing Time = 5
i = 256	Master Time = 0	Lamb = 23738	Total time = 990	Obj = 2380.00	Pricing Time = 3
--------------------------------------
n070w4_0_3-6-5-1
X fix to 1: 714
X fix to 0: 0
Fractional X remaining: 949 | min(0.003982208262132025, 0.996017791737868)
--------------------------------------
i = 257	Master Time = 3	Lamb = 23738	Total time = 996	Obj = 2490.40	Pricing Time = 0
i = 258	Master Time = 2	Lamb = 23933	Total time = 998	Obj = 2448.77	Pricing Time = 0
i = 259	Master Time = 1	Lamb = 24077	Total time = 999	Obj = 2433.15	Pricing Time = 0
i = 260	Master Time = 1	Lamb = 24185	Total time = 1000	Obj = 2422.74	Pricing Time = 0
i = 261	Master Time = 1	Lamb = 24269	Total time = 1001	Obj = 2418.30	Pricing Time = 0
i = 262	Master Time = 1	Lamb = 24331	Total time = 1002	Obj = 2412.40	Pricing Time = 2
i = 263	Master Time = 1	Lamb = 24402	Total time = 1005	Obj = 2399.69	Pricing Time = 0
i = 264	Master Time = 1	Lamb = 24447	Total time = 1006	Obj = 2395.45	Pricing Time = 2
i = 265	Master Time = 2	Lamb = 24503	Total time = 1009	Obj = 2389.71	Pricing Time = 2
i = 266	Master Time = 0	Lamb = 24551	Total time = 1012	Obj = 2386.62	Pricing Time = 3
i = 267	Master Time = 1	Lamb = 24587	Total time = 1016	Obj = 2384.57	Pricing Time = 2
i = 268	Master Time = 2	Lamb = 24629	Total time = 1019	Obj = 2383.03	Pricing Time = 2
i = 269	Master Time = 1	Lamb = 24659	Total time = 1023	Obj = 2380.98	Pricing Time = 3
i = 270	Master Time = 1	Lamb = 24694	Total time = 1027	Obj = 2380.00	Pricing Time = 3
i = 271	Master Time = 0	Lamb = 24706	Total time = 1030	Obj = 2380.00	Pricing Time = 3
i = 272	Master Time = 0	Lamb = 24709	Total time = 1033	Obj = 2380.00	Pricing Time = 3
i = 273	Master Time = 0	Lamb = 24711	Total time = 1036	Obj = 2380.00	Pricing Time = 3
i = 274	Master Time = 1	Lamb = 24714	Total time = 1039	Obj = 2380.00	Pricing Time = 3
--------------------------------------
n070w4_0_3-6-5-1
X fix to 1: 784
X fix to 0: 0
Fractional X remaining: 656 | min(0.007324604434671866, 0.9536479476812175)
--------------------------------------
i = 275	Master Time = 2	Lamb = 24714	Total time = 1045	Obj = 2587.96	Pricing Time = 0
i = 276	Master Time = 3	Lamb = 24925	Total time = 1048	Obj = 2533.57	Pricing Time = 0
i = 277	Master Time = 2	Lamb = 25105	Total time = 1050	Obj = 2528.59	Pricing Time = 0
i = 278	Master Time = 3	Lamb = 25240	Total time = 1052	Obj = 2522.84	Pricing Time = 0
i = 279	Master Time = 1	Lamb = 25375	Total time = 1054	Obj = 2495.13	Pricing Time = 0
i = 280	Master Time = 1	Lamb = 25494	Total time = 1055	Obj = 2462.06	Pricing Time = 0
i = 281	Master Time = 2	Lamb = 25574	Total time = 1056	Obj = 2432.84	Pricing Time = 1
i = 282	Master Time = 2	Lamb = 25642	Total time = 1059	Obj = 2417.85	Pricing Time = 1
i = 283	Master Time = 1	Lamb = 25695	Total time = 1062	Obj = 2407.26	Pricing Time = 1
i = 284	Master Time = 1	Lamb = 25728	Total time = 1065	Obj = 2400.29	Pricing Time = 2
i = 285	Master Time = 1	Lamb = 25774	Total time = 1067	Obj = 2396.57	Pricing Time = 2
i = 286	Master Time = 1	Lamb = 25812	Total time = 1070	Obj = 2395.06	Pricing Time = 2
i = 287	Master Time = 1	Lamb = 25845	Total time = 1074	Obj = 2392.44	Pricing Time = 2
i = 288	Master Time = 2	Lamb = 25862	Total time = 1077	Obj = 2390.96	Pricing Time = 2
i = 289	Master Time = 0	Lamb = 25885	Total time = 1080	Obj = 2390.00	Pricing Time = 3
i = 290	Master Time = 2	Lamb = 25893	Total time = 1084	Obj = 2387.00	Pricing Time = 2
i = 291	Master Time = 1	Lamb = 25913	Total time = 1088	Obj = 2385.99	Pricing Time = 2
i = 292	Master Time = 1	Lamb = 25934	Total time = 1091	Obj = 2384.65	Pricing Time = 3
i = 293	Master Time = 1	Lamb = 25955	Total time = 1094	Obj = 2383.57	Pricing Time = 3
i = 294	Master Time = 1	Lamb = 25977	Total time = 1098	Obj = 2383.35	Pricing Time = 2
i = 295	Master Time = 1	Lamb = 25994	Total time = 1102	Obj = 2382.50	Pricing Time = 3
i = 296	Master Time = 2	Lamb = 26010	Total time = 1107	Obj = 2381.28	Pricing Time = 3
i = 297	Master Time = 1	Lamb = 26035	Total time = 1111	Obj = 2380.47	Pricing Time = 2
i = 298	Master Time = 2	Lamb = 26056	Total time = 1115	Obj = 2380.27	Pricing Time = 3
i = 299	Master Time = 1	Lamb = 26075	Total time = 1118	Obj = 2380.00	Pricing Time = 2
i = 300	Master Time = 1	Lamb = 26094	Total time = 1121	Obj = 2380.00	Pricing Time = 2
i = 301	Master Time = 1	Lamb = 26101	Total time = 1124	Obj = 2380.00	Pricing Time = 2
i = 302	Master Time = 1	Lamb = 26105	Total time = 1127	Obj = 2380.00	Pricing Time = 2
i = 303	Master Time = 1	Lamb = 26106	Total time = 1130	Obj = 2380.00	Pricing Time = 2
i = 304	Master Time = 1	Lamb = 26107	Total time = 1134	Obj = 2380.00	Pricing Time = 3
--------------------------------------
n070w4_0_3-6-5-1
X fix to 1: 831
X fix to 0: 0
Fractional X remaining: 329 | min(0.0025125628140733047, 0.9522613065326632)
--------------------------------------
i = 305	Master Time = 2	Lamb = 26107	Total time = 1139	Obj = 2605.00	Pricing Time = 0
i = 306	Master Time = 2	Lamb = 26286	Total time = 1141	Obj = 2515.00	Pricing Time = 1
i = 307	Master Time = 1	Lamb = 26416	Total time = 1143	Obj = 2504.44	Pricing Time = 1
i = 308	Master Time = 2	Lamb = 26557	Total time = 1145	Obj = 2465.00	Pricing Time = 0
i = 309	Master Time = 2	Lamb = 26666	Total time = 1148	Obj = 2434.00	Pricing Time = 0
i = 310	Master Time = 3	Lamb = 26779	Total time = 1150	Obj = 2412.50	Pricing Time = 0
i = 311	Master Time = 2	Lamb = 26885	Total time = 1153	Obj = 2412.50	Pricing Time = 0
i = 312	Master Time = 3	Lamb = 26974	Total time = 1155	Obj = 2412.50	Pricing Time = 2
i = 313	Master Time = 2	Lamb = 27036	Total time = 1159	Obj = 2412.50	Pricing Time = 1
i = 314	Master Time = 2	Lamb = 27108	Total time = 1163	Obj = 2412.50	Pricing Time = 0
i = 315	Master Time = 2	Lamb = 27179	Total time = 1165	Obj = 2401.25	Pricing Time = 0
i = 316	Master Time = 2	Lamb = 27274	Total time = 1167	Obj = 2397.50	Pricing Time = 2
i = 317	Master Time = 2	Lamb = 27325	Total time = 1171	Obj = 2397.50	Pricing Time = 1
i = 318	Master Time = 2	Lamb = 27400	Total time = 1173	Obj = 2396.96	Pricing Time = 0
i = 319	Master Time = 2	Lamb = 27524	Total time = 1175	Obj = 2395.36	Pricing Time = 0
i = 320	Master Time = 2	Lamb = 27597	Total time = 1178	Obj = 2393.71	Pricing Time = 0
i = 321	Master Time = 2	Lamb = 27673	Total time = 1180	Obj = 2392.50	Pricing Time = 0
i = 322	Master Time = 2	Lamb = 27730	Total time = 1182	Obj = 2391.75	Pricing Time = 1
i = 323	Master Time = 2	Lamb = 27811	Total time = 1185	Obj = 2391.75	Pricing Time = 3
i = 324	Master Time = 2	Lamb = 27861	Total time = 1190	Obj = 2385.00	Pricing Time = 2
i = 325	Master Time = 2	Lamb = 27921	Total time = 1194	Obj = 2385.00	Pricing Time = 0
i = 326	Master Time = 2	Lamb = 27974	Total time = 1196	Obj = 2385.00	Pricing Time = 2
i = 327	Master Time = 2	Lamb = 28019	Total time = 1200	Obj = 2385.00	Pricing Time = 3
i = 328	Master Time = 1	Lamb = 28030	Total time = 1204	Obj = 2385.00	Pricing Time = 2
i = 329	Master Time = 2	Lamb = 28054	Total time = 1208	Obj = 2385.00	Pricing Time = 2
i = 330	Master Time = 2	Lamb = 28077	Total time = 1211	Obj = 2385.00	Pricing Time = 1
i = 331	Master Time = 2	Lamb = 28094	Total time = 1215	Obj = 2385.00	Pricing Time = 3
i = 332	Master Time = 1	Lamb = 28119	Total time = 1219	Obj = 2380.00	Pricing Time = 3
i = 333	Master Time = 2	Lamb = 28143	Total time = 1224	Obj = 2380.00	Pricing Time = 2
i = 334	Master Time = 3	Lamb = 28194	Total time = 1228	Obj = 2380.00	Pricing Time = 2
i = 335	Master Time = 2	Lamb = 28236	Total time = 1232	Obj = 2380.00	Pricing Time = 2
i = 336	Master Time = 2	Lamb = 28264	Total time = 1237	Obj = 2380.00	Pricing Time = 2
i = 337	Master Time = 2	Lamb = 28292	Total time = 1241	Obj = 2380.00	Pricing Time = 2
i = 338	Master Time = 2	Lamb = 28318	Total time = 1245	Obj = 2380.00	Pricing Time = 3
i = 339	Master Time = 2	Lamb = 28345	Total time = 1249	Obj = 2380.00	Pricing Time = 2
i = 340	Master Time = 1	Lamb = 28381	Total time = 1253	Obj = 2380.00	Pricing Time = 3
i = 341	Master Time = 2	Lamb = 28417	Total time = 1258	Obj = 2380.00	Pricing Time = 2
i = 342	Master Time = 3	Lamb = 28449	Total time = 1262	Obj = 2380.00	Pricing Time = 2
i = 343	Master Time = 2	Lamb = 28477	Total time = 1266	Obj = 2380.00	Pricing Time = 2
i = 344	Master Time = 1	Lamb = 28496	Total time = 1270	Obj = 2380.00	Pricing Time = 3
i = 345	Master Time = 1	Lamb = 28504	Total time = 1273	Obj = 2380.00	Pricing Time = 2
i = 346	Master Time = 2	Lamb = 28514	Total time = 1278	Obj = 2380.00	Pricing Time = 2
i = 347	Master Time = 2	Lamb = 28524	Total time = 1281	Obj = 2380.00	Pricing Time = 3
i = 348	Master Time = 2	Lamb = 28531	Total time = 1286	Obj = 2380.00	Pricing Time = 2
i = 349	Master Time = 1	Lamb = 28539	Total time = 1290	Obj = 2380.00	Pricing Time = 3
i = 350	Master Time = 2	Lamb = 28552	Total time = 1295	Obj = 2380.00	Pricing Time = 2
i = 351	Master Time = 2	Lamb = 28573	Total time = 1299	Obj = 2380.00	Pricing Time = 2
i = 352	Master Time = 2	Lamb = 28595	Total time = 1303	Obj = 2380.00	Pricing Time = 2
i = 353	Master Time = 3	Lamb = 28612	Total time = 1307	Obj = 2380.00	Pricing Time = 2
i = 354	Master Time = 2	Lamb = 28627	Total time = 1312	Obj = 2380.00	Pricing Time = 2
i = 355	Master Time = 2	Lamb = 28639	Total time = 1316	Obj = 2380.00	Pricing Time = 3
i = 356	Master Time = 2	Lamb = 28652	Total time = 1321	Obj = 2380.00	Pricing Time = 2
i = 357	Master Time = 2	Lamb = 28664	Total time = 1324	Obj = 2380.00	Pricing Time = 3
i = 358	Master Time = 2	Lamb = 28686	Total time = 1329	Obj = 2380.00	Pricing Time = 2
i = 359	Master Time = 2	Lamb = 28706	Total time = 1334	Obj = 2380.00	Pricing Time = 3
i = 360	Master Time = 2	Lamb = 28722	Total time = 1339	Obj = 2380.00	Pricing Time = 2
i = 361	Master Time = 3	Lamb = 28736	Total time = 1343	Obj = 2380.00	Pricing Time = 2
i = 362	Master Time = 1	Lamb = 28748	Total time = 1346	Obj = 2380.00	Pricing Time = 1
i = 363	Master Time = 1	Lamb = 28757	Total time = 1349	Obj = 2380.00	Pricing Time = 2
i = 364	Master Time = 2	Lamb = 28765	Total time = 1352	Obj = 2380.00	Pricing Time = 2
i = 365	Master Time = 2	Lamb = 28771	Total time = 1356	Obj = 2380.00	Pricing Time = 2
i = 366	Master Time = 2	Lamb = 28776	Total time = 1361	Obj = 2380.00	Pricing Time = 2
i = 367	Master Time = 2	Lamb = 28782	Total time = 1365	Obj = 2380.00	Pricing Time = 2
i = 368	Master Time = 2	Lamb = 28788	Total time = 1369	Obj = 2380.00	Pricing Time = 3
i = 369	Master Time = 2	Lamb = 28797	Total time = 1373	Obj = 2380.00	Pricing Time = 2
i = 370	Master Time = 1	Lamb = 28799	Total time = 1377	Obj = 2380.00	Pricing Time = 3
i = 371	Master Time = 1	Lamb = 28802	Total time = 1380	Obj = 2380.00	Pricing Time = 2
i = 372	Master Time = 1	Lamb = 28804	Total time = 1384	Obj = 2380.00	Pricing Time = 3
i = 373	Master Time = 1	Lamb = 28810	Total time = 1388	Obj = 2380.00	Pricing Time = 2
i = 374	Master Time = 1	Lamb = 28812	Total time = 1391	Obj = 2380.00	Pricing Time = 3
i = 375	Master Time = 1	Lamb = 28816	Total time = 1395	Obj = 2380.00	Pricing Time = 3
i = 376	Master Time = 1	Lamb = 28817	Total time = 1399	Obj = 2380.00	Pricing Time = 2
i = 377	Master Time = 1	Lamb = 28820	Total time = 1402	Obj = 2380.00	Pricing Time = 2
i = 378	Master Time = 2	Lamb = 28823	Total time = 1406	Obj = 2380.00	Pricing Time = 2
i = 379	Master Time = 1	Lamb = 28830	Total time = 1410	Obj = 2380.00	Pricing Time = 3
i = 380	Master Time = 2	Lamb = 28835	Total time = 1414	Obj = 2380.00	Pricing Time = 2
i = 381	Master Time = 2	Lamb = 28843	Total time = 1418	Obj = 2380.00	Pricing Time = 2
i = 382	Master Time = 2	Lamb = 28855	Total time = 1422	Obj = 2380.00	Pricing Time = 2
i = 383	Master Time = 2	Lamb = 28875	Total time = 1426	Obj = 2380.00	Pricing Time = 2
i = 384	Master Time = 2	Lamb = 28924	Total time = 1431	Obj = 2380.00	Pricing Time = 3
i = 385	Master Time = 1	Lamb = 28935	Total time = 1435	Obj = 2380.00	Pricing Time = 2
i = 386	Master Time = 3	Lamb = 28943	Total time = 1439	Obj = 2380.00	Pricing Time = 3
i = 387	Master Time = 2	Lamb = 28954	Total time = 1445	Obj = 2380.00	Pricing Time = 2
i = 388	Master Time = 1	Lamb = 28964	Total time = 1448	Obj = 2380.00	Pricing Time = 2
i = 389	Master Time = 2	Lamb = 28977	Total time = 1451	Obj = 2380.00	Pricing Time = 2
i = 390	Master Time = 1	Lamb = 28995	Total time = 1455	Obj = 2380.00	Pricing Time = 2
i = 391	Master Time = 1	Lamb = 29010	Total time = 1458	Obj = 2380.00	Pricing Time = 3
i = 392	Master Time = 2	Lamb = 29024	Total time = 1462	Obj = 2380.00	Pricing Time = 2
i = 393	Master Time = 1	Lamb = 29033	Total time = 1465	Obj = 2380.00	Pricing Time = 2
i = 394	Master Time = 1	Lamb = 29043	Total time = 1469	Obj = 2380.00	Pricing Time = 2
i = 395	Master Time = 1	Lamb = 29051	Total time = 1472	Obj = 2380.00	Pricing Time = 3
i = 396	Master Time = 0	Lamb = 29056	Total time = 1475	Obj = 2380.00	Pricing Time = 3
i = 397	Master Time = 0	Lamb = 29058	Total time = 1478	Obj = 2380.00	Pricing Time = 3
i = 398	Master Time = 1	Lamb = 29059	Total time = 1481	Obj = 2380.00	Pricing Time = 2
i = 399	Master Time = 1	Lamb = 29060	Total time = 1484	Obj = 2380.00	Pricing Time = 2
i = 400	Master Time = 0	Lamb = 29062	Total time = 1487	Obj = 2380.00	Pricing Time = 3
i = 401	Master Time = 0	Lamb = 29063	Total time = 1490	Obj = 2380.00	Pricing Time = 3
--------------------------------------
n070w4_0_3-6-5-1
X fix to 1: 852
X fix to 0: 0
Fractional X remaining: 341 | min(0.012500000000002065, 0.95)
--------------------------------------
i = 402	Master Time = 1	Lamb = 29063	Total time = 1493	Obj = 2380.00	Pricing Time = 2
i = 403	Master Time = 2	Lamb = 29074	Total time = 1497	Obj = 2380.00	Pricing Time = 2
i = 404	Master Time = 1	Lamb = 29081	Total time = 1500	Obj = 2380.00	Pricing Time = 2
i = 405	Master Time = 2	Lamb = 29094	Total time = 1504	Obj = 2380.00	Pricing Time = 2
i = 406	Master Time = 2	Lamb = 29111	Total time = 1509	Obj = 2380.00	Pricing Time = 2
i = 407	Master Time = 2	Lamb = 29183	Total time = 1513	Obj = 2380.00	Pricing Time = 2
i = 408	Master Time = 2	Lamb = 29236	Total time = 1517	Obj = 2380.00	Pricing Time = 3
i = 409	Master Time = 2	Lamb = 29282	Total time = 1521	Obj = 2380.00	Pricing Time = 2
i = 410	Master Time = 2	Lamb = 29355	Total time = 1525	Obj = 2380.00	Pricing Time = 2
i = 411	Master Time = 1	Lamb = 29388	Total time = 1529	Obj = 2380.00	Pricing Time = 2
i = 412	Master Time = 2	Lamb = 29405	Total time = 1533	Obj = 2380.00	Pricing Time = 2
i = 413	Master Time = 3	Lamb = 29464	Total time = 1537	Obj = 2380.00	Pricing Time = 2
i = 414	Master Time = 2	Lamb = 29522	Total time = 1542	Obj = 2380.00	Pricing Time = 2
i = 415	Master Time = 2	Lamb = 29556	Total time = 1546	Obj = 2380.00	Pricing Time = 2
i = 416	Master Time = 2	Lamb = 29590	Total time = 1550	Obj = 2380.00	Pricing Time = 3
i = 417	Master Time = 2	Lamb = 29624	Total time = 1554	Obj = 2380.00	Pricing Time = 1
i = 418	Master Time = 2	Lamb = 29654	Total time = 1557	Obj = 2380.00	Pricing Time = 2
i = 419	Master Time = 2	Lamb = 29685	Total time = 1562	Obj = 2380.00	Pricing Time = 3
i = 420	Master Time = 2	Lamb = 29701	Total time = 1566	Obj = 2380.00	Pricing Time = 2
i = 421	Master Time = 2	Lamb = 29725	Total time = 1570	Obj = 2380.00	Pricing Time = 2
i = 422	Master Time = 2	Lamb = 29745	Total time = 1574	Obj = 2380.00	Pricing Time = 2
i = 423	Master Time = 2	Lamb = 29759	Total time = 1579	Obj = 2380.00	Pricing Time = 2
i = 424	Master Time = 1	Lamb = 29779	Total time = 1582	Obj = 2380.00	Pricing Time = 3
i = 425	Master Time = 3	Lamb = 29801	Total time = 1587	Obj = 2380.00	Pricing Time = 2
i = 426	Master Time = 1	Lamb = 29815	Total time = 1591	Obj = 2380.00	Pricing Time = 3
i = 427	Master Time = 2	Lamb = 29829	Total time = 1595	Obj = 2380.00	Pricing Time = 2
i = 428	Master Time = 2	Lamb = 29853	Total time = 1600	Obj = 2380.00	Pricing Time = 2
i = 429	Master Time = 2	Lamb = 29880	Total time = 1604	Obj = 2380.00	Pricing Time = 2
i = 430	Master Time = 2	Lamb = 29915	Total time = 1607	Obj = 2380.00	Pricing Time = 2
i = 431	Master Time = 2	Lamb = 29936	Total time = 1612	Obj = 2380.00	Pricing Time = 3
i = 432	Master Time = 2	Lamb = 29955	Total time = 1617	Obj = 2380.00	Pricing Time = 2
i = 433	Master Time = 2	Lamb = 29985	Total time = 1621	Obj = 2380.00	Pricing Time = 2
i = 434	Master Time = 2	Lamb = 30019	Total time = 1625	Obj = 2380.00	Pricing Time = 3
i = 435	Master Time = 1	Lamb = 30041	Total time = 1629	Obj = 2380.00	Pricing Time = 3
i = 436	Master Time = 2	Lamb = 30062	Total time = 1633	Obj = 2380.00	Pricing Time = 2
i = 437	Master Time = 2	Lamb = 30098	Total time = 1638	Obj = 2380.00	Pricing Time = 2
i = 438	Master Time = 1	Lamb = 30107	Total time = 1641	Obj = 2380.00	Pricing Time = 3
i = 439	Master Time = 1	Lamb = 30121	Total time = 1645	Obj = 2380.00	Pricing Time = 2
i = 440	Master Time = 1	Lamb = 30130	Total time = 1648	Obj = 2380.00	Pricing Time = 3
i = 441	Master Time = 2	Lamb = 30137	Total time = 1652	Obj = 2380.00	Pricing Time = 2
--------------------------------------
n070w4_0_3-6-5-1
X fix to 1: 886
X fix to 0: 0
Fractional X remaining: 238 | min(0.24999999999999978, 0.7500000000000002)
--------------------------------------
i = 442	Master Time = 0	Lamb = 30137	Total time = 1655	Obj = 2395.00	Pricing Time = 3
i = 443	Master Time = 1	Lamb = 30152	Total time = 1659	Obj = 2395.00	Pricing Time = 2
i = 444	Master Time = 1	Lamb = 30167	Total time = 1661	Obj = 2395.00	Pricing Time = 2
i = 445	Master Time = 1	Lamb = 30186	Total time = 1664	Obj = 2395.00	Pricing Time = 2
i = 446	Master Time = 1	Lamb = 30201	Total time = 1667	Obj = 2395.00	Pricing Time = 2
i = 447	Master Time = 1	Lamb = 30218	Total time = 1671	Obj = 2395.00	Pricing Time = 2
i = 448	Master Time = 0	Lamb = 30228	Total time = 1673	Obj = 2395.00	Pricing Time = 2
i = 449	Master Time = 1	Lamb = 30242	Total time = 1675	Obj = 2380.00	Pricing Time = 2
i = 450	Master Time = 1	Lamb = 30252	Total time = 1678	Obj = 2380.00	Pricing Time = 1
i = 451	Master Time = 1	Lamb = 30263	Total time = 1681	Obj = 2380.00	Pricing Time = 3
i = 452	Master Time = 0	Lamb = 30278	Total time = 1684	Obj = 2380.00	Pricing Time = 3
i = 453	Master Time = 0	Lamb = 30293	Total time = 1687	Obj = 2380.00	Pricing Time = 3
i = 454	Master Time = 0	Lamb = 30300	Total time = 1690	Obj = 2380.00	Pricing Time = 3
i = 455	Master Time = 0	Lamb = 30310	Total time = 1693	Obj = 2380.00	Pricing Time = 3
i = 456	Master Time = 1	Lamb = 30324	Total time = 1696	Obj = 2380.00	Pricing Time = 3
i = 457	Master Time = 1	Lamb = 30338	Total time = 1700	Obj = 2380.00	Pricing Time = 2
i = 458	Master Time = 0	Lamb = 30347	Total time = 1703	Obj = 2380.00	Pricing Time = 3
i = 459	Master Time = 1	Lamb = 30355	Total time = 1706	Obj = 2380.00	Pricing Time = 2
i = 460	Master Time = 0	Lamb = 30360	Total time = 1709	Obj = 2380.00	Pricing Time = 3
i = 461	Master Time = 1	Lamb = 30375	Total time = 1712	Obj = 2380.00	Pricing Time = 2
i = 462	Master Time = 1	Lamb = 30388	Total time = 1715	Obj = 2380.00	Pricing Time = 3
i = 463	Master Time = 0	Lamb = 30395	Total time = 1719	Obj = 2380.00	Pricing Time = 3
i = 464	Master Time = 1	Lamb = 30401	Total time = 1722	Obj = 2380.00	Pricing Time = 2
i = 465	Master Time = 1	Lamb = 30407	Total time = 1725	Obj = 2380.00	Pricing Time = 3
i = 466	Master Time = 0	Lamb = 30419	Total time = 1729	Obj = 2380.00	Pricing Time = 3
i = 467	Master Time = 0	Lamb = 30423	Total time = 1732	Obj = 2380.00	Pricing Time = 3
i = 468	Master Time = 1	Lamb = 30426	Total time = 1735	Obj = 2380.00	Pricing Time = 3
i = 469	Master Time = 0	Lamb = 30436	Total time = 1739	Obj = 2380.00	Pricing Time = 4
i = 470	Master Time = 0	Lamb = 30441	Total time = 1743	Obj = 2380.00	Pricing Time = 3
i = 471	Master Time = 1	Lamb = 30449	Total time = 1746	Obj = 2380.00	Pricing Time = 3
i = 472	Master Time = 1	Lamb = 30457	Total time = 1750	Obj = 2380.00	Pricing Time = 2
i = 473	Master Time = 1	Lamb = 30464	Total time = 1754	Obj = 2380.00	Pricing Time = 3
i = 474	Master Time = 0	Lamb = 30468	Total time = 1756	Obj = 2380.00	Pricing Time = 3
i = 475	Master Time = 1	Lamb = 30471	Total time = 1760	Obj = 2380.00	Pricing Time = 3
i = 476	Master Time = 0	Lamb = 30476	Total time = 1764	Obj = 2380.00	Pricing Time = 4
i = 477	Master Time = 0	Lamb = 30480	Total time = 1768	Obj = 2380.00	Pricing Time = 4
i = 478	Master Time = 0	Lamb = 30484	Total time = 1772	Obj = 2380.00	Pricing Time = 4
i = 479	Master Time = 0	Lamb = 30488	Total time = 1776	Obj = 2380.00	Pricing Time = 3
i = 480	Master Time = 1	Lamb = 30491	Total time = 1779	Obj = 2380.00	Pricing Time = 2
i = 481	Master Time = 1	Lamb = 30494	Total time = 1783	Obj = 2380.00	Pricing Time = 3
i = 482	Master Time = 1	Lamb = 30496	Total time = 1786	Obj = 2380.00	Pricing Time = 3
i = 483	Master Time = 0	Lamb = 30502	Total time = 1790	Obj = 2380.00	Pricing Time = 3
i = 484	Master Time = 0	Lamb = 30511	Total time = 1793	Obj = 2380.00	Pricing Time = 3
i = 485	Master Time = 1	Lamb = 30516	Total time = 1797	Obj = 2380.00	Pricing Time = 3
i = 486	Master Time = 1	Lamb = 30520	Total time = 1800	Obj = 2380.00	Pricing Time = 3
i = 487	Master Time = 0	Lamb = 30521	Total time = 1803	Obj = 2380.00	Pricing Time = 3
i = 488	Master Time = 0	Lamb = 30522	Total time = 1807	Obj = 2380.00	Pricing Time = 3
i = 489	Master Time = 1	Lamb = 30523	Total time = 1810	Obj = 2380.00	Pricing Time = 3
i = 490	Master Time = 1	Lamb = 30526	Total time = 1814	Obj = 2380.00	Pricing Time = 3
i = 491	Master Time = 0	Lamb = 30530	Total time = 1818	Obj = 2380.00	Pricing Time = 3
i = 492	Master Time = 1	Lamb = 30533	Total time = 1821	Obj = 2380.00	Pricing Time = 3
i = 493	Master Time = 1	Lamb = 30534	Total time = 1825	Obj = 2380.00	Pricing Time = 2
--------------------------------------
n070w4_0_3-6-5-1
X fix to 1: 893
X fix to 0: 0
Fractional X remaining: 150 | min(0.19999999999999984, 0.8)
--------------------------------------
i = 494	Master Time = 1	Lamb = 30534	Total time = 1829	Obj = 2382.50	Pricing Time = 3
i = 495	Master Time = 2	Lamb = 30553	Total time = 1834	Obj = 2380.00	Pricing Time = 3
i = 496	Master Time = 2	Lamb = 30571	Total time = 1839	Obj = 2380.00	Pricing Time = 3
i = 497	Master Time = 1	Lamb = 30588	Total time = 1843	Obj = 2380.00	Pricing Time = 3
i = 498	Master Time = 1	Lamb = 30598	Total time = 1847	Obj = 2380.00	Pricing Time = 3
i = 499	Master Time = 2	Lamb = 30619	Total time = 1852	Obj = 2380.00	Pricing Time = 2
i = 500	Master Time = 2	Lamb = 30636	Total time = 1856	Obj = 2380.00	Pricing Time = 3
i = 501	Master Time = 2	Lamb = 30646	Total time = 1860	Obj = 2380.00	Pricing Time = 2
i = 502	Master Time = 1	Lamb = 30664	Total time = 1864	Obj = 2380.00	Pricing Time = 3
i = 503	Master Time = 2	Lamb = 30679	Total time = 1869	Obj = 2380.00	Pricing Time = 1
i = 504	Master Time = 2	Lamb = 30733	Total time = 1872	Obj = 2380.00	Pricing Time = 3
i = 505	Master Time = 1	Lamb = 30774	Total time = 1876	Obj = 2380.00	Pricing Time = 2
i = 506	Master Time = 1	Lamb = 30807	Total time = 1879	Obj = 2380.00	Pricing Time = 3
i = 507	Master Time = 2	Lamb = 30832	Total time = 1883	Obj = 2380.00	Pricing Time = 2
i = 508	Master Time = 1	Lamb = 30867	Total time = 1887	Obj = 2380.00	Pricing Time = 4
i = 509	Master Time = 2	Lamb = 30907	Total time = 1893	Obj = 2380.00	Pricing Time = 2
i = 510	Master Time = 2	Lamb = 30941	Total time = 1896	Obj = 2380.00	Pricing Time = 1
i = 511	Master Time = 2	Lamb = 30971	Total time = 1900	Obj = 2380.00	Pricing Time = 2
i = 512	Master Time = 2	Lamb = 30993	Total time = 1904	Obj = 2380.00	Pricing Time = 3
i = 513	Master Time = 1	Lamb = 31018	Total time = 1908	Obj = 2380.00	Pricing Time = 3
i = 514	Master Time = 1	Lamb = 31054	Total time = 1912	Obj = 2380.00	Pricing Time = 2
i = 515	Master Time = 1	Lamb = 31072	Total time = 1915	Obj = 2380.00	Pricing Time = 2
i = 516	Master Time = 2	Lamb = 31096	Total time = 1918	Obj = 2380.00	Pricing Time = 2
i = 517	Master Time = 1	Lamb = 31119	Total time = 1922	Obj = 2380.00	Pricing Time = 3
i = 518	Master Time = 1	Lamb = 31138	Total time = 1926	Obj = 2380.00	Pricing Time = 3
i = 519	Master Time = 1	Lamb = 31156	Total time = 1930	Obj = 2380.00	Pricing Time = 2
i = 520	Master Time = 2	Lamb = 31170	Total time = 1934	Obj = 2380.00	Pricing Time = 3
i = 521	Master Time = 2	Lamb = 31188	Total time = 1938	Obj = 2380.00	Pricing Time = 2
i = 522	Master Time = 1	Lamb = 31201	Total time = 1941	Obj = 2380.00	Pricing Time = 2
i = 523	Master Time = 1	Lamb = 31213	Total time = 1945	Obj = 2380.00	Pricing Time = 3
i = 524	Master Time = 1	Lamb = 31225	Total time = 1949	Obj = 2380.00	Pricing Time = 3
i = 525	Master Time = 2	Lamb = 31242	Total time = 1953	Obj = 2380.00	Pricing Time = 3
i = 526	Master Time = 2	Lamb = 31255	Total time = 1958	Obj = 2380.00	Pricing Time = 3
i = 527	Master Time = 1	Lamb = 31268	Total time = 1962	Obj = 2380.00	Pricing Time = 3
i = 528	Master Time = 1	Lamb = 31273	Total time = 1967	Obj = 2380.00	Pricing Time = 3
i = 529	Master Time = 1	Lamb = 31295	Total time = 1970	Obj = 2380.00	Pricing Time = 2
i = 530	Master Time = 1	Lamb = 31310	Total time = 1974	Obj = 2380.00	Pricing Time = 3
i = 531	Master Time = 1	Lamb = 31321	Total time = 1978	Obj = 2380.00	Pricing Time = 3
i = 532	Master Time = 0	Lamb = 31337	Total time = 1981	Obj = 2380.00	Pricing Time = 3
i = 533	Master Time = 1	Lamb = 31346	Total time = 1984	Obj = 2380.00	Pricing Time = 2
i = 534	Master Time = 1	Lamb = 31352	Total time = 1988	Obj = 2380.00	Pricing Time = 4
i = 535	Master Time = 1	Lamb = 31360	Total time = 1993	Obj = 2380.00	Pricing Time = 2
i = 536	Master Time = 2	Lamb = 31367	Total time = 1996	Obj = 2380.00	Pricing Time = 2
i = 537	Master Time = 1	Lamb = 31374	Total time = 2000	Obj = 2380.00	Pricing Time = 3
i = 538	Master Time = 0	Lamb = 31377	Total time = 2003	Obj = 2380.00	Pricing Time = 3
i = 539	Master Time = 0	Lamb = 31384	Total time = 2006	Obj = 2380.00	Pricing Time = 3
i = 540	Master Time = 1	Lamb = 31388	Total time = 2009	Obj = 2380.00	Pricing Time = 3
--------------------------------------
n070w4_0_3-6-5-1
X fix to 1: 894
X fix to 0: 1
Fractional X remaining: 112 | min(0.49999999999998, 0.5000000000000112)
--------------------------------------
i = 541	Master Time = 2	Lamb = 31388	Total time = 2014	Obj = 2394.00	Pricing Time = 2
i = 542	Master Time = 2	Lamb = 31441	Total time = 2019	Obj = 2392.50	Pricing Time = 2
i = 543	Master Time = 2	Lamb = 31484	Total time = 2023	Obj = 2392.50	Pricing Time = 2
i = 544	Master Time = 2	Lamb = 31520	Total time = 2027	Obj = 2390.00	Pricing Time = 2
i = 545	Master Time = 2	Lamb = 31553	Total time = 2030	Obj = 2390.00	Pricing Time = 2
i = 546	Master Time = 2	Lamb = 31584	Total time = 2034	Obj = 2390.00	Pricing Time = 1
i = 547	Master Time = 2	Lamb = 31624	Total time = 2038	Obj = 2390.00	Pricing Time = 3
i = 548	Master Time = 2	Lamb = 31650	Total time = 2042	Obj = 2380.00	Pricing Time = 2
i = 549	Master Time = 1	Lamb = 31663	Total time = 2046	Obj = 2380.00	Pricing Time = 2
i = 550	Master Time = 1	Lamb = 31672	Total time = 2048	Obj = 2380.00	Pricing Time = 2
i = 551	Master Time = 1	Lamb = 31676	Total time = 2052	Obj = 2380.00	Pricing Time = 2
i = 552	Master Time = 1	Lamb = 31680	Total time = 2055	Obj = 2380.00	Pricing Time = 2
--------------------------------------
n070w4_0_3-6-5-1
X fix to 1: 895
X fix to 0: 2
Fractional X remaining: 95 | min(0.2499999999999999, 0.5000000000000001)
--------------------------------------
i = 553	Master Time = 1	Lamb = 31680	Total time = 2057	Obj = 2380.00	Pricing Time = 2
i = 554	Master Time = 0	Lamb = 31681	Total time = 2060	Obj = 2380.00	Pricing Time = 3
--------------------------------------
n070w4_0_3-6-5-1
X fix to 1: 908
X fix to 0: 2
Fractional X remaining: 100 | min(0.25, 0.75)
--------------------------------------
i = 555	Master Time = 0	Lamb = 31681	Total time = 2063	Obj = 2380.00	Pricing Time = 3
--------------------------------------
n070w4_0_3-6-5-1
X fix to 1: 909
X fix to 0: 3
Fractional X remaining: 66 | min(0.49999999999999967, 0.5000000000000003)
--------------------------------------
i = 556	Master Time = 1	Lamb = 31681	Total time = 2067	Obj = 2392.50	Pricing Time = 3
i = 557	Master Time = 1	Lamb = 31725	Total time = 2071	Obj = 2380.00	Pricing Time = 3
i = 558	Master Time = 2	Lamb = 31750	Total time = 2075	Obj = 2380.00	Pricing Time = 3
i = 559	Master Time = 1	Lamb = 31771	Total time = 2080	Obj = 2380.00	Pricing Time = 3
i = 560	Master Time = 1	Lamb = 31785	Total time = 2083	Obj = 2380.00	Pricing Time = 2
i = 561	Master Time = 1	Lamb = 31803	Total time = 2087	Obj = 2380.00	Pricing Time = 2
i = 562	Master Time = 1	Lamb = 31823	Total time = 2090	Obj = 2380.00	Pricing Time = 2
i = 563	Master Time = 2	Lamb = 31842	Total time = 2093	Obj = 2380.00	Pricing Time = 2
i = 564	Master Time = 1	Lamb = 31851	Total time = 2097	Obj = 2380.00	Pricing Time = 3
i = 565	Master Time = 0	Lamb = 31863	Total time = 2100	Obj = 2380.00	Pricing Time = 3
i = 566	Master Time = 1	Lamb = 31871	Total time = 2104	Obj = 2380.00	Pricing Time = 3
i = 567	Master Time = 1	Lamb = 31876	Total time = 2108	Obj = 2380.00	Pricing Time = 2
i = 568	Master Time = 1	Lamb = 31887	Total time = 2111	Obj = 2380.00	Pricing Time = 3
i = 569	Master Time = 1	Lamb = 31895	Total time = 2114	Obj = 2380.00	Pricing Time = 3
i = 570	Master Time = 0	Lamb = 31902	Total time = 2118	Obj = 2380.00	Pricing Time = 3
i = 571	Master Time = 0	Lamb = 31909	Total time = 2121	Obj = 2380.00	Pricing Time = 3
i = 572	Master Time = 1	Lamb = 31911	Total time = 2125	Obj = 2380.00	Pricing Time = 2
i = 573	Master Time = 1	Lamb = 31917	Total time = 2128	Obj = 2380.00	Pricing Time = 2
i = 574	Master Time = 0	Lamb = 31919	Total time = 2131	Obj = 2380.00	Pricing Time = 2
i = 575	Master Time = 0	Lamb = 31921	Total time = 2133	Obj = 2380.00	Pricing Time = 3
i = 576	Master Time = 1	Lamb = 31922	Total time = 2137	Obj = 2380.00	Pricing Time = 3
i = 577	Master Time = 0	Lamb = 31923	Total time = 2140	Obj = 2380.00	Pricing Time = 3
i = 578	Master Time = 1	Lamb = 31924	Total time = 2143	Obj = 2380.00	Pricing Time = 2
i = 579	Master Time = 1	Lamb = 31925	Total time = 2146	Obj = 2380.00	Pricing Time = 2
i = 580	Master Time = 1	Lamb = 31928	Total time = 2149	Obj = 2380.00	Pricing Time = 3
i = 581	Master Time = 0	Lamb = 31930	Total time = 2153	Obj = 2380.00	Pricing Time = 3
--------------------------------------
n070w4_0_3-6-5-1
X fix to 1: 910
X fix to 0: 4
Fractional X remaining: 62 | min(0.49999999999996847, 0.5000000000000315)
--------------------------------------
i = 582	Master Time = 2	Lamb = 31930	Total time = 2157	Obj = 2392.50	Pricing Time = 2
i = 583	Master Time = 2	Lamb = 31980	Total time = 2161	Obj = 2392.50	Pricing Time = 2
i = 584	Master Time = 1	Lamb = 32021	Total time = 2165	Obj = 2392.50	Pricing Time = 3
i = 585	Master Time = 2	Lamb = 32050	Total time = 2169	Obj = 2390.00	Pricing Time = 2
i = 586	Master Time = 2	Lamb = 32068	Total time = 2173	Obj = 2390.00	Pricing Time = 2
i = 587	Master Time = 1	Lamb = 32103	Total time = 2177	Obj = 2390.00	Pricing Time = 3
i = 588	Master Time = 2	Lamb = 32126	Total time = 2181	Obj = 2390.00	Pricing Time = 2
i = 589	Master Time = 2	Lamb = 32152	Total time = 2186	Obj = 2390.00	Pricing Time = 2
i = 590	Master Time = 2	Lamb = 32177	Total time = 2190	Obj = 2390.00	Pricing Time = 2
i = 591	Master Time = 2	Lamb = 32204	Total time = 2194	Obj = 2385.00	Pricing Time = 2
i = 592	Master Time = 2	Lamb = 32232	Total time = 2198	Obj = 2385.00	Pricing Time = 2
i = 593	Master Time = 1	Lamb = 32248	Total time = 2201	Obj = 2385.00	Pricing Time = 2
i = 594	Master Time = 1	Lamb = 32297	Total time = 2204	Obj = 2385.00	Pricing Time = 2
i = 595	Master Time = 2	Lamb = 32341	Total time = 2208	Obj = 2385.00	Pricing Time = 2
i = 596	Master Time = 2	Lamb = 32378	Total time = 2212	Obj = 2385.00	Pricing Time = 2
i = 597	Master Time = 1	Lamb = 32390	Total time = 2215	Obj = 2385.00	Pricing Time = 2
i = 598	Master Time = 1	Lamb = 32400	Total time = 2219	Obj = 2385.00	Pricing Time = 2
i = 599	Master Time = 1	Lamb = 32404	Total time = 2222	Obj = 2385.00	Pricing Time = 2
i = 600	Master Time = 0	Lamb = 32411	Total time = 2224	Obj = 2385.00	Pricing Time = 3
i = 601	Master Time = 0	Lamb = 32419	Total time = 2227	Obj = 2385.00	Pricing Time = 2
i = 602	Master Time = 2	Lamb = 32425	Total time = 2231	Obj = 2380.00	Pricing Time = 2
i = 603	Master Time = 1	Lamb = 32441	Total time = 2234	Obj = 2380.00	Pricing Time = 2
i = 604	Master Time = 2	Lamb = 32452	Total time = 2238	Obj = 2380.00	Pricing Time = 2
i = 605	Master Time = 1	Lamb = 32462	Total time = 2241	Obj = 2380.00	Pricing Time = 2
i = 606	Master Time = 1	Lamb = 32470	Total time = 2244	Obj = 2380.00	Pricing Time = 2
i = 607	Master Time = 1	Lamb = 32477	Total time = 2246	Obj = 2380.00	Pricing Time = 2
i = 608	Master Time = 2	Lamb = 32479	Total time = 2250	Obj = 2380.00	Pricing Time = 2
i = 609	Master Time = 1	Lamb = 32485	Total time = 2254	Obj = 2380.00	Pricing Time = 2
i = 610	Master Time = 1	Lamb = 32492	Total time = 2256	Obj = 2380.00	Pricing Time = 2
i = 611	Master Time = 1	Lamb = 32495	Total time = 2259	Obj = 2380.00	Pricing Time = 2
i = 612	Master Time = 0	Lamb = 32499	Total time = 2263	Obj = 2380.00	Pricing Time = 2
i = 613	Master Time = 1	Lamb = 32501	Total time = 2265	Obj = 2380.00	Pricing Time = 2
i = 614	Master Time = 1	Lamb = 32503	Total time = 2269	Obj = 2380.00	Pricing Time = 3
--------------------------------------
n070w4_0_3-6-5-1
X fix to 1: 911
X fix to 0: 5
Fractional X remaining: 35 | min(0.3333333333333248, 0.6666666666666732)
--------------------------------------
i = 615	Master Time = 0	Lamb = 32503	Total time = 2271	Obj = 2380.00	Pricing Time = 2

n070w4_0_3-6-5-1
Integer solution found

Printing SHIFT allocations
HN_0   |L|L|-|-|-|-|-| |L|L|L|L|L|-|-| |-|-|-|-|D|D|L| |L|-|-|-|-|-|-|
HN_1   |E|E|-|-|N|N|N| |N|-|-|-|-|E|E| |E|E|-|-|-|-|-| |E|E|E|E|E|-|-|
HN_2   |E|E|D|D|D|-|-| |E|E|E|E|-|-|-| |E|E|E|-|-|E|E| |E|-|-|E|E|E|D|
HN_3   |-|N|N|N|N|-|-| |-|-|-|N|N|N|N| |N|-|-|-|-|-|-| |N|N|N|N|-|-|-|
HN_4   |D|D|-|-|L|L|L| |-|-|D|D|D|-|-| |-|D|D|E|E|-|-| |D|D|D|-|-|E|E|
HN_5   |-|L|L|L|L|-|-| |-|-|-|-|L|L|L| |L|L|-|-|-|-|-| |-|L|L|L|L|-|-|
HN_6   |E|E|E|E|E|-|-| |-|D|D|L|L|-|-| |-|-|N|N|N|N|N| |-|-|-|-|D|D|L|
HN_7   |-|-|-|E|E|E|D| |D|-|-|E|E|E|E| |-|-|L|L|L|-|-| |D|D|D|D|D|-|-|
NU_8   |E|E|E|E|-|-|-| |E|E|E|-|-|E|E| |E|E|-|-|-|-|-| |E|E|E|E|-|-|-|
NU_9   |E|E|E|E|-|-|-| |-|-|E|E|E|-|-| |-|-|-|D|D|E|E| |-|-|-|E|E|E|L|
NU_10  |N|N|N|N|N|-|-| |-|N|N|N|N|-|-| |-|N|N|N|N|-|-| |-|-|N|N|N|N|N|
NU_11  |N|N|-|-|L|L|L| |-|-|L|L|L|-|-| |E|E|E|L|L|-|-| |L|L|L|L|L|-|-|
NU_12  |D|D|D|D|D|-|-| |-|D|D|D|-|-|-| |-|-|N|N|N|N|N| |-|-|D|D|D|-|-|
NU_13  |N|N|-|-|-|-|-| |D|D|D|D|D|-|-| |-|-|-|-|N|N|N| |N|-|-|-|-|-|-|
NU_14  |L|L|L|L|-|-|-| |L|L|L|-|-|L|L| |L|L|-|-|-|-|-| |L|L|L|L|-|-|-|
NU_15  |D|D|D|D|-|-|-| |D|D|D|-|-|D|D| |D|D|-|-|D|D|D| |D|D|-|-|-|-|-|
NU_16  |D|D|D|D|D|-|-| |-|-|N|N|N|N|N| |-|-|-|-|D|D|D| |D|D|-|-|-|-|-|
NU_17  |-|-|-|D|D|D|E| |E|E|-|-|-|-|-| |D|D|E|E|-|-|-| |-|-|N|N|N|N|-|
NU_18  |E|E|E|E|-|-|-| |E|E|E|E|E|-|-| |-|-|-|E|E|E|E| |-|-|-|-|-|E|E|
NU_19  |L|L|-|-|-|-|-| |D|D|E|E|E|-|-| |L|L|L|-|-|N|N| |N|N|N|-|-|-|-|
NU_20  |N|N|N|N|N|-|-| |N|N|N|N|N|-|-| |N|N|N|N|N|-|-| |N|N|N|N|N|-|-|
NU_21  |-|-|-|-|E|E|N| |N|N|N|-|-|-|-| |-|-|E|E|N|N|N| |N|-|-|-|-|-|-|
NU_22  |L|-|-|D|D|D|D| |D|-|-|D|D|D|D| |-|-|D|D|D|-|-| |D|D|D|D|D|-|-|
NU_23  |N|N|N|N|N|-|-| |-|-|-|D|D|D|D| |-|-|E|E|E|-|-| |E|E|E|-|-|-|-|
NU_24  |-|E|E|L|L|-|-| |-|-|-|-|L|L|N| |N|N|N|-|-|-|-| |-|E|E|D|D|-|-|
NU_25  |N|N|N|N|N|-|-| |N|N|N|N|N|-|-| |N|N|N|N|N|-|-| |N|N|N|N|N|-|-|
NU_26  |E|-|L|L|L|-|-| |L|L|L|L|L|-|-| |L|L|L|L|L|-|-| |L|L|L|L|L|-|-|
NU_27  |L|L|-|-|E|E|E| |-|-|D|D|E|E|E| |-|-|E|E|E|-|-| |E|E|L|L|L|-|-|
NU_28  |L|L|L|L|-|-|-| |L|L|L|-|-|D|D| |E|E|-|-|L|L|L| |L|L|-|-|-|-|-|
NU_29  |N|N|N|N|-|-|-| |-|N|N|N|N|-|-| |-|N|N|N|N|-|-| |N|N|N|N|-|-|-|
NU_30  |-|D|D|D|D|-|-| |D|D|D|-|-|D|D| |D|D|-|-|D|D|D| |D|D|-|-|-|-|-|
NU_31  |D|D|-|-|D|D|D| |-|-|D|D|D|-|-| |D|D|D|D|D|-|-| |D|D|D|D|D|-|-|
NU_32  |-|-|-|-|L|L|L| |L|L|-|-|-|-|-| |-|D|D|E|E|-|-| |-|-|-|-|D|D|D|
NU_33  |L|-|-|D|D|D|D| |-|-|N|N|N|-|-| |E|E|L|L|L|-|-| |N|N|N|N|N|-|-|
NU_34  |E|E|L|L|-|-|-| |-|-|D|D|E|E|L| |L|-|-|-|-|-|-| |L|L|L|L|L|-|-|
NU_35  |-|-|L|L|L|-|-| |L|L|L|L|L|-|-| |-|L|L|L|-|-|-| |D|D|D|E|E|-|-|
NU_36  |-|-|-|-|N|N|N| |N|-|-|-|-|-|-| |N|N|N|N|N|-|-| |-|-|-|-|N|N|N|
NU_37  |N|N|-|-|-|-|-| |L|L|L|-|-|-|-| |L|L|L|-|-|L|L| |L|-|-|L|L|L|L|
NU_38  |-|-|-|-|E|E|E| |E|E|-|-|-|-|-| |E|E|E|E|-|-|-| |-|E|E|E|E|-|-|
NU_39  |L|L|-|-|-|-|-| |L|L|L|L|L|-|-| |-|-|-|L|L|L|L| |L|-|-|-|L|L|L|
CT_40  |E|E|D|D|D|-|-| |-|-|-|E|E|E|L| |L|-|-|-|L|L|L| |L|L|-|-|-|-|-|
CT_41  |-|D|D|E|E|-|-| |-|-|-|-|D|D|N| |N|N|N|-|-|-|-| |-|N|N|N|N|-|-|
CT_42  |L|-|-|E|E|L|L| |-|-|N|N|N|N|N| |-|-|L|L|L|-|-| |D|D|L|L|L|-|-|
CT_43  |-|-|-|-|D|D|N| |N|N|N|-|-|-|-| |-|N|N|N|N|-|-| |-|-|-|-|N|N|N|
CT_44  |D|D|L|L|L|-|-| |E|E|L|L|L|-|-| |D|D|D|-|-|N|N| |N|N|N|-|-|E|E|
CT_45  |E|E|E|E|E|-|-| |E|E|E|E|E|-|-| |E|E|E|E|E|-|-| |E|E|E|E|E|-|-|
CT_46  |D|D|L|L|L|-|-| |N|N|N|N|N|-|-| |D|D|D|D|D|-|-| |N|N|N|N|N|-|-|
CT_47  |L|L|L|L|-|-|-| |-|D|D|D|D|-|-| |-|-|-|D|D|E|E| |-|-|E|E|E|-|-|
CT_48  |N|N|N|-|-|-|-| |E|E|L|L|-|-|-| |D|D|E|E|-|-|-| |D|D|E|E|E|-|-|
CT_49  |-|-|E|E|E|-|-| |E|E|E|E|E|-|-| |E|E|E|D|D|-|-| |E|E|E|E|E|-|-|
CT_50  |D|D|D|E|E|-|-| |-|-|-|-|E|E|N| |N|N|N|-|-|-|-| |-|L|L|L|L|-|-|
CT_51  |-|-|-|D|D|D|D| |D|D|-|-|-|-|-| |D|D|D|-|-|-|-| |-|D|D|D|D|-|-|
CT_52  |E|E|E|E|-|-|-| |-|E|E|E|E|-|-| |-|-|-|E|E|E|E| |E|-|-|-|-|E|E|
CT_53  |E|D|D|D|-|-|-| |D|D|D|D|D|-|-| |D|D|D|D|D|-|-| |D|D|D|D|D|-|-|
CT_54  |-|-|E|E|E|-|-| |N|N|N|N|N|-|-| |L|L|L|L|L|-|-| |E|E|D|D|D|-|-|
CT_55  |N|N|N|N|N|-|-| |D|D|L|L|L|-|-| |D|D|L|L|L|-|-| |D|D|E|E|E|-|-|
CT_56  |L|L|L|L|L|-|-| |L|L|L|L|L|-|-| |L|L|L|L|L|-|-| |L|L|L|L|L|-|-|
CT_57  |N|N|N|N|-|-|-| |-|D|D|D|D|-|-| |-|-|-|E|E|E|D| |D|-|-|-|D|D|L|
CT_58  |L|L|L|-|-|-|-| |-|D|D|D|D|-|-| |-|-|-|D|D|L|L| |L|-|-|-|D|D|D|
CT_59  |D|-|-|-|N|N|N| |N|-|-|-|L|L|L| |L|L|-|-|-|-|-| |E|E|L|L|L|-|-|
TR_60  |E|E|E|L|L|-|-| |N|N|N|N|N|-|-| |E|E|E|E|E|-|-| |D|D|D|L|L|-|-|
TR_61  |L|L|-|-|-|-|-| |-|N|N|N|N|-|-| |-|-|-|D|D|D|E| |E|E|-|-|-|-|-|
TR_62  |N|N|N|N|N|-|-| |E|E|E|L|L|-|-| |E|E|L|L|-|L|L| |L|L|-|-|D|D|D|
TR_63  |-|L|L|L|L|-|-| |-|-|-|D|D|L|L| |L|-|-|-|-|-|-| |D|L|L|L|-|-|-|
TR_64  |-|-|N|N|N|N|N| |-|-|E|E|E|-|-| |-|-|-|N|N|N|N| |-|-|D|D|D|-|-|
TR_65  |D|D|D|-|-|L|L| |L|L|-|-|E|E|D| |D|D|-|-|E|E|E| |E|-|-|E|E|E|N|
TR_66  |-|-|D|D|E|E|-| |-|-|-|-|D|D|E| |E|-|-|-|-|-|-| |N|N|N|N|-|-|-|
TR_67  |-|-|-|-|D|D|L| |L|L|-|-|-|-|-| |-|D|D|D|D|-|-| |-|-|-|D|D|L|L|
TR_68  |L|L|-|-|-|D|D| |E|D|D|-|-|-|-| |L|L|L|L|L|-|-| |-|E|E|E|E|-|-|
TR_69  |E|E|E|D|D|-|-| |D|D|D|L|L|-|-| |N|N|N|N|N|-|-| |E|E|N|N|N|-|-|
Total assignment constraints: 1160
Consecutive constraints: 150
Non working days constraints: 180
Preferences: 200
Max working weekend: 270
Complete weekends: 0
Optimal coverage constraints: 420
TOTAL = 2380
