Creating directory: out/n070w4_2_0-5-6-8

-----------------------------------------------------------
Instance	n070w4_2_0-5-6-8
algorithm	=	vns
maxIter	=	10
eliteSet	=	10
shakePerc	=	0.9
bestKnow	=	2520.0
minColsIter	=	0.35
minRoundDown	=	-1.0
minRoundUp	=	0.67
seed	=	0
onlyRelax	=	false
nThreads	=	20
alpha	=	0.6
timeOut	=	14600
-----------------------------------------------------------
Parallels mode has been selected.
i = 0	Master Time = 1	Lamb = 0	Total time = 4	Obj = 408760.00	Pricing Time = 0
i = 1	Master Time = 0	Lamb = 446	Total time = 5	Obj = 130655.00	Pricing Time = 1
i = 2	Master Time = 1	Lamb = 859	Total time = 6	Obj = 60926.25	Pricing Time = 0
i = 3	Master Time = 2	Lamb = 1300	Total time = 8	Obj = 40802.31	Pricing Time = 0
i = 4	Master Time = 1	Lamb = 1740	Total time = 9	Obj = 26428.69	Pricing Time = 0
i = 5	Master Time = 1	Lamb = 2164	Total time = 10	Obj = 20327.27	Pricing Time = 0
i = 6	Master Time = 1	Lamb = 2599	Total time = 11	Obj = 16288.26	Pricing Time = 0
i = 7	Master Time = 2	Lamb = 3000	Total time = 13	Obj = 11946.07	Pricing Time = 0
i = 8	Master Time = 1	Lamb = 3402	Total time = 14	Obj = 9747.44	Pricing Time = 1
i = 9	Master Time = 1	Lamb = 3799	Total time = 16	Obj = 7421.61	Pricing Time = 0
i = 10	Master Time = 2	Lamb = 4186	Total time = 18	Obj = 6362.92	Pricing Time = 0
i = 11	Master Time = 2	Lamb = 4596	Total time = 20	Obj = 5527.53	Pricing Time = 0
i = 12	Master Time = 2	Lamb = 4970	Total time = 22	Obj = 4834.93	Pricing Time = 0
i = 13	Master Time = 2	Lamb = 5315	Total time = 24	Obj = 4330.11	Pricing Time = 1
i = 14	Master Time = 1	Lamb = 5652	Total time = 26	Obj = 3958.76	Pricing Time = 1
i = 15	Master Time = 2	Lamb = 5976	Total time = 29	Obj = 3657.26	Pricing Time = 0
i = 16	Master Time = 2	Lamb = 6286	Total time = 31	Obj = 3433.54	Pricing Time = 0
i = 17	Master Time = 2	Lamb = 6589	Total time = 33	Obj = 3245.52	Pricing Time = 0
i = 18	Master Time = 3	Lamb = 6870	Total time = 36	Obj = 3120.46	Pricing Time = 0
i = 19	Master Time = 2	Lamb = 7136	Total time = 38	Obj = 3010.15	Pricing Time = 0
i = 20	Master Time = 2	Lamb = 7387	Total time = 40	Obj = 2921.13	Pricing Time = 1
i = 21	Master Time = 1	Lamb = 7592	Total time = 42	Obj = 2852.48	Pricing Time = 1
i = 22	Master Time = 2	Lamb = 7787	Total time = 45	Obj = 2795.11	Pricing Time = 0
i = 23	Master Time = 2	Lamb = 7994	Total time = 47	Obj = 2761.87	Pricing Time = 1
i = 24	Master Time = 2	Lamb = 8180	Total time = 50	Obj = 2709.14	Pricing Time = 0
i = 25	Master Time = 1	Lamb = 8372	Total time = 51	Obj = 2678.63	Pricing Time = 1
i = 26	Master Time = 1	Lamb = 8548	Total time = 53	Obj = 2635.79	Pricing Time = 0
i = 27	Master Time = 1	Lamb = 8703	Total time = 54	Obj = 2605.80	Pricing Time = 0
i = 28	Master Time = 2	Lamb = 8872	Total time = 56	Obj = 2573.19	Pricing Time = 1
i = 29	Master Time = 1	Lamb = 9004	Total time = 58	Obj = 2558.01	Pricing Time = 1
i = 30	Master Time = 1	Lamb = 9119	Total time = 60	Obj = 2539.33	Pricing Time = 0
i = 31	Master Time = 2	Lamb = 9247	Total time = 62	Obj = 2509.07	Pricing Time = 0
i = 32	Master Time = 1	Lamb = 9347	Total time = 63	Obj = 2499.11	Pricing Time = 1
i = 33	Master Time = 1	Lamb = 9429	Total time = 65	Obj = 2491.87	Pricing Time = 0
i = 34	Master Time = 1	Lamb = 9504	Total time = 66	Obj = 2484.24	Pricing Time = 1
i = 35	Master Time = 1	Lamb = 9576	Total time = 68	Obj = 2473.98	Pricing Time = 0
i = 36	Master Time = 1	Lamb = 9662	Total time = 69	Obj = 2468.75	Pricing Time = 2
i = 37	Master Time = 1	Lamb = 9739	Total time = 72	Obj = 2463.18	Pricing Time = 0
i = 38	Master Time = 1	Lamb = 9795	Total time = 73	Obj = 2457.89	Pricing Time = 1
i = 39	Master Time = 1	Lamb = 9850	Total time = 75	Obj = 2456.09	Pricing Time = 0
i = 40	Master Time = 1	Lamb = 9902	Total time = 76	Obj = 2453.89	Pricing Time = 0
i = 41	Master Time = 1	Lamb = 9957	Total time = 77	Obj = 2451.90	Pricing Time = 1
i = 42	Master Time = 1	Lamb = 10007	Total time = 79	Obj = 2450.14	Pricing Time = 0
i = 43	Master Time = 1	Lamb = 10049	Total time = 80	Obj = 2449.19	Pricing Time = 12
i = 44	Master Time = 2	Lamb = 10151	Total time = 95	Obj = 2409.14	Pricing Time = 0
i = 45	Master Time = 2	Lamb = 10228	Total time = 97	Obj = 2404.92	Pricing Time = 0
i = 46	Master Time = 1	Lamb = 10296	Total time = 98	Obj = 2401.69	Pricing Time = 0
i = 47	Master Time = 1	Lamb = 10349	Total time = 99	Obj = 2400.20	Pricing Time = 1
i = 48	Master Time = 0	Lamb = 10402	Total time = 100	Obj = 2398.87	Pricing Time = 1
i = 49	Master Time = 0	Lamb = 10444	Total time = 101	Obj = 2398.28	Pricing Time = 1
i = 50	Master Time = 1	Lamb = 10488	Total time = 103	Obj = 2397.40	Pricing Time = 12
i = 51	Master Time = 2	Lamb = 10609	Total time = 117	Obj = 2368.42	Pricing Time = 1
i = 52	Master Time = 1	Lamb = 10780	Total time = 119	Obj = 2366.77	Pricing Time = 0
i = 53	Master Time = 1	Lamb = 10902	Total time = 120	Obj = 2364.54	Pricing Time = 1
i = 54	Master Time = 0	Lamb = 10983	Total time = 121	Obj = 2363.61	Pricing Time = 1
i = 55	Master Time = 1	Lamb = 11066	Total time = 123	Obj = 2362.33	Pricing Time = 0
i = 56	Master Time = 1	Lamb = 11121	Total time = 124	Obj = 2361.62	Pricing Time = 1
i = 57	Master Time = 0	Lamb = 11177	Total time = 126	Obj = 2360.55	Pricing Time = 1
i = 58	Master Time = 1	Lamb = 11231	Total time = 127	Obj = 2358.72	Pricing Time = 0
i = 59	Master Time = 1	Lamb = 11287	Total time = 128	Obj = 2356.50	Pricing Time = 0
i = 60	Master Time = 2	Lamb = 11338	Total time = 130	Obj = 2355.85	Pricing Time = 0
i = 61	Master Time = 1	Lamb = 11390	Total time = 131	Obj = 2355.63	Pricing Time = 12
i = 62	Master Time = 3	Lamb = 11504	Total time = 146	Obj = 2336.14	Pricing Time = 0
i = 63	Master Time = 1	Lamb = 11653	Total time = 147	Obj = 2335.64	Pricing Time = 0
i = 64	Master Time = 1	Lamb = 11757	Total time = 148	Obj = 2334.96	Pricing Time = 1
i = 65	Master Time = 1	Lamb = 11827	Total time = 150	Obj = 2333.28	Pricing Time = 1
i = 66	Master Time = 1	Lamb = 11884	Total time = 152	Obj = 2332.38	Pricing Time = 0
i = 67	Master Time = 1	Lamb = 11941	Total time = 153	Obj = 2331.98	Pricing Time = 0
i = 68	Master Time = 1	Lamb = 11984	Total time = 154	Obj = 2331.15	Pricing Time = 0
i = 69	Master Time = 1	Lamb = 12030	Total time = 155	Obj = 2331.00	Pricing Time = 1
i = 70	Master Time = 1	Lamb = 12068	Total time = 157	Obj = 2330.19	Pricing Time = 0
i = 71	Master Time = 1	Lamb = 12108	Total time = 158	Obj = 2329.74	Pricing Time = 0
i = 72	Master Time = 1	Lamb = 12145	Total time = 159	Obj = 2329.26	Pricing Time = 1
i = 73	Master Time = 1	Lamb = 12189	Total time = 161	Obj = 2329.10	Pricing Time = 0
i = 74	Master Time = 1	Lamb = 12229	Total time = 162	Obj = 2329.06	Pricing Time = 12
i = 75	Master Time = 3	Lamb = 12352	Total time = 177	Obj = 2319.15	Pricing Time = 1
i = 76	Master Time = 0	Lamb = 12438	Total time = 178	Obj = 2317.37	Pricing Time = 1
i = 77	Master Time = 1	Lamb = 12504	Total time = 180	Obj = 2316.14	Pricing Time = 0
i = 78	Master Time = 1	Lamb = 12545	Total time = 181	Obj = 2316.02	Pricing Time = 1
i = 79	Master Time = 1	Lamb = 12586	Total time = 183	Obj = 2315.03	Pricing Time = 1
i = 80	Master Time = 0	Lamb = 12622	Total time = 184	Obj = 2315.00	Pricing Time = 0
i = 81	Master Time = 0	Lamb = 12658	Total time = 185	Obj = 2314.84	Pricing Time = 1
i = 82	Master Time = 0	Lamb = 12692	Total time = 186	Obj = 2314.80	Pricing Time = 26
i = 83	Master Time = 1	Lamb = 12811	Total time = 213	Obj = 2304.47	Pricing Time = 28
i = 84	Master Time = 1	Lamb = 12850	Total time = 242	Obj = 2302.92	Pricing Time = 34
i = 85	Master Time = 0	Lamb = 12884	Total time = 276	Obj = 2296.80	Pricing Time = 28
i = 86	Master Time = 1	Lamb = 12911	Total time = 305	Obj = 2287.70	Pricing Time = 16
i = 87	Master Time = 0	Lamb = 12949	Total time = 321	Obj = 2285.77	Pricing Time = 32
i = 88	Master Time = 1	Lamb = 12973	Total time = 354	Obj = 2283.21	Pricing Time = 28
i = 89	Master Time = 0	Lamb = 13006	Total time = 382	Obj = 2280.52	Pricing Time = 29
i = 90	Master Time = 1	Lamb = 13033	Total time = 412	Obj = 2278.05	Pricing Time = 31
i = 91	Master Time = 1	Lamb = 13065	Total time = 444	Obj = 2274.72	Pricing Time = 41
i = 92	Master Time = 2	Lamb = 13093	Total time = 487	Obj = 2273.13	Pricing Time = 24
i = 93	Master Time = 1	Lamb = 13222	Total time = 512	Obj = 2272.02	Pricing Time = 26
i = 94	Master Time = 1	Lamb = 13252	Total time = 539	Obj = 2270.30	Pricing Time = 31
i = 95	Master Time = 0	Lamb = 13280	Total time = 570	Obj = 2269.60	Pricing Time = 34
i = 96	Master Time = 1	Lamb = 13314	Total time = 605	Obj = 2268.82	Pricing Time = 50
i = 97	Master Time = 1	Lamb = 13339	Total time = 656	Obj = 2268.31	Pricing Time = 25
i = 98	Master Time = 0	Lamb = 13361	Total time = 681	Obj = 2268.05	Pricing Time = 24
i = 99	Master Time = 1	Lamb = 13376	Total time = 706	Obj = 2267.75	Pricing Time = 31
i = 100	Master Time = 0	Lamb = 13389	Total time = 737	Obj = 2267.64	Pricing Time = 33
i = 101	Master Time = 1	Lamb = 13400	Total time = 771	Obj = 2267.52	Pricing Time = 31
i = 102	Master Time = 0	Lamb = 13412	Total time = 802	Obj = 2267.50	Pricing Time = 29

Optimal of relaxation found.
Fractional X Variables: 3480 (min: 8.790630617437935E-4 max: 0.9946454692025992)
--------------------------------------
n070w4_2_0-5-6-8
X fix to 1: 332
X fix to 0: 0
Fractional X remaining: 3480 | min(8.790630617437935E-4, 0.9946454692025992)
--------------------------------------
i = 103	Master Time = 2	Lamb = 13412	Total time = 833	Obj = 2788.90	Pricing Time = 1
i = 104	Master Time = 2	Lamb = 13735	Total time = 836	Obj = 2605.03	Pricing Time = 0
i = 105	Master Time = 3	Lamb = 14052	Total time = 839	Obj = 2517.40	Pricing Time = 0
i = 106	Master Time = 3	Lamb = 14357	Total time = 842	Obj = 2476.28	Pricing Time = 0
i = 107	Master Time = 3	Lamb = 14638	Total time = 845	Obj = 2455.54	Pricing Time = 0
i = 108	Master Time = 2	Lamb = 14888	Total time = 847	Obj = 2440.87	Pricing Time = 1
i = 109	Master Time = 2	Lamb = 15103	Total time = 850	Obj = 2386.90	Pricing Time = 0
i = 110	Master Time = 2	Lamb = 15299	Total time = 853	Obj = 2364.21	Pricing Time = 1
i = 111	Master Time = 2	Lamb = 15435	Total time = 855	Obj = 2347.35	Pricing Time = 0
i = 112	Master Time = 2	Lamb = 15544	Total time = 857	Obj = 2329.73	Pricing Time = 1
i = 113	Master Time = 2	Lamb = 15634	Total time = 860	Obj = 2320.42	Pricing Time = 0
i = 114	Master Time = 2	Lamb = 15705	Total time = 862	Obj = 2314.26	Pricing Time = 0
i = 115	Master Time = 1	Lamb = 15767	Total time = 864	Obj = 2311.15	Pricing Time = 0
i = 116	Master Time = 3	Lamb = 15830	Total time = 867	Obj = 2305.66	Pricing Time = 0
i = 117	Master Time = 1	Lamb = 15893	Total time = 868	Obj = 2303.71	Pricing Time = 1
i = 118	Master Time = 1	Lamb = 15934	Total time = 870	Obj = 2302.82	Pricing Time = 1
i = 119	Master Time = 0	Lamb = 15973	Total time = 871	Obj = 2301.42	Pricing Time = 1
i = 120	Master Time = 1	Lamb = 16023	Total time = 873	Obj = 2300.47	Pricing Time = 3
i = 121	Master Time = 3	Lamb = 16097	Total time = 879	Obj = 2284.00	Pricing Time = 0
i = 122	Master Time = 2	Lamb = 16145	Total time = 881	Obj = 2282.82	Pricing Time = 0
i = 123	Master Time = 1	Lamb = 16186	Total time = 882	Obj = 2282.31	Pricing Time = 6
i = 124	Master Time = 2	Lamb = 16231	Total time = 890	Obj = 2277.63	Pricing Time = 4
i = 125	Master Time = 1	Lamb = 16314	Total time = 895	Obj = 2275.34	Pricing Time = 3
i = 126	Master Time = 1	Lamb = 16334	Total time = 899	Obj = 2274.54	Pricing Time = 5
i = 127	Master Time = 1	Lamb = 16355	Total time = 905	Obj = 2273.46	Pricing Time = 4
i = 128	Master Time = 1	Lamb = 16383	Total time = 910	Obj = 2272.95	Pricing Time = 1
i = 129	Master Time = 0	Lamb = 16416	Total time = 911	Obj = 2272.93	Pricing Time = 4
i = 130	Master Time = 3	Lamb = 16440	Total time = 918	Obj = 2271.81	Pricing Time = 0
i = 131	Master Time = 1	Lamb = 16490	Total time = 919	Obj = 2271.77	Pricing Time = 0
i = 132	Master Time = 1	Lamb = 16529	Total time = 920	Obj = 2271.60	Pricing Time = 8
i = 133	Master Time = 0	Lamb = 16551	Total time = 928	Obj = 2271.44	Pricing Time = 7
i = 134	Master Time = 1	Lamb = 16581	Total time = 936	Obj = 2271.24	Pricing Time = 4
i = 135	Master Time = 1	Lamb = 16591	Total time = 941	Obj = 2271.11	Pricing Time = 5
i = 136	Master Time = 0	Lamb = 16593	Total time = 946	Obj = 2271.11	Pricing Time = 7
--------------------------------------
n070w4_2_0-5-6-8
X fix to 1: 540
X fix to 0: 0
Fractional X remaining: 2297 | min(4.6326314986230854E-4, 0.9912289911189227)
--------------------------------------
i = 137	Master Time = 2	Lamb = 16593	Total time = 955	Obj = 2480.91	Pricing Time = 0
i = 138	Master Time = 2	Lamb = 16907	Total time = 957	Obj = 2442.97	Pricing Time = 1
i = 139	Master Time = 2	Lamb = 17123	Total time = 960	Obj = 2417.38	Pricing Time = 0
i = 140	Master Time = 2	Lamb = 17303	Total time = 962	Obj = 2375.19	Pricing Time = 0
i = 141	Master Time = 2	Lamb = 17461	Total time = 964	Obj = 2349.62	Pricing Time = 0
i = 142	Master Time = 2	Lamb = 17578	Total time = 966	Obj = 2325.20	Pricing Time = 0
i = 143	Master Time = 2	Lamb = 17679	Total time = 968	Obj = 2311.42	Pricing Time = 0
i = 144	Master Time = 1	Lamb = 17749	Total time = 969	Obj = 2303.95	Pricing Time = 0
i = 145	Master Time = 1	Lamb = 17814	Total time = 970	Obj = 2300.15	Pricing Time = 0
i = 146	Master Time = 1	Lamb = 17868	Total time = 972	Obj = 2295.37	Pricing Time = 0
i = 147	Master Time = 1	Lamb = 17920	Total time = 973	Obj = 2294.75	Pricing Time = 3
i = 148	Master Time = 2	Lamb = 17988	Total time = 978	Obj = 2289.51	Pricing Time = 0
i = 149	Master Time = 1	Lamb = 18034	Total time = 979	Obj = 2288.69	Pricing Time = 3
i = 150	Master Time = 1	Lamb = 18105	Total time = 983	Obj = 2284.39	Pricing Time = 3
i = 151	Master Time = 1	Lamb = 18159	Total time = 987	Obj = 2282.74	Pricing Time = 3
i = 152	Master Time = 3	Lamb = 18214	Total time = 993	Obj = 2280.75	Pricing Time = 1
i = 153	Master Time = 2	Lamb = 18404	Total time = 996	Obj = 2280.73	Pricing Time = 0
i = 154	Master Time = 3	Lamb = 18571	Total time = 999	Obj = 2280.57	Pricing Time = 0
i = 155	Master Time = 2	Lamb = 18673	Total time = 1002	Obj = 2280.24	Pricing Time = 3
i = 156	Master Time = 3	Lamb = 18763	Total time = 1007	Obj = 2277.22	Pricing Time = 1
i = 157	Master Time = 2	Lamb = 19003	Total time = 1010	Obj = 2277.22	Pricing Time = 1
i = 158	Master Time = 3	Lamb = 19222	Total time = 1014	Obj = 2277.22	Pricing Time = 0
i = 159	Master Time = 3	Lamb = 19408	Total time = 1017	Obj = 2277.08	Pricing Time = 2
i = 160	Master Time = 3	Lamb = 19511	Total time = 1022	Obj = 2274.68	Pricing Time = 0
i = 161	Master Time = 3	Lamb = 19622	Total time = 1025	Obj = 2274.17	Pricing Time = 3
i = 162	Master Time = 3	Lamb = 19698	Total time = 1031	Obj = 2273.67	Pricing Time = 3
i = 163	Master Time = 3	Lamb = 19764	Total time = 1037	Obj = 2273.34	Pricing Time = 1
i = 164	Master Time = 2	Lamb = 19876	Total time = 1040	Obj = 2273.33	Pricing Time = 2
i = 165	Master Time = 3	Lamb = 19971	Total time = 1045	Obj = 2273.33	Pricing Time = 3
i = 166	Master Time = 3	Lamb = 20041	Total time = 1051	Obj = 2271.67	Pricing Time = 3
i = 167	Master Time = 3	Lamb = 20103	Total time = 1057	Obj = 2271.67	Pricing Time = 2
i = 168	Master Time = 3	Lamb = 20167	Total time = 1062	Obj = 2271.67	Pricing Time = 2
i = 169	Master Time = 3	Lamb = 20224	Total time = 1067	Obj = 2271.67	Pricing Time = 3
i = 170	Master Time = 3	Lamb = 20270	Total time = 1073	Obj = 2271.67	Pricing Time = 3
i = 171	Master Time = 3	Lamb = 20312	Total time = 1079	Obj = 2271.67	Pricing Time = 3
i = 172	Master Time = 3	Lamb = 20360	Total time = 1085	Obj = 2271.67	Pricing Time = 2
i = 173	Master Time = 3	Lamb = 20393	Total time = 1090	Obj = 2271.67	Pricing Time = 3
i = 174	Master Time = 3	Lamb = 20425	Total time = 1096	Obj = 2271.67	Pricing Time = 2
i = 175	Master Time = 3	Lamb = 20455	Total time = 1101	Obj = 2271.67	Pricing Time = 3
i = 176	Master Time = 2	Lamb = 20479	Total time = 1106	Obj = 2271.67	Pricing Time = 3
i = 177	Master Time = 3	Lamb = 20512	Total time = 1112	Obj = 2271.67	Pricing Time = 3
i = 178	Master Time = 3	Lamb = 20540	Total time = 1118	Obj = 2271.67	Pricing Time = 2
i = 179	Master Time = 3	Lamb = 20586	Total time = 1123	Obj = 2271.67	Pricing Time = 3
i = 180	Master Time = 2	Lamb = 20623	Total time = 1128	Obj = 2271.67	Pricing Time = 3
i = 181	Master Time = 3	Lamb = 20661	Total time = 1134	Obj = 2271.67	Pricing Time = 3
i = 182	Master Time = 3	Lamb = 20693	Total time = 1140	Obj = 2271.67	Pricing Time = 4
i = 183	Master Time = 3	Lamb = 20720	Total time = 1147	Obj = 2271.67	Pricing Time = 3
i = 184	Master Time = 2	Lamb = 20757	Total time = 1152	Obj = 2271.67	Pricing Time = 4
i = 185	Master Time = 3	Lamb = 20782	Total time = 1159	Obj = 2271.67	Pricing Time = 3
i = 186	Master Time = 3	Lamb = 20807	Total time = 1165	Obj = 2271.67	Pricing Time = 2
i = 187	Master Time = 3	Lamb = 20831	Total time = 1170	Obj = 2271.67	Pricing Time = 3
i = 188	Master Time = 3	Lamb = 20864	Total time = 1176	Obj = 2271.67	Pricing Time = 2
i = 189	Master Time = 3	Lamb = 20892	Total time = 1181	Obj = 2271.67	Pricing Time = 4
i = 190	Master Time = 3	Lamb = 20922	Total time = 1188	Obj = 2271.67	Pricing Time = 3
i = 191	Master Time = 1	Lamb = 20945	Total time = 1192	Obj = 2271.67	Pricing Time = 3
i = 192	Master Time = 1	Lamb = 20966	Total time = 1196	Obj = 2271.67	Pricing Time = 3
i = 193	Master Time = 0	Lamb = 20977	Total time = 1199	Obj = 2271.67	Pricing Time = 4
i = 194	Master Time = 0	Lamb = 20986	Total time = 1203	Obj = 2271.67	Pricing Time = 3
i = 195	Master Time = 1	Lamb = 20987	Total time = 1207	Obj = 2271.67	Pricing Time = 3
i = 196	Master Time = 0	Lamb = 20989	Total time = 1210	Obj = 2271.67	Pricing Time = 3
--------------------------------------
n070w4_2_0-5-6-8
X fix to 1: 655
X fix to 0: 0
Fractional X remaining: 1699 | min(0.001533509537173962, 0.9774812713880365)
--------------------------------------
i = 197	Master Time = 3	Lamb = 20989	Total time = 1216	Obj = 2422.75	Pricing Time = 0
i = 198	Master Time = 3	Lamb = 21245	Total time = 1219	Obj = 2374.47	Pricing Time = 0
i = 199	Master Time = 2	Lamb = 21441	Total time = 1221	Obj = 2341.70	Pricing Time = 1
i = 200	Master Time = 1	Lamb = 21653	Total time = 1223	Obj = 2328.90	Pricing Time = 0
i = 201	Master Time = 3	Lamb = 21795	Total time = 1226	Obj = 2309.99	Pricing Time = 0
i = 202	Master Time = 3	Lamb = 21948	Total time = 1229	Obj = 2297.27	Pricing Time = 0
i = 203	Master Time = 1	Lamb = 22063	Total time = 1230	Obj = 2291.21	Pricing Time = 0
i = 204	Master Time = 3	Lamb = 22159	Total time = 1233	Obj = 2285.03	Pricing Time = 0
i = 205	Master Time = 3	Lamb = 22304	Total time = 1236	Obj = 2282.28	Pricing Time = 1
i = 206	Master Time = 2	Lamb = 22415	Total time = 1239	Obj = 2281.19	Pricing Time = 1
i = 207	Master Time = 3	Lamb = 22534	Total time = 1243	Obj = 2280.23	Pricing Time = 0
i = 208	Master Time = 2	Lamb = 22634	Total time = 1245	Obj = 2279.99	Pricing Time = 1
i = 209	Master Time = 2	Lamb = 22721	Total time = 1248	Obj = 2279.10	Pricing Time = 1
i = 210	Master Time = 2	Lamb = 22809	Total time = 1251	Obj = 2278.17	Pricing Time = 1
i = 211	Master Time = 2	Lamb = 22879	Total time = 1254	Obj = 2276.87	Pricing Time = 0
i = 212	Master Time = 3	Lamb = 22962	Total time = 1257	Obj = 2276.60	Pricing Time = 0
i = 213	Master Time = 3	Lamb = 23032	Total time = 1260	Obj = 2276.47	Pricing Time = 0
i = 214	Master Time = 3	Lamb = 23125	Total time = 1263	Obj = 2276.21	Pricing Time = 0
i = 215	Master Time = 3	Lamb = 23198	Total time = 1266	Obj = 2276.08	Pricing Time = 0
i = 216	Master Time = 2	Lamb = 23267	Total time = 1268	Obj = 2276.02	Pricing Time = 3
i = 217	Master Time = 3	Lamb = 23344	Total time = 1274	Obj = 2272.23	Pricing Time = 0
i = 218	Master Time = 2	Lamb = 23421	Total time = 1276	Obj = 2272.09	Pricing Time = 1
i = 219	Master Time = 2	Lamb = 23513	Total time = 1279	Obj = 2271.99	Pricing Time = 3
i = 220	Master Time = 3	Lamb = 23590	Total time = 1285	Obj = 2271.67	Pricing Time = 2
i = 221	Master Time = 3	Lamb = 23622	Total time = 1290	Obj = 2271.67	Pricing Time = 3
i = 222	Master Time = 2	Lamb = 23663	Total time = 1295	Obj = 2271.67	Pricing Time = 4
i = 223	Master Time = 2	Lamb = 23710	Total time = 1301	Obj = 2271.67	Pricing Time = 3
i = 224	Master Time = 3	Lamb = 23744	Total time = 1307	Obj = 2271.67	Pricing Time = 4
i = 225	Master Time = 2	Lamb = 23767	Total time = 1313	Obj = 2271.67	Pricing Time = 3
i = 226	Master Time = 3	Lamb = 23796	Total time = 1319	Obj = 2271.67	Pricing Time = 2
i = 227	Master Time = 3	Lamb = 23833	Total time = 1324	Obj = 2271.67	Pricing Time = 3
i = 228	Master Time = 3	Lamb = 23873	Total time = 1330	Obj = 2271.67	Pricing Time = 2
i = 229	Master Time = 2	Lamb = 23908	Total time = 1334	Obj = 2271.67	Pricing Time = 3
i = 230	Master Time = 3	Lamb = 23941	Total time = 1340	Obj = 2271.67	Pricing Time = 3
i = 231	Master Time = 3	Lamb = 23964	Total time = 1346	Obj = 2271.67	Pricing Time = 3
i = 232	Master Time = 2	Lamb = 23984	Total time = 1351	Obj = 2271.67	Pricing Time = 3
i = 233	Master Time = 3	Lamb = 24002	Total time = 1357	Obj = 2271.67	Pricing Time = 2
i = 234	Master Time = 3	Lamb = 24014	Total time = 1362	Obj = 2271.67	Pricing Time = 2
i = 235	Master Time = 1	Lamb = 24025	Total time = 1365	Obj = 2271.67	Pricing Time = 3
i = 236	Master Time = 0	Lamb = 24027	Total time = 1368	Obj = 2271.67	Pricing Time = 3
--------------------------------------
n070w4_2_0-5-6-8
X fix to 1: 743
X fix to 0: 0
Fractional X remaining: 1381 | min(4.7851517026967216E-4, 0.9400309644329194)
--------------------------------------
i = 237	Master Time = 3	Lamb = 24027	Total time = 1374	Obj = 2845.37	Pricing Time = 0
i = 238	Master Time = 2	Lamb = 24159	Total time = 1377	Obj = 2815.43	Pricing Time = 1
i = 239	Master Time = 2	Lamb = 24299	Total time = 1379	Obj = 2792.16	Pricing Time = 0
i = 240	Master Time = 2	Lamb = 24439	Total time = 1381	Obj = 2593.48	Pricing Time = 1
i = 241	Master Time = 2	Lamb = 24617	Total time = 1384	Obj = 2574.16	Pricing Time = 0
i = 242	Master Time = 2	Lamb = 24747	Total time = 1387	Obj = 2480.60	Pricing Time = 1
i = 243	Master Time = 2	Lamb = 24858	Total time = 1389	Obj = 2366.01	Pricing Time = 0
i = 244	Master Time = 2	Lamb = 25024	Total time = 1391	Obj = 2353.58	Pricing Time = 1
i = 245	Master Time = 2	Lamb = 25159	Total time = 1394	Obj = 2350.54	Pricing Time = 0
i = 246	Master Time = 3	Lamb = 25273	Total time = 1397	Obj = 2344.97	Pricing Time = 0
i = 247	Master Time = 2	Lamb = 25401	Total time = 1399	Obj = 2302.10	Pricing Time = 1
i = 248	Master Time = 2	Lamb = 25503	Total time = 1402	Obj = 2284.83	Pricing Time = 0
i = 249	Master Time = 2	Lamb = 25571	Total time = 1404	Obj = 2279.28	Pricing Time = 0
i = 250	Master Time = 1	Lamb = 25613	Total time = 1405	Obj = 2277.54	Pricing Time = 2
i = 251	Master Time = 1	Lamb = 25661	Total time = 1408	Obj = 2275.71	Pricing Time = 2
i = 252	Master Time = 1	Lamb = 25700	Total time = 1411	Obj = 2275.07	Pricing Time = 2
i = 253	Master Time = 3	Lamb = 25726	Total time = 1416	Obj = 2273.24	Pricing Time = 2
i = 254	Master Time = 2	Lamb = 25776	Total time = 1420	Obj = 2272.84	Pricing Time = 3
i = 255	Master Time = 3	Lamb = 25840	Total time = 1426	Obj = 2271.67	Pricing Time = 2
i = 256	Master Time = 2	Lamb = 25871	Total time = 1430	Obj = 2271.67	Pricing Time = 2
i = 257	Master Time = 2	Lamb = 25894	Total time = 1434	Obj = 2271.67	Pricing Time = 3
i = 258	Master Time = 1	Lamb = 25924	Total time = 1438	Obj = 2271.67	Pricing Time = 2
i = 259	Master Time = 0	Lamb = 25935	Total time = 1440	Obj = 2271.67	Pricing Time = 3
i = 260	Master Time = 1	Lamb = 25936	Total time = 1444	Obj = 2271.67	Pricing Time = 3
i = 261	Master Time = 0	Lamb = 25937	Total time = 1447	Obj = 2271.67	Pricing Time = 3
--------------------------------------
n070w4_2_0-5-6-8
X fix to 1: 797
X fix to 0: 0
Fractional X remaining: 1048 | min(1.3704172299777717E-4, 0.9277458159035781)
--------------------------------------
i = 262	Master Time = 2	Lamb = 25937	Total time = 1452	Obj = 2350.68	Pricing Time = 0
i = 263	Master Time = 3	Lamb = 26095	Total time = 1455	Obj = 2335.23	Pricing Time = 0
i = 264	Master Time = 2	Lamb = 26238	Total time = 1457	Obj = 2326.33	Pricing Time = 0
i = 265	Master Time = 3	Lamb = 26351	Total time = 1460	Obj = 2315.75	Pricing Time = 0
i = 266	Master Time = 3	Lamb = 26470	Total time = 1463	Obj = 2309.56	Pricing Time = 0
i = 267	Master Time = 2	Lamb = 26589	Total time = 1465	Obj = 2302.02	Pricing Time = 1
i = 268	Master Time = 2	Lamb = 26718	Total time = 1468	Obj = 2300.53	Pricing Time = 0
i = 269	Master Time = 2	Lamb = 26786	Total time = 1471	Obj = 2294.69	Pricing Time = 1
i = 270	Master Time = 3	Lamb = 26863	Total time = 1474	Obj = 2291.43	Pricing Time = 0
i = 271	Master Time = 2	Lamb = 26916	Total time = 1476	Obj = 2290.07	Pricing Time = 2
i = 272	Master Time = 2	Lamb = 26960	Total time = 1480	Obj = 2285.44	Pricing Time = 2
i = 273	Master Time = 2	Lamb = 27011	Total time = 1484	Obj = 2285.42	Pricing Time = 1
i = 274	Master Time = 3	Lamb = 27062	Total time = 1488	Obj = 2279.37	Pricing Time = 1
i = 275	Master Time = 2	Lamb = 27125	Total time = 1491	Obj = 2279.17	Pricing Time = 3
i = 276	Master Time = 2	Lamb = 27150	Total time = 1496	Obj = 2272.16	Pricing Time = 1
i = 277	Master Time = 2	Lamb = 27210	Total time = 1500	Obj = 2271.67	Pricing Time = 0
i = 278	Master Time = 2	Lamb = 27306	Total time = 1502	Obj = 2271.67	Pricing Time = 0
i = 279	Master Time = 3	Lamb = 27393	Total time = 1505	Obj = 2271.67	Pricing Time = 2
i = 280	Master Time = 3	Lamb = 27426	Total time = 1510	Obj = 2271.67	Pricing Time = 2
i = 281	Master Time = 2	Lamb = 27451	Total time = 1514	Obj = 2271.67	Pricing Time = 3
i = 282	Master Time = 0	Lamb = 27469	Total time = 1517	Obj = 2271.67	Pricing Time = 2
i = 283	Master Time = 1	Lamb = 27487	Total time = 1520	Obj = 2271.67	Pricing Time = 3
i = 284	Master Time = 0	Lamb = 27488	Total time = 1523	Obj = 2271.67	Pricing Time = 3
i = 285	Master Time = 0	Lamb = 27492	Total time = 1527	Obj = 2271.67	Pricing Time = 2
--------------------------------------
n070w4_2_0-5-6-8
X fix to 1: 829
X fix to 0: 0
Fractional X remaining: 858 | min(8.105702000951488E-4, 0.9265813505372535)
--------------------------------------
i = 286	Master Time = 2	Lamb = 27492	Total time = 1532	Obj = 2312.94	Pricing Time = 0
i = 287	Master Time = 3	Lamb = 27641	Total time = 1535	Obj = 2289.83	Pricing Time = 0
i = 288	Master Time = 2	Lamb = 27744	Total time = 1537	Obj = 2287.14	Pricing Time = 0
i = 289	Master Time = 2	Lamb = 27812	Total time = 1539	Obj = 2283.16	Pricing Time = 0
i = 290	Master Time = 2	Lamb = 27933	Total time = 1541	Obj = 2282.29	Pricing Time = 2
i = 291	Master Time = 3	Lamb = 27994	Total time = 1546	Obj = 2277.29	Pricing Time = 0
i = 292	Master Time = 2	Lamb = 28104	Total time = 1548	Obj = 2276.55	Pricing Time = 2
i = 293	Master Time = 3	Lamb = 28138	Total time = 1553	Obj = 2274.69	Pricing Time = 0
i = 294	Master Time = 2	Lamb = 28220	Total time = 1556	Obj = 2274.40	Pricing Time = 2
i = 295	Master Time = 1	Lamb = 28260	Total time = 1558	Obj = 2273.38	Pricing Time = 2
i = 296	Master Time = 1	Lamb = 28286	Total time = 1561	Obj = 2272.79	Pricing Time = 2
i = 297	Master Time = 1	Lamb = 28314	Total time = 1564	Obj = 2272.22	Pricing Time = 1
i = 298	Master Time = 1	Lamb = 28343	Total time = 1566	Obj = 2272.00	Pricing Time = 2
i = 299	Master Time = 1	Lamb = 28352	Total time = 1569	Obj = 2272.00	Pricing Time = 2
i = 300	Master Time = 1	Lamb = 28362	Total time = 1572	Obj = 2271.67	Pricing Time = 2
i = 301	Master Time = 0	Lamb = 28373	Total time = 1574	Obj = 2271.67	Pricing Time = 2
i = 302	Master Time = 1	Lamb = 28381	Total time = 1577	Obj = 2271.67	Pricing Time = 2
i = 303	Master Time = 0	Lamb = 28387	Total time = 1579	Obj = 2271.67	Pricing Time = 3
i = 304	Master Time = 1	Lamb = 28388	Total time = 1583	Obj = 2271.67	Pricing Time = 3
--------------------------------------
n070w4_2_0-5-6-8
X fix to 1: 847
X fix to 0: 0
Fractional X remaining: 723 | min(8.826347909430959E-4, 0.9928380491249316)
--------------------------------------
i = 305	Master Time = 2	Lamb = 28388	Total time = 1588	Obj = 2282.00	Pricing Time = 0
i = 306	Master Time = 2	Lamb = 28491	Total time = 1590	Obj = 2277.62	Pricing Time = 0
i = 307	Master Time = 3	Lamb = 28575	Total time = 1593	Obj = 2277.26	Pricing Time = 1
i = 308	Master Time = 3	Lamb = 28649	Total time = 1597	Obj = 2275.38	Pricing Time = 0
i = 309	Master Time = 2	Lamb = 28716	Total time = 1599	Obj = 2274.04	Pricing Time = 0
i = 310	Master Time = 3	Lamb = 28813	Total time = 1602	Obj = 2273.86	Pricing Time = 0
i = 311	Master Time = 2	Lamb = 28902	Total time = 1604	Obj = 2272.29	Pricing Time = 2
i = 312	Master Time = 3	Lamb = 28920	Total time = 1609	Obj = 2271.67	Pricing Time = 2
i = 313	Master Time = 2	Lamb = 28971	Total time = 1613	Obj = 2271.67	Pricing Time = 2
i = 314	Master Time = 2	Lamb = 29021	Total time = 1617	Obj = 2271.67	Pricing Time = 2
i = 315	Master Time = 2	Lamb = 29082	Total time = 1621	Obj = 2271.67	Pricing Time = 2
i = 316	Master Time = 2	Lamb = 29135	Total time = 1625	Obj = 2271.67	Pricing Time = 2
i = 317	Master Time = 2	Lamb = 29165	Total time = 1629	Obj = 2271.67	Pricing Time = 2
i = 318	Master Time = 2	Lamb = 29217	Total time = 1633	Obj = 2271.67	Pricing Time = 1
i = 319	Master Time = 3	Lamb = 29263	Total time = 1637	Obj = 2271.67	Pricing Time = 2
i = 320	Master Time = 2	Lamb = 29313	Total time = 1641	Obj = 2271.67	Pricing Time = 2
i = 321	Master Time = 2	Lamb = 29333	Total time = 1645	Obj = 2271.67	Pricing Time = 2
i = 322	Master Time = 2	Lamb = 29344	Total time = 1649	Obj = 2271.67	Pricing Time = 1
i = 323	Master Time = 3	Lamb = 29353	Total time = 1653	Obj = 2271.67	Pricing Time = 1
i = 324	Master Time = 2	Lamb = 29368	Total time = 1656	Obj = 2271.67	Pricing Time = 2
i = 325	Master Time = 1	Lamb = 29383	Total time = 1659	Obj = 2271.67	Pricing Time = 2
i = 326	Master Time = 0	Lamb = 29403	Total time = 1661	Obj = 2271.67	Pricing Time = 2
i = 327	Master Time = 1	Lamb = 29416	Total time = 1664	Obj = 2271.67	Pricing Time = 2
i = 328	Master Time = 1	Lamb = 29422	Total time = 1667	Obj = 2271.67	Pricing Time = 2
i = 329	Master Time = 1	Lamb = 29423	Total time = 1670	Obj = 2271.67	Pricing Time = 2
i = 330	Master Time = 1	Lamb = 29429	Total time = 1673	Obj = 2271.67	Pricing Time = 2
--------------------------------------
n070w4_2_0-5-6-8
X fix to 1: 866
X fix to 0: 0
Fractional X remaining: 611 | min(0.010204671600367698, 0.9764685476410779)
--------------------------------------
i = 331	Master Time = 2	Lamb = 29429	Total time = 1677	Obj = 2280.70	Pricing Time = 1
i = 332	Master Time = 2	Lamb = 29498	Total time = 1680	Obj = 2274.09	Pricing Time = 0
i = 333	Master Time = 2	Lamb = 29577	Total time = 1682	Obj = 2273.14	Pricing Time = 1
i = 334	Master Time = 2	Lamb = 29644	Total time = 1685	Obj = 2272.60	Pricing Time = 1
i = 335	Master Time = 2	Lamb = 29700	Total time = 1688	Obj = 2272.19	Pricing Time = 0
i = 336	Master Time = 2	Lamb = 29772	Total time = 1690	Obj = 2271.68	Pricing Time = 1
i = 337	Master Time = 2	Lamb = 29859	Total time = 1693	Obj = 2271.67	Pricing Time = 2
i = 338	Master Time = 2	Lamb = 29905	Total time = 1698	Obj = 2271.67	Pricing Time = 2
i = 339	Master Time = 2	Lamb = 29952	Total time = 1701	Obj = 2271.67	Pricing Time = 2
i = 340	Master Time = 2	Lamb = 29980	Total time = 1705	Obj = 2271.67	Pricing Time = 2
i = 341	Master Time = 2	Lamb = 29997	Total time = 1709	Obj = 2271.67	Pricing Time = 2
i = 342	Master Time = 2	Lamb = 30025	Total time = 1713	Obj = 2271.67	Pricing Time = 2
i = 343	Master Time = 2	Lamb = 30045	Total time = 1717	Obj = 2271.67	Pricing Time = 2
i = 344	Master Time = 2	Lamb = 30078	Total time = 1721	Obj = 2271.67	Pricing Time = 1
i = 345	Master Time = 3	Lamb = 30086	Total time = 1725	Obj = 2271.67	Pricing Time = 2
i = 346	Master Time = 2	Lamb = 30104	Total time = 1729	Obj = 2271.67	Pricing Time = 2
i = 347	Master Time = 2	Lamb = 30127	Total time = 1733	Obj = 2271.67	Pricing Time = 1
i = 348	Master Time = 2	Lamb = 30138	Total time = 1736	Obj = 2271.67	Pricing Time = 2
i = 349	Master Time = 2	Lamb = 30143	Total time = 1740	Obj = 2271.67	Pricing Time = 2
i = 350	Master Time = 3	Lamb = 30152	Total time = 1745	Obj = 2271.67	Pricing Time = 1
i = 351	Master Time = 1	Lamb = 30160	Total time = 1747	Obj = 2271.67	Pricing Time = 2
--------------------------------------
n070w4_2_0-5-6-8
X fix to 1: 885
X fix to 0: 0
Fractional X remaining: 610 | min(0.011153403583079612, 0.8344645982533524)
--------------------------------------
i = 352	Master Time = 2	Lamb = 30160	Total time = 1751	Obj = 2285.87	Pricing Time = 0
i = 353	Master Time = 2	Lamb = 30225	Total time = 1753	Obj = 2281.59	Pricing Time = 2
i = 354	Master Time = 2	Lamb = 30284	Total time = 1757	Obj = 2280.00	Pricing Time = 1
i = 355	Master Time = 3	Lamb = 30330	Total time = 1761	Obj = 2275.56	Pricing Time = 1
i = 356	Master Time = 3	Lamb = 30402	Total time = 1765	Obj = 2273.38	Pricing Time = 2
i = 357	Master Time = 2	Lamb = 30461	Total time = 1769	Obj = 2271.67	Pricing Time = 2
i = 358	Master Time = 2	Lamb = 30495	Total time = 1773	Obj = 2271.67	Pricing Time = 1
i = 359	Master Time = 2	Lamb = 30528	Total time = 1776	Obj = 2271.67	Pricing Time = 2
i = 360	Master Time = 2	Lamb = 30564	Total time = 1780	Obj = 2271.67	Pricing Time = 2
i = 361	Master Time = 2	Lamb = 30594	Total time = 1784	Obj = 2271.67	Pricing Time = 2
i = 362	Master Time = 2	Lamb = 30619	Total time = 1788	Obj = 2271.67	Pricing Time = 2
i = 363	Master Time = 1	Lamb = 30632	Total time = 1791	Obj = 2271.67	Pricing Time = 2
i = 364	Master Time = 1	Lamb = 30641	Total time = 1794	Obj = 2271.67	Pricing Time = 1
i = 365	Master Time = 1	Lamb = 30642	Total time = 1796	Obj = 2271.67	Pricing Time = 2
i = 366	Master Time = 1	Lamb = 30645	Total time = 1799	Obj = 2271.67	Pricing Time = 2
--------------------------------------
n070w4_2_0-5-6-8
X fix to 1: 908
X fix to 0: 0
Fractional X remaining: 506 | min(0.03184713375795967, 0.9426751592356677)
--------------------------------------
i = 367	Master Time = 2	Lamb = 30645	Total time = 1803	Obj = 2324.77	Pricing Time = 1
i = 368	Master Time = 1	Lamb = 30706	Total time = 1806	Obj = 2312.26	Pricing Time = 1
i = 369	Master Time = 1	Lamb = 30750	Total time = 1809	Obj = 2292.78	Pricing Time = 1
i = 370	Master Time = 1	Lamb = 30781	Total time = 1811	Obj = 2283.88	Pricing Time = 2
i = 371	Master Time = 1	Lamb = 30808	Total time = 1814	Obj = 2276.90	Pricing Time = 2
i = 372	Master Time = 1	Lamb = 30830	Total time = 1817	Obj = 2274.57	Pricing Time = 1
i = 373	Master Time = 1	Lamb = 30842	Total time = 1819	Obj = 2272.69	Pricing Time = 2
i = 374	Master Time = 0	Lamb = 30857	Total time = 1821	Obj = 2271.67	Pricing Time = 3
i = 375	Master Time = 0	Lamb = 30865	Total time = 1824	Obj = 2271.67	Pricing Time = 2
i = 376	Master Time = 1	Lamb = 30867	Total time = 1827	Obj = 2271.67	Pricing Time = 2
i = 377	Master Time = 0	Lamb = 30876	Total time = 1829	Obj = 2271.67	Pricing Time = 2
i = 378	Master Time = 0	Lamb = 30877	Total time = 1831	Obj = 2271.67	Pricing Time = 3
--------------------------------------
n070w4_2_0-5-6-8
X fix to 1: 916
X fix to 0: 0
Fractional X remaining: 363 | min(0.01724137931034453, 0.8275862068965518)
--------------------------------------
i = 379	Master Time = 0	Lamb = 30877	Total time = 1834	Obj = 2285.95	Pricing Time = 2
i = 380	Master Time = 1	Lamb = 30904	Total time = 1837	Obj = 2282.33	Pricing Time = 2
i = 381	Master Time = 1	Lamb = 30926	Total time = 1840	Obj = 2279.36	Pricing Time = 1
i = 382	Master Time = 1	Lamb = 30949	Total time = 1842	Obj = 2276.04	Pricing Time = 2
i = 383	Master Time = 0	Lamb = 30963	Total time = 1844	Obj = 2271.67	Pricing Time = 2
i = 384	Master Time = 1	Lamb = 30972	Total time = 1847	Obj = 2271.67	Pricing Time = 2
i = 385	Master Time = 1	Lamb = 30981	Total time = 1850	Obj = 2271.67	Pricing Time = 2
i = 386	Master Time = 0	Lamb = 30985	Total time = 1852	Obj = 2271.67	Pricing Time = 3
i = 387	Master Time = 0	Lamb = 30988	Total time = 1855	Obj = 2271.67	Pricing Time = 2
i = 388	Master Time = 0	Lamb = 30992	Total time = 1857	Obj = 2271.67	Pricing Time = 2
i = 389	Master Time = 1	Lamb = 30995	Total time = 1860	Obj = 2271.67	Pricing Time = 2
i = 390	Master Time = 0	Lamb = 30998	Total time = 1863	Obj = 2271.67	Pricing Time = 3
i = 391	Master Time = 0	Lamb = 31000	Total time = 1865	Obj = 2271.67	Pricing Time = 2
i = 392	Master Time = 1	Lamb = 31001	Total time = 1868	Obj = 2271.67	Pricing Time = 2
i = 393	Master Time = 0	Lamb = 31003	Total time = 1870	Obj = 2271.67	Pricing Time = 3
i = 394	Master Time = 0	Lamb = 31004	Total time = 1873	Obj = 2271.67	Pricing Time = 2
--------------------------------------
n070w4_2_0-5-6-8
X fix to 1: 935
X fix to 0: 0
Fractional X remaining: 360 | min(0.08333333333333326, 0.9166666666666666)
--------------------------------------
i = 395	Master Time = 0	Lamb = 31004	Total time = 1875	Obj = 2271.67	Pricing Time = 2
--------------------------------------
n070w4_2_0-5-6-8
X fix to 1: 936
X fix to 0: 1
Fractional X remaining: 196 | min(0.3333333333333329, 0.6666666666666673)
--------------------------------------
i = 396	Master Time = 0	Lamb = 31004	Total time = 1877	Obj = 2281.48	Pricing Time = 3
i = 397	Master Time = 0	Lamb = 31022	Total time = 1880	Obj = 2279.38	Pricing Time = 3
i = 398	Master Time = 0	Lamb = 31032	Total time = 1883	Obj = 2279.19	Pricing Time = 2
i = 399	Master Time = 1	Lamb = 31046	Total time = 1886	Obj = 2278.89	Pricing Time = 2
i = 400	Master Time = 0	Lamb = 31053	Total time = 1888	Obj = 2278.89	Pricing Time = 2
i = 401	Master Time = 0	Lamb = 31056	Total time = 1891	Obj = 2278.89	Pricing Time = 3
i = 402	Master Time = 0	Lamb = 31058	Total time = 1893	Obj = 2278.67	Pricing Time = 2
i = 403	Master Time = 0	Lamb = 31061	Total time = 1895	Obj = 2278.57	Pricing Time = 3
i = 404	Master Time = 0	Lamb = 31062	Total time = 1898	Obj = 2278.33	Pricing Time = 2
--------------------------------------
n070w4_2_0-5-6-8
X fix to 1: 949
X fix to 0: 1
Fractional X remaining: 211 | min(0.03703703703703637, 0.9259259259259263)
--------------------------------------
i = 405	Master Time = 1	Lamb = 31062	Total time = 1901	Obj = 2295.00	Pricing Time = 1
i = 406	Master Time = 1	Lamb = 31079	Total time = 1903	Obj = 2289.38	Pricing Time = 2
i = 407	Master Time = 0	Lamb = 31097	Total time = 1905	Obj = 2287.50	Pricing Time = 2
i = 408	Master Time = 1	Lamb = 31116	Total time = 1908	Obj = 2280.00	Pricing Time = 2
i = 409	Master Time = 0	Lamb = 31126	Total time = 1910	Obj = 2280.00	Pricing Time = 2
i = 410	Master Time = 0	Lamb = 31130	Total time = 1913	Obj = 2280.00	Pricing Time = 2
i = 411	Master Time = 1	Lamb = 31145	Total time = 1915	Obj = 2280.00	Pricing Time = 2
i = 412	Master Time = 0	Lamb = 31149	Total time = 1917	Obj = 2280.00	Pricing Time = 1
i = 413	Master Time = 1	Lamb = 31152	Total time = 1919	Obj = 2280.00	Pricing Time = 2
i = 414	Master Time = 0	Lamb = 31155	Total time = 1921	Obj = 2280.00	Pricing Time = 2
i = 415	Master Time = 0	Lamb = 31156	Total time = 1923	Obj = 2280.00	Pricing Time = 2
i = 416	Master Time = 1	Lamb = 31160	Total time = 1926	Obj = 2280.00	Pricing Time = 2
i = 417	Master Time = 0	Lamb = 31161	Total time = 1928	Obj = 2280.00	Pricing Time = 2
--------------------------------------
n070w4_2_0-5-6-8
X fix to 1: 950
X fix to 0: 2
Fractional X remaining: 102 | min(0.4999999999999988, 0.5000000000000004)
--------------------------------------
i = 418	Master Time = 0	Lamb = 31161	Total time = 1930	Obj = 2300.00	Pricing Time = 2
i = 419	Master Time = 1	Lamb = 31171	Total time = 1933	Obj = 2300.00	Pricing Time = 2
i = 420	Master Time = 0	Lamb = 31180	Total time = 1935	Obj = 2300.00	Pricing Time = 2
i = 421	Master Time = 0	Lamb = 31189	Total time = 1938	Obj = 2298.75	Pricing Time = 2
i = 422	Master Time = 1	Lamb = 31192	Total time = 1941	Obj = 2298.75	Pricing Time = 1
i = 423	Master Time = 0	Lamb = 31193	Total time = 1942	Obj = 2298.75	Pricing Time = 2
i = 424	Master Time = 1	Lamb = 31195	Total time = 1945	Obj = 2298.75	Pricing Time = 2
i = 425	Master Time = 0	Lamb = 31196	Total time = 1947	Obj = 2298.75	Pricing Time = 2
i = 426	Master Time = 0	Lamb = 31197	Total time = 1949	Obj = 2298.75	Pricing Time = 2
i = 427	Master Time = 0	Lamb = 31198	Total time = 1951	Obj = 2298.75	Pricing Time = 3
--------------------------------------
n070w4_2_0-5-6-8
X fix to 1: 984
X fix to 0: 2
Fractional X remaining: 230 | min(0.12499999999999985, 0.8750000000000002)
--------------------------------------
i = 428	Master Time = 0	Lamb = 31198	Total time = 1954	Obj = 2300.00	Pricing Time = 2
--------------------------------------
n070w4_2_0-5-6-8
X fix to 1: 985
X fix to 0: 2
Fractional X remaining: 122 | min(0.5, 0.5)
--------------------------------------
i = 429	Master Time = 0	Lamb = 31198	Total time = 1956	Obj = 2433.33	Pricing Time = 2
i = 430	Master Time = 0	Lamb = 31238	Total time = 1958	Obj = 2372.50	Pricing Time = 2
i = 431	Master Time = 0	Lamb = 31256	Total time = 1960	Obj = 2362.78	Pricing Time = 2
i = 432	Master Time = 1	Lamb = 31276	Total time = 1963	Obj = 2347.19	Pricing Time = 2
i = 433	Master Time = 0	Lamb = 31283	Total time = 1965	Obj = 2344.00	Pricing Time = 2
i = 434	Master Time = 1	Lamb = 31291	Total time = 1968	Obj = 2342.86	Pricing Time = 2
i = 435	Master Time = 0	Lamb = 31298	Total time = 1970	Obj = 2341.43	Pricing Time = 2
i = 436	Master Time = 0	Lamb = 31301	Total time = 1972	Obj = 2341.11	Pricing Time = 2
i = 437	Master Time = 0	Lamb = 31306	Total time = 1974	Obj = 2337.50	Pricing Time = 2
i = 438	Master Time = 0	Lamb = 31310	Total time = 1976	Obj = 2337.50	Pricing Time = 2
i = 439	Master Time = 0	Lamb = 31313	Total time = 1979	Obj = 2322.50	Pricing Time = 2
i = 440	Master Time = 0	Lamb = 31317	Total time = 1980	Obj = 2322.50	Pricing Time = 2
i = 441	Master Time = 0	Lamb = 31319	Total time = 1982	Obj = 2322.50	Pricing Time = 2
--------------------------------------
n070w4_2_0-5-6-8
X fix to 1: 986
X fix to 0: 2
Fractional X remaining: 100 | min(0.5, 0.5)
--------------------------------------
i = 442	Master Time = 1	Lamb = 31319	Total time = 1985	Obj = 2400.00	Pricing Time = 2
i = 443	Master Time = 0	Lamb = 31337	Total time = 1987	Obj = 2367.50	Pricing Time = 2
i = 444	Master Time = 0	Lamb = 31349	Total time = 1989	Obj = 2367.50	Pricing Time = 2
i = 445	Master Time = 0	Lamb = 31353	Total time = 1991	Obj = 2352.50	Pricing Time = 2
i = 446	Master Time = 1	Lamb = 31357	Total time = 1994	Obj = 2352.50	Pricing Time = 2
i = 447	Master Time = 0	Lamb = 31359	Total time = 1996	Obj = 2352.50	Pricing Time = 2
i = 448	Master Time = 0	Lamb = 31361	Total time = 1998	Obj = 2350.00	Pricing Time = 2
i = 449	Master Time = 0	Lamb = 31364	Total time = 2000	Obj = 2350.00	Pricing Time = 2
i = 450	Master Time = 0	Lamb = 31365	Total time = 2002	Obj = 2350.00	Pricing Time = 2
--------------------------------------
n070w4_2_0-5-6-8
X fix to 1: 987
X fix to 0: 2
Fractional X remaining: 120 | min(0.5, 0.5)
--------------------------------------
i = 451	Master Time = 1	Lamb = 31365	Total time = 2005	Obj = 2350.00	Pricing Time = 1
i = 452	Master Time = 1	Lamb = 31366	Total time = 2007	Obj = 2350.00	Pricing Time = 1
i = 453	Master Time = 0	Lamb = 31367	Total time = 2009	Obj = 2350.00	Pricing Time = 2
--------------------------------------
n070w4_2_0-5-6-8
X fix to 1: 988
X fix to 0: 2
Fractional X remaining: 118 | min(0.5, 0.5)
--------------------------------------
i = 454	Master Time = 0	Lamb = 31367	Total time = 2011	Obj = 2398.33	Pricing Time = 2
i = 455	Master Time = 0	Lamb = 31374	Total time = 2013	Obj = 2398.33	Pricing Time = 2
i = 456	Master Time = 0	Lamb = 31380	Total time = 2015	Obj = 2377.50	Pricing Time = 2
i = 457	Master Time = 0	Lamb = 31384	Total time = 2018	Obj = 2377.00	Pricing Time = 2
i = 458	Master Time = 1	Lamb = 31387	Total time = 2020	Obj = 2375.00	Pricing Time = 2
i = 459	Master Time = 0	Lamb = 31388	Total time = 2022	Obj = 2375.00	Pricing Time = 2
--------------------------------------
n070w4_2_0-5-6-8
X fix to 1: 989
X fix to 0: 3
Fractional X remaining: 29 | min(0.49999999999999956, 0.5000000000000004)
--------------------------------------
i = 460	Master Time = 0	Lamb = 31388	Total time = 2024	Obj = 2400.00	Pricing Time = 2
i = 461	Master Time = 0	Lamb = 31399	Total time = 2026	Obj = 2400.00	Pricing Time = 2
i = 462	Master Time = 1	Lamb = 31408	Total time = 2029	Obj = 2385.00	Pricing Time = 1
i = 463	Master Time = 1	Lamb = 31416	Total time = 2031	Obj = 2385.00	Pricing Time = 2
i = 464	Master Time = 0	Lamb = 31423	Total time = 2033	Obj = 2385.00	Pricing Time = 2
i = 465	Master Time = 0	Lamb = 31428	Total time = 2035	Obj = 2385.00	Pricing Time = 2
i = 466	Master Time = 0	Lamb = 31429	Total time = 2037	Obj = 2385.00	Pricing Time = 2
i = 467	Master Time = 0	Lamb = 31430	Total time = 2039	Obj = 2385.00	Pricing Time = 2

n070w4_2_0-5-6-8
Integer solution found

Printing SHIFT allocations
HN_0   |-|L|L|L|L|-|-| |-|-|-|-|D|D|L| |L|L|-|-|-|-|-| |D|D|E|E|-|-|-|
HN_1   |E|E|E|E|E|-|-| |E|E|E|E|E|-|-| |-|-|-|E|E|E|E| |E|-|-|-|-|L|L|
HN_2   |L|-|-|-|L|L|L| |L|L|-|-|-|-|-| |L|L|L|L|L|-|-| |L|L|L|-|-|L|L|
HN_3   |D|D|-|-|-|-|-| |D|D|L|L|L|-|-| |-|-|-|-|L|L|N| |N|N|N|-|-|-|-|
HN_4   |N|N|N|N|N|-|-| |-|-|N|N|N|N|N| |-|-|N|N|N|N|N| |-|-|D|D|D|-|-|
HN_5   |-|-|-|D|D|D|D| |L|L|-|-|-|-|-| |-|D|D|L|L|-|-| |-|-|-|N|N|N|N|
HN_6   |E|E|E|-|-|E|E| |E|E|-|-|-|-|-| |E|E|E|E|E|-|-| |E|E|E|-|-|E|E|
HN_7   |E|E|-|-|-|N|N| |N|N|N|-|-|E|E| |D|D|D|-|-|-|-| |N|N|N|N|N|-|-|
NU_8   |-|E|E|E|-|-|-| |-|-|N|N|N|N|N| |-|-|-|E|E|D|D| |-|-|L|L|L|-|-|
NU_9   |L|L|L|-|-|-|-| |D|D|L|L|L|-|-| |-|-|-|D|D|D|L| |L|-|-|D|D|D|E|
NU_10  |-|N|N|N|N|-|-| |-|N|N|N|N|-|-| |N|N|N|N|N|-|-| |-|-|-|N|N|N|N|
NU_11  |E|E|-|-|E|E|E| |-|-|E|E|E|-|-| |E|E|E|E|E|-|-| |E|E|E|-|-|E|E|
NU_12  |-|L|L|L|L|-|-| |-|-|L|L|L|-|-| |L|L|L|-|-|L|L| |L|-|-|L|L|L|L|
NU_13  |-|-|-|-|L|L|L| |L|-|-|-|-|-|-| |L|L|L|L|L|-|-| |-|-|-|D|D|D|D|
NU_14  |-|-|E|E|E|-|-| |-|E|E|E|-|-|-| |E|E|E|-|-|E|E| |E|E|-|-|-|E|E|
NU_15  |D|D|D|-|-|-|-| |-|D|D|D|D|-|-| |-|E|E|E|-|-|-| |D|D|D|-|-|D|D|
NU_16  |D|-|-|-|-|D|D| |D|D|-|-|D|D|D| |-|-|D|D|D|-|-| |D|D|D|D|D|-|-|
NU_17  |-|-|-|D|D|D|D| |D|D|-|-|-|-|-| |-|D|D|D|D|-|-| |-|-|-|-|D|D|D|
NU_18  |N|N|-|-|-|-|-| |N|N|N|N|N|-|-| |-|N|N|N|N|-|-| |N|N|N|N|-|-|-|
NU_19  |-|D|D|D|-|-|-| |L|L|L|-|-|E|E| |D|D|-|-|E|E|L| |L|L|-|-|-|-|-|
NU_20  |N|N|N|N|N|-|-| |N|N|N|N|N|-|-| |N|N|N|N|N|-|-| |N|N|N|N|N|-|-|
NU_21  |N|N|N|N|-|-|-| |-|-|E|E|N|N|N| |N|-|-|-|-|-|-| |E|E|E|D|D|-|-|
NU_22  |D|D|E|E|E|-|-| |E|E|E|D|D|-|-| |L|L|L|-|-|L|L| |L|-|-|E|E|E|E|
NU_23  |D|D|E|E|E|-|-| |-|-|-|L|L|L|L| |L|-|-|D|D|D|D| |-|-|E|E|E|-|-|
NU_24  |L|L|-|-|-|-|-| |-|D|D|D|D|-|-| |-|-|-|-|E|E|N| |N|N|N|-|-|-|-|
NU_25  |D|-|-|N|N|N|N| |-|-|D|D|D|-|-| |N|N|N|N|N|-|-| |N|N|N|N|N|-|-|
NU_26  |L|L|L|L|L|-|-| |L|L|L|L|L|-|-| |L|L|L|L|L|-|-| |L|L|L|L|L|-|-|
NU_27  |-|-|D|D|D|-|-| |D|D|D|D|D|-|-| |D|D|D|D|D|-|-| |D|D|D|D|D|-|-|
NU_28  |-|L|L|L|L|-|-| |L|L|L|-|-|L|L| |L|L|-|-|L|L|L| |L|L|-|-|-|-|-|
NU_29  |N|N|N|N|-|-|-| |-|N|N|N|N|-|-| |-|N|N|N|N|-|-| |-|-|-|N|N|N|N|
NU_30  |L|L|-|-|-|-|-| |L|L|L|L|L|-|-| |-|L|L|L|L|-|-| |-|-|-|L|L|L|L|
NU_31  |N|-|-|D|D|D|D| |-|-|L|L|L|-|-| |D|D|L|L|L|-|-| |D|D|D|D|D|-|-|
NU_32  |L|L|L|L|-|-|-| |-|-|-|E|E|E|E| |D|D|-|-|-|-|-| |L|L|L|L|-|-|-|
NU_33  |L|L|-|-|L|L|L| |L|L|-|-|L|L|L| |-|-|L|L|L|-|-| |L|L|L|L|L|-|-|
NU_34  |-|-|-|D|D|D|D| |-|-|-|-|-|-|D| |D|D|D|-|-|-|-| |-|D|D|D|D|-|-|
NU_35  |D|-|-|-|-|N|N| |N|N|N|-|-|-|-| |E|E|L|L|L|-|-| |D|D|L|L|L|-|-|
NU_36  |-|-|-|-|L|L|N| |N|N|N|-|-|-|-| |-|-|E|E|N|N|N| |N|-|-|-|-|-|-|
NU_37  |E|E|E|-|-|-|-| |E|E|E|-|-|E|E| |E|E|-|-|E|E|E| |E|E|-|-|-|-|-|
NU_38  |-|-|-|E|E|E|E| |E|-|-|-|-|-|E| |E|E|E|-|-|-|-| |-|E|E|E|E|-|-|
NU_39  |E|E|E|E|-|-|-| |-|N|N|N|N|-|-| |-|D|D|D|D|-|-| |-|-|-|N|N|N|N|
CT_40  |D|D|D|D|D|-|-| |-|-|-|E|E|E|D| |D|-|-|D|D|D|D| |-|-|D|D|D|-|-|
CT_41  |-|-|-|-|D|D|E| |E|E|E|-|-|-|-| |-|-|D|D|N|N|N| |N|-|-|-|-|-|-|
CT_42  |N|N|N|N|N|-|-| |E|E|L|L|L|-|-| |E|E|D|D|D|-|-| |D|D|E|E|E|-|-|
CT_43  |-|D|D|L|L|-|-| |-|-|-|-|N|N|N| |N|-|-|-|-|-|-| |E|E|L|L|-|-|-|
CT_44  |E|E|-|-|L|L|L| |L|L|-|-|D|D|D| |-|-|D|D|D|-|-| |N|N|N|N|N|-|-|
CT_45  |-|-|E|E|E|-|-| |E|E|E|E|E|-|-| |E|E|L|L|L|-|-| |D|D|E|E|E|-|-|
CT_46  |N|-|-|L|L|L|L| |L|-|-|L|L|L|L| |-|-|L|L|L|-|-| |L|L|L|L|L|-|-|
CT_47  |-|L|L|L|-|-|-| |-|-|N|N|N|N|N| |-|-|-|E|E|D|D| |-|-|L|L|L|-|-|
CT_48  |L|L|L|L|L|-|-| |D|D|E|E|-|-|-| |-|D|D|D|-|-|-| |-|-|N|N|N|N|N|
CT_49  |N|N|N|N|N|-|-| |D|D|D|E|E|-|-| |N|N|N|N|N|-|-| |D|D|D|E|E|-|-|
CT_50  |N|N|N|N|N|-|-| |-|-|-|-|N|N|N| |N|-|-|-|-|-|-| |D|D|E|E|-|-|-|
CT_51  |-|-|-|-|N|N|N| |N|-|-|-|-|-|D| |D|D|D|-|-|-|-| |-|D|D|E|E|-|-|
CT_52  |E|E|E|-|-|-|-| |-|L|L|L|L|-|-| |-|E|E|E|E|-|-| |-|-|-|N|N|N|N|
CT_53  |-|-|D|D|D|-|-| |D|D|D|E|E|-|-| |N|N|N|N|N|-|-| |E|E|E|E|E|-|-|
CT_54  |D|D|D|D|D|-|-| |D|D|D|D|D|-|-| |D|D|D|D|D|-|-| |N|N|N|N|N|-|-|
CT_55  |L|L|-|-|N|N|N| |N|N|-|-|D|D|D| |-|-|E|E|E|-|-| |E|E|L|L|L|-|-|
CT_56  |N|N|N|N|N|-|-| |D|D|D|E|E|-|-| |L|L|L|-|-|D|D| |L|L|-|-|D|D|L|
CT_57  |D|D|D|E|E|-|-| |-|-|-|D|D|L|L| |-|-|N|N|N|N|N| |-|-|D|D|D|-|-|
CT_58  |D|D|D|E|E|-|-| |-|-|-|D|D|E|E| |E|-|-|-|E|E|E| |E|E|-|-|-|-|-|
CT_59  |E|E|-|-|-|-|-| |E|E|E|E|-|-|-| |N|N|N|N|N|-|-| |E|E|L|L|-|-|-|
TR_60  |E|E|E|E|-|L|L| |L|-|-|N|N|N|N| |-|L|L|L|L|-|-| |E|E|L|L|L|-|-|
TR_61  |-|-|L|L|L|-|-| |-|-|-|D|D|D|E| |E|-|-|-|-|-|-| |L|L|L|L|-|-|-|
TR_62  |-|-|E|E|E|-|-| |E|E|E|D|D|-|-| |E|E|E|E|E|-|-| |E|E|E|-|-|D|D|
TR_63  |-|-|N|N|N|N|N| |-|-|-|-|-|L|L| |L|L|-|-|-|-|-| |-|D|D|D|E|-|-|
TR_64  |L|-|-|-|-|D|D| |L|L|-|-|E|E|E| |-|-|E|E|E|L|L| |-|-|N|N|N|-|-|
TR_65  |D|D|D|L|L|-|-| |E|D|D|E|E|-|-| |D|D|D|L|L|-|-| |L|L|L|-|-|L|L|
TR_66  |D|D|L|L|-|-|-| |-|-|L|L|L|L|-| |-|-|-|-|D|D|D| |D|D|-|-|-|-|-|
TR_67  |-|-|-|-|E|E|E| |D|D|-|-|-|-|-| |-|D|D|D|D|-|-| |-|-|-|-|E|E|E|
TR_68  |E|E|D|D|-|-|-| |E|E|L|L|-|-|-| |-|N|N|N|N|-|-| |-|-|-|D|D|D|L|
TR_69  |L|L|N|N|N|-|-| |N|N|N|N|N|-|-| |N|N|N|N|N|-|-| |N|N|N|N|N|-|-|
Total assignment constraints: 1300
Consecutive constraints: 165
Non working days constraints: 150
Preferences: 110
Max working weekend: 360
Complete weekends: 0
Optimal coverage constraints: 300
TOTAL = 2385
