  Creating directory: out/n035w4_0_4-2-1-6

-----------------------------------------------------------
Instance	n035w4_0_4-2-1-6
algorithm	=	vns
maxIter	=	10
eliteSet	=	10
shakePerc	=	0.9
bestKnow	=	1800.0
minColsIter	=	0.35
minRoundDown	=	-1.0
minRoundUp	=	0.67
seed	=	0
onlyRelax	=	false
nThreads	=	20
alpha	=	0.6
timeOut	=	14600
-----------------------------------------------------------
Parallels mode has been selected.
i = 0	Master Time = 0	Lamb = 0	Total time = 2	Obj = 198280.00	Pricing Time = 1
i = 1	Master Time = 0	Lamb = 218	Total time = 2	Obj = 75715.00	Pricing Time = 0
i = 2	Master Time = 0	Lamb = 437	Total time = 3	Obj = 28882.81	Pricing Time = 0
i = 3	Master Time = 1	Lamb = 653	Total time = 3	Obj = 22190.41	Pricing Time = 0
i = 4	Master Time = 0	Lamb = 849	Total time = 4	Obj = 15189.75	Pricing Time = 0
i = 5	Master Time = 1	Lamb = 1060	Total time = 4	Obj = 12319.38	Pricing Time = 0
i = 6	Master Time = 1	Lamb = 1280	Total time = 5	Obj = 9729.37	Pricing Time = 0
i = 7	Master Time = 1	Lamb = 1509	Total time = 7	Obj = 7494.97	Pricing Time = 1
i = 8	Master Time = 1	Lamb = 1724	Total time = 8	Obj = 6323.72	Pricing Time = 0
i = 9	Master Time = 1	Lamb = 1945	Total time = 9	Obj = 5743.73	Pricing Time = 0
i = 10	Master Time = 0	Lamb = 2164	Total time = 10	Obj = 5176.50	Pricing Time = 0
i = 11	Master Time = 0	Lamb = 2382	Total time = 11	Obj = 4791.89	Pricing Time = 0
i = 12	Master Time = 1	Lamb = 2591	Total time = 12	Obj = 4329.41	Pricing Time = 0
i = 13	Master Time = 1	Lamb = 2765	Total time = 13	Obj = 3903.14	Pricing Time = 0
i = 14	Master Time = 1	Lamb = 2948	Total time = 14	Obj = 3499.98	Pricing Time = 0
i = 15	Master Time = 1	Lamb = 3136	Total time = 15	Obj = 3173.82	Pricing Time = 0
i = 16	Master Time = 1	Lamb = 3291	Total time = 16	Obj = 2941.78	Pricing Time = 0
i = 17	Master Time = 1	Lamb = 3457	Total time = 17	Obj = 2788.06	Pricing Time = 1
i = 18	Master Time = 0	Lamb = 3592	Total time = 18	Obj = 2628.56	Pricing Time = 1
i = 19	Master Time = 1	Lamb = 3751	Total time = 19	Obj = 2540.74	Pricing Time = 0
i = 20	Master Time = 1	Lamb = 3884	Total time = 21	Obj = 2474.23	Pricing Time = 0
i = 21	Master Time = 1	Lamb = 4015	Total time = 22	Obj = 2411.95	Pricing Time = 0
i = 22	Master Time = 1	Lamb = 4133	Total time = 23	Obj = 2362.81	Pricing Time = 1
i = 23	Master Time = 1	Lamb = 4278	Total time = 24	Obj = 2316.65	Pricing Time = 0
i = 24	Master Time = 1	Lamb = 4394	Total time = 26	Obj = 2281.13	Pricing Time = 0
i = 25	Master Time = 1	Lamb = 4529	Total time = 27	Obj = 2246.55	Pricing Time = 0
i = 26	Master Time = 1	Lamb = 4666	Total time = 28	Obj = 2214.72	Pricing Time = 0
i = 27	Master Time = 1	Lamb = 4792	Total time = 29	Obj = 2188.06	Pricing Time = 0
i = 28	Master Time = 1	Lamb = 4924	Total time = 29	Obj = 2166.84	Pricing Time = 0
i = 29	Master Time = 0	Lamb = 5027	Total time = 30	Obj = 2151.25	Pricing Time = 0
i = 30	Master Time = 1	Lamb = 5118	Total time = 30	Obj = 2132.32	Pricing Time = 0
i = 31	Master Time = 0	Lamb = 5207	Total time = 31	Obj = 2108.54	Pricing Time = 1
i = 32	Master Time = 0	Lamb = 5310	Total time = 32	Obj = 2090.73	Pricing Time = 1
i = 33	Master Time = 0	Lamb = 5398	Total time = 33	Obj = 2078.20	Pricing Time = 0
i = 34	Master Time = 1	Lamb = 5507	Total time = 33	Obj = 2064.97	Pricing Time = 0
i = 35	Master Time = 1	Lamb = 5617	Total time = 34	Obj = 2051.69	Pricing Time = 0
i = 36	Master Time = 1	Lamb = 5713	Total time = 35	Obj = 2034.48	Pricing Time = 0
i = 37	Master Time = 0	Lamb = 5780	Total time = 36	Obj = 2022.71	Pricing Time = 1
i = 38	Master Time = 0	Lamb = 5843	Total time = 37	Obj = 2013.94	Pricing Time = 1
i = 39	Master Time = 0	Lamb = 5898	Total time = 38	Obj = 2004.49	Pricing Time = 0
i = 40	Master Time = 1	Lamb = 5980	Total time = 38	Obj = 1998.34	Pricing Time = 0
i = 41	Master Time = 1	Lamb = 6038	Total time = 39	Obj = 1992.31	Pricing Time = 0
i = 42	Master Time = 1	Lamb = 6097	Total time = 40	Obj = 1982.79	Pricing Time = 0
i = 43	Master Time = 1	Lamb = 6153	Total time = 41	Obj = 1977.89	Pricing Time = 0
i = 44	Master Time = 1	Lamb = 6213	Total time = 42	Obj = 1972.60	Pricing Time = 0
i = 45	Master Time = 0	Lamb = 6253	Total time = 43	Obj = 1969.02	Pricing Time = 1
i = 46	Master Time = 0	Lamb = 6286	Total time = 44	Obj = 1965.88	Pricing Time = 1
i = 47	Master Time = 1	Lamb = 6332	Total time = 45	Obj = 1962.29	Pricing Time = 0
i = 48	Master Time = 1	Lamb = 6377	Total time = 46	Obj = 1959.13	Pricing Time = 0
i = 49	Master Time = 1	Lamb = 6414	Total time = 47	Obj = 1955.52	Pricing Time = 0
i = 50	Master Time = 1	Lamb = 6450	Total time = 48	Obj = 1952.21	Pricing Time = 0
i = 51	Master Time = 1	Lamb = 6484	Total time = 49	Obj = 1943.68	Pricing Time = 0
i = 52	Master Time = 1	Lamb = 6522	Total time = 50	Obj = 1938.46	Pricing Time = 0
i = 53	Master Time = 1	Lamb = 6557	Total time = 51	Obj = 1932.88	Pricing Time = 0
i = 54	Master Time = 1	Lamb = 6599	Total time = 52	Obj = 1927.13	Pricing Time = 0
i = 55	Master Time = 0	Lamb = 6626	Total time = 53	Obj = 1924.47	Pricing Time = 1
i = 56	Master Time = 1	Lamb = 6662	Total time = 54	Obj = 1921.68	Pricing Time = 0
i = 57	Master Time = 1	Lamb = 6696	Total time = 55	Obj = 1919.72	Pricing Time = 0
i = 58	Master Time = 1	Lamb = 6725	Total time = 56	Obj = 1918.88	Pricing Time = 0
i = 59	Master Time = 1	Lamb = 6754	Total time = 57	Obj = 1916.17	Pricing Time = 0
i = 60	Master Time = 1	Lamb = 6790	Total time = 58	Obj = 1911.23	Pricing Time = 0
i = 61	Master Time = 1	Lamb = 6825	Total time = 59	Obj = 1908.97	Pricing Time = 0
i = 62	Master Time = 0	Lamb = 6846	Total time = 60	Obj = 1908.02	Pricing Time = 1
i = 63	Master Time = 0	Lamb = 6864	Total time = 61	Obj = 1906.90	Pricing Time = 0
i = 64	Master Time = 1	Lamb = 6887	Total time = 62	Obj = 1905.69	Pricing Time = 1
i = 65	Master Time = 0	Lamb = 6912	Total time = 63	Obj = 1904.75	Pricing Time = 13
i = 66	Master Time = 1	Lamb = 6985	Total time = 77	Obj = 1857.88	Pricing Time = 1
i = 67	Master Time = 0	Lamb = 7046	Total time = 78	Obj = 1851.01	Pricing Time = 0
i = 68	Master Time = 1	Lamb = 7093	Total time = 79	Obj = 1846.88	Pricing Time = 0
i = 69	Master Time = 1	Lamb = 7132	Total time = 80	Obj = 1839.71	Pricing Time = 0
i = 70	Master Time = 1	Lamb = 7168	Total time = 81	Obj = 1827.57	Pricing Time = 0
i = 71	Master Time = 1	Lamb = 7214	Total time = 82	Obj = 1823.49	Pricing Time = 0
i = 72	Master Time = 1	Lamb = 7253	Total time = 83	Obj = 1821.17	Pricing Time = 0
i = 73	Master Time = 1	Lamb = 7281	Total time = 83	Obj = 1819.79	Pricing Time = 0
i = 74	Master Time = 1	Lamb = 7300	Total time = 85	Obj = 1815.06	Pricing Time = 0
i = 75	Master Time = 0	Lamb = 7324	Total time = 85	Obj = 1813.83	Pricing Time = 11
i = 76	Master Time = 1	Lamb = 7402	Total time = 97	Obj = 1772.77	Pricing Time = 0
i = 77	Master Time = 1	Lamb = 7468	Total time = 97	Obj = 1768.55	Pricing Time = 0
i = 78	Master Time = 0	Lamb = 7521	Total time = 98	Obj = 1766.15	Pricing Time = 1
i = 79	Master Time = 0	Lamb = 7560	Total time = 99	Obj = 1760.23	Pricing Time = 1
i = 80	Master Time = 0	Lamb = 7608	Total time = 100	Obj = 1757.36	Pricing Time = 0
i = 81	Master Time = 1	Lamb = 7654	Total time = 100	Obj = 1754.06	Pricing Time = 0
i = 82	Master Time = 1	Lamb = 7690	Total time = 101	Obj = 1748.98	Pricing Time = 0
i = 83	Master Time = 1	Lamb = 7733	Total time = 102	Obj = 1746.07	Pricing Time = 0
i = 84	Master Time = 1	Lamb = 7763	Total time = 103	Obj = 1745.00	Pricing Time = 0
i = 85	Master Time = 1	Lamb = 7794	Total time = 104	Obj = 1743.65	Pricing Time = 0
i = 86	Master Time = 0	Lamb = 7826	Total time = 105	Obj = 1743.02	Pricing Time = 1
i = 87	Master Time = 0	Lamb = 7856	Total time = 106	Obj = 1741.46	Pricing Time = 1
i = 88	Master Time = 0	Lamb = 7892	Total time = 107	Obj = 1740.56	Pricing Time = 0
i = 89	Master Time = 1	Lamb = 7924	Total time = 107	Obj = 1740.00	Pricing Time = 0
i = 90	Master Time = 1	Lamb = 7947	Total time = 108	Obj = 1739.02	Pricing Time = 0
i = 91	Master Time = 0	Lamb = 7974	Total time = 109	Obj = 1738.34	Pricing Time = 10
i = 92	Master Time = 1	Lamb = 8053	Total time = 120	Obj = 1717.02	Pricing Time = 0
i = 93	Master Time = 1	Lamb = 8135	Total time = 120	Obj = 1714.82	Pricing Time = 0
i = 94	Master Time = 1	Lamb = 8201	Total time = 121	Obj = 1713.75	Pricing Time = 0
i = 95	Master Time = 1	Lamb = 8258	Total time = 122	Obj = 1712.34	Pricing Time = 0
i = 96	Master Time = 1	Lamb = 8305	Total time = 123	Obj = 1710.84	Pricing Time = 0
i = 97	Master Time = 1	Lamb = 8341	Total time = 124	Obj = 1708.99	Pricing Time = 0
i = 98	Master Time = 0	Lamb = 8382	Total time = 125	Obj = 1707.78	Pricing Time = 1
i = 99	Master Time = 0	Lamb = 8411	Total time = 126	Obj = 1707.66	Pricing Time = 0
i = 100	Master Time = 1	Lamb = 8438	Total time = 127	Obj = 1706.89	Pricing Time = 9
i = 101	Master Time = 1	Lamb = 8516	Total time = 137	Obj = 1686.02	Pricing Time = 0
i = 102	Master Time = 1	Lamb = 8567	Total time = 138	Obj = 1684.30	Pricing Time = 0
i = 103	Master Time = 1	Lamb = 8600	Total time = 138	Obj = 1682.74	Pricing Time = 0
i = 104	Master Time = 1	Lamb = 8631	Total time = 139	Obj = 1681.77	Pricing Time = 0
i = 105	Master Time = 1	Lamb = 8661	Total time = 140	Obj = 1681.50	Pricing Time = 0
i = 106	Master Time = 1	Lamb = 8682	Total time = 141	Obj = 1680.27	Pricing Time = 16
i = 107	Master Time = 1	Lamb = 8776	Total time = 159	Obj = 1666.75	Pricing Time = 11
i = 108	Master Time = 1	Lamb = 8846	Total time = 171	Obj = 1655.27	Pricing Time = 0
i = 109	Master Time = 1	Lamb = 8871	Total time = 172	Obj = 1654.31	Pricing Time = 0
i = 110	Master Time = 1	Lamb = 8907	Total time = 173	Obj = 1653.07	Pricing Time = 0
i = 111	Master Time = 0	Lamb = 8933	Total time = 174	Obj = 1652.83	Pricing Time = 0
i = 112	Master Time = 1	Lamb = 8957	Total time = 175	Obj = 1652.14	Pricing Time = 0
i = 113	Master Time = 1	Lamb = 8985	Total time = 176	Obj = 1651.01	Pricing Time = 7
i = 114	Master Time = 1	Lamb = 9066	Total time = 183	Obj = 1642.58	Pricing Time = 0
i = 115	Master Time = 0	Lamb = 9089	Total time = 184	Obj = 1642.07	Pricing Time = 1
i = 116	Master Time = 0	Lamb = 9118	Total time = 185	Obj = 1641.93	Pricing Time = 12
i = 117	Master Time = 2	Lamb = 9193	Total time = 198	Obj = 1636.61	Pricing Time = 8
i = 118	Master Time = 2	Lamb = 9276	Total time = 208	Obj = 1628.95	Pricing Time = 0
i = 119	Master Time = 0	Lamb = 9301	Total time = 209	Obj = 1628.66	Pricing Time = 8
i = 120	Master Time = 1	Lamb = 9377	Total time = 218	Obj = 1621.74	Pricing Time = 11
i = 121	Master Time = 2	Lamb = 9455	Total time = 230	Obj = 1619.01	Pricing Time = 6
i = 122	Master Time = 1	Lamb = 9534	Total time = 238	Obj = 1616.33	Pricing Time = 7
i = 123	Master Time = 2	Lamb = 9614	Total time = 246	Obj = 1611.60	Pricing Time = 21
i = 124	Master Time = 1	Lamb = 9690	Total time = 269	Obj = 1608.58	Pricing Time = 20
i = 125	Master Time = 1	Lamb = 9761	Total time = 290	Obj = 1606.20	Pricing Time = 10
i = 126	Master Time = 1	Lamb = 9829	Total time = 300	Obj = 1605.45	Pricing Time = 9
i = 127	Master Time = 1	Lamb = 9894	Total time = 311	Obj = 1603.86	Pricing Time = 19
i = 128	Master Time = 1	Lamb = 9958	Total time = 331	Obj = 1602.87	Pricing Time = 14
i = 129	Master Time = 1	Lamb = 10021	Total time = 346	Obj = 1602.08	Pricing Time = 12
i = 130	Master Time = 1	Lamb = 10078	Total time = 359	Obj = 1601.53	Pricing Time = 8
i = 131	Master Time = 1	Lamb = 10128	Total time = 367	Obj = 1599.95	Pricing Time = 14
i = 132	Master Time = 0	Lamb = 10178	Total time = 382	Obj = 1598.73	Pricing Time = 8
i = 133	Master Time = 0	Lamb = 10195	Total time = 389	Obj = 1597.59	Pricing Time = 9
i = 134	Master Time = 1	Lamb = 10205	Total time = 399	Obj = 1597.08	Pricing Time = 9
i = 135	Master Time = 0	Lamb = 10213	Total time = 409	Obj = 1597.00	Pricing Time = 10
i = 136	Master Time = 0	Lamb = 10223	Total time = 419	Obj = 1596.95	Pricing Time = 10
i = 137	Master Time = 0	Lamb = 10228	Total time = 428	Obj = 1596.92	Pricing Time = 8
i = 138	Master Time = 0	Lamb = 10233	Total time = 437	Obj = 1596.92	Pricing Time = 9
i = 139	Master Time = 0	Lamb = 10236	Total time = 446	Obj = 1596.92	Pricing Time = 9
i = 140	Master Time = 0	Lamb = 10240	Total time = 455	Obj = 1596.92	Pricing Time = 9
i = 141	Master Time = 0	Lamb = 10243	Total time = 464	Obj = 1596.89	Pricing Time = 9
i = 142	Master Time = 0	Lamb = 10251	Total time = 473	Obj = 1596.89	Pricing Time = 10
i = 143	Master Time = 0	Lamb = 10258	Total time = 483	Obj = 1596.89	Pricing Time = 9
i = 144	Master Time = 0	Lamb = 10267	Total time = 491	Obj = 1596.89	Pricing Time = 8
i = 145	Master Time = 1	Lamb = 10271	Total time = 500	Obj = 1596.89	Pricing Time = 8
i = 146	Master Time = 0	Lamb = 10273	Total time = 508	Obj = 1596.88	Pricing Time = 9
i = 147	Master Time = 0	Lamb = 10276	Total time = 517	Obj = 1596.88	Pricing Time = 9
i = 148	Master Time = 0	Lamb = 10278	Total time = 527	Obj = 1596.88	Pricing Time = 8
i = 149	Master Time = 1	Lamb = 10279	Total time = 535	Obj = 1596.88	Pricing Time = 8
i = 150	Master Time = 0	Lamb = 10281	Total time = 544	Obj = 1596.88	Pricing Time = 9
i = 151	Master Time = 0	Lamb = 10282	Total time = 553	Obj = 1596.88	Pricing Time = 9
i = 152	Master Time = 1	Lamb = 10286	Total time = 562	Obj = 1596.88	Pricing Time = 8
i = 153	Master Time = 0	Lamb = 10287	Total time = 570	Obj = 1596.88	Pricing Time = 9

Optimal of relaxation found.
Fractional X Variables: 1836 (min: 2.964815497611961E-4 max: 0.9885057471264385)
--------------------------------------
n035w4_0_4-2-1-6
X fix to 1: 169
X fix to 0: 0
Fractional X remaining: 1836 | min(2.964815497611961E-4, 0.9885057471264385)
--------------------------------------
i = 154	Master Time = 2	Lamb = 10287	Total time = 581	Obj = 2179.24	Pricing Time = 0
i = 155	Master Time = 1	Lamb = 10462	Total time = 583	Obj = 1949.43	Pricing Time = 1
i = 156	Master Time = 1	Lamb = 10613	Total time = 585	Obj = 1810.62	Pricing Time = 0
i = 157	Master Time = 1	Lamb = 10772	Total time = 586	Obj = 1764.94	Pricing Time = 0
i = 158	Master Time = 1	Lamb = 10899	Total time = 587	Obj = 1721.20	Pricing Time = 0
i = 159	Master Time = 1	Lamb = 10999	Total time = 587	Obj = 1710.22	Pricing Time = 0
i = 160	Master Time = 1	Lamb = 11082	Total time = 589	Obj = 1698.95	Pricing Time = 0
i = 161	Master Time = 1	Lamb = 11140	Total time = 590	Obj = 1692.76	Pricing Time = 0
i = 162	Master Time = 1	Lamb = 11188	Total time = 591	Obj = 1680.83	Pricing Time = 0
i = 163	Master Time = 1	Lamb = 11243	Total time = 592	Obj = 1666.62	Pricing Time = 0
i = 164	Master Time = 1	Lamb = 11293	Total time = 593	Obj = 1660.55	Pricing Time = 0
i = 165	Master Time = 1	Lamb = 11333	Total time = 594	Obj = 1656.79	Pricing Time = 1
i = 166	Master Time = 0	Lamb = 11372	Total time = 595	Obj = 1652.97	Pricing Time = 0
i = 167	Master Time = 1	Lamb = 11407	Total time = 596	Obj = 1651.07	Pricing Time = 0
i = 168	Master Time = 1	Lamb = 11437	Total time = 597	Obj = 1649.51	Pricing Time = 0
i = 169	Master Time = 1	Lamb = 11470	Total time = 598	Obj = 1646.99	Pricing Time = 1
i = 170	Master Time = 0	Lamb = 11494	Total time = 599	Obj = 1646.21	Pricing Time = 0
i = 171	Master Time = 2	Lamb = 11517	Total time = 600	Obj = 1644.06	Pricing Time = 0
i = 172	Master Time = 0	Lamb = 11553	Total time = 601	Obj = 1643.15	Pricing Time = 1
i = 173	Master Time = 0	Lamb = 11579	Total time = 602	Obj = 1641.99	Pricing Time = 0
i = 174	Master Time = 1	Lamb = 11597	Total time = 603	Obj = 1641.33	Pricing Time = 3
i = 175	Master Time = 2	Lamb = 11640	Total time = 607	Obj = 1634.19	Pricing Time = 0
i = 176	Master Time = 1	Lamb = 11665	Total time = 608	Obj = 1633.50	Pricing Time = 0
i = 177	Master Time = 0	Lamb = 11692	Total time = 609	Obj = 1632.89	Pricing Time = 1
i = 178	Master Time = 1	Lamb = 11712	Total time = 610	Obj = 1631.92	Pricing Time = 0
i = 179	Master Time = 1	Lamb = 11730	Total time = 611	Obj = 1630.56	Pricing Time = 0
i = 180	Master Time = 1	Lamb = 11750	Total time = 612	Obj = 1629.94	Pricing Time = 0
i = 181	Master Time = 1	Lamb = 11771	Total time = 614	Obj = 1629.49	Pricing Time = 0
i = 182	Master Time = 1	Lamb = 11791	Total time = 615	Obj = 1629.08	Pricing Time = 3
i = 183	Master Time = 2	Lamb = 11834	Total time = 619	Obj = 1621.23	Pricing Time = 0
i = 184	Master Time = 0	Lamb = 11856	Total time = 620	Obj = 1619.72	Pricing Time = 3
i = 185	Master Time = 1	Lamb = 11893	Total time = 623	Obj = 1614.47	Pricing Time = 2
i = 186	Master Time = 1	Lamb = 11930	Total time = 627	Obj = 1610.92	Pricing Time = 3
i = 187	Master Time = 1	Lamb = 11958	Total time = 631	Obj = 1609.69	Pricing Time = 3
i = 188	Master Time = 1	Lamb = 11997	Total time = 634	Obj = 1609.02	Pricing Time = 2
i = 189	Master Time = 1	Lamb = 12039	Total time = 637	Obj = 1608.41	Pricing Time = 2
i = 190	Master Time = 0	Lamb = 12063	Total time = 640	Obj = 1607.75	Pricing Time = 3
i = 191	Master Time = 0	Lamb = 12096	Total time = 643	Obj = 1607.65	Pricing Time = 4
i = 192	Master Time = 0	Lamb = 12105	Total time = 647	Obj = 1606.59	Pricing Time = 4
i = 193	Master Time = 1	Lamb = 12133	Total time = 652	Obj = 1603.84	Pricing Time = 3
i = 194	Master Time = 1	Lamb = 12166	Total time = 655	Obj = 1603.49	Pricing Time = 2
i = 195	Master Time = 2	Lamb = 12194	Total time = 659	Obj = 1602.03	Pricing Time = 2
i = 196	Master Time = 1	Lamb = 12229	Total time = 662	Obj = 1601.67	Pricing Time = 3
i = 197	Master Time = 0	Lamb = 12233	Total time = 666	Obj = 1601.57	Pricing Time = 3
i = 198	Master Time = 1	Lamb = 12267	Total time = 670	Obj = 1601.47	Pricing Time = 4
i = 199	Master Time = 0	Lamb = 12304	Total time = 674	Obj = 1601.39	Pricing Time = 4
i = 200	Master Time = 1	Lamb = 12328	Total time = 678	Obj = 1601.34	Pricing Time = 3
i = 201	Master Time = 0	Lamb = 12362	Total time = 682	Obj = 1601.31	Pricing Time = 4
i = 202	Master Time = 0	Lamb = 12390	Total time = 686	Obj = 1601.25	Pricing Time = 4
--------------------------------------
n035w4_0_4-2-1-6
X fix to 1: 233
X fix to 0: 0
Fractional X remaining: 1064 | min(1.8796234548995594E-4, 0.9639703432895936)
--------------------------------------
i = 203	Master Time = 1	Lamb = 12390	Total time = 691	Obj = 1891.10	Pricing Time = 1
i = 204	Master Time = 1	Lamb = 12553	Total time = 693	Obj = 1815.38	Pricing Time = 0
i = 205	Master Time = 1	Lamb = 12689	Total time = 694	Obj = 1785.19	Pricing Time = 0
i = 206	Master Time = 1	Lamb = 12820	Total time = 695	Obj = 1742.06	Pricing Time = 0
i = 207	Master Time = 1	Lamb = 12906	Total time = 696	Obj = 1691.34	Pricing Time = 0
i = 208	Master Time = 1	Lamb = 12982	Total time = 697	Obj = 1670.15	Pricing Time = 0
i = 209	Master Time = 1	Lamb = 13035	Total time = 698	Obj = 1649.17	Pricing Time = 0
i = 210	Master Time = 1	Lamb = 13082	Total time = 698	Obj = 1639.53	Pricing Time = 0
i = 211	Master Time = 1	Lamb = 13123	Total time = 699	Obj = 1634.19	Pricing Time = 0
i = 212	Master Time = 1	Lamb = 13148	Total time = 700	Obj = 1633.25	Pricing Time = 0
i = 213	Master Time = 0	Lamb = 13173	Total time = 701	Obj = 1631.46	Pricing Time = 1
i = 214	Master Time = 0	Lamb = 13197	Total time = 702	Obj = 1629.83	Pricing Time = 2
i = 215	Master Time = 1	Lamb = 13237	Total time = 704	Obj = 1625.06	Pricing Time = 2
i = 216	Master Time = 1	Lamb = 13269	Total time = 707	Obj = 1621.43	Pricing Time = 2
i = 217	Master Time = 1	Lamb = 13306	Total time = 710	Obj = 1615.36	Pricing Time = 0
i = 218	Master Time = 1	Lamb = 13323	Total time = 711	Obj = 1614.31	Pricing Time = 0
i = 219	Master Time = 0	Lamb = 13344	Total time = 712	Obj = 1613.26	Pricing Time = 3
i = 220	Master Time = 1	Lamb = 13379	Total time = 715	Obj = 1610.12	Pricing Time = 2
i = 221	Master Time = 1	Lamb = 13405	Total time = 719	Obj = 1608.36	Pricing Time = 3
i = 222	Master Time = 0	Lamb = 13420	Total time = 722	Obj = 1607.45	Pricing Time = 3
i = 223	Master Time = 1	Lamb = 13453	Total time = 725	Obj = 1606.19	Pricing Time = 0
i = 224	Master Time = 0	Lamb = 13472	Total time = 726	Obj = 1606.18	Pricing Time = 4
i = 225	Master Time = 0	Lamb = 13494	Total time = 730	Obj = 1605.17	Pricing Time = 3
i = 226	Master Time = 0	Lamb = 13518	Total time = 733	Obj = 1604.37	Pricing Time = 3
i = 227	Master Time = 1	Lamb = 13543	Total time = 737	Obj = 1603.88	Pricing Time = 3
i = 228	Master Time = 0	Lamb = 13560	Total time = 740	Obj = 1603.33	Pricing Time = 3
i = 229	Master Time = 1	Lamb = 13565	Total time = 743	Obj = 1603.18	Pricing Time = 3
i = 230	Master Time = 1	Lamb = 13579	Total time = 748	Obj = 1602.50	Pricing Time = 0
i = 231	Master Time = 2	Lamb = 13661	Total time = 750	Obj = 1602.50	Pricing Time = 0
i = 232	Master Time = 2	Lamb = 13747	Total time = 751	Obj = 1602.50	Pricing Time = 3
i = 233	Master Time = 1	Lamb = 13794	Total time = 756	Obj = 1602.50	Pricing Time = 0
i = 234	Master Time = 1	Lamb = 13848	Total time = 757	Obj = 1602.50	Pricing Time = 2
i = 235	Master Time = 1	Lamb = 13903	Total time = 760	Obj = 1602.50	Pricing Time = 3
i = 236	Master Time = 1	Lamb = 13928	Total time = 763	Obj = 1602.50	Pricing Time = 3
i = 237	Master Time = 0	Lamb = 13940	Total time = 767	Obj = 1602.50	Pricing Time = 4
i = 238	Master Time = 0	Lamb = 13959	Total time = 771	Obj = 1602.50	Pricing Time = 4
i = 239	Master Time = 0	Lamb = 13968	Total time = 775	Obj = 1602.50	Pricing Time = 4
i = 240	Master Time = 0	Lamb = 13976	Total time = 779	Obj = 1602.50	Pricing Time = 3
i = 241	Master Time = 1	Lamb = 13978	Total time = 782	Obj = 1602.50	Pricing Time = 3
i = 242	Master Time = 0	Lamb = 13980	Total time = 786	Obj = 1602.50	Pricing Time = 4
i = 243	Master Time = 0	Lamb = 13981	Total time = 789	Obj = 1602.50	Pricing Time = 2
i = 244	Master Time = 1	Lamb = 13982	Total time = 792	Obj = 1602.50	Pricing Time = 2
i = 245	Master Time = 1	Lamb = 13983	Total time = 795	Obj = 1602.50	Pricing Time = 3
i = 246	Master Time = 0	Lamb = 13984	Total time = 798	Obj = 1602.50	Pricing Time = 2
i = 247	Master Time = 1	Lamb = 13985	Total time = 801	Obj = 1602.50	Pricing Time = 2
i = 248	Master Time = 1	Lamb = 13986	Total time = 804	Obj = 1602.50	Pricing Time = 2
--------------------------------------
n035w4_0_4-2-1-6
X fix to 1: 271
X fix to 0: 0
Fractional X remaining: 753 | min(0.012877830490952258, 0.9643084304424475)
--------------------------------------
i = 249	Master Time = 2	Lamb = 13986	Total time = 808	Obj = 1638.07	Pricing Time = 0
i = 250	Master Time = 1	Lamb = 14101	Total time = 810	Obj = 1631.62	Pricing Time = 1
i = 251	Master Time = 1	Lamb = 14175	Total time = 811	Obj = 1622.14	Pricing Time = 0
i = 252	Master Time = 1	Lamb = 14225	Total time = 813	Obj = 1616.18	Pricing Time = 0
i = 253	Master Time = 1	Lamb = 14297	Total time = 814	Obj = 1609.38	Pricing Time = 0
i = 254	Master Time = 1	Lamb = 14368	Total time = 815	Obj = 1608.84	Pricing Time = 0
i = 255	Master Time = 1	Lamb = 14411	Total time = 816	Obj = 1607.74	Pricing Time = 0
i = 256	Master Time = 1	Lamb = 14442	Total time = 817	Obj = 1606.16	Pricing Time = 0
i = 257	Master Time = 1	Lamb = 14461	Total time = 817	Obj = 1605.99	Pricing Time = 1
i = 258	Master Time = 1	Lamb = 14502	Total time = 819	Obj = 1605.18	Pricing Time = 2
i = 259	Master Time = 2	Lamb = 14523	Total time = 823	Obj = 1603.29	Pricing Time = 0
i = 260	Master Time = 1	Lamb = 14582	Total time = 825	Obj = 1603.08	Pricing Time = 2
i = 261	Master Time = 1	Lamb = 14638	Total time = 828	Obj = 1602.50	Pricing Time = 1
i = 262	Master Time = 1	Lamb = 14680	Total time = 830	Obj = 1602.50	Pricing Time = 0
i = 263	Master Time = 1	Lamb = 14715	Total time = 831	Obj = 1602.50	Pricing Time = 3
i = 264	Master Time = 0	Lamb = 14746	Total time = 834	Obj = 1602.50	Pricing Time = 2
i = 265	Master Time = 0	Lamb = 14754	Total time = 836	Obj = 1602.50	Pricing Time = 3
i = 266	Master Time = 0	Lamb = 14760	Total time = 839	Obj = 1602.50	Pricing Time = 3
--------------------------------------
n035w4_0_4-2-1-6
X fix to 1: 288
X fix to 0: 0
Fractional X remaining: 634 | min(0.011026878015160113, 0.9483115093039496)
--------------------------------------
i = 267	Master Time = 1	Lamb = 14760	Total time = 842	Obj = 1621.60	Pricing Time = 0
i = 268	Master Time = 0	Lamb = 14852	Total time = 843	Obj = 1615.50	Pricing Time = 0
i = 269	Master Time = 1	Lamb = 14899	Total time = 844	Obj = 1611.06	Pricing Time = 0
i = 270	Master Time = 1	Lamb = 14950	Total time = 844	Obj = 1610.79	Pricing Time = 0
i = 271	Master Time = 1	Lamb = 14973	Total time = 846	Obj = 1609.18	Pricing Time = 0
i = 272	Master Time = 1	Lamb = 15037	Total time = 847	Obj = 1608.45	Pricing Time = 0
i = 273	Master Time = 1	Lamb = 15076	Total time = 848	Obj = 1605.61	Pricing Time = 2
i = 274	Master Time = 2	Lamb = 15128	Total time = 851	Obj = 1604.43	Pricing Time = 2
i = 275	Master Time = 1	Lamb = 15173	Total time = 855	Obj = 1604.21	Pricing Time = 3
i = 276	Master Time = 0	Lamb = 15207	Total time = 858	Obj = 1603.93	Pricing Time = 3
i = 277	Master Time = 1	Lamb = 15238	Total time = 862	Obj = 1602.88	Pricing Time = 1
i = 278	Master Time = 2	Lamb = 15264	Total time = 864	Obj = 1602.50	Pricing Time = 2
i = 279	Master Time = 1	Lamb = 15294	Total time = 868	Obj = 1602.50	Pricing Time = 3
i = 280	Master Time = 1	Lamb = 15330	Total time = 872	Obj = 1602.50	Pricing Time = 3
i = 281	Master Time = 0	Lamb = 15345	Total time = 875	Obj = 1602.50	Pricing Time = 2
i = 282	Master Time = 1	Lamb = 15358	Total time = 877	Obj = 1602.50	Pricing Time = 3
i = 283	Master Time = 0	Lamb = 15362	Total time = 881	Obj = 1602.50	Pricing Time = 2
i = 284	Master Time = 0	Lamb = 15363	Total time = 883	Obj = 1602.50	Pricing Time = 3
--------------------------------------
n035w4_0_4-2-1-6
X fix to 1: 297
X fix to 0: 0
Fractional X remaining: 563 | min(0.005617977528087681, 0.9101123595505569)
--------------------------------------
i = 285	Master Time = 1	Lamb = 15363	Total time = 887	Obj = 1607.00	Pricing Time = 0
i = 286	Master Time = 1	Lamb = 15414	Total time = 888	Obj = 1605.75	Pricing Time = 0
i = 287	Master Time = 1	Lamb = 15456	Total time = 889	Obj = 1605.02	Pricing Time = 0
i = 288	Master Time = 1	Lamb = 15480	Total time = 889	Obj = 1604.86	Pricing Time = 2
i = 289	Master Time = 1	Lamb = 15505	Total time = 893	Obj = 1602.63	Pricing Time = 0
i = 290	Master Time = 1	Lamb = 15536	Total time = 894	Obj = 1602.50	Pricing Time = 2
i = 291	Master Time = 1	Lamb = 15560	Total time = 897	Obj = 1602.50	Pricing Time = 2
i = 292	Master Time = 1	Lamb = 15589	Total time = 901	Obj = 1602.50	Pricing Time = 2
i = 293	Master Time = 1	Lamb = 15606	Total time = 904	Obj = 1602.50	Pricing Time = 3
i = 294	Master Time = 0	Lamb = 15616	Total time = 907	Obj = 1602.50	Pricing Time = 2
i = 295	Master Time = 1	Lamb = 15629	Total time = 910	Obj = 1602.50	Pricing Time = 3
i = 296	Master Time = 0	Lamb = 15632	Total time = 913	Obj = 1602.50	Pricing Time = 2
i = 297	Master Time = 1	Lamb = 15633	Total time = 915	Obj = 1602.50	Pricing Time = 2
i = 298	Master Time = 1	Lamb = 15634	Total time = 918	Obj = 1602.50	Pricing Time = 2
i = 299	Master Time = 0	Lamb = 15635	Total time = 921	Obj = 1602.50	Pricing Time = 3
i = 300	Master Time = 0	Lamb = 15636	Total time = 923	Obj = 1602.50	Pricing Time = 2
i = 301	Master Time = 0	Lamb = 15637	Total time = 925	Obj = 1602.50	Pricing Time = 2
i = 302	Master Time = 0	Lamb = 15638	Total time = 928	Obj = 1602.50	Pricing Time = 2
--------------------------------------
n035w4_0_4-2-1-6
X fix to 1: 306
X fix to 0: 0
Fractional X remaining: 540 | min(0.02140198511163378, 0.9785980148883584)
--------------------------------------
i = 303	Master Time = 1	Lamb = 15638	Total time = 931	Obj = 1612.64	Pricing Time = 0
i = 304	Master Time = 1	Lamb = 15709	Total time = 932	Obj = 1611.83	Pricing Time = 0
i = 305	Master Time = 2	Lamb = 15769	Total time = 933	Obj = 1610.78	Pricing Time = 0
i = 306	Master Time = 1	Lamb = 15798	Total time = 935	Obj = 1606.62	Pricing Time = 2
i = 307	Master Time = 1	Lamb = 15841	Total time = 938	Obj = 1605.37	Pricing Time = 2
i = 308	Master Time = 2	Lamb = 15868	Total time = 941	Obj = 1603.89	Pricing Time = 0
i = 309	Master Time = 1	Lamb = 15891	Total time = 943	Obj = 1603.88	Pricing Time = 3
i = 310	Master Time = 1	Lamb = 15926	Total time = 946	Obj = 1603.77	Pricing Time = 2
i = 311	Master Time = 1	Lamb = 15948	Total time = 950	Obj = 1602.63	Pricing Time = 3
i = 312	Master Time = 1	Lamb = 15965	Total time = 953	Obj = 1602.50	Pricing Time = 2
i = 313	Master Time = 1	Lamb = 15976	Total time = 957	Obj = 1602.50	Pricing Time = 2
i = 314	Master Time = 0	Lamb = 15985	Total time = 959	Obj = 1602.50	Pricing Time = 3
i = 315	Master Time = 0	Lamb = 15996	Total time = 962	Obj = 1602.50	Pricing Time = 2
i = 316	Master Time = 1	Lamb = 15998	Total time = 964	Obj = 1602.50	Pricing Time = 2
--------------------------------------
n035w4_0_4-2-1-6
X fix to 1: 323
X fix to 0: 0
Fractional X remaining: 491 | min(0.003329633740295601, 0.8385127635959935)
--------------------------------------
i = 317	Master Time = 1	Lamb = 15998	Total time = 968	Obj = 1654.63	Pricing Time = 0
i = 318	Master Time = 1	Lamb = 16077	Total time = 969	Obj = 1633.95	Pricing Time = 0
i = 319	Master Time = 1	Lamb = 16123	Total time = 969	Obj = 1621.60	Pricing Time = 0
i = 320	Master Time = 0	Lamb = 16153	Total time = 970	Obj = 1617.84	Pricing Time = 2
i = 321	Master Time = 0	Lamb = 16184	Total time = 972	Obj = 1614.02	Pricing Time = 2
i = 322	Master Time = 1	Lamb = 16207	Total time = 975	Obj = 1608.29	Pricing Time = 2
i = 323	Master Time = 1	Lamb = 16240	Total time = 977	Obj = 1607.04	Pricing Time = 1
i = 324	Master Time = 1	Lamb = 16277	Total time = 980	Obj = 1605.83	Pricing Time = 0
i = 325	Master Time = 1	Lamb = 16310	Total time = 981	Obj = 1605.74	Pricing Time = 2
i = 326	Master Time = 1	Lamb = 16352	Total time = 984	Obj = 1604.58	Pricing Time = 3
i = 327	Master Time = 1	Lamb = 16379	Total time = 988	Obj = 1604.44	Pricing Time = 2
i = 328	Master Time = 0	Lamb = 16404	Total time = 990	Obj = 1604.17	Pricing Time = 3
i = 329	Master Time = 1	Lamb = 16422	Total time = 993	Obj = 1603.12	Pricing Time = 2
i = 330	Master Time = 1	Lamb = 16446	Total time = 997	Obj = 1602.53	Pricing Time = 1
i = 331	Master Time = 1	Lamb = 16461	Total time = 999	Obj = 1602.50	Pricing Time = 2
i = 332	Master Time = 1	Lamb = 16468	Total time = 1002	Obj = 1602.50	Pricing Time = 2
i = 333	Master Time = 2	Lamb = 16474	Total time = 1005	Obj = 1602.50	Pricing Time = 2
i = 334	Master Time = 1	Lamb = 16484	Total time = 1008	Obj = 1602.50	Pricing Time = 2
i = 335	Master Time = 1	Lamb = 16499	Total time = 1012	Obj = 1602.50	Pricing Time = 2
--------------------------------------
n035w4_0_4-2-1-6
X fix to 1: 342
X fix to 0: 0
Fractional X remaining: 418 | min(0.01267605633802088, 0.9119718309859141)
--------------------------------------
i = 336	Master Time = 1	Lamb = 16499	Total time = 1015	Obj = 1627.41	Pricing Time = 0
i = 337	Master Time = 1	Lamb = 16562	Total time = 1016	Obj = 1625.85	Pricing Time = 0
i = 338	Master Time = 1	Lamb = 16613	Total time = 1016	Obj = 1621.90	Pricing Time = 0
i = 339	Master Time = 0	Lamb = 16645	Total time = 1017	Obj = 1620.55	Pricing Time = 2
i = 340	Master Time = 1	Lamb = 16672	Total time = 1020	Obj = 1607.14	Pricing Time = 2
i = 341	Master Time = 2	Lamb = 16709	Total time = 1023	Obj = 1604.58	Pricing Time = 0
i = 342	Master Time = 0	Lamb = 16730	Total time = 1024	Obj = 1604.50	Pricing Time = 2
i = 343	Master Time = 1	Lamb = 16752	Total time = 1027	Obj = 1604.17	Pricing Time = 2
i = 344	Master Time = 1	Lamb = 16762	Total time = 1030	Obj = 1602.50	Pricing Time = 2
i = 345	Master Time = 1	Lamb = 16781	Total time = 1032	Obj = 1602.50	Pricing Time = 2
i = 346	Master Time = 1	Lamb = 16796	Total time = 1036	Obj = 1602.50	Pricing Time = 2
i = 347	Master Time = 1	Lamb = 16806	Total time = 1039	Obj = 1602.50	Pricing Time = 2
i = 348	Master Time = 1	Lamb = 16817	Total time = 1041	Obj = 1602.50	Pricing Time = 2
i = 349	Master Time = 1	Lamb = 16822	Total time = 1044	Obj = 1602.50	Pricing Time = 2
i = 350	Master Time = 0	Lamb = 16825	Total time = 1047	Obj = 1602.50	Pricing Time = 3
i = 351	Master Time = 0	Lamb = 16827	Total time = 1050	Obj = 1602.50	Pricing Time = 2
--------------------------------------
n035w4_0_4-2-1-6
X fix to 1: 350
X fix to 0: 0
Fractional X remaining: 339 | min(0.08333333333333082, 0.8749999999999977)
--------------------------------------
i = 352	Master Time = 1	Lamb = 16827	Total time = 1053	Obj = 1619.71	Pricing Time = 0
i = 353	Master Time = 1	Lamb = 16855	Total time = 1054	Obj = 1616.67	Pricing Time = 2
i = 354	Master Time = 1	Lamb = 16872	Total time = 1056	Obj = 1609.87	Pricing Time = 1
i = 355	Master Time = 1	Lamb = 16906	Total time = 1059	Obj = 1608.75	Pricing Time = 0
i = 356	Master Time = 1	Lamb = 16943	Total time = 1060	Obj = 1608.75	Pricing Time = 1
i = 357	Master Time = 1	Lamb = 16953	Total time = 1062	Obj = 1607.35	Pricing Time = 1
i = 358	Master Time = 1	Lamb = 16974	Total time = 1064	Obj = 1605.00	Pricing Time = 2
i = 359	Master Time = 1	Lamb = 16988	Total time = 1067	Obj = 1603.75	Pricing Time = 1
i = 360	Master Time = 2	Lamb = 17007	Total time = 1069	Obj = 1603.75	Pricing Time = 2
i = 361	Master Time = 1	Lamb = 17038	Total time = 1073	Obj = 1603.75	Pricing Time = 2
i = 362	Master Time = 1	Lamb = 17059	Total time = 1075	Obj = 1603.75	Pricing Time = 2
i = 363	Master Time = 1	Lamb = 17081	Total time = 1079	Obj = 1603.50	Pricing Time = 2
i = 364	Master Time = 1	Lamb = 17091	Total time = 1081	Obj = 1602.88	Pricing Time = 2
i = 365	Master Time = 0	Lamb = 17103	Total time = 1084	Obj = 1602.50	Pricing Time = 2
i = 366	Master Time = 1	Lamb = 17111	Total time = 1086	Obj = 1602.50	Pricing Time = 1
i = 367	Master Time = 0	Lamb = 17114	Total time = 1088	Obj = 1602.50	Pricing Time = 3
i = 368	Master Time = 0	Lamb = 17115	Total time = 1091	Obj = 1602.50	Pricing Time = 3
i = 369	Master Time = 0	Lamb = 17119	Total time = 1094	Obj = 1602.50	Pricing Time = 2
--------------------------------------
n035w4_0_4-2-1-6
X fix to 1: 359
X fix to 0: 0
Fractional X remaining: 307 | min(0.02499999999999966, 0.7249999999999993)
--------------------------------------
i = 370	Master Time = 2	Lamb = 17119	Total time = 1097	Obj = 1610.56	Pricing Time = 0
i = 371	Master Time = 1	Lamb = 17141	Total time = 1099	Obj = 1605.00	Pricing Time = 1
i = 372	Master Time = 1	Lamb = 17168	Total time = 1101	Obj = 1605.00	Pricing Time = 0
i = 373	Master Time = 1	Lamb = 17190	Total time = 1102	Obj = 1605.00	Pricing Time = 2
i = 374	Master Time = 1	Lamb = 17202	Total time = 1104	Obj = 1605.00	Pricing Time = 1
i = 375	Master Time = 1	Lamb = 17234	Total time = 1107	Obj = 1602.50	Pricing Time = 2
i = 376	Master Time = 1	Lamb = 17257	Total time = 1110	Obj = 1602.50	Pricing Time = 2
i = 377	Master Time = 1	Lamb = 17276	Total time = 1113	Obj = 1602.50	Pricing Time = 2
i = 378	Master Time = 1	Lamb = 17292	Total time = 1116	Obj = 1602.50	Pricing Time = 2
i = 379	Master Time = 1	Lamb = 17316	Total time = 1119	Obj = 1602.50	Pricing Time = 1
i = 380	Master Time = 1	Lamb = 17322	Total time = 1120	Obj = 1602.50	Pricing Time = 2
--------------------------------------
n035w4_0_4-2-1-6
X fix to 1: 370
X fix to 0: 0
Fractional X remaining: 287 | min(0.124999999999995, 0.8750000000000036)
--------------------------------------
i = 381	Master Time = 1	Lamb = 17322	Total time = 1124	Obj = 1617.50	Pricing Time = 0
i = 382	Master Time = 1	Lamb = 17362	Total time = 1125	Obj = 1614.35	Pricing Time = 2
i = 383	Master Time = 1	Lamb = 17387	Total time = 1127	Obj = 1607.50	Pricing Time = 0
i = 384	Master Time = 1	Lamb = 17427	Total time = 1128	Obj = 1607.50	Pricing Time = 0
i = 385	Master Time = 0	Lamb = 17451	Total time = 1129	Obj = 1607.50	Pricing Time = 1
i = 386	Master Time = 1	Lamb = 17472	Total time = 1130	Obj = 1607.50	Pricing Time = 1
i = 387	Master Time = 1	Lamb = 17490	Total time = 1132	Obj = 1602.50	Pricing Time = 1
i = 388	Master Time = 1	Lamb = 17504	Total time = 1135	Obj = 1602.50	Pricing Time = 2
i = 389	Master Time = 1	Lamb = 17518	Total time = 1138	Obj = 1602.50	Pricing Time = 3
i = 390	Master Time = 1	Lamb = 17528	Total time = 1141	Obj = 1602.50	Pricing Time = 1
i = 391	Master Time = 1	Lamb = 17550	Total time = 1144	Obj = 1602.50	Pricing Time = 3
i = 392	Master Time = 1	Lamb = 17569	Total time = 1147	Obj = 1602.50	Pricing Time = 2
i = 393	Master Time = 1	Lamb = 17582	Total time = 1150	Obj = 1602.50	Pricing Time = 2
i = 394	Master Time = 1	Lamb = 17597	Total time = 1154	Obj = 1602.50	Pricing Time = 1
i = 395	Master Time = 1	Lamb = 17607	Total time = 1156	Obj = 1602.50	Pricing Time = 2
i = 396	Master Time = 1	Lamb = 17615	Total time = 1159	Obj = 1602.50	Pricing Time = 2
i = 397	Master Time = 1	Lamb = 17625	Total time = 1162	Obj = 1602.50	Pricing Time = 2
i = 398	Master Time = 1	Lamb = 17637	Total time = 1165	Obj = 1602.50	Pricing Time = 2
i = 399	Master Time = 1	Lamb = 17648	Total time = 1168	Obj = 1602.50	Pricing Time = 2
i = 400	Master Time = 1	Lamb = 17652	Total time = 1170	Obj = 1602.50	Pricing Time = 2
i = 401	Master Time = 0	Lamb = 17653	Total time = 1172	Obj = 1602.50	Pricing Time = 2
i = 402	Master Time = 1	Lamb = 17658	Total time = 1175	Obj = 1602.50	Pricing Time = 2
--------------------------------------
n035w4_0_4-2-1-6
X fix to 1: 382
X fix to 0: 0
Fractional X remaining: 258 | min(0.09999999999999376, 0.9000000000000049)
--------------------------------------
i = 403	Master Time = 1	Lamb = 17658	Total time = 1179	Obj = 1625.00	Pricing Time = 0
i = 404	Master Time = 1	Lamb = 17689	Total time = 1180	Obj = 1623.24	Pricing Time = 0
i = 405	Master Time = 1	Lamb = 17711	Total time = 1180	Obj = 1617.60	Pricing Time = 2
i = 406	Master Time = 0	Lamb = 17724	Total time = 1183	Obj = 1607.50	Pricing Time = 2
i = 407	Master Time = 0	Lamb = 17738	Total time = 1185	Obj = 1607.50	Pricing Time = 2
i = 408	Master Time = 1	Lamb = 17760	Total time = 1187	Obj = 1607.50	Pricing Time = 2
i = 409	Master Time = 1	Lamb = 17773	Total time = 1190	Obj = 1607.50	Pricing Time = 2
i = 410	Master Time = 0	Lamb = 17788	Total time = 1193	Obj = 1607.50	Pricing Time = 3
i = 411	Master Time = 1	Lamb = 17799	Total time = 1197	Obj = 1607.50	Pricing Time = 2
i = 412	Master Time = 1	Lamb = 17814	Total time = 1200	Obj = 1607.50	Pricing Time = 1
i = 413	Master Time = 1	Lamb = 17828	Total time = 1201	Obj = 1607.50	Pricing Time = 1
i = 414	Master Time = 1	Lamb = 17837	Total time = 1204	Obj = 1607.50	Pricing Time = 1
i = 415	Master Time = 1	Lamb = 17848	Total time = 1206	Obj = 1607.50	Pricing Time = 1
i = 416	Master Time = 1	Lamb = 17858	Total time = 1208	Obj = 1607.50	Pricing Time = 2
i = 417	Master Time = 1	Lamb = 17864	Total time = 1211	Obj = 1607.50	Pricing Time = 1
i = 418	Master Time = 1	Lamb = 17883	Total time = 1212	Obj = 1607.50	Pricing Time = 1
i = 419	Master Time = 1	Lamb = 17897	Total time = 1215	Obj = 1607.50	Pricing Time = 1
i = 420	Master Time = 1	Lamb = 17915	Total time = 1217	Obj = 1607.50	Pricing Time = 1
i = 421	Master Time = 1	Lamb = 17940	Total time = 1219	Obj = 1607.50	Pricing Time = 2
i = 422	Master Time = 1	Lamb = 17960	Total time = 1222	Obj = 1607.50	Pricing Time = 2
i = 423	Master Time = 1	Lamb = 17979	Total time = 1225	Obj = 1607.50	Pricing Time = 1
i = 424	Master Time = 1	Lamb = 18006	Total time = 1227	Obj = 1607.50	Pricing Time = 3
i = 425	Master Time = 1	Lamb = 18022	Total time = 1230	Obj = 1607.50	Pricing Time = 2
i = 426	Master Time = 1	Lamb = 18039	Total time = 1234	Obj = 1607.50	Pricing Time = 3
i = 427	Master Time = 0	Lamb = 18051	Total time = 1237	Obj = 1607.33	Pricing Time = 3
i = 428	Master Time = 0	Lamb = 18069	Total time = 1240	Obj = 1607.33	Pricing Time = 2
i = 429	Master Time = 0	Lamb = 18076	Total time = 1243	Obj = 1607.33	Pricing Time = 2
i = 430	Master Time = 1	Lamb = 18082	Total time = 1245	Obj = 1607.33	Pricing Time = 2
i = 431	Master Time = 1	Lamb = 18094	Total time = 1248	Obj = 1607.31	Pricing Time = 1
i = 432	Master Time = 0	Lamb = 18099	Total time = 1251	Obj = 1607.31	Pricing Time = 3
i = 433	Master Time = 0	Lamb = 18104	Total time = 1254	Obj = 1607.31	Pricing Time = 3
i = 434	Master Time = 0	Lamb = 18108	Total time = 1257	Obj = 1607.00	Pricing Time = 3
i = 435	Master Time = 0	Lamb = 18116	Total time = 1260	Obj = 1607.00	Pricing Time = 3
i = 436	Master Time = 0	Lamb = 18119	Total time = 1262	Obj = 1607.00	Pricing Time = 2
i = 437	Master Time = 0	Lamb = 18120	Total time = 1265	Obj = 1607.00	Pricing Time = 3
--------------------------------------
n035w4_0_4-2-1-6
X fix to 1: 383
X fix to 0: 1
Fractional X remaining: 263 | min(0.06666666666665264, 0.6666666666666773)
--------------------------------------
i = 438	Master Time = 0	Lamb = 18120	Total time = 1268	Obj = 1607.50	Pricing Time = 2
i = 439	Master Time = 1	Lamb = 18128	Total time = 1270	Obj = 1607.50	Pricing Time = 1
i = 440	Master Time = 1	Lamb = 18130	Total time = 1273	Obj = 1607.50	Pricing Time = 2
i = 441	Master Time = 0	Lamb = 18131	Total time = 1275	Obj = 1607.50	Pricing Time = 3
i = 442	Master Time = 0	Lamb = 18134	Total time = 1278	Obj = 1607.50	Pricing Time = 2
i = 443	Master Time = 0	Lamb = 18135	Total time = 1280	Obj = 1607.50	Pricing Time = 2
--------------------------------------
n035w4_0_4-2-1-6
X fix to 1: 384
X fix to 0: 2
Fractional X remaining: 196 | min(0.49999999999999367, 0.500000000000006)
--------------------------------------
i = 444	Master Time = 1	Lamb = 18135	Total time = 1283	Obj = 1632.56	Pricing Time = 1
i = 445	Master Time = 2	Lamb = 18159	Total time = 1285	Obj = 1625.65	Pricing Time = 1
i = 446	Master Time = 1	Lamb = 18174	Total time = 1287	Obj = 1622.50	Pricing Time = 2
i = 447	Master Time = 0	Lamb = 18182	Total time = 1290	Obj = 1622.50	Pricing Time = 2
i = 448	Master Time = 1	Lamb = 18191	Total time = 1293	Obj = 1622.39	Pricing Time = 2
i = 449	Master Time = 0	Lamb = 18206	Total time = 1295	Obj = 1622.13	Pricing Time = 2
i = 450	Master Time = 0	Lamb = 18214	Total time = 1297	Obj = 1621.71	Pricing Time = 2
i = 451	Master Time = 0	Lamb = 18221	Total time = 1299	Obj = 1620.38	Pricing Time = 2
i = 452	Master Time = 0	Lamb = 18227	Total time = 1301	Obj = 1620.14	Pricing Time = 2
i = 453	Master Time = 0	Lamb = 18231	Total time = 1303	Obj = 1619.00	Pricing Time = 3
i = 454	Master Time = 0	Lamb = 18237	Total time = 1306	Obj = 1619.00	Pricing Time = 3
i = 455	Master Time = 0	Lamb = 18249	Total time = 1309	Obj = 1619.00	Pricing Time = 3
i = 456	Master Time = 0	Lamb = 18257	Total time = 1312	Obj = 1619.00	Pricing Time = 2
i = 457	Master Time = 1	Lamb = 18264	Total time = 1315	Obj = 1619.00	Pricing Time = 2
i = 458	Master Time = 1	Lamb = 18270	Total time = 1318	Obj = 1619.00	Pricing Time = 2
i = 459	Master Time = 1	Lamb = 18272	Total time = 1320	Obj = 1619.00	Pricing Time = 2
i = 460	Master Time = 0	Lamb = 18277	Total time = 1323	Obj = 1619.00	Pricing Time = 2
i = 461	Master Time = 1	Lamb = 18278	Total time = 1326	Obj = 1619.00	Pricing Time = 2
i = 462	Master Time = 1	Lamb = 18282	Total time = 1328	Obj = 1619.00	Pricing Time = 2
i = 463	Master Time = 0	Lamb = 18285	Total time = 1331	Obj = 1619.00	Pricing Time = 2
i = 464	Master Time = 1	Lamb = 18287	Total time = 1333	Obj = 1619.00	Pricing Time = 2
i = 465	Master Time = 0	Lamb = 18290	Total time = 1336	Obj = 1619.00	Pricing Time = 3
i = 466	Master Time = 0	Lamb = 18298	Total time = 1339	Obj = 1619.00	Pricing Time = 2
i = 467	Master Time = 1	Lamb = 18304	Total time = 1341	Obj = 1619.00	Pricing Time = 1
i = 468	Master Time = 1	Lamb = 18309	Total time = 1344	Obj = 1619.00	Pricing Time = 2
i = 469	Master Time = 0	Lamb = 18313	Total time = 1346	Obj = 1619.00	Pricing Time = 2
i = 470	Master Time = 0	Lamb = 18318	Total time = 1348	Obj = 1619.00	Pricing Time = 3
i = 471	Master Time = 0	Lamb = 18320	Total time = 1351	Obj = 1619.00	Pricing Time = 2
i = 472	Master Time = 1	Lamb = 18323	Total time = 1353	Obj = 1619.00	Pricing Time = 2
--------------------------------------
n035w4_0_4-2-1-6
X fix to 1: 418
X fix to 0: 2
Fractional X remaining: 219 | min(0.19999999999999968, 0.8000000000000004)
--------------------------------------
i = 473	Master Time = 0	Lamb = 18323	Total time = 1356	Obj = 1620.00	Pricing Time = 2
i = 474	Master Time = 0	Lamb = 18325	Total time = 1358	Obj = 1620.00	Pricing Time = 2
i = 475	Master Time = 0	Lamb = 18330	Total time = 1360	Obj = 1620.00	Pricing Time = 1
i = 476	Master Time = 1	Lamb = 18332	Total time = 1361	Obj = 1620.00	Pricing Time = 1
--------------------------------------
n035w4_0_4-2-1-6
X fix to 1: 419
X fix to 0: 3
Fractional X remaining: 68 | min(0.4999999999999998, 0.5000000000000002)
--------------------------------------
i = 477	Master Time = 0	Lamb = 18332	Total time = 1363	Obj = 1625.00	Pricing Time = 2
i = 478	Master Time = 0	Lamb = 18335	Total time = 1365	Obj = 1620.00	Pricing Time = 2
i = 479	Master Time = 0	Lamb = 18343	Total time = 1367	Obj = 1620.00	Pricing Time = 1
i = 480	Master Time = 1	Lamb = 18345	Total time = 1368	Obj = 1620.00	Pricing Time = 1
i = 481	Master Time = 1	Lamb = 18347	Total time = 1370	Obj = 1620.00	Pricing Time = 1
i = 482	Master Time = 0	Lamb = 18348	Total time = 1372	Obj = 1620.00	Pricing Time = 2
i = 483	Master Time = 0	Lamb = 18350	Total time = 1374	Obj = 1620.00	Pricing Time = 2
--------------------------------------
n035w4_0_4-2-1-6
X fix to 1: 420
X fix to 0: 4
Fractional X remaining: 56 | min(0.4999999999999998, 0.5000000000000002)
--------------------------------------
i = 484	Master Time = 0	Lamb = 18350	Total time = 1376	Obj = 1620.00	Pricing Time = 2
--------------------------------------
n035w4_0_4-2-1-6
X fix to 1: 421
X fix to 0: 4
Fractional X remaining: 40 | min(0.5, 0.5)
--------------------------------------
i = 485	Master Time = 0	Lamb = 18350	Total time = 1378	Obj = 1625.00	Pricing Time = 2
i = 486	Master Time = 0	Lamb = 18352	Total time = 1379	Obj = 1620.00	Pricing Time = 2
i = 487	Master Time = 0	Lamb = 18353	Total time = 1381	Obj = 1620.00	Pricing Time = 1
--------------------------------------
n035w4_0_4-2-1-6
X fix to 1: 422
X fix to 0: 5
Fractional X remaining: 44 | min(0.33333333333333326, 0.6666666666666667)
--------------------------------------
i = 488	Master Time = 1	Lamb = 18353	Total time = 1383	Obj = 1648.33	Pricing Time = 1
i = 489	Master Time = 0	Lamb = 18364	Total time = 1385	Obj = 1643.75	Pricing Time = 2
i = 490	Master Time = 0	Lamb = 18377	Total time = 1387	Obj = 1627.50	Pricing Time = 2
i = 491	Master Time = 0	Lamb = 18387	Total time = 1389	Obj = 1627.50	Pricing Time = 1
i = 492	Master Time = 1	Lamb = 18390	Total time = 1390	Obj = 1627.50	Pricing Time = 1
i = 493	Master Time = 1	Lamb = 18392	Total time = 1392	Obj = 1627.50	Pricing Time = 1
i = 494	Master Time = 0	Lamb = 18396	Total time = 1394	Obj = 1627.50	Pricing Time = 2
i = 495	Master Time = 0	Lamb = 18399	Total time = 1396	Obj = 1627.50	Pricing Time = 2
i = 496	Master Time = 0	Lamb = 18404	Total time = 1398	Obj = 1627.50	Pricing Time = 1
i = 497	Master Time = 1	Lamb = 18405	Total time = 1399	Obj = 1627.50	Pricing Time = 2
i = 498	Master Time = 0	Lamb = 18408	Total time = 1401	Obj = 1627.50	Pricing Time = 2
i = 499	Master Time = 0	Lamb = 18415	Total time = 1404	Obj = 1627.50	Pricing Time = 1
i = 500	Master Time = 1	Lamb = 18421	Total time = 1405	Obj = 1627.50	Pricing Time = 1
i = 501	Master Time = 0	Lamb = 18425	Total time = 1407	Obj = 1627.50	Pricing Time = 1
i = 502	Master Time = 1	Lamb = 18428	Total time = 1408	Obj = 1627.50	Pricing Time = 1
i = 503	Master Time = 0	Lamb = 18430	Total time = 1410	Obj = 1627.50	Pricing Time = 2
i = 504	Master Time = 0	Lamb = 18434	Total time = 1412	Obj = 1627.50	Pricing Time = 2
i = 505	Master Time = 0	Lamb = 18441	Total time = 1414	Obj = 1627.50	Pricing Time = 2
i = 506	Master Time = 0	Lamb = 18444	Total time = 1416	Obj = 1627.50	Pricing Time = 1
i = 507	Master Time = 1	Lamb = 18446	Total time = 1417	Obj = 1627.50	Pricing Time = 1
i = 508	Master Time = 1	Lamb = 18447	Total time = 1419	Obj = 1627.50	Pricing Time = 1
i = 509	Master Time = 1	Lamb = 18448	Total time = 1421	Obj = 1627.50	Pricing Time = 1
i = 510	Master Time = 0	Lamb = 18449	Total time = 1423	Obj = 1627.50	Pricing Time = 2
i = 511	Master Time = 0	Lamb = 18450	Total time = 1425	Obj = 1627.50	Pricing Time = 2
i = 512	Master Time = 0	Lamb = 18452	Total time = 1427	Obj = 1627.50	Pricing Time = 2
i = 513	Master Time = 0	Lamb = 18453	Total time = 1429	Obj = 1627.50	Pricing Time = 2
i = 514	Master Time = 0	Lamb = 18456	Total time = 1430	Obj = 1627.50	Pricing Time = 2
i = 515	Master Time = 0	Lamb = 18458	Total time = 1433	Obj = 1627.50	Pricing Time = 2
i = 516	Master Time = 0	Lamb = 18464	Total time = 1435	Obj = 1627.50	Pricing Time = 2
i = 517	Master Time = 0	Lamb = 18470	Total time = 1436	Obj = 1627.50	Pricing Time = 2
i = 518	Master Time = 0	Lamb = 18472	Total time = 1439	Obj = 1627.50	Pricing Time = 2
i = 519	Master Time = 0	Lamb = 18473	Total time = 1441	Obj = 1627.50	Pricing Time = 1
i = 520	Master Time = 1	Lamb = 18476	Total time = 1442	Obj = 1627.50	Pricing Time = 1
i = 521	Master Time = 0	Lamb = 18482	Total time = 1444	Obj = 1627.50	Pricing Time = 2
i = 522	Master Time = 1	Lamb = 18487	Total time = 1446	Obj = 1627.50	Pricing Time = 1
i = 523	Master Time = 0	Lamb = 18496	Total time = 1448	Obj = 1627.50	Pricing Time = 2
i = 524	Master Time = 1	Lamb = 18497	Total time = 1450	Obj = 1627.50	Pricing Time = 1
i = 525	Master Time = 0	Lamb = 18503	Total time = 1452	Obj = 1627.50	Pricing Time = 2
i = 526	Master Time = 1	Lamb = 18505	Total time = 1454	Obj = 1627.50	Pricing Time = 2
i = 527	Master Time = 0	Lamb = 18508	Total time = 1457	Obj = 1627.50	Pricing Time = 2
i = 528	Master Time = 0	Lamb = 18513	Total time = 1459	Obj = 1627.50	Pricing Time = 2
i = 529	Master Time = 0	Lamb = 18515	Total time = 1461	Obj = 1627.50	Pricing Time = 2
i = 530	Master Time = 0	Lamb = 18517	Total time = 1463	Obj = 1627.50	Pricing Time = 1
i = 531	Master Time = 1	Lamb = 18520	Total time = 1464	Obj = 1627.50	Pricing Time = 1
Warning: duals have not changed (iter 532)!
i = 532	Master Time = 1	Lamb = 18521	Total time = 1466	Obj = 1620.00	Pricing Time = 1
i = 533	Master Time = 0	Lamb = 18523	Total time = 1468	Obj = 1620.00	Pricing Time = 2
i = 534	Master Time = 1	Lamb = 18525	Total time = 1470	Obj = 1620.00	Pricing Time = 1
i = 535	Master Time = 0	Lamb = 18528	Total time = 1472	Obj = 1620.00	Pricing Time = 2
i = 536	Master Time = 0	Lamb = 18529	Total time = 1474	Obj = 1620.00	Pricing Time = 2
i = 537	Master Time = 0	Lamb = 18532	Total time = 1476	Obj = 1620.00	Pricing Time = 2
i = 538	Master Time = 0	Lamb = 18535	Total time = 1478	Obj = 1620.00	Pricing Time = 2
i = 539	Master Time = 0	Lamb = 18537	Total time = 1480	Obj = 1620.00	Pricing Time = 1
i = 540	Master Time = 1	Lamb = 18540	Total time = 1481	Obj = 1620.00	Pricing Time = 1
i = 541	Master Time = 0	Lamb = 18541	Total time = 1483	Obj = 1620.00	Pricing Time = 2
i = 542	Master Time = 0	Lamb = 18543	Total time = 1485	Obj = 1620.00	Pricing Time = 2
i = 543	Master Time = 0	Lamb = 18544	Total time = 1487	Obj = 1620.00	Pricing Time = 2
i = 544	Master Time = 0	Lamb = 18547	Total time = 1489	Obj = 1620.00	Pricing Time = 2

n035w4_0_4-2-1-6
Integer solution found

Printing SHIFT allocations
HN_0   |-|-|-|D|D|L|L| |-|-|-|-|-|E|E| |E|E|-|-|-|-|-| |E|E|E|-|-|-|-|
HN_1   |L|L|-|-|-|-|-| |D|D|D|D|D|-|-| |-|-|-|D|D|D|E| |E|-|-|-|E|E|E|
HN_2   |D|D|-|-|-|D|D| |D|D|-|-|D|D|L| |L|L|-|-|-|-|-| |N|N|N|N|-|-|-|
HN_3   |E|E|E|D|D|-|-| |-|-|N|N|N|N|N| |-|-|-|-|-|L|L| |L|L|L|-|-|-|-|
HN_4   |-|-|L|L|L|-|-| |-|L|L|L|L|-|-| |-|L|L|L|L|-|-| |-|-|-|L|L|L|L|
HN_5   |N|-|-|-|-|E|E| |D|D|-|-|-|-|-| |N|N|N|N|N|-|-| |-|N|N|N|N|-|-|
NU_6   |L|L|-|-|-|-|-| |E|E|E|L|L|-|-| |-|-|-|E|E|E|E| |E|-|-|-|L|L|L|
NU_7   |E|E|N|N|N|-|-| |-|-|-|L|L|L|L| |L|-|-|-|L|L|L| |L|L|-|-|-|-|-|
NU_8   |N|-|-|E|E|E|L| |L|-|-|E|E|L|L| |-|-|L|L|L|-|-| |E|E|E|L|L|-|-|
NU_9   |N|N|-|-|L|L|L| |-|-|D|D|D|-|-| |N|N|N|N|N|-|-| |D|D|D|D|D|-|-|
NU_10  |N|N|N|N|N|-|-| |-|-|-|D|D|E|E| |E|-|-|-|L|L|L| |L|L|-|-|-|-|-|
NU_11  |-|-|E|E|E|-|-| |-|E|E|E|-|-|-| |E|E|E|E|E|-|-| |-|-|-|E|E|D|D|
NU_12  |-|L|L|L|-|-|-| |L|L|L|-|-|-|-| |L|L|L|-|-|-|-| |L|L|L|-|-|-|-|
NU_13  |-|-|-|-|N|N|N| |N|N|-|-|-|-|-| |L|L|L|-|-|-|-| |E|E|E|-|-|-|-|
NU_14  |D|D|D|-|-|-|-| |D|D|D|-|-|-|-| |D|D|D|D|-|-|-| |D|D|D|-|-|-|-|
NU_15  |E|E|D|D|D|-|-| |-|-|-|E|E|E|D| |D|-|-|-|E|E|D| |D|D|-|-|-|-|-|
NU_16  |D|E|E|E|-|-|-| |N|N|N|N|-|-|-| |-|-|N|N|N|N|N| |-|-|-|-|-|N|N|
CT_17  |L|L|-|-|D|D|L| |L|L|-|-|D|D|D| |-|-|D|D|D|-|-| |E|E|L|L|L|-|-|
CT_18  |E|E|E|D|D|-|-| |E|E|L|L|L|-|-| |N|N|N|N|N|-|-| |D|D|E|E|E|-|-|
CT_19  |L|L|L|-|-|-|-| |-|N|N|N|N|-|-| |-|L|L|L|L|-|-| |-|-|D|D|D|-|-|
CT_20  |L|-|-|E|E|D|D| |D|-|-|E|E|E|E| |-|-|D|D|D|-|-| |N|N|N|N|N|-|-|
CT_21  |D|D|L|L|L|-|-| |-|L|L|L|L|-|-| |-|-|-|E|E|D|D| |-|-|-|-|-|D|D|
CT_22  |-|E|E|E|-|-|-| |D|D|D|-|-|-|-| |-|L|L|L|-|-|-| |-|D|D|D|-|-|-|
CT_23  |D|-|-|-|-|E|E| |E|E|-|-|-|-|-| |D|D|D|-|-|-|-| |-|N|N|N|N|-|-|
CT_24  |-|-|D|D|D|-|-| |-|N|N|N|N|-|-| |-|-|-|D|D|D|E| |E|-|-|-|L|L|L|
CT_25  |N|N|N|-|-|N|N| |N|N|N|-|-|N|N| |N|N|-|-|N|N|N| |N|-|-|D|D|N|N|
CT_26  |L|L|L|-|-|-|-| |E|E|E|-|-|-|-| |E|E|E|-|-|-|-| |L|L|L|-|-|-|-|
CT_27  |D|D|D|L|L|-|-| |-|N|N|N|-|-|-| |D|D|E|E|-|-|-| |-|-|E|E|E|-|-|
CT_28  |-|-|-|N|N|N|N| |-|-|-|-|-|N|N| |N|N|N|-|-|-|-| |-|N|N|N|N|-|-|
TR_29  |E|E|L|L|-|-|-| |D|D|E|-|-|-|-| |-|N|N|N|N|-|-| |-|-|L|L|L|-|-|
TR_30  |L|-|-|E|E|N|N| |N|-|-|-|E|E|N| |N|N|-|-|E|E|D| |D|D|-|-|E|E|D|
TR_31  |-|-|D|D|D|D|D| |-|-|-|-|-|D|D| |D|L|L|-|-|-|-| |E|E|E|D|D|-|-|
TR_32  |-|-|L|L|L|-|-| |L|L|N|N|N|-|-| |E|E|D|-|-|N|N| |N|N|-|-|E|E|E|
TR_33  |-|-|-|D|D|E|E| |E|-|-|-|D|D|L| |L|L|-|-|-|-|-| |N|N|N|N|N|-|-|
TR_34  |D|N|N|N|N|-|-| |D|D|D|L|L|-|-| |-|-|-|E|L|L|L| |L|-|-|-|D|D|N|
Total assignment constraints: 640
Consecutive constraints: 210
Non working days constraints: 30
Preferences: 110
Max working weekend: 180
Complete weekends: 0
Optimal coverage constraints: 450
TOTAL = 1620
