Creating directory: out/n110w4_0_1-4-2-8

-----------------------------------------------------------
Instance	n110w4_0_1-4-2-8
algorithm	=	vns
maxIter	=	10
eliteSet	=	10
shakePerc	=	0.9
bestKnow	=	2710.0
minColsIter	=	0.35
minRoundDown	=	-1.0
minRoundUp	=	0.67
seed	=	0
onlyRelax	=	false
nThreads	=	20
alpha	=	0.6
timeOut	=	14600
-----------------------------------------------------------
Parallels mode has been selected.
i = 0	Master Time = 0	Lamb = 0	Total time = 5	Obj = 533210.00	Pricing Time = 1
i = 1	Master Time = 1	Lamb = 698	Total time = 7	Obj = 171680.00	Pricing Time = 0
i = 2	Master Time = 1	Lamb = 1266	Total time = 8	Obj = 82883.33	Pricing Time = 0
i = 3	Master Time = 1	Lamb = 1907	Total time = 10	Obj = 59092.08	Pricing Time = 0
i = 4	Master Time = 2	Lamb = 2590	Total time = 11	Obj = 32157.02	Pricing Time = 0
i = 5	Master Time = 1	Lamb = 3272	Total time = 13	Obj = 21370.38	Pricing Time = 1
i = 6	Master Time = 1	Lamb = 3925	Total time = 15	Obj = 15728.56	Pricing Time = 0
i = 7	Master Time = 2	Lamb = 4578	Total time = 17	Obj = 12034.53	Pricing Time = 0
i = 8	Master Time = 2	Lamb = 5180	Total time = 19	Obj = 9386.38	Pricing Time = 1
i = 9	Master Time = 1	Lamb = 5751	Total time = 21	Obj = 7856.36	Pricing Time = 1
i = 10	Master Time = 2	Lamb = 6290	Total time = 23	Obj = 6659.51	Pricing Time = 0
i = 11	Master Time = 2	Lamb = 6862	Total time = 26	Obj = 5678.99	Pricing Time = 1
i = 12	Master Time = 2	Lamb = 7375	Total time = 28	Obj = 4679.00	Pricing Time = 0
i = 13	Master Time = 3	Lamb = 7848	Total time = 31	Obj = 4183.69	Pricing Time = 1
i = 14	Master Time = 2	Lamb = 8267	Total time = 35	Obj = 3845.57	Pricing Time = 0
i = 15	Master Time = 3	Lamb = 8649	Total time = 37	Obj = 3595.76	Pricing Time = 0
i = 16	Master Time = 2	Lamb = 8988	Total time = 40	Obj = 3358.43	Pricing Time = 1
i = 17	Master Time = 2	Lamb = 9298	Total time = 43	Obj = 3148.13	Pricing Time = 1
i = 18	Master Time = 2	Lamb = 9606	Total time = 46	Obj = 2997.30	Pricing Time = 0
i = 19	Master Time = 2	Lamb = 9906	Total time = 49	Obj = 2875.04	Pricing Time = 0
i = 20	Master Time = 3	Lamb = 10179	Total time = 51	Obj = 2811.42	Pricing Time = 0
i = 21	Master Time = 2	Lamb = 10579	Total time = 54	Obj = 2768.21	Pricing Time = 1
i = 22	Master Time = 3	Lamb = 10802	Total time = 57	Obj = 2707.18	Pricing Time = 0
i = 23	Master Time = 3	Lamb = 11035	Total time = 60	Obj = 2666.82	Pricing Time = 0
i = 24	Master Time = 3	Lamb = 11228	Total time = 63	Obj = 2621.23	Pricing Time = 0
i = 25	Master Time = 2	Lamb = 11432	Total time = 66	Obj = 2587.84	Pricing Time = 1
i = 26	Master Time = 2	Lamb = 11612	Total time = 69	Obj = 2565.59	Pricing Time = 1
i = 27	Master Time = 2	Lamb = 11773	Total time = 71	Obj = 2545.62	Pricing Time = 0
i = 28	Master Time = 2	Lamb = 11933	Total time = 74	Obj = 2526.62	Pricing Time = 2
i = 29	Master Time = 2	Lamb = 12080	Total time = 78	Obj = 2507.85	Pricing Time = 0
i = 30	Master Time = 1	Lamb = 12219	Total time = 80	Obj = 2494.56	Pricing Time = 1
i = 31	Master Time = 1	Lamb = 12326	Total time = 82	Obj = 2481.18	Pricing Time = 1
i = 32	Master Time = 1	Lamb = 12429	Total time = 84	Obj = 2474.25	Pricing Time = 1
i = 33	Master Time = 1	Lamb = 12531	Total time = 86	Obj = 2467.23	Pricing Time = 1
i = 34	Master Time = 1	Lamb = 12640	Total time = 88	Obj = 2460.90	Pricing Time = 1
i = 35	Master Time = 1	Lamb = 12714	Total time = 90	Obj = 2455.83	Pricing Time = 1
i = 36	Master Time = 2	Lamb = 12793	Total time = 92	Obj = 2452.15	Pricing Time = 20
i = 37	Master Time = 3	Lamb = 13003	Total time = 116	Obj = 2399.69	Pricing Time = 1
i = 38	Master Time = 2	Lamb = 13169	Total time = 119	Obj = 2392.02	Pricing Time = 1
i = 39	Master Time = 3	Lamb = 13285	Total time = 123	Obj = 2389.34	Pricing Time = 1
i = 40	Master Time = 1	Lamb = 13385	Total time = 125	Obj = 2388.77	Pricing Time = 1
i = 41	Master Time = 1	Lamb = 13470	Total time = 127	Obj = 2386.88	Pricing Time = 13
i = 42	Master Time = 3	Lamb = 13564	Total time = 143	Obj = 2355.26	Pricing Time = 1
i = 43	Master Time = 2	Lamb = 13737	Total time = 145	Obj = 2354.58	Pricing Time = 0
i = 44	Master Time = 3	Lamb = 13839	Total time = 148	Obj = 2353.39	Pricing Time = 0
i = 45	Master Time = 2	Lamb = 13939	Total time = 150	Obj = 2353.17	Pricing Time = 15
i = 46	Master Time = 1	Lamb = 14152	Total time = 166	Obj = 2344.03	Pricing Time = 7
i = 47	Master Time = 0	Lamb = 14201	Total time = 174	Obj = 2335.80	Pricing Time = 9
i = 48	Master Time = 1	Lamb = 14261	Total time = 184	Obj = 2329.84	Pricing Time = 10
i = 49	Master Time = 1	Lamb = 14326	Total time = 194	Obj = 2327.74	Pricing Time = 9
i = 50	Master Time = 1	Lamb = 14390	Total time = 204	Obj = 2324.99	Pricing Time = 15
i = 51	Master Time = 1	Lamb = 14455	Total time = 221	Obj = 2322.80	Pricing Time = 18
i = 52	Master Time = 1	Lamb = 14520	Total time = 239	Obj = 2322.43	Pricing Time = 9
i = 53	Master Time = 1	Lamb = 14526	Total time = 250	Obj = 2321.75	Pricing Time = 11
i = 54	Master Time = 1	Lamb = 14576	Total time = 262	Obj = 2321.47	Pricing Time = 16
i = 55	Master Time = 0	Lamb = 14625	Total time = 278	Obj = 2321.36	Pricing Time = 15
i = 56	Master Time = 0	Lamb = 14626	Total time = 293	Obj = 2321.35	Pricing Time = 10
i = 57	Master Time = 0	Lamb = 14628	Total time = 303	Obj = 2321.34	Pricing Time = 10

Optimal of relaxation found.
Fractional X Variables: 4586 (min: 2.7378475608836553E-4 max: 0.9997262152439116)
--------------------------------------
n110w4_0_1-4-2-8
X fix to 1: 408
X fix to 0: 0
Fractional X remaining: 4586 | min(2.7378475608836553E-4, 0.9997262152439116)
--------------------------------------
i = 58	Master Time = 4	Lamb = 14628	Total time = 317	Obj = 2513.52	Pricing Time = 0
i = 59	Master Time = 3	Lamb = 15086	Total time = 320	Obj = 2446.85	Pricing Time = 0
i = 60	Master Time = 3	Lamb = 15446	Total time = 324	Obj = 2417.18	Pricing Time = 1
i = 61	Master Time = 2	Lamb = 15722	Total time = 327	Obj = 2396.05	Pricing Time = 1
i = 62	Master Time = 3	Lamb = 15956	Total time = 330	Obj = 2378.38	Pricing Time = 0
i = 63	Master Time = 3	Lamb = 16135	Total time = 333	Obj = 2363.48	Pricing Time = 0
i = 64	Master Time = 3	Lamb = 16270	Total time = 336	Obj = 2355.36	Pricing Time = 0
i = 65	Master Time = 3	Lamb = 16368	Total time = 340	Obj = 2341.24	Pricing Time = 1
i = 66	Master Time = 0	Lamb = 16464	Total time = 341	Obj = 2339.86	Pricing Time = 5
i = 67	Master Time = 0	Lamb = 16506	Total time = 346	Obj = 2337.37	Pricing Time = 6
i = 68	Master Time = 1	Lamb = 16541	Total time = 352	Obj = 2329.38	Pricing Time = 4
i = 69	Master Time = 1	Lamb = 16576	Total time = 358	Obj = 2327.91	Pricing Time = 5
i = 70	Master Time = 1	Lamb = 16613	Total time = 364	Obj = 2326.87	Pricing Time = 5
i = 71	Master Time = 1	Lamb = 16630	Total time = 370	Obj = 2326.52	Pricing Time = 4
i = 72	Master Time = 1	Lamb = 16641	Total time = 375	Obj = 2326.06	Pricing Time = 6
i = 73	Master Time = 1	Lamb = 16671	Total time = 381	Obj = 2325.88	Pricing Time = 4
--------------------------------------
n110w4_0_1-4-2-8
X fix to 1: 641
X fix to 0: 0
Fractional X remaining: 3446 | min(1.6936250640507688E-4, 0.9973562526806474)
--------------------------------------
i = 74	Master Time = 4	Lamb = 16671	Total time = 390	Obj = 2421.74	Pricing Time = 0
i = 75	Master Time = 3	Lamb = 17067	Total time = 393	Obj = 2387.67	Pricing Time = 1
i = 76	Master Time = 3	Lamb = 17419	Total time = 396	Obj = 2372.88	Pricing Time = 0
i = 77	Master Time = 3	Lamb = 17698	Total time = 400	Obj = 2362.55	Pricing Time = 0
i = 78	Master Time = 3	Lamb = 17886	Total time = 402	Obj = 2350.97	Pricing Time = 0
i = 79	Master Time = 3	Lamb = 18045	Total time = 406	Obj = 2340.85	Pricing Time = 0
i = 80	Master Time = 3	Lamb = 18151	Total time = 409	Obj = 2337.25	Pricing Time = 1
i = 81	Master Time = 1	Lamb = 18246	Total time = 410	Obj = 2336.39	Pricing Time = 3
i = 82	Master Time = 1	Lamb = 18292	Total time = 415	Obj = 2334.67	Pricing Time = 4
i = 83	Master Time = 0	Lamb = 18321	Total time = 419	Obj = 2331.36	Pricing Time = 5
i = 84	Master Time = 0	Lamb = 18331	Total time = 424	Obj = 2331.36	Pricing Time = 5
i = 85	Master Time = 1	Lamb = 18339	Total time = 429	Obj = 2331.32	Pricing Time = 4
i = 86	Master Time = 0	Lamb = 18342	Total time = 434	Obj = 2331.32	Pricing Time = 5
i = 87	Master Time = 0	Lamb = 18348	Total time = 439	Obj = 2331.32	Pricing Time = 5
i = 88	Master Time = 0	Lamb = 18350	Total time = 444	Obj = 2331.30	Pricing Time = 5
i = 89	Master Time = 0	Lamb = 18372	Total time = 449	Obj = 2331.29	Pricing Time = 4
i = 90	Master Time = 1	Lamb = 18375	Total time = 453	Obj = 2331.29	Pricing Time = 4
i = 91	Master Time = 1	Lamb = 18377	Total time = 458	Obj = 2331.26	Pricing Time = 4
i = 92	Master Time = 0	Lamb = 18394	Total time = 463	Obj = 2331.25	Pricing Time = 5
i = 93	Master Time = 0	Lamb = 18403	Total time = 468	Obj = 2331.25	Pricing Time = 4
i = 94	Master Time = 1	Lamb = 18404	Total time = 472	Obj = 2331.25	Pricing Time = 4
i = 95	Master Time = 0	Lamb = 18405	Total time = 476	Obj = 2331.25	Pricing Time = 4
i = 96	Master Time = 0	Lamb = 18408	Total time = 481	Obj = 2331.25	Pricing Time = 5
i = 97	Master Time = 1	Lamb = 18409	Total time = 486	Obj = 2331.25	Pricing Time = 4
--------------------------------------
n110w4_0_1-4-2-8
X fix to 1: 801
X fix to 0: 0
Fractional X remaining: 2730 | min(7.51042818696035E-4, 0.9896994128210236)
--------------------------------------
i = 98	Master Time = 3	Lamb = 18409	Total time = 494	Obj = 2513.13	Pricing Time = 1
i = 99	Master Time = 3	Lamb = 18824	Total time = 497	Obj = 2467.91	Pricing Time = 0
i = 100	Master Time = 3	Lamb = 19131	Total time = 501	Obj = 2427.50	Pricing Time = 1
i = 101	Master Time = 2	Lamb = 19452	Total time = 504	Obj = 2406.41	Pricing Time = 0
i = 102	Master Time = 2	Lamb = 19675	Total time = 507	Obj = 2389.40	Pricing Time = 1
i = 103	Master Time = 3	Lamb = 19866	Total time = 510	Obj = 2369.73	Pricing Time = 0
i = 104	Master Time = 2	Lamb = 20134	Total time = 513	Obj = 2364.51	Pricing Time = 1
i = 105	Master Time = 2	Lamb = 20317	Total time = 516	Obj = 2359.12	Pricing Time = 1
i = 106	Master Time = 1	Lamb = 20457	Total time = 518	Obj = 2356.25	Pricing Time = 4
i = 107	Master Time = 4	Lamb = 20506	Total time = 525	Obj = 2353.55	Pricing Time = 0
i = 108	Master Time = 1	Lamb = 20743	Total time = 526	Obj = 2353.55	Pricing Time = 3
i = 109	Master Time = 1	Lamb = 20888	Total time = 531	Obj = 2350.78	Pricing Time = 3
i = 110	Master Time = 1	Lamb = 20968	Total time = 535	Obj = 2348.42	Pricing Time = 3
i = 111	Master Time = 1	Lamb = 21006	Total time = 539	Obj = 2347.50	Pricing Time = 4
i = 112	Master Time = 4	Lamb = 21029	Total time = 546	Obj = 2343.19	Pricing Time = 0
i = 113	Master Time = 1	Lamb = 21215	Total time = 547	Obj = 2343.19	Pricing Time = 3
i = 114	Master Time = 2	Lamb = 21323	Total time = 552	Obj = 2338.33	Pricing Time = 3
i = 115	Master Time = 3	Lamb = 21370	Total time = 559	Obj = 2336.25	Pricing Time = 1
i = 116	Master Time = 3	Lamb = 21556	Total time = 563	Obj = 2336.25	Pricing Time = 3
i = 117	Master Time = 4	Lamb = 21718	Total time = 569	Obj = 2336.25	Pricing Time = 2
i = 118	Master Time = 4	Lamb = 21825	Total time = 576	Obj = 2335.83	Pricing Time = 3
i = 119	Master Time = 3	Lamb = 21893	Total time = 582	Obj = 2335.83	Pricing Time = 3
i = 120	Master Time = 4	Lamb = 22021	Total time = 589	Obj = 2335.83	Pricing Time = 3
i = 121	Master Time = 3	Lamb = 22146	Total time = 595	Obj = 2335.83	Pricing Time = 3
i = 122	Master Time = 1	Lamb = 22215	Total time = 599	Obj = 2335.83	Pricing Time = 3
i = 123	Master Time = 1	Lamb = 22269	Total time = 604	Obj = 2335.83	Pricing Time = 4
i = 124	Master Time = 0	Lamb = 22297	Total time = 608	Obj = 2335.83	Pricing Time = 4
i = 125	Master Time = 1	Lamb = 22302	Total time = 613	Obj = 2335.83	Pricing Time = 4
i = 126	Master Time = 0	Lamb = 22303	Total time = 617	Obj = 2335.83	Pricing Time = 5
i = 127	Master Time = 0	Lamb = 22304	Total time = 622	Obj = 2335.83	Pricing Time = 4
--------------------------------------
n110w4_0_1-4-2-8
X fix to 1: 906
X fix to 0: 0
Fractional X remaining: 2408 | min(0.0014986881882172731, 0.9931652813898445)
--------------------------------------
i = 128	Master Time = 3	Lamb = 22304	Total time = 629	Obj = 2452.44	Pricing Time = 0
i = 129	Master Time = 4	Lamb = 22596	Total time = 632	Obj = 2396.91	Pricing Time = 0
i = 130	Master Time = 3	Lamb = 22833	Total time = 635	Obj = 2370.40	Pricing Time = 0
i = 131	Master Time = 2	Lamb = 23013	Total time = 638	Obj = 2362.93	Pricing Time = 0
i = 132	Master Time = 3	Lamb = 23171	Total time = 640	Obj = 2351.72	Pricing Time = 0
i = 133	Master Time = 2	Lamb = 23274	Total time = 642	Obj = 2347.03	Pricing Time = 3
i = 134	Master Time = 2	Lamb = 23387	Total time = 648	Obj = 2342.08	Pricing Time = 0
i = 135	Master Time = 1	Lamb = 23466	Total time = 650	Obj = 2340.43	Pricing Time = 3
i = 136	Master Time = 1	Lamb = 23554	Total time = 653	Obj = 2340.00	Pricing Time = 4
i = 137	Master Time = 0	Lamb = 23562	Total time = 658	Obj = 2340.00	Pricing Time = 3
i = 138	Master Time = 1	Lamb = 23563	Total time = 661	Obj = 2340.00	Pricing Time = 3
--------------------------------------
n110w4_0_1-4-2-8
X fix to 1: 992
X fix to 0: 0
Fractional X remaining: 2033 | min(1.8723571721674E-4, 0.9722854773671256)
--------------------------------------
i = 139	Master Time = 3	Lamb = 23563	Total time = 668	Obj = 2481.79	Pricing Time = 1
i = 140	Master Time = 2	Lamb = 23810	Total time = 671	Obj = 2447.46	Pricing Time = 0
i = 141	Master Time = 2	Lamb = 24005	Total time = 672	Obj = 2428.65	Pricing Time = 0
i = 142	Master Time = 2	Lamb = 24127	Total time = 675	Obj = 2413.03	Pricing Time = 1
i = 143	Master Time = 1	Lamb = 24230	Total time = 677	Obj = 2405.46	Pricing Time = 2
i = 144	Master Time = 2	Lamb = 24330	Total time = 681	Obj = 2382.68	Pricing Time = 3
i = 145	Master Time = 2	Lamb = 24424	Total time = 685	Obj = 2348.22	Pricing Time = 3
i = 146	Master Time = 1	Lamb = 24463	Total time = 689	Obj = 2342.86	Pricing Time = 3
i = 147	Master Time = 1	Lamb = 24484	Total time = 694	Obj = 2341.13	Pricing Time = 3
i = 148	Master Time = 1	Lamb = 24566	Total time = 697	Obj = 2340.00	Pricing Time = 3
--------------------------------------
n110w4_0_1-4-2-8
X fix to 1: 1050
X fix to 0: 0
Fractional X remaining: 1634 | min(8.527134001048431E-4, 0.9892930189892051)
--------------------------------------
i = 149	Master Time = 3	Lamb = 24566	Total time = 703	Obj = 2471.52	Pricing Time = 0
i = 150	Master Time = 2	Lamb = 24811	Total time = 706	Obj = 2430.92	Pricing Time = 1
i = 151	Master Time = 2	Lamb = 24972	Total time = 708	Obj = 2377.99	Pricing Time = 0
i = 152	Master Time = 2	Lamb = 25075	Total time = 710	Obj = 2365.65	Pricing Time = 2
i = 153	Master Time = 2	Lamb = 25171	Total time = 715	Obj = 2352.32	Pricing Time = 0
i = 154	Master Time = 2	Lamb = 25248	Total time = 716	Obj = 2347.21	Pricing Time = 2
i = 155	Master Time = 2	Lamb = 25317	Total time = 721	Obj = 2343.13	Pricing Time = 3
i = 156	Master Time = 0	Lamb = 25377	Total time = 724	Obj = 2342.62	Pricing Time = 3
i = 157	Master Time = 1	Lamb = 25414	Total time = 728	Obj = 2341.65	Pricing Time = 2
i = 158	Master Time = 1	Lamb = 25481	Total time = 731	Obj = 2340.00	Pricing Time = 3
i = 159	Master Time = 0	Lamb = 25482	Total time = 734	Obj = 2340.00	Pricing Time = 3
--------------------------------------
n110w4_0_1-4-2-8
X fix to 1: 1080
X fix to 0: 0
Fractional X remaining: 1366 | min(3.3237973220084926E-4, 0.9650596974016525)
--------------------------------------
i = 160	Master Time = 3	Lamb = 25482	Total time = 739	Obj = 2376.78	Pricing Time = 0
i = 161	Master Time = 2	Lamb = 25691	Total time = 742	Obj = 2363.91	Pricing Time = 0
i = 162	Master Time = 2	Lamb = 25858	Total time = 744	Obj = 2348.86	Pricing Time = 0
i = 163	Master Time = 2	Lamb = 25966	Total time = 745	Obj = 2343.44	Pricing Time = 2
i = 164	Master Time = 2	Lamb = 26071	Total time = 750	Obj = 2340.83	Pricing Time = 3
i = 165	Master Time = 1	Lamb = 26133	Total time = 754	Obj = 2340.54	Pricing Time = 3
i = 166	Master Time = 1	Lamb = 26168	Total time = 758	Obj = 2340.00	Pricing Time = 3
i = 167	Master Time = 0	Lamb = 26171	Total time = 761	Obj = 2340.00	Pricing Time = 3
i = 168	Master Time = 1	Lamb = 26172	Total time = 764	Obj = 2340.00	Pricing Time = 3
--------------------------------------
n110w4_0_1-4-2-8
X fix to 1: 1110
X fix to 0: 0
Fractional X remaining: 1254 | min(0.0016067317629341014, 0.949827132425248)
--------------------------------------
i = 169	Master Time = 2	Lamb = 26172	Total time = 770	Obj = 2410.86	Pricing Time = 1
i = 170	Master Time = 2	Lamb = 26362	Total time = 772	Obj = 2396.39	Pricing Time = 0
i = 171	Master Time = 2	Lamb = 26483	Total time = 774	Obj = 2384.35	Pricing Time = 2
i = 172	Master Time = 2	Lamb = 26591	Total time = 778	Obj = 2374.41	Pricing Time = 2
i = 173	Master Time = 1	Lamb = 26654	Total time = 782	Obj = 2362.76	Pricing Time = 3
i = 174	Master Time = 1	Lamb = 26715	Total time = 786	Obj = 2348.18	Pricing Time = 3
i = 175	Master Time = 1	Lamb = 26779	Total time = 790	Obj = 2342.49	Pricing Time = 3
i = 176	Master Time = 1	Lamb = 26828	Total time = 793	Obj = 2340.00	Pricing Time = 3
i = 177	Master Time = 1	Lamb = 26846	Total time = 797	Obj = 2340.00	Pricing Time = 3
i = 178	Master Time = 0	Lamb = 26858	Total time = 801	Obj = 2340.00	Pricing Time = 3
--------------------------------------
n110w4_0_1-4-2-8
X fix to 1: 1132
X fix to 0: 0
Fractional X remaining: 1065 | min(1.4803747190793998E-4, 0.8368839935966209)
--------------------------------------
i = 179	Master Time = 3	Lamb = 26858	Total time = 806	Obj = 2428.58	Pricing Time = 0
i = 180	Master Time = 1	Lamb = 27052	Total time = 807	Obj = 2418.11	Pricing Time = 0
i = 181	Master Time = 1	Lamb = 27162	Total time = 809	Obj = 2407.80	Pricing Time = 3
i = 182	Master Time = 2	Lamb = 27257	Total time = 813	Obj = 2391.85	Pricing Time = 2
i = 183	Master Time = 1	Lamb = 27343	Total time = 817	Obj = 2373.84	Pricing Time = 3
i = 184	Master Time = 1	Lamb = 27400	Total time = 821	Obj = 2362.81	Pricing Time = 3
i = 185	Master Time = 1	Lamb = 27446	Total time = 825	Obj = 2358.22	Pricing Time = 3
i = 186	Master Time = 1	Lamb = 27496	Total time = 829	Obj = 2356.14	Pricing Time = 3
i = 187	Master Time = 2	Lamb = 27538	Total time = 833	Obj = 2354.32	Pricing Time = 2
i = 188	Master Time = 1	Lamb = 27578	Total time = 837	Obj = 2350.56	Pricing Time = 3
i = 189	Master Time = 1	Lamb = 27616	Total time = 841	Obj = 2345.56	Pricing Time = 2
i = 190	Master Time = 1	Lamb = 27655	Total time = 844	Obj = 2344.07	Pricing Time = 3
i = 191	Master Time = 1	Lamb = 27687	Total time = 848	Obj = 2342.22	Pricing Time = 4
i = 192	Master Time = 1	Lamb = 27698	Total time = 852	Obj = 2340.26	Pricing Time = 2
i = 193	Master Time = 1	Lamb = 27734	Total time = 855	Obj = 2340.00	Pricing Time = 3
i = 194	Master Time = 0	Lamb = 27739	Total time = 859	Obj = 2340.00	Pricing Time = 3
--------------------------------------
n110w4_0_1-4-2-8
X fix to 1: 1192
X fix to 0: 0
Fractional X remaining: 936 | min(0.0015496408246376825, 0.9707564870516623)
--------------------------------------
i = 195	Master Time = 2	Lamb = 27739	Total time = 864	Obj = 2471.35	Pricing Time = 0
i = 196	Master Time = 2	Lamb = 27999	Total time = 865	Obj = 2443.42	Pricing Time = 0
i = 197	Master Time = 1	Lamb = 28219	Total time = 866	Obj = 2424.35	Pricing Time = 0
i = 198	Master Time = 1	Lamb = 28303	Total time = 868	Obj = 2391.75	Pricing Time = 3
i = 199	Master Time = 1	Lamb = 28394	Total time = 871	Obj = 2378.89	Pricing Time = 2
i = 200	Master Time = 1	Lamb = 28444	Total time = 875	Obj = 2374.78	Pricing Time = 2
i = 201	Master Time = 1	Lamb = 28482	Total time = 878	Obj = 2371.27	Pricing Time = 3
i = 202	Master Time = 1	Lamb = 28514	Total time = 882	Obj = 2349.49	Pricing Time = 2
i = 203	Master Time = 1	Lamb = 28559	Total time = 886	Obj = 2341.45	Pricing Time = 2
i = 204	Master Time = 1	Lamb = 28590	Total time = 888	Obj = 2340.00	Pricing Time = 2
i = 205	Master Time = 1	Lamb = 28595	Total time = 891	Obj = 2340.00	Pricing Time = 2
i = 206	Master Time = 0	Lamb = 28596	Total time = 894	Obj = 2340.00	Pricing Time = 3
--------------------------------------
n110w4_0_1-4-2-8
X fix to 1: 1223
X fix to 0: 0
Fractional X remaining: 586 | min(3.8242733438423326E-4, 0.9413082242403044)
--------------------------------------
i = 207	Master Time = 2	Lamb = 28596	Total time = 899	Obj = 2425.11	Pricing Time = 0
i = 208	Master Time = 1	Lamb = 29034	Total time = 900	Obj = 2411.97	Pricing Time = 0
i = 209	Master Time = 1	Lamb = 29353	Total time = 901	Obj = 2397.02	Pricing Time = 0
i = 210	Master Time = 1	Lamb = 29523	Total time = 902	Obj = 2376.78	Pricing Time = 0
i = 211	Master Time = 1	Lamb = 29616	Total time = 903	Obj = 2369.07	Pricing Time = 2
i = 212	Master Time = 1	Lamb = 29686	Total time = 906	Obj = 2363.70	Pricing Time = 3
i = 213	Master Time = 0	Lamb = 29738	Total time = 909	Obj = 2355.67	Pricing Time = 3
i = 214	Master Time = 1	Lamb = 29779	Total time = 913	Obj = 2352.96	Pricing Time = 3
i = 215	Master Time = 1	Lamb = 29808	Total time = 917	Obj = 2349.79	Pricing Time = 3
i = 216	Master Time = 1	Lamb = 29831	Total time = 920	Obj = 2346.89	Pricing Time = 2
i = 217	Master Time = 1	Lamb = 29853	Total time = 923	Obj = 2344.07	Pricing Time = 3
i = 218	Master Time = 1	Lamb = 29876	Total time = 928	Obj = 2340.89	Pricing Time = 3
i = 219	Master Time = 1	Lamb = 29896	Total time = 931	Obj = 2340.69	Pricing Time = 3
i = 220	Master Time = 0	Lamb = 29912	Total time = 935	Obj = 2340.00	Pricing Time = 3
i = 221	Master Time = 1	Lamb = 29913	Total time = 938	Obj = 2340.00	Pricing Time = 2
--------------------------------------
n110w4_0_1-4-2-8
X fix to 1: 1251
X fix to 0: 0
Fractional X remaining: 392 | min(0.0018331571228832888, 0.9832159544353881)
--------------------------------------
i = 222	Master Time = 2	Lamb = 29913	Total time = 942	Obj = 2393.21	Pricing Time = 0
i = 223	Master Time = 1	Lamb = 30186	Total time = 943	Obj = 2389.61	Pricing Time = 0
i = 224	Master Time = 1	Lamb = 30328	Total time = 945	Obj = 2375.71	Pricing Time = 2
i = 225	Master Time = 1	Lamb = 30418	Total time = 948	Obj = 2370.91	Pricing Time = 2
i = 226	Master Time = 0	Lamb = 30466	Total time = 951	Obj = 2367.50	Pricing Time = 3
i = 227	Master Time = 1	Lamb = 30486	Total time = 955	Obj = 2361.32	Pricing Time = 3
i = 228	Master Time = 1	Lamb = 30509	Total time = 959	Obj = 2359.20	Pricing Time = 3
i = 229	Master Time = 1	Lamb = 30529	Total time = 962	Obj = 2351.25	Pricing Time = 3
i = 230	Master Time = 1	Lamb = 30544	Total time = 967	Obj = 2348.55	Pricing Time = 3
i = 231	Master Time = 1	Lamb = 30563	Total time = 970	Obj = 2347.50	Pricing Time = 3
i = 232	Master Time = 0	Lamb = 30567	Total time = 974	Obj = 2346.11	Pricing Time = 3
i = 233	Master Time = 1	Lamb = 30576	Total time = 978	Obj = 2344.57	Pricing Time = 3
i = 234	Master Time = 1	Lamb = 30588	Total time = 981	Obj = 2343.82	Pricing Time = 3
i = 235	Master Time = 0	Lamb = 30599	Total time = 985	Obj = 2341.86	Pricing Time = 4
i = 236	Master Time = 0	Lamb = 30606	Total time = 989	Obj = 2341.54	Pricing Time = 3
i = 237	Master Time = 1	Lamb = 30613	Total time = 992	Obj = 2340.00	Pricing Time = 3
--------------------------------------
n110w4_0_1-4-2-8
X fix to 1: 1274
X fix to 0: 0
Fractional X remaining: 304 | min(5.32403402057971E-4, 0.9604424272271099)
--------------------------------------
i = 238	Master Time = 1	Lamb = 30613	Total time = 996	Obj = 2383.64	Pricing Time = 2
i = 239	Master Time = 0	Lamb = 30661	Total time = 999	Obj = 2367.63	Pricing Time = 3
i = 240	Master Time = 0	Lamb = 30690	Total time = 1002	Obj = 2359.00	Pricing Time = 3
i = 241	Master Time = 1	Lamb = 30713	Total time = 1005	Obj = 2349.09	Pricing Time = 3
i = 242	Master Time = 0	Lamb = 30721	Total time = 1009	Obj = 2348.33	Pricing Time = 3
i = 243	Master Time = 0	Lamb = 30738	Total time = 1012	Obj = 2347.15	Pricing Time = 3
i = 244	Master Time = 0	Lamb = 30746	Total time = 1015	Obj = 2345.71	Pricing Time = 3
i = 245	Master Time = 1	Lamb = 30751	Total time = 1018	Obj = 2345.00	Pricing Time = 3
i = 246	Master Time = 0	Lamb = 30753	Total time = 1022	Obj = 2343.78	Pricing Time = 3
i = 247	Master Time = 1	Lamb = 30760	Total time = 1025	Obj = 2343.33	Pricing Time = 2
i = 248	Master Time = 1	Lamb = 30763	Total time = 1028	Obj = 2343.33	Pricing Time = 2
i = 249	Master Time = 1	Lamb = 30765	Total time = 1031	Obj = 2343.33	Pricing Time = 3
i = 250	Master Time = 0	Lamb = 30766	Total time = 1035	Obj = 2343.33	Pricing Time = 3
--------------------------------------
n110w4_0_1-4-2-8
X fix to 1: 1279
X fix to 0: 0
Fractional X remaining: 185 | min(0.020833333333333218, 0.875)
--------------------------------------
i = 251	Master Time = 0	Lamb = 30766	Total time = 1038	Obj = 2344.71	Pricing Time = 3
i = 252	Master Time = 1	Lamb = 30782	Total time = 1041	Obj = 2343.33	Pricing Time = 3
i = 253	Master Time = 0	Lamb = 30784	Total time = 1045	Obj = 2343.33	Pricing Time = 3
i = 254	Master Time = 0	Lamb = 30785	Total time = 1048	Obj = 2343.33	Pricing Time = 3
--------------------------------------
n110w4_0_1-4-2-8
X fix to 1: 1281
X fix to 0: 0
Fractional X remaining: 178 | min(0.04761904761904748, 0.7142857142857144)
--------------------------------------
i = 255	Master Time = 0	Lamb = 30785	Total time = 1051	Obj = 2343.33	Pricing Time = 3
i = 256	Master Time = 0	Lamb = 30791	Total time = 1054	Obj = 2343.33	Pricing Time = 3
--------------------------------------
n110w4_0_1-4-2-8
X fix to 1: 1282
X fix to 0: 1
Fractional X remaining: 153 | min(0.33333333333333237, 0.6666666666666677)
--------------------------------------
i = 257	Master Time = 1	Lamb = 30791	Total time = 1057	Obj = 2363.75	Pricing Time = 3
i = 258	Master Time = 0	Lamb = 30808	Total time = 1061	Obj = 2360.00	Pricing Time = 3
i = 259	Master Time = 0	Lamb = 30815	Total time = 1064	Obj = 2355.91	Pricing Time = 3
i = 260	Master Time = 0	Lamb = 30827	Total time = 1067	Obj = 2348.75	Pricing Time = 3
i = 261	Master Time = 0	Lamb = 30834	Total time = 1070	Obj = 2348.75	Pricing Time = 3
i = 262	Master Time = 1	Lamb = 30837	Total time = 1073	Obj = 2348.75	Pricing Time = 3
i = 263	Master Time = 0	Lamb = 30842	Total time = 1077	Obj = 2348.33	Pricing Time = 3
i = 264	Master Time = 0	Lamb = 30847	Total time = 1080	Obj = 2348.33	Pricing Time = 3
i = 265	Master Time = 0	Lamb = 30849	Total time = 1083	Obj = 2347.86	Pricing Time = 3
i = 266	Master Time = 0	Lamb = 30851	Total time = 1086	Obj = 2346.67	Pricing Time = 3
i = 267	Master Time = 1	Lamb = 30853	Total time = 1089	Obj = 2346.67	Pricing Time = 3
--------------------------------------
n110w4_0_1-4-2-8
X fix to 1: 1283
X fix to 0: 2
Fractional X remaining: 77 | min(0.3333333333333332, 0.6666666666666667)
--------------------------------------
i = 268	Master Time = 0	Lamb = 30853	Total time = 1093	Obj = 2357.50	Pricing Time = 3
i = 269	Master Time = 0	Lamb = 30863	Total time = 1095	Obj = 2355.00	Pricing Time = 3
i = 270	Master Time = 0	Lamb = 30867	Total time = 1099	Obj = 2355.00	Pricing Time = 3
i = 271	Master Time = 0	Lamb = 30868	Total time = 1102	Obj = 2355.00	Pricing Time = 3
i = 272	Master Time = 0	Lamb = 30869	Total time = 1105	Obj = 2355.00	Pricing Time = 3
i = 273	Master Time = 0	Lamb = 30871	Total time = 1108	Obj = 2355.00	Pricing Time = 4
i = 274	Master Time = 0	Lamb = 30873	Total time = 1112	Obj = 2355.00	Pricing Time = 3
i = 275	Master Time = 0	Lamb = 30879	Total time = 1115	Obj = 2355.00	Pricing Time = 3
--------------------------------------
n110w4_0_1-4-2-8
X fix to 1: 1284
X fix to 0: 2
Fractional X remaining: 8 | min(0.5, 0.5)
--------------------------------------
i = 276	Master Time = 0	Lamb = 30879	Total time = 1118	Obj = 2375.00	Pricing Time = 3
i = 277	Master Time = 0	Lamb = 30894	Total time = 1121	Obj = 2355.00	Pricing Time = 3
i = 278	Master Time = 0	Lamb = 30899	Total time = 1124	Obj = 2355.00	Pricing Time = 3

n110w4_0_1-4-2-8
Integer solution found

Printing SHIFT allocations
HN_0   |L|L|L|L|-|-|-| |-|L|L|L|L|-|-| |-|-|L|L|L|L|L| |-|-|-|-|L|L|L|
HN_1   |E|E|-|-|-|-|-| |-|E|E|-|-|-|-| |E|E|-|-|-|-|E| |E|-|-|-|-|-|-|
HN_2   |D|D|-|-|-|-|-| |-|-|D|D|-|-|D| |D|-|-|-|-|-|-| |D|D|-|-|-|-|-|
HN_3   |N|N|N|N|N|-|-| |N|N|N|N|N|-|-| |N|N|N|N|N|-|-| |N|N|N|N|N|-|-|
HN_4   |-|-|-|-|-|-|-| |E|E|E|E|-|-|-| |-|-|E|E|E|-|-| |-|-|-|E|E|E|N|
HN_5   |-|-|-|-|-|-|-| |D|D|D|D|D|-|-| |-|-|D|D|D|-|-| |-|-|-|-|D|D|D|
HN_6   |-|E|E|E|E|-|-| |-|-|E|E|E|E|E| |-|-|-|-|E|E|D| |D|E|E|-|-|-|-|
HN_7   |D|D|D|D|D|-|-| |-|D|D|D|D|-|-| |-|-|D|D|D|D|D| |-|-|-|D|D|D|E|
HN_8   |-|N|N|N|N|-|-| |-|N|N|N|N|-|-| |-|-|N|N|N|N|N| |-|-|-|N|N|N|N|
HN_9   |-|-|-|-|D|D|D| |D|D|-|-|-|-|-| |-|-|D|D|D|-|-| |-|D|D|D|-|-|-|
HN_10  |-|-|D|D|D|L|L| |L|-|-|-|-|L|L| |L|L|L|-|-|-|-| |L|L|L|L|-|-|-|
HN_11  |-|E|E|-|-|-|-| |E|E|-|-|-|-|-| |D|D|-|-|-|-|E| |E|-|-|-|-|-|-|
HN_12  |-|E|E|E|E|-|-| |-|-|E|E|E|-|-| |-|-|-|D|D|L|L| |-|-|-|-|-|-|-|
HN_13  |N|-|-|-|-|N|N| |N|N|N|-|-|-|-| |N|N|N|N|N|-|-| |-|-|E|E|E|L|L|
HN_14  |-|-|L|L|L|-|-| |-|-|-|-|L|L|L| |L|L|-|-|-|-|-| |-|-|L|L|L|-|-|
HN_15  |E|-|-|-|-|E|E| |E|E|E|-|-|-|-| |E|E|E|E|-|-|-| |-|E|E|E|E|E|L|
HN_16  |L|L|L|L|L|-|-| |L|L|L|L|L|-|-| |L|L|L|L|L|-|-| |L|L|L|L|L|-|-|
HN_17  |-|L|L|L|-|-|-| |L|L|L|-|-|-|-| |-|-|E|E|E|-|-| |-|-|D|D|L|-|-|
HN_18  |L|L|L|-|-|E|E| |E|-|-|N|N|N|N| |-|-|L|L|L|-|-| |N|N|N|N|N|-|-|
HN_19  |D|D|D|D|-|-|-| |D|D|D|D|-|-|-| |D|D|D|D|-|-|-| |-|D|D|D|D|-|-|
NU_20  |N|N|N|N|-|-|-| |-|-|-|-|N|N|N| |N|N|-|-|-|-|-| |-|N|N|N|N|-|-|
NU_21  |E|E|E|E|E|-|-| |E|E|E|E|E|-|-| |E|E|E|-|-|E|E| |E|-|-|E|E|E|D|
NU_22  |D|D|-|-|D|D|D| |-|-|D|D|D|-|-| |D|D|D|L|L|-|-| |D|D|D|-|-|D|D|
NU_23  |N|N|N|N|-|-|-| |N|N|N|N|-|-|-| |-|-|-|-|N|N|N| |N|N|-|-|-|-|-|
NU_24  |E|E|E|-|-|-|-| |L|L|L|L|-|-|-| |-|-|-|L|L|L|L| |L|-|-|-|-|-|-|
NU_25  |-|-|-|N|N|N|N| |N|-|-|-|-|-|-| |N|N|N|N|-|-|-| |N|N|N|N|N|-|-|
NU_26  |D|D|-|-|-|-|-| |-|D|D|-|-|-|-| |-|L|L|-|-|-|L| |L|-|-|-|-|-|-|
NU_27  |L|L|-|-|-|-|-| |D|D|-|-|-|-|-| |D|D|-|-|-|-|D| |D|-|-|-|-|-|-|
NU_28  |-|-|L|L|L|-|-| |-|-|L|L|L|-|-| |-|-|-|-|-|E|E| |L|L|L|-|-|-|-|
NU_29  |N|-|-|-|L|L|L| |L|L|-|-|-|L|L| |L|L|L|-|-|-|-| |L|L|L|L|-|-|-|
NU_30  |-|N|N|N|N|-|-| |-|-|-|-|-|D|D| |E|E|-|-|-|-|-| |N|N|N|N|-|-|-|
NU_31  |E|-|-|-|-|-|-| |E|E|E|-|-|-|-| |-|E|E|L|L|-|-| |-|-|-|-|E|E|L|
NU_32  |D|-|-|D|D|D|D| |-|-|D|D|D|-|-| |D|D|D|D|D|-|-| |D|D|D|-|-|D|D|
NU_33  |E|E|E|E|E|-|-| |E|E|E|E|E|-|-| |E|E|E|E|E|-|-| |E|E|E|E|E|-|-|
NU_34  |N|N|N|-|-|-|-| |-|-|-|D|D|-|-| |-|-|-|-|-|D|D| |-|-|-|-|-|-|-|
NU_35  |N|N|-|-|-|N|N| |N|N|N|-|-|-|-| |N|N|N|N|N|-|-| |-|-|N|N|N|N|N|
NU_36  |-|-|D|D|D|-|-| |-|-|-|-|D|D|D| |D|-|-|-|-|-|-| |-|D|D|D|D|-|-|
NU_37  |-|-|-|-|N|N|N| |N|-|-|-|-|-|-| |N|N|N|N|-|-|-| |N|N|N|N|N|-|-|
NU_38  |L|L|-|-|E|E|E| |E|E|-|-|E|E|E| |-|-|E|E|E|-|-| |E|E|E|E|E|-|-|
NU_39  |-|N|N|N|N|-|-| |-|N|N|N|N|-|-| |-|-|N|N|N|N|N| |-|-|-|N|N|N|N|
CT_40  |-|-|-|D|D|-|-| |-|-|D|D|-|-|-| |-|-|-|D|D|-|-| |-|-|-|-|D|D|-|
CT_41  |L|L|-|-|-|-|-| |-|L|L|-|-|-|-| |-|-|-|L|L|-|-| |-|-|-|-|L|L|-|
CT_42  |L|-|-|L|L|L|L| |L|-|-|L|L|L|L| |-|-|L|L|L|-|-| |L|L|L|L|L|-|-|
CT_43  |-|-|-|-|-|D|D| |D|-|-|-|-|-|-| |D|D|-|-|-|-|-| |-|D|D|-|-|-|-|
CT_44  |-|-|-|-|N|N|N| |N|-|-|-|-|-|-| |N|N|N|N|-|-|-| |-|E|E|E|-|-|-|
CT_45  |E|E|E|E|-|-|-| |E|E|D|D|-|-|-| |D|D|D|D|-|-|-| |-|L|L|L|L|-|-|
CT_46  |-|-|D|D|D|-|-| |-|-|-|-|D|D|D| |D|-|-|-|-|-|-| |-|D|D|D|D|-|-|
CT_47  |N|N|N|N|N|-|-| |N|N|N|N|N|-|-| |N|N|N|N|N|-|-| |N|N|N|N|N|-|-|
CT_48  |-|-|-|-|L|L|L| |L|-|-|-|-|-|-| |-|L|L|L|L|-|-| |-|-|L|L|L|-|-|
CT_49  |L|L|L|L|L|-|-| |L|L|L|L|L|-|-| |L|L|L|-|-|L|L| |L|-|-|L|L|L|L|
CT_50  |D|D|D|D|-|-|-| |D|D|L|L|L|-|-| |-|-|E|E|E|E|D| |D|-|-|-|-|E|E|
CT_51  |D|-|-|-|-|-|-| |E|E|E|-|-|-|-| |-|-|D|D|D|-|-| |-|-|-|E|E|E|E|
CT_52  |D|D|E|E|E|-|-| |-|-|N|N|N|N|N| |-|-|-|-|E|E|L| |L|L|L|L|-|-|-|
CT_53  |-|N|N|N|N|-|-| |-|-|L|L|L|-|-| |-|-|-|-|N|N|N| |N|-|-|-|-|-|-|
CT_54  |E|E|E|D|D|-|-| |E|E|D|D|D|-|-| |E|E|E|E|E|-|-| |E|E|E|-|-|E|E|
CT_55  |-|-|-|L|L|-|-| |-|-|-|-|-|L|L| |-|-|-|-|-|-|-| |L|L|-|-|-|-|-|
CT_56  |-|-|-|-|-|-|N| |N|N|N|-|-|-|-| |-|E|E|-|-|-|-| |L|L|-|-|-|-|-|
CT_57  |L|L|L|-|-|-|-| |L|L|L|-|-|-|-| |-|-|-|L|L|L|L| |L|-|-|-|-|-|-|
CT_58  |-|-|-|-|E|E|-| |-|-|-|E|E|-|-| |-|-|-|E|E|-|-| |-|-|-|E|E|-|-|
CT_59  |-|-|D|D|N|N|N| |N|-|-|-|E|E|N| |N|N|N|-|-|-|-| |N|N|N|N|N|-|-|
CT_60  |N|N|-|-|-|-|-| |-|-|N|N|N|N|N| |-|-|-|-|-|-|-| |E|E|E|E|-|-|-|
CT_61  |E|-|-|-|-|-|-| |E|E|-|-|-|-|-| |E|E|-|-|-|-|E| |E|-|-|-|-|-|-|
CT_62  |L|L|-|-|E|E|E| |-|-|E|E|E|-|-| |E|E|E|E|E|-|-| |E|E|E|E|E|-|-|
CT_63  |-|N|N|N|N|-|-| |-|-|N|N|N|N|N| |-|-|-|-|D|D|D| |E|E|L|L|-|-|-|
CT_64  |-|-|L|L|L|-|-| |-|-|-|-|D|D|E| |E|E|-|-|-|-|-| |-|D|D|D|-|-|-|
CT_65  |D|D|D|D|D|-|-| |D|D|D|D|D|-|-| |D|D|D|D|D|-|-| |D|D|D|D|D|-|-|
CT_66  |L|L|-|-|-|D|D| |L|L|L|-|-|-|-| |L|L|L|L|-|-|-| |-|L|L|L|L|-|-|
CT_67  |-|D|D|-|-|-|-| |-|-|-|D|D|-|-| |-|-|-|-|D|D|D| |-|-|-|-|-|-|-|
CT_68  |-|N|N|N|N|-|-| |-|-|L|L|L|-|-| |-|-|-|-|N|N|N| |N|-|-|-|-|-|-|
CT_69  |-|-|-|-|-|-|-| |N|N|N|N|-|-|-| |N|N|N|N|-|-|-| |-|-|-|-|N|N|N|
CT_70  |D|D|D|D|D|D|D| |-|-|-|-|D|D|D| |D|D|D|-|-|-|-| |D|D|D|D|D|-|-|
CT_71  |-|-|-|L|L|-|-| |D|D|-|-|-|-|-| |-|-|N|N|N|N|-| |-|-|-|D|D|-|-|
CT_72  |-|-|-|D|D|-|-| |-|-|-|-|-|E|E| |-|-|-|-|-|-|-| |D|D|-|-|-|-|-|
CT_73  |-|L|L|-|-|-|-| |-|L|L|-|-|-|-| |-|-|-|L|L|-|-| |-|-|-|-|-|L|L|
CT_74  |-|E|E|-|-|-|-| |-|-|E|E|-|-|-| |-|-|-|E|E|-|-| |-|-|-|-|E|E|-|
CT_75  |D|D|D|D|-|-|-| |-|D|D|D|D|-|-| |-|-|D|D|D|D|D| |-|-|-|-|D|D|L|
CT_76  |-|-|E|E|E|-|-| |N|N|N|N|N|-|-| |L|L|L|-|-|E|E| |E|-|-|N|N|N|N|
CT_77  |D|D|D|L|L|-|-| |D|D|L|L|L|-|-| |N|N|N|N|N|-|-| |E|E|E|D|D|-|-|
CT_78  |E|-|-|E|E|E|E| |E|-|-|E|E|E|E| |-|-|D|D|D|-|-| |N|N|N|N|N|-|-|
CT_79  |-|-|-|-|-|L|L| |-|-|-|-|-|-|-| |L|L|-|-|-|-|-| |-|-|L|L|-|-|-|
TR_80  |N|N|N|N|-|-|-| |D|D|E|E|-|-|-| |-|E|E|L|L|-|-| |-|L|L|L|L|-|-|
TR_81  |L|L|L|-|-|-|-| |L|L|L|-|-|-|-| |-|-|-|D|D|E|E| |E|-|-|-|-|-|-|
TR_82  |D|D|D|-|-|-|-| |-|E|E|E|-|-|-| |-|-|-|E|E|E|L| |L|-|-|-|-|-|-|
TR_83  |-|N|N|N|N|-|-| |-|N|N|N|N|-|-| |-|-|E|E|E|L|L| |-|-|-|-|N|N|N|
TR_84  |N|N|N|N|-|-|-| |-|N|N|N|N|-|-| |-|D|D|L|L|-|-| |-|L|L|L|L|-|-|
TR_85  |L|L|-|-|-|-|-| |-|-|N|N|N|N|-| |-|-|-|D|D|-|-| |-|-|-|D|D|-|-|
TR_86  |-|-|E|E|E|-|-| |-|-|-|-|-|L|L| |L|L|-|-|-|-|-| |-|E|E|D|D|-|-|
TR_87  |N|N|N|N|-|-|-| |N|N|N|N|-|-|-| |-|N|N|N|N|-|-| |-|-|N|N|N|N|N|
TR_88  |-|-|E|E|N|N|N| |N|-|-|-|-|E|E| |D|D|D|-|-|-|-| |D|D|L|L|-|-|-|
TR_89  |-|-|D|D|D|-|-| |D|D|E|E|E|-|-| |N|N|N|N|N|-|-| |L|L|L|-|-|E|E|
TR_90  |D|-|-|-|-|-|-| |E|E|E|-|-|-|-| |N|N|N|N|N|-|-| |-|-|-|-|-|E|E|
TR_91  |E|E|D|D|D|-|-| |D|D|D|E|E|-|-| |L|L|L|-|-|E|E| |E|-|-|D|D|D|L|
TR_92  |-|-|-|L|L|-|-| |-|-|-|L|L|-|-| |E|E|-|-|-|-|-| |-|-|E|E|-|-|-|
TR_93  |E|E|E|-|-|-|-| |-|E|E|E|-|-|-| |-|-|-|N|N|N|N| |N|-|-|-|-|-|-|
TR_94  |D|D|D|-|-|-|-| |-|-|-|N|N|N|N| |N|-|-|-|-|-|-| |-|L|L|L|-|-|-|
TR_95  |-|-|-|L|L|-|-| |-|-|-|L|L|-|-| |-|-|-|-|L|L|-| |-|-|-|E|E|-|-|
TR_96  |N|N|N|N|-|-|-| |L|L|L|L|-|-|-| |-|E|E|E|E|-|-| |-|D|D|E|E|D|D|
TR_97  |E|E|-|-|E|E|L| |L|L|-|-|D|D|D| |-|-|D|D|D|-|-| |N|N|N|N|N|-|-|
TR_98  |N|-|-|-|D|D|D| |L|L|L|-|-|-|-| |L|L|L|L|-|-|-| |-|D|D|L|L|-|-|
TR_99  |L|-|-|-|E|E|E| |E|D|D|-|-|-|-| |D|D|E|E|-|-|-| |D|D|D|D|-|-|-|
TR_100 |E|E|-|-|L|L|L| |-|-|D|D|D|-|-| |N|N|N|N|N|-|-| |E|E|E|E|E|-|-|
TR_101 |L|L|L|L|L|-|-| |L|L|L|L|L|-|-| |L|L|L|-|-|D|D| |D|-|-|L|L|L|L|
TR_102 |L|-|-|-|-|-|-| |E|E|-|-|-|-|E| |E|-|-|-|-|-|-| |E|E|-|-|-|-|-|
TR_103 |-|-|-|-|N|N|N| |N|N|-|-|-|-|-| |-|-|D|D|D|-|-| |-|-|E|E|E|-|-|
TR_104 |E|E|-|-|N|N|N| |N|N|-|-|E|E|E| |-|-|E|E|E|-|-| |N|N|N|N|N|-|-|
TR_105 |D|D|E|E|E|-|-| |-|-|D|D|N|N|N| |N|-|-|-|-|N|N| |N|N|N|-|-|-|-|
TR_106 |D|D|D|D|D|-|-| |D|D|D|D|D|-|-| |D|D|D|-|-|D|D| |D|-|-|D|D|D|E|
TR_107 |-|-|E|E|D|D|E| |E|-|-|-|-|D|D| |D|L|L|-|-|-|-| |N|N|N|N|-|-|-|
TR_108 |-|-|-|-|-|E|E| |-|-|-|-|-|-|-| |E|E|-|-|-|-|-| |L|L|-|-|-|-|-|
TR_109 |-|-|E|E|E|D|D| |-|-|-|-|D|D|L| |L|L|L|-|-|-|-| |E|E|E|E|-|-|-|
Total assignment constraints: 2180
Consecutive constraints: 15
Non working days constraints: 0
Preferences: 130
Max working weekend: 0
Complete weekends: 0
Optimal coverage constraints: 30
TOTAL = 2355
