Creating directory: out/n110w4_1_0-5-8-8

-----------------------------------------------------------
Instance	n110w4_1_0-5-8-8
algorithm	=	vns
maxIter	=	10
eliteSet	=	10
shakePerc	=	0.9
bestKnow	=	2820.0
minColsIter	=	0.35
minRoundDown	=	-1.0
minRoundUp	=	0.67
seed	=	0
onlyRelax	=	false
nThreads	=	20
alpha	=	0.6
timeOut	=	14600
-----------------------------------------------------------
Parallels mode has been selected.
i = 0	Master Time = 0	Lamb = 0	Total time = 5	Obj = 528480.00	Pricing Time = 1
i = 1	Master Time = 2	Lamb = 696	Total time = 7	Obj = 186085.00	Pricing Time = 0
i = 2	Master Time = 1	Lamb = 1262	Total time = 8	Obj = 73131.25	Pricing Time = 0
i = 3	Master Time = 1	Lamb = 1903	Total time = 10	Obj = 53465.67	Pricing Time = 0
i = 4	Master Time = 3	Lamb = 2595	Total time = 12	Obj = 32257.18	Pricing Time = 0
i = 5	Master Time = 2	Lamb = 3224	Total time = 15	Obj = 21886.95	Pricing Time = 0
i = 6	Master Time = 2	Lamb = 3869	Total time = 16	Obj = 16235.09	Pricing Time = 0
i = 7	Master Time = 2	Lamb = 4506	Total time = 19	Obj = 12292.90	Pricing Time = 0
i = 8	Master Time = 2	Lamb = 5119	Total time = 21	Obj = 9842.86	Pricing Time = 1
i = 9	Master Time = 2	Lamb = 5688	Total time = 23	Obj = 8113.14	Pricing Time = 0
i = 10	Master Time = 2	Lamb = 6257	Total time = 26	Obj = 6894.19	Pricing Time = 0
i = 11	Master Time = 2	Lamb = 6783	Total time = 28	Obj = 5934.99	Pricing Time = 1
i = 12	Master Time = 2	Lamb = 7240	Total time = 31	Obj = 5089.84	Pricing Time = 0
i = 13	Master Time = 2	Lamb = 7678	Total time = 33	Obj = 4485.99	Pricing Time = 0
i = 14	Master Time = 3	Lamb = 8133	Total time = 37	Obj = 4075.52	Pricing Time = 0
i = 15	Master Time = 3	Lamb = 8482	Total time = 39	Obj = 3765.29	Pricing Time = 0
i = 16	Master Time = 2	Lamb = 8833	Total time = 42	Obj = 3506.38	Pricing Time = 1
i = 17	Master Time = 2	Lamb = 9176	Total time = 45	Obj = 3362.99	Pricing Time = 0
i = 18	Master Time = 3	Lamb = 9576	Total time = 47	Obj = 3212.70	Pricing Time = 1
i = 19	Master Time = 2	Lamb = 9860	Total time = 51	Obj = 3117.80	Pricing Time = 1
i = 20	Master Time = 2	Lamb = 10145	Total time = 54	Obj = 3024.70	Pricing Time = 1
i = 21	Master Time = 2	Lamb = 10400	Total time = 57	Obj = 2966.43	Pricing Time = 1
i = 22	Master Time = 2	Lamb = 10631	Total time = 60	Obj = 2900.08	Pricing Time = 0
i = 23	Master Time = 2	Lamb = 10860	Total time = 63	Obj = 2850.45	Pricing Time = 1
i = 24	Master Time = 2	Lamb = 11067	Total time = 66	Obj = 2811.39	Pricing Time = 1
i = 25	Master Time = 2	Lamb = 11260	Total time = 69	Obj = 2764.80	Pricing Time = 1
i = 26	Master Time = 2	Lamb = 11435	Total time = 72	Obj = 2741.97	Pricing Time = 0
i = 27	Master Time = 3	Lamb = 11584	Total time = 74	Obj = 2719.77	Pricing Time = 1
i = 28	Master Time = 2	Lamb = 11736	Total time = 78	Obj = 2697.15	Pricing Time = 1
i = 29	Master Time = 1	Lamb = 11870	Total time = 80	Obj = 2683.60	Pricing Time = 1
i = 30	Master Time = 2	Lamb = 12020	Total time = 82	Obj = 2671.78	Pricing Time = 1
i = 31	Master Time = 2	Lamb = 12130	Total time = 86	Obj = 2660.49	Pricing Time = 0
i = 32	Master Time = 2	Lamb = 12242	Total time = 87	Obj = 2654.93	Pricing Time = 0
i = 33	Master Time = 2	Lamb = 12342	Total time = 89	Obj = 2650.28	Pricing Time = 0
i = 34	Master Time = 2	Lamb = 12445	Total time = 91	Obj = 2644.62	Pricing Time = 20
i = 35	Master Time = 3	Lamb = 12647	Total time = 115	Obj = 2598.47	Pricing Time = 1
i = 36	Master Time = 1	Lamb = 12790	Total time = 117	Obj = 2590.46	Pricing Time = 1
i = 37	Master Time = 2	Lamb = 12913	Total time = 120	Obj = 2580.15	Pricing Time = 1
i = 38	Master Time = 2	Lamb = 13009	Total time = 123	Obj = 2573.07	Pricing Time = 18
i = 39	Master Time = 3	Lamb = 13241	Total time = 143	Obj = 2535.32	Pricing Time = 0
i = 40	Master Time = 3	Lamb = 13509	Total time = 146	Obj = 2527.93	Pricing Time = 0
i = 41	Master Time = 2	Lamb = 13643	Total time = 149	Obj = 2522.41	Pricing Time = 1
i = 42	Master Time = 2	Lamb = 13768	Total time = 152	Obj = 2520.28	Pricing Time = 1
i = 43	Master Time = 2	Lamb = 13853	Total time = 154	Obj = 2518.54	Pricing Time = 0
i = 44	Master Time = 2	Lamb = 13945	Total time = 157	Obj = 2516.33	Pricing Time = 0
i = 45	Master Time = 3	Lamb = 14015	Total time = 160	Obj = 2513.52	Pricing Time = 16
i = 46	Master Time = 3	Lamb = 14213	Total time = 179	Obj = 2495.64	Pricing Time = 1
i = 47	Master Time = 1	Lamb = 14374	Total time = 180	Obj = 2493.82	Pricing Time = 8
i = 48	Master Time = 1	Lamb = 14445	Total time = 189	Obj = 2484.18	Pricing Time = 14
i = 49	Master Time = 0	Lamb = 14509	Total time = 204	Obj = 2475.60	Pricing Time = 9
i = 50	Master Time = 1	Lamb = 14575	Total time = 214	Obj = 2469.52	Pricing Time = 9
i = 51	Master Time = 0	Lamb = 14627	Total time = 223	Obj = 2465.94	Pricing Time = 12
i = 52	Master Time = 1	Lamb = 14682	Total time = 235	Obj = 2464.75	Pricing Time = 7
i = 53	Master Time = 0	Lamb = 14725	Total time = 243	Obj = 2464.69	Pricing Time = 10

Optimal of relaxation found.
Fractional X Variables: 4563 (min: 2.580103264021305E-4 max: 0.997298056141144)
--------------------------------------
n110w4_1_0-5-8-8
X fix to 1: 413
X fix to 0: 0
Fractional X remaining: 4563 | min(2.580103264021305E-4, 0.997298056141144)
--------------------------------------
i = 54	Master Time = 3	Lamb = 14725	Total time = 256	Obj = 2738.40	Pricing Time = 1
i = 55	Master Time = 3	Lamb = 15208	Total time = 260	Obj = 2634.23	Pricing Time = 0
i = 56	Master Time = 4	Lamb = 15619	Total time = 264	Obj = 2588.73	Pricing Time = 1
i = 57	Master Time = 3	Lamb = 15971	Total time = 268	Obj = 2556.91	Pricing Time = 0
i = 58	Master Time = 3	Lamb = 16237	Total time = 271	Obj = 2535.70	Pricing Time = 0
i = 59	Master Time = 4	Lamb = 16485	Total time = 275	Obj = 2514.07	Pricing Time = 0
i = 60	Master Time = 4	Lamb = 16683	Total time = 280	Obj = 2489.52	Pricing Time = 0
i = 61	Master Time = 3	Lamb = 16875	Total time = 283	Obj = 2485.39	Pricing Time = 1
i = 62	Master Time = 2	Lamb = 17004	Total time = 285	Obj = 2479.86	Pricing Time = 0
i = 63	Master Time = 2	Lamb = 17121	Total time = 288	Obj = 2478.04	Pricing Time = 0
i = 64	Master Time = 3	Lamb = 17227	Total time = 291	Obj = 2475.61	Pricing Time = 0
i = 65	Master Time = 2	Lamb = 17309	Total time = 293	Obj = 2475.07	Pricing Time = 7
i = 66	Master Time = 1	Lamb = 17452	Total time = 301	Obj = 2467.34	Pricing Time = 4
i = 67	Master Time = 1	Lamb = 17492	Total time = 306	Obj = 2466.67	Pricing Time = 5
i = 68	Master Time = 0	Lamb = 17503	Total time = 311	Obj = 2466.67	Pricing Time = 6
i = 69	Master Time = 0	Lamb = 17511	Total time = 317	Obj = 2466.67	Pricing Time = 5
i = 70	Master Time = 0	Lamb = 17512	Total time = 322	Obj = 2466.67	Pricing Time = 5
--------------------------------------
n110w4_1_0-5-8-8
X fix to 1: 672
X fix to 0: 0
Fractional X remaining: 3578 | min(6.549943934491056E-4, 0.9865637884799461)
--------------------------------------
i = 71	Master Time = 3	Lamb = 17512	Total time = 330	Obj = 2720.69	Pricing Time = 1
i = 72	Master Time = 3	Lamb = 17931	Total time = 334	Obj = 2657.06	Pricing Time = 0
i = 73	Master Time = 3	Lamb = 18295	Total time = 337	Obj = 2601.46	Pricing Time = 1
i = 74	Master Time = 3	Lamb = 18585	Total time = 340	Obj = 2565.18	Pricing Time = 0
i = 75	Master Time = 3	Lamb = 18885	Total time = 344	Obj = 2551.08	Pricing Time = 0
i = 76	Master Time = 3	Lamb = 19113	Total time = 347	Obj = 2542.64	Pricing Time = 0
i = 77	Master Time = 3	Lamb = 19287	Total time = 350	Obj = 2513.86	Pricing Time = 0
i = 78	Master Time = 3	Lamb = 19401	Total time = 353	Obj = 2494.40	Pricing Time = 0
i = 79	Master Time = 2	Lamb = 19498	Total time = 355	Obj = 2485.94	Pricing Time = 1
i = 80	Master Time = 2	Lamb = 19562	Total time = 357	Obj = 2480.95	Pricing Time = 0
i = 81	Master Time = 1	Lamb = 19641	Total time = 359	Obj = 2478.44	Pricing Time = 3
i = 82	Master Time = 1	Lamb = 19686	Total time = 363	Obj = 2475.00	Pricing Time = 4
i = 83	Master Time = 1	Lamb = 19708	Total time = 367	Obj = 2470.00	Pricing Time = 3
i = 84	Master Time = 1	Lamb = 19726	Total time = 372	Obj = 2468.33	Pricing Time = 4
i = 85	Master Time = 0	Lamb = 19743	Total time = 376	Obj = 2468.04	Pricing Time = 4
i = 86	Master Time = 0	Lamb = 19752	Total time = 380	Obj = 2466.67	Pricing Time = 4
i = 87	Master Time = 1	Lamb = 19757	Total time = 384	Obj = 2466.67	Pricing Time = 4
i = 88	Master Time = 0	Lamb = 19764	Total time = 389	Obj = 2466.67	Pricing Time = 4
i = 89	Master Time = 1	Lamb = 19771	Total time = 394	Obj = 2466.67	Pricing Time = 4
i = 90	Master Time = 0	Lamb = 19778	Total time = 398	Obj = 2466.67	Pricing Time = 4
i = 91	Master Time = 0	Lamb = 19783	Total time = 402	Obj = 2466.67	Pricing Time = 4
i = 92	Master Time = 0	Lamb = 19784	Total time = 406	Obj = 2466.67	Pricing Time = 4
--------------------------------------
n110w4_1_0-5-8-8
X fix to 1: 845
X fix to 0: 0
Fractional X remaining: 2623 | min(1.0679756807693494E-4, 0.9840289387054465)
--------------------------------------
i = 93	Master Time = 3	Lamb = 19784	Total time = 413	Obj = 2774.02	Pricing Time = 1
i = 94	Master Time = 2	Lamb = 20188	Total time = 416	Obj = 2702.56	Pricing Time = 1
i = 95	Master Time = 3	Lamb = 20424	Total time = 420	Obj = 2626.00	Pricing Time = 0
i = 96	Master Time = 3	Lamb = 20651	Total time = 423	Obj = 2588.17	Pricing Time = 0
i = 97	Master Time = 3	Lamb = 20922	Total time = 426	Obj = 2571.49	Pricing Time = 0
i = 98	Master Time = 3	Lamb = 21133	Total time = 429	Obj = 2551.98	Pricing Time = 0
i = 99	Master Time = 3	Lamb = 21375	Total time = 433	Obj = 2534.24	Pricing Time = 0
i = 100	Master Time = 3	Lamb = 21587	Total time = 436	Obj = 2518.44	Pricing Time = 1
i = 101	Master Time = 3	Lamb = 21766	Total time = 439	Obj = 2508.59	Pricing Time = 0
i = 102	Master Time = 4	Lamb = 21985	Total time = 443	Obj = 2500.98	Pricing Time = 0
i = 103	Master Time = 3	Lamb = 22128	Total time = 447	Obj = 2496.59	Pricing Time = 1
i = 104	Master Time = 3	Lamb = 22229	Total time = 450	Obj = 2491.45	Pricing Time = 0
i = 105	Master Time = 3	Lamb = 22344	Total time = 454	Obj = 2486.78	Pricing Time = 0
i = 106	Master Time = 2	Lamb = 22525	Total time = 457	Obj = 2482.43	Pricing Time = 1
i = 107	Master Time = 3	Lamb = 22673	Total time = 461	Obj = 2479.78	Pricing Time = 0
i = 108	Master Time = 3	Lamb = 22823	Total time = 464	Obj = 2477.84	Pricing Time = 1
i = 109	Master Time = 3	Lamb = 22923	Total time = 468	Obj = 2475.64	Pricing Time = 3
i = 110	Master Time = 3	Lamb = 23021	Total time = 474	Obj = 2466.97	Pricing Time = 3
i = 111	Master Time = 1	Lamb = 23114	Total time = 478	Obj = 2466.67	Pricing Time = 3
i = 112	Master Time = 1	Lamb = 23130	Total time = 482	Obj = 2466.67	Pricing Time = 3
i = 113	Master Time = 1	Lamb = 23138	Total time = 485	Obj = 2466.67	Pricing Time = 3
i = 114	Master Time = 1	Lamb = 23139	Total time = 490	Obj = 2466.67	Pricing Time = 3
i = 115	Master Time = 0	Lamb = 23140	Total time = 493	Obj = 2466.67	Pricing Time = 4
--------------------------------------
n110w4_1_0-5-8-8
X fix to 1: 969
X fix to 0: 0
Fractional X remaining: 1858 | min(3.3110281337685177E-4, 0.9892363431466954)
--------------------------------------
i = 116	Master Time = 3	Lamb = 23140	Total time = 500	Obj = 2722.09	Pricing Time = 0
i = 117	Master Time = 3	Lamb = 23449	Total time = 503	Obj = 2643.11	Pricing Time = 0
i = 118	Master Time = 3	Lamb = 23684	Total time = 506	Obj = 2605.94	Pricing Time = 0
i = 119	Master Time = 3	Lamb = 23967	Total time = 508	Obj = 2578.17	Pricing Time = 0
i = 120	Master Time = 3	Lamb = 24181	Total time = 511	Obj = 2554.86	Pricing Time = 0
i = 121	Master Time = 3	Lamb = 24341	Total time = 515	Obj = 2541.18	Pricing Time = 0
i = 122	Master Time = 3	Lamb = 24502	Total time = 518	Obj = 2529.18	Pricing Time = 0
i = 123	Master Time = 3	Lamb = 24641	Total time = 521	Obj = 2522.91	Pricing Time = 0
i = 124	Master Time = 2	Lamb = 24777	Total time = 523	Obj = 2513.09	Pricing Time = 3
i = 125	Master Time = 3	Lamb = 24889	Total time = 529	Obj = 2492.88	Pricing Time = 0
i = 126	Master Time = 3	Lamb = 24996	Total time = 531	Obj = 2484.48	Pricing Time = 0
i = 127	Master Time = 2	Lamb = 25087	Total time = 534	Obj = 2479.45	Pricing Time = 4
i = 128	Master Time = 4	Lamb = 25177	Total time = 541	Obj = 2471.74	Pricing Time = 2
i = 129	Master Time = 3	Lamb = 25255	Total time = 547	Obj = 2469.51	Pricing Time = 1
i = 130	Master Time = 2	Lamb = 25360	Total time = 550	Obj = 2468.69	Pricing Time = 3
i = 131	Master Time = 3	Lamb = 25475	Total time = 556	Obj = 2466.67	Pricing Time = 0
i = 132	Master Time = 4	Lamb = 25680	Total time = 560	Obj = 2466.67	Pricing Time = 0
i = 133	Master Time = 3	Lamb = 25862	Total time = 563	Obj = 2466.67	Pricing Time = 1
i = 134	Master Time = 3	Lamb = 26058	Total time = 566	Obj = 2466.67	Pricing Time = 2
i = 135	Master Time = 3	Lamb = 26206	Total time = 572	Obj = 2466.67	Pricing Time = 3
i = 136	Master Time = 3	Lamb = 26334	Total time = 578	Obj = 2466.67	Pricing Time = 2
i = 137	Master Time = 1	Lamb = 26385	Total time = 581	Obj = 2466.67	Pricing Time = 3
i = 138	Master Time = 1	Lamb = 26410	Total time = 585	Obj = 2466.67	Pricing Time = 3
i = 139	Master Time = 0	Lamb = 26425	Total time = 588	Obj = 2466.67	Pricing Time = 3
i = 140	Master Time = 0	Lamb = 26432	Total time = 591	Obj = 2466.67	Pricing Time = 3
i = 141	Master Time = 1	Lamb = 26434	Total time = 594	Obj = 2466.67	Pricing Time = 3
i = 142	Master Time = 0	Lamb = 26436	Total time = 598	Obj = 2466.67	Pricing Time = 3
i = 143	Master Time = 1	Lamb = 26437	Total time = 601	Obj = 2466.67	Pricing Time = 3
--------------------------------------
n110w4_1_0-5-8-8
X fix to 1: 1045
X fix to 0: 0
Fractional X remaining: 1538 | min(0.002271852436783795, 0.9664484067857606)
--------------------------------------
i = 144	Master Time = 3	Lamb = 26437	Total time = 608	Obj = 2559.32	Pricing Time = 0
i = 145	Master Time = 3	Lamb = 26649	Total time = 611	Obj = 2544.82	Pricing Time = 1
i = 146	Master Time = 1	Lamb = 26818	Total time = 613	Obj = 2523.71	Pricing Time = 1
i = 147	Master Time = 1	Lamb = 26947	Total time = 615	Obj = 2512.36	Pricing Time = 1
i = 148	Master Time = 3	Lamb = 27010	Total time = 618	Obj = 2501.20	Pricing Time = 0
i = 149	Master Time = 3	Lamb = 27111	Total time = 622	Obj = 2498.78	Pricing Time = 0
i = 150	Master Time = 3	Lamb = 27203	Total time = 625	Obj = 2497.98	Pricing Time = 1
i = 151	Master Time = 2	Lamb = 27418	Total time = 628	Obj = 2496.98	Pricing Time = 4
i = 152	Master Time = 3	Lamb = 27538	Total time = 634	Obj = 2490.51	Pricing Time = 2
i = 153	Master Time = 3	Lamb = 27629	Total time = 640	Obj = 2485.96	Pricing Time = 0
i = 154	Master Time = 3	Lamb = 27765	Total time = 643	Obj = 2483.84	Pricing Time = 3
i = 155	Master Time = 2	Lamb = 27889	Total time = 648	Obj = 2480.64	Pricing Time = 4
i = 156	Master Time = 2	Lamb = 27977	Total time = 653	Obj = 2472.95	Pricing Time = 3
i = 157	Master Time = 1	Lamb = 28048	Total time = 658	Obj = 2470.26	Pricing Time = 3
i = 158	Master Time = 0	Lamb = 28107	Total time = 661	Obj = 2470.00	Pricing Time = 3
i = 159	Master Time = 0	Lamb = 28112	Total time = 664	Obj = 2470.00	Pricing Time = 3
--------------------------------------
n110w4_1_0-5-8-8
X fix to 1: 1129
X fix to 0: 0
Fractional X remaining: 1192 | min(5.605655645089108E-4, 0.9923323708814669)
--------------------------------------
i = 160	Master Time = 3	Lamb = 28112	Total time = 670	Obj = 2639.76	Pricing Time = 1
i = 161	Master Time = 2	Lamb = 28428	Total time = 673	Obj = 2607.33	Pricing Time = 1
i = 162	Master Time = 1	Lamb = 28679	Total time = 675	Obj = 2591.47	Pricing Time = 1
i = 163	Master Time = 2	Lamb = 28847	Total time = 678	Obj = 2558.60	Pricing Time = 1
i = 164	Master Time = 1	Lamb = 28976	Total time = 680	Obj = 2551.71	Pricing Time = 2
i = 165	Master Time = 3	Lamb = 29068	Total time = 685	Obj = 2536.35	Pricing Time = 2
i = 166	Master Time = 3	Lamb = 29164	Total time = 690	Obj = 2526.51	Pricing Time = 2
i = 167	Master Time = 2	Lamb = 29234	Total time = 694	Obj = 2509.01	Pricing Time = 3
i = 168	Master Time = 1	Lamb = 29302	Total time = 698	Obj = 2499.66	Pricing Time = 4
i = 169	Master Time = 3	Lamb = 29357	Total time = 704	Obj = 2498.19	Pricing Time = 0
i = 170	Master Time = 3	Lamb = 29551	Total time = 707	Obj = 2498.03	Pricing Time = 0
i = 171	Master Time = 3	Lamb = 29699	Total time = 710	Obj = 2497.80	Pricing Time = 2
i = 172	Master Time = 3	Lamb = 29775	Total time = 715	Obj = 2493.81	Pricing Time = 2
i = 173	Master Time = 1	Lamb = 29819	Total time = 719	Obj = 2490.00	Pricing Time = 2
i = 174	Master Time = 1	Lamb = 29835	Total time = 721	Obj = 2490.00	Pricing Time = 2
i = 175	Master Time = 1	Lamb = 29840	Total time = 725	Obj = 2486.25	Pricing Time = 2
i = 176	Master Time = 1	Lamb = 29849	Total time = 728	Obj = 2485.00	Pricing Time = 3
i = 177	Master Time = 0	Lamb = 29851	Total time = 731	Obj = 2485.00	Pricing Time = 3
i = 178	Master Time = 0	Lamb = 29852	Total time = 734	Obj = 2485.00	Pricing Time = 3
i = 179	Master Time = 0	Lamb = 29853	Total time = 737	Obj = 2485.00	Pricing Time = 3
--------------------------------------
n110w4_1_0-5-8-8
X fix to 1: 1213
X fix to 0: 0
Fractional X remaining: 881 | min(2.218564291322639E-4, 0.9375302461524658)
--------------------------------------
i = 180	Master Time = 2	Lamb = 29853	Total time = 742	Obj = 2692.99	Pricing Time = 0
i = 181	Master Time = 3	Lamb = 30133	Total time = 744	Obj = 2642.73	Pricing Time = 0
i = 182	Master Time = 2	Lamb = 30348	Total time = 747	Obj = 2598.59	Pricing Time = 1
i = 183	Master Time = 2	Lamb = 30500	Total time = 750	Obj = 2577.74	Pricing Time = 0
i = 184	Master Time = 3	Lamb = 30649	Total time = 753	Obj = 2574.90	Pricing Time = 0
i = 185	Master Time = 2	Lamb = 30755	Total time = 755	Obj = 2566.55	Pricing Time = 3
i = 186	Master Time = 2	Lamb = 30844	Total time = 760	Obj = 2532.09	Pricing Time = 0
i = 187	Master Time = 3	Lamb = 30966	Total time = 762	Obj = 2527.55	Pricing Time = 2
i = 188	Master Time = 2	Lamb = 31049	Total time = 767	Obj = 2522.74	Pricing Time = 2
i = 189	Master Time = 3	Lamb = 31135	Total time = 771	Obj = 2514.44	Pricing Time = 2
i = 190	Master Time = 2	Lamb = 31217	Total time = 776	Obj = 2507.96	Pricing Time = 1
i = 191	Master Time = 1	Lamb = 31310	Total time = 778	Obj = 2503.17	Pricing Time = 3
i = 192	Master Time = 1	Lamb = 31363	Total time = 782	Obj = 2501.86	Pricing Time = 2
i = 193	Master Time = 1	Lamb = 31386	Total time = 784	Obj = 2501.14	Pricing Time = 2
i = 194	Master Time = 1	Lamb = 31415	Total time = 788	Obj = 2498.53	Pricing Time = 2
i = 195	Master Time = 1	Lamb = 31435	Total time = 791	Obj = 2497.61	Pricing Time = 2
i = 196	Master Time = 1	Lamb = 31448	Total time = 794	Obj = 2495.46	Pricing Time = 3
i = 197	Master Time = 1	Lamb = 31472	Total time = 797	Obj = 2494.68	Pricing Time = 2
i = 198	Master Time = 1	Lamb = 31484	Total time = 800	Obj = 2494.47	Pricing Time = 3
i = 199	Master Time = 0	Lamb = 31497	Total time = 804	Obj = 2493.26	Pricing Time = 3
i = 200	Master Time = 1	Lamb = 31517	Total time = 807	Obj = 2491.79	Pricing Time = 2
i = 201	Master Time = 1	Lamb = 31538	Total time = 810	Obj = 2491.20	Pricing Time = 2
i = 202	Master Time = 1	Lamb = 31550	Total time = 813	Obj = 2490.83	Pricing Time = 2
i = 203	Master Time = 1	Lamb = 31562	Total time = 817	Obj = 2490.28	Pricing Time = 2
i = 204	Master Time = 1	Lamb = 31579	Total time = 819	Obj = 2490.15	Pricing Time = 2
i = 205	Master Time = 1	Lamb = 31603	Total time = 823	Obj = 2490.00	Pricing Time = 2
i = 206	Master Time = 1	Lamb = 31618	Total time = 825	Obj = 2490.00	Pricing Time = 2
i = 207	Master Time = 1	Lamb = 31630	Total time = 829	Obj = 2490.00	Pricing Time = 3
i = 208	Master Time = 1	Lamb = 31633	Total time = 832	Obj = 2490.00	Pricing Time = 2
i = 209	Master Time = 1	Lamb = 31639	Total time = 836	Obj = 2490.00	Pricing Time = 3
i = 210	Master Time = 2	Lamb = 31642	Total time = 841	Obj = 2490.00	Pricing Time = 2
i = 211	Master Time = 2	Lamb = 31656	Total time = 845	Obj = 2490.00	Pricing Time = 3
i = 212	Master Time = 2	Lamb = 31722	Total time = 850	Obj = 2490.00	Pricing Time = 2
i = 213	Master Time = 3	Lamb = 31762	Total time = 854	Obj = 2490.00	Pricing Time = 2
i = 214	Master Time = 2	Lamb = 31790	Total time = 859	Obj = 2490.00	Pricing Time = 2
i = 215	Master Time = 2	Lamb = 31856	Total time = 863	Obj = 2490.00	Pricing Time = 3
i = 216	Master Time = 3	Lamb = 31874	Total time = 869	Obj = 2490.00	Pricing Time = 2
i = 217	Master Time = 1	Lamb = 31883	Total time = 872	Obj = 2490.00	Pricing Time = 3
i = 218	Master Time = 0	Lamb = 31895	Total time = 875	Obj = 2490.00	Pricing Time = 3
i = 219	Master Time = 0	Lamb = 31898	Total time = 878	Obj = 2490.00	Pricing Time = 3
i = 220	Master Time = 1	Lamb = 31899	Total time = 882	Obj = 2490.00	Pricing Time = 3
i = 221	Master Time = 0	Lamb = 31900	Total time = 885	Obj = 2490.00	Pricing Time = 3
i = 222	Master Time = 1	Lamb = 31902	Total time = 889	Obj = 2490.00	Pricing Time = 3
i = 223	Master Time = 0	Lamb = 31903	Total time = 892	Obj = 2490.00	Pricing Time = 3
--------------------------------------
n110w4_1_0-5-8-8
X fix to 1: 1254
X fix to 0: 0
Fractional X remaining: 475 | min(0.005952380952380629, 0.9940476190476191)
--------------------------------------
i = 224	Master Time = 2	Lamb = 31903	Total time = 897	Obj = 2541.23	Pricing Time = 0
i = 225	Master Time = 3	Lamb = 32016	Total time = 899	Obj = 2534.00	Pricing Time = 1
i = 226	Master Time = 2	Lamb = 32077	Total time = 903	Obj = 2526.01	Pricing Time = 2
i = 227	Master Time = 2	Lamb = 32166	Total time = 907	Obj = 2522.59	Pricing Time = 2
i = 228	Master Time = 1	Lamb = 32220	Total time = 909	Obj = 2519.00	Pricing Time = 1
i = 229	Master Time = 2	Lamb = 32257	Total time = 913	Obj = 2517.99	Pricing Time = 3
i = 230	Master Time = 1	Lamb = 32290	Total time = 916	Obj = 2517.69	Pricing Time = 2
i = 231	Master Time = 1	Lamb = 32317	Total time = 919	Obj = 2517.62	Pricing Time = 3
i = 232	Master Time = 1	Lamb = 32336	Total time = 924	Obj = 2515.00	Pricing Time = 3
i = 233	Master Time = 2	Lamb = 32359	Total time = 929	Obj = 2515.00	Pricing Time = 2
i = 234	Master Time = 2	Lamb = 32406	Total time = 933	Obj = 2511.36	Pricing Time = 3
i = 235	Master Time = 2	Lamb = 32477	Total time = 938	Obj = 2511.11	Pricing Time = 2
i = 236	Master Time = 3	Lamb = 32513	Total time = 942	Obj = 2510.00	Pricing Time = 2
i = 237	Master Time = 2	Lamb = 32540	Total time = 946	Obj = 2510.00	Pricing Time = 2
i = 238	Master Time = 2	Lamb = 32566	Total time = 951	Obj = 2510.00	Pricing Time = 2
i = 239	Master Time = 2	Lamb = 32586	Total time = 955	Obj = 2508.82	Pricing Time = 2
i = 240	Master Time = 1	Lamb = 32596	Total time = 958	Obj = 2508.33	Pricing Time = 2
i = 241	Master Time = 2	Lamb = 32618	Total time = 963	Obj = 2504.52	Pricing Time = 2
i = 242	Master Time = 0	Lamb = 32631	Total time = 966	Obj = 2502.50	Pricing Time = 3
i = 243	Master Time = 1	Lamb = 32638	Total time = 970	Obj = 2502.50	Pricing Time = 2
i = 244	Master Time = 0	Lamb = 32642	Total time = 973	Obj = 2502.50	Pricing Time = 3
i = 245	Master Time = 0	Lamb = 32646	Total time = 976	Obj = 2502.50	Pricing Time = 3
i = 246	Master Time = 1	Lamb = 32649	Total time = 980	Obj = 2502.50	Pricing Time = 3
i = 247	Master Time = 1	Lamb = 32653	Total time = 984	Obj = 2501.25	Pricing Time = 3
i = 248	Master Time = 1	Lamb = 32660	Total time = 987	Obj = 2501.25	Pricing Time = 3
i = 249	Master Time = 0	Lamb = 32663	Total time = 991	Obj = 2501.25	Pricing Time = 3
i = 250	Master Time = 1	Lamb = 32666	Total time = 994	Obj = 2501.00	Pricing Time = 2
i = 251	Master Time = 1	Lamb = 32670	Total time = 998	Obj = 2500.83	Pricing Time = 2
i = 252	Master Time = 1	Lamb = 32675	Total time = 1001	Obj = 2500.42	Pricing Time = 3
i = 253	Master Time = 1	Lamb = 32678	Total time = 1004	Obj = 2500.29	Pricing Time = 2
i = 254	Master Time = 0	Lamb = 32681	Total time = 1008	Obj = 2500.00	Pricing Time = 3
i = 255	Master Time = 1	Lamb = 32689	Total time = 1011	Obj = 2500.00	Pricing Time = 2
i = 256	Master Time = 1	Lamb = 32692	Total time = 1014	Obj = 2500.00	Pricing Time = 2
i = 257	Master Time = 1	Lamb = 32694	Total time = 1017	Obj = 2500.00	Pricing Time = 3
i = 258	Master Time = 0	Lamb = 32696	Total time = 1021	Obj = 2500.00	Pricing Time = 3
i = 259	Master Time = 0	Lamb = 32697	Total time = 1024	Obj = 2500.00	Pricing Time = 3
--------------------------------------
n110w4_1_0-5-8-8
X fix to 1: 1277
X fix to 0: 0
Fractional X remaining: 225 | min(0.09999999999999676, 0.9000000000000032)
--------------------------------------
i = 260	Master Time = 2	Lamb = 32697	Total time = 1029	Obj = 2516.67	Pricing Time = 2
i = 261	Master Time = 2	Lamb = 32728	Total time = 1032	Obj = 2506.67	Pricing Time = 2
i = 262	Master Time = 2	Lamb = 32759	Total time = 1037	Obj = 2506.00	Pricing Time = 2
i = 263	Master Time = 1	Lamb = 32787	Total time = 1040	Obj = 2500.00	Pricing Time = 3
i = 264	Master Time = 1	Lamb = 32801	Total time = 1043	Obj = 2500.00	Pricing Time = 2
i = 265	Master Time = 0	Lamb = 32813	Total time = 1046	Obj = 2500.00	Pricing Time = 3
i = 266	Master Time = 1	Lamb = 32823	Total time = 1050	Obj = 2500.00	Pricing Time = 3
i = 267	Master Time = 0	Lamb = 32832	Total time = 1053	Obj = 2500.00	Pricing Time = 3
i = 268	Master Time = 2	Lamb = 32849	Total time = 1057	Obj = 2500.00	Pricing Time = 2
i = 269	Master Time = 2	Lamb = 32875	Total time = 1062	Obj = 2500.00	Pricing Time = 2
i = 270	Master Time = 2	Lamb = 32897	Total time = 1066	Obj = 2500.00	Pricing Time = 2
i = 271	Master Time = 2	Lamb = 32912	Total time = 1070	Obj = 2500.00	Pricing Time = 3
i = 272	Master Time = 2	Lamb = 32924	Total time = 1074	Obj = 2500.00	Pricing Time = 2
i = 273	Master Time = 2	Lamb = 32950	Total time = 1079	Obj = 2500.00	Pricing Time = 3
i = 274	Master Time = 1	Lamb = 32963	Total time = 1082	Obj = 2500.00	Pricing Time = 2
i = 275	Master Time = 1	Lamb = 32978	Total time = 1086	Obj = 2500.00	Pricing Time = 3
i = 276	Master Time = 2	Lamb = 32990	Total time = 1090	Obj = 2500.00	Pricing Time = 2
i = 277	Master Time = 2	Lamb = 33003	Total time = 1095	Obj = 2500.00	Pricing Time = 2
i = 278	Master Time = 2	Lamb = 33013	Total time = 1099	Obj = 2500.00	Pricing Time = 3
i = 279	Master Time = 2	Lamb = 33030	Total time = 1104	Obj = 2500.00	Pricing Time = 2
i = 280	Master Time = 2	Lamb = 33104	Total time = 1107	Obj = 2500.00	Pricing Time = 2
i = 281	Master Time = 2	Lamb = 33175	Total time = 1111	Obj = 2500.00	Pricing Time = 1
i = 282	Master Time = 1	Lamb = 33205	Total time = 1114	Obj = 2500.00	Pricing Time = 3
i = 283	Master Time = 2	Lamb = 33230	Total time = 1118	Obj = 2500.00	Pricing Time = 2
i = 284	Master Time = 2	Lamb = 33270	Total time = 1122	Obj = 2500.00	Pricing Time = 2
i = 285	Master Time = 2	Lamb = 33326	Total time = 1127	Obj = 2500.00	Pricing Time = 2
i = 286	Master Time = 2	Lamb = 33361	Total time = 1131	Obj = 2500.00	Pricing Time = 3
i = 287	Master Time = 1	Lamb = 33390	Total time = 1135	Obj = 2500.00	Pricing Time = 2
i = 288	Master Time = 3	Lamb = 33452	Total time = 1139	Obj = 2500.00	Pricing Time = 2
i = 289	Master Time = 2	Lamb = 33506	Total time = 1144	Obj = 2500.00	Pricing Time = 2
i = 290	Master Time = 1	Lamb = 33518	Total time = 1147	Obj = 2500.00	Pricing Time = 3
i = 291	Master Time = 1	Lamb = 33529	Total time = 1150	Obj = 2500.00	Pricing Time = 2
i = 292	Master Time = 1	Lamb = 33533	Total time = 1154	Obj = 2500.00	Pricing Time = 3
i = 293	Master Time = 1	Lamb = 33540	Total time = 1157	Obj = 2500.00	Pricing Time = 2
i = 294	Master Time = 1	Lamb = 33544	Total time = 1161	Obj = 2500.00	Pricing Time = 2
i = 295	Master Time = 1	Lamb = 33546	Total time = 1164	Obj = 2500.00	Pricing Time = 2
--------------------------------------
n110w4_1_0-5-8-8
X fix to 1: 1289
X fix to 0: 0
Fractional X remaining: 160 | min(0.1666666666666634, 0.8333333333333366)
--------------------------------------
i = 296	Master Time = 1	Lamb = 33546	Total time = 1167	Obj = 2506.67	Pricing Time = 3
i = 297	Master Time = 1	Lamb = 33568	Total time = 1171	Obj = 2500.00	Pricing Time = 2
i = 298	Master Time = 0	Lamb = 33589	Total time = 1173	Obj = 2500.00	Pricing Time = 3
i = 299	Master Time = 1	Lamb = 33600	Total time = 1177	Obj = 2500.00	Pricing Time = 3
i = 300	Master Time = 1	Lamb = 33620	Total time = 1181	Obj = 2500.00	Pricing Time = 3
i = 301	Master Time = 2	Lamb = 33640	Total time = 1185	Obj = 2500.00	Pricing Time = 2
i = 302	Master Time = 1	Lamb = 33663	Total time = 1189	Obj = 2500.00	Pricing Time = 3
i = 303	Master Time = 2	Lamb = 33690	Total time = 1193	Obj = 2500.00	Pricing Time = 2
i = 304	Master Time = 1	Lamb = 33701	Total time = 1196	Obj = 2500.00	Pricing Time = 2
i = 305	Master Time = 1	Lamb = 33717	Total time = 1200	Obj = 2500.00	Pricing Time = 2
i = 306	Master Time = 2	Lamb = 33743	Total time = 1203	Obj = 2500.00	Pricing Time = 2
i = 307	Master Time = 1	Lamb = 33759	Total time = 1206	Obj = 2500.00	Pricing Time = 3
i = 308	Master Time = 1	Lamb = 33780	Total time = 1211	Obj = 2500.00	Pricing Time = 2
i = 309	Master Time = 1	Lamb = 33798	Total time = 1214	Obj = 2500.00	Pricing Time = 2
i = 310	Master Time = 1	Lamb = 33816	Total time = 1216	Obj = 2500.00	Pricing Time = 2
i = 311	Master Time = 1	Lamb = 33824	Total time = 1220	Obj = 2500.00	Pricing Time = 2
i = 312	Master Time = 1	Lamb = 33829	Total time = 1223	Obj = 2500.00	Pricing Time = 3
i = 313	Master Time = 0	Lamb = 33840	Total time = 1226	Obj = 2500.00	Pricing Time = 3
i = 314	Master Time = 1	Lamb = 33848	Total time = 1230	Obj = 2500.00	Pricing Time = 3
i = 315	Master Time = 1	Lamb = 33863	Total time = 1234	Obj = 2500.00	Pricing Time = 3
i = 316	Master Time = 0	Lamb = 33887	Total time = 1237	Obj = 2500.00	Pricing Time = 3
i = 317	Master Time = 1	Lamb = 33902	Total time = 1241	Obj = 2500.00	Pricing Time = 3
i = 318	Master Time = 0	Lamb = 33919	Total time = 1244	Obj = 2500.00	Pricing Time = 4
i = 319	Master Time = 0	Lamb = 33928	Total time = 1248	Obj = 2500.00	Pricing Time = 2
i = 320	Master Time = 1	Lamb = 33936	Total time = 1250	Obj = 2500.00	Pricing Time = 2
i = 321	Master Time = 1	Lamb = 33941	Total time = 1254	Obj = 2500.00	Pricing Time = 3
i = 322	Master Time = 1	Lamb = 33950	Total time = 1257	Obj = 2500.00	Pricing Time = 2
i = 323	Master Time = 1	Lamb = 33954	Total time = 1260	Obj = 2500.00	Pricing Time = 3
i = 324	Master Time = 1	Lamb = 33962	Total time = 1264	Obj = 2500.00	Pricing Time = 3
i = 325	Master Time = 1	Lamb = 33969	Total time = 1268	Obj = 2500.00	Pricing Time = 2
i = 326	Master Time = 1	Lamb = 33975	Total time = 1272	Obj = 2500.00	Pricing Time = 3
i = 327	Master Time = 1	Lamb = 33979	Total time = 1276	Obj = 2500.00	Pricing Time = 2
i = 328	Master Time = 0	Lamb = 33989	Total time = 1278	Obj = 2500.00	Pricing Time = 3
i = 329	Master Time = 1	Lamb = 33993	Total time = 1282	Obj = 2500.00	Pricing Time = 3
i = 330	Master Time = 0	Lamb = 33998	Total time = 1285	Obj = 2500.00	Pricing Time = 3
i = 331	Master Time = 1	Lamb = 34003	Total time = 1288	Obj = 2500.00	Pricing Time = 3
i = 332	Master Time = 1	Lamb = 34009	Total time = 1292	Obj = 2500.00	Pricing Time = 2
i = 333	Master Time = 1	Lamb = 34016	Total time = 1295	Obj = 2500.00	Pricing Time = 2
i = 334	Master Time = 2	Lamb = 34020	Total time = 1299	Obj = 2500.00	Pricing Time = 2
i = 335	Master Time = 0	Lamb = 34028	Total time = 1302	Obj = 2500.00	Pricing Time = 3
i = 336	Master Time = 1	Lamb = 34034	Total time = 1306	Obj = 2500.00	Pricing Time = 3
i = 337	Master Time = 1	Lamb = 34038	Total time = 1309	Obj = 2500.00	Pricing Time = 3
i = 338	Master Time = 1	Lamb = 34043	Total time = 1313	Obj = 2500.00	Pricing Time = 2
i = 339	Master Time = 1	Lamb = 34048	Total time = 1317	Obj = 2500.00	Pricing Time = 3
i = 340	Master Time = 1	Lamb = 34054	Total time = 1320	Obj = 2500.00	Pricing Time = 2
i = 341	Master Time = 1	Lamb = 34056	Total time = 1324	Obj = 2500.00	Pricing Time = 3
i = 342	Master Time = 0	Lamb = 34058	Total time = 1327	Obj = 2500.00	Pricing Time = 2
i = 343	Master Time = 0	Lamb = 34059	Total time = 1330	Obj = 2500.00	Pricing Time = 2
--------------------------------------
n110w4_1_0-5-8-8
X fix to 1: 1291
X fix to 0: 0
Fractional X remaining: 145 | min(0.1666666666666608, 0.8333333333333346)
--------------------------------------
i = 344	Master Time = 1	Lamb = 34059	Total time = 1333	Obj = 2500.00	Pricing Time = 3
i = 345	Master Time = 1	Lamb = 34061	Total time = 1336	Obj = 2500.00	Pricing Time = 2
i = 346	Master Time = 1	Lamb = 34063	Total time = 1339	Obj = 2500.00	Pricing Time = 2
i = 347	Master Time = 1	Lamb = 34066	Total time = 1342	Obj = 2500.00	Pricing Time = 2
i = 348	Master Time = 0	Lamb = 34072	Total time = 1346	Obj = 2500.00	Pricing Time = 3
i = 349	Master Time = 0	Lamb = 34076	Total time = 1349	Obj = 2500.00	Pricing Time = 3
i = 350	Master Time = 0	Lamb = 34083	Total time = 1352	Obj = 2500.00	Pricing Time = 3
i = 351	Master Time = 0	Lamb = 34084	Total time = 1355	Obj = 2500.00	Pricing Time = 3
i = 352	Master Time = 0	Lamb = 34085	Total time = 1358	Obj = 2500.00	Pricing Time = 3
i = 353	Master Time = 0	Lamb = 34087	Total time = 1361	Obj = 2500.00	Pricing Time = 3
i = 354	Master Time = 1	Lamb = 34089	Total time = 1364	Obj = 2500.00	Pricing Time = 2
i = 355	Master Time = 0	Lamb = 34090	Total time = 1367	Obj = 2500.00	Pricing Time = 2
--------------------------------------
n110w4_1_0-5-8-8
X fix to 1: 1292
X fix to 0: 1
Fractional X remaining: 122 | min(0.33333333333333326, 0.6666666666666667)
--------------------------------------
i = 356	Master Time = 2	Lamb = 34090	Total time = 1372	Obj = 2506.67	Pricing Time = 3
i = 357	Master Time = 2	Lamb = 34115	Total time = 1376	Obj = 2506.67	Pricing Time = 1
i = 358	Master Time = 1	Lamb = 34143	Total time = 1379	Obj = 2500.00	Pricing Time = 2
i = 359	Master Time = 2	Lamb = 34200	Total time = 1382	Obj = 2500.00	Pricing Time = 2
i = 360	Master Time = 2	Lamb = 34260	Total time = 1386	Obj = 2500.00	Pricing Time = 1
i = 361	Master Time = 0	Lamb = 34280	Total time = 1389	Obj = 2500.00	Pricing Time = 2
i = 362	Master Time = 1	Lamb = 34298	Total time = 1391	Obj = 2500.00	Pricing Time = 2
i = 363	Master Time = 1	Lamb = 34306	Total time = 1395	Obj = 2500.00	Pricing Time = 3
i = 364	Master Time = 1	Lamb = 34323	Total time = 1399	Obj = 2500.00	Pricing Time = 3
i = 365	Master Time = 1	Lamb = 34339	Total time = 1403	Obj = 2500.00	Pricing Time = 3
i = 366	Master Time = 1	Lamb = 34358	Total time = 1407	Obj = 2500.00	Pricing Time = 3
i = 367	Master Time = 2	Lamb = 34381	Total time = 1411	Obj = 2500.00	Pricing Time = 2
i = 368	Master Time = 2	Lamb = 34408	Total time = 1415	Obj = 2500.00	Pricing Time = 2
i = 369	Master Time = 1	Lamb = 34421	Total time = 1419	Obj = 2500.00	Pricing Time = 3
i = 370	Master Time = 1	Lamb = 34444	Total time = 1422	Obj = 2500.00	Pricing Time = 2
i = 371	Master Time = 1	Lamb = 34462	Total time = 1426	Obj = 2500.00	Pricing Time = 3
i = 372	Master Time = 2	Lamb = 34476	Total time = 1430	Obj = 2500.00	Pricing Time = 2
i = 373	Master Time = 1	Lamb = 34491	Total time = 1434	Obj = 2500.00	Pricing Time = 3
i = 374	Master Time = 1	Lamb = 34505	Total time = 1438	Obj = 2500.00	Pricing Time = 3
i = 375	Master Time = 1	Lamb = 34520	Total time = 1442	Obj = 2500.00	Pricing Time = 3
i = 376	Master Time = 1	Lamb = 34532	Total time = 1446	Obj = 2500.00	Pricing Time = 3
i = 377	Master Time = 1	Lamb = 34542	Total time = 1450	Obj = 2500.00	Pricing Time = 2
i = 378	Master Time = 2	Lamb = 34560	Total time = 1454	Obj = 2500.00	Pricing Time = 2
i = 379	Master Time = 2	Lamb = 34575	Total time = 1457	Obj = 2500.00	Pricing Time = 2
i = 380	Master Time = 2	Lamb = 34597	Total time = 1462	Obj = 2500.00	Pricing Time = 2
i = 381	Master Time = 2	Lamb = 34609	Total time = 1465	Obj = 2500.00	Pricing Time = 1
i = 382	Master Time = 1	Lamb = 34622	Total time = 1469	Obj = 2500.00	Pricing Time = 2
i = 383	Master Time = 1	Lamb = 34629	Total time = 1472	Obj = 2500.00	Pricing Time = 2
i = 384	Master Time = 2	Lamb = 34643	Total time = 1476	Obj = 2500.00	Pricing Time = 2
i = 385	Master Time = 2	Lamb = 34659	Total time = 1479	Obj = 2500.00	Pricing Time = 2
i = 386	Master Time = 2	Lamb = 34677	Total time = 1483	Obj = 2500.00	Pricing Time = 2
i = 387	Master Time = 1	Lamb = 34688	Total time = 1487	Obj = 2500.00	Pricing Time = 2
i = 388	Master Time = 2	Lamb = 34704	Total time = 1491	Obj = 2500.00	Pricing Time = 2
i = 389	Master Time = 2	Lamb = 34728	Total time = 1495	Obj = 2500.00	Pricing Time = 3
i = 390	Master Time = 1	Lamb = 34755	Total time = 1499	Obj = 2500.00	Pricing Time = 3
i = 391	Master Time = 1	Lamb = 34789	Total time = 1503	Obj = 2500.00	Pricing Time = 3
i = 392	Master Time = 0	Lamb = 34801	Total time = 1506	Obj = 2500.00	Pricing Time = 3
i = 393	Master Time = 1	Lamb = 34811	Total time = 1509	Obj = 2500.00	Pricing Time = 2
i = 394	Master Time = 1	Lamb = 34831	Total time = 1513	Obj = 2500.00	Pricing Time = 2
i = 395	Master Time = 1	Lamb = 34843	Total time = 1516	Obj = 2500.00	Pricing Time = 2
i = 396	Master Time = 2	Lamb = 34856	Total time = 1520	Obj = 2500.00	Pricing Time = 2
i = 397	Master Time = 2	Lamb = 34876	Total time = 1523	Obj = 2500.00	Pricing Time = 2
i = 398	Master Time = 0	Lamb = 34889	Total time = 1526	Obj = 2500.00	Pricing Time = 3
i = 399	Master Time = 1	Lamb = 34901	Total time = 1529	Obj = 2500.00	Pricing Time = 2
i = 400	Master Time = 1	Lamb = 34908	Total time = 1532	Obj = 2500.00	Pricing Time = 2
i = 401	Master Time = 0	Lamb = 34914	Total time = 1535	Obj = 2500.00	Pricing Time = 3
i = 402	Master Time = 1	Lamb = 34920	Total time = 1539	Obj = 2500.00	Pricing Time = 3
i = 403	Master Time = 1	Lamb = 34926	Total time = 1542	Obj = 2500.00	Pricing Time = 2
i = 404	Master Time = 1	Lamb = 34933	Total time = 1546	Obj = 2500.00	Pricing Time = 3
i = 405	Master Time = 1	Lamb = 34936	Total time = 1550	Obj = 2500.00	Pricing Time = 2
i = 406	Master Time = 1	Lamb = 34938	Total time = 1553	Obj = 2500.00	Pricing Time = 3
i = 407	Master Time = 1	Lamb = 34941	Total time = 1556	Obj = 2500.00	Pricing Time = 2
i = 408	Master Time = 2	Lamb = 34948	Total time = 1561	Obj = 2500.00	Pricing Time = 3
i = 409	Master Time = 1	Lamb = 34957	Total time = 1565	Obj = 2500.00	Pricing Time = 2
i = 410	Master Time = 1	Lamb = 34967	Total time = 1568	Obj = 2500.00	Pricing Time = 3
i = 411	Master Time = 1	Lamb = 34972	Total time = 1572	Obj = 2500.00	Pricing Time = 3
i = 412	Master Time = 1	Lamb = 34978	Total time = 1576	Obj = 2500.00	Pricing Time = 2
i = 413	Master Time = 2	Lamb = 34990	Total time = 1579	Obj = 2500.00	Pricing Time = 3
i = 414	Master Time = 1	Lamb = 34995	Total time = 1584	Obj = 2500.00	Pricing Time = 2
i = 415	Master Time = 2	Lamb = 35005	Total time = 1587	Obj = 2500.00	Pricing Time = 2
i = 416	Master Time = 1	Lamb = 35017	Total time = 1591	Obj = 2500.00	Pricing Time = 2
i = 417	Master Time = 1	Lamb = 35027	Total time = 1594	Obj = 2500.00	Pricing Time = 3
i = 418	Master Time = 2	Lamb = 35037	Total time = 1598	Obj = 2500.00	Pricing Time = 2
i = 419	Master Time = 2	Lamb = 35050	Total time = 1602	Obj = 2500.00	Pricing Time = 2
i = 420	Master Time = 1	Lamb = 35062	Total time = 1606	Obj = 2500.00	Pricing Time = 3
i = 421	Master Time = 1	Lamb = 35072	Total time = 1610	Obj = 2500.00	Pricing Time = 3
i = 422	Master Time = 1	Lamb = 35084	Total time = 1614	Obj = 2500.00	Pricing Time = 2
i = 423	Master Time = 2	Lamb = 35094	Total time = 1618	Obj = 2500.00	Pricing Time = 2
i = 424	Master Time = 2	Lamb = 35102	Total time = 1621	Obj = 2500.00	Pricing Time = 2
i = 425	Master Time = 0	Lamb = 35107	Total time = 1624	Obj = 2500.00	Pricing Time = 3
i = 426	Master Time = 2	Lamb = 35121	Total time = 1628	Obj = 2500.00	Pricing Time = 2
i = 427	Master Time = 0	Lamb = 35140	Total time = 1631	Obj = 2500.00	Pricing Time = 2
i = 428	Master Time = 2	Lamb = 35162	Total time = 1634	Obj = 2500.00	Pricing Time = 2
i = 429	Master Time = 1	Lamb = 35177	Total time = 1638	Obj = 2500.00	Pricing Time = 3
i = 430	Master Time = 1	Lamb = 35185	Total time = 1641	Obj = 2500.00	Pricing Time = 2
i = 431	Master Time = 1	Lamb = 35191	Total time = 1644	Obj = 2500.00	Pricing Time = 2
i = 432	Master Time = 0	Lamb = 35194	Total time = 1648	Obj = 2500.00	Pricing Time = 3
i = 433	Master Time = 0	Lamb = 35200	Total time = 1651	Obj = 2500.00	Pricing Time = 3
i = 434	Master Time = 0	Lamb = 35205	Total time = 1654	Obj = 2500.00	Pricing Time = 3
i = 435	Master Time = 0	Lamb = 35208	Total time = 1657	Obj = 2500.00	Pricing Time = 3
i = 436	Master Time = 1	Lamb = 35209	Total time = 1660	Obj = 2500.00	Pricing Time = 3
i = 437	Master Time = 0	Lamb = 35211	Total time = 1664	Obj = 2500.00	Pricing Time = 3
i = 438	Master Time = 1	Lamb = 35213	Total time = 1667	Obj = 2500.00	Pricing Time = 2
i = 439	Master Time = 1	Lamb = 35214	Total time = 1670	Obj = 2500.00	Pricing Time = 3
--------------------------------------
n110w4_1_0-5-8-8
X fix to 1: 1293
X fix to 0: 2
Fractional X remaining: 106 | min(0.33333333333333326, 0.6666666666666667)
--------------------------------------
i = 440	Master Time = 0	Lamb = 35214	Total time = 1674	Obj = 2500.00	Pricing Time = 2
i = 441	Master Time = 1	Lamb = 35216	Total time = 1676	Obj = 2500.00	Pricing Time = 2
i = 442	Master Time = 1	Lamb = 35219	Total time = 1679	Obj = 2500.00	Pricing Time = 2
i = 443	Master Time = 0	Lamb = 35220	Total time = 1682	Obj = 2500.00	Pricing Time = 2
i = 444	Master Time = 1	Lamb = 35221	Total time = 1684	Obj = 2500.00	Pricing Time = 2
--------------------------------------
n110w4_1_0-5-8-8
X fix to 1: 1294
X fix to 0: 2
Fractional X remaining: 65 | min(0.5, 0.5)
--------------------------------------
i = 445	Master Time = 1	Lamb = 35221	Total time = 1687	Obj = 2513.64	Pricing Time = 2
i = 446	Master Time = 1	Lamb = 35233	Total time = 1690	Obj = 2513.64	Pricing Time = 2
i = 447	Master Time = 1	Lamb = 35242	Total time = 1693	Obj = 2513.64	Pricing Time = 2
i = 448	Master Time = 1	Lamb = 35249	Total time = 1697	Obj = 2513.64	Pricing Time = 3
i = 449	Master Time = 0	Lamb = 35255	Total time = 1700	Obj = 2513.64	Pricing Time = 3
i = 450	Master Time = 0	Lamb = 35262	Total time = 1703	Obj = 2513.64	Pricing Time = 3
i = 451	Master Time = 0	Lamb = 35263	Total time = 1706	Obj = 2513.64	Pricing Time = 3
i = 452	Master Time = 0	Lamb = 35264	Total time = 1709	Obj = 2513.64	Pricing Time = 3
i = 453	Master Time = 0	Lamb = 35265	Total time = 1712	Obj = 2513.64	Pricing Time = 2
i = 454	Master Time = 1	Lamb = 35267	Total time = 1714	Obj = 2513.64	Pricing Time = 2
--------------------------------------
n110w4_1_0-5-8-8
X fix to 1: 1301
X fix to 0: 2
Fractional X remaining: 100 | min(0.09090909090909072, 0.909090909090909)
--------------------------------------
i = 455	Master Time = 0	Lamb = 35267	Total time = 1717	Obj = 2515.00	Pricing Time = 3
--------------------------------------
n110w4_1_0-5-8-8
X fix to 1: 1302
X fix to 0: 3
Fractional X remaining: 71 | min(0.49999999999999867, 0.5000000000000013)
--------------------------------------
i = 456	Master Time = 0	Lamb = 35267	Total time = 1720	Obj = 2520.00	Pricing Time = 3
i = 457	Master Time = 1	Lamb = 35274	Total time = 1723	Obj = 2520.00	Pricing Time = 2
i = 458	Master Time = 0	Lamb = 35282	Total time = 1726	Obj = 2520.00	Pricing Time = 3
i = 459	Master Time = 0	Lamb = 35289	Total time = 1729	Obj = 2520.00	Pricing Time = 3
i = 460	Master Time = 0	Lamb = 35300	Total time = 1732	Obj = 2520.00	Pricing Time = 3
i = 461	Master Time = 0	Lamb = 35313	Total time = 1735	Obj = 2520.00	Pricing Time = 3
i = 462	Master Time = 0	Lamb = 35315	Total time = 1738	Obj = 2520.00	Pricing Time = 3
i = 463	Master Time = 0	Lamb = 35317	Total time = 1741	Obj = 2520.00	Pricing Time = 3
i = 464	Master Time = 0	Lamb = 35319	Total time = 1744	Obj = 2520.00	Pricing Time = 3
--------------------------------------
n110w4_1_0-5-8-8
X fix to 1: 1303
X fix to 0: 4
Fractional X remaining: 33 | min(0.33333333333333304, 0.666666666666667)
--------------------------------------
i = 465	Master Time = 2	Lamb = 35319	Total time = 1749	Obj = 2528.00	Pricing Time = 2
i = 466	Master Time = 2	Lamb = 35355	Total time = 1752	Obj = 2523.33	Pricing Time = 2
i = 467	Master Time = 2	Lamb = 35398	Total time = 1756	Obj = 2523.33	Pricing Time = 1
i = 468	Master Time = 2	Lamb = 35434	Total time = 1760	Obj = 2523.33	Pricing Time = 2
i = 469	Master Time = 1	Lamb = 35460	Total time = 1763	Obj = 2523.33	Pricing Time = 2
i = 470	Master Time = 1	Lamb = 35483	Total time = 1766	Obj = 2523.33	Pricing Time = 2
i = 471	Master Time = 2	Lamb = 35515	Total time = 1770	Obj = 2523.33	Pricing Time = 2
i = 472	Master Time = 1	Lamb = 35531	Total time = 1773	Obj = 2520.00	Pricing Time = 2
i = 473	Master Time = 1	Lamb = 35566	Total time = 1776	Obj = 2520.00	Pricing Time = 2
i = 474	Master Time = 1	Lamb = 35588	Total time = 1778	Obj = 2520.00	Pricing Time = 2
i = 475	Master Time = 1	Lamb = 35605	Total time = 1782	Obj = 2520.00	Pricing Time = 3
i = 476	Master Time = 1	Lamb = 35624	Total time = 1786	Obj = 2520.00	Pricing Time = 3
i = 477	Master Time = 1	Lamb = 35648	Total time = 1789	Obj = 2520.00	Pricing Time = 2
i = 478	Master Time = 1	Lamb = 35662	Total time = 1793	Obj = 2520.00	Pricing Time = 2
i = 479	Master Time = 1	Lamb = 35672	Total time = 1796	Obj = 2520.00	Pricing Time = 3
i = 480	Master Time = 1	Lamb = 35679	Total time = 1799	Obj = 2520.00	Pricing Time = 2
i = 481	Master Time = 1	Lamb = 35686	Total time = 1802	Obj = 2520.00	Pricing Time = 2
i = 482	Master Time = 1	Lamb = 35690	Total time = 1806	Obj = 2520.00	Pricing Time = 3
i = 483	Master Time = 1	Lamb = 35695	Total time = 1809	Obj = 2520.00	Pricing Time = 2
i = 484	Master Time = 2	Lamb = 35700	Total time = 1814	Obj = 2520.00	Pricing Time = 3
i = 485	Master Time = 0	Lamb = 35706	Total time = 1817	Obj = 2520.00	Pricing Time = 3
i = 486	Master Time = 1	Lamb = 35712	Total time = 1820	Obj = 2520.00	Pricing Time = 3
i = 487	Master Time = 0	Lamb = 35715	Total time = 1824	Obj = 2520.00	Pricing Time = 3
i = 488	Master Time = 1	Lamb = 35717	Total time = 1828	Obj = 2520.00	Pricing Time = 3
i = 489	Master Time = 0	Lamb = 35719	Total time = 1831	Obj = 2520.00	Pricing Time = 3
i = 490	Master Time = 1	Lamb = 35722	Total time = 1835	Obj = 2520.00	Pricing Time = 3
i = 491	Master Time = 1	Lamb = 35724	Total time = 1838	Obj = 2520.00	Pricing Time = 3
i = 492	Master Time = 0	Lamb = 35726	Total time = 1842	Obj = 2520.00	Pricing Time = 3
i = 493	Master Time = 1	Lamb = 35731	Total time = 1845	Obj = 2520.00	Pricing Time = 2
i = 494	Master Time = 1	Lamb = 35736	Total time = 1849	Obj = 2520.00	Pricing Time = 2
i = 495	Master Time = 1	Lamb = 35739	Total time = 1852	Obj = 2520.00	Pricing Time = 3
i = 496	Master Time = 0	Lamb = 35744	Total time = 1855	Obj = 2520.00	Pricing Time = 3
i = 497	Master Time = 1	Lamb = 35748	Total time = 1858	Obj = 2520.00	Pricing Time = 2
i = 498	Master Time = 1	Lamb = 35750	Total time = 1861	Obj = 2520.00	Pricing Time = 2
i = 499	Master Time = 1	Lamb = 35751	Total time = 1865	Obj = 2520.00	Pricing Time = 3
i = 500	Master Time = 0	Lamb = 35755	Total time = 1868	Obj = 2520.00	Pricing Time = 3
i = 501	Master Time = 1	Lamb = 35758	Total time = 1872	Obj = 2520.00	Pricing Time = 3
i = 502	Master Time = 0	Lamb = 35760	Total time = 1875	Obj = 2520.00	Pricing Time = 3
i = 503	Master Time = 0	Lamb = 35762	Total time = 1879	Obj = 2520.00	Pricing Time = 3
i = 504	Master Time = 0	Lamb = 35765	Total time = 1882	Obj = 2520.00	Pricing Time = 3
i = 505	Master Time = 1	Lamb = 35766	Total time = 1886	Obj = 2520.00	Pricing Time = 3
i = 506	Master Time = 0	Lamb = 35767	Total time = 1889	Obj = 2520.00	Pricing Time = 3
i = 507	Master Time = 1	Lamb = 35769	Total time = 1892	Obj = 2520.00	Pricing Time = 2
i = 508	Master Time = 1	Lamb = 35770	Total time = 1895	Obj = 2520.00	Pricing Time = 2
i = 509	Master Time = 1	Lamb = 35771	Total time = 1899	Obj = 2520.00	Pricing Time = 2
i = 510	Master Time = 1	Lamb = 35772	Total time = 1902	Obj = 2520.00	Pricing Time = 3
--------------------------------------
n110w4_1_0-5-8-8
X fix to 1: 1304
X fix to 0: 5
Fractional X remaining: 32 | min(0.33333333333333137, 0.6666666666666665)
--------------------------------------
i = 511	Master Time = 0	Lamb = 35772	Total time = 1905	Obj = 2520.00	Pricing Time = 3
i = 512	Master Time = 1	Lamb = 35774	Total time = 1908	Obj = 2520.00	Pricing Time = 3
i = 513	Master Time = 0	Lamb = 35777	Total time = 1912	Obj = 2520.00	Pricing Time = 3

n110w4_1_0-5-8-8
Integer solution found

Printing SHIFT allocations
HN_0   |-|L|L|L|L|-|-| |-|L|L|L|L|-|-| |-|-|L|L|L|L|L| |-|-|-|-|L|L|L|
HN_1   |-|-|-|E|E|-|-| |-|-|-|L|L|-|-| |-|-|-|L|L|-|-| |-|-|-|-|D|D|-|
HN_2   |-|-|-|D|D|-|-| |-|-|-|D|D|-|-| |-|-|-|-|D|D|-| |-|-|-|D|D|-|-|
HN_3   |N|-|-|D|D|E|E| |-|-|E|E|E|-|-| |E|E|E|E|E|-|-| |E|E|E|E|E|-|-|
HN_4   |-|-|-|-|-|L|L| |L|-|-|-|-|-|-| |L|L|L|L|L|-|-| |-|-|L|L|L|-|-|
HN_5   |L|L|L|-|-|-|-| |L|L|L|-|-|-|-| |-|-|-|E|E|E|L| |L|-|-|-|-|-|-|
HN_6   |L|L|-|-|-|L|L| |L|L|-|-|-|D|D| |D|L|L|L|-|-|-| |L|L|L|L|-|-|-|
HN_7   |-|L|L|L|L|-|-| |-|-|D|D|L|L|L| |-|-|-|-|D|D|D| |L|L|L|-|-|-|-|
HN_8   |N|N|N|N|-|-|-| |-|N|N|N|N|-|-| |-|-|N|N|N|N|N| |-|-|-|-|N|N|N|
HN_9   |N|N|N|N|-|-|-| |-|-|-|-|N|N|N| |N|-|-|-|-|-|-| |N|N|N|N|N|-|-|
HN_10  |-|-|E|E|E|E|D| |D|-|-|-|-|E|E| |E|E|E|-|-|-|-| |E|E|E|E|E|-|-|
HN_11  |-|-|-|L|L|-|-| |D|D|-|-|-|-|-| |L|L|-|-|-|-|-| |L|L|-|-|-|-|-|
HN_12  |-|E|E|E|-|-|-| |-|-|-|N|N|N|N| |-|-|-|-|-|-|-| |D|D|D|D|-|-|-|
HN_13  |-|-|L|L|N|N|N| |N|-|-|-|-|E|E| |E|D|D|-|-|-|-| |E|E|E|E|-|-|-|
HN_14  |-|-|-|-|N|N|N| |N|-|-|-|-|-|-| |N|N|N|N|N|-|-| |-|N|N|N|N|-|-|
HN_15  |D|D|-|-|-|D|D| |D|D|D|-|-|-|-| |D|D|D|D|-|-|-| |-|D|D|D|D|-|-|
HN_16  |E|E|E|E|E|-|-| |E|E|E|E|E|-|-| |E|E|E|-|-|E|E| |E|-|-|E|E|E|L|
HN_17  |E|E|E|-|-|-|-| |-|E|E|E|-|-|-| |-|-|E|E|E|-|-| |-|-|-|-|-|E|E|
HN_18  |-|-|D|D|D|-|-| |D|D|D|D|D|-|-| |D|D|D|D|D|-|-| |D|D|D|-|-|D|D|
HN_19  |N|N|N|-|-|-|-| |N|N|N|N|-|-|-| |N|N|N|N|N|-|-| |-|N|N|N|N|-|-|
NU_20  |-|N|N|N|N|-|-| |-|N|N|N|N|-|-| |-|-|-|N|N|N|N| |N|-|-|-|-|-|-|
NU_21  |E|-|-|D|D|D|D| |D|-|-|D|D|D|D| |-|-|D|D|D|-|-| |D|D|D|D|D|-|-|
NU_22  |L|L|L|L|L|-|-| |L|L|L|L|L|-|-| |L|L|L|-|-|L|L| |L|L|L|-|-|L|L|
NU_23  |E|E|E|-|-|-|-| |E|E|E|E|-|-|-| |-|-|-|E|E|E|E| |-|-|-|-|-|-|-|
NU_24  |-|-|-|-|N|N|N| |N|N|-|-|-|-|-| |N|N|N|N|N|-|-| |-|N|N|N|N|-|-|
NU_25  |L|-|-|-|-|-|-| |E|E|E|-|-|-|-| |E|E|E|E|-|-|-| |-|-|-|E|E|E|L|
NU_26  |-|-|D|D|-|-|-| |D|D|-|-|-|-|-| |-|D|D|-|-|-|-| |-|-|-|L|L|-|-|
NU_27  |E|E|-|-|-|-|E| |E|E|-|-|-|-|-| |E|E|-|-|-|-|-| |E|E|-|-|-|-|-|
NU_28  |-|-|-|-|-|L|L| |L|-|-|-|-|-|-| |L|L|L|L|L|-|-| |-|-|L|L|L|-|-|
NU_29  |-|-|-|-|D|D|D| |N|N|N|N|-|-|-| |D|D|D|D|-|-|-| |D|D|D|D|-|-|-|
NU_30  |N|N|N|N|-|-|-| |-|-|-|N|N|N|N| |N|-|-|-|-|-|-| |N|N|N|N|N|-|-|
NU_31  |D|D|D|-|-|-|-| |E|E|E|-|-|-|-| |-|-|-|E|E|E|E| |E|-|-|-|-|-|-|
NU_32  |N|N|-|-|L|L|L| |-|-|L|L|L|-|-| |L|L|L|L|L|-|-| |L|L|L|-|-|D|N|
NU_33  |E|-|-|E|E|E|E| |-|-|E|E|E|-|-| |E|E|E|E|E|-|-| |E|E|E|-|-|E|E|
NU_34  |D|D|-|-|-|-|D| |D|D|-|-|-|-|-| |D|D|-|-|-|-|-| |D|D|-|-|-|-|-|
NU_35  |-|-|N|N|N|N|N| |-|-|-|-|E|E|D| |D|D|E|E|-|-|-| |-|D|D|D|D|-|-|
NU_36  |D|D|D|-|-|-|-| |-|-|-|L|L|L|L| |L|-|-|-|-|-|-| |N|N|N|N|-|-|-|
NU_37  |D|-|-|-|-|-|-| |D|D|D|-|-|-|-| |-|N|N|N|N|-|-| |-|-|-|-|N|N|N|
NU_38  |L|L|-|-|L|L|L| |-|-|L|L|L|-|-| |N|N|N|N|N|-|-| |L|L|L|-|-|L|L|
NU_39  |D|D|D|-|-|-|-| |D|D|D|D|D|-|-| |-|-|D|D|D|D|D| |-|-|-|-|D|D|D|
CT_40  |-|-|-|E|E|-|-| |-|-|-|E|E|-|-| |-|-|-|-|E|E|-| |-|-|-|E|E|-|-|
CT_41  |-|-|-|-|L|L|-| |-|L|L|-|-|-|-| |-|-|-|L|L|-|-| |-|-|-|L|L|-|-|
CT_42  |D|D|-|-|D|D|D| |D|D|-|-|D|D|D| |-|-|D|D|D|-|-| |D|D|D|D|D|-|-|
CT_43  |-|-|-|D|D|-|-| |-|-|-|-|-|D|D| |-|-|-|-|-|-|-| |D|D|-|-|-|-|-|
CT_44  |-|-|D|D|D|-|-| |-|-|-|-|D|D|D| |D|D|-|-|-|-|-| |-|-|D|D|D|-|-|
CT_45  |N|N|N|N|-|-|-| |N|N|N|N|-|-|-| |L|L|L|L|-|-|-| |-|D|D|D|D|-|-|
CT_46  |-|-|L|L|L|-|-| |-|N|N|N|N|-|-| |-|-|-|-|N|N|N| |N|-|-|-|-|-|-|
CT_47  |E|E|-|-|E|E|E| |L|L|-|-|E|E|E| |-|-|E|E|E|-|-| |N|N|N|N|N|-|-|
CT_48  |-|-|L|L|L|-|-| |-|-|-|-|-|L|L| |L|-|-|-|-|-|-| |D|D|L|L|L|-|-|
CT_49  |E|E|E|E|E|-|-| |E|E|E|E|E|-|-| |E|E|E|-|-|E|E| |E|-|-|E|E|E|D|
CT_50  |D|D|D|-|-|-|-| |D|D|D|D|-|-|-| |-|D|D|D|D|-|-| |-|-|D|D|D|D|E|
CT_51  |-|-|L|L|L|-|-| |-|-|-|-|L|L|L| |L|L|-|-|-|-|-| |-|-|L|L|L|-|-|
CT_52  |-|L|L|L|L|-|-| |-|-|N|N|N|N|N| |-|-|-|-|D|D|L| |L|L|L|-|-|-|-|
CT_53  |D|D|D|-|-|-|-| |L|L|L|-|-|-|-| |-|-|-|N|N|N|N| |N|-|-|-|-|-|-|
CT_54  |N|N|-|-|E|E|E| |-|-|L|L|L|-|-| |E|E|L|L|L|-|-| |E|E|E|-|-|E|E|
CT_55  |-|-|-|D|D|-|-| |-|-|-|D|D|-|-| |-|-|-|-|-|D|D| |-|-|-|-|-|-|-|
CT_56  |-|-|-|-|-|-|N| |N|N|N|-|-|-|-| |-|-|-|D|D|-|-| |-|-|-|L|L|-|-|
CT_57  |-|-|E|E|E|-|-| |-|-|-|-|E|E|E| |E|E|-|-|-|-|-| |-|-|E|E|E|-|-|
CT_58  |-|L|L|-|-|-|-| |-|-|-|E|E|-|-| |-|-|-|-|E|E|-| |-|-|-|D|D|-|-|
CT_59  |-|E|E|E|E|-|-| |-|D|D|D|E|E|L| |L|-|-|-|E|E|N| |N|N|N|N|-|-|-|
CT_60  |L|-|-|-|-|-|-| |L|L|L|-|-|-|-| |-|-|L|L|L|-|-| |-|-|-|L|L|L|L|
CT_61  |L|L|-|-|-|-|-| |E|E|-|-|-|-|E| |E|-|-|-|-|-|-| |E|E|-|-|-|-|-|
CT_62  |N|N|N|N|N|-|-| |N|N|N|N|N|-|-| |L|L|L|-|-|L|L| |L|-|-|N|N|N|N|
CT_63  |D|D|D|D|-|-|-| |-|D|D|D|D|-|-| |-|-|D|D|D|D|D| |-|-|-|N|N|N|N|
CT_64  |N|N|-|-|-|-|-| |D|D|D|-|-|-|-| |-|D|D|D|-|-|-| |-|L|L|L|-|-|-|
CT_65  |D|D|D|L|L|-|-| |E|E|E|D|D|-|-| |N|N|N|N|N|-|-| |D|D|D|-|-|L|L|
CT_66  |N|-|-|-|-|E|E| |E|D|D|-|-|-|-| |N|N|N|N|N|-|-| |-|-|E|E|E|D|D|
CT_67  |-|L|L|-|-|-|-| |-|-|-|L|L|-|-| |-|-|-|-|-|L|L| |-|-|-|-|-|-|-|
CT_68  |-|-|E|E|E|-|-| |-|-|-|-|-|N|N| |N|N|-|-|-|-|-| |E|E|L|L|-|-|-|
CT_69  |-|-|D|D|D|-|-| |-|L|L|L|-|-|-| |-|-|-|N|N|N|N| |N|-|-|-|-|-|-|
CT_70  |E|E|D|D|-|-|-| |E|E|E|E|-|-|-| |E|E|E|E|-|-|-| |-|E|E|E|E|-|-|
CT_71  |L|L|-|-|-|-|-| |L|L|-|-|-|-|-| |D|D|-|-|-|-|-| |L|L|-|-|-|-|-|
CT_72  |-|-|-|L|L|-|-| |-|L|L|-|-|-|-| |-|-|-|L|L|-|-| |-|-|-|-|E|E|-|
CT_73  |D|D|-|-|-|-|D| |D|D|-|-|-|-|-| |D|D|-|-|-|-|-| |L|L|-|-|-|-|-|
CT_74  |L|L|-|-|-|-|N| |N|N|N|N|-|-|-| |-|-|-|D|D|-|-| |-|-|E|E|-|-|-|
CT_75  |-|-|N|N|N|N|N| |-|-|-|-|L|L|N| |N|N|N|N|-|-|-| |N|N|N|N|N|-|-|
CT_76  |N|-|-|E|E|L|L| |-|-|L|L|L|-|-| |N|N|N|N|N|-|-| |N|N|N|N|N|-|-|
CT_77  |N|N|N|N|N|-|-| |N|N|N|N|N|-|-| |L|L|L|-|-|L|L| |L|-|-|N|N|N|N|
CT_78  |L|-|-|N|N|N|N| |-|-|N|N|N|N|N| |-|-|L|L|L|-|-| |E|E|E|L|L|-|-|
CT_79  |E|E|-|-|-|-|-| |-|E|E|-|-|-|-| |-|-|-|E|E|-|-| |-|-|-|-|E|E|-|
TR_80  |-|N|N|N|N|-|-| |-|D|D|D|D|-|-| |-|E|E|E|E|L|L| |-|-|-|D|D|D|E|
TR_81  |D|D|D|D|D|-|-| |-|-|D|D|D|-|-| |-|-|-|D|D|D|D| |-|-|-|-|-|-|-|
TR_82  |-|-|-|-|-|L|L| |L|-|-|-|-|-|-| |E|E|E|E|-|-|-| |-|E|E|E|E|-|-|
TR_83  |D|-|-|-|L|L|N| |N|N|N|-|-|-|-| |E|E|E|E|-|-|-| |L|L|L|L|-|-|-|
TR_84  |-|N|N|N|N|-|-| |-|E|E|E|E|-|-| |-|-|L|L|N|N|N| |N|-|-|-|-|D|D|
TR_85  |D|D|-|-|-|-|-| |E|E|-|-|-|-|E| |E|-|-|-|-|-|-| |L|L|-|-|-|-|-|
TR_86  |-|-|D|D|D|-|-| |-|-|-|-|D|D|D| |D|D|-|-|-|-|-| |-|-|D|D|D|-|-|
TR_87  |-|-|E|E|E|D|D| |-|-|-|-|E|E|N| |N|N|N|-|-|-|-| |D|D|D|D|-|-|-|
TR_88  |D|D|D|D|-|-|-| |D|D|D|D|-|-|-| |D|D|D|D|-|-|-| |D|D|D|D|-|-|-|
TR_89  |L|L|-|-|E|E|L| |L|L|-|-|D|D|D| |-|-|E|E|E|-|-| |N|N|N|N|N|-|-|
TR_90  |N|-|-|-|-|-|-| |D|D|D|E|E|-|-| |-|-|-|D|D|D|L| |L|-|-|-|-|-|-|
TR_91  |-|-|E|E|E|-|-| |L|L|L|L|L|-|-| |D|D|D|-|-|E|E| |E|-|-|D|D|E|E|
TR_92  |-|-|-|-|-|-|E| |E|-|-|-|-|-|-| |L|L|-|-|-|-|-| |-|-|L|L|-|-|-|
TR_93  |-|-|D|D|D|-|-| |-|-|-|-|E|E|E| |E|-|-|-|-|-|-| |-|L|L|L|L|-|-|
TR_94  |E|E|E|E|-|-|-| |-|-|E|E|E|-|-| |-|-|-|D|D|D|E| |E|-|-|-|-|-|-|
TR_95  |-|-|-|-|D|D|-| |-|-|-|D|D|-|-| |-|-|-|E|E|-|-| |-|-|-|E|E|-|-|
TR_96  |E|E|E|E|-|-|-| |E|E|E|E|-|-|-| |E|E|E|E|E|-|-| |-|E|E|E|E|-|-|
TR_97  |L|L|-|-|N|N|N| |N|N|-|-|L|L|L| |-|-|D|D|D|-|-| |N|N|N|N|N|-|-|
TR_98  |-|E|E|E|E|-|-| |-|N|N|N|N|-|-| |-|-|N|N|N|N|N| |-|-|-|-|D|D|L|
TR_99  |L|L|L|L|-|-|-| |-|L|L|L|L|-|-| |-|L|L|L|L|-|-| |-|L|L|L|L|-|-|
TR_100 |E|E|E|L|L|-|-| |N|N|N|N|N|-|-| |N|N|N|N|N|-|-| |E|E|E|-|-|E|E|
TR_101 |N|N|N|N|N|-|-| |N|N|N|N|N|-|-| |D|D|D|-|-|E|E| |E|-|-|E|E|N|N|
TR_102 |D|D|-|-|-|-|-| |L|L|-|-|-|-|-| |L|L|-|-|-|-|-| |D|D|-|-|-|-|-|
TR_103 |-|L|L|L|-|-|-| |-|-|-|-|N|N|N| |N|-|-|-|-|-|-| |-|L|L|L|L|-|-|
TR_104 |E|E|-|-|E|E|E| |D|D|-|-|L|L|L| |-|-|L|L|L|-|-| |N|N|N|N|N|-|-|
TR_105 |N|N|N|-|-|-|-| |D|D|D|D|-|-|-| |N|N|N|N|-|-|-| |D|D|E|E|-|-|-|
TR_106 |E|-|-|L|L|L|L| |-|-|E|E|E|-|-| |N|N|N|N|N|-|-| |N|N|N|-|-|L|L|
TR_107 |N|N|N|N|-|-|-| |E|E|L|L|-|-|-| |L|L|L|L|-|-|-| |E|E|E|E|-|-|-|
TR_108 |-|-|-|-|D|D|-| |-|-|-|L|L|-|-| |-|-|-|L|L|-|-| |-|-|-|L|L|-|-|
TR_109 |L|L|L|-|-|-|-| |N|N|N|N|N|-|-| |-|L|L|L|L|-|-| |-|-|N|N|N|N|N|
Total assignment constraints: 2320
Consecutive constraints: 60
Non working days constraints: 0
Preferences: 140
Max working weekend: 0
Complete weekends: 0
Optimal coverage constraints: 0
TOTAL = 2520
