Creating directory: out/n110w4_1_2-9-2-0

-----------------------------------------------------------
Instance	n110w4_1_2-9-2-0
algorithm	=	vns
maxIter	=	10
eliteSet	=	10
shakePerc	=	0.9
bestKnow	=	3345.0
minColsIter	=	0.35
minRoundDown	=	-1.0
minRoundUp	=	0.67
seed	=	0
onlyRelax	=	false
nThreads	=	20
alpha	=	0.6
timeOut	=	14600
-----------------------------------------------------------
Parallels mode has been selected.
i = 0	Master Time = 0	Lamb = 0	Total time = 5	Obj = 534330.00	Pricing Time = 1
i = 1	Master Time = 2	Lamb = 703	Total time = 7	Obj = 144400.00	Pricing Time = 0
i = 2	Master Time = 1	Lamb = 1263	Total time = 8	Obj = 78814.00	Pricing Time = 0
i = 3	Master Time = 1	Lamb = 1899	Total time = 9	Obj = 56460.83	Pricing Time = 0
i = 4	Master Time = 1	Lamb = 2565	Total time = 10	Obj = 33116.25	Pricing Time = 0
i = 5	Master Time = 1	Lamb = 3216	Total time = 12	Obj = 21404.96	Pricing Time = 1
i = 6	Master Time = 1	Lamb = 3845	Total time = 13	Obj = 15698.68	Pricing Time = 0
i = 7	Master Time = 1	Lamb = 4496	Total time = 15	Obj = 11755.76	Pricing Time = 1
i = 8	Master Time = 1	Lamb = 5108	Total time = 17	Obj = 9556.86	Pricing Time = 2
i = 9	Master Time = 1	Lamb = 5695	Total time = 20	Obj = 7788.37	Pricing Time = 1
i = 10	Master Time = 2	Lamb = 6234	Total time = 22	Obj = 6522.64	Pricing Time = 0
i = 11	Master Time = 3	Lamb = 6760	Total time = 25	Obj = 5624.96	Pricing Time = 0
i = 12	Master Time = 3	Lamb = 7284	Total time = 28	Obj = 5093.08	Pricing Time = 0
i = 13	Master Time = 2	Lamb = 7702	Total time = 30	Obj = 4720.17	Pricing Time = 1
i = 14	Master Time = 2	Lamb = 8115	Total time = 33	Obj = 4357.54	Pricing Time = 1
i = 15	Master Time = 2	Lamb = 8551	Total time = 36	Obj = 4134.06	Pricing Time = 1
i = 16	Master Time = 2	Lamb = 8925	Total time = 39	Obj = 3884.84	Pricing Time = 0
i = 17	Master Time = 3	Lamb = 9273	Total time = 42	Obj = 3763.72	Pricing Time = 1
i = 18	Master Time = 2	Lamb = 9596	Total time = 46	Obj = 3627.61	Pricing Time = 1
i = 19	Master Time = 2	Lamb = 9962	Total time = 48	Obj = 3550.81	Pricing Time = 0
i = 20	Master Time = 3	Lamb = 10218	Total time = 51	Obj = 3461.23	Pricing Time = 0
i = 21	Master Time = 3	Lamb = 10436	Total time = 54	Obj = 3389.29	Pricing Time = 1
i = 22	Master Time = 3	Lamb = 10689	Total time = 58	Obj = 3339.66	Pricing Time = 0
i = 23	Master Time = 2	Lamb = 10924	Total time = 61	Obj = 3295.48	Pricing Time = 1
i = 24	Master Time = 3	Lamb = 11130	Total time = 64	Obj = 3258.99	Pricing Time = 0
i = 25	Master Time = 2	Lamb = 11348	Total time = 67	Obj = 3212.95	Pricing Time = 1
i = 26	Master Time = 2	Lamb = 11523	Total time = 69	Obj = 3189.58	Pricing Time = 1
i = 27	Master Time = 2	Lamb = 11697	Total time = 72	Obj = 3162.19	Pricing Time = 0
i = 28	Master Time = 2	Lamb = 11858	Total time = 74	Obj = 3140.23	Pricing Time = 2
i = 29	Master Time = 2	Lamb = 12007	Total time = 78	Obj = 3124.82	Pricing Time = 1
i = 30	Master Time = 1	Lamb = 12141	Total time = 80	Obj = 3105.44	Pricing Time = 1
i = 31	Master Time = 1	Lamb = 12273	Total time = 83	Obj = 3096.57	Pricing Time = 1
i = 32	Master Time = 2	Lamb = 12398	Total time = 85	Obj = 3088.69	Pricing Time = 0
i = 33	Master Time = 2	Lamb = 12515	Total time = 87	Obj = 3078.66	Pricing Time = 1
i = 34	Master Time = 1	Lamb = 12626	Total time = 90	Obj = 3069.08	Pricing Time = 1
i = 35	Master Time = 2	Lamb = 12708	Total time = 92	Obj = 3063.70	Pricing Time = 1
i = 36	Master Time = 1	Lamb = 12815	Total time = 95	Obj = 3053.64	Pricing Time = 1
i = 37	Master Time = 2	Lamb = 12902	Total time = 97	Obj = 3044.36	Pricing Time = 1
i = 38	Master Time = 1	Lamb = 12990	Total time = 99	Obj = 3040.20	Pricing Time = 0
i = 39	Master Time = 2	Lamb = 13063	Total time = 101	Obj = 3037.12	Pricing Time = 1
i = 40	Master Time = 1	Lamb = 13147	Total time = 103	Obj = 3034.10	Pricing Time = 19
i = 41	Master Time = 4	Lamb = 13336	Total time = 126	Obj = 2982.00	Pricing Time = 0
i = 42	Master Time = 2	Lamb = 13524	Total time = 128	Obj = 2977.07	Pricing Time = 1
i = 43	Master Time = 2	Lamb = 13659	Total time = 131	Obj = 2971.55	Pricing Time = 0
i = 44	Master Time = 2	Lamb = 13746	Total time = 133	Obj = 2968.50	Pricing Time = 0
i = 45	Master Time = 2	Lamb = 13830	Total time = 135	Obj = 2966.38	Pricing Time = 16
i = 46	Master Time = 3	Lamb = 14016	Total time = 154	Obj = 2918.37	Pricing Time = 0
i = 47	Master Time = 3	Lamb = 14124	Total time = 157	Obj = 2913.69	Pricing Time = 1
i = 48	Master Time = 1	Lamb = 14221	Total time = 160	Obj = 2912.92	Pricing Time = 19
i = 49	Master Time = 3	Lamb = 14409	Total time = 181	Obj = 2895.25	Pricing Time = 1
i = 50	Master Time = 3	Lamb = 14475	Total time = 185	Obj = 2893.39	Pricing Time = 0
i = 51	Master Time = 2	Lamb = 14566	Total time = 187	Obj = 2892.93	Pricing Time = 1
i = 52	Master Time = 1	Lamb = 14625	Total time = 189	Obj = 2892.31	Pricing Time = 24
i = 53	Master Time = 1	Lamb = 14818	Total time = 214	Obj = 2882.65	Pricing Time = 8
i = 54	Master Time = 1	Lamb = 14868	Total time = 223	Obj = 2877.63	Pricing Time = 9
i = 55	Master Time = 1	Lamb = 14927	Total time = 233	Obj = 2870.26	Pricing Time = 8
i = 56	Master Time = 1	Lamb = 14986	Total time = 242	Obj = 2867.46	Pricing Time = 11
i = 57	Master Time = 1	Lamb = 14988	Total time = 254	Obj = 2867.46	Pricing Time = 10

Optimal of relaxation found.
Fractional X Variables: 4724 (min: 1.2377808354036013E-4 max: 0.9985473814494517)
--------------------------------------
n110w4_1_2-9-2-0
X fix to 1: 528
X fix to 0: 0
Fractional X remaining: 4724 | min(1.2377808354036013E-4, 0.9985473814494517)
--------------------------------------
i = 58	Master Time = 3	Lamb = 14988	Total time = 268	Obj = 3180.92	Pricing Time = 1
i = 59	Master Time = 3	Lamb = 15506	Total time = 272	Obj = 3053.84	Pricing Time = 1
i = 60	Master Time = 3	Lamb = 15911	Total time = 275	Obj = 3016.57	Pricing Time = 0
i = 61	Master Time = 3	Lamb = 16292	Total time = 278	Obj = 2976.79	Pricing Time = 0
i = 62	Master Time = 4	Lamb = 16653	Total time = 282	Obj = 2953.50	Pricing Time = 0
i = 63	Master Time = 3	Lamb = 16922	Total time = 285	Obj = 2937.18	Pricing Time = 0
i = 64	Master Time = 3	Lamb = 17130	Total time = 288	Obj = 2922.18	Pricing Time = 0
i = 65	Master Time = 3	Lamb = 17262	Total time = 291	Obj = 2914.36	Pricing Time = 1
i = 66	Master Time = 2	Lamb = 17386	Total time = 294	Obj = 2910.77	Pricing Time = 1
i = 67	Master Time = 2	Lamb = 17477	Total time = 297	Obj = 2906.77	Pricing Time = 0
i = 68	Master Time = 2	Lamb = 17556	Total time = 300	Obj = 2904.43	Pricing Time = 1
i = 69	Master Time = 2	Lamb = 17647	Total time = 302	Obj = 2902.67	Pricing Time = 1
i = 70	Master Time = 2	Lamb = 17722	Total time = 305	Obj = 2901.98	Pricing Time = 0
i = 71	Master Time = 2	Lamb = 17792	Total time = 307	Obj = 2899.93	Pricing Time = 1
i = 72	Master Time = 0	Lamb = 17858	Total time = 308	Obj = 2896.97	Pricing Time = 4
i = 73	Master Time = 1	Lamb = 17909	Total time = 314	Obj = 2887.53	Pricing Time = 5
i = 74	Master Time = 1	Lamb = 17945	Total time = 319	Obj = 2884.58	Pricing Time = 5
i = 75	Master Time = 1	Lamb = 17978	Total time = 325	Obj = 2882.11	Pricing Time = 4
i = 76	Master Time = 1	Lamb = 18009	Total time = 330	Obj = 2881.51	Pricing Time = 5
i = 77	Master Time = 1	Lamb = 18037	Total time = 336	Obj = 2881.25	Pricing Time = 4
i = 78	Master Time = 1	Lamb = 18039	Total time = 341	Obj = 2881.25	Pricing Time = 4
i = 79	Master Time = 1	Lamb = 18040	Total time = 346	Obj = 2881.25	Pricing Time = 4
--------------------------------------
n110w4_1_2-9-2-0
X fix to 1: 734
X fix to 0: 0
Fractional X remaining: 3074 | min(2.407838495133265E-4, 0.9917348141950716)
--------------------------------------
i = 80	Master Time = 3	Lamb = 18040	Total time = 353	Obj = 3131.93	Pricing Time = 1
i = 81	Master Time = 3	Lamb = 18475	Total time = 357	Obj = 3045.96	Pricing Time = 1
i = 82	Master Time = 3	Lamb = 18829	Total time = 361	Obj = 3027.41	Pricing Time = 0
i = 83	Master Time = 2	Lamb = 19155	Total time = 364	Obj = 3007.28	Pricing Time = 1
i = 84	Master Time = 2	Lamb = 19387	Total time = 366	Obj = 2984.00	Pricing Time = 0
i = 85	Master Time = 3	Lamb = 19562	Total time = 369	Obj = 2961.48	Pricing Time = 0
i = 86	Master Time = 3	Lamb = 19690	Total time = 372	Obj = 2925.59	Pricing Time = 1
i = 87	Master Time = 2	Lamb = 19937	Total time = 375	Obj = 2919.96	Pricing Time = 0
i = 88	Master Time = 2	Lamb = 20096	Total time = 377	Obj = 2912.23	Pricing Time = 0
i = 89	Master Time = 3	Lamb = 20190	Total time = 380	Obj = 2905.30	Pricing Time = 1
i = 90	Master Time = 2	Lamb = 20276	Total time = 383	Obj = 2898.54	Pricing Time = 1
i = 91	Master Time = 1	Lamb = 20350	Total time = 385	Obj = 2897.14	Pricing Time = 4
i = 92	Master Time = 3	Lamb = 20456	Total time = 393	Obj = 2887.81	Pricing Time = 1
i = 93	Master Time = 2	Lamb = 20524	Total time = 395	Obj = 2887.41	Pricing Time = 4
i = 94	Master Time = 3	Lamb = 20625	Total time = 402	Obj = 2885.82	Pricing Time = 3
i = 95	Master Time = 1	Lamb = 20662	Total time = 406	Obj = 2885.00	Pricing Time = 4
i = 96	Master Time = 0	Lamb = 20672	Total time = 410	Obj = 2885.00	Pricing Time = 5
i = 97	Master Time = 0	Lamb = 20678	Total time = 416	Obj = 2884.61	Pricing Time = 4
i = 98	Master Time = 1	Lamb = 20698	Total time = 420	Obj = 2884.51	Pricing Time = 4
i = 99	Master Time = 0	Lamb = 20716	Total time = 425	Obj = 2884.50	Pricing Time = 5
i = 100	Master Time = 0	Lamb = 20719	Total time = 429	Obj = 2884.50	Pricing Time = 4
--------------------------------------
n110w4_1_2-9-2-0
X fix to 1: 878
X fix to 0: 0
Fractional X remaining: 2539 | min(1.0040581669926857E-4, 0.9897727272727217)
--------------------------------------
i = 101	Master Time = 3	Lamb = 20719	Total time = 437	Obj = 2987.73	Pricing Time = 1
i = 102	Master Time = 2	Lamb = 21096	Total time = 440	Obj = 2971.77	Pricing Time = 1
i = 103	Master Time = 2	Lamb = 21419	Total time = 442	Obj = 2958.15	Pricing Time = 0
i = 104	Master Time = 2	Lamb = 21599	Total time = 444	Obj = 2943.03	Pricing Time = 0
i = 105	Master Time = 2	Lamb = 21723	Total time = 446	Obj = 2914.93	Pricing Time = 0
i = 106	Master Time = 1	Lamb = 21838	Total time = 447	Obj = 2908.39	Pricing Time = 1
i = 107	Master Time = 1	Lamb = 21926	Total time = 449	Obj = 2904.37	Pricing Time = 0
i = 108	Master Time = 2	Lamb = 22005	Total time = 452	Obj = 2900.57	Pricing Time = 0
i = 109	Master Time = 2	Lamb = 22082	Total time = 454	Obj = 2899.88	Pricing Time = 3
i = 110	Master Time = 2	Lamb = 22176	Total time = 459	Obj = 2893.56	Pricing Time = 0
i = 111	Master Time = 3	Lamb = 22248	Total time = 462	Obj = 2891.25	Pricing Time = 3
i = 112	Master Time = 1	Lamb = 22269	Total time = 466	Obj = 2888.99	Pricing Time = 4
i = 113	Master Time = 0	Lamb = 22290	Total time = 470	Obj = 2887.00	Pricing Time = 3
i = 114	Master Time = 1	Lamb = 22299	Total time = 474	Obj = 2886.00	Pricing Time = 4
i = 115	Master Time = 3	Lamb = 22322	Total time = 481	Obj = 2885.00	Pricing Time = 0
i = 116	Master Time = 4	Lamb = 22546	Total time = 485	Obj = 2885.00	Pricing Time = 0
i = 117	Master Time = 3	Lamb = 22698	Total time = 489	Obj = 2885.00	Pricing Time = 3
i = 118	Master Time = 4	Lamb = 22831	Total time = 495	Obj = 2885.00	Pricing Time = 4
i = 119	Master Time = 3	Lamb = 22930	Total time = 503	Obj = 2885.00	Pricing Time = 3
i = 120	Master Time = 4	Lamb = 23019	Total time = 509	Obj = 2885.00	Pricing Time = 4
i = 121	Master Time = 1	Lamb = 23103	Total time = 514	Obj = 2885.00	Pricing Time = 3
i = 122	Master Time = 1	Lamb = 23142	Total time = 518	Obj = 2885.00	Pricing Time = 3
i = 123	Master Time = 0	Lamb = 23148	Total time = 521	Obj = 2885.00	Pricing Time = 4
i = 124	Master Time = 0	Lamb = 23151	Total time = 526	Obj = 2885.00	Pricing Time = 5
i = 125	Master Time = 0	Lamb = 23155	Total time = 530	Obj = 2885.00	Pricing Time = 4
i = 126	Master Time = 0	Lamb = 23156	Total time = 535	Obj = 2885.00	Pricing Time = 4
i = 127	Master Time = 0	Lamb = 23158	Total time = 538	Obj = 2885.00	Pricing Time = 4
i = 128	Master Time = 1	Lamb = 23159	Total time = 543	Obj = 2885.00	Pricing Time = 4
i = 129	Master Time = 0	Lamb = 23161	Total time = 547	Obj = 2885.00	Pricing Time = 4
i = 130	Master Time = 0	Lamb = 23162	Total time = 551	Obj = 2885.00	Pricing Time = 4
i = 131	Master Time = 0	Lamb = 23163	Total time = 555	Obj = 2885.00	Pricing Time = 4
--------------------------------------
n110w4_1_2-9-2-0
X fix to 1: 977
X fix to 0: 0
Fractional X remaining: 1995 | min(0.0017670201874354433, 0.9776501001338318)
--------------------------------------
i = 132	Master Time = 3	Lamb = 23163	Total time = 562	Obj = 3012.51	Pricing Time = 0
i = 133	Master Time = 3	Lamb = 23494	Total time = 565	Obj = 2962.01	Pricing Time = 0
i = 134	Master Time = 3	Lamb = 23782	Total time = 569	Obj = 2924.76	Pricing Time = 1
i = 135	Master Time = 3	Lamb = 23989	Total time = 572	Obj = 2908.26	Pricing Time = 0
i = 136	Master Time = 3	Lamb = 24207	Total time = 575	Obj = 2904.18	Pricing Time = 0
i = 137	Master Time = 2	Lamb = 24334	Total time = 578	Obj = 2899.13	Pricing Time = 0
i = 138	Master Time = 2	Lamb = 24425	Total time = 580	Obj = 2895.38	Pricing Time = 4
i = 139	Master Time = 2	Lamb = 24511	Total time = 586	Obj = 2888.97	Pricing Time = 3
i = 140	Master Time = 3	Lamb = 24593	Total time = 592	Obj = 2885.62	Pricing Time = 2
i = 141	Master Time = 1	Lamb = 24663	Total time = 595	Obj = 2885.00	Pricing Time = 3
i = 142	Master Time = 1	Lamb = 24672	Total time = 599	Obj = 2885.00	Pricing Time = 4
i = 143	Master Time = 0	Lamb = 24680	Total time = 603	Obj = 2885.00	Pricing Time = 4
i = 144	Master Time = 0	Lamb = 24682	Total time = 607	Obj = 2885.00	Pricing Time = 4
--------------------------------------
n110w4_1_2-9-2-0
X fix to 1: 1089
X fix to 0: 0
Fractional X remaining: 1667 | min(3.207852174926251E-4, 0.9961543312966492)
--------------------------------------
i = 145	Master Time = 3	Lamb = 24682	Total time = 614	Obj = 3141.09	Pricing Time = 0
i = 146	Master Time = 2	Lamb = 24996	Total time = 616	Obj = 3076.98	Pricing Time = 0
i = 147	Master Time = 2	Lamb = 25220	Total time = 618	Obj = 3039.01	Pricing Time = 0
i = 148	Master Time = 2	Lamb = 25360	Total time = 620	Obj = 2995.25	Pricing Time = 0
i = 149	Master Time = 2	Lamb = 25463	Total time = 622	Obj = 2971.72	Pricing Time = 0
i = 150	Master Time = 1	Lamb = 25558	Total time = 623	Obj = 2952.10	Pricing Time = 3
i = 151	Master Time = 1	Lamb = 25651	Total time = 627	Obj = 2926.17	Pricing Time = 2
i = 152	Master Time = 2	Lamb = 25719	Total time = 631	Obj = 2907.75	Pricing Time = 3
i = 153	Master Time = 1	Lamb = 25796	Total time = 635	Obj = 2900.97	Pricing Time = 3
i = 154	Master Time = 2	Lamb = 25870	Total time = 640	Obj = 2894.42	Pricing Time = 2
i = 155	Master Time = 1	Lamb = 25933	Total time = 643	Obj = 2891.19	Pricing Time = 2
i = 156	Master Time = 2	Lamb = 25983	Total time = 647	Obj = 2887.93	Pricing Time = 2
i = 157	Master Time = 2	Lamb = 26026	Total time = 651	Obj = 2885.51	Pricing Time = 2
i = 158	Master Time = 1	Lamb = 26071	Total time = 654	Obj = 2885.11	Pricing Time = 3
i = 159	Master Time = 0	Lamb = 26114	Total time = 657	Obj = 2885.00	Pricing Time = 3
i = 160	Master Time = 1	Lamb = 26117	Total time = 661	Obj = 2885.00	Pricing Time = 3
i = 161	Master Time = 1	Lamb = 26119	Total time = 665	Obj = 2885.00	Pricing Time = 2
i = 162	Master Time = 1	Lamb = 26120	Total time = 668	Obj = 2885.00	Pricing Time = 3
--------------------------------------
n110w4_1_2-9-2-0
X fix to 1: 1165
X fix to 0: 0
Fractional X remaining: 1229 | min(6.587461153748086E-4, 0.9748801882571619)
--------------------------------------
i = 163	Master Time = 2	Lamb = 26120	Total time = 673	Obj = 2944.97	Pricing Time = 0
i = 164	Master Time = 2	Lamb = 26412	Total time = 675	Obj = 2933.64	Pricing Time = 0
i = 165	Master Time = 2	Lamb = 26591	Total time = 678	Obj = 2914.63	Pricing Time = 0
i = 166	Master Time = 2	Lamb = 26711	Total time = 680	Obj = 2905.16	Pricing Time = 0
i = 167	Master Time = 1	Lamb = 26911	Total time = 682	Obj = 2900.36	Pricing Time = 1
i = 168	Master Time = 1	Lamb = 27027	Total time = 683	Obj = 2898.47	Pricing Time = 2
i = 169	Master Time = 1	Lamb = 27110	Total time = 686	Obj = 2892.25	Pricing Time = 2
i = 170	Master Time = 1	Lamb = 27165	Total time = 689	Obj = 2889.33	Pricing Time = 2
i = 171	Master Time = 1	Lamb = 27214	Total time = 693	Obj = 2887.24	Pricing Time = 3
i = 172	Master Time = 0	Lamb = 27256	Total time = 696	Obj = 2885.91	Pricing Time = 2
i = 173	Master Time = 1	Lamb = 27295	Total time = 698	Obj = 2885.00	Pricing Time = 3
i = 174	Master Time = 0	Lamb = 27299	Total time = 701	Obj = 2885.00	Pricing Time = 3
i = 175	Master Time = 1	Lamb = 27307	Total time = 705	Obj = 2885.00	Pricing Time = 3
i = 176	Master Time = 0	Lamb = 27310	Total time = 708	Obj = 2885.00	Pricing Time = 3
--------------------------------------
n110w4_1_2-9-2-0
X fix to 1: 1196
X fix to 0: 0
Fractional X remaining: 844 | min(0.0016753930530110095, 0.9802563464009981)
--------------------------------------
i = 177	Master Time = 2	Lamb = 27310	Total time = 713	Obj = 2954.22	Pricing Time = 0
i = 178	Master Time = 2	Lamb = 27577	Total time = 716	Obj = 2939.34	Pricing Time = 1
i = 179	Master Time = 1	Lamb = 27766	Total time = 717	Obj = 2930.37	Pricing Time = 0
i = 180	Master Time = 1	Lamb = 27918	Total time = 718	Obj = 2921.41	Pricing Time = 2
i = 181	Master Time = 1	Lamb = 28000	Total time = 721	Obj = 2912.93	Pricing Time = 2
i = 182	Master Time = 2	Lamb = 28054	Total time = 725	Obj = 2903.26	Pricing Time = 2
i = 183	Master Time = 1	Lamb = 28100	Total time = 728	Obj = 2900.12	Pricing Time = 2
i = 184	Master Time = 1	Lamb = 28137	Total time = 731	Obj = 2896.46	Pricing Time = 2
i = 185	Master Time = 1	Lamb = 28165	Total time = 734	Obj = 2894.77	Pricing Time = 2
i = 186	Master Time = 0	Lamb = 28196	Total time = 737	Obj = 2894.12	Pricing Time = 2
i = 187	Master Time = 1	Lamb = 28220	Total time = 740	Obj = 2891.60	Pricing Time = 3
i = 188	Master Time = 1	Lamb = 28246	Total time = 743	Obj = 2890.20	Pricing Time = 2
i = 189	Master Time = 1	Lamb = 28267	Total time = 746	Obj = 2889.32	Pricing Time = 2
i = 190	Master Time = 1	Lamb = 28288	Total time = 749	Obj = 2888.64	Pricing Time = 2
i = 191	Master Time = 1	Lamb = 28310	Total time = 752	Obj = 2886.23	Pricing Time = 2
i = 192	Master Time = 0	Lamb = 28330	Total time = 755	Obj = 2885.42	Pricing Time = 3
i = 193	Master Time = 0	Lamb = 28355	Total time = 758	Obj = 2885.00	Pricing Time = 3
i = 194	Master Time = 1	Lamb = 28359	Total time = 761	Obj = 2885.00	Pricing Time = 2
--------------------------------------
n110w4_1_2-9-2-0
X fix to 1: 1219
X fix to 0: 0
Fractional X remaining: 699 | min(0.0026340595060863614, 0.9948757230888721)
--------------------------------------
i = 195	Master Time = 2	Lamb = 28359	Total time = 765	Obj = 2915.21	Pricing Time = 0
i = 196	Master Time = 2	Lamb = 28542	Total time = 767	Obj = 2906.56	Pricing Time = 0
i = 197	Master Time = 2	Lamb = 28673	Total time = 769	Obj = 2900.69	Pricing Time = 2
i = 198	Master Time = 2	Lamb = 28769	Total time = 773	Obj = 2897.49	Pricing Time = 2
i = 199	Master Time = 1	Lamb = 28832	Total time = 776	Obj = 2895.83	Pricing Time = 2
i = 200	Master Time = 2	Lamb = 28872	Total time = 780	Obj = 2892.34	Pricing Time = 2
i = 201	Master Time = 1	Lamb = 28907	Total time = 783	Obj = 2891.12	Pricing Time = 2
i = 202	Master Time = 1	Lamb = 28937	Total time = 787	Obj = 2886.29	Pricing Time = 3
i = 203	Master Time = 1	Lamb = 28960	Total time = 790	Obj = 2885.00	Pricing Time = 3
i = 204	Master Time = 1	Lamb = 28969	Total time = 794	Obj = 2885.00	Pricing Time = 3
i = 205	Master Time = 1	Lamb = 28973	Total time = 798	Obj = 2885.00	Pricing Time = 2
i = 206	Master Time = 1	Lamb = 28975	Total time = 801	Obj = 2885.00	Pricing Time = 3
--------------------------------------
n110w4_1_2-9-2-0
X fix to 1: 1265
X fix to 0: 0
Fractional X remaining: 580 | min(0.001730207525607522, 0.8837659355261531)
--------------------------------------
i = 207	Master Time = 2	Lamb = 28975	Total time = 806	Obj = 2942.76	Pricing Time = 0
i = 208	Master Time = 1	Lamb = 29107	Total time = 807	Obj = 2932.42	Pricing Time = 2
i = 209	Master Time = 1	Lamb = 29163	Total time = 810	Obj = 2927.10	Pricing Time = 3
i = 210	Master Time = 0	Lamb = 29217	Total time = 814	Obj = 2922.54	Pricing Time = 3
i = 211	Master Time = 1	Lamb = 29247	Total time = 817	Obj = 2919.86	Pricing Time = 2
i = 212	Master Time = 1	Lamb = 29270	Total time = 820	Obj = 2912.90	Pricing Time = 2
i = 213	Master Time = 0	Lamb = 29293	Total time = 823	Obj = 2904.57	Pricing Time = 3
i = 214	Master Time = 1	Lamb = 29312	Total time = 826	Obj = 2898.85	Pricing Time = 3
i = 215	Master Time = 1	Lamb = 29331	Total time = 830	Obj = 2896.69	Pricing Time = 2
i = 216	Master Time = 1	Lamb = 29348	Total time = 833	Obj = 2893.86	Pricing Time = 2
i = 217	Master Time = 1	Lamb = 29363	Total time = 836	Obj = 2893.34	Pricing Time = 3
i = 218	Master Time = 1	Lamb = 29387	Total time = 840	Obj = 2892.43	Pricing Time = 3
i = 219	Master Time = 0	Lamb = 29401	Total time = 844	Obj = 2889.44	Pricing Time = 3
i = 220	Master Time = 1	Lamb = 29420	Total time = 847	Obj = 2888.77	Pricing Time = 3
i = 221	Master Time = 1	Lamb = 29439	Total time = 851	Obj = 2888.75	Pricing Time = 2
i = 222	Master Time = 1	Lamb = 29442	Total time = 854	Obj = 2888.75	Pricing Time = 3
i = 223	Master Time = 0	Lamb = 29443	Total time = 858	Obj = 2887.90	Pricing Time = 4
i = 224	Master Time = 0	Lamb = 29459	Total time = 861	Obj = 2887.76	Pricing Time = 3
i = 225	Master Time = 1	Lamb = 29462	Total time = 865	Obj = 2887.51	Pricing Time = 2
i = 226	Master Time = 1	Lamb = 29475	Total time = 868	Obj = 2887.50	Pricing Time = 3
i = 227	Master Time = 0	Lamb = 29479	Total time = 871	Obj = 2885.87	Pricing Time = 3
i = 228	Master Time = 0	Lamb = 29496	Total time = 875	Obj = 2885.00	Pricing Time = 3
--------------------------------------
n110w4_1_2-9-2-0
X fix to 1: 1290
X fix to 0: 0
Fractional X remaining: 388 | min(0.0023086823772507856, 0.8071095873807421)
--------------------------------------
i = 229	Master Time = 2	Lamb = 29496	Total time = 879	Obj = 2959.61	Pricing Time = 2
i = 230	Master Time = 1	Lamb = 29536	Total time = 882	Obj = 2918.87	Pricing Time = 2
i = 231	Master Time = 1	Lamb = 29569	Total time = 885	Obj = 2914.19	Pricing Time = 2
i = 232	Master Time = 1	Lamb = 29602	Total time = 888	Obj = 2908.75	Pricing Time = 2
i = 233	Master Time = 1	Lamb = 29620	Total time = 891	Obj = 2898.81	Pricing Time = 3
i = 234	Master Time = 0	Lamb = 29639	Total time = 894	Obj = 2897.34	Pricing Time = 3
i = 235	Master Time = 1	Lamb = 29655	Total time = 898	Obj = 2895.00	Pricing Time = 2
i = 236	Master Time = 1	Lamb = 29661	Total time = 901	Obj = 2895.00	Pricing Time = 3
i = 237	Master Time = 1	Lamb = 29665	Total time = 905	Obj = 2895.00	Pricing Time = 2
i = 238	Master Time = 1	Lamb = 29668	Total time = 908	Obj = 2895.00	Pricing Time = 2
i = 239	Master Time = 1	Lamb = 29676	Total time = 911	Obj = 2895.00	Pricing Time = 2
i = 240	Master Time = 1	Lamb = 29681	Total time = 914	Obj = 2894.83	Pricing Time = 3
i = 241	Master Time = 0	Lamb = 29700	Total time = 918	Obj = 2893.91	Pricing Time = 3
i = 242	Master Time = 1	Lamb = 29711	Total time = 921	Obj = 2892.92	Pricing Time = 3
i = 243	Master Time = 1	Lamb = 29721	Total time = 925	Obj = 2892.20	Pricing Time = 2
i = 244	Master Time = 1	Lamb = 29737	Total time = 928	Obj = 2891.96	Pricing Time = 3
i = 245	Master Time = 1	Lamb = 29747	Total time = 932	Obj = 2886.78	Pricing Time = 2
i = 246	Master Time = 1	Lamb = 29756	Total time = 935	Obj = 2886.38	Pricing Time = 2
i = 247	Master Time = 1	Lamb = 29764	Total time = 938	Obj = 2886.36	Pricing Time = 2
i = 248	Master Time = 1	Lamb = 29771	Total time = 941	Obj = 2885.00	Pricing Time = 3
i = 249	Master Time = 0	Lamb = 29774	Total time = 944	Obj = 2885.00	Pricing Time = 3
--------------------------------------
n110w4_1_2-9-2-0
X fix to 1: 1312
X fix to 0: 0
Fractional X remaining: 285 | min(0.009916407146370793, 0.9535731847238154)
--------------------------------------
i = 250	Master Time = 1	Lamb = 29774	Total time = 948	Obj = 2932.27	Pricing Time = 0
i = 251	Master Time = 1	Lamb = 30119	Total time = 949	Obj = 2929.21	Pricing Time = 0
i = 252	Master Time = 1	Lamb = 30364	Total time = 950	Obj = 2911.47	Pricing Time = 0
i = 253	Master Time = 1	Lamb = 30482	Total time = 951	Obj = 2910.60	Pricing Time = 2
i = 254	Master Time = 1	Lamb = 30531	Total time = 954	Obj = 2902.33	Pricing Time = 2
i = 255	Master Time = 0	Lamb = 30559	Total time = 957	Obj = 2898.33	Pricing Time = 3
i = 256	Master Time = 0	Lamb = 30571	Total time = 959	Obj = 2897.22	Pricing Time = 3
i = 257	Master Time = 1	Lamb = 30580	Total time = 963	Obj = 2896.67	Pricing Time = 3
i = 258	Master Time = 1	Lamb = 30584	Total time = 967	Obj = 2892.67	Pricing Time = 2
i = 259	Master Time = 0	Lamb = 30598	Total time = 970	Obj = 2889.29	Pricing Time = 3
i = 260	Master Time = 0	Lamb = 30613	Total time = 973	Obj = 2885.00	Pricing Time = 3
i = 261	Master Time = 0	Lamb = 30618	Total time = 975	Obj = 2885.00	Pricing Time = 3
i = 262	Master Time = 0	Lamb = 30625	Total time = 978	Obj = 2885.00	Pricing Time = 2
i = 263	Master Time = 1	Lamb = 30627	Total time = 981	Obj = 2885.00	Pricing Time = 2
i = 264	Master Time = 0	Lamb = 30628	Total time = 984	Obj = 2885.00	Pricing Time = 3
--------------------------------------
n110w4_1_2-9-2-0
X fix to 1: 1346
X fix to 0: 0
Fractional X remaining: 178 | min(0.007194244604314948, 0.9568345323741008)
--------------------------------------
i = 265	Master Time = 0	Lamb = 30628	Total time = 986	Obj = 2915.00	Pricing Time = 3
i = 266	Master Time = 0	Lamb = 30663	Total time = 989	Obj = 2905.00	Pricing Time = 2
i = 267	Master Time = 1	Lamb = 30683	Total time = 992	Obj = 2905.00	Pricing Time = 2
i = 268	Master Time = 1	Lamb = 30701	Total time = 995	Obj = 2885.00	Pricing Time = 2
i = 269	Master Time = 1	Lamb = 30713	Total time = 998	Obj = 2885.00	Pricing Time = 2
i = 270	Master Time = 0	Lamb = 30721	Total time = 1001	Obj = 2885.00	Pricing Time = 3
i = 271	Master Time = 0	Lamb = 30726	Total time = 1003	Obj = 2885.00	Pricing Time = 3
i = 272	Master Time = 0	Lamb = 30733	Total time = 1006	Obj = 2885.00	Pricing Time = 3
i = 273	Master Time = 0	Lamb = 30736	Total time = 1009	Obj = 2885.00	Pricing Time = 3
--------------------------------------
n110w4_1_2-9-2-0
X fix to 1: 1349
X fix to 0: 0
Fractional X remaining: 77 | min(0.06666666666666665, 0.9333333333333333)
--------------------------------------
i = 274	Master Time = 0	Lamb = 30736	Total time = 1012	Obj = 2885.00	Pricing Time = 3
i = 275	Master Time = 0	Lamb = 30740	Total time = 1015	Obj = 2885.00	Pricing Time = 3
--------------------------------------
n110w4_1_2-9-2-0
X fix to 1: 1350
X fix to 0: 0
Fractional X remaining: 60 | min(0.5, 0.5)
--------------------------------------
i = 276	Master Time = 0	Lamb = 30740	Total time = 1018	Obj = 2904.00	Pricing Time = 2
i = 277	Master Time = 1	Lamb = 30754	Total time = 1021	Obj = 2890.00	Pricing Time = 2
i = 278	Master Time = 0	Lamb = 30767	Total time = 1024	Obj = 2885.00	Pricing Time = 3
i = 279	Master Time = 0	Lamb = 30775	Total time = 1026	Obj = 2885.00	Pricing Time = 3
i = 280	Master Time = 1	Lamb = 30776	Total time = 1030	Obj = 2885.00	Pricing Time = 2
--------------------------------------
n110w4_1_2-9-2-0
X fix to 1: 1351
X fix to 0: 0
Fractional X remaining: 28 | min(0.5, 0.5)
--------------------------------------
i = 281	Master Time = 0	Lamb = 30776	Total time = 1032	Obj = 2905.00	Pricing Time = 3
i = 282	Master Time = 0	Lamb = 30788	Total time = 1035	Obj = 2900.00	Pricing Time = 3
i = 283	Master Time = 0	Lamb = 30795	Total time = 1038	Obj = 2895.00	Pricing Time = 3
i = 284	Master Time = 0	Lamb = 30799	Total time = 1041	Obj = 2885.00	Pricing Time = 3
i = 285	Master Time = 0	Lamb = 30802	Total time = 1044	Obj = 2885.00	Pricing Time = 3
i = 286	Master Time = 0	Lamb = 30803	Total time = 1047	Obj = 2885.00	Pricing Time = 3
--------------------------------------
n110w4_1_2-9-2-0
X fix to 1: 1352
X fix to 0: 0
Fractional X remaining: 24 | min(0.5, 0.5)
--------------------------------------
i = 287	Master Time = 0	Lamb = 30803	Total time = 1050	Obj = 2935.00	Pricing Time = 2
i = 288	Master Time = 0	Lamb = 30840	Total time = 1053	Obj = 2885.00	Pricing Time = 3
i = 289	Master Time = 0	Lamb = 30858	Total time = 1056	Obj = 2885.00	Pricing Time = 3
i = 290	Master Time = 1	Lamb = 30866	Total time = 1059	Obj = 2885.00	Pricing Time = 2
i = 291	Master Time = 0	Lamb = 30868	Total time = 1062	Obj = 2885.00	Pricing Time = 3
i = 292	Master Time = 0	Lamb = 30870	Total time = 1065	Obj = 2885.00	Pricing Time = 3

n110w4_1_2-9-2-0
Integer solution found

Printing SHIFT allocations
HN_0   |-|-|D|D|D|D|D| |D|-|-|-|-|D|D| |D|D|D|D|-|-|-| |-|D|D|D|D|-|-|
HN_1   |-|-|-|D|D|-|-| |D|D|-|-|-|-|-| |D|D|-|-|-|-|D| |D|-|-|-|-|-|-|
HN_2   |-|L|L|-|-|-|E| |E|-|-|-|-|-|-| |L|L|L|-|-|-|-| |-|-|-|L|L|-|-|
HN_3   |N|-|-|E|E|E|E| |-|-|E|E|E|-|-| |E|E|E|E|E|-|-| |E|E|E|-|-|E|E|
HN_4   |E|-|-|-|-|-|-| |L|L|L|-|-|-|-| |-|-|D|D|D|-|-| |-|L|L|L|L|-|-|
HN_5   |L|L|L|L|L|-|-| |-|-|L|L|L|-|-| |-|-|-|-|-|L|L| |L|-|-|-|-|-|-|
HN_6   |D|L|L|-|-|-|-| |L|L|L|L|L|-|-| |-|-|L|L|L|L|L| |-|-|-|-|L|L|L|
HN_7   |-|L|L|N|N|N|N| |N|-|-|-|-|L|L| |N|N|N|N|-|-|-| |-|E|E|D|D|-|-|
HN_8   |N|N|N|N|-|-|-| |N|N|N|N|N|-|-| |-|-|N|N|N|N|N| |-|-|-|N|N|N|N|
HN_9   |-|E|E|L|L|-|-| |-|-|-|-|N|N|N| |N|-|-|-|-|-|-| |N|N|N|N|-|-|-|
HN_10  |-|D|D|D|D|-|-| |-|-|D|D|D|D|D| |D|-|-|-|-|D|D| |D|D|D|-|-|-|-|
HN_11  |D|D|-|-|-|-|D| |D|-|-|D|D|-|-| |-|-|-|D|D|-|-| |-|-|-|D|D|-|-|
HN_12  |-|-|-|-|-|L|L| |L|L|-|-|-|-|-| |L|L|L|-|-|-|-| |D|D|E|E|-|-|-|
HN_13  |-|E|E|E|E|-|-| |-|E|E|E|E|-|-| |-|-|E|E|E|E|E| |-|-|-|-|E|E|D|
HN_14  |-|-|-|-|L|L|L| |L|-|-|-|-|-|-| |-|L|L|L|-|-|-| |-|L|L|L|L|-|-|
HN_15  |D|-|-|-|-|N|N| |N|N|-|-|-|N|N| |N|N|N|-|-|-|-| |N|N|N|N|N|-|-|
HN_16  |N|N|N|N|N|-|-| |N|N|N|N|N|-|-| |N|N|N|N|N|-|-| |L|L|L|-|-|N|N|
HN_17  |D|D|D|-|-|-|-| |-|D|D|D|D|-|-| |-|-|-|-|-|N|N| |N|N|N|-|-|-|-|
HN_18  |-|-|E|E|E|-|-| |E|E|E|E|E|-|-| |E|E|E|-|-|E|E| |E|-|-|E|E|D|D|
HN_19  |N|N|N|N|-|-|-| |-|L|L|L|L|-|-| |-|L|L|L|L|-|-| |-|L|L|L|L|-|-|
NU_20  |-|-|-|-|-|E|E| |E|-|-|-|-|-|-| |E|E|E|-|-|-|-| |E|E|E|E|E|-|-|
NU_21  |E|-|-|E|E|E|E| |E|-|-|E|E|E|E| |-|-|E|E|E|-|-| |E|E|E|E|E|-|-|
NU_22  |N|N|N|N|N|-|-| |N|N|N|N|N|-|-| |N|N|N|N|N|-|-| |N|N|N|N|N|-|-|
NU_23  |-|-|N|N|N|N|N| |-|-|-|-|-|-|-| |N|N|N|N|-|-|-| |N|N|N|N|-|-|-|
NU_24  |-|-|-|-|-|-|-| |D|D|D|D|-|-|-| |-|-|D|D|D|-|-| |-|-|-|D|D|D|D|
NU_25  |L|-|-|-|-|-|-| |E|E|E|-|-|-|-| |-|E|E|E|E|-|-| |-|-|-|-|E|E|N|
NU_26  |D|D|-|-|-|-|D| |D|-|-|-|-|-|-| |D|D|-|-|-|-|-| |-|-|D|D|-|-|-|
NU_27  |-|-|L|L|-|-|-| |-|-|-|L|L|-|-| |-|-|-|L|L|-|-| |D|D|-|-|-|-|E|
NU_28  |E|-|-|-|-|-|-| |E|E|E|-|-|-|-| |-|-|E|E|E|-|-| |-|-|-|E|E|E|D|
NU_29  |-|-|-|D|D|D|D| |-|-|-|-|D|D|D| |D|D|D|D|-|-|-| |-|D|D|D|D|-|-|
NU_30  |-|-|E|E|E|-|-| |-|-|E|E|E|-|-| |-|-|-|-|E|E|E| |E|E|-|-|-|-|-|
NU_31  |E|E|E|-|-|-|-| |N|N|N|N|N|-|-| |-|-|-|-|D|D|L| |L|-|-|-|-|-|-|
NU_32  |N|N|N|-|-|L|L| |L|L|-|-|L|L|L| |-|-|L|L|L|-|-| |L|L|L|L|L|-|-|
NU_33  |-|-|D|D|D|-|-| |E|E|D|D|D|-|-| |D|D|D|-|-|D|D| |D|-|-|D|D|L|L|
NU_34  |-|E|E|-|-|-|-| |E|E|-|-|-|-|-| |E|E|-|-|-|-|E| |E|-|-|-|-|-|-|
NU_35  |-|L|L|L|L|-|-| |-|L|L|L|L|-|-| |-|-|L|L|L|L|L| |-|-|-|-|L|L|L|
NU_36  |D|D|D|-|-|-|-| |N|N|N|N|N|-|-| |-|-|-|-|N|N|N| |N|-|-|-|-|-|-|
NU_37  |D|L|L|-|-|-|-| |L|L|L|-|-|-|-| |-|N|N|N|N|-|-| |-|-|-|-|N|N|N|
NU_38  |L|-|-|L|L|L|L| |-|-|L|L|L|-|-| |L|L|L|L|L|-|-| |L|L|L|-|-|L|L|
NU_39  |D|D|D|-|-|-|-| |D|D|D|D|D|-|-| |-|-|D|D|D|D|D| |-|-|-|-|D|D|D|
CT_40  |-|-|-|L|L|-|-| |L|L|-|-|-|-|-| |L|L|-|-|-|-|D| |D|-|-|-|-|-|-|
CT_41  |D|D|-|-|-|-|-| |D|D|-|-|-|-|-| |-|-|N|N|N|N|-| |-|-|-|L|L|-|-|
CT_42  |D|-|-|D|D|D|D| |D|-|-|D|D|E|E| |-|-|L|L|L|-|-| |N|N|N|N|N|-|-|
CT_43  |-|-|-|E|E|-|-| |-|-|-|N|N|N|-| |-|-|-|L|L|-|-| |-|-|-|D|D|-|-|
CT_44  |-|-|-|-|E|E|D| |D|-|-|-|-|-|-| |-|N|N|N|N|-|-| |-|-|D|D|D|-|-|
CT_45  |-|E|E|E|E|-|-| |-|-|E|E|E|E|E| |-|-|-|E|E|E|D| |D|E|E|-|-|-|-|
CT_46  |-|-|D|D|D|-|-| |-|-|-|-|N|N|N| |N|-|-|-|-|-|-| |N|N|N|N|-|-|-|
CT_47  |E|E|-|-|E|E|E| |-|-|E|E|E|-|-| |E|E|E|E|E|-|-| |E|E|E|-|-|E|E|
CT_48  |-|N|N|N|N|-|-| |-|-|-|-|-|D|D| |D|-|-|-|-|-|-| |-|L|L|L|L|-|-|
CT_49  |D|D|D|D|D|-|-| |D|D|D|E|E|-|-| |D|D|D|D|D|-|-| |D|D|D|-|-|D|D|
CT_50  |L|L|-|-|-|L|L| |L|L|L|-|-|-|-| |L|L|L|L|-|-|-| |-|L|L|L|L|-|-|
CT_51  |-|-|D|D|D|-|-| |-|-|-|-|D|D|D| |D|-|-|-|-|-|-| |-|D|D|E|E|-|-|
CT_52  |-|N|N|N|N|-|-| |-|-|D|D|N|N|N| |N|-|-|-|-|E|E| |D|D|D|-|-|-|-|
CT_53  |D|D|D|-|-|-|-| |N|N|N|N|N|-|-| |-|-|-|-|D|D|D| |-|-|-|-|-|-|-|
CT_54  |N|N|-|-|E|E|E| |-|-|D|D|D|-|-| |E|E|D|D|D|-|-| |D|D|D|-|-|L|L|
CT_55  |-|-|-|L|L|-|-| |-|-|-|-|L|L|-| |-|-|-|L|L|-|-| |-|-|-|L|L|-|-|
CT_56  |-|-|-|-|-|-|L| |L|-|-|-|-|-|-| |L|L|-|-|-|-|-| |-|L|L|-|-|-|-|
CT_57  |-|-|D|D|D|-|-| |-|D|D|D|D|-|-| |-|-|-|-|N|N|N| |N|-|-|-|-|-|-|
CT_58  |-|-|N|N|N|N|-| |-|-|-|L|L|-|-| |-|-|-|D|D|-|-| |-|-|-|E|E|-|-|
CT_59  |-|N|N|N|N|-|-| |-|L|L|L|L|-|-| |-|N|N|N|N|-|-| |-|-|L|L|N|N|N|
CT_60  |L|-|-|-|-|-|-| |D|D|L|L|L|-|-| |-|-|D|D|D|-|-| |-|-|-|-|-|L|L|
CT_61  |-|E|E|-|-|-|-| |-|-|-|D|D|-|-| |E|E|-|-|-|-|L| |L|-|-|-|-|-|-|
CT_62  |E|E|L|L|L|-|-| |N|N|N|N|N|-|-| |E|E|E|-|-|N|N| |N|N|-|-|N|N|N|
CT_63  |E|E|E|E|-|-|-| |E|E|E|E|-|-|-| |-|E|E|E|E|-|-| |-|E|E|E|E|-|-|
CT_64  |N|N|N|-|-|-|-| |L|L|L|L|-|-|-| |-|-|-|-|L|L|L| |L|-|-|-|-|-|-|
CT_65  |E|E|L|L|L|-|-| |N|N|N|N|N|-|-| |N|N|N|N|N|-|-| |D|D|D|-|-|N|N|
CT_66  |N|-|-|-|-|D|D| |D|D|-|-|-|D|D| |N|N|N|N|-|-|-| |E|E|E|D|D|-|-|
CT_67  |-|-|E|E|-|-|-| |-|-|-|-|E|E|-| |-|-|-|E|E|-|-| |-|-|-|E|E|-|-|
CT_68  |-|-|-|-|D|D|D| |D|-|-|-|-|-|-| |D|D|D|-|-|-|-| |-|D|D|E|E|-|-|
CT_69  |-|-|L|L|L|-|-| |-|-|-|-|L|L|L| |-|-|-|-|-|-|-| |L|L|L|L|L|-|-|
CT_70  |L|L|L|L|-|-|-| |-|L|L|L|L|-|-| |-|-|L|L|L|L|L| |-|-|-|-|L|L|N|
CT_71  |-|-|D|D|-|-|-| |-|-|-|D|D|-|-| |-|-|-|D|D|-|-| |-|-|D|D|-|-|E|
CT_72  |L|L|-|-|-|-|L| |L|-|-|-|-|-|-| |L|L|-|-|-|-|-| |L|L|-|-|-|-|-|
CT_73  |E|E|-|-|-|-|-| |E|E|E|-|-|-|-| |-|-|-|E|E|-|-| |E|E|-|-|-|-|D|
CT_74  |-|-|-|L|L|-|-| |L|L|-|-|-|-|-| |L|L|-|-|-|-|-| |L|L|-|-|-|-|E|
CT_75  |-|-|N|N|N|N|N| |-|-|-|-|E|E|E| |D|D|D|-|-|-|-| |N|N|N|N|-|-|-|
CT_76  |N|-|E|E|E|-|-| |E|E|E|E|E|-|-| |E|E|E|-|-|E|E| |E|-|-|E|E|E|E|
CT_77  |N|N|N|N|N|-|-| |N|N|N|N|N|-|-| |N|N|N|N|N|-|-| |N|N|N|N|N|-|-|
CT_78  |L|L|-|-|N|N|N| |N|N|-|-|L|L|L| |-|-|D|D|D|-|-| |N|N|N|N|N|-|-|
CT_79  |-|-|-|D|D|-|-| |-|-|-|D|D|-|-| |D|D|-|-|-|-|D| |D|-|-|-|-|-|-|
TR_80  |-|E|E|E|E|-|-| |-|-|N|N|N|N|N| |-|-|-|-|D|D|D| |D|D|D|-|-|-|-|
TR_81  |N|N|N|N|N|-|-| |-|-|-|-|N|N|N| |N|-|-|-|-|-|-| |E|E|E|-|-|-|-|
TR_82  |-|-|L|L|L|-|-| |-|-|E|E|E|-|-| |-|-|-|-|N|N|N| |N|N|-|-|-|-|-|
TR_83  |D|-|-|-|L|L|N| |N|N|N|-|-|-|-| |D|D|E|E|-|-|-| |N|N|N|N|-|-|-|
TR_84  |-|E|E|E|E|-|-| |-|D|D|D|D|-|-| |-|E|E|E|E|-|-| |-|N|N|N|N|-|-|
TR_85  |E|E|-|-|-|-|-| |D|D|-|-|-|-|-| |D|D|-|-|-|-|-| |L|L|-|-|-|-|-|
TR_86  |-|-|E|E|E|-|-| |-|-|-|-|E|E|E| |E|E|-|-|-|-|-| |-|-|D|D|D|-|-|
TR_87  |-|L|L|L|L|-|-| |-|L|L|L|L|-|-| |-|-|E|E|E|L|L| |-|-|-|-|E|E|E|
TR_88  |E|E|D|D|-|-|-| |N|N|N|N|N|-|-| |-|-|D|D|L|L|L| |-|-|-|-|N|N|N|
TR_89  |L|L|-|-|E|E|L| |L|L|-|-|D|D|D| |-|-|L|L|L|-|-| |E|E|E|L|L|-|-|
TR_90  |N|-|-|-|-|-|-| |E|E|E|-|-|-|-| |E|E|E|-|-|-|-| |-|-|-|E|E|E|E|
TR_91  |-|-|D|D|D|-|-| |N|N|N|N|N|-|-| |D|D|D|-|-|E|E| |E|-|-|E|E|D|D|
TR_92  |-|-|-|-|-|-|D| |D|-|-|-|-|-|-| |L|L|-|-|-|-|-| |L|L|-|-|-|-|-|
TR_93  |-|-|-|N|N|N|N| |N|-|-|-|-|-|-| |L|L|L|-|-|-|-| |-|-|E|E|E|-|-|
TR_94  |D|D|D|-|-|-|-| |D|D|D|-|-|-|-| |-|-|-|N|N|N|N| |N|-|-|-|-|-|-|
TR_95  |-|-|-|-|D|D|-| |-|-|-|L|L|-|-| |L|L|-|-|-|-|-| |D|D|-|-|-|-|-|
TR_96  |D|D|E|E|-|-|-| |L|L|L|L|-|-|-| |D|D|E|E|-|-|-| |-|N|N|N|N|-|-|
TR_97  |L|L|-|-|D|D|D| |D|D|-|-|D|D|D| |-|-|D|D|D|-|-| |D|D|D|D|D|-|-|
TR_98  |-|D|D|D|D|-|-| |-|-|E|E|E|L|L| |-|-|-|-|E|E|D| |D|E|E|E|-|-|-|
TR_99  |D|D|D|D|-|-|-| |E|E|D|D|-|-|-| |N|N|N|N|N|-|-| |-|E|E|D|D|-|-|
TR_100 |N|N|N|N|N|-|-| |N|N|N|N|N|-|-| |N|N|N|N|N|-|-| |L|L|L|-|-|L|L|
TR_101 |N|N|N|N|N|-|-| |E|E|E|L|L|-|-| |L|L|L|-|-|E|E| |E|-|-|D|D|D|N|
TR_102 |-|-|E|E|-|-|-| |-|-|-|-|L|L|-| |-|-|-|E|E|-|-| |-|-|-|L|L|-|-|
TR_103 |-|-|-|-|-|E|E| |E|-|-|-|-|-|-| |N|N|N|N|N|-|-| |-|-|E|E|E|-|-|
TR_104 |L|L|L|-|-|E|E| |L|L|-|-|E|E|E| |-|-|D|D|D|-|-| |N|N|N|N|N|-|-|
TR_105 |N|N|N|-|-|-|-| |E|E|D|D|D|-|-| |-|-|D|D|D|D|D| |-|-|-|-|D|D|E|
TR_106 |E|-|-|N|N|N|N| |-|-|D|D|D|-|-| |N|N|N|N|N|-|-| |D|D|D|-|-|L|L|
TR_107 |L|L|L|L|-|-|-| |L|L|L|L|-|-|-| |L|L|L|L|-|-|-| |L|L|L|L|-|-|-|
TR_108 |-|-|-|-|-|L|L| |L|-|-|-|-|-|-| |E|E|-|-|-|-|-| |E|E|-|-|-|-|-|
TR_109 |L|L|L|-|-|-|-| |D|D|E|E|-|-|-| |-|L|L|L|L|-|-| |-|-|L|L|L|L|L|
Total assignment constraints: 2340
Consecutive constraints: 45
Non working days constraints: 30
Preferences: 380
Max working weekend: 0
Complete weekends: 0
Optimal coverage constraints: 90
TOTAL = 2885
