Creating directory: out/n110w4_1_0-1-6-4

-----------------------------------------------------------
Instance	n110w4_1_0-1-6-4
algorithm	=	vns
maxIter	=	10
eliteSet	=	10
shakePerc	=	0.9
bestKnow	=	2850.0
minColsIter	=	0.35
minRoundDown	=	-1.0
minRoundUp	=	0.67
seed	=	0
onlyRelax	=	false
nThreads	=	20
alpha	=	0.6
timeOut	=	14600
-----------------------------------------------------------
Parallels mode has been selected.
i = 0	Master Time = 0	Lamb = 0	Total time = 5	Obj = 532210.00	Pricing Time = 1
i = 1	Master Time = 1	Lamb = 694	Total time = 7	Obj = 170577.50	Pricing Time = 1
i = 2	Master Time = 1	Lamb = 1260	Total time = 9	Obj = 80735.83	Pricing Time = 0
i = 3	Master Time = 1	Lamb = 1888	Total time = 9	Obj = 56249.35	Pricing Time = 0
i = 4	Master Time = 1	Lamb = 2560	Total time = 11	Obj = 33675.60	Pricing Time = 0
i = 5	Master Time = 2	Lamb = 3219	Total time = 13	Obj = 24717.08	Pricing Time = 0
i = 6	Master Time = 2	Lamb = 3867	Total time = 15	Obj = 18369.91	Pricing Time = 0
i = 7	Master Time = 1	Lamb = 4500	Total time = 17	Obj = 13435.71	Pricing Time = 0
i = 8	Master Time = 2	Lamb = 5122	Total time = 19	Obj = 10861.87	Pricing Time = 1
i = 9	Master Time = 2	Lamb = 5721	Total time = 22	Obj = 8647.79	Pricing Time = 0
i = 10	Master Time = 3	Lamb = 6336	Total time = 25	Obj = 7196.71	Pricing Time = 0
i = 11	Master Time = 2	Lamb = 6838	Total time = 27	Obj = 6321.97	Pricing Time = 1
i = 12	Master Time = 2	Lamb = 7346	Total time = 30	Obj = 5398.20	Pricing Time = 0
i = 13	Master Time = 3	Lamb = 7874	Total time = 33	Obj = 4843.05	Pricing Time = 1
i = 14	Master Time = 2	Lamb = 8307	Total time = 36	Obj = 4331.64	Pricing Time = 0
i = 15	Master Time = 2	Lamb = 8747	Total time = 38	Obj = 3965.27	Pricing Time = 1
i = 16	Master Time = 2	Lamb = 9143	Total time = 41	Obj = 3668.88	Pricing Time = 1
i = 17	Master Time = 2	Lamb = 9476	Total time = 44	Obj = 3498.17	Pricing Time = 1
i = 18	Master Time = 3	Lamb = 9793	Total time = 48	Obj = 3352.31	Pricing Time = 0
i = 19	Master Time = 3	Lamb = 10166	Total time = 51	Obj = 3220.89	Pricing Time = 0
i = 20	Master Time = 3	Lamb = 10441	Total time = 54	Obj = 3116.04	Pricing Time = 0
i = 21	Master Time = 3	Lamb = 10690	Total time = 57	Obj = 3031.68	Pricing Time = 1
i = 22	Master Time = 2	Lamb = 10934	Total time = 60	Obj = 2962.51	Pricing Time = 1
i = 23	Master Time = 2	Lamb = 11165	Total time = 63	Obj = 2916.52	Pricing Time = 1
i = 24	Master Time = 2	Lamb = 11385	Total time = 66	Obj = 2865.83	Pricing Time = 1
i = 25	Master Time = 2	Lamb = 11583	Total time = 69	Obj = 2830.30	Pricing Time = 1
i = 26	Master Time = 3	Lamb = 11769	Total time = 73	Obj = 2807.26	Pricing Time = 0
i = 27	Master Time = 3	Lamb = 11961	Total time = 75	Obj = 2790.10	Pricing Time = 0
i = 28	Master Time = 2	Lamb = 12124	Total time = 78	Obj = 2771.48	Pricing Time = 1
i = 29	Master Time = 2	Lamb = 12284	Total time = 80	Obj = 2762.27	Pricing Time = 1
i = 30	Master Time = 2	Lamb = 12407	Total time = 83	Obj = 2752.41	Pricing Time = 0
i = 31	Master Time = 1	Lamb = 12532	Total time = 85	Obj = 2747.10	Pricing Time = 1
i = 32	Master Time = 1	Lamb = 12649	Total time = 87	Obj = 2740.37	Pricing Time = 1
i = 33	Master Time = 2	Lamb = 12782	Total time = 90	Obj = 2728.05	Pricing Time = 1
i = 34	Master Time = 2	Lamb = 13015	Total time = 93	Obj = 2722.61	Pricing Time = 0
i = 35	Master Time = 2	Lamb = 13169	Total time = 95	Obj = 2719.08	Pricing Time = 1
i = 36	Master Time = 1	Lamb = 13297	Total time = 97	Obj = 2713.82	Pricing Time = 1
i = 37	Master Time = 2	Lamb = 13405	Total time = 100	Obj = 2710.29	Pricing Time = 0
i = 38	Master Time = 2	Lamb = 13497	Total time = 102	Obj = 2708.06	Pricing Time = 20
i = 39	Master Time = 3	Lamb = 13711	Total time = 125	Obj = 2667.60	Pricing Time = 1
i = 40	Master Time = 2	Lamb = 13869	Total time = 128	Obj = 2661.09	Pricing Time = 0
i = 41	Master Time = 2	Lamb = 13971	Total time = 130	Obj = 2654.19	Pricing Time = 1
i = 42	Master Time = 2	Lamb = 14085	Total time = 133	Obj = 2647.72	Pricing Time = 0
i = 43	Master Time = 2	Lamb = 14173	Total time = 135	Obj = 2644.22	Pricing Time = 1
i = 44	Master Time = 2	Lamb = 14251	Total time = 138	Obj = 2640.43	Pricing Time = 15
i = 45	Master Time = 2	Lamb = 14464	Total time = 155	Obj = 2591.26	Pricing Time = 1
i = 46	Master Time = 3	Lamb = 14590	Total time = 159	Obj = 2585.04	Pricing Time = 0
i = 47	Master Time = 3	Lamb = 14685	Total time = 162	Obj = 2581.15	Pricing Time = 0
i = 48	Master Time = 2	Lamb = 14764	Total time = 164	Obj = 2579.56	Pricing Time = 18
i = 49	Master Time = 3	Lamb = 14984	Total time = 185	Obj = 2558.99	Pricing Time = 1
i = 50	Master Time = 2	Lamb = 15084	Total time = 188	Obj = 2557.61	Pricing Time = 1
i = 51	Master Time = 2	Lamb = 15159	Total time = 191	Obj = 2556.75	Pricing Time = 16
i = 52	Master Time = 1	Lamb = 15383	Total time = 208	Obj = 2541.72	Pricing Time = 11
i = 53	Master Time = 1	Lamb = 15446	Total time = 220	Obj = 2534.74	Pricing Time = 7
i = 54	Master Time = 1	Lamb = 15496	Total time = 228	Obj = 2528.67	Pricing Time = 9
i = 55	Master Time = 1	Lamb = 15546	Total time = 238	Obj = 2525.81	Pricing Time = 12
i = 56	Master Time = 1	Lamb = 15600	Total time = 251	Obj = 2522.81	Pricing Time = 9
i = 57	Master Time = 1	Lamb = 15653	Total time = 261	Obj = 2519.66	Pricing Time = 12
i = 58	Master Time = 0	Lamb = 15706	Total time = 273	Obj = 2517.69	Pricing Time = 10
i = 59	Master Time = 0	Lamb = 15707	Total time = 283	Obj = 2517.69	Pricing Time = 10

Optimal of relaxation found.
Fractional X Variables: 4645 (min: 2.5250378903862725E-4 max: 0.9960852373315315)
--------------------------------------
n110w4_1_0-1-6-4
X fix to 1: 458
X fix to 0: 0
Fractional X remaining: 4645 | min(2.5250378903862725E-4, 0.9960852373315315)
--------------------------------------
i = 60	Master Time = 4	Lamb = 15707	Total time = 297	Obj = 2929.08	Pricing Time = 0
i = 61	Master Time = 3	Lamb = 16221	Total time = 300	Obj = 2815.24	Pricing Time = 1
i = 62	Master Time = 3	Lamb = 16616	Total time = 304	Obj = 2754.13	Pricing Time = 0
i = 63	Master Time = 3	Lamb = 16992	Total time = 307	Obj = 2660.68	Pricing Time = 1
i = 64	Master Time = 3	Lamb = 17350	Total time = 311	Obj = 2625.99	Pricing Time = 0
i = 65	Master Time = 4	Lamb = 17675	Total time = 315	Obj = 2608.09	Pricing Time = 0
i = 66	Master Time = 3	Lamb = 17944	Total time = 318	Obj = 2594.33	Pricing Time = 0
i = 67	Master Time = 3	Lamb = 18155	Total time = 321	Obj = 2580.81	Pricing Time = 1
i = 68	Master Time = 2	Lamb = 18281	Total time = 324	Obj = 2574.99	Pricing Time = 1
i = 69	Master Time = 1	Lamb = 18406	Total time = 326	Obj = 2572.71	Pricing Time = 4
i = 70	Master Time = 4	Lamb = 18480	Total time = 334	Obj = 2556.97	Pricing Time = 0
i = 71	Master Time = 3	Lamb = 18582	Total time = 337	Obj = 2551.50	Pricing Time = 0
i = 72	Master Time = 3	Lamb = 18656	Total time = 340	Obj = 2546.53	Pricing Time = 0
i = 73	Master Time = 3	Lamb = 18734	Total time = 343	Obj = 2545.01	Pricing Time = 5
i = 74	Master Time = 3	Lamb = 18886	Total time = 351	Obj = 2535.15	Pricing Time = 1
i = 75	Master Time = 2	Lamb = 18964	Total time = 354	Obj = 2534.10	Pricing Time = 8
i = 76	Master Time = 3	Lamb = 19104	Total time = 365	Obj = 2530.63	Pricing Time = 11
i = 77	Master Time = 4	Lamb = 19239	Total time = 380	Obj = 2524.03	Pricing Time = 10
i = 78	Master Time = 1	Lamb = 19388	Total time = 391	Obj = 2522.60	Pricing Time = 5
i = 79	Master Time = 0	Lamb = 19426	Total time = 396	Obj = 2522.35	Pricing Time = 5
i = 80	Master Time = 1	Lamb = 19438	Total time = 402	Obj = 2522.25	Pricing Time = 4
i = 81	Master Time = 1	Lamb = 19472	Total time = 407	Obj = 2522.22	Pricing Time = 5
--------------------------------------
n110w4_1_0-1-6-4
X fix to 1: 756
X fix to 0: 0
Fractional X remaining: 3423 | min(3.17276061888366E-4, 0.9979369138121472)
--------------------------------------
i = 82	Master Time = 3	Lamb = 19472	Total time = 415	Obj = 2736.45	Pricing Time = 0
i = 83	Master Time = 4	Lamb = 19906	Total time = 419	Obj = 2662.23	Pricing Time = 0
i = 84	Master Time = 3	Lamb = 20272	Total time = 422	Obj = 2637.94	Pricing Time = 0
i = 85	Master Time = 3	Lamb = 20551	Total time = 425	Obj = 2615.72	Pricing Time = 1
i = 86	Master Time = 3	Lamb = 20773	Total time = 429	Obj = 2588.47	Pricing Time = 0
i = 87	Master Time = 3	Lamb = 20944	Total time = 432	Obj = 2576.88	Pricing Time = 0
i = 88	Master Time = 3	Lamb = 21062	Total time = 435	Obj = 2566.30	Pricing Time = 0
i = 89	Master Time = 3	Lamb = 21152	Total time = 438	Obj = 2559.99	Pricing Time = 0
i = 90	Master Time = 2	Lamb = 21226	Total time = 440	Obj = 2557.77	Pricing Time = 0
i = 91	Master Time = 2	Lamb = 21291	Total time = 442	Obj = 2555.11	Pricing Time = 4
i = 92	Master Time = 2	Lamb = 21400	Total time = 448	Obj = 2540.54	Pricing Time = 1
i = 93	Master Time = 2	Lamb = 21471	Total time = 451	Obj = 2537.11	Pricing Time = 0
i = 94	Master Time = 2	Lamb = 21538	Total time = 453	Obj = 2532.10	Pricing Time = 8
i = 95	Master Time = 0	Lamb = 21649	Total time = 461	Obj = 2529.70	Pricing Time = 4
i = 96	Master Time = 1	Lamb = 21663	Total time = 466	Obj = 2528.82	Pricing Time = 5
i = 97	Master Time = 0	Lamb = 21682	Total time = 471	Obj = 2528.43	Pricing Time = 5
i = 98	Master Time = 0	Lamb = 21705	Total time = 476	Obj = 2528.42	Pricing Time = 4
i = 99	Master Time = 1	Lamb = 21707	Total time = 481	Obj = 2528.18	Pricing Time = 4
i = 100	Master Time = 1	Lamb = 21711	Total time = 486	Obj = 2528.11	Pricing Time = 4
i = 101	Master Time = 0	Lamb = 21712	Total time = 490	Obj = 2528.11	Pricing Time = 4
i = 102	Master Time = 0	Lamb = 21713	Total time = 494	Obj = 2528.06	Pricing Time = 4
i = 103	Master Time = 1	Lamb = 21715	Total time = 499	Obj = 2528.06	Pricing Time = 4
i = 104	Master Time = 0	Lamb = 21717	Total time = 503	Obj = 2528.06	Pricing Time = 4
--------------------------------------
n110w4_1_0-1-6-4
X fix to 1: 921
X fix to 0: 0
Fractional X remaining: 2341 | min(2.6554002464004856E-4, 0.9961995601212482)
--------------------------------------
i = 105	Master Time = 3	Lamb = 21717	Total time = 510	Obj = 2711.45	Pricing Time = 0
i = 106	Master Time = 3	Lamb = 22056	Total time = 513	Obj = 2632.83	Pricing Time = 0
i = 107	Master Time = 4	Lamb = 22372	Total time = 516	Obj = 2618.74	Pricing Time = 0
i = 108	Master Time = 2	Lamb = 22604	Total time = 519	Obj = 2593.98	Pricing Time = 1
i = 109	Master Time = 1	Lamb = 22787	Total time = 521	Obj = 2584.74	Pricing Time = 0
i = 110	Master Time = 2	Lamb = 22922	Total time = 523	Obj = 2572.45	Pricing Time = 0
i = 111	Master Time = 1	Lamb = 23026	Total time = 524	Obj = 2563.39	Pricing Time = 3
i = 112	Master Time = 3	Lamb = 23141	Total time = 530	Obj = 2552.40	Pricing Time = 0
i = 113	Master Time = 1	Lamb = 23223	Total time = 531	Obj = 2549.93	Pricing Time = 3
i = 114	Master Time = 3	Lamb = 23303	Total time = 537	Obj = 2538.39	Pricing Time = 4
i = 115	Master Time = 0	Lamb = 23387	Total time = 541	Obj = 2534.44	Pricing Time = 3
i = 116	Master Time = 1	Lamb = 23404	Total time = 545	Obj = 2534.00	Pricing Time = 4
i = 117	Master Time = 0	Lamb = 23411	Total time = 549	Obj = 2533.87	Pricing Time = 4
i = 118	Master Time = 1	Lamb = 23423	Total time = 554	Obj = 2533.64	Pricing Time = 3
i = 119	Master Time = 0	Lamb = 23426	Total time = 557	Obj = 2533.53	Pricing Time = 4
i = 120	Master Time = 0	Lamb = 23427	Total time = 561	Obj = 2533.53	Pricing Time = 4
i = 121	Master Time = 0	Lamb = 23428	Total time = 565	Obj = 2533.53	Pricing Time = 3
i = 122	Master Time = 1	Lamb = 23429	Total time = 569	Obj = 2533.53	Pricing Time = 4
i = 123	Master Time = 0	Lamb = 23430	Total time = 573	Obj = 2533.53	Pricing Time = 4
i = 124	Master Time = 0	Lamb = 23431	Total time = 577	Obj = 2533.53	Pricing Time = 4
--------------------------------------
n110w4_1_0-1-6-4
X fix to 1: 1039
X fix to 0: 0
Fractional X remaining: 1929 | min(1.733906889060527E-4, 0.9596615993538125)
--------------------------------------
i = 125	Master Time = 2	Lamb = 23431	Total time = 583	Obj = 2712.45	Pricing Time = 0
i = 126	Master Time = 2	Lamb = 23773	Total time = 586	Obj = 2654.21	Pricing Time = 1
i = 127	Master Time = 2	Lamb = 23961	Total time = 589	Obj = 2635.18	Pricing Time = 0
i = 128	Master Time = 2	Lamb = 24090	Total time = 591	Obj = 2612.04	Pricing Time = 1
i = 129	Master Time = 1	Lamb = 24182	Total time = 593	Obj = 2591.79	Pricing Time = 1
i = 130	Master Time = 1	Lamb = 24275	Total time = 595	Obj = 2579.69	Pricing Time = 3
i = 131	Master Time = 3	Lamb = 24357	Total time = 601	Obj = 2564.11	Pricing Time = 2
i = 132	Master Time = 1	Lamb = 24435	Total time = 604	Obj = 2561.67	Pricing Time = 3
i = 133	Master Time = 1	Lamb = 24458	Total time = 608	Obj = 2559.91	Pricing Time = 2
i = 134	Master Time = 1	Lamb = 24524	Total time = 611	Obj = 2558.16	Pricing Time = 2
i = 135	Master Time = 1	Lamb = 24595	Total time = 614	Obj = 2557.59	Pricing Time = 3
i = 136	Master Time = 2	Lamb = 24651	Total time = 618	Obj = 2556.55	Pricing Time = 2
i = 137	Master Time = 2	Lamb = 24695	Total time = 623	Obj = 2555.21	Pricing Time = 2
i = 138	Master Time = 2	Lamb = 24749	Total time = 627	Obj = 2551.75	Pricing Time = 2
i = 139	Master Time = 1	Lamb = 24795	Total time = 630	Obj = 2551.67	Pricing Time = 2
i = 140	Master Time = 1	Lamb = 24796	Total time = 633	Obj = 2551.67	Pricing Time = 3
--------------------------------------
n110w4_1_0-1-6-4
X fix to 1: 1109
X fix to 0: 0
Fractional X remaining: 1276 | min(1.2701569512123256E-4, 0.9888819554353943)
--------------------------------------
i = 141	Master Time = 3	Lamb = 24796	Total time = 639	Obj = 2601.19	Pricing Time = 0
i = 142	Master Time = 1	Lamb = 25105	Total time = 640	Obj = 2589.63	Pricing Time = 1
i = 143	Master Time = 1	Lamb = 25279	Total time = 642	Obj = 2580.96	Pricing Time = 0
i = 144	Master Time = 1	Lamb = 25417	Total time = 643	Obj = 2573.78	Pricing Time = 2
i = 145	Master Time = 1	Lamb = 25515	Total time = 646	Obj = 2566.38	Pricing Time = 3
i = 146	Master Time = 1	Lamb = 25589	Total time = 650	Obj = 2562.94	Pricing Time = 2
i = 147	Master Time = 1	Lamb = 25649	Total time = 653	Obj = 2560.64	Pricing Time = 2
i = 148	Master Time = 2	Lamb = 25713	Total time = 657	Obj = 2556.01	Pricing Time = 4
i = 149	Master Time = 1	Lamb = 25768	Total time = 662	Obj = 2554.22	Pricing Time = 2
i = 150	Master Time = 1	Lamb = 25818	Total time = 665	Obj = 2552.48	Pricing Time = 4
i = 151	Master Time = 1	Lamb = 25858	Total time = 670	Obj = 2551.67	Pricing Time = 2
i = 152	Master Time = 1	Lamb = 25866	Total time = 673	Obj = 2551.67	Pricing Time = 2
--------------------------------------
n110w4_1_0-1-6-4
X fix to 1: 1146
X fix to 0: 0
Fractional X remaining: 1046 | min(0.0014180122849234977, 0.9063154078394289)
--------------------------------------
i = 153	Master Time = 3	Lamb = 25866	Total time = 678	Obj = 2653.64	Pricing Time = 0
i = 154	Master Time = 2	Lamb = 26077	Total time = 680	Obj = 2611.94	Pricing Time = 0
i = 155	Master Time = 2	Lamb = 26214	Total time = 682	Obj = 2601.18	Pricing Time = 2
i = 156	Master Time = 1	Lamb = 26306	Total time = 685	Obj = 2586.71	Pricing Time = 2
i = 157	Master Time = 1	Lamb = 26366	Total time = 688	Obj = 2580.32	Pricing Time = 2
i = 158	Master Time = 1	Lamb = 26420	Total time = 691	Obj = 2574.45	Pricing Time = 3
i = 159	Master Time = 1	Lamb = 26459	Total time = 695	Obj = 2570.63	Pricing Time = 3
i = 160	Master Time = 1	Lamb = 26505	Total time = 699	Obj = 2565.03	Pricing Time = 3
i = 161	Master Time = 1	Lamb = 26553	Total time = 703	Obj = 2562.56	Pricing Time = 3
i = 162	Master Time = 1	Lamb = 26585	Total time = 707	Obj = 2560.39	Pricing Time = 2
i = 163	Master Time = 1	Lamb = 26609	Total time = 710	Obj = 2557.87	Pricing Time = 2
i = 164	Master Time = 1	Lamb = 26652	Total time = 713	Obj = 2554.17	Pricing Time = 2
i = 165	Master Time = 1	Lamb = 26663	Total time = 716	Obj = 2553.65	Pricing Time = 2
i = 166	Master Time = 1	Lamb = 26710	Total time = 719	Obj = 2552.76	Pricing Time = 4
i = 167	Master Time = 0	Lamb = 26747	Total time = 723	Obj = 2551.67	Pricing Time = 3
--------------------------------------
n110w4_1_0-1-6-4
X fix to 1: 1215
X fix to 0: 0
Fractional X remaining: 922 | min(0.0015950728188643543, 0.9747428524510106)
--------------------------------------
i = 168	Master Time = 2	Lamb = 26747	Total time = 729	Obj = 2681.66	Pricing Time = 0
i = 169	Master Time = 1	Lamb = 27080	Total time = 730	Obj = 2609.53	Pricing Time = 0
i = 170	Master Time = 1	Lamb = 27290	Total time = 732	Obj = 2587.85	Pricing Time = 0
i = 171	Master Time = 1	Lamb = 27417	Total time = 733	Obj = 2569.47	Pricing Time = 2
i = 172	Master Time = 1	Lamb = 27495	Total time = 736	Obj = 2561.70	Pricing Time = 2
i = 173	Master Time = 2	Lamb = 27558	Total time = 740	Obj = 2559.72	Pricing Time = 3
i = 174	Master Time = 2	Lamb = 27619	Total time = 745	Obj = 2557.43	Pricing Time = 0
i = 175	Master Time = 2	Lamb = 27858	Total time = 747	Obj = 2554.80	Pricing Time = 0
i = 176	Master Time = 1	Lamb = 28032	Total time = 748	Obj = 2554.31	Pricing Time = 0
i = 177	Master Time = 1	Lamb = 28122	Total time = 749	Obj = 2553.25	Pricing Time = 2
i = 178	Master Time = 1	Lamb = 28203	Total time = 752	Obj = 2552.44	Pricing Time = 3
i = 179	Master Time = 1	Lamb = 28255	Total time = 756	Obj = 2552.15	Pricing Time = 3
i = 180	Master Time = 0	Lamb = 28294	Total time = 759	Obj = 2551.67	Pricing Time = 3
i = 181	Master Time = 1	Lamb = 28317	Total time = 763	Obj = 2551.67	Pricing Time = 3
i = 182	Master Time = 0	Lamb = 28324	Total time = 766	Obj = 2551.67	Pricing Time = 3
i = 183	Master Time = 1	Lamb = 28329	Total time = 770	Obj = 2551.67	Pricing Time = 3
i = 184	Master Time = 0	Lamb = 28330	Total time = 773	Obj = 2551.67	Pricing Time = 3
i = 185	Master Time = 1	Lamb = 28331	Total time = 777	Obj = 2551.67	Pricing Time = 3
--------------------------------------
n110w4_1_0-1-6-4
X fix to 1: 1250
X fix to 0: 0
Fractional X remaining: 581 | min(0.005957649155314493, 0.969838534461771)
--------------------------------------
i = 186	Master Time = 2	Lamb = 28331	Total time = 782	Obj = 2604.63	Pricing Time = 0
i = 187	Master Time = 2	Lamb = 28550	Total time = 784	Obj = 2592.73	Pricing Time = 0
i = 188	Master Time = 0	Lamb = 28671	Total time = 784	Obj = 2588.99	Pricing Time = 2
i = 189	Master Time = 1	Lamb = 28747	Total time = 787	Obj = 2584.10	Pricing Time = 3
i = 190	Master Time = 0	Lamb = 28793	Total time = 790	Obj = 2575.03	Pricing Time = 3
i = 191	Master Time = 1	Lamb = 28828	Total time = 794	Obj = 2570.35	Pricing Time = 3
i = 192	Master Time = 1	Lamb = 28860	Total time = 798	Obj = 2563.98	Pricing Time = 3
i = 193	Master Time = 0	Lamb = 28879	Total time = 801	Obj = 2560.56	Pricing Time = 3
i = 194	Master Time = 1	Lamb = 28903	Total time = 805	Obj = 2557.86	Pricing Time = 2
i = 195	Master Time = 1	Lamb = 28918	Total time = 808	Obj = 2556.51	Pricing Time = 2
i = 196	Master Time = 1	Lamb = 28932	Total time = 811	Obj = 2555.18	Pricing Time = 3
i = 197	Master Time = 1	Lamb = 28946	Total time = 815	Obj = 2554.66	Pricing Time = 3
i = 198	Master Time = 0	Lamb = 28956	Total time = 818	Obj = 2554.66	Pricing Time = 3
i = 199	Master Time = 0	Lamb = 28961	Total time = 821	Obj = 2554.62	Pricing Time = 3
i = 200	Master Time = 1	Lamb = 28969	Total time = 825	Obj = 2551.67	Pricing Time = 3
i = 201	Master Time = 0	Lamb = 28976	Total time = 828	Obj = 2551.67	Pricing Time = 3
i = 202	Master Time = 0	Lamb = 28980	Total time = 831	Obj = 2551.67	Pricing Time = 3
i = 203	Master Time = 1	Lamb = 28983	Total time = 835	Obj = 2551.67	Pricing Time = 3
--------------------------------------
n110w4_1_0-1-6-4
X fix to 1: 1283
X fix to 0: 0
Fractional X remaining: 366 | min(0.0023446658851114036, 0.9976553341148885)
--------------------------------------
i = 204	Master Time = 1	Lamb = 28983	Total time = 839	Obj = 2589.27	Pricing Time = 2
i = 205	Master Time = 1	Lamb = 29037	Total time = 842	Obj = 2571.00	Pricing Time = 2
i = 206	Master Time = 1	Lamb = 29080	Total time = 845	Obj = 2566.98	Pricing Time = 3
i = 207	Master Time = 0	Lamb = 29102	Total time = 848	Obj = 2558.33	Pricing Time = 3
i = 208	Master Time = 1	Lamb = 29127	Total time = 852	Obj = 2555.00	Pricing Time = 2
i = 209	Master Time = 0	Lamb = 29134	Total time = 854	Obj = 2551.67	Pricing Time = 3
i = 210	Master Time = 0	Lamb = 29139	Total time = 857	Obj = 2551.67	Pricing Time = 3
i = 211	Master Time = 1	Lamb = 29151	Total time = 861	Obj = 2551.67	Pricing Time = 2
i = 212	Master Time = 0	Lamb = 29160	Total time = 863	Obj = 2551.67	Pricing Time = 3
i = 213	Master Time = 0	Lamb = 29168	Total time = 866	Obj = 2551.67	Pricing Time = 4
i = 214	Master Time = 0	Lamb = 29172	Total time = 870	Obj = 2551.67	Pricing Time = 3
i = 215	Master Time = 0	Lamb = 29178	Total time = 873	Obj = 2551.67	Pricing Time = 3
i = 216	Master Time = 0	Lamb = 29181	Total time = 876	Obj = 2551.67	Pricing Time = 2
i = 217	Master Time = 1	Lamb = 29182	Total time = 879	Obj = 2551.67	Pricing Time = 3
i = 218	Master Time = 1	Lamb = 29185	Total time = 883	Obj = 2551.67	Pricing Time = 3
i = 219	Master Time = 0	Lamb = 29189	Total time = 886	Obj = 2551.67	Pricing Time = 3
i = 220	Master Time = 0	Lamb = 29195	Total time = 889	Obj = 2551.67	Pricing Time = 2
i = 221	Master Time = 1	Lamb = 29204	Total time = 892	Obj = 2551.67	Pricing Time = 2
i = 222	Master Time = 1	Lamb = 29208	Total time = 895	Obj = 2551.67	Pricing Time = 2
i = 223	Master Time = 1	Lamb = 29210	Total time = 898	Obj = 2551.67	Pricing Time = 2
i = 224	Master Time = 0	Lamb = 29217	Total time = 900	Obj = 2551.67	Pricing Time = 4
i = 225	Master Time = 0	Lamb = 29221	Total time = 904	Obj = 2551.67	Pricing Time = 3
i = 226	Master Time = 0	Lamb = 29224	Total time = 907	Obj = 2551.67	Pricing Time = 3
i = 227	Master Time = 1	Lamb = 29225	Total time = 911	Obj = 2551.67	Pricing Time = 2
i = 228	Master Time = 1	Lamb = 29231	Total time = 914	Obj = 2551.67	Pricing Time = 2
i = 229	Master Time = 1	Lamb = 29235	Total time = 917	Obj = 2551.67	Pricing Time = 3
i = 230	Master Time = 0	Lamb = 29237	Total time = 920	Obj = 2551.67	Pricing Time = 3
i = 231	Master Time = 0	Lamb = 29239	Total time = 923	Obj = 2551.67	Pricing Time = 3
i = 232	Master Time = 1	Lamb = 29241	Total time = 927	Obj = 2551.67	Pricing Time = 2
i = 233	Master Time = 1	Lamb = 29243	Total time = 929	Obj = 2551.67	Pricing Time = 2
i = 234	Master Time = 1	Lamb = 29244	Total time = 933	Obj = 2551.67	Pricing Time = 2
i = 235	Master Time = 1	Lamb = 29247	Total time = 936	Obj = 2551.67	Pricing Time = 2
i = 236	Master Time = 1	Lamb = 29248	Total time = 939	Obj = 2551.67	Pricing Time = 2
i = 237	Master Time = 0	Lamb = 29252	Total time = 941	Obj = 2551.67	Pricing Time = 3
i = 238	Master Time = 1	Lamb = 29254	Total time = 945	Obj = 2551.67	Pricing Time = 3
i = 239	Master Time = 0	Lamb = 29259	Total time = 948	Obj = 2551.67	Pricing Time = 3
--------------------------------------
n110w4_1_0-1-6-4
X fix to 1: 1284
X fix to 0: 1
Fractional X remaining: 79 | min(0.33333333333333326, 0.6666666666666667)
--------------------------------------
i = 240	Master Time = 0	Lamb = 29259	Total time = 951	Obj = 2558.33	Pricing Time = 2
i = 241	Master Time = 1	Lamb = 29272	Total time = 954	Obj = 2552.50	Pricing Time = 3
i = 242	Master Time = 0	Lamb = 29277	Total time = 957	Obj = 2551.67	Pricing Time = 3
i = 243	Master Time = 0	Lamb = 29286	Total time = 960	Obj = 2551.67	Pricing Time = 3
i = 244	Master Time = 0	Lamb = 29290	Total time = 963	Obj = 2551.67	Pricing Time = 3
i = 245	Master Time = 0	Lamb = 29293	Total time = 966	Obj = 2551.67	Pricing Time = 2
i = 246	Master Time = 1	Lamb = 29295	Total time = 969	Obj = 2551.67	Pricing Time = 2
i = 247	Master Time = 1	Lamb = 29298	Total time = 972	Obj = 2551.67	Pricing Time = 2
--------------------------------------
n110w4_1_0-1-6-4
X fix to 1: 1285
X fix to 0: 2
Fractional X remaining: 67 | min(0.33333333333333326, 0.6666666666666667)
--------------------------------------
i = 248	Master Time = 0	Lamb = 29298	Total time = 974	Obj = 2551.67	Pricing Time = 3
i = 249	Master Time = 0	Lamb = 29299	Total time = 977	Obj = 2551.67	Pricing Time = 3
--------------------------------------
n110w4_1_0-1-6-4
X fix to 1: 1286
X fix to 0: 3
Fractional X remaining: 183 | min(0.16666666666666186, 0.6666666666666762)
--------------------------------------
i = 250	Master Time = 1	Lamb = 29299	Total time = 981	Obj = 2551.67	Pricing Time = 3
i = 251	Master Time = 0	Lamb = 29301	Total time = 984	Obj = 2551.67	Pricing Time = 2
i = 252	Master Time = 1	Lamb = 29305	Total time = 987	Obj = 2551.67	Pricing Time = 2
--------------------------------------
n110w4_1_0-1-6-4
X fix to 1: 1287
X fix to 0: 4
Fractional X remaining: 63 | min(0.33333333333333326, 0.6666666666666667)
--------------------------------------
i = 253	Master Time = 1	Lamb = 29305	Total time = 990	Obj = 2560.00	Pricing Time = 3
i = 254	Master Time = 0	Lamb = 29311	Total time = 993	Obj = 2558.33	Pricing Time = 3
i = 255	Master Time = 0	Lamb = 29323	Total time = 996	Obj = 2558.33	Pricing Time = 3
i = 256	Master Time = 0	Lamb = 29330	Total time = 999	Obj = 2557.50	Pricing Time = 3
i = 257	Master Time = 1	Lamb = 29338	Total time = 1003	Obj = 2555.00	Pricing Time = 3
i = 258	Master Time = 0	Lamb = 29339	Total time = 1006	Obj = 2555.00	Pricing Time = 3

n110w4_1_0-1-6-4
Integer solution found

Printing SHIFT allocations
HN_0   |-|E|E|E|E|-|-| |-|E|E|E|E|D|D| |-|-|-|E|E|E|E| |L|L|L|-|-|-|-|
HN_1   |E|E|-|-|-|-|-| |E|E|-|-|-|-|-| |D|D|-|-|E|E|E| |-|-|-|-|-|-|-|
HN_2   |E|E|-|-|-|-|E| |E|-|-|-|-|-|-| |E|E|-|-|-|-|-| |-|-|E|E|E|-|-|
HN_3   |N|-|-|D|D|D|D| |-|-|D|D|D|-|-| |E|E|E|D|D|-|-| |D|D|D|D|D|-|-|
HN_4   |-|-|-|-|N|N|N| |N|-|-|-|-|-|-| |-|N|N|N|N|-|-| |-|N|N|N|N|-|-|
HN_5   |-|L|L|L|L|-|-| |-|-|-|-|-|N|N| |N|N|N|-|-|-|-| |-|-|D|D|D|-|-|
HN_6   |L|L|-|-|-|N|N| |N|N|N|-|-|-|-| |N|N|N|N|N|-|-| |-|-|D|D|N|N|N|
HN_7   |D|D|D|D|D|-|-| |-|D|D|D|L|L|L| |-|-|-|-|D|D|D| |D|D|D|-|-|-|-|
HN_8   |E|E|E|E|-|-|-| |-|E|E|E|E|-|-| |-|E|E|E|E|-|-| |-|E|E|E|E|-|-|
HN_9   |D|D|D|-|-|-|-| |-|-|-|N|N|N|N| |N|-|-|-|-|-|-| |N|N|N|N|N|-|-|
HN_10  |-|D|D|L|L|-|-| |-|N|N|N|N|-|-| |-|-|D|D|D|L|L| |-|-|-|-|E|E|E|
HN_11  |-|-|-|E|E|-|-| |-|-|-|-|-|E|E| |-|-|-|-|-|-|-| |E|E|-|-|-|-|-|
HN_12  |-|-|-|-|-|L|L| |L|L|-|-|-|-|-| |L|L|L|L|-|-|-| |-|-|L|L|L|-|-|
HN_13  |-|-|E|E|E|E|D| |D|D|-|-|-|E|E| |E|E|E|-|-|-|-| |E|E|E|D|D|-|-|
HN_14  |-|-|L|L|L|-|-| |-|L|L|L|L|-|-| |-|-|-|-|L|L|L| |L|-|-|-|-|-|-|
HN_15  |D|L|L|-|-|-|-| |L|L|L|L|-|-|-| |-|L|L|L|L|-|-| |-|L|L|L|L|-|-|
HN_16  |L|L|L|L|L|-|-| |L|L|L|L|L|-|-| |L|L|L|-|-|L|L| |L|-|-|L|L|L|L|
HN_17  |N|N|N|N|N|-|-| |-|N|N|N|N|-|-| |-|-|-|-|-|N|N| |N|N|N|-|-|-|-|
HN_18  |-|-|D|D|D|-|-| |D|D|D|D|D|-|-| |D|D|D|-|-|D|D| |D|D|-|-|D|D|D|
HN_19  |N|N|N|N|-|-|-| |D|D|L|L|-|-|-| |-|D|D|D|D|-|-| |-|-|N|N|N|N|N|
NU_20  |-|-|-|-|-|E|E| |E|E|-|-|-|-|-| |-|E|E|E|E|-|-| |-|-|E|E|E|-|-|
NU_21  |E|-|-|E|E|E|E| |-|-|E|E|E|-|-| |E|E|E|E|E|-|-| |E|E|E|-|-|E|E|
NU_22  |N|N|N|N|N|-|-| |N|N|N|N|N|-|-| |N|N|N|N|N|-|-| |N|N|N|N|N|-|-|
NU_23  |N|N|N|N|-|-|-| |-|N|N|N|N|-|-| |-|-|-|N|N|N|N| |N|-|-|-|-|-|-|
NU_24  |L|-|-|-|-|-|-| |N|N|N|N|N|-|-| |-|-|-|N|N|N|N| |N|-|-|-|-|-|-|
NU_25  |-|-|-|-|-|-|-| |E|E|E|-|-|-|-| |N|N|N|N|-|-|-| |-|-|-|E|E|E|D|
NU_26  |-|E|E|-|-|-|N| |N|N|N|-|-|-|-| |-|-|-|E|E|-|-| |-|-|E|E|-|-|-|
NU_27  |-|E|E|-|-|-|-| |-|-|-|L|L|-|-| |-|-|-|-|D|D|-| |-|L|L|-|-|-|-|
NU_28  |E|-|-|-|-|-|-| |E|E|E|D|D|-|-| |-|-|-|-|-|N|N| |N|N|N|-|-|-|-|
NU_29  |-|-|-|-|D|D|D| |D|-|-|-|D|D|D| |D|D|D|D|-|-|-| |D|D|D|D|-|-|-|
NU_30  |N|N|N|N|-|-|-| |-|-|-|-|N|N|N| |N|-|-|-|-|-|-| |N|N|N|N|N|-|-|
NU_31  |L|L|L|-|-|-|-| |L|L|L|L|L|-|-| |-|-|-|-|L|L|L| |-|-|-|-|-|-|-|
NU_32  |N|N|-|-|L|L|L| |-|-|L|L|L|-|-| |L|L|L|L|L|-|-| |L|L|L|-|-|L|L|
NU_33  |E|-|-|N|N|N|N| |-|-|D|D|D|-|-| |N|N|N|N|N|-|-| |E|E|E|-|-|L|L|
NU_34  |-|-|D|D|-|-|-| |-|-|-|-|E|E|D| |D|-|-|-|-|-|-| |E|E|-|-|-|-|-|
NU_35  |-|-|D|D|D|D|D| |D|-|-|-|-|D|D| |D|D|D|D|-|-|-| |-|D|D|D|D|-|-|
NU_36  |E|E|E|-|-|-|-| |E|E|E|E|E|-|-| |-|-|-|-|E|E|E| |-|-|-|-|-|-|-|
NU_37  |D|-|-|-|D|D|D| |D|-|-|-|-|-|-| |D|D|D|D|-|-|-| |D|D|D|-|-|-|-|
NU_38  |L|L|-|-|L|L|L| |L|L|-|-|L|L|L| |-|-|L|L|L|-|-| |L|L|L|L|L|-|-|
NU_39  |D|D|D|-|-|-|-| |D|D|D|D|-|-|-| |-|D|D|D|D|-|-| |-|-|D|D|D|D|D|
CT_40  |-|-|-|L|L|-|-| |-|-|-|-|-|L|L| |-|-|-|-|-|-|-| |L|L|-|-|-|-|-|
CT_41  |-|-|-|L|L|-|-| |E|E|-|-|-|-|-| |E|E|-|-|-|-|-| |E|E|-|-|-|-|E|
CT_42  |D|D|-|-|N|N|N| |N|N|-|-|L|L|L| |-|-|E|E|E|-|-| |N|N|N|N|N|-|-|
CT_43  |-|-|-|E|E|-|-| |-|-|-|E|E|-|-| |-|-|-|E|E|-|-| |-|-|-|D|D|-|-|
CT_44  |-|-|E|E|E|-|-| |-|-|-|-|E|E|E| |E|E|-|-|-|-|-| |-|-|E|E|E|-|-|
CT_45  |D|D|L|L|-|-|-| |D|D|D|D|-|-|-| |E|E|E|E|-|-|-| |N|N|N|N|-|-|-|
CT_46  |-|-|D|D|D|-|-| |-|N|N|N|N|-|-| |-|-|-|-|N|N|N| |N|-|-|-|-|-|-|
CT_47  |E|-|-|E|E|L|L| |-|-|E|E|E|E|E| |-|-|D|D|D|-|-| |E|E|E|L|L|-|-|
CT_48  |-|-|-|-|-|N|N| |N|N|-|-|-|-|-| |L|L|L|-|-|-|-| |-|D|D|D|D|-|-|
CT_49  |L|L|L|L|L|-|-| |L|L|L|L|L|-|-| |L|L|L|L|L|-|-| |L|L|L|L|L|-|-|
CT_50  |L|L|L|-|-|-|-| |N|N|N|N|-|-|-| |-|E|E|E|E|-|-| |-|-|N|N|N|N|N|
CT_51  |-|L|L|L|-|-|-| |D|D|L|L|-|-|-| |-|-|-|-|E|E|L| |L|-|-|-|-|-|-|
CT_52  |-|N|N|N|N|-|-| |-|N|N|N|N|-|-| |-|N|N|N|N|-|-| |-|-|L|L|L|L|N|
CT_53  |-|-|D|D|D|-|-| |-|-|-|-|-|D|D| |D|D|-|-|-|-|-| |-|D|D|D|D|-|-|
CT_54  |N|N|-|-|E|E|E| |-|-|E|E|E|-|-| |D|D|E|E|E|-|-| |E|E|E|-|-|E|E|
CT_55  |-|-|-|L|L|-|-| |L|L|-|-|-|-|-| |-|-|N|N|N|N|-| |-|-|-|E|E|-|-|
CT_56  |-|-|-|-|-|-|D| |D|-|-|-|-|-|-| |D|D|-|-|-|-|-| |D|D|-|-|-|-|-|
CT_57  |-|-|-|-|L|L|L| |L|L|-|-|-|-|-| |L|L|L|-|-|-|-| |-|-|L|L|L|-|-|
CT_58  |D|D|-|-|-|-|-| |L|L|-|-|-|-|-| |-|-|N|N|N|N|-| |-|-|-|D|D|-|-|
CT_59  |-|E|E|E|E|-|-| |-|-|D|D|N|N|N| |N|-|-|-|D|D|L| |L|L|L|-|-|-|-|
CT_60  |L|-|-|-|-|-|-| |E|E|E|D|D|-|-| |-|-|-|D|D|D|E| |E|-|-|-|-|-|-|
CT_61  |L|L|-|-|-|-|-| |-|D|D|-|-|-|-| |-|-|-|D|D|-|-| |-|-|-|-|-|D|D|
CT_62  |N|N|N|N|N|-|-| |E|E|E|D|D|-|-| |L|L|L|-|-|E|E| |E|-|-|D|D|D|L|
CT_63  |D|D|D|D|-|-|-| |-|D|D|N|N|N|N| |N|-|-|-|-|D|D| |D|L|L|-|-|-|-|
CT_64  |N|N|N|-|-|-|-| |L|L|L|L|-|-|-| |-|-|-|-|L|L|L| |L|-|-|-|-|-|-|
CT_65  |N|N|N|N|N|-|-| |D|D|D|D|D|-|-| |D|D|L|L|L|-|-| |N|N|N|N|N|-|-|
CT_66  |N|-|-|-|L|L|N| |N|N|N|-|-|-|-| |N|N|N|N|N|-|-| |-|-|N|N|N|N|N|
CT_67  |E|E|-|-|-|-|-| |-|-|E|E|-|-|-| |-|-|-|-|E|E|-| |-|-|-|E|E|-|-|
CT_68  |-|-|L|L|L|-|-| |-|-|-|-|L|L|L| |L|L|-|-|-|-|-| |-|-|L|L|L|-|-|
CT_69  |-|-|E|E|E|-|-| |-|-|-|-|D|D|E| |E|E|-|-|-|-|-| |-|-|D|D|D|-|-|
CT_70  |D|D|D|D|-|-|-| |-|D|D|D|D|-|-| |-|-|D|D|D|D|D| |-|-|-|-|D|D|D|
CT_71  |-|L|L|-|-|-|-| |-|-|-|D|D|-|-| |-|-|-|L|L|-|-| |-|-|-|-|-|E|E|
CT_72  |-|-|-|D|D|-|-| |-|-|-|-|-|D|D| |-|-|-|-|-|-|-| |D|D|-|-|-|-|-|
CT_73  |E|E|-|-|-|-|E| |E|-|-|-|-|-|-| |E|E|-|-|-|-|-| |E|E|-|-|-|-|-|
CT_74  |-|-|-|-|-|L|L| |-|-|-|-|-|-|-| |L|L|-|-|-|-|-| |-|L|L|-|-|-|-|
CT_75  |-|-|N|N|N|N|N| |-|-|-|-|E|E|N| |N|N|N|-|-|-|-| |N|N|N|N|-|-|-|
CT_76  |N|-|-|E|E|E|D| |D|-|-|N|N|N|N| |-|-|L|L|L|-|-| |E|E|L|L|L|-|-|
CT_77  |D|D|D|D|D|-|-| |D|D|D|D|D|-|-| |D|D|D|D|D|-|-| |D|D|D|-|-|N|N|
CT_78  |L|L|-|-|E|E|E| |-|-|L|L|L|-|-| |L|L|L|L|L|-|-| |E|E|E|-|-|L|L|
CT_79  |D|D|-|-|-|-|-| |L|L|-|-|-|-|-| |-|-|N|N|N|N|-| |-|-|-|E|E|-|-|
TR_80  |-|-|E|E|E|D|D| |D|-|-|-|-|E|E| |L|L|L|-|-|-|-| |D|D|E|E|-|-|-|
TR_81  |E|E|E|-|-|-|-| |D|D|D|-|-|-|-| |-|-|-|N|N|N|N| |N|-|-|-|-|-|-|
TR_82  |-|-|D|D|D|-|-| |-|-|-|-|N|N|N| |N|N|-|-|-|-|-| |-|L|L|L|-|-|-|
TR_83  |D|-|-|-|E|E|N| |N|N|N|-|-|-|-| |N|N|N|N|-|-|-| |-|E|E|E|E|-|-|
TR_84  |D|D|L|L|-|-|-| |D|D|D|E|E|-|-| |-|-|E|E|E|L|L| |-|-|-|-|D|D|E|
TR_85  |L|L|-|-|-|-|-| |L|L|-|-|-|-|-| |E|E|-|-|-|-|-| |L|L|-|-|-|-|L|
TR_86  |-|E|E|E|E|-|-| |-|-|-|-|D|D|D| |-|-|-|-|-|-|-| |E|E|E|E|-|-|-|
TR_87  |-|-|D|D|D|D|D| |D|-|-|-|-|E|E| |D|D|D|E|E|-|-| |-|E|E|E|E|-|-|
TR_88  |E|E|E|E|-|-|-| |E|E|D|D|D|-|-| |-|N|N|N|N|-|-| |-|N|N|N|N|-|-|
TR_89  |D|D|-|-|D|D|D| |-|-|D|D|D|-|-| |D|D|D|D|D|-|-| |D|D|D|-|-|D|D|
TR_90  |N|-|-|-|-|-|-| |E|E|E|-|-|-|-| |E|E|E|D|D|-|-| |-|-|-|-|-|E|E|
TR_91  |-|-|D|D|D|-|-| |D|D|D|L|L|-|-| |L|L|L|-|-|L|L| |L|-|-|D|D|D|D|
TR_92  |-|-|-|-|-|-|E| |E|-|-|-|-|-|-| |D|D|-|-|-|-|-| |L|L|-|-|-|-|-|
TR_93  |-|-|L|L|L|-|-| |-|-|-|-|N|N|N| |N|N|-|-|-|-|-| |-|-|D|D|D|-|-|
TR_94  |D|D|D|-|-|-|-| |E|E|E|D|D|-|-| |-|-|-|-|-|E|D| |D|-|-|-|-|-|-|
TR_95  |D|D|-|-|-|-|-| |L|L|-|-|-|-|L| |L|-|-|D|D|-|-| |-|-|-|L|L|-|-|
TR_96  |-|N|N|N|N|-|-| |-|-|E|E|L|L|L| |L|-|-|-|-|N|N| |N|N|N|-|-|-|-|
TR_97  |L|L|-|-|N|N|N| |N|N|-|-|D|D|D| |-|-|L|L|L|-|-| |D|D|D|D|D|-|-|
TR_98  |-|N|N|N|N|-|-| |-|-|N|N|N|N|N| |-|-|-|-|D|D|E| |E|D|D|-|-|-|-|
TR_99  |E|E|E|E|-|-|-| |L|L|L|L|L|-|-| |-|-|D|D|N|N|N| |N|-|-|-|-|L|L|
TR_100 |L|L|L|L|L|-|-| |E|E|E|L|L|-|-| |L|L|L|-|-|E|E| |E|-|-|N|N|N|N|
TR_101 |N|N|N|N|N|-|-| |N|N|N|N|N|-|-| |D|D|D|L|L|-|-| |N|N|N|N|N|-|-|
TR_102 |-|-|-|D|D|-|-| |-|-|-|E|E|-|-| |-|-|-|-|L|L|-| |-|-|-|E|E|-|-|
TR_103 |-|-|E|E|E|-|-| |-|-|-|-|E|E|E| |E|E|-|-|-|-|-| |-|-|L|L|L|-|-|
TR_104 |E|E|-|-|E|E|E| |-|-|E|E|E|-|-| |E|E|E|E|E|-|-| |E|E|E|-|-|E|E|
TR_105 |N|N|N|-|-|-|-| |N|N|N|N|-|-|-| |-|N|N|N|N|-|-| |-|N|N|N|N|-|-|
TR_106 |E|-|-|L|L|L|L| |-|-|E|E|E|-|-| |E|E|L|L|L|-|-| |L|L|L|-|-|N|N|
TR_107 |N|N|N|N|-|-|-| |N|N|N|N|-|-|-| |N|N|N|N|-|-|-| |-|N|N|N|N|-|-|
TR_108 |-|-|-|-|-|L|L| |L|-|-|-|-|-|-| |L|L|-|-|-|-|-| |L|L|-|-|-|-|-|
TR_109 |L|L|-|-|-|L|L| |L|L|L|-|-|-|-| |D|D|E|E|-|-|-| |-|D|D|L|L|-|-|
Total assignment constraints: 2340
Consecutive constraints: 45
Non working days constraints: 0
Preferences: 140
Max working weekend: 0
Complete weekends: 0
Optimal coverage constraints: 30
TOTAL = 2555
