Creating directory: out/n070w4_0_8-6-0-8

-----------------------------------------------------------
Instance	n070w4_0_8-6-0-8
algorithm	=	vns
maxIter	=	10
eliteSet	=	10
shakePerc	=	0.9
bestKnow	=	2435.0
minColsIter	=	0.35
minRoundDown	=	-1.0
minRoundUp	=	0.67
seed	=	0
onlyRelax	=	false
nThreads	=	20
alpha	=	0.6
timeOut	=	14600
-----------------------------------------------------------
Parallels mode has been selected.
i = 0	Master Time = 0	Lamb = 0	Total time = 3	Obj = 408850.00	Pricing Time = 1
i = 1	Master Time = 1	Lamb = 453	Total time = 4	Obj = 149475.00	Pricing Time = 0
i = 2	Master Time = 0	Lamb = 864	Total time = 5	Obj = 55875.81	Pricing Time = 1
i = 3	Master Time = 1	Lamb = 1293	Total time = 7	Obj = 41944.90	Pricing Time = 0
i = 4	Master Time = 1	Lamb = 1730	Total time = 8	Obj = 26372.43	Pricing Time = 1
i = 5	Master Time = 1	Lamb = 2165	Total time = 9	Obj = 19622.47	Pricing Time = 0
i = 6	Master Time = 1	Lamb = 2593	Total time = 11	Obj = 16184.01	Pricing Time = 0
i = 7	Master Time = 1	Lamb = 3033	Total time = 12	Obj = 12295.47	Pricing Time = 0
i = 8	Master Time = 1	Lamb = 3459	Total time = 14	Obj = 9193.89	Pricing Time = 0
i = 9	Master Time = 1	Lamb = 3885	Total time = 15	Obj = 7598.70	Pricing Time = 1
i = 10	Master Time = 1	Lamb = 4281	Total time = 17	Obj = 6414.22	Pricing Time = 0
i = 11	Master Time = 2	Lamb = 4650	Total time = 19	Obj = 5359.18	Pricing Time = 1
i = 12	Master Time = 1	Lamb = 5012	Total time = 21	Obj = 4723.44	Pricing Time = 1
i = 13	Master Time = 2	Lamb = 5346	Total time = 24	Obj = 4190.46	Pricing Time = 0
i = 14	Master Time = 2	Lamb = 5699	Total time = 26	Obj = 3803.16	Pricing Time = 0
i = 15	Master Time = 2	Lamb = 6051	Total time = 28	Obj = 3566.54	Pricing Time = 0
i = 16	Master Time = 2	Lamb = 6349	Total time = 30	Obj = 3381.57	Pricing Time = 0
i = 17	Master Time = 2	Lamb = 6626	Total time = 32	Obj = 3180.05	Pricing Time = 0
i = 18	Master Time = 2	Lamb = 6934	Total time = 34	Obj = 3101.41	Pricing Time = 1
i = 19	Master Time = 2	Lamb = 7192	Total time = 37	Obj = 2977.98	Pricing Time = 0
i = 20	Master Time = 2	Lamb = 7461	Total time = 39	Obj = 2882.52	Pricing Time = 0
i = 21	Master Time = 2	Lamb = 7681	Total time = 41	Obj = 2798.49	Pricing Time = 1
i = 22	Master Time = 1	Lamb = 7889	Total time = 43	Obj = 2745.72	Pricing Time = 1
i = 23	Master Time = 1	Lamb = 8110	Total time = 45	Obj = 2706.26	Pricing Time = 0
i = 24	Master Time = 2	Lamb = 8316	Total time = 47	Obj = 2664.21	Pricing Time = 0
i = 25	Master Time = 1	Lamb = 8478	Total time = 48	Obj = 2638.21	Pricing Time = 1
i = 26	Master Time = 1	Lamb = 8654	Total time = 50	Obj = 2618.67	Pricing Time = 0
i = 27	Master Time = 1	Lamb = 8793	Total time = 51	Obj = 2593.39	Pricing Time = 1
i = 28	Master Time = 0	Lamb = 8922	Total time = 52	Obj = 2580.85	Pricing Time = 1
i = 29	Master Time = 1	Lamb = 9041	Total time = 53	Obj = 2558.88	Pricing Time = 0
i = 30	Master Time = 1	Lamb = 9166	Total time = 55	Obj = 2549.11	Pricing Time = 0
i = 31	Master Time = 1	Lamb = 9273	Total time = 56	Obj = 2535.05	Pricing Time = 1
i = 32	Master Time = 1	Lamb = 9371	Total time = 57	Obj = 2522.14	Pricing Time = 0
i = 33	Master Time = 1	Lamb = 9471	Total time = 59	Obj = 2513.13	Pricing Time = 0
i = 34	Master Time = 1	Lamb = 9569	Total time = 60	Obj = 2505.21	Pricing Time = 1
i = 35	Master Time = 0	Lamb = 9647	Total time = 61	Obj = 2500.99	Pricing Time = 1
i = 36	Master Time = 1	Lamb = 9714	Total time = 63	Obj = 2495.30	Pricing Time = 0
i = 37	Master Time = 1	Lamb = 9785	Total time = 64	Obj = 2488.62	Pricing Time = 1
i = 38	Master Time = 1	Lamb = 9856	Total time = 65	Obj = 2482.49	Pricing Time = 0
i = 39	Master Time = 1	Lamb = 9930	Total time = 67	Obj = 2475.85	Pricing Time = 1
i = 40	Master Time = 1	Lamb = 10000	Total time = 69	Obj = 2473.61	Pricing Time = 0
i = 41	Master Time = 1	Lamb = 10058	Total time = 70	Obj = 2471.94	Pricing Time = 1
i = 42	Master Time = 1	Lamb = 10115	Total time = 72	Obj = 2470.00	Pricing Time = 0
i = 43	Master Time = 1	Lamb = 10155	Total time = 73	Obj = 2468.73	Pricing Time = 1
i = 44	Master Time = 1	Lamb = 10199	Total time = 75	Obj = 2467.51	Pricing Time = 10
i = 45	Master Time = 2	Lamb = 10302	Total time = 87	Obj = 2431.27	Pricing Time = 0
i = 46	Master Time = 2	Lamb = 10405	Total time = 88	Obj = 2425.18	Pricing Time = 0
i = 47	Master Time = 2	Lamb = 10512	Total time = 91	Obj = 2416.02	Pricing Time = 0
i = 48	Master Time = 1	Lamb = 10605	Total time = 92	Obj = 2409.08	Pricing Time = 1
i = 49	Master Time = 1	Lamb = 10676	Total time = 94	Obj = 2405.73	Pricing Time = 0
i = 50	Master Time = 1	Lamb = 10750	Total time = 95	Obj = 2397.63	Pricing Time = 1
i = 51	Master Time = 1	Lamb = 10827	Total time = 97	Obj = 2391.88	Pricing Time = 1
i = 52	Master Time = 1	Lamb = 10886	Total time = 99	Obj = 2388.41	Pricing Time = 0
i = 53	Master Time = 2	Lamb = 10942	Total time = 100	Obj = 2387.60	Pricing Time = 0
i = 54	Master Time = 1	Lamb = 11001	Total time = 101	Obj = 2385.95	Pricing Time = 0
i = 55	Master Time = 1	Lamb = 11052	Total time = 103	Obj = 2380.50	Pricing Time = 0
i = 56	Master Time = 2	Lamb = 11101	Total time = 105	Obj = 2378.88	Pricing Time = 0
i = 57	Master Time = 2	Lamb = 11152	Total time = 106	Obj = 2376.70	Pricing Time = 0
i = 58	Master Time = 1	Lamb = 11208	Total time = 108	Obj = 2375.21	Pricing Time = 8
i = 59	Master Time = 3	Lamb = 11310	Total time = 119	Obj = 2354.06	Pricing Time = 0
i = 60	Master Time = 1	Lamb = 11489	Total time = 120	Obj = 2352.44	Pricing Time = 1
i = 61	Master Time = 1	Lamb = 11591	Total time = 122	Obj = 2348.54	Pricing Time = 1
i = 62	Master Time = 1	Lamb = 11684	Total time = 123	Obj = 2347.51	Pricing Time = 0
i = 63	Master Time = 1	Lamb = 11742	Total time = 124	Obj = 2346.60	Pricing Time = 0
i = 64	Master Time = 1	Lamb = 11808	Total time = 126	Obj = 2345.78	Pricing Time = 0
i = 65	Master Time = 1	Lamb = 11893	Total time = 127	Obj = 2345.45	Pricing Time = 1
i = 66	Master Time = 1	Lamb = 11944	Total time = 129	Obj = 2345.15	Pricing Time = 0
i = 67	Master Time = 1	Lamb = 12011	Total time = 130	Obj = 2343.58	Pricing Time = 1
i = 68	Master Time = 2	Lamb = 12074	Total time = 132	Obj = 2342.38	Pricing Time = 0
i = 69	Master Time = 1	Lamb = 12138	Total time = 134	Obj = 2341.29	Pricing Time = 0
i = 70	Master Time = 1	Lamb = 12186	Total time = 135	Obj = 2339.39	Pricing Time = 1
i = 71	Master Time = 1	Lamb = 12243	Total time = 137	Obj = 2338.94	Pricing Time = 0
i = 72	Master Time = 1	Lamb = 12284	Total time = 138	Obj = 2338.39	Pricing Time = 1
i = 73	Master Time = 1	Lamb = 12333	Total time = 140	Obj = 2338.26	Pricing Time = 0
i = 74	Master Time = 1	Lamb = 12375	Total time = 141	Obj = 2337.92	Pricing Time = 1
i = 75	Master Time = 0	Lamb = 12423	Total time = 142	Obj = 2337.73	Pricing Time = 11
i = 76	Master Time = 3	Lamb = 12534	Total time = 156	Obj = 2323.27	Pricing Time = 1
i = 77	Master Time = 1	Lamb = 12641	Total time = 158	Obj = 2322.58	Pricing Time = 0
i = 78	Master Time = 1	Lamb = 12696	Total time = 159	Obj = 2321.69	Pricing Time = 1
i = 79	Master Time = 1	Lamb = 12749	Total time = 161	Obj = 2317.62	Pricing Time = 0
i = 80	Master Time = 2	Lamb = 12810	Total time = 163	Obj = 2317.03	Pricing Time = 0
i = 81	Master Time = 3	Lamb = 12860	Total time = 165	Obj = 2316.07	Pricing Time = 0
i = 82	Master Time = 1	Lamb = 12919	Total time = 167	Obj = 2315.79	Pricing Time = 0
i = 83	Master Time = 1	Lamb = 12968	Total time = 168	Obj = 2315.75	Pricing Time = 7
i = 84	Master Time = 1	Lamb = 13072	Total time = 177	Obj = 2307.54	Pricing Time = 5
i = 85	Master Time = 2	Lamb = 13104	Total time = 184	Obj = 2300.46	Pricing Time = 6
i = 86	Master Time = 0	Lamb = 13133	Total time = 190	Obj = 2297.63	Pricing Time = 6
i = 87	Master Time = 0	Lamb = 13148	Total time = 196	Obj = 2292.66	Pricing Time = 6
i = 88	Master Time = 0	Lamb = 13161	Total time = 202	Obj = 2287.68	Pricing Time = 6
i = 89	Master Time = 0	Lamb = 13173	Total time = 208	Obj = 2285.53	Pricing Time = 6
i = 90	Master Time = 0	Lamb = 13187	Total time = 214	Obj = 2283.40	Pricing Time = 5
i = 91	Master Time = 0	Lamb = 13200	Total time = 219	Obj = 2280.40	Pricing Time = 5
i = 92	Master Time = 1	Lamb = 13210	Total time = 224	Obj = 2279.71	Pricing Time = 5
i = 93	Master Time = 0	Lamb = 13224	Total time = 230	Obj = 2278.20	Pricing Time = 6
i = 94	Master Time = 0	Lamb = 13237	Total time = 236	Obj = 2276.28	Pricing Time = 6
i = 95	Master Time = 1	Lamb = 13250	Total time = 242	Obj = 2274.32	Pricing Time = 6
i = 96	Master Time = 0	Lamb = 13267	Total time = 249	Obj = 2273.20	Pricing Time = 5
i = 97	Master Time = 1	Lamb = 13281	Total time = 255	Obj = 2271.14	Pricing Time = 6
i = 98	Master Time = 0	Lamb = 13292	Total time = 261	Obj = 2270.49	Pricing Time = 5
i = 99	Master Time = 1	Lamb = 13306	Total time = 267	Obj = 2270.05	Pricing Time = 6
i = 100	Master Time = 0	Lamb = 13320	Total time = 273	Obj = 2269.79	Pricing Time = 6
i = 101	Master Time = 0	Lamb = 13335	Total time = 279	Obj = 2269.70	Pricing Time = 6
i = 102	Master Time = 0	Lamb = 13347	Total time = 285	Obj = 2269.64	Pricing Time = 6

Optimal of relaxation found.
Fractional X Variables: 3735 (min: 1.8392188335756426E-4 max: 0.9943987426431224)
--------------------------------------
n070w4_0_8-6-0-8
X fix to 1: 268
X fix to 0: 0
Fractional X remaining: 3735 | min(1.8392188335756426E-4, 0.9943987426431224)
--------------------------------------
i = 103	Master Time = 3	Lamb = 13347	Total time = 294	Obj = 2564.76	Pricing Time = 1
i = 104	Master Time = 2	Lamb = 13645	Total time = 297	Obj = 2394.24	Pricing Time = 0
i = 105	Master Time = 3	Lamb = 13877	Total time = 300	Obj = 2375.25	Pricing Time = 0
i = 106	Master Time = 2	Lamb = 14097	Total time = 302	Obj = 2355.61	Pricing Time = 1
i = 107	Master Time = 1	Lamb = 14281	Total time = 304	Obj = 2346.28	Pricing Time = 1
i = 108	Master Time = 2	Lamb = 14389	Total time = 307	Obj = 2325.16	Pricing Time = 0
i = 109	Master Time = 2	Lamb = 14503	Total time = 309	Obj = 2312.70	Pricing Time = 0
i = 110	Master Time = 2	Lamb = 14605	Total time = 311	Obj = 2305.31	Pricing Time = 4
i = 111	Master Time = 2	Lamb = 14692	Total time = 317	Obj = 2294.15	Pricing Time = 0
i = 112	Master Time = 2	Lamb = 14769	Total time = 319	Obj = 2291.54	Pricing Time = 0
i = 113	Master Time = 1	Lamb = 14835	Total time = 320	Obj = 2290.85	Pricing Time = 0
i = 114	Master Time = 2	Lamb = 14887	Total time = 322	Obj = 2287.01	Pricing Time = 0
i = 115	Master Time = 1	Lamb = 14944	Total time = 323	Obj = 2286.71	Pricing Time = 4
i = 116	Master Time = 0	Lamb = 14976	Total time = 327	Obj = 2278.89	Pricing Time = 4
i = 117	Master Time = 0	Lamb = 14996	Total time = 331	Obj = 2276.51	Pricing Time = 4
i = 118	Master Time = 0	Lamb = 15007	Total time = 335	Obj = 2274.76	Pricing Time = 4
i = 119	Master Time = 0	Lamb = 15023	Total time = 339	Obj = 2270.94	Pricing Time = 5
i = 120	Master Time = 0	Lamb = 15036	Total time = 344	Obj = 2270.18	Pricing Time = 4
i = 121	Master Time = 0	Lamb = 15047	Total time = 348	Obj = 2270.00	Pricing Time = 4
i = 122	Master Time = 0	Lamb = 15050	Total time = 352	Obj = 2270.00	Pricing Time = 4
i = 123	Master Time = 1	Lamb = 15051	Total time = 356	Obj = 2270.00	Pricing Time = 4
--------------------------------------
n070w4_0_8-6-0-8
X fix to 1: 478
X fix to 0: 0
Fractional X remaining: 2560 | min(3.4042423333246336E-4, 0.9920961469770341)
--------------------------------------
i = 124	Master Time = 2	Lamb = 15051	Total time = 363	Obj = 2799.86	Pricing Time = 0
i = 125	Master Time = 3	Lamb = 15353	Total time = 365	Obj = 2536.80	Pricing Time = 0
i = 126	Master Time = 2	Lamb = 15615	Total time = 367	Obj = 2464.07	Pricing Time = 0
i = 127	Master Time = 2	Lamb = 15827	Total time = 370	Obj = 2397.14	Pricing Time = 0
i = 128	Master Time = 2	Lamb = 15977	Total time = 372	Obj = 2347.96	Pricing Time = 0
i = 129	Master Time = 2	Lamb = 16116	Total time = 374	Obj = 2321.12	Pricing Time = 0
i = 130	Master Time = 1	Lamb = 16208	Total time = 375	Obj = 2303.71	Pricing Time = 1
i = 131	Master Time = 1	Lamb = 16302	Total time = 377	Obj = 2293.54	Pricing Time = 0
i = 132	Master Time = 2	Lamb = 16380	Total time = 378	Obj = 2290.01	Pricing Time = 0
i = 133	Master Time = 1	Lamb = 16445	Total time = 380	Obj = 2286.69	Pricing Time = 0
i = 134	Master Time = 2	Lamb = 16508	Total time = 381	Obj = 2283.17	Pricing Time = 0
i = 135	Master Time = 1	Lamb = 16567	Total time = 383	Obj = 2280.66	Pricing Time = 0
i = 136	Master Time = 1	Lamb = 16614	Total time = 384	Obj = 2280.02	Pricing Time = 0
i = 137	Master Time = 1	Lamb = 16660	Total time = 385	Obj = 2279.40	Pricing Time = 2
i = 138	Master Time = 2	Lamb = 16738	Total time = 389	Obj = 2274.25	Pricing Time = 0
i = 139	Master Time = 1	Lamb = 16793	Total time = 390	Obj = 2273.74	Pricing Time = 1
i = 140	Master Time = 0	Lamb = 16834	Total time = 391	Obj = 2273.39	Pricing Time = 3
i = 141	Master Time = 1	Lamb = 16867	Total time = 395	Obj = 2272.59	Pricing Time = 3
i = 142	Master Time = 0	Lamb = 16880	Total time = 398	Obj = 2272.50	Pricing Time = 3
i = 143	Master Time = 0	Lamb = 16887	Total time = 401	Obj = 2272.50	Pricing Time = 3
--------------------------------------
n070w4_0_8-6-0-8
X fix to 1: 603
X fix to 0: 0
Fractional X remaining: 1822 | min(3.464182937634626E-4, 0.9307984534668935)
--------------------------------------
i = 144	Master Time = 3	Lamb = 16887	Total time = 407	Obj = 2508.97	Pricing Time = 0
i = 145	Master Time = 2	Lamb = 17163	Total time = 409	Obj = 2461.25	Pricing Time = 0
i = 146	Master Time = 3	Lamb = 17331	Total time = 412	Obj = 2384.98	Pricing Time = 0
i = 147	Master Time = 2	Lamb = 17564	Total time = 414	Obj = 2360.47	Pricing Time = 0
i = 148	Master Time = 3	Lamb = 17752	Total time = 416	Obj = 2338.95	Pricing Time = 0
i = 149	Master Time = 2	Lamb = 17936	Total time = 419	Obj = 2326.71	Pricing Time = 1
i = 150	Master Time = 2	Lamb = 18092	Total time = 421	Obj = 2316.61	Pricing Time = 0
i = 151	Master Time = 2	Lamb = 18197	Total time = 424	Obj = 2303.24	Pricing Time = 0
i = 152	Master Time = 2	Lamb = 18278	Total time = 425	Obj = 2299.13	Pricing Time = 0
i = 153	Master Time = 1	Lamb = 18337	Total time = 427	Obj = 2296.15	Pricing Time = 0
i = 154	Master Time = 2	Lamb = 18402	Total time = 428	Obj = 2293.88	Pricing Time = 2
i = 155	Master Time = 2	Lamb = 18476	Total time = 433	Obj = 2286.28	Pricing Time = 1
i = 156	Master Time = 0	Lamb = 18531	Total time = 434	Obj = 2285.00	Pricing Time = 3
i = 157	Master Time = 0	Lamb = 18557	Total time = 437	Obj = 2285.00	Pricing Time = 3
i = 158	Master Time = 0	Lamb = 18561	Total time = 440	Obj = 2284.23	Pricing Time = 3
i = 159	Master Time = 1	Lamb = 18569	Total time = 444	Obj = 2283.00	Pricing Time = 3
i = 160	Master Time = 0	Lamb = 18573	Total time = 447	Obj = 2283.00	Pricing Time = 3
i = 161	Master Time = 0	Lamb = 18575	Total time = 450	Obj = 2283.00	Pricing Time = 3
i = 162	Master Time = 0	Lamb = 18576	Total time = 453	Obj = 2283.00	Pricing Time = 3
--------------------------------------
n070w4_0_8-6-0-8
X fix to 1: 703
X fix to 0: 0
Fractional X remaining: 1561 | min(2.6212952849034854E-4, 0.9997378704715096)
--------------------------------------
i = 163	Master Time = 3	Lamb = 18576	Total time = 459	Obj = 2427.74	Pricing Time = 0
i = 164	Master Time = 2	Lamb = 18813	Total time = 461	Obj = 2388.18	Pricing Time = 0
i = 165	Master Time = 2	Lamb = 19011	Total time = 462	Obj = 2366.41	Pricing Time = 0
i = 166	Master Time = 1	Lamb = 19145	Total time = 464	Obj = 2346.29	Pricing Time = 0
i = 167	Master Time = 2	Lamb = 19236	Total time = 465	Obj = 2334.68	Pricing Time = 0
i = 168	Master Time = 1	Lamb = 19306	Total time = 467	Obj = 2324.36	Pricing Time = 0
i = 169	Master Time = 1	Lamb = 19379	Total time = 468	Obj = 2320.40	Pricing Time = 3
i = 170	Master Time = 1	Lamb = 19450	Total time = 472	Obj = 2315.27	Pricing Time = 0
i = 171	Master Time = 1	Lamb = 19499	Total time = 473	Obj = 2313.07	Pricing Time = 1
i = 172	Master Time = 1	Lamb = 19548	Total time = 476	Obj = 2304.39	Pricing Time = 1
i = 173	Master Time = 1	Lamb = 19606	Total time = 477	Obj = 2304.17	Pricing Time = 2
i = 174	Master Time = 0	Lamb = 19667	Total time = 480	Obj = 2302.63	Pricing Time = 3
i = 175	Master Time = 0	Lamb = 19676	Total time = 483	Obj = 2297.50	Pricing Time = 3
i = 176	Master Time = 1	Lamb = 19685	Total time = 487	Obj = 2297.50	Pricing Time = 3
i = 177	Master Time = 0	Lamb = 19690	Total time = 490	Obj = 2297.50	Pricing Time = 3
i = 178	Master Time = 0	Lamb = 19695	Total time = 493	Obj = 2297.50	Pricing Time = 3
i = 179	Master Time = 0	Lamb = 19698	Total time = 496	Obj = 2297.50	Pricing Time = 3
i = 180	Master Time = 0	Lamb = 19701	Total time = 499	Obj = 2297.50	Pricing Time = 3
i = 181	Master Time = 0	Lamb = 19704	Total time = 502	Obj = 2297.50	Pricing Time = 3
i = 182	Master Time = 0	Lamb = 19706	Total time = 505	Obj = 2297.50	Pricing Time = 3
i = 183	Master Time = 0	Lamb = 19708	Total time = 508	Obj = 2295.00	Pricing Time = 2
i = 184	Master Time = 0	Lamb = 19715	Total time = 510	Obj = 2295.00	Pricing Time = 2
i = 185	Master Time = 1	Lamb = 19717	Total time = 513	Obj = 2295.00	Pricing Time = 2
i = 186	Master Time = 0	Lamb = 19719	Total time = 516	Obj = 2295.00	Pricing Time = 3
i = 187	Master Time = 0	Lamb = 19723	Total time = 519	Obj = 2295.00	Pricing Time = 2
--------------------------------------
n070w4_0_8-6-0-8
X fix to 1: 746
X fix to 0: 0
Fractional X remaining: 1238 | min(1.6609851111893358E-4, 0.9981264332478791)
--------------------------------------
i = 188	Master Time = 2	Lamb = 19723	Total time = 524	Obj = 2388.76	Pricing Time = 0
i = 189	Master Time = 2	Lamb = 19945	Total time = 526	Obj = 2370.62	Pricing Time = 0
i = 190	Master Time = 3	Lamb = 20141	Total time = 529	Obj = 2362.03	Pricing Time = 0
i = 191	Master Time = 1	Lamb = 20309	Total time = 530	Obj = 2327.71	Pricing Time = 0
i = 192	Master Time = 1	Lamb = 20429	Total time = 531	Obj = 2322.05	Pricing Time = 0
i = 193	Master Time = 1	Lamb = 20485	Total time = 533	Obj = 2318.31	Pricing Time = 0
i = 194	Master Time = 1	Lamb = 20533	Total time = 534	Obj = 2315.22	Pricing Time = 2
i = 195	Master Time = 2	Lamb = 20593	Total time = 538	Obj = 2307.22	Pricing Time = 1
i = 196	Master Time = 2	Lamb = 20647	Total time = 541	Obj = 2304.70	Pricing Time = 2
i = 197	Master Time = 1	Lamb = 20688	Total time = 544	Obj = 2303.33	Pricing Time = 3
i = 198	Master Time = 1	Lamb = 20701	Total time = 547	Obj = 2302.71	Pricing Time = 2
i = 199	Master Time = 1	Lamb = 20741	Total time = 551	Obj = 2300.52	Pricing Time = 3
i = 200	Master Time = 0	Lamb = 20784	Total time = 554	Obj = 2300.00	Pricing Time = 3
--------------------------------------
n070w4_0_8-6-0-8
X fix to 1: 809
X fix to 0: 0
Fractional X remaining: 996 | min(7.102151398917789E-4, 0.9939976270784193)
--------------------------------------
i = 201	Master Time = 3	Lamb = 20784	Total time = 560	Obj = 2435.54	Pricing Time = 0
i = 202	Master Time = 2	Lamb = 20996	Total time = 562	Obj = 2397.31	Pricing Time = 0
i = 203	Master Time = 2	Lamb = 21229	Total time = 564	Obj = 2386.08	Pricing Time = 0
i = 204	Master Time = 2	Lamb = 21385	Total time = 566	Obj = 2368.05	Pricing Time = 0
i = 205	Master Time = 2	Lamb = 21519	Total time = 568	Obj = 2354.85	Pricing Time = 0
i = 206	Master Time = 2	Lamb = 21600	Total time = 569	Obj = 2340.83	Pricing Time = 0
i = 207	Master Time = 1	Lamb = 21667	Total time = 571	Obj = 2331.33	Pricing Time = 0
i = 208	Master Time = 1	Lamb = 21715	Total time = 572	Obj = 2319.97	Pricing Time = 1
i = 209	Master Time = 1	Lamb = 21771	Total time = 574	Obj = 2310.37	Pricing Time = 2
i = 210	Master Time = 1	Lamb = 21812	Total time = 577	Obj = 2307.10	Pricing Time = 2
i = 211	Master Time = 2	Lamb = 21839	Total time = 580	Obj = 2302.43	Pricing Time = 2
i = 212	Master Time = 1	Lamb = 21871	Total time = 584	Obj = 2300.72	Pricing Time = 2
i = 213	Master Time = 1	Lamb = 21907	Total time = 587	Obj = 2300.00	Pricing Time = 3
i = 214	Master Time = 0	Lamb = 21913	Total time = 590	Obj = 2300.00	Pricing Time = 3
i = 215	Master Time = 0	Lamb = 21917	Total time = 593	Obj = 2300.00	Pricing Time = 3
i = 216	Master Time = 0	Lamb = 21920	Total time = 596	Obj = 2300.00	Pricing Time = 3
--------------------------------------
n070w4_0_8-6-0-8
X fix to 1: 845
X fix to 0: 0
Fractional X remaining: 683 | min(0.002390057201084511, 0.9936885535592818)
--------------------------------------
i = 217	Master Time = 2	Lamb = 21920	Total time = 601	Obj = 2405.18	Pricing Time = 0
i = 218	Master Time = 2	Lamb = 22083	Total time = 603	Obj = 2373.44	Pricing Time = 0
i = 219	Master Time = 2	Lamb = 22182	Total time = 605	Obj = 2355.36	Pricing Time = 0
i = 220	Master Time = 1	Lamb = 22294	Total time = 606	Obj = 2339.46	Pricing Time = 1
i = 221	Master Time = 0	Lamb = 22363	Total time = 607	Obj = 2326.35	Pricing Time = 2
i = 222	Master Time = 0	Lamb = 22425	Total time = 609	Obj = 2319.24	Pricing Time = 3
i = 223	Master Time = 0	Lamb = 22454	Total time = 612	Obj = 2314.82	Pricing Time = 2
i = 224	Master Time = 1	Lamb = 22495	Total time = 615	Obj = 2309.43	Pricing Time = 2
i = 225	Master Time = 1	Lamb = 22528	Total time = 618	Obj = 2306.55	Pricing Time = 2
i = 226	Master Time = 1	Lamb = 22547	Total time = 621	Obj = 2304.82	Pricing Time = 2
i = 227	Master Time = 1	Lamb = 22570	Total time = 623	Obj = 2301.50	Pricing Time = 2
i = 228	Master Time = 1	Lamb = 22591	Total time = 627	Obj = 2300.63	Pricing Time = 2
i = 229	Master Time = 0	Lamb = 22612	Total time = 629	Obj = 2300.00	Pricing Time = 3
--------------------------------------
n070w4_0_8-6-0-8
X fix to 1: 890
X fix to 0: 0
Fractional X remaining: 553 | min(0.002794938500883637, 0.9901255940433842)
--------------------------------------
i = 230	Master Time = 2	Lamb = 22612	Total time = 634	Obj = 2420.77	Pricing Time = 0
i = 231	Master Time = 2	Lamb = 22796	Total time = 636	Obj = 2398.92	Pricing Time = 0
i = 232	Master Time = 2	Lamb = 22950	Total time = 638	Obj = 2388.50	Pricing Time = 0
i = 233	Master Time = 1	Lamb = 23051	Total time = 639	Obj = 2380.36	Pricing Time = 2
i = 234	Master Time = 0	Lamb = 23107	Total time = 641	Obj = 2371.79	Pricing Time = 2
i = 235	Master Time = 0	Lamb = 23150	Total time = 644	Obj = 2354.93	Pricing Time = 2
i = 236	Master Time = 1	Lamb = 23189	Total time = 647	Obj = 2339.36	Pricing Time = 2
i = 237	Master Time = 1	Lamb = 23227	Total time = 650	Obj = 2324.35	Pricing Time = 2
i = 238	Master Time = 1	Lamb = 23249	Total time = 653	Obj = 2318.89	Pricing Time = 2
i = 239	Master Time = 1	Lamb = 23279	Total time = 656	Obj = 2313.98	Pricing Time = 1
i = 240	Master Time = 0	Lamb = 23302	Total time = 658	Obj = 2312.73	Pricing Time = 2
i = 241	Master Time = 1	Lamb = 23317	Total time = 661	Obj = 2312.06	Pricing Time = 2
i = 242	Master Time = 1	Lamb = 23331	Total time = 664	Obj = 2302.55	Pricing Time = 2
i = 243	Master Time = 1	Lamb = 23352	Total time = 667	Obj = 2300.86	Pricing Time = 2
i = 244	Master Time = 0	Lamb = 23371	Total time = 669	Obj = 2300.29	Pricing Time = 2
i = 245	Master Time = 1	Lamb = 23382	Total time = 672	Obj = 2300.00	Pricing Time = 2
i = 246	Master Time = 0	Lamb = 23383	Total time = 674	Obj = 2300.00	Pricing Time = 2
--------------------------------------
n070w4_0_8-6-0-8
X fix to 1: 911
X fix to 0: 0
Fractional X remaining: 405 | min(4.6948356806919556E-4, 0.9333333333333295)
--------------------------------------
i = 247	Master Time = 1	Lamb = 23383	Total time = 677	Obj = 2321.94	Pricing Time = 1
i = 248	Master Time = 0	Lamb = 23593	Total time = 678	Obj = 2321.60	Pricing Time = 0
i = 249	Master Time = 1	Lamb = 23728	Total time = 678	Obj = 2319.04	Pricing Time = 0
i = 250	Master Time = 0	Lamb = 23814	Total time = 679	Obj = 2314.68	Pricing Time = 2
i = 251	Master Time = 1	Lamb = 23885	Total time = 682	Obj = 2301.82	Pricing Time = 1
i = 252	Master Time = 1	Lamb = 23923	Total time = 683	Obj = 2301.65	Pricing Time = 2
i = 253	Master Time = 0	Lamb = 23942	Total time = 686	Obj = 2300.64	Pricing Time = 2
i = 254	Master Time = 1	Lamb = 23959	Total time = 689	Obj = 2300.00	Pricing Time = 2
i = 255	Master Time = 1	Lamb = 23976	Total time = 691	Obj = 2300.00	Pricing Time = 2
i = 256	Master Time = 0	Lamb = 23981	Total time = 694	Obj = 2300.00	Pricing Time = 2
i = 257	Master Time = 1	Lamb = 23985	Total time = 697	Obj = 2300.00	Pricing Time = 2
i = 258	Master Time = 1	Lamb = 23994	Total time = 700	Obj = 2300.00	Pricing Time = 2
i = 259	Master Time = 1	Lamb = 23996	Total time = 703	Obj = 2300.00	Pricing Time = 2
--------------------------------------
n070w4_0_8-6-0-8
X fix to 1: 914
X fix to 0: 0
Fractional X remaining: 320 | min(0.03333333333333255, 0.8000000000000007)
--------------------------------------
i = 260	Master Time = 1	Lamb = 23996	Total time = 706	Obj = 2300.88	Pricing Time = 2
i = 261	Master Time = 1	Lamb = 24029	Total time = 709	Obj = 2300.00	Pricing Time = 2
i = 262	Master Time = 1	Lamb = 24038	Total time = 712	Obj = 2300.00	Pricing Time = 2
i = 263	Master Time = 1	Lamb = 24041	Total time = 714	Obj = 2300.00	Pricing Time = 2
--------------------------------------
n070w4_0_8-6-0-8
X fix to 1: 924
X fix to 0: 0
Fractional X remaining: 327 | min(0.004603446008152712, 0.8419045113770907)
--------------------------------------
i = 264	Master Time = 1	Lamb = 24041	Total time = 717	Obj = 2314.20	Pricing Time = 2
i = 265	Master Time = 1	Lamb = 24084	Total time = 720	Obj = 2308.35	Pricing Time = 1
i = 266	Master Time = 1	Lamb = 24110	Total time = 723	Obj = 2304.39	Pricing Time = 2
i = 267	Master Time = 1	Lamb = 24130	Total time = 725	Obj = 2301.25	Pricing Time = 1
i = 268	Master Time = 1	Lamb = 24137	Total time = 728	Obj = 2301.00	Pricing Time = 2
i = 269	Master Time = 1	Lamb = 24146	Total time = 730	Obj = 2300.91	Pricing Time = 2
i = 270	Master Time = 1	Lamb = 24161	Total time = 733	Obj = 2300.75	Pricing Time = 2
i = 271	Master Time = 0	Lamb = 24175	Total time = 736	Obj = 2300.00	Pricing Time = 3
i = 272	Master Time = 0	Lamb = 24176	Total time = 739	Obj = 2300.00	Pricing Time = 2
--------------------------------------
n070w4_0_8-6-0-8
X fix to 1: 946
X fix to 0: 0
Fractional X remaining: 301 | min(0.013513513513513806, 0.963963963963964)
--------------------------------------
i = 273	Master Time = 1	Lamb = 24176	Total time = 742	Obj = 2316.67	Pricing Time = 2
i = 274	Master Time = 1	Lamb = 24197	Total time = 745	Obj = 2305.00	Pricing Time = 2
i = 275	Master Time = 0	Lamb = 24213	Total time = 747	Obj = 2300.00	Pricing Time = 2
i = 276	Master Time = 1	Lamb = 24225	Total time = 750	Obj = 2300.00	Pricing Time = 2
i = 277	Master Time = 0	Lamb = 24230	Total time = 752	Obj = 2300.00	Pricing Time = 3
--------------------------------------
n070w4_0_8-6-0-8
X fix to 1: 949
X fix to 0: 0
Fractional X remaining: 212 | min(0.024999999999999897, 0.8)
--------------------------------------
i = 278	Master Time = 0	Lamb = 24230	Total time = 755	Obj = 2305.00	Pricing Time = 2
i = 279	Master Time = 1	Lamb = 24247	Total time = 758	Obj = 2300.00	Pricing Time = 2
i = 280	Master Time = 1	Lamb = 24253	Total time = 761	Obj = 2300.00	Pricing Time = 2
i = 281	Master Time = 0	Lamb = 24254	Total time = 763	Obj = 2300.00	Pricing Time = 2
--------------------------------------
n070w4_0_8-6-0-8
X fix to 1: 950
X fix to 0: 1
Fractional X remaining: 167 | min(0.25, 0.5)
--------------------------------------
i = 282	Master Time = 0	Lamb = 24254	Total time = 765	Obj = 2310.00	Pricing Time = 2
i = 283	Master Time = 1	Lamb = 24264	Total time = 768	Obj = 2310.00	Pricing Time = 2
i = 284	Master Time = 1	Lamb = 24280	Total time = 770	Obj = 2310.00	Pricing Time = 2
--------------------------------------
n070w4_0_8-6-0-8
X fix to 1: 955
X fix to 0: 1
Fractional X remaining: 196 | min(0.03846153846153838, 0.9615384615384615)
--------------------------------------
i = 285	Master Time = 0	Lamb = 24280	Total time = 773	Obj = 2310.00	Pricing Time = 2
i = 286	Master Time = 0	Lamb = 24282	Total time = 775	Obj = 2310.00	Pricing Time = 2
i = 287	Master Time = 1	Lamb = 24286	Total time = 777	Obj = 2310.00	Pricing Time = 2
i = 288	Master Time = 0	Lamb = 24287	Total time = 780	Obj = 2310.00	Pricing Time = 2
i = 289	Master Time = 0	Lamb = 24307	Total time = 782	Obj = 2310.00	Pricing Time = 3
--------------------------------------
n070w4_0_8-6-0-8
X fix to 1: 956
X fix to 0: 2
Fractional X remaining: 156 | min(0.25, 0.500000000000001)
--------------------------------------
i = 290	Master Time = 0	Lamb = 24307	Total time = 785	Obj = 2350.00	Pricing Time = 2
i = 291	Master Time = 1	Lamb = 24321	Total time = 787	Obj = 2350.00	Pricing Time = 2
i = 292	Master Time = 0	Lamb = 24327	Total time = 790	Obj = 2348.33	Pricing Time = 2
i = 293	Master Time = 0	Lamb = 24333	Total time = 792	Obj = 2342.50	Pricing Time = 2
i = 294	Master Time = 1	Lamb = 24338	Total time = 795	Obj = 2341.67	Pricing Time = 2
i = 295	Master Time = 0	Lamb = 24341	Total time = 797	Obj = 2341.67	Pricing Time = 2
i = 296	Master Time = 0	Lamb = 24344	Total time = 799	Obj = 2340.00	Pricing Time = 2
i = 297	Master Time = 0	Lamb = 24345	Total time = 801	Obj = 2340.00	Pricing Time = 3
i = 298	Master Time = 0	Lamb = 24347	Total time = 804	Obj = 2340.00	Pricing Time = 2
--------------------------------------
n070w4_0_8-6-0-8
X fix to 1: 959
X fix to 0: 2
Fractional X remaining: 96 | min(0.12499999999999967, 0.75)
--------------------------------------
i = 299	Master Time = 0	Lamb = 24347	Total time = 806	Obj = 2342.50	Pricing Time = 2
i = 300	Master Time = 0	Lamb = 24363	Total time = 808	Obj = 2340.00	Pricing Time = 3
--------------------------------------
n070w4_0_8-6-0-8
X fix to 1: 963
X fix to 0: 2
Fractional X remaining: 85 | min(0.09999999999999998, 0.8999999999999999)
--------------------------------------
i = 301	Master Time = 0	Lamb = 24363	Total time = 811	Obj = 2345.00	Pricing Time = 2
i = 302	Master Time = 1	Lamb = 24371	Total time = 813	Obj = 2340.00	Pricing Time = 2
i = 303	Master Time = 0	Lamb = 24375	Total time = 816	Obj = 2340.00	Pricing Time = 2
--------------------------------------
n070w4_0_8-6-0-8
X fix to 1: 964
X fix to 0: 3
Fractional X remaining: 69 | min(0.4999999999999999, 0.5000000000000001)
--------------------------------------
i = 304	Master Time = 1	Lamb = 24375	Total time = 819	Obj = 2390.00	Pricing Time = 2
i = 305	Master Time = 0	Lamb = 24390	Total time = 821	Obj = 2373.33	Pricing Time = 2
i = 306	Master Time = 0	Lamb = 24404	Total time = 823	Obj = 2367.00	Pricing Time = 2
i = 307	Master Time = 1	Lamb = 24416	Total time = 826	Obj = 2361.88	Pricing Time = 2
i = 308	Master Time = 0	Lamb = 24428	Total time = 828	Obj = 2355.00	Pricing Time = 2
i = 309	Master Time = 1	Lamb = 24434	Total time = 830	Obj = 2353.33	Pricing Time = 2
i = 310	Master Time = 0	Lamb = 24440	Total time = 833	Obj = 2350.00	Pricing Time = 2
i = 311	Master Time = 0	Lamb = 24443	Total time = 835	Obj = 2340.00	Pricing Time = 3
i = 312	Master Time = 0	Lamb = 24446	Total time = 838	Obj = 2340.00	Pricing Time = 2
i = 313	Master Time = 0	Lamb = 24450	Total time = 840	Obj = 2340.00	Pricing Time = 2
i = 314	Master Time = 0	Lamb = 24453	Total time = 842	Obj = 2340.00	Pricing Time = 3
i = 315	Master Time = 0	Lamb = 24457	Total time = 845	Obj = 2340.00	Pricing Time = 2
i = 316	Master Time = 0	Lamb = 24459	Total time = 847	Obj = 2340.00	Pricing Time = 2
i = 317	Master Time = 1	Lamb = 24461	Total time = 849	Obj = 2340.00	Pricing Time = 1
i = 318	Master Time = 0	Lamb = 24463	Total time = 851	Obj = 2340.00	Pricing Time = 2

n070w4_0_8-6-0-8
Integer solution found

Printing SHIFT allocations
HN_0   |L|L|-|-|-|-|-| |L|L|L|L|L|-|-| |-|-|-|L|L|L|L| |L|-|-|-|-|-|-|
HN_1   |L|L|-|-|-|L|L| |L|-|-|L|L|L|L| |-|-|L|L|L|-|-| |L|L|L|L|-|-|-|
HN_2   |-|D|D|D|D|-|-| |-|D|D|L|L|-|-| |-|-|-|D|D|E|E| |E|-|-|D|D|E|E|
HN_3   |-|-|N|N|N|N|N| |-|-|-|-|-|-|N| |N|N|N|-|-|-|-| |-|N|N|N|N|-|-|
HN_4   |E|E|-|-|E|E|E| |-|-|E|E|E|-|-| |E|E|E|E|E|-|-| |E|E|E|-|-|L|L|
HN_5   |-|E|E|E|E|-|-| |-|-|-|E|E|E|E| |L|L|-|-|-|-|-| |E|E|E|E|E|-|-|
HN_6   |D|D|D|D|D|-|-| |-|D|D|D|-|-|-| |D|D|D|-|-|D|D| |D|D|D|-|-|-|-|
HN_7   |N|N|N|N|-|-|-| |N|N|N|N|N|-|-| |-|-|-|N|N|N|N| |N|-|-|N|N|N|N|
NU_8   |N|N|N|N|N|-|-| |N|N|N|N|N|-|-| |-|-|-|N|N|N|N| |-|-|-|N|N|N|N|
NU_9   |L|L|L|L|-|-|-| |-|-|L|L|L|-|-| |L|L|L|-|-|L|L| |L|-|-|-|-|L|L|
NU_10  |-|-|L|L|L|-|-| |L|L|L|L|L|-|-| |-|L|L|L|L|-|-| |-|-|L|L|L|-|-|
NU_11  |N|N|-|-|D|D|D| |-|-|D|D|D|-|-| |D|D|D|D|D|-|-| |D|D|D|-|-|D|D|
NU_12  |L|L|L|L|-|-|-| |L|L|L|-|-|L|L| |L|L|-|-|-|-|-| |L|L|L|L|-|-|-|
NU_13  |N|-|-|-|-|-|-| |L|L|L|L|L|-|-| |-|-|-|L|L|L|L| |L|-|-|-|-|-|-|
NU_14  |L|L|L|-|-|-|-| |L|L|L|-|-|E|E| |L|L|-|-|L|L|L| |L|L|-|-|-|-|-|
NU_15  |E|E|E|E|-|-|-| |E|E|E|-|-|E|E| |E|E|-|-|-|-|-| |E|E|E|E|-|-|-|
NU_16  |N|N|N|N|N|-|-| |-|-|D|D|L|L|L| |-|-|-|-|L|L|L| |L|L|-|-|-|-|-|
NU_17  |-|-|-|-|L|L|L| |L|L|-|-|-|-|-| |-|L|L|L|L|-|-| |-|-|-|-|D|D|N|
NU_18  |L|L|L|L|-|-|-| |-|D|D|D|-|-|-| |-|D|D|D|-|-|-| |D|D|D|D|D|-|-|
NU_19  |E|D|D|-|-|-|-| |D|D|D|-|-|D|D| |D|-|-|-|D|D|D| |-|-|D|D|D|-|-|
NU_20  |N|N|N|N|N|-|-| |N|N|N|N|N|-|-| |N|N|N|N|N|-|-| |N|N|N|N|N|-|-|
NU_21  |-|-|-|L|L|L|L| |-|-|-|-|-|L|L| |L|L|-|-|-|-|-| |-|D|D|L|L|-|-|
NU_22  |L|-|-|N|N|N|N| |N|-|-|D|D|E|E| |-|-|E|E|E|-|-| |D|D|E|E|E|-|-|
NU_23  |D|D|D|D|D|-|-| |-|-|-|D|D|D|D| |D|-|-|D|D|D|D| |-|-|D|D|D|-|-|
NU_24  |-|D|D|L|L|-|-| |-|-|-|-|E|E|N| |N|N|N|-|-|-|-| |-|E|E|D|D|-|-|
NU_25  |D|D|D|D|D|-|-| |D|D|D|D|D|-|-| |D|D|D|D|D|-|-| |D|D|D|D|D|-|-|
NU_26  |E|-|-|N|N|N|N| |-|-|N|N|N|-|-| |N|N|N|N|N|-|-| |N|N|N|N|N|-|-|
NU_27  |-|-|N|N|N|N|N| |-|-|L|L|L|-|-| |D|D|L|L|L|-|-| |N|N|N|N|N|-|-|
NU_28  |D|D|D|D|-|-|-| |D|D|D|-|-|D|D| |D|D|-|-|-|D|D| |D|D|-|-|-|-|-|
NU_29  |E|E|E|E|-|-|-| |E|E|E|E|E|-|-| |E|E|E|-|-|-|-| |-|E|E|E|-|-|-|
NU_30  |N|N|N|N|N|-|-| |N|N|N|N|N|-|-| |-|-|-|N|N|N|N| |-|-|-|N|N|N|N|
NU_31  |-|-|L|L|L|-|-| |N|N|N|N|N|-|-| |N|N|N|N|N|-|-| |N|N|N|N|N|-|-|
NU_32  |-|-|-|-|E|E|E| |E|E|-|-|-|-|-| |-|E|E|E|E|-|-| |-|-|-|E|E|E|D|
NU_33  |L|-|-|E|E|D|D| |-|-|D|D|D|-|-| |E|E|E|D|D|-|-| |L|L|L|-|-|D|D|
NU_34  |N|N|N|N|N|-|-| |-|-|-|-|N|N|N| |N|-|-|-|-|-|-| |N|N|N|N|-|-|-|
NU_35  |-|-|E|E|E|-|-| |E|E|E|E|E|-|-| |-|-|-|E|E|E|E| |-|-|E|E|E|-|-|
NU_36  |-|-|-|-|D|D|D| |D|L|L|-|-|-|-| |-|D|D|D|D|-|-| |-|-|-|D|D|D|E|
NU_37  |N|-|-|-|-|E|E| |D|D|-|-|N|N|N| |N|N|-|-|-|-|-| |E|E|L|L|L|-|-|
NU_38  |-|-|-|-|D|D|L| |L|L|L|-|-|-|-| |-|-|E|E|L|L|L| |L|-|-|-|-|-|-|
NU_39  |L|L|-|-|-|-|-| |L|L|L|L|L|-|-| |L|L|L|L|L|-|-| |-|-|L|L|L|-|-|
CT_40  |D|D|D|D|D|-|-| |-|-|-|E|E|E|D| |D|-|-|-|D|D|D| |L|L|-|-|-|-|-|
CT_41  |-|E|E|D|D|-|-| |-|-|-|-|D|D|N| |N|N|N|-|-|-|-| |-|L|L|L|L|-|-|
CT_42  |L|-|-|N|N|N|N| |-|-|D|D|D|-|-| |E|E|E|E|E|-|-| |D|D|D|D|D|-|-|
CT_43  |-|-|-|E|E|D|D| |E|E|-|-|-|-|-| |-|L|L|L|L|-|-| |-|-|-|L|L|L|N|
CT_44  |E|E|E|D|D|-|-| |N|N|N|N|N|-|-| |D|D|D|E|E|-|-| |D|D|E|E|E|-|-|
CT_45  |D|D|L|L|L|-|-| |E|E|E|E|E|-|-| |N|N|N|N|N|-|-| |E|E|L|L|L|-|-|
CT_46  |D|D|E|E|E|-|-| |E|E|E|E|E|-|-| |E|E|E|E|E|-|-| |E|E|E|E|E|-|-|
CT_47  |E|E|L|L|-|-|-| |-|D|D|D|D|-|-| |-|-|-|N|N|N|N| |N|-|-|-|-|E|E|
CT_48  |N|N|N|-|-|-|-| |E|E|D|D|-|-|-| |D|D|D|D|-|-|-| |-|-|N|N|N|N|N|
CT_49  |-|-|L|L|L|-|-| |N|N|N|N|N|-|-| |N|N|N|N|N|-|-| |D|D|L|L|L|-|-|
CT_50  |D|D|L|L|L|-|-| |-|-|-|-|E|E|N| |N|N|N|-|-|-|-| |-|D|D|D|D|-|-|
CT_51  |-|-|-|N|N|N|N| |-|-|-|-|-|D|D| |L|L|-|-|-|-|-| |N|N|N|N|N|-|-|
CT_52  |E|E|L|L|-|-|-| |N|N|N|N|N|-|-| |-|-|-|N|N|N|N| |N|-|-|E|E|L|L|
CT_53  |L|L|-|-|L|L|L| |-|-|L|L|L|-|-| |L|L|L|L|L|-|-| |L|L|L|L|L|-|-|
CT_54  |-|-|E|E|E|-|-| |D|D|N|N|N|-|-| |E|E|E|E|E|-|-| |E|E|E|E|E|-|-|
CT_55  |E|E|D|D|D|-|-| |D|D|L|L|L|-|-| |E|E|D|D|D|-|-| |E|E|D|D|D|-|-|
CT_56  |D|D|D|D|D|-|-| |D|D|D|D|D|-|-| |D|D|D|-|-|D|D| |D|D|-|-|D|D|D|
CT_57  |E|E|E|E|-|-|-| |-|E|E|E|E|-|-| |E|E|E|-|-|-|-| |E|E|L|L|-|-|-|
CT_58  |E|E|E|E|-|-|-| |E|E|E|E|E|-|-| |-|-|-|E|E|E|E| |E|-|-|-|-|E|E|
CT_59  |D|-|-|-|-|E|E| |D|D|-|-|D|D|L| |L|L|-|-|-|-|-| |N|N|N|N|N|-|-|
TR_60  |E|E|E|E|E|-|-| |E|E|E|L|L|-|-| |L|L|L|-|-|L|L| |L|-|-|D|D|D|E|
TR_61  |D|D|-|-|-|-|-| |-|N|N|N|N|-|-| |-|-|-|E|E|D|D| |E|E|-|-|-|-|-|
TR_62  |E|E|L|L|L|-|-| |D|D|E|E|E|-|-| |E|E|E|L|L|-|-| |L|L|L|-|E|E|L|
TR_63  |D|D|L|L|-|-|-| |-|-|-|E|E|L|L| |-|-|-|-|-|E|E| |D|D|-|-|-|-|-|
TR_64  |-|-|-|D|D|L|L| |-|-|D|D|D|-|-| |-|-|N|N|N|N|N| |-|-|N|N|N|-|-|
TR_65  |L|L|L|N|N|-|-| |N|N|N|N|N|-|-| |D|D|E|E|E|-|-| |E|E|E|-|-|L|L|
TR_66  |-|-|D|D|D|D|-| |-|-|-|-|D|D|D| |L|L|L|-|-|-|-| |-|D|D|D|E|-|-|
TR_67  |-|-|-|-|E|E|E| |E|L|-|-|-|-|-| |E|E|D|D|-|-|-| |-|-|L|L|L|L|-|
TR_68  |L|L|-|-|-|L|L| |L|L|-|-|-|-|-| |N|N|N|N|N|-|-| |L|L|L|L|-|-|-|
TR_69  |N|N|N|N|N|-|-| |D|D|D|L|L|-|-| |D|D|D|L|L|-|-| |N|N|N|N|N|-|-|
Total assignment constraints: 1240
Consecutive constraints: 120
Non working days constraints: 90
Preferences: 140
Max working weekend: 330
Complete weekends: 0
Optimal coverage constraints: 420
TOTAL = 2340
