Creating directory: out/n035w4_0_5-9-5-6

-----------------------------------------------------------
Instance	n035w4_0_5-9-5-6
algorithm	=	vns
maxIter	=	10
eliteSet	=	10
shakePerc	=	0.9
bestKnow	=	1492.5
minColsIter	=	0.35
minRoundDown	=	-1.0
minRoundUp	=	0.67
seed	=	0
onlyRelax	=	false
nThreads	=	20
alpha	=	0.6
timeOut	=	14600
-----------------------------------------------------------
Parallels mode has been selected.
i = 0	Master Time = 0	Lamb = 0	Total time = 2	Obj = 201980.00	Pricing Time = 1
i = 1	Master Time = 0	Lamb = 225	Total time = 2	Obj = 74670.00	Pricing Time = 0
i = 2	Master Time = 1	Lamb = 441	Total time = 3	Obj = 24938.50	Pricing Time = 0
i = 3	Master Time = 0	Lamb = 637	Total time = 4	Obj = 17872.55	Pricing Time = 1
i = 4	Master Time = 0	Lamb = 855	Total time = 5	Obj = 14422.81	Pricing Time = 0
i = 5	Master Time = 1	Lamb = 1056	Total time = 6	Obj = 11762.61	Pricing Time = 0
i = 6	Master Time = 1	Lamb = 1265	Total time = 7	Obj = 7933.37	Pricing Time = 0
i = 7	Master Time = 1	Lamb = 1483	Total time = 7	Obj = 6925.06	Pricing Time = 0
i = 8	Master Time = 0	Lamb = 1701	Total time = 8	Obj = 6095.30	Pricing Time = 0
i = 9	Master Time = 1	Lamb = 1920	Total time = 9	Obj = 5496.02	Pricing Time = 0
i = 10	Master Time = 1	Lamb = 2117	Total time = 10	Obj = 4907.89	Pricing Time = 0
i = 11	Master Time = 1	Lamb = 2326	Total time = 11	Obj = 4505.79	Pricing Time = 1
i = 12	Master Time = 1	Lamb = 2519	Total time = 12	Obj = 4090.65	Pricing Time = 0
i = 13	Master Time = 0	Lamb = 2690	Total time = 13	Obj = 3837.78	Pricing Time = 0
i = 14	Master Time = 2	Lamb = 2882	Total time = 14	Obj = 3414.78	Pricing Time = 0
i = 15	Master Time = 1	Lamb = 3060	Total time = 15	Obj = 3195.55	Pricing Time = 0
i = 16	Master Time = 1	Lamb = 3259	Total time = 16	Obj = 2968.94	Pricing Time = 0
i = 17	Master Time = 1	Lamb = 3439	Total time = 18	Obj = 2789.17	Pricing Time = 0
i = 18	Master Time = 2	Lamb = 3600	Total time = 19	Obj = 2653.48	Pricing Time = 0
i = 19	Master Time = 1	Lamb = 3771	Total time = 20	Obj = 2537.52	Pricing Time = 0
i = 20	Master Time = 1	Lamb = 3913	Total time = 21	Obj = 2457.44	Pricing Time = 0
i = 21	Master Time = 1	Lamb = 4028	Total time = 22	Obj = 2365.32	Pricing Time = 0
i = 22	Master Time = 0	Lamb = 4163	Total time = 23	Obj = 2283.06	Pricing Time = 0
i = 23	Master Time = 1	Lamb = 4286	Total time = 23	Obj = 2239.56	Pricing Time = 0
i = 24	Master Time = 1	Lamb = 4434	Total time = 24	Obj = 2189.93	Pricing Time = 0
i = 25	Master Time = 0	Lamb = 4552	Total time = 25	Obj = 2156.09	Pricing Time = 1
i = 26	Master Time = 1	Lamb = 4676	Total time = 26	Obj = 2120.43	Pricing Time = 0
i = 27	Master Time = 0	Lamb = 4794	Total time = 27	Obj = 2073.30	Pricing Time = 0
i = 28	Master Time = 1	Lamb = 4906	Total time = 28	Obj = 2038.85	Pricing Time = 0
i = 29	Master Time = 1	Lamb = 5018	Total time = 28	Obj = 2005.48	Pricing Time = 0
i = 30	Master Time = 0	Lamb = 5119	Total time = 29	Obj = 1985.48	Pricing Time = 0
i = 31	Master Time = 1	Lamb = 5239	Total time = 30	Obj = 1961.77	Pricing Time = 0
i = 32	Master Time = 1	Lamb = 5341	Total time = 30	Obj = 1935.98	Pricing Time = 0
i = 33	Master Time = 1	Lamb = 5434	Total time = 31	Obj = 1922.04	Pricing Time = 0
i = 34	Master Time = 0	Lamb = 5526	Total time = 32	Obj = 1912.07	Pricing Time = 0
i = 35	Master Time = 1	Lamb = 5619	Total time = 32	Obj = 1901.10	Pricing Time = 0
i = 36	Master Time = 0	Lamb = 5689	Total time = 33	Obj = 1886.90	Pricing Time = 1
i = 37	Master Time = 0	Lamb = 5773	Total time = 34	Obj = 1876.94	Pricing Time = 1
i = 38	Master Time = 0	Lamb = 5838	Total time = 34	Obj = 1871.82	Pricing Time = 0
i = 39	Master Time = 1	Lamb = 5913	Total time = 36	Obj = 1862.06	Pricing Time = 0
i = 40	Master Time = 1	Lamb = 5991	Total time = 37	Obj = 1846.48	Pricing Time = 0
i = 41	Master Time = 1	Lamb = 6067	Total time = 37	Obj = 1829.76	Pricing Time = 0
i = 42	Master Time = 0	Lamb = 6148	Total time = 38	Obj = 1818.35	Pricing Time = 1
i = 43	Master Time = 1	Lamb = 6209	Total time = 39	Obj = 1809.28	Pricing Time = 0
i = 44	Master Time = 1	Lamb = 6280	Total time = 41	Obj = 1802.32	Pricing Time = 0
i = 45	Master Time = 1	Lamb = 6336	Total time = 41	Obj = 1796.56	Pricing Time = 0
i = 46	Master Time = 0	Lamb = 6387	Total time = 42	Obj = 1792.19	Pricing Time = 1
i = 47	Master Time = 1	Lamb = 6435	Total time = 43	Obj = 1786.98	Pricing Time = 0
i = 48	Master Time = 1	Lamb = 6496	Total time = 44	Obj = 1780.06	Pricing Time = 0
i = 49	Master Time = 0	Lamb = 6552	Total time = 45	Obj = 1777.56	Pricing Time = 1
i = 50	Master Time = 0	Lamb = 6610	Total time = 46	Obj = 1765.69	Pricing Time = 1
i = 51	Master Time = 0	Lamb = 6656	Total time = 47	Obj = 1762.10	Pricing Time = 1
i = 52	Master Time = 0	Lamb = 6697	Total time = 48	Obj = 1759.24	Pricing Time = 1
i = 53	Master Time = 0	Lamb = 6724	Total time = 49	Obj = 1757.47	Pricing Time = 0
i = 54	Master Time = 1	Lamb = 6757	Total time = 49	Obj = 1755.65	Pricing Time = 0
i = 55	Master Time = 0	Lamb = 6789	Total time = 50	Obj = 1754.06	Pricing Time = 1
i = 56	Master Time = 0	Lamb = 6828	Total time = 51	Obj = 1752.32	Pricing Time = 1
i = 57	Master Time = 0	Lamb = 6863	Total time = 52	Obj = 1750.68	Pricing Time = 1
i = 58	Master Time = 0	Lamb = 6895	Total time = 53	Obj = 1749.28	Pricing Time = 0
i = 59	Master Time = 1	Lamb = 6924	Total time = 54	Obj = 1747.50	Pricing Time = 0
i = 60	Master Time = 1	Lamb = 6958	Total time = 55	Obj = 1745.97	Pricing Time = 1
i = 61	Master Time = 0	Lamb = 6981	Total time = 56	Obj = 1744.30	Pricing Time = 0
i = 62	Master Time = 0	Lamb = 7007	Total time = 57	Obj = 1742.80	Pricing Time = 1
i = 63	Master Time = 0	Lamb = 7033	Total time = 58	Obj = 1741.95	Pricing Time = 0
i = 64	Master Time = 1	Lamb = 7060	Total time = 58	Obj = 1741.11	Pricing Time = 0
i = 65	Master Time = 1	Lamb = 7083	Total time = 59	Obj = 1740.54	Pricing Time = 0
i = 66	Master Time = 1	Lamb = 7106	Total time = 60	Obj = 1740.04	Pricing Time = 0
i = 67	Master Time = 1	Lamb = 7131	Total time = 62	Obj = 1738.69	Pricing Time = 0
i = 68	Master Time = 1	Lamb = 7151	Total time = 62	Obj = 1738.19	Pricing Time = 0
i = 69	Master Time = 1	Lamb = 7179	Total time = 63	Obj = 1737.07	Pricing Time = 0
i = 70	Master Time = 1	Lamb = 7210	Total time = 64	Obj = 1736.39	Pricing Time = 0
i = 71	Master Time = 1	Lamb = 7240	Total time = 65	Obj = 1735.30	Pricing Time = 0
i = 72	Master Time = 1	Lamb = 7263	Total time = 66	Obj = 1730.71	Pricing Time = 0
i = 73	Master Time = 1	Lamb = 7291	Total time = 67	Obj = 1726.67	Pricing Time = 8
i = 74	Master Time = 1	Lamb = 7355	Total time = 76	Obj = 1696.43	Pricing Time = 0
i = 75	Master Time = 1	Lamb = 7395	Total time = 78	Obj = 1685.79	Pricing Time = 1
i = 76	Master Time = 0	Lamb = 7428	Total time = 79	Obj = 1682.21	Pricing Time = 1
i = 77	Master Time = 0	Lamb = 7464	Total time = 79	Obj = 1680.37	Pricing Time = 0
i = 78	Master Time = 1	Lamb = 7488	Total time = 80	Obj = 1678.80	Pricing Time = 0
i = 79	Master Time = 0	Lamb = 7508	Total time = 81	Obj = 1677.80	Pricing Time = 1
i = 80	Master Time = 0	Lamb = 7537	Total time = 82	Obj = 1674.19	Pricing Time = 0
i = 81	Master Time = 0	Lamb = 7555	Total time = 83	Obj = 1671.99	Pricing Time = 0
i = 82	Master Time = 1	Lamb = 7585	Total time = 83	Obj = 1670.40	Pricing Time = 0
i = 83	Master Time = 1	Lamb = 7616	Total time = 85	Obj = 1668.91	Pricing Time = 1
i = 84	Master Time = 0	Lamb = 7643	Total time = 86	Obj = 1666.19	Pricing Time = 1
i = 85	Master Time = 0	Lamb = 7672	Total time = 86	Obj = 1665.17	Pricing Time = 11
i = 86	Master Time = 1	Lamb = 7731	Total time = 99	Obj = 1643.16	Pricing Time = 0
i = 87	Master Time = 1	Lamb = 7778	Total time = 99	Obj = 1639.15	Pricing Time = 0
i = 88	Master Time = 1	Lamb = 7817	Total time = 101	Obj = 1634.78	Pricing Time = 0
i = 89	Master Time = 1	Lamb = 7846	Total time = 102	Obj = 1632.37	Pricing Time = 9
i = 90	Master Time = 1	Lamb = 7922	Total time = 111	Obj = 1618.76	Pricing Time = 0
i = 91	Master Time = 1	Lamb = 7949	Total time = 112	Obj = 1616.20	Pricing Time = 0
i = 92	Master Time = 0	Lamb = 7972	Total time = 113	Obj = 1614.34	Pricing Time = 9
i = 93	Master Time = 1	Lamb = 8049	Total time = 123	Obj = 1599.29	Pricing Time = 0
i = 94	Master Time = 1	Lamb = 8071	Total time = 123	Obj = 1595.61	Pricing Time = 0
i = 95	Master Time = 1	Lamb = 8097	Total time = 124	Obj = 1593.02	Pricing Time = 0
i = 96	Master Time = 0	Lamb = 8118	Total time = 125	Obj = 1590.51	Pricing Time = 1
i = 97	Master Time = 0	Lamb = 8140	Total time = 126	Obj = 1587.96	Pricing Time = 11
i = 98	Master Time = 1	Lamb = 8214	Total time = 137	Obj = 1572.29	Pricing Time = 0
i = 99	Master Time = 1	Lamb = 8242	Total time = 138	Obj = 1570.66	Pricing Time = 0
i = 100	Master Time = 0	Lamb = 8264	Total time = 139	Obj = 1569.69	Pricing Time = 1
i = 101	Master Time = 1	Lamb = 8291	Total time = 140	Obj = 1568.42	Pricing Time = 0
i = 102	Master Time = 0	Lamb = 8315	Total time = 141	Obj = 1567.76	Pricing Time = 11
i = 103	Master Time = 1	Lamb = 8379	Total time = 153	Obj = 1554.05	Pricing Time = 1
i = 104	Master Time = 0	Lamb = 8407	Total time = 154	Obj = 1551.95	Pricing Time = 0
i = 105	Master Time = 1	Lamb = 8425	Total time = 154	Obj = 1551.74	Pricing Time = 0
i = 106	Master Time = 1	Lamb = 8445	Total time = 155	Obj = 1547.66	Pricing Time = 9
i = 107	Master Time = 1	Lamb = 8509	Total time = 166	Obj = 1540.86	Pricing Time = 0
i = 108	Master Time = 1	Lamb = 8533	Total time = 166	Obj = 1539.99	Pricing Time = 8
i = 109	Master Time = 1	Lamb = 8596	Total time = 176	Obj = 1534.92	Pricing Time = 0
i = 110	Master Time = 1	Lamb = 8615	Total time = 176	Obj = 1534.56	Pricing Time = 6
i = 111	Master Time = 1	Lamb = 8676	Total time = 183	Obj = 1529.67	Pricing Time = 9
i = 112	Master Time = 0	Lamb = 8747	Total time = 193	Obj = 1525.61	Pricing Time = 8
i = 113	Master Time = 1	Lamb = 8810	Total time = 202	Obj = 1523.45	Pricing Time = 12
i = 114	Master Time = 1	Lamb = 8873	Total time = 215	Obj = 1520.35	Pricing Time = 8
i = 115	Master Time = 1	Lamb = 8942	Total time = 223	Obj = 1516.29	Pricing Time = 6
i = 116	Master Time = 0	Lamb = 8991	Total time = 230	Obj = 1514.48	Pricing Time = 8
i = 117	Master Time = 0	Lamb = 9003	Total time = 238	Obj = 1510.35	Pricing Time = 9
i = 118	Master Time = 0	Lamb = 9016	Total time = 246	Obj = 1509.98	Pricing Time = 7
i = 119	Master Time = 1	Lamb = 9030	Total time = 254	Obj = 1508.52	Pricing Time = 8
i = 120	Master Time = 0	Lamb = 9042	Total time = 262	Obj = 1505.24	Pricing Time = 7
i = 121	Master Time = 0	Lamb = 9050	Total time = 270	Obj = 1503.06	Pricing Time = 9
i = 122	Master Time = 0	Lamb = 9062	Total time = 279	Obj = 1502.43	Pricing Time = 7
i = 123	Master Time = 1	Lamb = 9079	Total time = 286	Obj = 1502.03	Pricing Time = 7
i = 124	Master Time = 1	Lamb = 9094	Total time = 294	Obj = 1500.58	Pricing Time = 7
i = 125	Master Time = 0	Lamb = 9106	Total time = 302	Obj = 1499.02	Pricing Time = 7
i = 126	Master Time = 0	Lamb = 9121	Total time = 309	Obj = 1498.11	Pricing Time = 8
i = 127	Master Time = 0	Lamb = 9133	Total time = 317	Obj = 1497.90	Pricing Time = 8
i = 128	Master Time = 0	Lamb = 9143	Total time = 325	Obj = 1497.00	Pricing Time = 9
i = 129	Master Time = 1	Lamb = 9154	Total time = 334	Obj = 1496.59	Pricing Time = 7
i = 130	Master Time = 0	Lamb = 9160	Total time = 342	Obj = 1496.41	Pricing Time = 8
i = 131	Master Time = 0	Lamb = 9174	Total time = 350	Obj = 1495.91	Pricing Time = 8
i = 132	Master Time = 0	Lamb = 9187	Total time = 358	Obj = 1495.66	Pricing Time = 9
i = 133	Master Time = 0	Lamb = 9201	Total time = 366	Obj = 1495.30	Pricing Time = 8
i = 134	Master Time = 0	Lamb = 9213	Total time = 375	Obj = 1495.11	Pricing Time = 7
i = 135	Master Time = 1	Lamb = 9228	Total time = 382	Obj = 1494.93	Pricing Time = 9
i = 136	Master Time = 0	Lamb = 9240	Total time = 392	Obj = 1494.93	Pricing Time = 7
i = 137	Master Time = 1	Lamb = 9250	Total time = 399	Obj = 1494.74	Pricing Time = 6
i = 138	Master Time = 1	Lamb = 9259	Total time = 406	Obj = 1494.52	Pricing Time = 7
i = 139	Master Time = 0	Lamb = 9270	Total time = 414	Obj = 1494.26	Pricing Time = 8
i = 140	Master Time = 0	Lamb = 9282	Total time = 422	Obj = 1494.21	Pricing Time = 8
i = 141	Master Time = 0	Lamb = 9293	Total time = 430	Obj = 1494.13	Pricing Time = 7
i = 142	Master Time = 1	Lamb = 9306	Total time = 437	Obj = 1494.09	Pricing Time = 8
i = 143	Master Time = 0	Lamb = 9315	Total time = 445	Obj = 1493.74	Pricing Time = 9
i = 144	Master Time = 0	Lamb = 9323	Total time = 455	Obj = 1493.62	Pricing Time = 8
i = 145	Master Time = 0	Lamb = 9337	Total time = 463	Obj = 1493.54	Pricing Time = 8
i = 146	Master Time = 0	Lamb = 9347	Total time = 471	Obj = 1493.50	Pricing Time = 8
i = 147	Master Time = 1	Lamb = 9359	Total time = 479	Obj = 1493.41	Pricing Time = 7
i = 148	Master Time = 0	Lamb = 9372	Total time = 487	Obj = 1493.29	Pricing Time = 7
i = 149	Master Time = 1	Lamb = 9384	Total time = 494	Obj = 1493.00	Pricing Time = 8
i = 150	Master Time = 1	Lamb = 9393	Total time = 503	Obj = 1492.50	Pricing Time = 7
i = 151	Master Time = 0	Lamb = 9397	Total time = 511	Obj = 1492.50	Pricing Time = 8
i = 152	Master Time = 0	Lamb = 9402	Total time = 519	Obj = 1492.50	Pricing Time = 8
i = 153	Master Time = 0	Lamb = 9407	Total time = 527	Obj = 1492.50	Pricing Time = 9
i = 154	Master Time = 0	Lamb = 9413	Total time = 536	Obj = 1492.50	Pricing Time = 8
i = 155	Master Time = 0	Lamb = 9422	Total time = 543	Obj = 1492.50	Pricing Time = 6
i = 156	Master Time = 1	Lamb = 9426	Total time = 550	Obj = 1492.50	Pricing Time = 7
i = 157	Master Time = 0	Lamb = 9433	Total time = 558	Obj = 1492.50	Pricing Time = 6
i = 158	Master Time = 1	Lamb = 9434	Total time = 564	Obj = 1492.50	Pricing Time = 7
i = 159	Master Time = 1	Lamb = 9435	Total time = 572	Obj = 1492.50	Pricing Time = 6

Optimal of relaxation found.
Fractional X Variables: 1722 (min: 3.3284008063338977E-4 max: 0.8970412903241247)
--------------------------------------
n035w4_0_5-9-5-6
X fix to 1: 100
X fix to 0: 0
Fractional X remaining: 1722 | min(3.3284008063338977E-4, 0.8970412903241247)
--------------------------------------
i = 160	Master Time = 1	Lamb = 9435	Total time = 581	Obj = 1648.78	Pricing Time = 0
i = 161	Master Time = 1	Lamb = 9568	Total time = 582	Obj = 1597.30	Pricing Time = 0
i = 162	Master Time = 1	Lamb = 9715	Total time = 583	Obj = 1592.43	Pricing Time = 0
i = 163	Master Time = 1	Lamb = 9829	Total time = 585	Obj = 1576.86	Pricing Time = 0
i = 164	Master Time = 1	Lamb = 9931	Total time = 586	Obj = 1566.44	Pricing Time = 0
i = 165	Master Time = 1	Lamb = 10005	Total time = 587	Obj = 1557.24	Pricing Time = 1
i = 166	Master Time = 1	Lamb = 10077	Total time = 589	Obj = 1534.47	Pricing Time = 0
i = 167	Master Time = 2	Lamb = 10127	Total time = 590	Obj = 1526.00	Pricing Time = 0
i = 168	Master Time = 1	Lamb = 10169	Total time = 591	Obj = 1522.99	Pricing Time = 0
i = 169	Master Time = 0	Lamb = 10203	Total time = 592	Obj = 1521.30	Pricing Time = 1
i = 170	Master Time = 0	Lamb = 10226	Total time = 593	Obj = 1519.91	Pricing Time = 0
i = 171	Master Time = 1	Lamb = 10249	Total time = 593	Obj = 1519.18	Pricing Time = 0
i = 172	Master Time = 1	Lamb = 10269	Total time = 595	Obj = 1517.90	Pricing Time = 1
i = 173	Master Time = 0	Lamb = 10294	Total time = 596	Obj = 1516.76	Pricing Time = 0
i = 174	Master Time = 1	Lamb = 10325	Total time = 597	Obj = 1514.90	Pricing Time = 0
i = 175	Master Time = 1	Lamb = 10351	Total time = 598	Obj = 1513.49	Pricing Time = 0
i = 176	Master Time = 1	Lamb = 10374	Total time = 599	Obj = 1512.97	Pricing Time = 3
i = 177	Master Time = 1	Lamb = 10427	Total time = 603	Obj = 1509.88	Pricing Time = 0
i = 178	Master Time = 1	Lamb = 10452	Total time = 604	Obj = 1508.07	Pricing Time = 4
i = 179	Master Time = 1	Lamb = 10493	Total time = 608	Obj = 1505.19	Pricing Time = 0
i = 180	Master Time = 1	Lamb = 10515	Total time = 609	Obj = 1503.98	Pricing Time = 0
i = 181	Master Time = 1	Lamb = 10537	Total time = 610	Obj = 1503.21	Pricing Time = 2
i = 182	Master Time = 2	Lamb = 10577	Total time = 615	Obj = 1497.58	Pricing Time = 0
i = 183	Master Time = 1	Lamb = 10604	Total time = 616	Obj = 1497.27	Pricing Time = 4
i = 184	Master Time = 1	Lamb = 10646	Total time = 621	Obj = 1494.91	Pricing Time = 3
i = 185	Master Time = 1	Lamb = 10693	Total time = 624	Obj = 1494.10	Pricing Time = 0
i = 186	Master Time = 0	Lamb = 10717	Total time = 625	Obj = 1494.05	Pricing Time = 2
i = 187	Master Time = 1	Lamb = 10760	Total time = 628	Obj = 1493.80	Pricing Time = 3
i = 188	Master Time = 1	Lamb = 10797	Total time = 631	Obj = 1493.56	Pricing Time = 4
i = 189	Master Time = 0	Lamb = 10835	Total time = 636	Obj = 1493.33	Pricing Time = 4
i = 190	Master Time = 1	Lamb = 10844	Total time = 641	Obj = 1492.71	Pricing Time = 3
i = 191	Master Time = 0	Lamb = 10880	Total time = 644	Obj = 1492.50	Pricing Time = 4
i = 192	Master Time = 0	Lamb = 10882	Total time = 648	Obj = 1492.50	Pricing Time = 4
i = 193	Master Time = 0	Lamb = 10883	Total time = 652	Obj = 1492.50	Pricing Time = 4
--------------------------------------
n035w4_0_5-9-5-6
X fix to 1: 161
X fix to 0: 0
Fractional X remaining: 1307 | min(3.516666997439924E-4, 0.9905071436918664)
--------------------------------------
i = 194	Master Time = 2	Lamb = 10883	Total time = 657	Obj = 1550.65	Pricing Time = 0
i = 195	Master Time = 1	Lamb = 11014	Total time = 658	Obj = 1541.60	Pricing Time = 0
i = 196	Master Time = 1	Lamb = 11116	Total time = 660	Obj = 1532.22	Pricing Time = 0
i = 197	Master Time = 1	Lamb = 11206	Total time = 661	Obj = 1519.57	Pricing Time = 0
i = 198	Master Time = 1	Lamb = 11271	Total time = 662	Obj = 1512.65	Pricing Time = 1
i = 199	Master Time = 0	Lamb = 11315	Total time = 663	Obj = 1510.97	Pricing Time = 1
i = 200	Master Time = 1	Lamb = 11354	Total time = 664	Obj = 1509.62	Pricing Time = 0
i = 201	Master Time = 1	Lamb = 11389	Total time = 665	Obj = 1508.85	Pricing Time = 0
i = 202	Master Time = 1	Lamb = 11410	Total time = 666	Obj = 1504.15	Pricing Time = 3
i = 203	Master Time = 1	Lamb = 11447	Total time = 670	Obj = 1499.55	Pricing Time = 0
i = 204	Master Time = 1	Lamb = 11475	Total time = 671	Obj = 1499.10	Pricing Time = 2
i = 205	Master Time = 1	Lamb = 11509	Total time = 674	Obj = 1498.57	Pricing Time = 2
i = 206	Master Time = 1	Lamb = 11537	Total time = 678	Obj = 1497.74	Pricing Time = 3
i = 207	Master Time = 1	Lamb = 11570	Total time = 682	Obj = 1496.08	Pricing Time = 6
i = 208	Master Time = 0	Lamb = 11607	Total time = 688	Obj = 1496.00	Pricing Time = 0
i = 209	Master Time = 1	Lamb = 11624	Total time = 688	Obj = 1495.96	Pricing Time = 0
i = 210	Master Time = 0	Lamb = 11645	Total time = 689	Obj = 1495.92	Pricing Time = 3
i = 211	Master Time = 0	Lamb = 11674	Total time = 692	Obj = 1495.74	Pricing Time = 4
i = 212	Master Time = 0	Lamb = 11690	Total time = 696	Obj = 1495.20	Pricing Time = 3
i = 213	Master Time = 1	Lamb = 11726	Total time = 699	Obj = 1495.00	Pricing Time = 3
i = 214	Master Time = 0	Lamb = 11727	Total time = 702	Obj = 1495.00	Pricing Time = 4
--------------------------------------
n035w4_0_5-9-5-6
X fix to 1: 257
X fix to 0: 0
Fractional X remaining: 1327 | min(1.2813410880834625E-4, 0.9650159978624039)
--------------------------------------
i = 215	Master Time = 1	Lamb = 11727	Total time = 707	Obj = 1802.29	Pricing Time = 0
i = 216	Master Time = 1	Lamb = 11907	Total time = 708	Obj = 1687.69	Pricing Time = 0
i = 217	Master Time = 0	Lamb = 12063	Total time = 709	Obj = 1657.78	Pricing Time = 0
i = 218	Master Time = 1	Lamb = 12185	Total time = 710	Obj = 1605.02	Pricing Time = 0
i = 219	Master Time = 1	Lamb = 12275	Total time = 710	Obj = 1565.84	Pricing Time = 0
i = 220	Master Time = 1	Lamb = 12358	Total time = 711	Obj = 1554.39	Pricing Time = 0
i = 221	Master Time = 0	Lamb = 12414	Total time = 712	Obj = 1546.82	Pricing Time = 1
i = 222	Master Time = 0	Lamb = 12475	Total time = 713	Obj = 1535.62	Pricing Time = 1
i = 223	Master Time = 0	Lamb = 12522	Total time = 714	Obj = 1532.10	Pricing Time = 0
i = 224	Master Time = 1	Lamb = 12563	Total time = 715	Obj = 1524.21	Pricing Time = 0
i = 225	Master Time = 1	Lamb = 12609	Total time = 715	Obj = 1521.44	Pricing Time = 0
i = 226	Master Time = 1	Lamb = 12657	Total time = 716	Obj = 1517.41	Pricing Time = 0
i = 227	Master Time = 0	Lamb = 12685	Total time = 717	Obj = 1516.50	Pricing Time = 1
i = 228	Master Time = 0	Lamb = 12713	Total time = 717	Obj = 1515.54	Pricing Time = 0
i = 229	Master Time = 1	Lamb = 12740	Total time = 718	Obj = 1513.83	Pricing Time = 0
i = 230	Master Time = 0	Lamb = 12772	Total time = 719	Obj = 1511.46	Pricing Time = 2
i = 231	Master Time = 0	Lamb = 12811	Total time = 721	Obj = 1504.11	Pricing Time = 3
i = 232	Master Time = 1	Lamb = 12851	Total time = 724	Obj = 1501.19	Pricing Time = 2
i = 233	Master Time = 0	Lamb = 12884	Total time = 727	Obj = 1499.82	Pricing Time = 2
i = 234	Master Time = 1	Lamb = 12910	Total time = 729	Obj = 1498.01	Pricing Time = 2
i = 235	Master Time = 1	Lamb = 12942	Total time = 732	Obj = 1495.45	Pricing Time = 1
i = 236	Master Time = 1	Lamb = 12983	Total time = 735	Obj = 1495.06	Pricing Time = 2
i = 237	Master Time = 1	Lamb = 13016	Total time = 737	Obj = 1495.00	Pricing Time = 2
i = 238	Master Time = 0	Lamb = 13021	Total time = 740	Obj = 1495.00	Pricing Time = 2
i = 239	Master Time = 0	Lamb = 13026	Total time = 742	Obj = 1495.00	Pricing Time = 3
i = 240	Master Time = 0	Lamb = 13029	Total time = 744	Obj = 1495.00	Pricing Time = 2
i = 241	Master Time = 0	Lamb = 13032	Total time = 747	Obj = 1495.00	Pricing Time = 2
i = 242	Master Time = 0	Lamb = 13035	Total time = 749	Obj = 1495.00	Pricing Time = 3
i = 243	Master Time = 0	Lamb = 13038	Total time = 751	Obj = 1495.00	Pricing Time = 2
i = 244	Master Time = 0	Lamb = 13043	Total time = 754	Obj = 1495.00	Pricing Time = 3
i = 245	Master Time = 0	Lamb = 13048	Total time = 756	Obj = 1495.00	Pricing Time = 2
i = 246	Master Time = 0	Lamb = 13052	Total time = 759	Obj = 1495.00	Pricing Time = 2
i = 247	Master Time = 1	Lamb = 13057	Total time = 761	Obj = 1495.00	Pricing Time = 2
i = 248	Master Time = 0	Lamb = 13058	Total time = 763	Obj = 1495.00	Pricing Time = 2
i = 249	Master Time = 0	Lamb = 13060	Total time = 766	Obj = 1495.00	Pricing Time = 2
i = 250	Master Time = 0	Lamb = 13065	Total time = 768	Obj = 1495.00	Pricing Time = 3
i = 251	Master Time = 0	Lamb = 13068	Total time = 771	Obj = 1495.00	Pricing Time = 2
i = 252	Master Time = 0	Lamb = 13073	Total time = 773	Obj = 1495.00	Pricing Time = 3
i = 253	Master Time = 0	Lamb = 13076	Total time = 776	Obj = 1495.00	Pricing Time = 2
i = 254	Master Time = 0	Lamb = 13077	Total time = 778	Obj = 1495.00	Pricing Time = 2
--------------------------------------
n035w4_0_5-9-5-6
X fix to 1: 294
X fix to 0: 0
Fractional X remaining: 792 | min(4.1264582970890196E-4, 0.7801435601137063)
--------------------------------------
i = 255	Master Time = 1	Lamb = 13077	Total time = 781	Obj = 1632.07	Pricing Time = 1
i = 256	Master Time = 1	Lamb = 13213	Total time = 782	Obj = 1610.04	Pricing Time = 0
i = 257	Master Time = 0	Lamb = 13333	Total time = 783	Obj = 1600.18	Pricing Time = 0
i = 258	Master Time = 1	Lamb = 13422	Total time = 783	Obj = 1595.09	Pricing Time = 0
i = 259	Master Time = 1	Lamb = 13478	Total time = 784	Obj = 1582.85	Pricing Time = 0
i = 260	Master Time = 1	Lamb = 13532	Total time = 785	Obj = 1569.85	Pricing Time = 0
i = 261	Master Time = 1	Lamb = 13575	Total time = 786	Obj = 1560.40	Pricing Time = 0
i = 262	Master Time = 0	Lamb = 13623	Total time = 787	Obj = 1555.82	Pricing Time = 0
i = 263	Master Time = 1	Lamb = 13647	Total time = 787	Obj = 1553.59	Pricing Time = 0
i = 264	Master Time = 1	Lamb = 13670	Total time = 788	Obj = 1551.79	Pricing Time = 0
i = 265	Master Time = 0	Lamb = 13696	Total time = 789	Obj = 1549.94	Pricing Time = 1
i = 266	Master Time = 0	Lamb = 13716	Total time = 790	Obj = 1549.62	Pricing Time = 2
i = 267	Master Time = 0	Lamb = 13749	Total time = 792	Obj = 1541.76	Pricing Time = 3
i = 268	Master Time = 1	Lamb = 13778	Total time = 795	Obj = 1536.25	Pricing Time = 0
i = 269	Master Time = 0	Lamb = 13808	Total time = 796	Obj = 1534.43	Pricing Time = 2
i = 270	Master Time = 1	Lamb = 13841	Total time = 798	Obj = 1530.58	Pricing Time = 1
i = 271	Master Time = 1	Lamb = 13868	Total time = 801	Obj = 1527.79	Pricing Time = 0
i = 272	Master Time = 1	Lamb = 13889	Total time = 801	Obj = 1526.74	Pricing Time = 1
i = 273	Master Time = 1	Lamb = 13918	Total time = 804	Obj = 1522.93	Pricing Time = 2
i = 274	Master Time = 0	Lamb = 13941	Total time = 806	Obj = 1520.96	Pricing Time = 2
i = 275	Master Time = 1	Lamb = 13967	Total time = 808	Obj = 1516.68	Pricing Time = 1
i = 276	Master Time = 0	Lamb = 13991	Total time = 810	Obj = 1514.25	Pricing Time = 2
i = 277	Master Time = 0	Lamb = 14015	Total time = 812	Obj = 1511.96	Pricing Time = 2
i = 278	Master Time = 1	Lamb = 14037	Total time = 815	Obj = 1507.97	Pricing Time = 2
i = 279	Master Time = 1	Lamb = 14063	Total time = 817	Obj = 1506.38	Pricing Time = 2
i = 280	Master Time = 0	Lamb = 14087	Total time = 820	Obj = 1505.05	Pricing Time = 2
i = 281	Master Time = 0	Lamb = 14106	Total time = 822	Obj = 1505.01	Pricing Time = 3
i = 282	Master Time = 1	Lamb = 14123	Total time = 825	Obj = 1504.09	Pricing Time = 2
i = 283	Master Time = 0	Lamb = 14132	Total time = 828	Obj = 1503.89	Pricing Time = 3
i = 284	Master Time = 0	Lamb = 14149	Total time = 831	Obj = 1503.75	Pricing Time = 3
--------------------------------------
n035w4_0_5-9-5-6
X fix to 1: 318
X fix to 0: 0
Fractional X remaining: 589 | min(1.5768454524052455E-4, 0.923814179506564)
--------------------------------------
i = 285	Master Time = 1	Lamb = 14149	Total time = 834	Obj = 1608.05	Pricing Time = 0
i = 286	Master Time = 1	Lamb = 14268	Total time = 836	Obj = 1587.93	Pricing Time = 0
i = 287	Master Time = 1	Lamb = 14352	Total time = 836	Obj = 1569.83	Pricing Time = 0
i = 288	Master Time = 0	Lamb = 14409	Total time = 837	Obj = 1558.66	Pricing Time = 1
i = 289	Master Time = 0	Lamb = 14446	Total time = 838	Obj = 1552.38	Pricing Time = 1
i = 290	Master Time = 0	Lamb = 14483	Total time = 838	Obj = 1551.12	Pricing Time = 0
i = 291	Master Time = 1	Lamb = 14510	Total time = 839	Obj = 1546.55	Pricing Time = 0
i = 292	Master Time = 1	Lamb = 14527	Total time = 840	Obj = 1544.54	Pricing Time = 0
i = 293	Master Time = 0	Lamb = 14541	Total time = 841	Obj = 1543.84	Pricing Time = 2
i = 294	Master Time = 1	Lamb = 14563	Total time = 844	Obj = 1531.27	Pricing Time = 0
i = 295	Master Time = 1	Lamb = 14585	Total time = 844	Obj = 1529.43	Pricing Time = 2
i = 296	Master Time = 0	Lamb = 14614	Total time = 847	Obj = 1525.14	Pricing Time = 2
i = 297	Master Time = 0	Lamb = 14637	Total time = 849	Obj = 1523.52	Pricing Time = 2
i = 298	Master Time = 1	Lamb = 14654	Total time = 852	Obj = 1519.98	Pricing Time = 3
i = 299	Master Time = 0	Lamb = 14676	Total time = 855	Obj = 1516.29	Pricing Time = 2
i = 300	Master Time = 1	Lamb = 14701	Total time = 857	Obj = 1514.88	Pricing Time = 2
i = 301	Master Time = 1	Lamb = 14720	Total time = 861	Obj = 1510.28	Pricing Time = 2
i = 302	Master Time = 1	Lamb = 14737	Total time = 863	Obj = 1509.20	Pricing Time = 2
i = 303	Master Time = 1	Lamb = 14754	Total time = 866	Obj = 1506.92	Pricing Time = 1
i = 304	Master Time = 1	Lamb = 14776	Total time = 868	Obj = 1506.37	Pricing Time = 2
i = 305	Master Time = 1	Lamb = 14798	Total time = 871	Obj = 1505.00	Pricing Time = 2
i = 306	Master Time = 0	Lamb = 14805	Total time = 874	Obj = 1505.00	Pricing Time = 3
--------------------------------------
n035w4_0_5-9-5-6
X fix to 1: 343
X fix to 0: 0
Fractional X remaining: 509 | min(8.819265145300036E-4, 0.9852304299838881)
--------------------------------------
i = 307	Master Time = 1	Lamb = 14805	Total time = 878	Obj = 1573.81	Pricing Time = 0
i = 308	Master Time = 1	Lamb = 14923	Total time = 878	Obj = 1564.89	Pricing Time = 0
i = 309	Master Time = 1	Lamb = 14991	Total time = 879	Obj = 1555.14	Pricing Time = 0
i = 310	Master Time = 1	Lamb = 15060	Total time = 880	Obj = 1547.54	Pricing Time = 0
i = 311	Master Time = 1	Lamb = 15104	Total time = 881	Obj = 1537.72	Pricing Time = 0
i = 312	Master Time = 0	Lamb = 15132	Total time = 882	Obj = 1533.31	Pricing Time = 1
i = 313	Master Time = 1	Lamb = 15159	Total time = 883	Obj = 1526.25	Pricing Time = 1
i = 314	Master Time = 1	Lamb = 15179	Total time = 886	Obj = 1519.25	Pricing Time = 2
i = 315	Master Time = 0	Lamb = 15201	Total time = 888	Obj = 1517.96	Pricing Time = 2
i = 316	Master Time = 0	Lamb = 15217	Total time = 890	Obj = 1517.73	Pricing Time = 2
i = 317	Master Time = 1	Lamb = 15231	Total time = 893	Obj = 1513.64	Pricing Time = 2
i = 318	Master Time = 1	Lamb = 15248	Total time = 895	Obj = 1509.91	Pricing Time = 2
i = 319	Master Time = 1	Lamb = 15265	Total time = 899	Obj = 1506.58	Pricing Time = 2
i = 320	Master Time = 1	Lamb = 15281	Total time = 901	Obj = 1505.00	Pricing Time = 2
i = 321	Master Time = 1	Lamb = 15297	Total time = 904	Obj = 1505.00	Pricing Time = 2
i = 322	Master Time = 1	Lamb = 15327	Total time = 908	Obj = 1505.00	Pricing Time = 2
i = 323	Master Time = 1	Lamb = 15348	Total time = 911	Obj = 1505.00	Pricing Time = 3
i = 324	Master Time = 1	Lamb = 15369	Total time = 914	Obj = 1505.00	Pricing Time = 0
i = 325	Master Time = 1	Lamb = 15436	Total time = 915	Obj = 1505.00	Pricing Time = 0
i = 326	Master Time = 1	Lamb = 15488	Total time = 917	Obj = 1505.00	Pricing Time = 0
i = 327	Master Time = 1	Lamb = 15530	Total time = 918	Obj = 1505.00	Pricing Time = 0
i = 328	Master Time = 1	Lamb = 15566	Total time = 919	Obj = 1505.00	Pricing Time = 0
i = 329	Master Time = 1	Lamb = 15597	Total time = 920	Obj = 1505.00	Pricing Time = 2
i = 330	Master Time = 2	Lamb = 15632	Total time = 923	Obj = 1505.00	Pricing Time = 1
i = 331	Master Time = 2	Lamb = 15653	Total time = 926	Obj = 1505.00	Pricing Time = 2
i = 332	Master Time = 2	Lamb = 15669	Total time = 930	Obj = 1505.00	Pricing Time = 0
i = 333	Master Time = 1	Lamb = 15726	Total time = 931	Obj = 1505.00	Pricing Time = 1
i = 334	Master Time = 2	Lamb = 15751	Total time = 934	Obj = 1505.00	Pricing Time = 1
i = 335	Master Time = 1	Lamb = 15758	Total time = 936	Obj = 1505.00	Pricing Time = 1
i = 336	Master Time = 1	Lamb = 15766	Total time = 938	Obj = 1505.00	Pricing Time = 2
--------------------------------------
n035w4_0_5-9-5-6
X fix to 1: 350
X fix to 0: 0
Fractional X remaining: 347 | min(0.005649717514131347, 0.8898305084745757)
--------------------------------------
i = 337	Master Time = 1	Lamb = 15766	Total time = 941	Obj = 1509.66	Pricing Time = 0
i = 338	Master Time = 1	Lamb = 15808	Total time = 942	Obj = 1509.62	Pricing Time = 0
i = 339	Master Time = 0	Lamb = 15846	Total time = 943	Obj = 1509.02	Pricing Time = 0
i = 340	Master Time = 0	Lamb = 15867	Total time = 943	Obj = 1508.78	Pricing Time = 3
i = 341	Master Time = 0	Lamb = 15884	Total time = 946	Obj = 1506.38	Pricing Time = 2
i = 342	Master Time = 1	Lamb = 15901	Total time = 948	Obj = 1505.27	Pricing Time = 1
i = 343	Master Time = 1	Lamb = 15918	Total time = 950	Obj = 1505.00	Pricing Time = 1
i = 344	Master Time = 1	Lamb = 15928	Total time = 952	Obj = 1505.00	Pricing Time = 2
i = 345	Master Time = 0	Lamb = 15930	Total time = 954	Obj = 1505.00	Pricing Time = 2
i = 346	Master Time = 0	Lamb = 15933	Total time = 957	Obj = 1505.00	Pricing Time = 2
--------------------------------------
n035w4_0_5-9-5-6
X fix to 1: 364
X fix to 0: 0
Fractional X remaining: 314 | min(0.09999999999999874, 0.9000000000000002)
--------------------------------------
i = 347	Master Time = 1	Lamb = 15933	Total time = 960	Obj = 1609.24	Pricing Time = 0
i = 348	Master Time = 1	Lamb = 16010	Total time = 960	Obj = 1572.30	Pricing Time = 1
i = 349	Master Time = 0	Lamb = 16054	Total time = 962	Obj = 1554.77	Pricing Time = 2
i = 350	Master Time = 0	Lamb = 16093	Total time = 964	Obj = 1545.30	Pricing Time = 2
i = 351	Master Time = 1	Lamb = 16111	Total time = 966	Obj = 1527.64	Pricing Time = 1
i = 352	Master Time = 1	Lamb = 16138	Total time = 969	Obj = 1515.16	Pricing Time = 2
i = 353	Master Time = 1	Lamb = 16158	Total time = 971	Obj = 1509.55	Pricing Time = 1
i = 354	Master Time = 1	Lamb = 16186	Total time = 974	Obj = 1509.40	Pricing Time = 0
i = 355	Master Time = 1	Lamb = 16230	Total time = 975	Obj = 1508.13	Pricing Time = 0
i = 356	Master Time = 1	Lamb = 16269	Total time = 976	Obj = 1508.13	Pricing Time = 1
i = 357	Master Time = 1	Lamb = 16290	Total time = 978	Obj = 1506.77	Pricing Time = 2
i = 358	Master Time = 1	Lamb = 16321	Total time = 981	Obj = 1506.17	Pricing Time = 1
i = 359	Master Time = 1	Lamb = 16338	Total time = 983	Obj = 1505.00	Pricing Time = 1
i = 360	Master Time = 2	Lamb = 16375	Total time = 985	Obj = 1505.00	Pricing Time = 1
i = 361	Master Time = 1	Lamb = 16400	Total time = 987	Obj = 1505.00	Pricing Time = 1
i = 362	Master Time = 1	Lamb = 16409	Total time = 989	Obj = 1505.00	Pricing Time = 1
i = 363	Master Time = 1	Lamb = 16413	Total time = 991	Obj = 1505.00	Pricing Time = 1
i = 364	Master Time = 1	Lamb = 16420	Total time = 993	Obj = 1505.00	Pricing Time = 2
i = 365	Master Time = 1	Lamb = 16423	Total time = 996	Obj = 1505.00	Pricing Time = 1
i = 366	Master Time = 1	Lamb = 16429	Total time = 998	Obj = 1505.00	Pricing Time = 1
i = 367	Master Time = 1	Lamb = 16432	Total time = 1001	Obj = 1505.00	Pricing Time = 2
i = 368	Master Time = 0	Lamb = 16436	Total time = 1003	Obj = 1505.00	Pricing Time = 2
i = 369	Master Time = 0	Lamb = 16438	Total time = 1005	Obj = 1505.00	Pricing Time = 2
i = 370	Master Time = 1	Lamb = 16439	Total time = 1007	Obj = 1505.00	Pricing Time = 1
--------------------------------------
n035w4_0_5-9-5-6
X fix to 1: 386
X fix to 0: 0
Fractional X remaining: 263 | min(0.0416666666666653, 0.9583333333333341)
--------------------------------------
i = 371	Master Time = 1	Lamb = 16439	Total time = 1010	Obj = 1545.00	Pricing Time = 1
i = 372	Master Time = 1	Lamb = 16492	Total time = 1011	Obj = 1530.00	Pricing Time = 0
i = 373	Master Time = 1	Lamb = 16542	Total time = 1012	Obj = 1527.50	Pricing Time = 0
i = 374	Master Time = 0	Lamb = 16578	Total time = 1013	Obj = 1525.00	Pricing Time = 2
i = 375	Master Time = 1	Lamb = 16611	Total time = 1015	Obj = 1505.00	Pricing Time = 0
i = 376	Master Time = 1	Lamb = 16636	Total time = 1016	Obj = 1505.00	Pricing Time = 1
i = 377	Master Time = 0	Lamb = 16658	Total time = 1018	Obj = 1505.00	Pricing Time = 2
i = 378	Master Time = 1	Lamb = 16682	Total time = 1020	Obj = 1505.00	Pricing Time = 1
i = 379	Master Time = 1	Lamb = 16706	Total time = 1022	Obj = 1505.00	Pricing Time = 1
i = 380	Master Time = 1	Lamb = 16732	Total time = 1025	Obj = 1505.00	Pricing Time = 2
i = 381	Master Time = 0	Lamb = 16742	Total time = 1027	Obj = 1505.00	Pricing Time = 2
i = 382	Master Time = 1	Lamb = 16753	Total time = 1029	Obj = 1505.00	Pricing Time = 1
i = 383	Master Time = 1	Lamb = 16763	Total time = 1031	Obj = 1505.00	Pricing Time = 1
i = 384	Master Time = 1	Lamb = 16770	Total time = 1034	Obj = 1505.00	Pricing Time = 2
i = 385	Master Time = 0	Lamb = 16775	Total time = 1035	Obj = 1505.00	Pricing Time = 2
i = 386	Master Time = 0	Lamb = 16777	Total time = 1038	Obj = 1505.00	Pricing Time = 2
i = 387	Master Time = 1	Lamb = 16784	Total time = 1040	Obj = 1505.00	Pricing Time = 1
i = 388	Master Time = 1	Lamb = 16792	Total time = 1042	Obj = 1505.00	Pricing Time = 1
i = 389	Master Time = 1	Lamb = 16799	Total time = 1044	Obj = 1505.00	Pricing Time = 2
i = 390	Master Time = 0	Lamb = 16809	Total time = 1046	Obj = 1505.00	Pricing Time = 2
i = 391	Master Time = 0	Lamb = 16816	Total time = 1049	Obj = 1505.00	Pricing Time = 2
i = 392	Master Time = 1	Lamb = 16824	Total time = 1052	Obj = 1505.00	Pricing Time = 2
i = 393	Master Time = 0	Lamb = 16827	Total time = 1054	Obj = 1505.00	Pricing Time = 2
i = 394	Master Time = 0	Lamb = 16830	Total time = 1056	Obj = 1505.00	Pricing Time = 2
i = 395	Master Time = 0	Lamb = 16832	Total time = 1057	Obj = 1505.00	Pricing Time = 2
i = 396	Master Time = 0	Lamb = 16833	Total time = 1059	Obj = 1505.00	Pricing Time = 2
i = 397	Master Time = 0	Lamb = 16835	Total time = 1062	Obj = 1505.00	Pricing Time = 2
i = 398	Master Time = 0	Lamb = 16837	Total time = 1064	Obj = 1505.00	Pricing Time = 2
--------------------------------------
n035w4_0_5-9-5-6
X fix to 1: 388
X fix to 0: 0
Fractional X remaining: 177 | min(0.249999999999998, 0.75)
--------------------------------------
i = 399	Master Time = 0	Lamb = 16837	Total time = 1065	Obj = 1505.00	Pricing Time = 2
--------------------------------------
n035w4_0_5-9-5-6
X fix to 1: 389
X fix to 0: 1
Fractional X remaining: 171 | min(0.4999999999999998, 0.5000000000000001)
--------------------------------------
i = 400	Master Time = 1	Lamb = 16837	Total time = 1068	Obj = 1550.31	Pricing Time = 0
i = 401	Master Time = 1	Lamb = 16865	Total time = 1070	Obj = 1520.71	Pricing Time = 2
i = 402	Master Time = 0	Lamb = 16881	Total time = 1072	Obj = 1515.00	Pricing Time = 2
i = 403	Master Time = 1	Lamb = 16904	Total time = 1074	Obj = 1515.00	Pricing Time = 1
i = 404	Master Time = 1	Lamb = 16930	Total time = 1076	Obj = 1515.00	Pricing Time = 1
i = 405	Master Time = 2	Lamb = 16948	Total time = 1079	Obj = 1515.00	Pricing Time = 1
i = 406	Master Time = 1	Lamb = 16955	Total time = 1081	Obj = 1515.00	Pricing Time = 1
i = 407	Master Time = 1	Lamb = 16963	Total time = 1083	Obj = 1515.00	Pricing Time = 1
i = 408	Master Time = 1	Lamb = 16966	Total time = 1085	Obj = 1515.00	Pricing Time = 1
i = 409	Master Time = 1	Lamb = 16972	Total time = 1087	Obj = 1515.00	Pricing Time = 1
i = 410	Master Time = 1	Lamb = 16974	Total time = 1089	Obj = 1515.00	Pricing Time = 1
--------------------------------------
n035w4_0_5-9-5-6
X fix to 1: 398
X fix to 0: 1
Fractional X remaining: 180 | min(0.10000000000000098, 0.899999999999999)
--------------------------------------
i = 411	Master Time = 1	Lamb = 16974	Total time = 1092	Obj = 1530.00	Pricing Time = 2
i = 412	Master Time = 1	Lamb = 16996	Total time = 1095	Obj = 1522.50	Pricing Time = 1
i = 413	Master Time = 1	Lamb = 17012	Total time = 1097	Obj = 1522.50	Pricing Time = 2
i = 414	Master Time = 1	Lamb = 17030	Total time = 1100	Obj = 1522.50	Pricing Time = 1
i = 415	Master Time = 1	Lamb = 17044	Total time = 1101	Obj = 1519.37	Pricing Time = 2
i = 416	Master Time = 1	Lamb = 17065	Total time = 1104	Obj = 1518.50	Pricing Time = 1
i = 417	Master Time = 1	Lamb = 17081	Total time = 1107	Obj = 1515.00	Pricing Time = 2
i = 418	Master Time = 0	Lamb = 17092	Total time = 1109	Obj = 1515.00	Pricing Time = 2
i = 419	Master Time = 0	Lamb = 17112	Total time = 1111	Obj = 1515.00	Pricing Time = 2
i = 420	Master Time = 1	Lamb = 17125	Total time = 1114	Obj = 1515.00	Pricing Time = 2
i = 421	Master Time = 1	Lamb = 17137	Total time = 1116	Obj = 1515.00	Pricing Time = 1
i = 422	Master Time = 1	Lamb = 17150	Total time = 1118	Obj = 1515.00	Pricing Time = 1
i = 423	Master Time = 1	Lamb = 17171	Total time = 1120	Obj = 1515.00	Pricing Time = 2
i = 424	Master Time = 0	Lamb = 17185	Total time = 1123	Obj = 1515.00	Pricing Time = 2
i = 425	Master Time = 0	Lamb = 17192	Total time = 1125	Obj = 1515.00	Pricing Time = 2
i = 426	Master Time = 1	Lamb = 17200	Total time = 1127	Obj = 1515.00	Pricing Time = 1
i = 427	Master Time = 1	Lamb = 17208	Total time = 1130	Obj = 1515.00	Pricing Time = 2
i = 428	Master Time = 1	Lamb = 17217	Total time = 1132	Obj = 1515.00	Pricing Time = 1
i = 429	Master Time = 1	Lamb = 17223	Total time = 1135	Obj = 1515.00	Pricing Time = 2
i = 430	Master Time = 0	Lamb = 17237	Total time = 1137	Obj = 1515.00	Pricing Time = 2
i = 431	Master Time = 1	Lamb = 17242	Total time = 1139	Obj = 1515.00	Pricing Time = 1
i = 432	Master Time = 1	Lamb = 17248	Total time = 1142	Obj = 1515.00	Pricing Time = 2
i = 433	Master Time = 0	Lamb = 17253	Total time = 1144	Obj = 1515.00	Pricing Time = 1
i = 434	Master Time = 1	Lamb = 17256	Total time = 1145	Obj = 1515.00	Pricing Time = 1
i = 435	Master Time = 1	Lamb = 17265	Total time = 1147	Obj = 1515.00	Pricing Time = 1
i = 436	Master Time = 1	Lamb = 17271	Total time = 1149	Obj = 1515.00	Pricing Time = 2
i = 437	Master Time = 0	Lamb = 17275	Total time = 1152	Obj = 1515.00	Pricing Time = 2
i = 438	Master Time = 0	Lamb = 17279	Total time = 1154	Obj = 1515.00	Pricing Time = 2
i = 439	Master Time = 1	Lamb = 17286	Total time = 1156	Obj = 1515.00	Pricing Time = 1
i = 440	Master Time = 1	Lamb = 17290	Total time = 1158	Obj = 1515.00	Pricing Time = 1
i = 441	Master Time = 1	Lamb = 17298	Total time = 1160	Obj = 1515.00	Pricing Time = 2
i = 442	Master Time = 1	Lamb = 17303	Total time = 1163	Obj = 1515.00	Pricing Time = 1
i = 443	Master Time = 1	Lamb = 17309	Total time = 1165	Obj = 1515.00	Pricing Time = 1
i = 444	Master Time = 1	Lamb = 17312	Total time = 1168	Obj = 1515.00	Pricing Time = 2
i = 445	Master Time = 0	Lamb = 17315	Total time = 1170	Obj = 1515.00	Pricing Time = 2
i = 446	Master Time = 1	Lamb = 17320	Total time = 1172	Obj = 1515.00	Pricing Time = 2
i = 447	Master Time = 0	Lamb = 17325	Total time = 1175	Obj = 1515.00	Pricing Time = 2
i = 448	Master Time = 1	Lamb = 17326	Total time = 1177	Obj = 1515.00	Pricing Time = 1
--------------------------------------
n035w4_0_5-9-5-6
X fix to 1: 405
X fix to 0: 1
Fractional X remaining: 131 | min(0.25, 0.75)
--------------------------------------
i = 449	Master Time = 1	Lamb = 17326	Total time = 1180	Obj = 1525.00	Pricing Time = 2
i = 450	Master Time = 0	Lamb = 17333	Total time = 1182	Obj = 1515.00	Pricing Time = 2
i = 451	Master Time = 0	Lamb = 17336	Total time = 1184	Obj = 1515.00	Pricing Time = 2
i = 452	Master Time = 0	Lamb = 17341	Total time = 1186	Obj = 1515.00	Pricing Time = 2
i = 453	Master Time = 1	Lamb = 17343	Total time = 1188	Obj = 1515.00	Pricing Time = 1
i = 454	Master Time = 1	Lamb = 17345	Total time = 1190	Obj = 1515.00	Pricing Time = 1
i = 455	Master Time = 1	Lamb = 17347	Total time = 1192	Obj = 1515.00	Pricing Time = 1
i = 456	Master Time = 1	Lamb = 17350	Total time = 1194	Obj = 1515.00	Pricing Time = 1
i = 457	Master Time = 1	Lamb = 17353	Total time = 1196	Obj = 1515.00	Pricing Time = 1
i = 458	Master Time = 0	Lamb = 17355	Total time = 1198	Obj = 1515.00	Pricing Time = 2
i = 459	Master Time = 0	Lamb = 17357	Total time = 1200	Obj = 1515.00	Pricing Time = 2
--------------------------------------
n035w4_0_5-9-5-6
X fix to 1: 406
X fix to 0: 1
Fractional X remaining: 120 | min(0.5, 0.5)
--------------------------------------
i = 460	Master Time = 1	Lamb = 17357	Total time = 1203	Obj = 1530.00	Pricing Time = 2
i = 461	Master Time = 0	Lamb = 17365	Total time = 1205	Obj = 1530.00	Pricing Time = 2
i = 462	Master Time = 0	Lamb = 17373	Total time = 1207	Obj = 1530.00	Pricing Time = 2
i = 463	Master Time = 1	Lamb = 17377	Total time = 1209	Obj = 1530.00	Pricing Time = 1
i = 464	Master Time = 1	Lamb = 17382	Total time = 1211	Obj = 1530.00	Pricing Time = 2
i = 465	Master Time = 1	Lamb = 17389	Total time = 1214	Obj = 1527.50	Pricing Time = 1
i = 466	Master Time = 1	Lamb = 17399	Total time = 1217	Obj = 1527.50	Pricing Time = 1
i = 467	Master Time = 1	Lamb = 17407	Total time = 1218	Obj = 1527.50	Pricing Time = 2
i = 468	Master Time = 0	Lamb = 17410	Total time = 1221	Obj = 1522.50	Pricing Time = 2
i = 469	Master Time = 0	Lamb = 17417	Total time = 1223	Obj = 1522.50	Pricing Time = 2
i = 470	Master Time = 1	Lamb = 17422	Total time = 1225	Obj = 1522.50	Pricing Time = 1
i = 471	Master Time = 1	Lamb = 17428	Total time = 1227	Obj = 1522.50	Pricing Time = 1
i = 472	Master Time = 0	Lamb = 17433	Total time = 1229	Obj = 1522.50	Pricing Time = 2
i = 473	Master Time = 0	Lamb = 17435	Total time = 1231	Obj = 1522.50	Pricing Time = 2
i = 474	Master Time = 0	Lamb = 17438	Total time = 1233	Obj = 1522.50	Pricing Time = 2
--------------------------------------
n035w4_0_5-9-5-6
X fix to 1: 407
X fix to 0: 1
Fractional X remaining: 104 | min(0.5, 0.5)
--------------------------------------
i = 475	Master Time = 0	Lamb = 17438	Total time = 1235	Obj = 1525.00	Pricing Time = 2
i = 476	Master Time = 0	Lamb = 17440	Total time = 1237	Obj = 1525.00	Pricing Time = 2
i = 477	Master Time = 1	Lamb = 17445	Total time = 1239	Obj = 1525.00	Pricing Time = 1
i = 478	Master Time = 1	Lamb = 17447	Total time = 1241	Obj = 1525.00	Pricing Time = 1
i = 479	Master Time = 1	Lamb = 17448	Total time = 1243	Obj = 1525.00	Pricing Time = 1
--------------------------------------
n035w4_0_5-9-5-6
X fix to 1: 408
X fix to 0: 2
Fractional X remaining: 98 | min(0.49999999999998834, 0.5000000000000117)
--------------------------------------
i = 480	Master Time = 2	Lamb = 17448	Total time = 1246	Obj = 1543.33	Pricing Time = 1
i = 481	Master Time = 1	Lamb = 17461	Total time = 1248	Obj = 1530.00	Pricing Time = 1
i = 482	Master Time = 1	Lamb = 17472	Total time = 1250	Obj = 1530.00	Pricing Time = 1
i = 483	Master Time = 1	Lamb = 17482	Total time = 1252	Obj = 1530.00	Pricing Time = 1
i = 484	Master Time = 1	Lamb = 17496	Total time = 1254	Obj = 1530.00	Pricing Time = 1
i = 485	Master Time = 1	Lamb = 17501	Total time = 1256	Obj = 1530.00	Pricing Time = 1
i = 486	Master Time = 1	Lamb = 17504	Total time = 1258	Obj = 1530.00	Pricing Time = 1
i = 487	Master Time = 1	Lamb = 17505	Total time = 1260	Obj = 1530.00	Pricing Time = 1
i = 488	Master Time = 1	Lamb = 17514	Total time = 1262	Obj = 1530.00	Pricing Time = 1
i = 489	Master Time = 1	Lamb = 17516	Total time = 1264	Obj = 1530.00	Pricing Time = 1
i = 490	Master Time = 1	Lamb = 17518	Total time = 1266	Obj = 1530.00	Pricing Time = 1
i = 491	Master Time = 0	Lamb = 17519	Total time = 1268	Obj = 1530.00	Pricing Time = 2
i = 492	Master Time = 0	Lamb = 17521	Total time = 1270	Obj = 1530.00	Pricing Time = 2
i = 493	Master Time = 0	Lamb = 17522	Total time = 1272	Obj = 1530.00	Pricing Time = 1
--------------------------------------
n035w4_0_5-9-5-6
X fix to 1: 409
X fix to 0: 2
Fractional X remaining: 105 | min(0.5, 0.5)
--------------------------------------
i = 494	Master Time = 2	Lamb = 17522	Total time = 1274	Obj = 1557.50	Pricing Time = 1
i = 495	Master Time = 0	Lamb = 17530	Total time = 1276	Obj = 1557.50	Pricing Time = 2
i = 496	Master Time = 0	Lamb = 17550	Total time = 1278	Obj = 1557.50	Pricing Time = 2
i = 497	Master Time = 0	Lamb = 17570	Total time = 1280	Obj = 1557.50	Pricing Time = 2
i = 498	Master Time = 1	Lamb = 17598	Total time = 1282	Obj = 1557.50	Pricing Time = 1
i = 499	Master Time = 1	Lamb = 17606	Total time = 1284	Obj = 1557.50	Pricing Time = 1
i = 500	Master Time = 1	Lamb = 17614	Total time = 1286	Obj = 1550.00	Pricing Time = 2
i = 501	Master Time = 0	Lamb = 17619	Total time = 1288	Obj = 1547.50	Pricing Time = 2
--------------------------------------
n035w4_0_5-9-5-6
X fix to 1: 410
X fix to 0: 3
Fractional X remaining: 100 | min(0.49999999999999845, 0.5000000000000022)
--------------------------------------
i = 502	Master Time = 0	Lamb = 17619	Total time = 1290	Obj = 1550.00	Pricing Time = 1
i = 503	Master Time = 0	Lamb = 17621	Total time = 1292	Obj = 1550.00	Pricing Time = 2
i = 504	Master Time = 0	Lamb = 17623	Total time = 1294	Obj = 1550.00	Pricing Time = 1
i = 505	Master Time = 1	Lamb = 17631	Total time = 1297	Obj = 1547.50	Pricing Time = 2
i = 506	Master Time = 0	Lamb = 17634	Total time = 1299	Obj = 1547.50	Pricing Time = 2
i = 507	Master Time = 0	Lamb = 17637	Total time = 1300	Obj = 1547.50	Pricing Time = 2
i = 508	Master Time = 0	Lamb = 17638	Total time = 1302	Obj = 1547.50	Pricing Time = 2
i = 509	Master Time = 0	Lamb = 17640	Total time = 1304	Obj = 1547.50	Pricing Time = 2
i = 510	Master Time = 0	Lamb = 17641	Total time = 1306	Obj = 1547.50	Pricing Time = 1
--------------------------------------
n035w4_0_5-9-5-6
X fix to 1: 411
X fix to 0: 4
Fractional X remaining: 96 | min(0.4999999999999999, 0.5000000000000001)
--------------------------------------
i = 511	Master Time = 1	Lamb = 17641	Total time = 1308	Obj = 1547.50	Pricing Time = 1
--------------------------------------
n035w4_0_5-9-5-6
X fix to 1: 412
X fix to 0: 4
Fractional X remaining: 46 | min(0.5, 0.5)
--------------------------------------
i = 512	Master Time = 1	Lamb = 17641	Total time = 1310	Obj = 1553.33	Pricing Time = 1
i = 513	Master Time = 0	Lamb = 17647	Total time = 1312	Obj = 1553.33	Pricing Time = 2
i = 514	Master Time = 1	Lamb = 17651	Total time = 1314	Obj = 1553.33	Pricing Time = 2
i = 515	Master Time = 0	Lamb = 17659	Total time = 1317	Obj = 1547.50	Pricing Time = 2
i = 516	Master Time = 1	Lamb = 17662	Total time = 1319	Obj = 1547.50	Pricing Time = 1
i = 517	Master Time = 1	Lamb = 17670	Total time = 1321	Obj = 1547.50	Pricing Time = 1
i = 518	Master Time = 1	Lamb = 17674	Total time = 1323	Obj = 1547.50	Pricing Time = 2
i = 519	Master Time = 0	Lamb = 17681	Total time = 1326	Obj = 1547.50	Pricing Time = 2
i = 520	Master Time = 0	Lamb = 17689	Total time = 1328	Obj = 1547.50	Pricing Time = 2
i = 521	Master Time = 1	Lamb = 17697	Total time = 1331	Obj = 1547.50	Pricing Time = 2
i = 522	Master Time = 0	Lamb = 17704	Total time = 1333	Obj = 1547.50	Pricing Time = 2
i = 523	Master Time = 1	Lamb = 17710	Total time = 1335	Obj = 1547.50	Pricing Time = 1
i = 524	Master Time = 1	Lamb = 17717	Total time = 1337	Obj = 1547.50	Pricing Time = 2
i = 525	Master Time = 1	Lamb = 17719	Total time = 1340	Obj = 1547.50	Pricing Time = 1
i = 526	Master Time = 0	Lamb = 17721	Total time = 1342	Obj = 1547.50	Pricing Time = 2
--------------------------------------
n035w4_0_5-9-5-6
X fix to 1: 413
X fix to 0: 5
Fractional X remaining: 30 | min(0.4999999999997178, 0.5000000000001652)
--------------------------------------
i = 527	Master Time = 1	Lamb = 17721	Total time = 1344	Obj = 1561.67	Pricing Time = 1
i = 528	Master Time = 0	Lamb = 17734	Total time = 1345	Obj = 1557.50	Pricing Time = 2
i = 529	Master Time = 0	Lamb = 17739	Total time = 1348	Obj = 1557.50	Pricing Time = 1
i = 530	Master Time = 0	Lamb = 17749	Total time = 1349	Obj = 1557.50	Pricing Time = 1
i = 531	Master Time = 0	Lamb = 17753	Total time = 1351	Obj = 1557.50	Pricing Time = 2
i = 532	Master Time = 0	Lamb = 17758	Total time = 1353	Obj = 1557.50	Pricing Time = 2
i = 533	Master Time = 0	Lamb = 17762	Total time = 1355	Obj = 1557.50	Pricing Time = 2
i = 534	Master Time = 0	Lamb = 17772	Total time = 1357	Obj = 1557.50	Pricing Time = 2
i = 535	Master Time = 0	Lamb = 17775	Total time = 1358	Obj = 1557.50	Pricing Time = 2
i = 536	Master Time = 0	Lamb = 17778	Total time = 1361	Obj = 1557.50	Pricing Time = 2
i = 537	Master Time = 0	Lamb = 17783	Total time = 1363	Obj = 1557.50	Pricing Time = 2
i = 538	Master Time = 0	Lamb = 17786	Total time = 1365	Obj = 1557.50	Pricing Time = 2
i = 539	Master Time = 0	Lamb = 17789	Total time = 1367	Obj = 1557.50	Pricing Time = 2
i = 540	Master Time = 0	Lamb = 17791	Total time = 1369	Obj = 1557.50	Pricing Time = 2
i = 541	Master Time = 0	Lamb = 17793	Total time = 1371	Obj = 1557.50	Pricing Time = 2
i = 542	Master Time = 0	Lamb = 17794	Total time = 1373	Obj = 1557.50	Pricing Time = 2
i = 543	Master Time = 0	Lamb = 17796	Total time = 1375	Obj = 1557.50	Pricing Time = 2
i = 544	Master Time = 0	Lamb = 17797	Total time = 1377	Obj = 1557.50	Pricing Time = 2
i = 545	Master Time = 0	Lamb = 17799	Total time = 1379	Obj = 1557.50	Pricing Time = 2
i = 546	Master Time = 0	Lamb = 17802	Total time = 1381	Obj = 1557.50	Pricing Time = 2
--------------------------------------
n035w4_0_5-9-5-6
X fix to 1: 414
X fix to 0: 5
Fractional X remaining: 37 | min(0.5, 0.5)
--------------------------------------
i = 547	Master Time = 0	Lamb = 17802	Total time = 1383	Obj = 1567.50	Pricing Time = 2
i = 548	Master Time = 0	Lamb = 17805	Total time = 1385	Obj = 1567.50	Pricing Time = 2
i = 549	Master Time = 0	Lamb = 17807	Total time = 1387	Obj = 1567.50	Pricing Time = 2
i = 550	Master Time = 0	Lamb = 17808	Total time = 1389	Obj = 1567.50	Pricing Time = 2
i = 551	Master Time = 0	Lamb = 17810	Total time = 1391	Obj = 1562.50	Pricing Time = 2
i = 552	Master Time = 1	Lamb = 17814	Total time = 1393	Obj = 1562.50	Pricing Time = 1
i = 553	Master Time = 1	Lamb = 17816	Total time = 1395	Obj = 1562.50	Pricing Time = 2
i = 554	Master Time = 0	Lamb = 17818	Total time = 1397	Obj = 1562.50	Pricing Time = 2
i = 555	Master Time = 0	Lamb = 17820	Total time = 1400	Obj = 1562.50	Pricing Time = 2
i = 556	Master Time = 0	Lamb = 17821	Total time = 1402	Obj = 1562.50	Pricing Time = 2
--------------------------------------
n035w4_0_5-9-5-6
X fix to 1: 415
X fix to 0: 5
Fractional X remaining: 32 | min(0.5, 0.5)
--------------------------------------
i = 557	Master Time = 1	Lamb = 17821	Total time = 1404	Obj = 1572.50	Pricing Time = 1
i = 558	Master Time = 1	Lamb = 17828	Total time = 1406	Obj = 1572.50	Pricing Time = 1
i = 559	Master Time = 1	Lamb = 17832	Total time = 1408	Obj = 1572.50	Pricing Time = 1
i = 560	Master Time = 0	Lamb = 17833	Total time = 1411	Obj = 1572.50	Pricing Time = 2
i = 561	Master Time = 0	Lamb = 17837	Total time = 1413	Obj = 1572.50	Pricing Time = 2
i = 562	Master Time = 0	Lamb = 17841	Total time = 1415	Obj = 1572.50	Pricing Time = 2
i = 563	Master Time = 0	Lamb = 17842	Total time = 1417	Obj = 1572.50	Pricing Time = 2
--------------------------------------
n035w4_0_5-9-5-6
X fix to 1: 416
X fix to 0: 6
Fractional X remaining: 23 | min(0.49999999999999756, 0.5000000000000024)
--------------------------------------
i = 564	Master Time = 1	Lamb = 17842	Total time = 1419	Obj = 1595.00	Pricing Time = 1
i = 565	Master Time = 1	Lamb = 17860	Total time = 1421	Obj = 1595.00	Pricing Time = 1
i = 566	Master Time = 1	Lamb = 17868	Total time = 1423	Obj = 1595.00	Pricing Time = 1
i = 567	Master Time = 1	Lamb = 17879	Total time = 1426	Obj = 1595.00	Pricing Time = 2
i = 568	Master Time = 0	Lamb = 17891	Total time = 1427	Obj = 1595.00	Pricing Time = 1
i = 569	Master Time = 1	Lamb = 17906	Total time = 1429	Obj = 1595.00	Pricing Time = 1
i = 570	Master Time = 1	Lamb = 17911	Total time = 1431	Obj = 1595.00	Pricing Time = 1
i = 571	Master Time = 1	Lamb = 17913	Total time = 1433	Obj = 1595.00	Pricing Time = 1
i = 572	Master Time = 1	Lamb = 17920	Total time = 1435	Obj = 1590.00	Pricing Time = 1
i = 573	Master Time = 1	Lamb = 17934	Total time = 1437	Obj = 1590.00	Pricing Time = 1
i = 574	Master Time = 1	Lamb = 17941	Total time = 1439	Obj = 1590.00	Pricing Time = 1
i = 575	Master Time = 0	Lamb = 17944	Total time = 1441	Obj = 1590.00	Pricing Time = 2
i = 576	Master Time = 0	Lamb = 17947	Total time = 1443	Obj = 1590.00	Pricing Time = 2
i = 577	Master Time = 0	Lamb = 17953	Total time = 1445	Obj = 1590.00	Pricing Time = 2
i = 578	Master Time = 0	Lamb = 17962	Total time = 1447	Obj = 1590.00	Pricing Time = 2
i = 579	Master Time = 0	Lamb = 17968	Total time = 1449	Obj = 1590.00	Pricing Time = 2
i = 580	Master Time = 0	Lamb = 17971	Total time = 1450	Obj = 1590.00	Pricing Time = 2
i = 581	Master Time = 0	Lamb = 17973	Total time = 1453	Obj = 1590.00	Pricing Time = 2
i = 582	Master Time = 0	Lamb = 17977	Total time = 1455	Obj = 1590.00	Pricing Time = 2
i = 583	Master Time = 0	Lamb = 17980	Total time = 1457	Obj = 1590.00	Pricing Time = 2
i = 584	Master Time = 0	Lamb = 17982	Total time = 1459	Obj = 1590.00	Pricing Time = 2
i = 585	Master Time = 1	Lamb = 17990	Total time = 1461	Obj = 1590.00	Pricing Time = 1
i = 586	Master Time = 1	Lamb = 17995	Total time = 1463	Obj = 1590.00	Pricing Time = 1
i = 587	Master Time = 0	Lamb = 17998	Total time = 1465	Obj = 1590.00	Pricing Time = 1
i = 588	Master Time = 1	Lamb = 18003	Total time = 1467	Obj = 1590.00	Pricing Time = 1
i = 589	Master Time = 1	Lamb = 18004	Total time = 1469	Obj = 1590.00	Pricing Time = 1
i = 590	Master Time = 1	Lamb = 18005	Total time = 1471	Obj = 1590.00	Pricing Time = 1
i = 591	Master Time = 0	Lamb = 18006	Total time = 1473	Obj = 1590.00	Pricing Time = 2
--------------------------------------
n035w4_0_5-9-5-6
X fix to 1: 417
X fix to 0: 6
Fractional X remaining: 48 | min(0.5, 0.5)
--------------------------------------
i = 592	Master Time = 0	Lamb = 18006	Total time = 1475	Obj = 1590.00	Pricing Time = 2

n035w4_0_5-9-5-6
Integer solution found

Printing SHIFT allocations
HN_0   |-|-|E|E|E|-|-| |-|N|N|N|N|-|-| |-|E|E|E|E|-|-| |-|-|-|E|E|L|L|
HN_1   |L|L|-|-|E|E|E| |E|-|-|-|L|L|L| |L|L|-|-|-|-|-| |N|N|N|N|-|-|-|
HN_2   |E|E|-|-|-|-|-| |D|D|D|E|E|-|-| |-|-|-|D|D|D|E| |E|-|-|-|L|L|L|
HN_3   |E|E|D|D|D|-|-| |-|-|-|D|D|D|D| |D|-|-|-|N|N|N| |N|N|-|-|-|-|-|
HN_4   |L|L|L|-|-|-|-| |L|L|L|L|-|-|-| |L|L|L|-|-|-|-| |L|L|L|-|-|-|-|
HN_5   |N|-|-|-|N|N|N| |N|N|-|-|-|-|-| |N|N|N|N|N|-|-| |-|-|E|E|E|-|-|
NU_6   |D|D|-|-|-|D|D| |E|E|E|-|-|-|-| |D|D|D|E|E|-|-| |-|-|N|N|N|N|N|
NU_7   |D|D|D|-|-|-|-| |N|N|N|N|N|-|-| |-|-|-|D|D|D|E| |E|-|-|-|E|E|D|
NU_8   |N|-|-|D|D|D|D| |D|-|-|D|D|E|E| |-|-|D|D|D|-|-| |D|D|D|L|L|-|-|
NU_9   |N|N|-|-|L|L|L| |-|-|L|L|L|-|-| |L|L|L|L|L|-|-| |L|L|L|L|L|-|-|
NU_10  |N|N|N|N|N|-|-| |-|-|-|D|D|D|D| |D|-|-|-|L|L|L| |L|L|-|-|-|-|-|
NU_11  |-|-|E|E|E|-|-| |-|E|E|E|-|-|-| |E|E|E|D|D|-|-| |-|-|E|E|E|-|-|
NU_12  |-|-|L|L|L|-|-| |-|-|-|-|E|E|L| |L|L|-|-|-|-|-| |L|L|L|-|-|-|-|
NU_13  |-|-|N|N|N|-|-| |-|-|E|E|E|-|-| |-|-|L|L|L|-|-| |-|-|-|D|D|D|E|
NU_14  |E|E|E|-|-|-|-| |E|E|E|-|-|-|-| |E|E|E|-|-|-|-| |E|E|E|-|-|-|-|
NU_15  |L|L|N|N|N|-|-| |-|-|-|N|N|N|N| |N|-|-|-|N|N|N| |N|N|-|-|-|-|-|
NU_16  |N|N|N|N|N|-|-| |-|-|-|N|N|N|N| |N|-|-|-|E|E|D| |D|D|-|-|-|-|-|
CT_17  |L|L|-|-|D|D|D| |D|-|-|E|E|E|E| |-|-|L|L|L|-|-| |E|E|L|L|L|-|-|
CT_18  |L|L|L|L|L|-|-| |E|E|L|L|L|-|-| |N|N|N|N|N|-|-| |D|D|D|-|-|D|D|
CT_19  |L|L|L|-|-|-|-| |D|D|D|D|-|-|-| |L|L|L|-|-|-|-| |D|D|D|-|-|-|-|
CT_20  |-|-|L|L|L|-|-| |N|N|N|N|N|-|-| |N|N|N|N|N|-|-| |E|E|E|D|D|-|-|
CT_21  |-|E|E|D|D|-|-| |-|-|D|D|D|-|-| |-|-|-|D|D|D|E| |E|-|-|-|E|E|E|
CT_22  |-|-|D|D|D|-|-| |-|L|L|L|-|-|-| |E|E|E|-|-|-|-| |-|N|N|N|N|-|-|
CT_23  |D|-|-|-|-|E|E| |L|L|-|-|-|-|-| |D|D|D|-|-|-|-| |-|N|N|N|N|-|-|
CT_24  |-|-|-|-|N|N|N| |N|N|-|-|-|-|-| |N|N|N|N|N|-|-| |-|-|N|N|N|N|N|
CT_25  |N|N|-|-|L|L|L| |L|L|-|-|L|L|L| |L|L|-|-|L|L|L| |L|L|-|-|L|L|L|
CT_26  |E|E|E|-|-|-|-| |L|L|L|-|-|-|-| |E|E|E|-|-|-|-| |E|E|E|-|-|-|-|
CT_27  |D|D|D|-|-|-|-| |D|D|D|D|-|-|-| |D|D|D|-|-|-|-| |-|D|D|D|-|-|-|
CT_28  |-|-|E|E|E|-|-| |-|-|L|L|L|-|-| |-|-|E|E|E|-|-| |-|-|-|D|D|E|E|
TR_29  |E|D|D|-|-|-|D| |D|D|L|L|-|-|-| |-|L|L|L|-|-|-| |-|-|L|L|L|-|-|
TR_30  |-|-|E|E|E|E|E| |-|-|E|E|E|D|D| |-|-|E|E|E|-|-| |N|N|N|N|N|-|-|
TR_31  |-|-|-|D|D|D|L| |L|-|-|-|L|L|N| |N|N|-|-|N|N|N| |N|N|-|-|-|-|-|
TR_32  |N|N|-|-|N|N|N| |N|N|-|-|E|E|E| |E|-|-|D|D|D|L| |L|-|-|D|D|D|N|
TR_33  |-|L|L|L|-|-|-| |-|-|D|D|D|-|-| |D|D|E|E|-|-|D| |D|D|-|-|E|E|E|
TR_34  |D|D|E|E|-|-|-| |-|-|N|N|N|-|-| |E|D|D|-|-|E|E| |E|-|-|-|E|E|D|
Total assignment constraints: 660
Consecutive constraints: 180
Non working days constraints: 30
Preferences: 30
Max working weekend: 150
Complete weekends: 60
Optimal coverage constraints: 480
TOTAL = 1590
